2021-12-28 10:55:46,433 - root - DEBUG - Opening watch face 'E:\Codez\zepp-bipupro-wf\d4b5975dec258609539b5856170ea3aa.bin'
2021-12-28 10:55:46,446 - root - DEBUG - Reading parameters...
2021-12-28 10:55:46,446 - root - INFO - Reading header...
2021-12-28 10:55:46,448 - root - INFO - Header was read:
2021-12-28 10:55:46,448 - root - INFO - Signature: b'UIHH\x01\x00\xff', Unknown: 88, ParametersSize: 61, isValid: True, deviceId: 71
2021-12-28 10:55:46,448 - root - INFO - Reading parameter offsets...
2021-12-28 10:55:46,448 - root - INFO - Parameter offsets were read from file
2021-12-28 10:55:46,448 - root - INFO - Reading parameters descriptor...
2021-12-28 10:55:46,448 - root - INFO - 1 ( A): 5 bytes
2021-12-28 10:55:46,448 - root - INFO -     1 ( 8): 294 126
2021-12-28 10:55:46,449 - root - INFO -     2 (10): 78 4E
2021-12-28 10:55:46,449 - root - INFO - getParameters descriptor was read:
2021-12-28 10:55:46,449 - root - INFO - ParametersTableLength: 294, ImagesCount: 78
2021-12-28 10:55:46,449 - root - INFO - Reading parameters locations...
2021-12-28 10:55:46,449 - root - INFO - 2 (12): 4 bytes
2021-12-28 10:55:46,449 - root - INFO -     1 ( 8): 0  0
2021-12-28 10:55:46,449 - root - INFO -     2 (10): 32 20
2021-12-28 10:55:46,450 - root - INFO - 3 (1A): 4 bytes
2021-12-28 10:55:46,450 - root - INFO -     1 ( 8): 32 20
2021-12-28 10:55:46,451 - root - INFO -     2 (10): 52 34
2021-12-28 10:55:46,451 - root - INFO - 4 (22): 5 bytes
2021-12-28 10:55:46,451 - root - INFO -     1 ( 8): 149 95
2021-12-28 10:55:46,451 - root - INFO -     2 (10): 88 58
2021-12-28 10:55:46,451 - root - INFO - 5 (2A): 4 bytes
2021-12-28 10:55:46,451 - root - INFO -     1 ( 8): 84 54
2021-12-28 10:55:46,451 - root - INFO -     2 (10): 65 41
2021-12-28 10:55:46,451 - root - INFO - 9 (4A): 5 bytes
2021-12-28 10:55:46,451 - root - INFO -     1 ( 8): 248 F8
2021-12-28 10:55:46,451 - root - INFO -     2 (10): 24 18
2021-12-28 10:55:46,452 - root - INFO - 12 (62): 5 bytes
2021-12-28 10:55:46,452 - root - INFO -     1 ( 8): 237 ED
2021-12-28 10:55:46,452 - root - INFO -     2 (10): 11  B
2021-12-28 10:55:46,452 - root - INFO - 15 (7A): 5 bytes
2021-12-28 10:55:46,452 - root - INFO -     1 ( 8): 272 110
2021-12-28 10:55:46,452 - root - INFO -     2 (10): 11  B
2021-12-28 10:55:46,452 - root - INFO - 23 (BA): 5 bytes
2021-12-28 10:55:46,452 - root - INFO -     1 ( 8): 283 11B
2021-12-28 10:55:46,452 - root - INFO -     2 (10): 11  B
2021-12-28 10:55:46,452 - root - INFO - Watch face parameters locations were read:
2021-12-28 10:55:46,456 - root - INFO - Reading descriptor for parameter 2
2021-12-28 10:55:46,457 - root - INFO - Descriptor offset: 0, Descriptor length: 32
2021-12-28 10:55:46,457 - root - INFO - Parsing descriptor for parameter 2...
2021-12-28 10:55:46,457 - root - INFO - 1 ( A): 6 bytes
2021-12-28 10:55:46,457 - root - INFO -     1 ( 8): 0  0
2021-12-28 10:55:46,457 - root - INFO -     2 (10): 0  0
2021-12-28 10:55:46,457 - root - INFO -     3 (18): 3  3
2021-12-28 10:55:46,457 - root - INFO - 3 (1A): 6 bytes
2021-12-28 10:55:46,458 - root - INFO -     1 ( 8): 0  0
2021-12-28 10:55:46,458 - root - INFO -     2 (10): 0  0
2021-12-28 10:55:46,458 - root - INFO -     3 (18): 1  1
2021-12-28 10:55:46,458 - root - INFO - 4 (22): 6 bytes
2021-12-28 10:55:46,458 - root - INFO -     1 ( 8): 0  0
2021-12-28 10:55:46,458 - root - INFO -     2 (10): 0  0
2021-12-28 10:55:46,458 - root - INFO -     3 (18): 2  2
2021-12-28 10:55:46,458 - root - INFO - 5 (2A): 6 bytes
2021-12-28 10:55:46,458 - root - INFO -     1 ( 8): 0  0
2021-12-28 10:55:46,458 - root - INFO -     2 (10): 0  0
2021-12-28 10:55:46,458 - root - INFO -     3 (18): 0  0
2021-12-28 10:55:46,461 - root - INFO - Reading descriptor for parameter 3
2021-12-28 10:55:46,461 - root - INFO - Descriptor offset: 32, Descriptor length: 52
2021-12-28 10:55:46,461 - root - INFO - Parsing descriptor for parameter 3...
2021-12-28 10:55:46,461 - root - INFO - 1 ( A): 50 bytes
2021-12-28 10:55:46,461 - root - INFO -     1 ( A): 20 bytes
2021-12-28 10:55:46,461 - root - INFO -         1 ( A): 8 bytes
2021-12-28 10:55:46,462 - root - INFO -             1 ( 8): 20 14
2021-12-28 10:55:46,462 - root - INFO -             2 (10): 71 47
2021-12-28 10:55:46,462 - root - INFO -             3 (18): 4  4
2021-12-28 10:55:46,462 - root - INFO -             4 (20): 10  A
2021-12-28 10:55:46,462 - root - INFO -         2 (12): 8 bytes
2021-12-28 10:55:46,462 - root - INFO -             1 ( 8): 77 4D
2021-12-28 10:55:46,462 - root - INFO -             2 (10): 71 47
2021-12-28 10:55:46,462 - root - INFO -             3 (18): 4  4
2021-12-28 10:55:46,462 - root - INFO -             4 (20): 10  A
2021-12-28 10:55:46,463 - root - INFO -     2 (12): 22 bytes
2021-12-28 10:55:46,463 - root - INFO -         1 ( A): 9 bytes
2021-12-28 10:55:46,463 - root - INFO -             1 ( 8): 173 AD
2021-12-28 10:55:46,463 - root - INFO -             2 (10): 71 47
2021-12-28 10:55:46,463 - root - INFO -             3 (18): 4  4
2021-12-28 10:55:46,463 - root - INFO -             4 (20): 10  A
2021-12-28 10:55:46,463 - root - INFO -         2 (12): 9 bytes
2021-12-28 10:55:46,463 - root - INFO -             1 ( 8): 230 E6
2021-12-28 10:55:46,463 - root - INFO -             2 (10): 71 47
2021-12-28 10:55:46,464 - root - INFO -             3 (18): 4  4
2021-12-28 10:55:46,464 - root - INFO -             4 (20): 10  A
2021-12-28 10:55:46,464 - root - INFO -     7 (38): 0  0
2021-12-28 10:55:46,464 - root - INFO -     8 (40): 1  1
2021-12-28 10:55:46,465 - root - INFO - Reading descriptor for parameter 4
2021-12-28 10:55:46,465 - root - INFO - Descriptor offset: 149, Descriptor length: 88
2021-12-28 10:55:46,465 - root - INFO - Parsing descriptor for parameter 4...
2021-12-28 10:55:46,465 - root - INFO - 3 (1A): 26 bytes
2021-12-28 10:55:46,465 - root - INFO -     1 ( A): 22 bytes
2021-12-28 10:55:46,465 - root - INFO -         1 ( 8): 185 B9
2021-12-28 10:55:46,465 - root - INFO -         2 (10): 262 106
2021-12-28 10:55:46,465 - root - INFO -         3 (18): 281 119
2021-12-28 10:55:46,466 - root - INFO -         4 (20): 289 121
2021-12-28 10:55:46,466 - root - INFO -         5 (28): 18 12
2021-12-28 10:55:46,466 - root - INFO -         6 (30): 1  1
2021-12-28 10:55:46,466 - root - INFO -         7 (38): 0  0
2021-12-28 10:55:46,466 - root - INFO -         8 (40): 45 2D
2021-12-28 10:55:46,466 - root - INFO -         9 (48): 10  A
2021-12-28 10:55:46,466 - root - INFO -     2 (10): 55 37
2021-12-28 10:55:46,466 - root - INFO - 4 (22): 28 bytes
2021-12-28 10:55:46,466 - root - INFO -     1 ( A): 22 bytes
2021-12-28 10:55:46,466 - root - INFO -         1 ( 8): 185 B9
2021-12-28 10:55:46,466 - root - INFO -         2 (10): 218 DA
2021-12-28 10:55:46,466 - root - INFO -         3 (18): 269 10D
2021-12-28 10:55:46,467 - root - INFO -         4 (20): 245 F5
2021-12-28 10:55:46,467 - root - INFO -         5 (28): 18 12
2021-12-28 10:55:46,467 - root - INFO -         6 (30): 1  1
2021-12-28 10:55:46,467 - root - INFO -         7 (38): 0  0
2021-12-28 10:55:46,467 - root - INFO -         8 (40): 45 2D
2021-12-28 10:55:46,467 - root - INFO -         9 (48): 10  A
2021-12-28 10:55:46,467 - root - INFO -     3 (18): 56 38
2021-12-28 10:55:46,467 - root - INFO -     4 (20): 57 39
2021-12-28 10:55:46,467 - root - INFO - 6 (32): 26 bytes
2021-12-28 10:55:46,467 - root - INFO -     1 ( A): 22 bytes
2021-12-28 10:55:46,468 - root - INFO -         1 ( 8): 185 B9
2021-12-28 10:55:46,468 - root - INFO -         2 (10): 174 AE
2021-12-28 10:55:46,469 - root - INFO -         3 (18): 257 101
2021-12-28 10:55:46,469 - root - INFO -         4 (20): 201 C9
2021-12-28 10:55:46,470 - root - INFO -         5 (28): 18 12
2021-12-28 10:55:46,470 - root - INFO -         6 (30): 1  1
2021-12-28 10:55:46,470 - root - INFO -         7 (38): 0  0
2021-12-28 10:55:46,470 - root - INFO -         8 (40): 45 2D
2021-12-28 10:55:46,470 - root - INFO -         9 (48): 10  A
2021-12-28 10:55:46,470 - root - INFO -     2 (10): 58 3A
2021-12-28 10:55:46,470 - root - INFO - 7 (38): 0  0
2021-12-28 10:55:46,480 - root - INFO - Reading descriptor for parameter 5
2021-12-28 10:55:46,480 - root - INFO - Descriptor offset: 84, Descriptor length: 65
2021-12-28 10:55:46,480 - root - INFO - Parsing descriptor for parameter 5...
2021-12-28 10:55:46,480 - root - INFO - 1 ( A): 30 bytes
2021-12-28 10:55:46,480 - root - INFO -     1 ( A): 22 bytes
2021-12-28 10:55:46,481 - root - INFO -         4 (22): 20 bytes
2021-12-28 10:55:46,481 - root - INFO -             1 ( 8): 191 BF
2021-12-28 10:55:46,481 - root - INFO -             2 (10): 29 1D
2021-12-28 10:55:46,481 - root - INFO -             3 (18): 217 D9
2021-12-28 10:55:46,481 - root - INFO -             4 (20): 56 38
2021-12-28 10:55:46,481 - root - INFO -             5 (28): 18 12
2021-12-28 10:55:46,481 - root - INFO -             6 (30): 1  1
2021-12-28 10:55:46,481 - root - INFO -             7 (38): 0  0
2021-12-28 10:55:46,481 - root - INFO -             8 (40): 14  E
2021-12-28 10:55:46,482 - root - INFO -             9 (48): 10  A
2021-12-28 10:55:46,482 - root - INFO -     4 (20): 1  1
2021-12-28 10:55:46,482 - root - INFO -     5 (28): 1  1
2021-12-28 10:55:46,482 - root - INFO -     6 (30): 0  0
2021-12-28 10:55:46,482 - root - INFO - 4 (22): 9 bytes
2021-12-28 10:55:46,482 - root - INFO -     1 ( 8): 220 DC
2021-12-28 10:55:46,482 - root - INFO -     2 (10): 29 1D
2021-12-28 10:55:46,482 - root - INFO -     3 (18): 24 18
2021-12-28 10:55:46,482 - root - INFO -     4 (20): 7  7
2021-12-28 10:55:46,482 - root - INFO - 5 (2A): 9 bytes
2021-12-28 10:55:46,482 - root - INFO -     1 ( 8): 220 DC
2021-12-28 10:55:46,483 - root - INFO -     2 (10): 29 1D
2021-12-28 10:55:46,483 - root - INFO -     3 (18): 38 26
2021-12-28 10:55:46,483 - root - INFO -     4 (20): 7  7
2021-12-28 10:55:46,483 - root - INFO - 6 (32): 9 bytes
2021-12-28 10:55:46,483 - root - INFO -     1 ( 8): 220 DC
2021-12-28 10:55:46,483 - root - INFO -     2 (10): 29 1D
2021-12-28 10:55:46,483 - root - INFO -     3 (18): 31 1F
2021-12-28 10:55:46,483 - root - INFO -     4 (20): 7  7
2021-12-28 10:55:46,487 - root - INFO - Reading descriptor for parameter 9
2021-12-28 10:55:46,487 - root - INFO - Descriptor offset: 248, Descriptor length: 24
2021-12-28 10:55:46,487 - root - INFO - Parsing descriptor for parameter 9...
2021-12-28 10:55:46,487 - root - INFO - 1 ( A): 22 bytes
2021-12-28 10:55:46,487 - root - INFO -     1 ( A): 18 bytes
2021-12-28 10:55:46,487 - root - INFO -         1 ( 8): 48 30
2021-12-28 10:55:46,487 - root - INFO -         2 (10): 29 1D
2021-12-28 10:55:46,487 - root - INFO -         3 (18): 99 63
2021-12-28 10:55:46,487 - root - INFO -         4 (20): 56 38
2021-12-28 10:55:46,488 - root - INFO -         5 (28): 18 12
2021-12-28 10:55:46,488 - root - INFO -         6 (30): 1  1
2021-12-28 10:55:46,488 - root - INFO -         7 (38): 0  0
2021-12-28 10:55:46,488 - root - INFO -         8 (40): 14  E
2021-12-28 10:55:46,488 - root - INFO -         9 (48): 10  A
2021-12-28 10:55:46,488 - root - INFO -     4 (20): 65 41
2021-12-28 10:55:46,492 - root - INFO - Reading descriptor for parameter 12
2021-12-28 10:55:46,493 - root - INFO - Descriptor offset: 237, Descriptor length: 11
2021-12-28 10:55:46,493 - root - INFO - Parsing descriptor for parameter 12...
2021-12-28 10:55:46,493 - root - INFO - 2 (12): 9 bytes
2021-12-28 10:55:46,493 - root - INFO -     1 ( 8): 21 15
2021-12-28 10:55:46,493 - root - INFO -     2 (10): 170 AA
2021-12-28 10:55:46,493 - root - INFO -     3 (18): 59 3B
2021-12-28 10:55:46,493 - root - INFO -     4 (20): 6  6
2021-12-28 10:55:46,498 - root - INFO - Reading descriptor for parameter 15
2021-12-28 10:55:46,498 - root - INFO - Descriptor offset: 272, Descriptor length: 11
2021-12-28 10:55:46,498 - root - INFO - Parsing descriptor for parameter 15...
2021-12-28 10:55:46,498 - root - INFO - 2 (12): 9 bytes
2021-12-28 10:55:46,498 - root - INFO -     1 ( 8): 21 15
2021-12-28 10:55:46,498 - root - INFO -     2 (10): 170 AA
2021-12-28 10:55:46,498 - root - INFO -     3 (18): 66 42
2021-12-28 10:55:46,498 - root - INFO -     4 (20): 6  6
2021-12-28 10:55:46,499 - root - INFO - Reading descriptor for parameter 23
2021-12-28 10:55:46,499 - root - INFO - Descriptor offset: 283, Descriptor length: 11
2021-12-28 10:55:46,500 - root - INFO - Parsing descriptor for parameter 23...
2021-12-28 10:55:46,500 - root - INFO - 2 (12): 9 bytes
2021-12-28 10:55:46,500 - root - INFO -     1 ( 8): 21 15
2021-12-28 10:55:46,500 - root - INFO -     2 (10): 170 AA
2021-12-28 10:55:46,500 - root - INFO -     3 (18): 72 48
2021-12-28 10:55:46,500 - root - INFO -     4 (20): 6  6
2021-12-28 10:55:46,503 - root - INFO - Reading resources offsets table with 78 elements (312 bytes)
2021-12-28 10:55:46,504 - root - INFO - Resource 0 offset: 754, length: 26470...
2021-12-28 10:55:46,504 - root - DEBUG - Reading resource 0...
2021-12-28 10:55:46,550 - root - INFO - The image is bme.
2021-12-28 10:55:46,550 - root - INFO - Reading image header(readHeader16E)...
2021-12-28 10:55:46,550 - root - INFO - Image header was read:
2021-12-28 10:55:46,550 - root - INFO - Width: 202, Height: 214, RowLength: 404
2021-12-28 10:55:46,550 - root - INFO - datalength: 26454, _step: 2
2021-12-28 10:55:46,550 - root - INFO - BPP: 16, Transparency: False
2021-12-28 10:55:46,600 - root - INFO - Resource 1 offset: 27224, length: 26456...
2021-12-28 10:55:46,601 - root - DEBUG - Reading resource 1...
2021-12-28 10:55:46,601 - root - INFO - The image is bme.
2021-12-28 10:55:46,601 - root - INFO - Reading image header(readHeader16E)...
2021-12-28 10:55:46,601 - root - INFO - Image header was read:
2021-12-28 10:55:46,601 - root - INFO - Width: 202, Height: 214, RowLength: 404
2021-12-28 10:55:46,601 - root - INFO - datalength: 26440, _step: 2
2021-12-28 10:55:46,601 - root - INFO - BPP: 16, Transparency: False
2021-12-28 10:55:46,666 - root - INFO - Resource 2 offset: 53680, length: 26502...
2021-12-28 10:55:46,666 - root - DEBUG - Reading resource 2...
2021-12-28 10:55:46,666 - root - INFO - The image is bme.
2021-12-28 10:55:46,666 - root - INFO - Reading image header(readHeader16E)...
2021-12-28 10:55:46,666 - root - INFO - Image header was read:
2021-12-28 10:55:46,666 - root - INFO - Width: 202, Height: 214, RowLength: 404
2021-12-28 10:55:46,666 - root - INFO - datalength: 26486, _step: 2
2021-12-28 10:55:46,666 - root - INFO - BPP: 16, Transparency: False
2021-12-28 10:55:46,716 - root - INFO - Resource 3 offset: 80182, length: 193296...
2021-12-28 10:55:46,716 - root - DEBUG - Reading resource 3...
2021-12-28 10:55:46,716 - root - INFO - The image is bmc.
2021-12-28 10:55:46,716 - root - INFO - Reading image header(readHeader16C)...
2021-12-28 10:55:46,717 - root - INFO - Image header was read:
2021-12-28 10:55:46,717 - root - INFO - Width: 302, Height: 320, RowLength: 604
2021-12-28 10:55:46,717 - root - INFO - _step: 2, unknown2: 0,
2021-12-28 10:55:46,717 - root - INFO - BPP: 16, Transparency: False
2021-12-28 10:55:47,116 - root - INFO - Resource 4 offset: 273478, length: 4960...
2021-12-28 10:55:47,116 - root - DEBUG - Reading resource 4...
2021-12-28 10:55:47,116 - root - INFO - The image is bme.
2021-12-28 10:55:47,117 - root - INFO - Reading image header(readHeader16E)...
2021-12-28 10:55:47,117 - root - INFO - Image header was read:
2021-12-28 10:55:47,117 - root - INFO - Width: 52, Height: 78, RowLength: 104
2021-12-28 10:55:47,117 - root - INFO - datalength: 4944, _step: 2
2021-12-28 10:55:47,117 - root - INFO - BPP: 16, Transparency: False
2021-12-28 10:55:47,127 - root - INFO - Resource 5 offset: 278438, length: 2742...
2021-12-28 10:55:47,128 - root - DEBUG - Reading resource 5...
2021-12-28 10:55:47,128 - root - INFO - The image is bme.
2021-12-28 10:55:47,128 - root - INFO - Reading image header(readHeader16E)...
2021-12-28 10:55:47,128 - root - INFO - Image header was read:
2021-12-28 10:55:47,128 - root - INFO - Width: 52, Height: 78, RowLength: 104
2021-12-28 10:55:47,128 - root - INFO - datalength: 2726, _step: 2
2021-12-28 10:55:47,128 - root - INFO - BPP: 16, Transparency: False
2021-12-28 10:55:47,133 - root - INFO - Resource 6 offset: 281180, length: 4152...
2021-12-28 10:55:47,133 - root - DEBUG - Reading resource 6...
2021-12-28 10:55:47,133 - root - INFO - The image is bme.
2021-12-28 10:55:47,133 - root - INFO - Reading image header(readHeader16E)...
2021-12-28 10:55:47,133 - root - INFO - Image header was read:
2021-12-28 10:55:47,133 - root - INFO - Width: 52, Height: 78, RowLength: 104
2021-12-28 10:55:47,133 - root - INFO - datalength: 4136, _step: 2
2021-12-28 10:55:47,134 - root - INFO - BPP: 16, Transparency: False
2021-12-28 10:55:47,142 - root - INFO - Resource 7 offset: 285332, length: 4020...
2021-12-28 10:55:47,142 - root - DEBUG - Reading resource 7...
2021-12-28 10:55:47,142 - root - INFO - The image is bme.
2021-12-28 10:55:47,142 - root - INFO - Reading image header(readHeader16E)...
2021-12-28 10:55:47,142 - root - INFO - Image header was read:
2021-12-28 10:55:47,142 - root - INFO - Width: 52, Height: 78, RowLength: 104
2021-12-28 10:55:47,142 - root - INFO - datalength: 4004, _step: 2
2021-12-28 10:55:47,143 - root - INFO - BPP: 16, Transparency: False
2021-12-28 10:55:47,151 - root - INFO - Resource 8 offset: 289352, length: 3904...
2021-12-28 10:55:47,151 - root - DEBUG - Reading resource 8...
2021-12-28 10:55:47,151 - root - INFO - The image is bme.
2021-12-28 10:55:47,151 - root - INFO - Reading image header(readHeader16E)...
2021-12-28 10:55:47,151 - root - INFO - Image header was read:
2021-12-28 10:55:47,151 - root - INFO - Width: 52, Height: 78, RowLength: 104
2021-12-28 10:55:47,151 - root - INFO - datalength: 3888, _step: 2
2021-12-28 10:55:47,151 - root - INFO - BPP: 16, Transparency: False
2021-12-28 10:55:47,160 - root - INFO - Resource 9 offset: 293256, length: 4774...
2021-12-28 10:55:47,161 - root - DEBUG - Reading resource 9...
2021-12-28 10:55:47,161 - root - INFO - The image is bme.
2021-12-28 10:55:47,161 - root - INFO - Reading image header(readHeader16E)...
2021-12-28 10:55:47,161 - root - INFO - Image header was read:
2021-12-28 10:55:47,161 - root - INFO - Width: 52, Height: 78, RowLength: 104
2021-12-28 10:55:47,161 - root - INFO - datalength: 4758, _step: 2
2021-12-28 10:55:47,161 - root - INFO - BPP: 16, Transparency: False
2021-12-28 10:55:47,171 - root - INFO - Resource 10 offset: 298030, length: 4286...
2021-12-28 10:55:47,172 - root - DEBUG - Reading resource 10...
2021-12-28 10:55:47,172 - root - INFO - The image is bme.
2021-12-28 10:55:47,172 - root - INFO - Reading image header(readHeader16E)...
2021-12-28 10:55:47,172 - root - INFO - Image header was read:
2021-12-28 10:55:47,172 - root - INFO - Width: 52, Height: 78, RowLength: 104
2021-12-28 10:55:47,172 - root - INFO - datalength: 4270, _step: 2
2021-12-28 10:55:47,172 - root - INFO - BPP: 16, Transparency: False
2021-12-28 10:55:47,180 - root - INFO - Resource 11 offset: 302316, length: 3600...
2021-12-28 10:55:47,180 - root - DEBUG - Reading resource 11...
2021-12-28 10:55:47,180 - root - INFO - The image is bme.
2021-12-28 10:55:47,180 - root - INFO - Reading image header(readHeader16E)...
2021-12-28 10:55:47,180 - root - INFO - Image header was read:
2021-12-28 10:55:47,180 - root - INFO - Width: 52, Height: 78, RowLength: 104
2021-12-28 10:55:47,180 - root - INFO - datalength: 3584, _step: 2
2021-12-28 10:55:47,180 - root - INFO - BPP: 16, Transparency: False
2021-12-28 10:55:47,189 - root - INFO - Resource 12 offset: 305916, length: 5200...
2021-12-28 10:55:47,189 - root - DEBUG - Reading resource 12...
2021-12-28 10:55:47,189 - root - INFO - The image is bme.
2021-12-28 10:55:47,189 - root - INFO - Reading image header(readHeader16E)...
2021-12-28 10:55:47,189 - root - INFO - Image header was read:
2021-12-28 10:55:47,189 - root - INFO - Width: 52, Height: 78, RowLength: 104
2021-12-28 10:55:47,189 - root - INFO - datalength: 5184, _step: 2
2021-12-28 10:55:47,189 - root - INFO - BPP: 16, Transparency: False
2021-12-28 10:55:47,201 - root - INFO - Resource 13 offset: 311116, length: 4278...
2021-12-28 10:55:47,201 - root - DEBUG - Reading resource 13...
2021-12-28 10:55:47,201 - root - INFO - The image is bme.
2021-12-28 10:55:47,201 - root - INFO - Reading image header(readHeader16E)...
2021-12-28 10:55:47,201 - root - INFO - Image header was read:
2021-12-28 10:55:47,201 - root - INFO - Width: 52, Height: 78, RowLength: 104
2021-12-28 10:55:47,201 - root - INFO - datalength: 4262, _step: 2
2021-12-28 10:55:47,201 - root - INFO - BPP: 16, Transparency: False
2021-12-28 10:55:47,212 - root - INFO - Resource 14 offset: 315394, length: 462...
2021-12-28 10:55:47,212 - root - DEBUG - Reading resource 14...
2021-12-28 10:55:47,212 - root - INFO - The image is bme.
2021-12-28 10:55:47,212 - root - INFO - Reading image header(readHeader16E)...
2021-12-28 10:55:47,212 - root - INFO - Image header was read:
2021-12-28 10:55:47,212 - root - INFO - Width: 12, Height: 27, RowLength: 24
2021-12-28 10:55:47,212 - root - INFO - datalength: 446, _step: 2
2021-12-28 10:55:47,212 - root - INFO - BPP: 16, Transparency: False
2021-12-28 10:55:47,213 - root - INFO - Resource 15 offset: 315856, length: 262...
2021-12-28 10:55:47,213 - root - DEBUG - Reading resource 15...
2021-12-28 10:55:47,213 - root - INFO - The image is bme.
2021-12-28 10:55:47,213 - root - INFO - Reading image header(readHeader16E)...
2021-12-28 10:55:47,213 - root - INFO - Image header was read:
2021-12-28 10:55:47,213 - root - INFO - Width: 12, Height: 27, RowLength: 24
2021-12-28 10:55:47,213 - root - INFO - datalength: 246, _step: 2
2021-12-28 10:55:47,214 - root - INFO - BPP: 16, Transparency: False
2021-12-28 10:55:47,214 - root - INFO - Resource 16 offset: 316118, length: 370...
2021-12-28 10:55:47,214 - root - DEBUG - Reading resource 16...
2021-12-28 10:55:47,214 - root - INFO - The image is bme.
2021-12-28 10:55:47,214 - root - INFO - Reading image header(readHeader16E)...
2021-12-28 10:55:47,214 - root - INFO - Image header was read:
2021-12-28 10:55:47,214 - root - INFO - Width: 12, Height: 27, RowLength: 24
2021-12-28 10:55:47,214 - root - INFO - datalength: 354, _step: 2
2021-12-28 10:55:47,214 - root - INFO - BPP: 16, Transparency: False
2021-12-28 10:55:47,215 - root - INFO - Resource 17 offset: 316488, length: 392...
2021-12-28 10:55:47,215 - root - DEBUG - Reading resource 17...
2021-12-28 10:55:47,215 - root - INFO - The image is bme.
2021-12-28 10:55:47,215 - root - INFO - Reading image header(readHeader16E)...
2021-12-28 10:55:47,215 - root - INFO - Image header was read:
2021-12-28 10:55:47,215 - root - INFO - Width: 12, Height: 27, RowLength: 24
2021-12-28 10:55:47,216 - root - INFO - datalength: 376, _step: 2
2021-12-28 10:55:47,216 - root - INFO - BPP: 16, Transparency: False
2021-12-28 10:55:47,216 - root - INFO - Resource 18 offset: 316880, length: 370...
2021-12-28 10:55:47,216 - root - DEBUG - Reading resource 18...
2021-12-28 10:55:47,216 - root - INFO - The image is bme.
2021-12-28 10:55:47,216 - root - INFO - Reading image header(readHeader16E)...
2021-12-28 10:55:47,217 - root - INFO - Image header was read:
2021-12-28 10:55:47,217 - root - INFO - Width: 12, Height: 27, RowLength: 24
2021-12-28 10:55:47,217 - root - INFO - datalength: 354, _step: 2
2021-12-28 10:55:47,217 - root - INFO - BPP: 16, Transparency: False
2021-12-28 10:55:47,217 - root - INFO - Resource 19 offset: 317250, length: 424...
2021-12-28 10:55:47,217 - root - DEBUG - Reading resource 19...
2021-12-28 10:55:47,218 - root - INFO - The image is bme.
2021-12-28 10:55:47,218 - root - INFO - Reading image header(readHeader16E)...
2021-12-28 10:55:47,218 - root - INFO - Image header was read:
2021-12-28 10:55:47,218 - root - INFO - Width: 12, Height: 27, RowLength: 24
2021-12-28 10:55:47,218 - root - INFO - datalength: 408, _step: 2
2021-12-28 10:55:47,218 - root - INFO - BPP: 16, Transparency: False
2021-12-28 10:55:47,219 - root - INFO - Resource 20 offset: 317674, length: 384...
2021-12-28 10:55:47,219 - root - DEBUG - Reading resource 20...
2021-12-28 10:55:47,220 - root - INFO - The image is bme.
2021-12-28 10:55:47,221 - root - INFO - Reading image header(readHeader16E)...
2021-12-28 10:55:47,221 - root - INFO - Image header was read:
2021-12-28 10:55:47,221 - root - INFO - Width: 12, Height: 27, RowLength: 24
2021-12-28 10:55:47,221 - root - INFO - datalength: 368, _step: 2
2021-12-28 10:55:47,221 - root - INFO - BPP: 16, Transparency: False
2021-12-28 10:55:47,223 - root - INFO - Resource 21 offset: 318058, length: 340...
2021-12-28 10:55:47,223 - root - DEBUG - Reading resource 21...
2021-12-28 10:55:47,223 - root - INFO - The image is bme.
2021-12-28 10:55:47,223 - root - INFO - Reading image header(readHeader16E)...
2021-12-28 10:55:47,223 - root - INFO - Image header was read:
2021-12-28 10:55:47,223 - root - INFO - Width: 12, Height: 27, RowLength: 24
2021-12-28 10:55:47,223 - root - INFO - datalength: 324, _step: 2
2021-12-28 10:55:47,223 - root - INFO - BPP: 16, Transparency: False
2021-12-28 10:55:47,224 - root - INFO - Resource 22 offset: 318398, length: 466...
2021-12-28 10:55:47,224 - root - DEBUG - Reading resource 22...
2021-12-28 10:55:47,224 - root - INFO - The image is bme.
2021-12-28 10:55:47,224 - root - INFO - Reading image header(readHeader16E)...
2021-12-28 10:55:47,224 - root - INFO - Image header was read:
2021-12-28 10:55:47,224 - root - INFO - Width: 12, Height: 27, RowLength: 24
2021-12-28 10:55:47,224 - root - INFO - datalength: 450, _step: 2
2021-12-28 10:55:47,224 - root - INFO - BPP: 16, Transparency: False
2021-12-28 10:55:47,225 - root - INFO - Resource 23 offset: 318864, length: 370...
2021-12-28 10:55:47,225 - root - DEBUG - Reading resource 23...
2021-12-28 10:55:47,225 - root - INFO - The image is bme.
2021-12-28 10:55:47,225 - root - INFO - Reading image header(readHeader16E)...
2021-12-28 10:55:47,225 - root - INFO - Image header was read:
2021-12-28 10:55:47,226 - root - INFO - Width: 12, Height: 27, RowLength: 24
2021-12-28 10:55:47,226 - root - INFO - datalength: 354, _step: 2
2021-12-28 10:55:47,226 - root - INFO - BPP: 16, Transparency: False
2021-12-28 10:55:47,226 - root - INFO - Resource 24 offset: 319234, length: 1658...
2021-12-28 10:55:47,226 - root - DEBUG - Reading resource 24...
2021-12-28 10:55:47,227 - root - INFO - The image is bme.
2021-12-28 10:55:47,227 - root - INFO - Reading image header(readHeader16E)...
2021-12-28 10:55:47,227 - root - INFO - Image header was read:
2021-12-28 10:55:47,227 - root - INFO - Width: 52, Height: 27, RowLength: 104
2021-12-28 10:55:47,227 - root - INFO - datalength: 1642, _step: 2
2021-12-28 10:55:47,227 - root - INFO - BPP: 16, Transparency: False
2021-12-28 10:55:47,230 - root - INFO - Resource 25 offset: 320892, length: 1176...
2021-12-28 10:55:47,230 - root - DEBUG - Reading resource 25...
2021-12-28 10:55:47,230 - root - INFO - The image is bme.
2021-12-28 10:55:47,230 - root - INFO - Reading image header(readHeader16E)...
2021-12-28 10:55:47,230 - root - INFO - Image header was read:
2021-12-28 10:55:47,231 - root - INFO - Width: 52, Height: 27, RowLength: 104
2021-12-28 10:55:47,231 - root - INFO - datalength: 1160, _step: 2
2021-12-28 10:55:47,231 - root - INFO - BPP: 16, Transparency: False
2021-12-28 10:55:47,235 - root - INFO - Resource 26 offset: 322068, length: 1562...
2021-12-28 10:55:47,235 - root - DEBUG - Reading resource 26...
2021-12-28 10:55:47,235 - root - INFO - The image is bme.
2021-12-28 10:55:47,235 - root - INFO - Reading image header(readHeader16E)...
2021-12-28 10:55:47,239 - root - INFO - Image header was read:
2021-12-28 10:55:47,239 - root - INFO - Width: 52, Height: 27, RowLength: 104
2021-12-28 10:55:47,239 - root - INFO - datalength: 1546, _step: 2
2021-12-28 10:55:47,240 - root - INFO - BPP: 16, Transparency: False
2021-12-28 10:55:47,243 - root - INFO - Resource 27 offset: 323630, length: 1306...
2021-12-28 10:55:47,243 - root - DEBUG - Reading resource 27...
2021-12-28 10:55:47,243 - root - INFO - The image is bme.
2021-12-28 10:55:47,243 - root - INFO - Reading image header(readHeader16E)...
2021-12-28 10:55:47,243 - root - INFO - Image header was read:
2021-12-28 10:55:47,243 - root - INFO - Width: 52, Height: 27, RowLength: 104
2021-12-28 10:55:47,243 - root - INFO - datalength: 1290, _step: 2
2021-12-28 10:55:47,244 - root - INFO - BPP: 16, Transparency: False
2021-12-28 10:55:47,246 - root - INFO - Resource 28 offset: 324936, length: 1110...
2021-12-28 10:55:47,246 - root - DEBUG - Reading resource 28...
2021-12-28 10:55:47,246 - root - INFO - The image is bme.
2021-12-28 10:55:47,246 - root - INFO - Reading image header(readHeader16E)...
2021-12-28 10:55:47,246 - root - INFO - Image header was read:
2021-12-28 10:55:47,246 - root - INFO - Width: 52, Height: 27, RowLength: 104
2021-12-28 10:55:47,246 - root - INFO - datalength: 1094, _step: 2
2021-12-28 10:55:47,246 - root - INFO - BPP: 16, Transparency: False
2021-12-28 10:55:47,249 - root - INFO - Resource 29 offset: 326046, length: 1176...
2021-12-28 10:55:47,249 - root - DEBUG - Reading resource 29...
2021-12-28 10:55:47,249 - root - INFO - The image is bme.
2021-12-28 10:55:47,249 - root - INFO - Reading image header(readHeader16E)...
2021-12-28 10:55:47,249 - root - INFO - Image header was read:
2021-12-28 10:55:47,250 - root - INFO - Width: 52, Height: 27, RowLength: 104
2021-12-28 10:55:47,251 - root - INFO - datalength: 1160, _step: 2
2021-12-28 10:55:47,251 - root - INFO - BPP: 16, Transparency: False
2021-12-28 10:55:47,258 - root - INFO - Resource 30 offset: 327222, length: 1498...
2021-12-28 10:55:47,258 - root - DEBUG - Reading resource 30...
2021-12-28 10:55:47,259 - root - INFO - The image is bme.
2021-12-28 10:55:47,259 - root - INFO - Reading image header(readHeader16E)...
2021-12-28 10:55:47,259 - root - INFO - Image header was read:
2021-12-28 10:55:47,259 - root - INFO - Width: 52, Height: 27, RowLength: 104
2021-12-28 10:55:47,259 - root - INFO - datalength: 1482, _step: 2
2021-12-28 10:55:47,259 - root - INFO - BPP: 16, Transparency: False
2021-12-28 10:55:47,264 - root - INFO - Resource 31 offset: 328720, length: 988...
2021-12-28 10:55:47,264 - root - DEBUG - Reading resource 31...
2021-12-28 10:55:47,264 - root - INFO - The image is bme.
2021-12-28 10:55:47,264 - root - INFO - Reading image header(readHeader16E)...
2021-12-28 10:55:47,264 - root - INFO - Image header was read:
2021-12-28 10:55:47,264 - root - INFO - Width: 52, Height: 27, RowLength: 104
2021-12-28 10:55:47,264 - root - INFO - datalength: 972, _step: 2
2021-12-28 10:55:47,264 - root - INFO - BPP: 16, Transparency: False
2021-12-28 10:55:47,266 - root - INFO - Resource 32 offset: 329708, length: 1102...
2021-12-28 10:55:47,266 - root - DEBUG - Reading resource 32...
2021-12-28 10:55:47,266 - root - INFO - The image is bme.
2021-12-28 10:55:47,266 - root - INFO - Reading image header(readHeader16E)...
2021-12-28 10:55:47,267 - root - INFO - Image header was read:
2021-12-28 10:55:47,267 - root - INFO - Width: 52, Height: 27, RowLength: 104
2021-12-28 10:55:47,267 - root - INFO - datalength: 1086, _step: 2
2021-12-28 10:55:47,267 - root - INFO - BPP: 16, Transparency: False
2021-12-28 10:55:47,270 - root - INFO - Resource 33 offset: 330810, length: 1188...
2021-12-28 10:55:47,270 - root - DEBUG - Reading resource 33...
2021-12-28 10:55:47,271 - root - INFO - The image is bme.
2021-12-28 10:55:47,271 - root - INFO - Reading image header(readHeader16E)...
2021-12-28 10:55:47,271 - root - INFO - Image header was read:
2021-12-28 10:55:47,272 - root - INFO - Width: 52, Height: 27, RowLength: 104
2021-12-28 10:55:47,272 - root - INFO - datalength: 1172, _step: 2
2021-12-28 10:55:47,272 - root - INFO - BPP: 16, Transparency: False
2021-12-28 10:55:47,282 - root - INFO - Resource 34 offset: 331998, length: 1586...
2021-12-28 10:55:47,282 - root - DEBUG - Reading resource 34...
2021-12-28 10:55:47,282 - root - INFO - The image is bme.
2021-12-28 10:55:47,282 - root - INFO - Reading image header(readHeader16E)...
2021-12-28 10:55:47,282 - root - INFO - Image header was read:
2021-12-28 10:55:47,283 - root - INFO - Width: 52, Height: 27, RowLength: 104
2021-12-28 10:55:47,283 - root - INFO - datalength: 1570, _step: 2
2021-12-28 10:55:47,283 - root - INFO - BPP: 16, Transparency: False
2021-12-28 10:55:47,286 - root - INFO - Resource 35 offset: 333584, length: 1338...
2021-12-28 10:55:47,286 - root - DEBUG - Reading resource 35...
2021-12-28 10:55:47,286 - root - INFO - The image is bme.
2021-12-28 10:55:47,286 - root - INFO - Reading image header(readHeader16E)...
2021-12-28 10:55:47,286 - root - INFO - Image header was read:
2021-12-28 10:55:47,287 - root - INFO - Width: 52, Height: 27, RowLength: 104
2021-12-28 10:55:47,287 - root - INFO - datalength: 1322, _step: 2
2021-12-28 10:55:47,287 - root - INFO - BPP: 16, Transparency: False
2021-12-28 10:55:47,290 - root - INFO - Resource 36 offset: 334922, length: 1368...
2021-12-28 10:55:47,291 - root - DEBUG - Reading resource 36...
2021-12-28 10:55:47,291 - root - INFO - The image is bme.
2021-12-28 10:55:47,291 - root - INFO - Reading image header(readHeader16E)...
2021-12-28 10:55:47,291 - root - INFO - Image header was read:
2021-12-28 10:55:47,291 - root - INFO - Width: 52, Height: 27, RowLength: 104
2021-12-28 10:55:47,291 - root - INFO - datalength: 1352, _step: 2
2021-12-28 10:55:47,291 - root - INFO - BPP: 16, Transparency: False
2021-12-28 10:55:47,296 - root - INFO - Resource 37 offset: 336290, length: 1436...
2021-12-28 10:55:47,296 - root - DEBUG - Reading resource 37...
2021-12-28 10:55:47,296 - root - INFO - The image is bme.
2021-12-28 10:55:47,296 - root - INFO - Reading image header(readHeader16E)...
2021-12-28 10:55:47,296 - root - INFO - Image header was read:
2021-12-28 10:55:47,296 - root - INFO - Width: 52, Height: 27, RowLength: 104
2021-12-28 10:55:47,296 - root - INFO - datalength: 1420, _step: 2
2021-12-28 10:55:47,296 - root - INFO - BPP: 16, Transparency: False
2021-12-28 10:55:47,301 - root - INFO - Resource 38 offset: 337726, length: 1028...
2021-12-28 10:55:47,301 - root - DEBUG - Reading resource 38...
2021-12-28 10:55:47,301 - root - INFO - The image is bme.
2021-12-28 10:55:47,301 - root - INFO - Reading image header(readHeader16E)...
2021-12-28 10:55:47,301 - root - INFO - Image header was read:
2021-12-28 10:55:47,301 - root - INFO - Width: 52, Height: 27, RowLength: 104
2021-12-28 10:55:47,301 - root - INFO - datalength: 1012, _step: 2
2021-12-28 10:55:47,301 - root - INFO - BPP: 16, Transparency: False
2021-12-28 10:55:47,307 - root - INFO - Resource 39 offset: 338754, length: 1142...
2021-12-28 10:55:47,307 - root - DEBUG - Reading resource 39...
2021-12-28 10:55:47,307 - root - INFO - The image is bme.
2021-12-28 10:55:47,307 - root - INFO - Reading image header(readHeader16E)...
2021-12-28 10:55:47,307 - root - INFO - Image header was read:
2021-12-28 10:55:47,308 - root - INFO - Width: 52, Height: 27, RowLength: 104
2021-12-28 10:55:47,308 - root - INFO - datalength: 1126, _step: 2
2021-12-28 10:55:47,308 - root - INFO - BPP: 16, Transparency: False
2021-12-28 10:55:47,311 - root - INFO - Resource 40 offset: 339896, length: 1228...
2021-12-28 10:55:47,311 - root - DEBUG - Reading resource 40...
2021-12-28 10:55:47,311 - root - INFO - The image is bme.
2021-12-28 10:55:47,311 - root - INFO - Reading image header(readHeader16E)...
2021-12-28 10:55:47,311 - root - INFO - Image header was read:
2021-12-28 10:55:47,311 - root - INFO - Width: 52, Height: 27, RowLength: 104
2021-12-28 10:55:47,311 - root - INFO - datalength: 1212, _step: 2
2021-12-28 10:55:47,311 - root - INFO - BPP: 16, Transparency: False
2021-12-28 10:55:47,314 - root - INFO - Resource 41 offset: 341124, length: 1626...
2021-12-28 10:55:47,314 - root - DEBUG - Reading resource 41...
2021-12-28 10:55:47,314 - root - INFO - The image is bme.
2021-12-28 10:55:47,314 - root - INFO - Reading image header(readHeader16E)...
2021-12-28 10:55:47,315 - root - INFO - Image header was read:
2021-12-28 10:55:47,315 - root - INFO - Width: 52, Height: 27, RowLength: 104
2021-12-28 10:55:47,315 - root - INFO - datalength: 1610, _step: 2
2021-12-28 10:55:47,315 - root - INFO - BPP: 16, Transparency: False
2021-12-28 10:55:47,318 - root - INFO - Resource 42 offset: 342750, length: 1378...
2021-12-28 10:55:47,319 - root - DEBUG - Reading resource 42...
2021-12-28 10:55:47,319 - root - INFO - The image is bme.
2021-12-28 10:55:47,319 - root - INFO - Reading image header(readHeader16E)...
2021-12-28 10:55:47,319 - root - INFO - Image header was read:
2021-12-28 10:55:47,319 - root - INFO - Width: 52, Height: 27, RowLength: 104
2021-12-28 10:55:47,319 - root - INFO - datalength: 1362, _step: 2
2021-12-28 10:55:47,319 - root - INFO - BPP: 16, Transparency: False
2021-12-28 10:55:47,323 - root - INFO - Resource 43 offset: 344128, length: 1422...
2021-12-28 10:55:47,324 - root - DEBUG - Reading resource 43...
2021-12-28 10:55:47,324 - root - INFO - The image is bme.
2021-12-28 10:55:47,324 - root - INFO - Reading image header(readHeader16E)...
2021-12-28 10:55:47,324 - root - INFO - Image header was read:
2021-12-28 10:55:47,324 - root - INFO - Width: 52, Height: 27, RowLength: 104
2021-12-28 10:55:47,324 - root - INFO - datalength: 1406, _step: 2
2021-12-28 10:55:47,324 - root - INFO - BPP: 16, Transparency: False
2021-12-28 10:55:47,327 - root - INFO - Resource 44 offset: 345550, length: 1476...
2021-12-28 10:55:47,327 - root - DEBUG - Reading resource 44...
2021-12-28 10:55:47,327 - root - INFO - The image is bme.
2021-12-28 10:55:47,327 - root - INFO - Reading image header(readHeader16E)...
2021-12-28 10:55:47,327 - root - INFO - Image header was read:
2021-12-28 10:55:47,327 - root - INFO - Width: 52, Height: 27, RowLength: 104
2021-12-28 10:55:47,327 - root - INFO - datalength: 1460, _step: 2
2021-12-28 10:55:47,327 - root - INFO - BPP: 16, Transparency: False
2021-12-28 10:55:47,330 - root - INFO - Resource 45 offset: 347026, length: 624...
2021-12-28 10:55:47,330 - root - DEBUG - Reading resource 45...
2021-12-28 10:55:47,330 - root - INFO - The image is bme.
2021-12-28 10:55:47,330 - root - INFO - Reading image header(readHeader16E)...
2021-12-28 10:55:47,331 - root - INFO - Image header was read:
2021-12-28 10:55:47,331 - root - INFO - Width: 14, Height: 27, RowLength: 28
2021-12-28 10:55:47,331 - root - INFO - datalength: 608, _step: 2
2021-12-28 10:55:47,331 - root - INFO - BPP: 16, Transparency: False
2021-12-28 10:55:47,332 - root - INFO - Resource 46 offset: 347650, length: 356...
2021-12-28 10:55:47,332 - root - DEBUG - Reading resource 46...
2021-12-28 10:55:47,332 - root - INFO - The image is bme.
2021-12-28 10:55:47,332 - root - INFO - Reading image header(readHeader16E)...
2021-12-28 10:55:47,332 - root - INFO - Image header was read:
2021-12-28 10:55:47,332 - root - INFO - Width: 14, Height: 27, RowLength: 28
2021-12-28 10:55:47,332 - root - INFO - datalength: 340, _step: 2
2021-12-28 10:55:47,332 - root - INFO - BPP: 16, Transparency: False
2021-12-28 10:55:47,333 - root - INFO - Resource 47 offset: 348006, length: 520...
2021-12-28 10:55:47,333 - root - DEBUG - Reading resource 47...
2021-12-28 10:55:47,333 - root - INFO - The image is bme.
2021-12-28 10:55:47,333 - root - INFO - Reading image header(readHeader16E)...
2021-12-28 10:55:47,333 - root - INFO - Image header was read:
2021-12-28 10:55:47,333 - root - INFO - Width: 14, Height: 27, RowLength: 28
2021-12-28 10:55:47,333 - root - INFO - datalength: 504, _step: 2
2021-12-28 10:55:47,334 - root - INFO - BPP: 16, Transparency: False
2021-12-28 10:55:47,335 - root - INFO - Resource 48 offset: 348526, length: 508...
2021-12-28 10:55:47,335 - root - DEBUG - Reading resource 48...
2021-12-28 10:55:47,335 - root - INFO - The image is bme.
2021-12-28 10:55:47,335 - root - INFO - Reading image header(readHeader16E)...
2021-12-28 10:55:47,335 - root - INFO - Image header was read:
2021-12-28 10:55:47,335 - root - INFO - Width: 14, Height: 27, RowLength: 28
2021-12-28 10:55:47,335 - root - INFO - datalength: 492, _step: 2
2021-12-28 10:55:47,335 - root - INFO - BPP: 16, Transparency: False
2021-12-28 10:55:47,336 - root - INFO - Resource 49 offset: 349034, length: 506...
2021-12-28 10:55:47,336 - root - DEBUG - Reading resource 49...
2021-12-28 10:55:47,336 - root - INFO - The image is bme.
2021-12-28 10:55:47,336 - root - INFO - Reading image header(readHeader16E)...
2021-12-28 10:55:47,336 - root - INFO - Image header was read:
2021-12-28 10:55:47,336 - root - INFO - Width: 14, Height: 27, RowLength: 28
2021-12-28 10:55:47,337 - root - INFO - datalength: 490, _step: 2
2021-12-28 10:55:47,337 - root - INFO - BPP: 16, Transparency: False
2021-12-28 10:55:47,338 - root - INFO - Resource 50 offset: 349540, length: 566...
2021-12-28 10:55:47,338 - root - DEBUG - Reading resource 50...
2021-12-28 10:55:47,339 - root - INFO - The image is bme.
2021-12-28 10:55:47,339 - root - INFO - Reading image header(readHeader16E)...
2021-12-28 10:55:47,339 - root - INFO - Image header was read:
2021-12-28 10:55:47,339 - root - INFO - Width: 14, Height: 27, RowLength: 28
2021-12-28 10:55:47,339 - root - INFO - datalength: 550, _step: 2
2021-12-28 10:55:47,339 - root - INFO - BPP: 16, Transparency: False
2021-12-28 10:55:47,340 - root - INFO - Resource 51 offset: 350106, length: 516...
2021-12-28 10:55:47,340 - root - DEBUG - Reading resource 51...
2021-12-28 10:55:47,340 - root - INFO - The image is bme.
2021-12-28 10:55:47,340 - root - INFO - Reading image header(readHeader16E)...
2021-12-28 10:55:47,340 - root - INFO - Image header was read:
2021-12-28 10:55:47,340 - root - INFO - Width: 14, Height: 27, RowLength: 28
2021-12-28 10:55:47,340 - root - INFO - datalength: 500, _step: 2
2021-12-28 10:55:47,341 - root - INFO - BPP: 16, Transparency: False
2021-12-28 10:55:47,341 - root - INFO - Resource 52 offset: 350622, length: 456...
2021-12-28 10:55:47,342 - root - DEBUG - Reading resource 52...
2021-12-28 10:55:47,342 - root - INFO - The image is bme.
2021-12-28 10:55:47,342 - root - INFO - Reading image header(readHeader16E)...
2021-12-28 10:55:47,342 - root - INFO - Image header was read:
2021-12-28 10:55:47,342 - root - INFO - Width: 14, Height: 27, RowLength: 28
2021-12-28 10:55:47,342 - root - INFO - datalength: 440, _step: 2
2021-12-28 10:55:47,342 - root - INFO - BPP: 16, Transparency: False
2021-12-28 10:55:47,343 - root - INFO - Resource 53 offset: 351078, length: 646...
2021-12-28 10:55:47,343 - root - DEBUG - Reading resource 53...
2021-12-28 10:55:47,343 - root - INFO - The image is bme.
2021-12-28 10:55:47,343 - root - INFO - Reading image header(readHeader16E)...
2021-12-28 10:55:47,343 - root - INFO - Image header was read:
2021-12-28 10:55:47,343 - root - INFO - Width: 14, Height: 27, RowLength: 28
2021-12-28 10:55:47,343 - root - INFO - datalength: 630, _step: 2
2021-12-28 10:55:47,343 - root - INFO - BPP: 16, Transparency: False
2021-12-28 10:55:47,345 - root - INFO - Resource 54 offset: 351724, length: 510...
2021-12-28 10:55:47,345 - root - DEBUG - Reading resource 54...
2021-12-28 10:55:47,345 - root - INFO - The image is bme.
2021-12-28 10:55:47,345 - root - INFO - Reading image header(readHeader16E)...
2021-12-28 10:55:47,345 - root - INFO - Image header was read:
2021-12-28 10:55:47,345 - root - INFO - Width: 14, Height: 27, RowLength: 28
2021-12-28 10:55:47,345 - root - INFO - datalength: 494, _step: 2
2021-12-28 10:55:47,345 - root - INFO - BPP: 16, Transparency: False
2021-12-28 10:55:47,346 - root - INFO - Resource 55 offset: 352234, length: 886...
2021-12-28 10:55:47,346 - root - DEBUG - Reading resource 55...
2021-12-28 10:55:47,346 - root - INFO - The image is bme.
2021-12-28 10:55:47,346 - root - INFO - Reading image header(readHeader16E)...
2021-12-28 10:55:47,347 - root - INFO - Image header was read:
2021-12-28 10:55:47,347 - root - INFO - Width: 36, Height: 27, RowLength: 72
2021-12-28 10:55:47,347 - root - INFO - datalength: 870, _step: 2
2021-12-28 10:55:47,357 - root - INFO - BPP: 16, Transparency: False
2021-12-28 10:55:47,359 - root - INFO - Resource 56 offset: 353120, length: 172...
2021-12-28 10:55:47,359 - root - DEBUG - Reading resource 56...
2021-12-28 10:55:47,359 - root - INFO - The image is bme.
2021-12-28 10:55:47,359 - root - INFO - Reading image header(readHeader16E)...
2021-12-28 10:55:47,359 - root - INFO - Image header was read:
2021-12-28 10:55:47,359 - root - INFO - Width: 24, Height: 27, RowLength: 48
2021-12-28 10:55:47,359 - root - INFO - datalength: 156, _step: 2
2021-12-28 10:55:47,360 - root - INFO - BPP: 16, Transparency: False
2021-12-28 10:55:47,360 - root - INFO - Resource 57 offset: 353292, length: 918...
2021-12-28 10:55:47,360 - root - DEBUG - Reading resource 57...
2021-12-28 10:55:47,360 - root - INFO - The image is bme.
2021-12-28 10:55:47,360 - root - INFO - Reading image header(readHeader16E)...
2021-12-28 10:55:47,360 - root - INFO - Image header was read:
2021-12-28 10:55:47,360 - root - INFO - Width: 39, Height: 27, RowLength: 78
2021-12-28 10:55:47,360 - root - INFO - datalength: 902, _step: 2
2021-12-28 10:55:47,361 - root - INFO - BPP: 16, Transparency: False
2021-12-28 10:55:47,362 - root - INFO - Resource 58 offset: 354210, length: 606...
2021-12-28 10:55:47,362 - root - DEBUG - Reading resource 58...
2021-12-28 10:55:47,362 - root - INFO - The image is bme.
2021-12-28 10:55:47,362 - root - INFO - Reading image header(readHeader16E)...
2021-12-28 10:55:47,362 - root - INFO - Image header was read:
2021-12-28 10:55:47,362 - root - INFO - Width: 27, Height: 27, RowLength: 54
2021-12-28 10:55:47,362 - root - INFO - datalength: 590, _step: 2
2021-12-28 10:55:47,363 - root - INFO - BPP: 16, Transparency: False
2021-12-28 10:55:47,363 - root - INFO - Resource 59 offset: 354816, length: 1372...
2021-12-28 10:55:47,363 - root - DEBUG - Reading resource 59...
2021-12-28 10:55:47,364 - root - INFO - The image is bme.
2021-12-28 10:55:47,364 - root - INFO - Reading image header(readHeader16E)...
2021-12-28 10:55:47,364 - root - INFO - Image header was read:
2021-12-28 10:55:47,364 - root - INFO - Width: 122, Height: 122, RowLength: 244
2021-12-28 10:55:47,365 - root - INFO - datalength: 1356, _step: 2
2021-12-28 10:55:47,365 - root - INFO - BPP: 16, Transparency: False
2021-12-28 10:55:47,367 - root - INFO - Resource 60 offset: 356188, length: 2554...
2021-12-28 10:55:47,367 - root - DEBUG - Reading resource 60...
2021-12-28 10:55:47,367 - root - INFO - The image is bme.
2021-12-28 10:55:47,368 - root - INFO - Reading image header(readHeader16E)...
2021-12-28 10:55:47,368 - root - INFO - Image header was read:
2021-12-28 10:55:47,368 - root - INFO - Width: 122, Height: 122, RowLength: 244
2021-12-28 10:55:47,368 - root - INFO - datalength: 2538, _step: 2
2021-12-28 10:55:47,368 - root - INFO - BPP: 16, Transparency: False
2021-12-28 10:55:47,374 - root - INFO - Resource 61 offset: 358742, length: 3620...
2021-12-28 10:55:47,374 - root - DEBUG - Reading resource 61...
2021-12-28 10:55:47,374 - root - INFO - The image is bme.
2021-12-28 10:55:47,374 - root - INFO - Reading image header(readHeader16E)...
2021-12-28 10:55:47,374 - root - INFO - Image header was read:
2021-12-28 10:55:47,374 - root - INFO - Width: 122, Height: 122, RowLength: 244
2021-12-28 10:55:47,374 - root - INFO - datalength: 3604, _step: 2
2021-12-28 10:55:47,374 - root - INFO - BPP: 16, Transparency: False
2021-12-28 10:55:47,381 - root - INFO - Resource 62 offset: 362362, length: 4682...
2021-12-28 10:55:47,381 - root - DEBUG - Reading resource 62...
2021-12-28 10:55:47,381 - root - INFO - The image is bme.
2021-12-28 10:55:47,381 - root - INFO - Reading image header(readHeader16E)...
2021-12-28 10:55:47,382 - root - INFO - Image header was read:
2021-12-28 10:55:47,382 - root - INFO - Width: 122, Height: 122, RowLength: 244
2021-12-28 10:55:47,382 - root - INFO - datalength: 4666, _step: 2
2021-12-28 10:55:47,382 - root - INFO - BPP: 16, Transparency: False
2021-12-28 10:55:47,393 - root - INFO - Resource 63 offset: 367044, length: 5858...
2021-12-28 10:55:47,393 - root - DEBUG - Reading resource 63...
2021-12-28 10:55:47,393 - root - INFO - The image is bme.
2021-12-28 10:55:47,393 - root - INFO - Reading image header(readHeader16E)...
2021-12-28 10:55:47,393 - root - INFO - Image header was read:
2021-12-28 10:55:47,394 - root - INFO - Width: 122, Height: 122, RowLength: 244
2021-12-28 10:55:47,395 - root - INFO - datalength: 5842, _step: 2
2021-12-28 10:55:47,395 - root - INFO - BPP: 16, Transparency: False
2021-12-28 10:55:47,414 - root - INFO - Resource 64 offset: 372902, length: 6624...
2021-12-28 10:55:47,414 - root - DEBUG - Reading resource 64...
2021-12-28 10:55:47,414 - root - INFO - The image is bme.
2021-12-28 10:55:47,414 - root - INFO - Reading image header(readHeader16E)...
2021-12-28 10:55:47,414 - root - INFO - Image header was read:
2021-12-28 10:55:47,416 - root - INFO - Width: 122, Height: 122, RowLength: 244
2021-12-28 10:55:47,416 - root - INFO - datalength: 6608, _step: 2
2021-12-28 10:55:47,416 - root - INFO - BPP: 16, Transparency: False
2021-12-28 10:55:47,429 - root - INFO - Resource 65 offset: 379526, length: 460...
2021-12-28 10:55:47,430 - root - DEBUG - Reading resource 65...
2021-12-28 10:55:47,430 - root - INFO - The image is bme.
2021-12-28 10:55:47,430 - root - INFO - Reading image header(readHeader16E)...
2021-12-28 10:55:47,430 - root - INFO - Image header was read:
2021-12-28 10:55:47,430 - root - INFO - Width: 12, Height: 27, RowLength: 24
2021-12-28 10:55:47,430 - root - INFO - datalength: 444, _step: 2
2021-12-28 10:55:47,430 - root - INFO - BPP: 16, Transparency: False
2021-12-28 10:55:47,431 - root - INFO - Resource 66 offset: 379986, length: 928...
2021-12-28 10:55:47,431 - root - DEBUG - Reading resource 66...
2021-12-28 10:55:47,431 - root - INFO - The image is bme.
2021-12-28 10:55:47,431 - root - INFO - Reading image header(readHeader16E)...
2021-12-28 10:55:47,431 - root - INFO - Image header was read:
2021-12-28 10:55:47,431 - root - INFO - Width: 122, Height: 122, RowLength: 244
2021-12-28 10:55:47,431 - root - INFO - datalength: 912, _step: 2
2021-12-28 10:55:47,431 - root - INFO - BPP: 16, Transparency: False
2021-12-28 10:55:47,433 - root - INFO - Resource 67 offset: 380914, length: 1602...
2021-12-28 10:55:47,433 - root - DEBUG - Reading resource 67...
2021-12-28 10:55:47,433 - root - INFO - The image is bme.
2021-12-28 10:55:47,434 - root - INFO - Reading image header(readHeader16E)...
2021-12-28 10:55:47,434 - root - INFO - Image header was read:
2021-12-28 10:55:47,434 - root - INFO - Width: 122, Height: 122, RowLength: 244
2021-12-28 10:55:47,434 - root - INFO - datalength: 1586, _step: 2
2021-12-28 10:55:47,434 - root - INFO - BPP: 16, Transparency: False
2021-12-28 10:55:47,438 - root - INFO - Resource 68 offset: 382516, length: 2214...
2021-12-28 10:55:47,438 - root - DEBUG - Reading resource 68...
2021-12-28 10:55:47,438 - root - INFO - The image is bme.
2021-12-28 10:55:47,438 - root - INFO - Reading image header(readHeader16E)...
2021-12-28 10:55:47,438 - root - INFO - Image header was read:
2021-12-28 10:55:47,438 - root - INFO - Width: 122, Height: 122, RowLength: 244
2021-12-28 10:55:47,439 - root - INFO - datalength: 2198, _step: 2
2021-12-28 10:55:47,439 - root - INFO - BPP: 16, Transparency: False
2021-12-28 10:55:47,443 - root - INFO - Resource 69 offset: 384730, length: 2828...
2021-12-28 10:55:47,443 - root - DEBUG - Reading resource 69...
2021-12-28 10:55:47,443 - root - INFO - The image is bme.
2021-12-28 10:55:47,443 - root - INFO - Reading image header(readHeader16E)...
2021-12-28 10:55:47,443 - root - INFO - Image header was read:
2021-12-28 10:55:47,443 - root - INFO - Width: 122, Height: 122, RowLength: 244
2021-12-28 10:55:47,444 - root - INFO - datalength: 2812, _step: 2
2021-12-28 10:55:47,444 - root - INFO - BPP: 16, Transparency: False
2021-12-28 10:55:47,449 - root - INFO - Resource 70 offset: 387558, length: 3506...
2021-12-28 10:55:47,449 - root - DEBUG - Reading resource 70...
2021-12-28 10:55:47,449 - root - INFO - The image is bme.
2021-12-28 10:55:47,449 - root - INFO - Reading image header(readHeader16E)...
2021-12-28 10:55:47,449 - root - INFO - Image header was read:
2021-12-28 10:55:47,450 - root - INFO - Width: 122, Height: 122, RowLength: 244
2021-12-28 10:55:47,450 - root - INFO - datalength: 3490, _step: 2
2021-12-28 10:55:47,450 - root - INFO - BPP: 16, Transparency: False
2021-12-28 10:55:47,458 - root - INFO - Resource 71 offset: 391064, length: 3812...
2021-12-28 10:55:47,458 - root - DEBUG - Reading resource 71...
2021-12-28 10:55:47,458 - root - INFO - The image is bme.
2021-12-28 10:55:47,459 - root - INFO - Reading image header(readHeader16E)...
2021-12-28 10:55:47,459 - root - INFO - Image header was read:
2021-12-28 10:55:47,459 - root - INFO - Width: 122, Height: 122, RowLength: 244
2021-12-28 10:55:47,459 - root - INFO - datalength: 3796, _step: 2
2021-12-28 10:55:47,459 - root - INFO - BPP: 16, Transparency: False
2021-12-28 10:55:47,468 - root - INFO - Resource 72 offset: 394876, length: 1836...
2021-12-28 10:55:47,468 - root - DEBUG - Reading resource 72...
2021-12-28 10:55:47,468 - root - INFO - The image is bme.
2021-12-28 10:55:47,468 - root - INFO - Reading image header(readHeader16E)...
2021-12-28 10:55:47,468 - root - INFO - Image header was read:
2021-12-28 10:55:47,468 - root - INFO - Width: 122, Height: 122, RowLength: 244
2021-12-28 10:55:47,468 - root - INFO - datalength: 1820, _step: 2
2021-12-28 10:55:47,468 - root - INFO - BPP: 16, Transparency: False
2021-12-28 10:55:47,474 - root - INFO - Resource 73 offset: 396712, length: 3500...
2021-12-28 10:55:47,474 - root - DEBUG - Reading resource 73...
2021-12-28 10:55:47,474 - root - INFO - The image is bme.
2021-12-28 10:55:47,475 - root - INFO - Reading image header(readHeader16E)...
2021-12-28 10:55:47,475 - root - INFO - Image header was read:
2021-12-28 10:55:47,475 - root - INFO - Width: 122, Height: 122, RowLength: 244
2021-12-28 10:55:47,475 - root - INFO - datalength: 3484, _step: 2
2021-12-28 10:55:47,475 - root - INFO - BPP: 16, Transparency: False
2021-12-28 10:55:47,486 - root - INFO - Resource 74 offset: 400212, length: 5022...
2021-12-28 10:55:47,486 - root - DEBUG - Reading resource 74...
2021-12-28 10:55:47,486 - root - INFO - The image is bme.
2021-12-28 10:55:47,486 - root - INFO - Reading image header(readHeader16E)...
2021-12-28 10:55:47,486 - root - INFO - Image header was read:
2021-12-28 10:55:47,486 - root - INFO - Width: 122, Height: 122, RowLength: 244
2021-12-28 10:55:47,486 - root - INFO - datalength: 5006, _step: 2
2021-12-28 10:55:47,486 - root - INFO - BPP: 16, Transparency: False
2021-12-28 10:55:47,506 - root - INFO - Resource 75 offset: 405234, length: 6560...
2021-12-28 10:55:47,506 - root - DEBUG - Reading resource 75...
2021-12-28 10:55:47,507 - root - INFO - The image is bme.
2021-12-28 10:55:47,507 - root - INFO - Reading image header(readHeader16E)...
2021-12-28 10:55:47,507 - root - INFO - Image header was read:
2021-12-28 10:55:47,507 - root - INFO - Width: 122, Height: 122, RowLength: 244
2021-12-28 10:55:47,507 - root - INFO - datalength: 6544, _step: 2
2021-12-28 10:55:47,507 - root - INFO - BPP: 16, Transparency: False
2021-12-28 10:55:47,523 - root - INFO - Resource 76 offset: 411794, length: 8232...
2021-12-28 10:55:47,523 - root - DEBUG - Reading resource 76...
2021-12-28 10:55:47,523 - root - INFO - The image is bme.
2021-12-28 10:55:47,523 - root - INFO - Reading image header(readHeader16E)...
2021-12-28 10:55:47,523 - root - INFO - Image header was read:
2021-12-28 10:55:47,523 - root - INFO - Width: 122, Height: 122, RowLength: 244
2021-12-28 10:55:47,523 - root - INFO - datalength: 8216, _step: 2
2021-12-28 10:55:47,523 - root - INFO - BPP: 16, Transparency: False
2021-12-28 10:55:47,543 - root - INFO - Resource 77 offset: 420026, length: 9466...
2021-12-28 10:55:47,543 - root - DEBUG - Reading resource 77...
2021-12-28 10:55:47,543 - root - INFO - The image is bme.
2021-12-28 10:55:47,543 - root - INFO - Reading image header(readHeader16E)...
2021-12-28 10:55:47,543 - root - INFO - Image header was read:
2021-12-28 10:55:47,543 - root - INFO - Width: 122, Height: 122, RowLength: 244
2021-12-28 10:55:47,544 - root - INFO - datalength: 9450, _step: 2
2021-12-28 10:55:47,544 - root - INFO - BPP: 16, Transparency: False
2021-12-28 10:55:47,570 - root - DEBUG - Parsing parameters...
2021-12-28 10:55:47,681 - root - DEBUG - 0 Value: None
2021-12-28 10:55:47,681 - root - DEBUG - 0.1 Value: 71
2021-12-28 10:55:47,681 - root - DEBUG - 2 Value: None
2021-12-28 10:55:47,682 - root - DEBUG - 2.1 Value: None
2021-12-28 10:55:47,682 - root - DEBUG - 2.1.1 Value: 0
2021-12-28 10:55:47,682 - root - DEBUG - 2.1.2 Value: 0
2021-12-28 10:55:47,682 - root - DEBUG - 2.1.3 Value: 3
2021-12-28 10:55:47,682 - root - DEBUG - 2.3 Value: None
2021-12-28 10:55:47,682 - root - DEBUG - 2.3.1 Value: 0
2021-12-28 10:55:47,682 - root - DEBUG - 2.3.2 Value: 0
2021-12-28 10:55:47,682 - root - DEBUG - 2.3.3 Value: 1
2021-12-28 10:55:47,682 - root - DEBUG - 2.4 Value: None
2021-12-28 10:55:47,682 - root - DEBUG - 2.4.1 Value: 0
2021-12-28 10:55:47,682 - root - DEBUG - 2.4.2 Value: 0
2021-12-28 10:55:47,682 - root - DEBUG - 2.4.3 Value: 2
2021-12-28 10:55:47,682 - root - DEBUG - 2.5 Value: None
2021-12-28 10:55:47,683 - root - DEBUG - 2.5.1 Value: 0
2021-12-28 10:55:47,683 - root - DEBUG - 2.5.2 Value: 0
2021-12-28 10:55:47,683 - root - DEBUG - 2.5.3 Value: 0
2021-12-28 10:55:47,683 - root - DEBUG - 3 Value: None
2021-12-28 10:55:47,683 - root - DEBUG - 3.1 Value: None
2021-12-28 10:55:47,683 - root - DEBUG - 3.1.1 Value: None
2021-12-28 10:55:47,683 - root - DEBUG - 3.1.1.1 Value: None
2021-12-28 10:55:47,683 - root - DEBUG - 3.1.1.1.1 Value: 20
2021-12-28 10:55:47,683 - root - DEBUG - 3.1.1.1.2 Value: 71
2021-12-28 10:55:47,683 - root - DEBUG - 3.1.1.1.3 Value: 4
2021-12-28 10:55:47,683 - root - DEBUG - 3.1.1.1.4 Value: 10
2021-12-28 10:55:47,683 - root - DEBUG - 3.1.1.2 Value: None
2021-12-28 10:55:47,683 - root - DEBUG - 3.1.1.2.1 Value: 77
2021-12-28 10:55:47,684 - root - DEBUG - 3.1.1.2.2 Value: 71
2021-12-28 10:55:47,684 - root - DEBUG - 3.1.1.2.3 Value: 4
2021-12-28 10:55:47,684 - root - DEBUG - 3.1.1.2.4 Value: 10
2021-12-28 10:55:47,684 - root - DEBUG - 3.1.2 Value: None
2021-12-28 10:55:47,684 - root - DEBUG - 3.1.2.1 Value: None
2021-12-28 10:55:47,684 - root - DEBUG - 3.1.2.1.1 Value: 173
2021-12-28 10:55:47,684 - root - DEBUG - 3.1.2.1.2 Value: 71
2021-12-28 10:55:47,684 - root - DEBUG - 3.1.2.1.3 Value: 4
2021-12-28 10:55:47,684 - root - DEBUG - 3.1.2.1.4 Value: 10
2021-12-28 10:55:47,684 - root - DEBUG - 3.1.2.2 Value: None
2021-12-28 10:55:47,684 - root - DEBUG - 3.1.2.2.1 Value: 230
2021-12-28 10:55:47,684 - root - DEBUG - 3.1.2.2.2 Value: 71
2021-12-28 10:55:47,684 - root - DEBUG - 3.1.2.2.3 Value: 4
2021-12-28 10:55:47,685 - root - DEBUG - 3.1.2.2.4 Value: 10
2021-12-28 10:55:47,685 - root - DEBUG - 3.1.7 Value: 0
2021-12-28 10:55:47,685 - root - DEBUG - 3.1.8 Value: 1
2021-12-28 10:55:47,685 - root - DEBUG - 4 Value: None
2021-12-28 10:55:47,685 - root - DEBUG - 4.3 Value: None
2021-12-28 10:55:47,685 - root - DEBUG - 4.3.1 Value: None
2021-12-28 10:55:47,685 - root - DEBUG - 4.3.1.1 Value: 185
2021-12-28 10:55:47,685 - root - DEBUG - 4.3.1.2 Value: 262
2021-12-28 10:55:47,685 - root - DEBUG - 4.3.1.3 Value: 281
2021-12-28 10:55:47,685 - root - DEBUG - 4.3.1.4 Value: 289
2021-12-28 10:55:47,685 - root - DEBUG - 4.3.1.5 Value: 18
2021-12-28 10:55:47,685 - root - DEBUG - 4.3.1.6 Value: 1
2021-12-28 10:55:47,686 - root - DEBUG - 4.3.1.7 Value: 0
2021-12-28 10:55:47,686 - root - DEBUG - 4.3.1.8 Value: 45
2021-12-28 10:55:47,686 - root - DEBUG - 4.3.1.9 Value: 10
2021-12-28 10:55:47,687 - root - DEBUG - 4.3.2 Value: 55
2021-12-28 10:55:47,687 - root - DEBUG - 4.4 Value: None
2021-12-28 10:55:47,687 - root - DEBUG - 4.4.1 Value: None
2021-12-28 10:55:47,687 - root - DEBUG - 4.4.1.1 Value: 185
2021-12-28 10:55:47,687 - root - DEBUG - 4.4.1.2 Value: 218
2021-12-28 10:55:47,687 - root - DEBUG - 4.4.1.3 Value: 269
2021-12-28 10:55:47,687 - root - DEBUG - 4.4.1.4 Value: 245
2021-12-28 10:55:47,687 - root - DEBUG - 4.4.1.5 Value: 18
2021-12-28 10:55:47,688 - root - DEBUG - 4.4.1.6 Value: 1
2021-12-28 10:55:47,688 - root - DEBUG - 4.4.1.7 Value: 0
2021-12-28 10:55:47,688 - root - DEBUG - 4.4.1.8 Value: 45
2021-12-28 10:55:47,688 - root - DEBUG - 4.4.1.9 Value: 10
2021-12-28 10:55:47,688 - root - DEBUG - 4.4.3 Value: 56
2021-12-28 10:55:47,688 - root - DEBUG - 4.4.4 Value: 57
2021-12-28 10:55:47,688 - root - DEBUG - 4.6 Value: None
2021-12-28 10:55:47,688 - root - DEBUG - 4.6.1 Value: None
2021-12-28 10:55:47,689 - root - DEBUG - 4.6.1.1 Value: 185
2021-12-28 10:55:47,689 - root - DEBUG - 4.6.1.2 Value: 174
2021-12-28 10:55:47,689 - root - DEBUG - 4.6.1.3 Value: 257
2021-12-28 10:55:47,689 - root - DEBUG - 4.6.1.4 Value: 201
2021-12-28 10:55:47,689 - root - DEBUG - 4.6.1.5 Value: 18
2021-12-28 10:55:47,689 - root - DEBUG - 4.6.1.6 Value: 1
2021-12-28 10:55:47,689 - root - DEBUG - 4.6.1.7 Value: 0
2021-12-28 10:55:47,689 - root - DEBUG - 4.6.1.8 Value: 45
2021-12-28 10:55:47,689 - root - DEBUG - 4.6.1.9 Value: 10
2021-12-28 10:55:47,689 - root - DEBUG - 4.6.2 Value: 58
2021-12-28 10:55:47,689 - root - DEBUG - 4.7 Value: 0
2021-12-28 10:55:47,690 - root - DEBUG - 5 Value: None
2021-12-28 10:55:47,690 - root - DEBUG - 5.1 Value: None
2021-12-28 10:55:47,690 - root - DEBUG - 5.1.1 Value: None
2021-12-28 10:55:47,690 - root - DEBUG - 5.1.1.4 Value: None
2021-12-28 10:55:47,690 - root - DEBUG - 5.1.1.4.1 Value: 191
2021-12-28 10:55:47,690 - root - DEBUG - 5.1.1.4.2 Value: 29
2021-12-28 10:55:47,690 - root - DEBUG - 5.1.1.4.3 Value: 217
2021-12-28 10:55:47,690 - root - DEBUG - 5.1.1.4.4 Value: 56
2021-12-28 10:55:47,690 - root - DEBUG - 5.1.1.4.5 Value: 18
2021-12-28 10:55:47,690 - root - DEBUG - 5.1.1.4.6 Value: 1
2021-12-28 10:55:47,690 - root - DEBUG - 5.1.1.4.7 Value: 0
2021-12-28 10:55:47,690 - root - DEBUG - 5.1.1.4.8 Value: 14
2021-12-28 10:55:47,690 - root - DEBUG - 5.1.1.4.9 Value: 10
2021-12-28 10:55:47,691 - root - DEBUG - 5.1.4 Value: 1
2021-12-28 10:55:47,691 - root - DEBUG - 5.1.5 Value: 1
2021-12-28 10:55:47,691 - root - DEBUG - 5.1.6 Value: 0
2021-12-28 10:55:47,691 - root - DEBUG - 5.4 Value: None
2021-12-28 10:55:47,691 - root - DEBUG - 5.4.1 Value: 220
2021-12-28 10:55:47,691 - root - DEBUG - 5.4.2 Value: 29
2021-12-28 10:55:47,691 - root - DEBUG - 5.4.3 Value: 24
2021-12-28 10:55:47,691 - root - DEBUG - 5.4.4 Value: 7
2021-12-28 10:55:47,691 - root - DEBUG - 5.5 Value: None
2021-12-28 10:55:47,691 - root - DEBUG - 5.5.1 Value: 220
2021-12-28 10:55:47,691 - root - DEBUG - 5.5.2 Value: 29
2021-12-28 10:55:47,692 - root - DEBUG - 5.5.3 Value: 38
2021-12-28 10:55:47,692 - root - DEBUG - 5.5.4 Value: 7
2021-12-28 10:55:47,692 - root - DEBUG - 5.6 Value: None
2021-12-28 10:55:47,692 - root - DEBUG - 5.6.1 Value: 220
2021-12-28 10:55:47,692 - root - DEBUG - 5.6.2 Value: 29
2021-12-28 10:55:47,692 - root - DEBUG - 5.6.3 Value: 31
2021-12-28 10:55:47,692 - root - DEBUG - 5.6.4 Value: 7
2021-12-28 10:55:47,692 - root - DEBUG - 9 Value: None
2021-12-28 10:55:47,692 - root - DEBUG - 9.1 Value: None
2021-12-28 10:55:47,692 - root - DEBUG - 9.1.1 Value: None
2021-12-28 10:55:47,692 - root - DEBUG - 9.1.1.1 Value: 48
2021-12-28 10:55:47,693 - root - DEBUG - 9.1.1.2 Value: 29
2021-12-28 10:55:47,693 - root - DEBUG - 9.1.1.3 Value: 99
2021-12-28 10:55:47,693 - root - DEBUG - 9.1.1.4 Value: 56
2021-12-28 10:55:47,693 - root - DEBUG - 9.1.1.5 Value: 18
2021-12-28 10:55:47,693 - root - DEBUG - 9.1.1.6 Value: 1
2021-12-28 10:55:47,693 - root - DEBUG - 9.1.1.7 Value: 0
2021-12-28 10:55:47,694 - root - DEBUG - 9.1.1.8 Value: 14
2021-12-28 10:55:47,694 - root - DEBUG - 9.1.1.9 Value: 10
2021-12-28 10:55:47,694 - root - DEBUG - 9.1.4 Value: 65
2021-12-28 10:55:47,694 - root - DEBUG - 12 Value: None
2021-12-28 10:55:47,694 - root - DEBUG - 12.2 Value: None
2021-12-28 10:55:47,694 - root - DEBUG - 12.2.1 Value: 21
2021-12-28 10:55:47,694 - root - DEBUG - 12.2.2 Value: 170
2021-12-28 10:55:47,694 - root - DEBUG - 12.2.3 Value: 59
2021-12-28 10:55:47,694 - root - DEBUG - 12.2.4 Value: 6
2021-12-28 10:55:47,694 - root - DEBUG - 15 Value: None
2021-12-28 10:55:47,694 - root - DEBUG - 15.2 Value: None
2021-12-28 10:55:47,695 - root - DEBUG - 15.2.1 Value: 21
2021-12-28 10:55:47,695 - root - DEBUG - 15.2.2 Value: 170
2021-12-28 10:55:47,695 - root - DEBUG - 15.2.3 Value: 66
2021-12-28 10:55:47,695 - root - DEBUG - 15.2.4 Value: 6
2021-12-28 10:55:47,695 - root - DEBUG - 23 Value: None
2021-12-28 10:55:47,695 - root - DEBUG - 23.2 Value: None
2021-12-28 10:55:47,695 - root - DEBUG - 23.2.1 Value: 21
2021-12-28 10:55:47,695 - root - DEBUG - 23.2.2 Value: 170
2021-12-28 10:55:47,696 - root - DEBUG - 23.2.3 Value: 72
2021-12-28 10:55:47,696 - root - DEBUG - 23.2.4 Value: 6
2021-12-28 10:55:47,696 - root - DEBUG - 0-Info
2021-12-28 10:55:47,696 - root - DEBUG - 0.1-DeviceId
2021-12-28 10:55:47,696 - root - DEBUG - 2-Background
2021-12-28 10:55:47,696 - root - DEBUG - 2.1-Image
2021-12-28 10:55:47,696 - root - DEBUG - 2.1.1-X
2021-12-28 10:55:47,696 - root - DEBUG - 2.1.2-Y
2021-12-28 10:55:47,696 - root - DEBUG - 2.1.3-ImageIndex
2021-12-28 10:55:47,696 - root - DEBUG - 2.3-Preview
2021-12-28 10:55:47,697 - root - DEBUG - 2.3.1-X
2021-12-28 10:55:47,697 - root - DEBUG - 2.3.2-Y
2021-12-28 10:55:47,697 - root - DEBUG - 2.3.3-ImageIndex
2021-12-28 10:55:47,697 - root - DEBUG - 2.4-PreviewKorean
2021-12-28 10:55:47,697 - root - DEBUG - 2.4.1-X
2021-12-28 10:55:47,697 - root - DEBUG - 2.4.2-Y
2021-12-28 10:55:47,697 - root - DEBUG - 2.4.3-ImageIndex
2021-12-28 10:55:47,698 - root - DEBUG - 2.5-PreviewChinese
2021-12-28 10:55:47,698 - root - DEBUG - 2.5.1-X
2021-12-28 10:55:47,698 - root - DEBUG - 2.5.2-Y
2021-12-28 10:55:47,698 - root - DEBUG - 2.5.3-ImageIndex
2021-12-28 10:55:47,698 - root - DEBUG - 3-TimeExtended
2021-12-28 10:55:47,698 - root - DEBUG - 3.1-TimeSeparateDigits
2021-12-28 10:55:47,698 - root - DEBUG - 3.1.1-Hours
2021-12-28 10:55:47,698 - root - DEBUG - 3.1.1.1-Tens
2021-12-28 10:55:47,698 - root - DEBUG - 3.1.1.1.1-X
2021-12-28 10:55:47,699 - root - DEBUG - 3.1.1.1.2-Y
2021-12-28 10:55:47,699 - root - DEBUG - 3.1.1.1.3-ImageIndex
2021-12-28 10:55:47,699 - root - DEBUG - 3.1.1.1.4-ImagesCount
2021-12-28 10:55:47,699 - root - DEBUG - 3.1.1.2-Ones
2021-12-28 10:55:47,699 - root - DEBUG - 3.1.1.2.1-X
2021-12-28 10:55:47,699 - root - DEBUG - 3.1.1.2.2-Y
2021-12-28 10:55:47,700 - root - DEBUG - 3.1.1.2.3-ImageIndex
2021-12-28 10:55:47,700 - root - DEBUG - 3.1.1.2.4-ImagesCount
2021-12-28 10:55:47,700 - root - DEBUG - 3.1.2-Minutes
2021-12-28 10:55:47,700 - root - DEBUG - 3.1.2.1-Tens
2021-12-28 10:55:47,700 - root - DEBUG - 3.1.2.1.1-X
2021-12-28 10:55:47,700 - root - DEBUG - 3.1.2.1.2-Y
2021-12-28 10:55:47,700 - root - DEBUG - 3.1.2.1.3-ImageIndex
2021-12-28 10:55:47,701 - root - DEBUG - 3.1.2.1.4-ImagesCount
2021-12-28 10:55:47,701 - root - DEBUG - 3.1.2.2-Ones
2021-12-28 10:55:47,701 - root - DEBUG - 3.1.2.2.1-X
2021-12-28 10:55:47,701 - root - DEBUG - 3.1.2.2.2-Y
2021-12-28 10:55:47,701 - root - DEBUG - 3.1.2.2.3-ImageIndex
2021-12-28 10:55:47,701 - root - DEBUG - 3.1.2.2.4-ImagesCount
2021-12-28 10:55:47,701 - root - DEBUG - 3.1.7-PaddingZeroHours
2021-12-28 10:55:47,702 - root - DEBUG - 3.1.8-PaddingZeroMinutes
2021-12-28 10:55:47,702 - root - DEBUG - 4-Activity
2021-12-28 10:55:47,702 - root - DEBUG - 4.3-Calories
2021-12-28 10:55:47,703 - root - DEBUG - 4.3.1-ImageNumber
2021-12-28 10:55:47,703 - root - DEBUG - 4.3.1.1-TopLeftX
2021-12-28 10:55:47,703 - root - DEBUG - 4.3.1.2-TopLeftY
2021-12-28 10:55:47,703 - root - DEBUG - 4.3.1.3-BottomRightX
2021-12-28 10:55:47,704 - root - DEBUG - 4.3.1.4-BottomRightY
2021-12-28 10:55:47,704 - root - DEBUG - 4.3.1.5-Alignment
2021-12-28 10:55:47,704 - root - DEBUG - 4.3.1.6-Spacing
2021-12-28 10:55:47,704 - root - DEBUG - 4.3.1.7-VerticalOffset
2021-12-28 10:55:47,704 - root - DEBUG - 4.3.1.8-ImageIndex
2021-12-28 10:55:47,705 - root - DEBUG - 4.3.1.9-ImagesCount
2021-12-28 10:55:47,705 - root - DEBUG - 4.3.2-SuffixImageIndex
2021-12-28 10:55:47,705 - root - DEBUG - 4.4-HeartRate
2021-12-28 10:55:47,706 - root - DEBUG - 4.4.1-ImageNumber
2021-12-28 10:55:47,706 - root - DEBUG - 4.4.1.1-TopLeftX
2021-12-28 10:55:47,706 - root - DEBUG - 4.4.1.2-TopLeftY
2021-12-28 10:55:47,706 - root - DEBUG - 4.4.1.3-BottomRightX
2021-12-28 10:55:47,706 - root - DEBUG - 4.4.1.4-BottomRightY
2021-12-28 10:55:47,706 - root - DEBUG - 4.4.1.5-Alignment
2021-12-28 10:55:47,707 - root - DEBUG - 4.4.1.6-Spacing
2021-12-28 10:55:47,707 - root - DEBUG - 4.4.1.7-VerticalOffset
2021-12-28 10:55:47,707 - root - DEBUG - 4.4.1.8-ImageIndex
2021-12-28 10:55:47,707 - root - DEBUG - 4.4.1.9-ImagesCount
2021-12-28 10:55:47,707 - root - DEBUG - 4.4.3-NoDataImageIndex
2021-12-28 10:55:47,707 - root - DEBUG - 4.4.4-SuffixImageIndex
2021-12-28 10:55:47,707 - root - DEBUG - 4.6-PAI
2021-12-28 10:55:47,707 - root - DEBUG - 4.6.1-ImageNumber
2021-12-28 10:55:47,708 - root - DEBUG - 4.6.1.1-TopLeftX
2021-12-28 10:55:47,708 - root - DEBUG - 4.6.1.2-TopLeftY
2021-12-28 10:55:47,708 - root - DEBUG - 4.6.1.3-BottomRightX
2021-12-28 10:55:47,708 - root - DEBUG - 4.6.1.4-BottomRightY
2021-12-28 10:55:47,708 - root - DEBUG - 4.6.1.5-Alignment
2021-12-28 10:55:47,708 - root - DEBUG - 4.6.1.6-Spacing
2021-12-28 10:55:47,708 - root - DEBUG - 4.6.1.7-VerticalOffset
2021-12-28 10:55:47,708 - root - DEBUG - 4.6.1.8-ImageIndex
2021-12-28 10:55:47,708 - root - DEBUG - 4.6.1.9-ImagesCount
2021-12-28 10:55:47,709 - root - DEBUG - 4.6.2-SuffixImageIndex
2021-12-28 10:55:47,709 - root - DEBUG - 4.7-UnknownLongValue7
2021-12-28 10:55:47,709 - root - DEBUG - 5-DateBlock
2021-12-28 10:55:47,709 - root - DEBUG - 5.1-Date
2021-12-28 10:55:47,709 - root - DEBUG - 5.1.1-MonthAndDayAlt
2021-12-28 10:55:47,709 - root - DEBUG - 5.1.1.4-Day
2021-12-28 10:55:47,709 - root - DEBUG - 5.1.1.4.1-TopLeftX
2021-12-28 10:55:47,709 - root - DEBUG - 5.1.1.4.2-TopLeftY
2021-12-28 10:55:47,709 - root - DEBUG - 5.1.1.4.3-BottomRightX
2021-12-28 10:55:47,710 - root - DEBUG - 5.1.1.4.4-BottomRightY
2021-12-28 10:55:47,710 - root - DEBUG - 5.1.1.4.5-Alignment
2021-12-28 10:55:47,710 - root - DEBUG - 5.1.1.4.6-Spacing
2021-12-28 10:55:47,710 - root - DEBUG - 5.1.1.4.7-VerticalOffset
2021-12-28 10:55:47,710 - root - DEBUG - 5.1.1.4.8-ImageIndex
2021-12-28 10:55:47,710 - root - DEBUG - 5.1.1.4.9-ImagesCount
2021-12-28 10:55:47,710 - root - DEBUG - 5.1.4-PaddingZeroMonth
2021-12-28 10:55:47,710 - root - DEBUG - 5.1.5-PaddingZeroDay
2021-12-28 10:55:47,711 - root - DEBUG - 5.1.6-Unknown6
2021-12-28 10:55:47,711 - root - DEBUG - 5.4-Weekday
2021-12-28 10:55:47,711 - root - DEBUG - 5.4.1-X
2021-12-28 10:55:47,711 - root - DEBUG - 5.4.2-Y
2021-12-28 10:55:47,711 - root - DEBUG - 5.4.3-ImageIndex
2021-12-28 10:55:47,711 - root - DEBUG - 5.4.4-ImagesCount
2021-12-28 10:55:47,711 - root - DEBUG - 5.5-WeekdayChinese
2021-12-28 10:55:47,711 - root - DEBUG - 5.5.1-X
2021-12-28 10:55:47,711 - root - DEBUG - 5.5.2-Y
2021-12-28 10:55:47,711 - root - DEBUG - 5.5.3-ImageIndex
2021-12-28 10:55:47,712 - root - DEBUG - 5.5.4-ImagesCount
2021-12-28 10:55:47,712 - root - DEBUG - 5.6-WeekdayKorean
2021-12-28 10:55:47,712 - root - DEBUG - 5.6.1-X
2021-12-28 10:55:47,712 - root - DEBUG - 5.6.2-Y
2021-12-28 10:55:47,712 - root - DEBUG - 5.6.3-ImageIndex
2021-12-28 10:55:47,712 - root - DEBUG - 5.6.4-ImagesCount
2021-12-28 10:55:47,712 - root - DEBUG - 9-Battery
2021-12-28 10:55:47,712 - root - DEBUG - 9.1-BatteryText
2021-12-28 10:55:47,712 - root - DEBUG - 9.1.1-ImageNumber
2021-12-28 10:55:47,712 - root - DEBUG - 9.1.1.1-TopLeftX
2021-12-28 10:55:47,713 - root - DEBUG - 9.1.1.2-TopLeftY
2021-12-28 10:55:47,713 - root - DEBUG - 9.1.1.3-BottomRightX
2021-12-28 10:55:47,713 - root - DEBUG - 9.1.1.4-BottomRightY
2021-12-28 10:55:47,713 - root - DEBUG - 9.1.1.5-Alignment
2021-12-28 10:55:47,713 - root - DEBUG - 9.1.1.6-Spacing
2021-12-28 10:55:47,713 - root - DEBUG - 9.1.1.7-VerticalOffset
2021-12-28 10:55:47,713 - root - DEBUG - 9.1.1.8-ImageIndex
2021-12-28 10:55:47,713 - root - DEBUG - 9.1.1.9-ImagesCount
2021-12-28 10:55:47,714 - root - DEBUG - 9.1.4-SuffixImageIndex
2021-12-28 10:55:47,714 - root - DEBUG - 12-HearthProgress
2021-12-28 10:55:47,714 - root - DEBUG - 12.2-ImageProgress
2021-12-28 10:55:47,715 - root - DEBUG - 12.2.1-X
2021-12-28 10:55:47,716 - root - DEBUG - 12.2.2-Y
2021-12-28 10:55:47,716 - root - DEBUG - 12.2.3-ImageIndex
2021-12-28 10:55:47,716 - root - DEBUG - 12.2.4-ImagesCount
2021-12-28 10:55:47,716 - root - DEBUG - 15-CaloriesProgress
2021-12-28 10:55:47,716 - root - DEBUG - 15.2-ImageProgress
2021-12-28 10:55:47,716 - root - DEBUG - 15.2.1-X
2021-12-28 10:55:47,717 - root - DEBUG - 15.2.2-Y
2021-12-28 10:55:47,717 - root - DEBUG - 15.2.3-ImageIndex
2021-12-28 10:55:47,717 - root - DEBUG - 15.2.4-ImagesCount
2021-12-28 10:55:47,717 - root - DEBUG - 23-PaiProgress
2021-12-28 10:55:47,717 - root - DEBUG - 23.2-ImageProgress
2021-12-28 10:55:47,717 - root - DEBUG - 23.2.1-X
2021-12-28 10:55:47,717 - root - DEBUG - 23.2.2-Y
2021-12-28 10:55:47,717 - root - DEBUG - 23.2.3-ImageIndex
2021-12-28 10:55:47,718 - root - DEBUG - 23.2.4-ImagesCount
2021-12-28 10:55:47,718 - root - DEBUG - generatePreviews
2021-12-28 10:55:47,718 - root - DEBUG - Generating previews...
2021-12-28 10:55:47,723 - root - DEBUG - Generating states done...
2021-12-28 10:55:47,732 - root - DEBUG - >>>>>>>>>>>> 0 <watchFaceParser.models.parameter.Parameter object at 0x00000229A3414748>
2021-12-28 10:55:47,732 - root - DEBUG - >>>>>>>>>>>> 2 <watchFaceParser.models.parameter.Parameter object at 0x00000229A3405AC8>
2021-12-28 10:55:47,741 - root - DEBUG - >>>>>>>>>>>> 3 <watchFaceParser.models.parameter.Parameter object at 0x00000229A340E088>
2021-12-28 10:55:47,749 - root - DEBUG - >>>>>>>>>>>> 4 <watchFaceParser.models.parameter.Parameter object at 0x00000229A340E208>
2021-12-28 10:55:47,762 - root - DEBUG - >>>>>>>>>>>> 5 <watchFaceParser.models.parameter.Parameter object at 0x00000229A3411CC8>
2021-12-28 10:55:47,767 - root - DEBUG - >>>>>>>>>>>> 9 <watchFaceParser.models.parameter.Parameter object at 0x00000229A3411E88>
2021-12-28 10:55:47,774 - root - DEBUG - >>>>>>>>>>>> 12 <watchFaceParser.models.parameter.Parameter object at 0x00000229A3411B48>
2021-12-28 10:55:47,777 - root - DEBUG - >>>>>>>>>>>> 15 <watchFaceParser.models.parameter.Parameter object at 0x00000229A34144C8>
2021-12-28 10:55:47,778 - root - DEBUG - >>>>>>>>>>>> 23 <watchFaceParser.models.parameter.Parameter object at 0x00000229A34146C8>
2021-12-28 10:55:47,799 - root - DEBUG - Generating static preview gen done...
2021-12-28 10:55:47,853 - root - DEBUG - Generating static preview save done...
2021-12-28 10:55:47,853 - root - DEBUG - Generating anim preview gen done...
2021-12-28 10:55:47,853 - root - DEBUG - >>>>>>>>>>>> 0 <watchFaceParser.models.parameter.Parameter object at 0x00000229A3414748>
2021-12-28 10:55:47,853 - root - DEBUG - >>>>>>>>>>>> 2 <watchFaceParser.models.parameter.Parameter object at 0x00000229A3405AC8>
2021-12-28 10:55:47,853 - root - DEBUG - >>>>>>>>>>>> 3 <watchFaceParser.models.parameter.Parameter object at 0x00000229A340E088>
2021-12-28 10:55:47,853 - root - DEBUG - >>>>>>>>>>>> 4 <watchFaceParser.models.parameter.Parameter object at 0x00000229A340E208>
2021-12-28 10:55:47,854 - root - DEBUG - >>>>>>>>>>>> 5 <watchFaceParser.models.parameter.Parameter object at 0x00000229A3411CC8>
2021-12-28 10:55:47,854 - root - DEBUG - >>>>>>>>>>>> 9 <watchFaceParser.models.parameter.Parameter object at 0x00000229A3411E88>
2021-12-28 10:55:47,854 - root - DEBUG - >>>>>>>>>>>> 12 <watchFaceParser.models.parameter.Parameter object at 0x00000229A3411B48>
2021-12-28 10:55:47,854 - root - DEBUG - >>>>>>>>>>>> 15 <watchFaceParser.models.parameter.Parameter object at 0x00000229A34144C8>
2021-12-28 10:55:47,854 - root - DEBUG - >>>>>>>>>>>> 23 <watchFaceParser.models.parameter.Parameter object at 0x00000229A34146C8>
2021-12-28 10:55:47,986 - root - DEBUG - generatePreviews done
2021-12-28 10:55:47,986 - root - DEBUG - Exporting resources to 'E:\Codez\zepp-bipupro-wf\d4b5975dec258609539b5856170ea3aa'
2021-12-28 10:55:47,990 - root - DEBUG - extracting E:\Codez\zepp-bipupro-wf\d4b5975dec258609539b5856170ea3aa\0000.png...
2021-12-28 10:55:47,997 - root - DEBUG - extracting E:\Codez\zepp-bipupro-wf\d4b5975dec258609539b5856170ea3aa\0001.png...
2021-12-28 10:55:48,006 - root - DEBUG - extracting E:\Codez\zepp-bipupro-wf\d4b5975dec258609539b5856170ea3aa\0002.png...
2021-12-28 10:55:48,013 - root - DEBUG - extracting E:\Codez\zepp-bipupro-wf\d4b5975dec258609539b5856170ea3aa\0003.png...
2021-12-28 10:55:48,024 - root - DEBUG - extracting E:\Codez\zepp-bipupro-wf\d4b5975dec258609539b5856170ea3aa\0004.png...
2021-12-28 10:55:48,027 - root - DEBUG - extracting E:\Codez\zepp-bipupro-wf\d4b5975dec258609539b5856170ea3aa\0005.png...
2021-12-28 10:55:48,028 - root - DEBUG - extracting E:\Codez\zepp-bipupro-wf\d4b5975dec258609539b5856170ea3aa\0006.png...
2021-12-28 10:55:48,029 - root - DEBUG - extracting E:\Codez\zepp-bipupro-wf\d4b5975dec258609539b5856170ea3aa\0007.png...
2021-12-28 10:55:48,030 - root - DEBUG - extracting E:\Codez\zepp-bipupro-wf\d4b5975dec258609539b5856170ea3aa\0008.png...
2021-12-28 10:55:48,031 - root - DEBUG - extracting E:\Codez\zepp-bipupro-wf\d4b5975dec258609539b5856170ea3aa\0009.png...
2021-12-28 10:55:48,032 - root - DEBUG - extracting E:\Codez\zepp-bipupro-wf\d4b5975dec258609539b5856170ea3aa\0010.png...
2021-12-28 10:55:48,033 - root - DEBUG - extracting E:\Codez\zepp-bipupro-wf\d4b5975dec258609539b5856170ea3aa\0011.png...
2021-12-28 10:55:48,034 - root - DEBUG - extracting E:\Codez\zepp-bipupro-wf\d4b5975dec258609539b5856170ea3aa\0012.png...
2021-12-28 10:55:48,035 - root - DEBUG - extracting E:\Codez\zepp-bipupro-wf\d4b5975dec258609539b5856170ea3aa\0013.png...
2021-12-28 10:55:48,037 - root - DEBUG - extracting E:\Codez\zepp-bipupro-wf\d4b5975dec258609539b5856170ea3aa\0014.png...
2021-12-28 10:55:48,039 - root - DEBUG - extracting E:\Codez\zepp-bipupro-wf\d4b5975dec258609539b5856170ea3aa\0015.png...
2021-12-28 10:55:48,040 - root - DEBUG - extracting E:\Codez\zepp-bipupro-wf\d4b5975dec258609539b5856170ea3aa\0016.png...
2021-12-28 10:55:48,042 - root - DEBUG - extracting E:\Codez\zepp-bipupro-wf\d4b5975dec258609539b5856170ea3aa\0017.png...
2021-12-28 10:55:48,042 - root - DEBUG - extracting E:\Codez\zepp-bipupro-wf\d4b5975dec258609539b5856170ea3aa\0018.png...
2021-12-28 10:55:48,043 - root - DEBUG - extracting E:\Codez\zepp-bipupro-wf\d4b5975dec258609539b5856170ea3aa\0019.png...
2021-12-28 10:55:48,044 - root - DEBUG - extracting E:\Codez\zepp-bipupro-wf\d4b5975dec258609539b5856170ea3aa\0020.png...
2021-12-28 10:55:48,045 - root - DEBUG - extracting E:\Codez\zepp-bipupro-wf\d4b5975dec258609539b5856170ea3aa\0021.png...
2021-12-28 10:55:48,045 - root - DEBUG - extracting E:\Codez\zepp-bipupro-wf\d4b5975dec258609539b5856170ea3aa\0022.png...
2021-12-28 10:55:48,046 - root - DEBUG - extracting E:\Codez\zepp-bipupro-wf\d4b5975dec258609539b5856170ea3aa\0023.png...
2021-12-28 10:55:48,047 - root - DEBUG - extracting E:\Codez\zepp-bipupro-wf\d4b5975dec258609539b5856170ea3aa\0024.png...
2021-12-28 10:55:48,049 - root - DEBUG - extracting E:\Codez\zepp-bipupro-wf\d4b5975dec258609539b5856170ea3aa\0025.png...
2021-12-28 10:55:48,055 - root - DEBUG - extracting E:\Codez\zepp-bipupro-wf\d4b5975dec258609539b5856170ea3aa\0026.png...
2021-12-28 10:55:48,057 - root - DEBUG - extracting E:\Codez\zepp-bipupro-wf\d4b5975dec258609539b5856170ea3aa\0027.png...
2021-12-28 10:55:48,057 - root - DEBUG - extracting E:\Codez\zepp-bipupro-wf\d4b5975dec258609539b5856170ea3aa\0028.png...
2021-12-28 10:55:48,058 - root - DEBUG - extracting E:\Codez\zepp-bipupro-wf\d4b5975dec258609539b5856170ea3aa\0029.png...
2021-12-28 10:55:48,059 - root - DEBUG - extracting E:\Codez\zepp-bipupro-wf\d4b5975dec258609539b5856170ea3aa\0030.png...
2021-12-28 10:55:48,060 - root - DEBUG - extracting E:\Codez\zepp-bipupro-wf\d4b5975dec258609539b5856170ea3aa\0031.png...
2021-12-28 10:55:48,061 - root - DEBUG - extracting E:\Codez\zepp-bipupro-wf\d4b5975dec258609539b5856170ea3aa\0032.png...
2021-12-28 10:55:48,061 - root - DEBUG - extracting E:\Codez\zepp-bipupro-wf\d4b5975dec258609539b5856170ea3aa\0033.png...
2021-12-28 10:55:48,062 - root - DEBUG - extracting E:\Codez\zepp-bipupro-wf\d4b5975dec258609539b5856170ea3aa\0034.png...
2021-12-28 10:55:48,063 - root - DEBUG - extracting E:\Codez\zepp-bipupro-wf\d4b5975dec258609539b5856170ea3aa\0035.png...
2021-12-28 10:55:48,064 - root - DEBUG - extracting E:\Codez\zepp-bipupro-wf\d4b5975dec258609539b5856170ea3aa\0036.png...
2021-12-28 10:55:48,065 - root - DEBUG - extracting E:\Codez\zepp-bipupro-wf\d4b5975dec258609539b5856170ea3aa\0037.png...
2021-12-28 10:55:48,065 - root - DEBUG - extracting E:\Codez\zepp-bipupro-wf\d4b5975dec258609539b5856170ea3aa\0038.png...
2021-12-28 10:55:48,066 - root - DEBUG - extracting E:\Codez\zepp-bipupro-wf\d4b5975dec258609539b5856170ea3aa\0039.png...
2021-12-28 10:55:48,067 - root - DEBUG - extracting E:\Codez\zepp-bipupro-wf\d4b5975dec258609539b5856170ea3aa\0040.png...
2021-12-28 10:55:48,068 - root - DEBUG - extracting E:\Codez\zepp-bipupro-wf\d4b5975dec258609539b5856170ea3aa\0041.png...
2021-12-28 10:55:48,069 - root - DEBUG - extracting E:\Codez\zepp-bipupro-wf\d4b5975dec258609539b5856170ea3aa\0042.png...
2021-12-28 10:55:48,070 - root - DEBUG - extracting E:\Codez\zepp-bipupro-wf\d4b5975dec258609539b5856170ea3aa\0043.png...
2021-12-28 10:55:48,073 - root - DEBUG - extracting E:\Codez\zepp-bipupro-wf\d4b5975dec258609539b5856170ea3aa\0044.png...
2021-12-28 10:55:48,074 - root - DEBUG - extracting E:\Codez\zepp-bipupro-wf\d4b5975dec258609539b5856170ea3aa\0045.png...
2021-12-28 10:55:48,075 - root - DEBUG - extracting E:\Codez\zepp-bipupro-wf\d4b5975dec258609539b5856170ea3aa\0046.png...
2021-12-28 10:55:48,076 - root - DEBUG - extracting E:\Codez\zepp-bipupro-wf\d4b5975dec258609539b5856170ea3aa\0047.png...
2021-12-28 10:55:48,077 - root - DEBUG - extracting E:\Codez\zepp-bipupro-wf\d4b5975dec258609539b5856170ea3aa\0048.png...
2021-12-28 10:55:48,077 - root - DEBUG - extracting E:\Codez\zepp-bipupro-wf\d4b5975dec258609539b5856170ea3aa\0049.png...
2021-12-28 10:55:48,078 - root - DEBUG - extracting E:\Codez\zepp-bipupro-wf\d4b5975dec258609539b5856170ea3aa\0050.png...
2021-12-28 10:55:48,079 - root - DEBUG - extracting E:\Codez\zepp-bipupro-wf\d4b5975dec258609539b5856170ea3aa\0051.png...
2021-12-28 10:55:48,079 - root - DEBUG - extracting E:\Codez\zepp-bipupro-wf\d4b5975dec258609539b5856170ea3aa\0052.png...
2021-12-28 10:55:48,080 - root - DEBUG - extracting E:\Codez\zepp-bipupro-wf\d4b5975dec258609539b5856170ea3aa\0053.png...
2021-12-28 10:55:48,081 - root - DEBUG - extracting E:\Codez\zepp-bipupro-wf\d4b5975dec258609539b5856170ea3aa\0054.png...
2021-12-28 10:55:48,081 - root - DEBUG - extracting E:\Codez\zepp-bipupro-wf\d4b5975dec258609539b5856170ea3aa\0055.png...
2021-12-28 10:55:48,082 - root - DEBUG - extracting E:\Codez\zepp-bipupro-wf\d4b5975dec258609539b5856170ea3aa\0056.png...
2021-12-28 10:55:48,083 - root - DEBUG - extracting E:\Codez\zepp-bipupro-wf\d4b5975dec258609539b5856170ea3aa\0057.png...
2021-12-28 10:55:48,084 - root - DEBUG - extracting E:\Codez\zepp-bipupro-wf\d4b5975dec258609539b5856170ea3aa\0058.png...
2021-12-28 10:55:48,084 - root - DEBUG - extracting E:\Codez\zepp-bipupro-wf\d4b5975dec258609539b5856170ea3aa\0059.png...
2021-12-28 10:55:48,086 - root - DEBUG - extracting E:\Codez\zepp-bipupro-wf\d4b5975dec258609539b5856170ea3aa\0060.png...
2021-12-28 10:55:48,088 - root - DEBUG - extracting E:\Codez\zepp-bipupro-wf\d4b5975dec258609539b5856170ea3aa\0061.png...
2021-12-28 10:55:48,092 - root - DEBUG - extracting E:\Codez\zepp-bipupro-wf\d4b5975dec258609539b5856170ea3aa\0062.png...
2021-12-28 10:55:48,094 - root - DEBUG - extracting E:\Codez\zepp-bipupro-wf\d4b5975dec258609539b5856170ea3aa\0063.png...
2021-12-28 10:55:48,096 - root - DEBUG - extracting E:\Codez\zepp-bipupro-wf\d4b5975dec258609539b5856170ea3aa\0064.png...
2021-12-28 10:55:48,099 - root - DEBUG - extracting E:\Codez\zepp-bipupro-wf\d4b5975dec258609539b5856170ea3aa\0065.png...
2021-12-28 10:55:48,099 - root - DEBUG - extracting E:\Codez\zepp-bipupro-wf\d4b5975dec258609539b5856170ea3aa\0066.png...
2021-12-28 10:55:48,101 - root - DEBUG - extracting E:\Codez\zepp-bipupro-wf\d4b5975dec258609539b5856170ea3aa\0067.png...
2021-12-28 10:55:48,103 - root - DEBUG - extracting E:\Codez\zepp-bipupro-wf\d4b5975dec258609539b5856170ea3aa\0068.png...
2021-12-28 10:55:48,105 - root - DEBUG - extracting E:\Codez\zepp-bipupro-wf\d4b5975dec258609539b5856170ea3aa\0069.png...
2021-12-28 10:55:48,107 - root - DEBUG - extracting E:\Codez\zepp-bipupro-wf\d4b5975dec258609539b5856170ea3aa\0070.png...
2021-12-28 10:55:48,111 - root - DEBUG - extracting E:\Codez\zepp-bipupro-wf\d4b5975dec258609539b5856170ea3aa\0071.png...
2021-12-28 10:55:48,113 - root - DEBUG - extracting E:\Codez\zepp-bipupro-wf\d4b5975dec258609539b5856170ea3aa\0072.png...
2021-12-28 10:55:48,119 - root - DEBUG - extracting E:\Codez\zepp-bipupro-wf\d4b5975dec258609539b5856170ea3aa\0073.png...
2021-12-28 10:55:48,121 - root - DEBUG - extracting E:\Codez\zepp-bipupro-wf\d4b5975dec258609539b5856170ea3aa\0074.png...
2021-12-28 10:55:48,125 - root - DEBUG - extracting E:\Codez\zepp-bipupro-wf\d4b5975dec258609539b5856170ea3aa\0075.png...
2021-12-28 10:55:48,128 - root - DEBUG - extracting E:\Codez\zepp-bipupro-wf\d4b5975dec258609539b5856170ea3aa\0076.png...
2021-12-28 10:55:48,131 - root - DEBUG - extracting E:\Codez\zepp-bipupro-wf\d4b5975dec258609539b5856170ea3aa\0077.png...
2021-12-28 10:55:48,142 - root - DEBUG - Exporting config...
