2023-07-09 18:39:57,547 - root - DEBUG - Opening watch face 'E:\Codez\zepp-bipupro-wf\23698ccb97e4a6440c63abef13df4604.bin'
2023-07-09 18:39:57,563 - root - DEBUG - Reading parameters...
2023-07-09 18:39:57,563 - root - INFO - Reading header...
2023-07-09 18:39:57,565 - root - INFO - Header was read:
2023-07-09 18:39:57,565 - root - INFO - Signature: b'UIHH\x01\x00\xff', Unknown: 46, ParametersSize: 25, isValid: True, deviceId: 71
2023-07-09 18:39:57,566 - root - INFO - Reading parameter offsets...
2023-07-09 18:39:57,566 - root - INFO - Parameter offsets were read from file
2023-07-09 18:39:57,566 - root - INFO - Reading parameters descriptor...
2023-07-09 18:39:57,566 - root - INFO - 1 ( A): 4 bytes
2023-07-09 18:39:57,566 - root - INFO -     1 ( 8): 112 70
2023-07-09 18:39:57,566 - root - INFO -     2 (10): 17 11
2023-07-09 18:39:57,566 - root - INFO - getParameters descriptor was read:
2023-07-09 18:39:57,567 - root - INFO - ParametersTableLength: 112, ImagesCount: 17
2023-07-09 18:39:57,567 - root - INFO - Reading parameters locations...
2023-07-09 18:39:57,567 - root - INFO - 2 (12): 4 bytes
2023-07-09 18:39:57,567 - root - INFO -     1 ( 8): 0  0
2023-07-09 18:39:57,567 - root - INFO -     2 (10): 32 20
2023-07-09 18:39:57,567 - root - INFO - 5 (2A): 4 bytes
2023-07-09 18:39:57,568 - root - INFO -     1 ( 8): 32 20
2023-07-09 18:39:57,568 - root - INFO -     2 (10): 34 22
2023-07-09 18:39:57,568 - root - INFO - 20 (A2): 4 bytes
2023-07-09 18:39:57,568 - root - INFO -     1 ( 8): 66 42
2023-07-09 18:39:57,568 - root - INFO -     2 (10): 46 2E
2023-07-09 18:39:57,568 - root - INFO - Watch face parameters locations were read:
2023-07-09 18:39:57,569 - root - INFO - Reading descriptor for parameter 2
2023-07-09 18:39:57,569 - root - INFO - Descriptor offset: 0, Descriptor length: 32
2023-07-09 18:39:57,569 - root - INFO - Parsing descriptor for parameter 2...
2023-07-09 18:39:57,570 - root - INFO - 1 ( A): 6 bytes
2023-07-09 18:39:57,570 - root - INFO -     1 ( 8): 0  0
2023-07-09 18:39:57,570 - root - INFO -     2 (10): 0  0
2023-07-09 18:39:57,570 - root - INFO -     3 (18): 0  0
2023-07-09 18:39:57,570 - root - INFO - 3 (1A): 6 bytes
2023-07-09 18:39:57,570 - root - INFO -     1 ( 8): 18 12
2023-07-09 18:39:57,571 - root - INFO -     2 (10): 17 11
2023-07-09 18:39:57,571 - root - INFO -     3 (18): 1  1
2023-07-09 18:39:57,571 - root - INFO - 4 (22): 6 bytes
2023-07-09 18:39:57,571 - root - INFO -     1 ( 8): 18 12
2023-07-09 18:39:57,571 - root - INFO -     2 (10): 17 11
2023-07-09 18:39:57,571 - root - INFO -     3 (18): 1  1
2023-07-09 18:39:57,572 - root - INFO - 5 (2A): 6 bytes
2023-07-09 18:39:57,572 - root - INFO -     1 ( 8): 18 12
2023-07-09 18:39:57,572 - root - INFO -     2 (10): 17 11
2023-07-09 18:39:57,572 - root - INFO -     3 (18): 1  1
2023-07-09 18:39:57,574 - root - INFO - Reading descriptor for parameter 5
2023-07-09 18:39:57,574 - root - INFO - Descriptor offset: 32, Descriptor length: 34
2023-07-09 18:39:57,575 - root - INFO - Parsing descriptor for parameter 5...
2023-07-09 18:39:57,575 - root - INFO - 1 ( A): 32 bytes
2023-07-09 18:39:57,575 - root - INFO -     1 ( A): 24 bytes
2023-07-09 18:39:57,577 - root - INFO -         4 (22): 22 bytes
2023-07-09 18:39:57,577 - root - INFO -             1 ( 8): 218 DA
2023-07-09 18:39:57,577 - root - INFO -             2 (10): 153 99
2023-07-09 18:39:57,577 - root - INFO -             3 (18): 251 FB
2023-07-09 18:39:57,578 - root - INFO -             4 (20): 170 AA
2023-07-09 18:39:57,578 - root - INFO -             5 (28): 18 12
2023-07-09 18:39:57,578 - root - INFO -             6 (30): 0  0
2023-07-09 18:39:57,578 - root - INFO -             7 (38): 0  0
2023-07-09 18:39:57,579 - root - INFO -             8 (40): 2  2
2023-07-09 18:39:57,579 - root - INFO -             9 (48): 10  A
2023-07-09 18:39:57,579 - root - INFO -     4 (20): 1  1
2023-07-09 18:39:57,579 - root - INFO -     5 (28): 1  1
2023-07-09 18:39:57,579 - root - INFO -     6 (30): 0  0
2023-07-09 18:39:57,580 - root - INFO - Reading descriptor for parameter 20
2023-07-09 18:39:57,581 - root - INFO - Descriptor offset: 66, Descriptor length: 46
2023-07-09 18:39:57,581 - root - INFO - Parsing descriptor for parameter 20...
2023-07-09 18:39:57,581 - root - INFO - 2 (12): 6 bytes
2023-07-09 18:39:57,581 - root - INFO -     1 ( 8): 151 97
2023-07-09 18:39:57,581 - root - INFO -     2 (10): 160 A0
2023-07-09 18:39:57,581 - root - INFO - 3 (1A): 4 bytes
2023-07-09 18:39:57,582 - root - INFO -     1 ( 8): 12  C
2023-07-09 18:39:57,582 - root - INFO -     2 (10): 74 4A
2023-07-09 18:39:57,582 - root - INFO - 4 (22): 14 bytes
2023-07-09 18:39:57,582 - root - INFO -     1 ( 8): 13  D
2023-07-09 18:39:57,582 - root - INFO -     2 (10): 125 7D
2023-07-09 18:39:57,583 - root - INFO -     4 (22): 8 bytes
2023-07-09 18:39:57,583 - root - INFO -         1 ( 8): 141 8D
2023-07-09 18:39:57,583 - root - INFO -         2 (10): 150 96
2023-07-09 18:39:57,583 - root - INFO -         3 (18): 16 10
2023-07-09 18:39:57,583 - root - INFO - 5 (2A): 14 bytes
2023-07-09 18:39:57,583 - root - INFO -     1 ( 8): 14  E
2023-07-09 18:39:57,584 - root - INFO -     2 (10): 125 7D
2023-07-09 18:39:57,584 - root - INFO -     4 (22): 8 bytes
2023-07-09 18:39:57,584 - root - INFO -         1 ( 8): 146 92
2023-07-09 18:39:57,584 - root - INFO -         2 (10): 155 9B
2023-07-09 18:39:57,584 - root - INFO -         3 (18): 15  F
2023-07-09 18:39:57,595 - root - INFO - Reading resources offsets table with 17 elements (68 bytes)
2023-07-09 18:39:57,595 - root - INFO - Resource 0 offset: 292, length: 193296...
2023-07-09 18:39:57,595 - root - DEBUG - Reading resource 0...
2023-07-09 18:39:57,652 - root - INFO - The image is bmc.
2023-07-09 18:39:57,652 - root - INFO - Reading image header(readHeader16C)...
2023-07-09 18:39:57,653 - root - INFO - Image header was read:
2023-07-09 18:39:57,653 - root - INFO - Width: 302, Height: 320, RowLength: 604
2023-07-09 18:39:57,653 - root - INFO - _step: 2, unknown2: 0,
2023-07-09 18:39:57,653 - root - INFO - BPP: 16, Transparency: False
2023-07-09 18:39:58,690 - root - INFO - Resource 1 offset: 193588, length: 86472...
2023-07-09 18:39:58,690 - root - DEBUG - Reading resource 1...
2023-07-09 18:39:58,690 - root - INFO - The image is bmc.
2023-07-09 18:39:58,691 - root - INFO - Reading image header(readHeader16C)...
2023-07-09 18:39:58,691 - root - INFO - Image header was read:
2023-07-09 18:39:58,691 - root - INFO - Width: 202, Height: 214, RowLength: 404
2023-07-09 18:39:58,691 - root - INFO - _step: 2, unknown2: 0,
2023-07-09 18:39:58,691 - root - INFO - BPP: 16, Transparency: False
2023-07-09 18:39:59,005 - root - INFO - Resource 2 offset: 280060, length: 298...
2023-07-09 18:39:59,005 - root - DEBUG - Reading resource 2...
2023-07-09 18:39:59,005 - root - INFO - The image is bme.
2023-07-09 18:39:59,005 - root - INFO - Reading image header(readHeader16E)...
2023-07-09 18:39:59,005 - root - INFO - Image header was read:
2023-07-09 18:39:59,005 - root - INFO - Width: 12, Height: 15, RowLength: 24
2023-07-09 18:39:59,005 - root - INFO - datalength: 282, _step: 2
2023-07-09 18:39:59,006 - root - INFO - BPP: 16, Transparency: False
2023-07-09 18:39:59,006 - root - INFO - Resource 3 offset: 280358, length: 182...
2023-07-09 18:39:59,006 - root - DEBUG - Reading resource 3...
2023-07-09 18:39:59,006 - root - INFO - The image is bme.
2023-07-09 18:39:59,007 - root - INFO - Reading image header(readHeader16E)...
2023-07-09 18:39:59,007 - root - INFO - Image header was read:
2023-07-09 18:39:59,007 - root - INFO - Width: 11, Height: 15, RowLength: 22
2023-07-09 18:39:59,007 - root - INFO - datalength: 166, _step: 2
2023-07-09 18:39:59,007 - root - INFO - BPP: 16, Transparency: False
2023-07-09 18:39:59,007 - root - INFO - Resource 4 offset: 280540, length: 262...
2023-07-09 18:39:59,007 - root - DEBUG - Reading resource 4...
2023-07-09 18:39:59,007 - root - INFO - The image is bme.
2023-07-09 18:39:59,007 - root - INFO - Reading image header(readHeader16E)...
2023-07-09 18:39:59,008 - root - INFO - Image header was read:
2023-07-09 18:39:59,008 - root - INFO - Width: 11, Height: 15, RowLength: 22
2023-07-09 18:39:59,008 - root - INFO - datalength: 246, _step: 2
2023-07-09 18:39:59,008 - root - INFO - BPP: 16, Transparency: False
2023-07-09 18:39:59,009 - root - INFO - Resource 5 offset: 280802, length: 260...
2023-07-09 18:39:59,009 - root - DEBUG - Reading resource 5...
2023-07-09 18:39:59,009 - root - INFO - The image is bme.
2023-07-09 18:39:59,009 - root - INFO - Reading image header(readHeader16E)...
2023-07-09 18:39:59,009 - root - INFO - Image header was read:
2023-07-09 18:39:59,009 - root - INFO - Width: 11, Height: 15, RowLength: 22
2023-07-09 18:39:59,009 - root - INFO - datalength: 244, _step: 2
2023-07-09 18:39:59,009 - root - INFO - BPP: 16, Transparency: False
2023-07-09 18:39:59,010 - root - INFO - Resource 6 offset: 281062, length: 242...
2023-07-09 18:39:59,010 - root - DEBUG - Reading resource 6...
2023-07-09 18:39:59,010 - root - INFO - The image is bme.
2023-07-09 18:39:59,010 - root - INFO - Reading image header(readHeader16E)...
2023-07-09 18:39:59,011 - root - INFO - Image header was read:
2023-07-09 18:39:59,011 - root - INFO - Width: 11, Height: 15, RowLength: 22
2023-07-09 18:39:59,011 - root - INFO - datalength: 226, _step: 2
2023-07-09 18:39:59,011 - root - INFO - BPP: 16, Transparency: False
2023-07-09 18:39:59,012 - root - INFO - Resource 7 offset: 281304, length: 278...
2023-07-09 18:39:59,012 - root - DEBUG - Reading resource 7...
2023-07-09 18:39:59,012 - root - INFO - The image is bme.
2023-07-09 18:39:59,012 - root - INFO - Reading image header(readHeader16E)...
2023-07-09 18:39:59,012 - root - INFO - Image header was read:
2023-07-09 18:39:59,012 - root - INFO - Width: 11, Height: 15, RowLength: 22
2023-07-09 18:39:59,013 - root - INFO - datalength: 262, _step: 2
2023-07-09 18:39:59,013 - root - INFO - BPP: 16, Transparency: False
2023-07-09 18:39:59,013 - root - INFO - Resource 8 offset: 281582, length: 292...
2023-07-09 18:39:59,013 - root - DEBUG - Reading resource 8...
2023-07-09 18:39:59,014 - root - INFO - The image is bme.
2023-07-09 18:39:59,014 - root - INFO - Reading image header(readHeader16E)...
2023-07-09 18:39:59,014 - root - INFO - Image header was read:
2023-07-09 18:39:59,014 - root - INFO - Width: 11, Height: 15, RowLength: 22
2023-07-09 18:39:59,014 - root - INFO - datalength: 276, _step: 2
2023-07-09 18:39:59,014 - root - INFO - BPP: 16, Transparency: False
2023-07-09 18:39:59,015 - root - INFO - Resource 9 offset: 281874, length: 206...
2023-07-09 18:39:59,015 - root - DEBUG - Reading resource 9...
2023-07-09 18:39:59,015 - root - INFO - The image is bme.
2023-07-09 18:39:59,015 - root - INFO - Reading image header(readHeader16E)...
2023-07-09 18:39:59,015 - root - INFO - Image header was read:
2023-07-09 18:39:59,015 - root - INFO - Width: 11, Height: 15, RowLength: 22
2023-07-09 18:39:59,015 - root - INFO - datalength: 190, _step: 2
2023-07-09 18:39:59,015 - root - INFO - BPP: 16, Transparency: False
2023-07-09 18:39:59,017 - root - INFO - Resource 10 offset: 282080, length: 306...
2023-07-09 18:39:59,017 - root - DEBUG - Reading resource 10...
2023-07-09 18:39:59,017 - root - INFO - The image is bme.
2023-07-09 18:39:59,017 - root - INFO - Reading image header(readHeader16E)...
2023-07-09 18:39:59,017 - root - INFO - Image header was read:
2023-07-09 18:39:59,017 - root - INFO - Width: 12, Height: 15, RowLength: 24
2023-07-09 18:39:59,018 - root - INFO - datalength: 290, _step: 2
2023-07-09 18:39:59,018 - root - INFO - BPP: 16, Transparency: False
2023-07-09 18:39:59,018 - root - INFO - Resource 11 offset: 282386, length: 308...
2023-07-09 18:39:59,018 - root - DEBUG - Reading resource 11...
2023-07-09 18:39:59,019 - root - INFO - The image is bme.
2023-07-09 18:39:59,019 - root - INFO - Reading image header(readHeader16E)...
2023-07-09 18:39:59,019 - root - INFO - Image header was read:
2023-07-09 18:39:59,019 - root - INFO - Width: 11, Height: 15, RowLength: 22
2023-07-09 18:39:59,019 - root - INFO - datalength: 292, _step: 2
2023-07-09 18:39:59,019 - root - INFO - BPP: 16, Transparency: False
2023-07-09 18:39:59,020 - root - INFO - Resource 12 offset: 282694, length: 1816...
2023-07-09 18:39:59,020 - root - DEBUG - Reading resource 12...
2023-07-09 18:39:59,020 - root - INFO - The image is bmc.
2023-07-09 18:39:59,020 - root - INFO - Reading image header(readHeader16C)...
2023-07-09 18:39:59,020 - root - INFO - Image header was read:
2023-07-09 18:39:59,021 - root - INFO - Width: 8, Height: 75, RowLength: 24
2023-07-09 18:39:59,021 - root - INFO - _step: 3, unknown2: 0,
2023-07-09 18:39:59,021 - root - INFO - BPP: 24, Transparency: False
2023-07-09 18:39:59,024 - root - INFO - Resource 13 offset: 284510, length: 3040...
2023-07-09 18:39:59,025 - root - DEBUG - Reading resource 13...
2023-07-09 18:39:59,025 - root - INFO - The image is bmc.
2023-07-09 18:39:59,025 - root - INFO - Reading image header(readHeader16C)...
2023-07-09 18:39:59,025 - root - INFO - Image header was read:
2023-07-09 18:39:59,025 - root - INFO - Width: 8, Height: 126, RowLength: 24
2023-07-09 18:39:59,025 - root - INFO - _step: 3, unknown2: 0,
2023-07-09 18:39:59,025 - root - INFO - BPP: 24, Transparency: False
2023-07-09 18:39:59,033 - root - INFO - Resource 14 offset: 287550, length: 6064...
2023-07-09 18:39:59,033 - root - DEBUG - Reading resource 14...
2023-07-09 18:39:59,033 - root - INFO - The image is bmc.
2023-07-09 18:39:59,033 - root - INFO - Reading image header(readHeader16C)...
2023-07-09 18:39:59,033 - root - INFO - Image header was read:
2023-07-09 18:39:59,033 - root - INFO - Width: 12, Height: 168, RowLength: 36
2023-07-09 18:39:59,033 - root - INFO - _step: 3, unknown2: 0,
2023-07-09 18:39:59,034 - root - INFO - BPP: 24, Transparency: False
2023-07-09 18:39:59,047 - root - INFO - Resource 15 offset: 293614, length: 316...
2023-07-09 18:39:59,047 - root - DEBUG - Reading resource 15...
2023-07-09 18:39:59,047 - root - INFO - The image is bmc.
2023-07-09 18:39:59,048 - root - INFO - Reading image header(readHeader16C)...
2023-07-09 18:39:59,048 - root - INFO - Image header was read:
2023-07-09 18:39:59,048 - root - INFO - Width: 10, Height: 10, RowLength: 30
2023-07-09 18:39:59,048 - root - INFO - _step: 3, unknown2: 0,
2023-07-09 18:39:59,048 - root - INFO - BPP: 24, Transparency: False
2023-07-09 18:39:59,049 - root - INFO - Resource 16 offset: 293930, length: 676...
2023-07-09 18:39:59,049 - root - DEBUG - Reading resource 16...
2023-07-09 18:39:59,049 - root - INFO - The image is bme.
2023-07-09 18:39:59,049 - root - INFO - Reading image header(readHeader16E)...
2023-07-09 18:39:59,049 - root - INFO - Image header was read:
2023-07-09 18:39:59,050 - root - INFO - Width: 20, Height: 20, RowLength: 40
2023-07-09 18:39:59,050 - root - INFO - datalength: 660, _step: 2
2023-07-09 18:39:59,050 - root - INFO - BPP: 16, Transparency: False
2023-07-09 18:39:59,052 - root - DEBUG - Parsing parameters...
2023-07-09 18:39:59,194 - root - DEBUG - 0 Value: None
2023-07-09 18:39:59,194 - root - DEBUG - 0.1 Value: 71
2023-07-09 18:39:59,194 - root - DEBUG - 2 Value: None
2023-07-09 18:39:59,194 - root - DEBUG - 2.1 Value: None
2023-07-09 18:39:59,194 - root - DEBUG - 2.1.1 Value: 0
2023-07-09 18:39:59,195 - root - DEBUG - 2.1.2 Value: 0
2023-07-09 18:39:59,195 - root - DEBUG - 2.1.3 Value: 0
2023-07-09 18:39:59,195 - root - DEBUG - 2.3 Value: None
2023-07-09 18:39:59,195 - root - DEBUG - 2.3.1 Value: 18
2023-07-09 18:39:59,195 - root - DEBUG - 2.3.2 Value: 17
2023-07-09 18:39:59,195 - root - DEBUG - 2.3.3 Value: 1
2023-07-09 18:39:59,195 - root - DEBUG - 2.4 Value: None
2023-07-09 18:39:59,195 - root - DEBUG - 2.4.1 Value: 18
2023-07-09 18:39:59,195 - root - DEBUG - 2.4.2 Value: 17
2023-07-09 18:39:59,197 - root - DEBUG - 2.4.3 Value: 1
2023-07-09 18:39:59,197 - root - DEBUG - 2.5 Value: None
2023-07-09 18:39:59,197 - root - DEBUG - 2.5.1 Value: 18
2023-07-09 18:39:59,197 - root - DEBUG - 2.5.2 Value: 17
2023-07-09 18:39:59,197 - root - DEBUG - 2.5.3 Value: 1
2023-07-09 18:39:59,197 - root - DEBUG - 5 Value: None
2023-07-09 18:39:59,198 - root - DEBUG - 5.1 Value: None
2023-07-09 18:39:59,199 - root - DEBUG - 5.1.1 Value: None
2023-07-09 18:39:59,199 - root - DEBUG - 5.1.1.4 Value: None
2023-07-09 18:39:59,199 - root - DEBUG - 5.1.1.4.1 Value: 218
2023-07-09 18:39:59,199 - root - DEBUG - 5.1.1.4.2 Value: 153
2023-07-09 18:39:59,199 - root - DEBUG - 5.1.1.4.3 Value: 251
2023-07-09 18:39:59,199 - root - DEBUG - 5.1.1.4.4 Value: 170
2023-07-09 18:39:59,199 - root - DEBUG - 5.1.1.4.5 Value: 18
2023-07-09 18:39:59,199 - root - DEBUG - 5.1.1.4.6 Value: 0
2023-07-09 18:39:59,200 - root - DEBUG - 5.1.1.4.7 Value: 0
2023-07-09 18:39:59,200 - root - DEBUG - 5.1.1.4.8 Value: 2
2023-07-09 18:39:59,200 - root - DEBUG - 5.1.1.4.9 Value: 10
2023-07-09 18:39:59,200 - root - DEBUG - 5.1.4 Value: 1
2023-07-09 18:39:59,200 - root - DEBUG - 5.1.5 Value: 1
2023-07-09 18:39:59,200 - root - DEBUG - 5.1.6 Value: 0
2023-07-09 18:39:59,200 - root - DEBUG - 20 Value: None
2023-07-09 18:39:59,200 - root - DEBUG - 20.2 Value: None
2023-07-09 18:39:59,201 - root - DEBUG - 20.2.1 Value: 151
2023-07-09 18:39:59,201 - root - DEBUG - 20.2.2 Value: 160
2023-07-09 18:39:59,201 - root - DEBUG - 20.3 Value: None
2023-07-09 18:39:59,201 - root - DEBUG - 20.3.1 Value: 12
2023-07-09 18:39:59,201 - root - DEBUG - 20.3.2 Value: 74
2023-07-09 18:39:59,201 - root - DEBUG - 20.4 Value: None
2023-07-09 18:39:59,201 - root - DEBUG - 20.4.1 Value: 13
2023-07-09 18:39:59,201 - root - DEBUG - 20.4.2 Value: 125
2023-07-09 18:39:59,202 - root - DEBUG - 20.4.4 Value: None
2023-07-09 18:39:59,202 - root - DEBUG - 20.4.4.1 Value: 141
2023-07-09 18:39:59,202 - root - DEBUG - 20.4.4.2 Value: 150
2023-07-09 18:39:59,202 - root - DEBUG - 20.4.4.3 Value: 16
2023-07-09 18:39:59,202 - root - DEBUG - 20.5 Value: None
2023-07-09 18:39:59,202 - root - DEBUG - 20.5.1 Value: 14
2023-07-09 18:39:59,202 - root - DEBUG - 20.5.2 Value: 125
2023-07-09 18:39:59,202 - root - DEBUG - 20.5.4 Value: None
2023-07-09 18:39:59,203 - root - DEBUG - 20.5.4.1 Value: 146
2023-07-09 18:39:59,203 - root - DEBUG - 20.5.4.2 Value: 155
2023-07-09 18:39:59,203 - root - DEBUG - 20.5.4.3 Value: 15
2023-07-09 18:39:59,203 - root - DEBUG - 0-Info
2023-07-09 18:39:59,203 - root - DEBUG - 0.1-DeviceId
2023-07-09 18:39:59,203 - root - DEBUG - 2-Background
2023-07-09 18:39:59,204 - root - DEBUG - 2.1-Image
2023-07-09 18:39:59,204 - root - DEBUG - 2.1.1-X
2023-07-09 18:39:59,204 - root - DEBUG - 2.1.2-Y
2023-07-09 18:39:59,204 - root - DEBUG - 2.1.3-ImageIndex
2023-07-09 18:39:59,204 - root - DEBUG - 2.3-Preview
2023-07-09 18:39:59,204 - root - DEBUG - 2.3.1-X
2023-07-09 18:39:59,205 - root - DEBUG - 2.3.2-Y
2023-07-09 18:39:59,205 - root - DEBUG - 2.3.3-ImageIndex
2023-07-09 18:39:59,205 - root - DEBUG - 2.4-PreviewTradChinese
2023-07-09 18:39:59,205 - root - DEBUG - 2.4.1-X
2023-07-09 18:39:59,205 - root - DEBUG - 2.4.2-Y
2023-07-09 18:39:59,205 - root - DEBUG - 2.4.3-ImageIndex
2023-07-09 18:39:59,205 - root - DEBUG - 2.5-PreviewChinese
2023-07-09 18:39:59,207 - root - DEBUG - 2.5.1-X
2023-07-09 18:39:59,207 - root - DEBUG - 2.5.2-Y
2023-07-09 18:39:59,207 - root - DEBUG - 2.5.3-ImageIndex
2023-07-09 18:39:59,207 - root - DEBUG - 5-DateBlock
2023-07-09 18:39:59,207 - root - DEBUG - 5.1-Date
2023-07-09 18:39:59,207 - root - DEBUG - 5.1.1-MonthAndDayAlt
2023-07-09 18:39:59,208 - root - DEBUG - 5.1.1.4-Day
2023-07-09 18:39:59,208 - root - DEBUG - 5.1.1.4.1-TopLeftX
2023-07-09 18:39:59,208 - root - DEBUG - 5.1.1.4.2-TopLeftY
2023-07-09 18:39:59,208 - root - DEBUG - 5.1.1.4.3-BottomRightX
2023-07-09 18:39:59,208 - root - DEBUG - 5.1.1.4.4-BottomRightY
2023-07-09 18:39:59,209 - root - DEBUG - 5.1.1.4.5-Alignment
2023-07-09 18:39:59,209 - root - DEBUG - 5.1.1.4.6-Spacing
2023-07-09 18:39:59,209 - root - DEBUG - 5.1.1.4.7-VerticalOffset
2023-07-09 18:39:59,209 - root - DEBUG - 5.1.1.4.8-ImageIndex
2023-07-09 18:39:59,209 - root - DEBUG - 5.1.1.4.9-ImagesCount
2023-07-09 18:39:59,209 - root - DEBUG - 5.1.4-PaddingZeroMonth
2023-07-09 18:39:59,210 - root - DEBUG - 5.1.5-PaddingZeroDay
2023-07-09 18:39:59,210 - root - DEBUG - 5.1.6-UnknownBoolean6
2023-07-09 18:39:59,210 - root - DEBUG - 20-TimeAnalog
2023-07-09 18:39:59,210 - root - DEBUG - 20.2-CommonCenterCoordinates
2023-07-09 18:39:59,210 - root - DEBUG - 20.2.1-X
2023-07-09 18:39:59,210 - root - DEBUG - 20.2.2-Y
2023-07-09 18:39:59,211 - root - DEBUG - 20.3-Hours
2023-07-09 18:39:59,211 - root - DEBUG - 20.3.1-ImageIndex
2023-07-09 18:39:59,211 - root - DEBUG - 20.3.2-PointerCenterOfRotationY
2023-07-09 18:39:59,211 - root - DEBUG - 20.4-Minutes
2023-07-09 18:39:59,212 - root - DEBUG - 20.4.1-ImageIndex
2023-07-09 18:39:59,212 - root - DEBUG - 20.4.2-PointerCenterOfRotationY
2023-07-09 18:39:59,212 - root - DEBUG - 20.4.4-CoverImage
2023-07-09 18:39:59,212 - root - DEBUG - 20.4.4.1-X
2023-07-09 18:39:59,212 - root - DEBUG - 20.4.4.2-Y
2023-07-09 18:39:59,212 - root - DEBUG - 20.4.4.3-ImageIndex
2023-07-09 18:39:59,214 - root - DEBUG - 20.5-Seconds
2023-07-09 18:39:59,214 - root - DEBUG - 20.5.1-ImageIndex
2023-07-09 18:39:59,214 - root - DEBUG - 20.5.2-PointerCenterOfRotationY
2023-07-09 18:39:59,215 - root - DEBUG - 20.5.4-CoverImage
2023-07-09 18:39:59,215 - root - DEBUG - 20.5.4.1-X
2023-07-09 18:39:59,215 - root - DEBUG - 20.5.4.2-Y
2023-07-09 18:39:59,215 - root - DEBUG - 20.5.4.3-ImageIndex
2023-07-09 18:39:59,215 - root - DEBUG - generatePreviews
2023-07-09 18:39:59,216 - root - DEBUG - Generating previews...
2023-07-09 18:39:59,222 - root - DEBUG - Generating states done...
2023-07-09 18:39:59,243 - root - DEBUG - >>>>>>>>>>>> 0 <watchFaceParser.models.parameter.Parameter object at 0x000002B0B25FB760>
2023-07-09 18:39:59,244 - root - DEBUG - >>>>>>>>>>>> 2 <watchFaceParser.models.parameter.Parameter object at 0x000002B0B25F1F10>
2023-07-09 18:39:59,255 - root - DEBUG - >>>>>>>>>>>> 5 <watchFaceParser.models.parameter.Parameter object at 0x000002B0B25F9160>
2023-07-09 18:39:59,275 - root - DEBUG - >>>>>>>>>>>> 20 <watchFaceParser.models.parameter.Parameter object at 0x000002B0B25F9FD0>
2023-07-09 18:39:59,353 - root - DEBUG - Generating static preview gen done...
2023-07-09 18:39:59,496 - root - DEBUG - Generating static preview save done...
2023-07-09 18:39:59,496 - root - DEBUG - Generating anim preview gen done...
2023-07-09 18:39:59,497 - root - DEBUG - >>>>>>>>>>>> 0 <watchFaceParser.models.parameter.Parameter object at 0x000002B0B25FB760>
2023-07-09 18:39:59,497 - root - DEBUG - >>>>>>>>>>>> 2 <watchFaceParser.models.parameter.Parameter object at 0x000002B0B25F1F10>
2023-07-09 18:39:59,497 - root - DEBUG - >>>>>>>>>>>> 5 <watchFaceParser.models.parameter.Parameter object at 0x000002B0B25F9160>
2023-07-09 18:39:59,497 - root - DEBUG - >>>>>>>>>>>> 20 <watchFaceParser.models.parameter.Parameter object at 0x000002B0B25F9FD0>
2023-07-09 18:40:00,527 - root - DEBUG - generatePreviews done
2023-07-09 18:40:00,527 - root - DEBUG - Exporting resources to 'E:\Codez\zepp-bipupro-wf\23698ccb97e4a6440c63abef13df4604'
2023-07-09 18:40:00,531 - root - DEBUG - extracting E:\Codez\zepp-bipupro-wf\23698ccb97e4a6440c63abef13df4604\0000.png...
2023-07-09 18:40:00,580 - root - DEBUG - extracting E:\Codez\zepp-bipupro-wf\23698ccb97e4a6440c63abef13df4604\0001.png...
2023-07-09 18:40:00,605 - root - DEBUG - extracting E:\Codez\zepp-bipupro-wf\23698ccb97e4a6440c63abef13df4604\0002.png...
2023-07-09 18:40:00,609 - root - DEBUG - extracting E:\Codez\zepp-bipupro-wf\23698ccb97e4a6440c63abef13df4604\0003.png...
2023-07-09 18:40:00,610 - root - DEBUG - extracting E:\Codez\zepp-bipupro-wf\23698ccb97e4a6440c63abef13df4604\0004.png...
2023-07-09 18:40:00,611 - root - DEBUG - extracting E:\Codez\zepp-bipupro-wf\23698ccb97e4a6440c63abef13df4604\0005.png...
2023-07-09 18:40:00,612 - root - DEBUG - extracting E:\Codez\zepp-bipupro-wf\23698ccb97e4a6440c63abef13df4604\0006.png...
2023-07-09 18:40:00,613 - root - DEBUG - extracting E:\Codez\zepp-bipupro-wf\23698ccb97e4a6440c63abef13df4604\0007.png...
2023-07-09 18:40:00,615 - root - DEBUG - extracting E:\Codez\zepp-bipupro-wf\23698ccb97e4a6440c63abef13df4604\0008.png...
2023-07-09 18:40:00,616 - root - DEBUG - extracting E:\Codez\zepp-bipupro-wf\23698ccb97e4a6440c63abef13df4604\0009.png...
2023-07-09 18:40:00,617 - root - DEBUG - extracting E:\Codez\zepp-bipupro-wf\23698ccb97e4a6440c63abef13df4604\0010.png...
2023-07-09 18:40:00,618 - root - DEBUG - extracting E:\Codez\zepp-bipupro-wf\23698ccb97e4a6440c63abef13df4604\0011.png...
2023-07-09 18:40:00,619 - root - DEBUG - extracting E:\Codez\zepp-bipupro-wf\23698ccb97e4a6440c63abef13df4604\0012.png...
2023-07-09 18:40:00,620 - root - DEBUG - extracting E:\Codez\zepp-bipupro-wf\23698ccb97e4a6440c63abef13df4604\0013.png...
2023-07-09 18:40:00,621 - root - DEBUG - extracting E:\Codez\zepp-bipupro-wf\23698ccb97e4a6440c63abef13df4604\0014.png...
2023-07-09 18:40:00,622 - root - DEBUG - extracting E:\Codez\zepp-bipupro-wf\23698ccb97e4a6440c63abef13df4604\0015.png...
2023-07-09 18:40:00,623 - root - DEBUG - extracting E:\Codez\zepp-bipupro-wf\23698ccb97e4a6440c63abef13df4604\0016.png...
2023-07-09 18:40:00,624 - root - DEBUG - Exporting config...
