2022-01-06 08:42:02,925 - root - DEBUG - Opening watch face 'E:\Codez\zepp-bipupro-wf\5bd18e5a9f7568d42f984fe540d992e9.bin'
2022-01-06 08:42:02,941 - root - DEBUG - Reading parameters...
2022-01-06 08:42:02,941 - root - INFO - Reading header...
2022-01-06 08:42:02,941 - root - INFO - Header was read:
2022-01-06 08:42:02,941 - root - INFO - Signature: b'UIHH\x01\x00\xff', Unknown: 76, ParametersSize: 53, isValid: True, deviceId: 71
2022-01-06 08:42:02,941 - root - INFO - Reading parameter offsets...
2022-01-06 08:42:02,941 - root - INFO - Parameter offsets were read from file
2022-01-06 08:42:02,941 - root - INFO - Reading parameters descriptor...
2022-01-06 08:42:02,941 - root - INFO - 1 ( A): 5 bytes
2022-01-06 08:42:02,941 - root - INFO -     1 ( 8): 278 116
2022-01-06 08:42:02,941 - root - INFO -     2 (10): 89 59
2022-01-06 08:42:02,941 - root - INFO - getParameters descriptor was read:
2022-01-06 08:42:02,941 - root - INFO - ParametersTableLength: 278, ImagesCount: 89
2022-01-06 08:42:02,941 - root - INFO - Reading parameters locations...
2022-01-06 08:42:02,941 - root - INFO - 2 (12): 4 bytes
2022-01-06 08:42:02,941 - root - INFO -     1 ( 8): 0  0
2022-01-06 08:42:02,941 - root - INFO -     2 (10): 32 20
2022-01-06 08:42:02,941 - root - INFO - 3 (1A): 4 bytes
2022-01-06 08:42:02,941 - root - INFO -     1 ( 8): 32 20
2022-01-06 08:42:02,941 - root - INFO -     2 (10): 52 34
2022-01-06 08:42:02,941 - root - INFO - 4 (22): 5 bytes
2022-01-06 08:42:02,941 - root - INFO -     1 ( 8): 129 81
2022-01-06 08:42:02,941 - root - INFO -     2 (10): 76 4C
2022-01-06 08:42:02,941 - root - INFO - 5 (2A): 4 bytes
2022-01-06 08:42:02,941 - root - INFO -     1 ( 8): 84 54
2022-01-06 08:42:02,941 - root - INFO -     2 (10): 45 2D
2022-01-06 08:42:02,941 - root - INFO - 6 (32): 5 bytes
2022-01-06 08:42:02,941 - root - INFO -     1 ( 8): 205 CD
2022-01-06 08:42:02,941 - root - INFO -     2 (10): 40 28
2022-01-06 08:42:02,941 - root - INFO - 7 (3A): 5 bytes
2022-01-06 08:42:02,941 - root - INFO -     1 ( 8): 245 F5
2022-01-06 08:42:02,941 - root - INFO -     2 (10): 22 16
2022-01-06 08:42:02,941 - root - INFO - 9 (4A): 5 bytes
2022-01-06 08:42:02,941 - root - INFO -     1 ( 8): 267 10B
2022-01-06 08:42:02,941 - root - INFO -     2 (10): 11  B
2022-01-06 08:42:02,941 - root - INFO - Watch face parameters locations were read:
2022-01-06 08:42:02,941 - root - INFO - Reading descriptor for parameter 2
2022-01-06 08:42:02,941 - root - INFO - Descriptor offset: 0, Descriptor length: 32
2022-01-06 08:42:02,941 - root - INFO - Parsing descriptor for parameter 2...
2022-01-06 08:42:02,941 - root - INFO - 1 ( A): 6 bytes
2022-01-06 08:42:02,941 - root - INFO -     1 ( 8): 0  0
2022-01-06 08:42:02,941 - root - INFO -     2 (10): 0  0
2022-01-06 08:42:02,941 - root - INFO -     3 (18): 0  0
2022-01-06 08:42:02,941 - root - INFO - 3 (1A): 6 bytes
2022-01-06 08:42:02,941 - root - INFO -     1 ( 8): 0  0
2022-01-06 08:42:02,941 - root - INFO -     2 (10): 0  0
2022-01-06 08:42:02,941 - root - INFO -     3 (18): 1  1
2022-01-06 08:42:02,941 - root - INFO - 4 (22): 6 bytes
2022-01-06 08:42:02,941 - root - INFO -     1 ( 8): 0  0
2022-01-06 08:42:02,941 - root - INFO -     2 (10): 0  0
2022-01-06 08:42:02,941 - root - INFO -     3 (18): 1  1
2022-01-06 08:42:02,941 - root - INFO - 5 (2A): 6 bytes
2022-01-06 08:42:02,941 - root - INFO -     1 ( 8): 0  0
2022-01-06 08:42:02,941 - root - INFO -     2 (10): 0  0
2022-01-06 08:42:02,941 - root - INFO -     3 (18): 1  1
2022-01-06 08:42:02,941 - root - INFO - Reading descriptor for parameter 3
2022-01-06 08:42:02,941 - root - INFO - Descriptor offset: 32, Descriptor length: 52
2022-01-06 08:42:02,941 - root - INFO - Parsing descriptor for parameter 3...
2022-01-06 08:42:02,941 - root - INFO - 1 ( A): 50 bytes
2022-01-06 08:42:02,941 - root - INFO -     1 ( A): 20 bytes
2022-01-06 08:42:02,941 - root - INFO -         1 ( A): 8 bytes
2022-01-06 08:42:02,941 - root - INFO -             1 ( 8): 27 1B
2022-01-06 08:42:02,941 - root - INFO -             2 (10): 116 74
2022-01-06 08:42:02,941 - root - INFO -             3 (18): 2  2
2022-01-06 08:42:02,941 - root - INFO -             4 (20): 10  A
2022-01-06 08:42:02,941 - root - INFO -         2 (12): 8 bytes
2022-01-06 08:42:02,941 - root - INFO -             1 ( 8): 85 55
2022-01-06 08:42:02,941 - root - INFO -             2 (10): 116 74
2022-01-06 08:42:02,941 - root - INFO -             3 (18): 2  2
2022-01-06 08:42:02,941 - root - INFO -             4 (20): 10  A
2022-01-06 08:42:02,941 - root - INFO -     2 (12): 22 bytes
2022-01-06 08:42:02,941 - root - INFO -         1 ( A): 9 bytes
2022-01-06 08:42:02,941 - root - INFO -             1 ( 8): 167 A7
2022-01-06 08:42:02,941 - root - INFO -             2 (10): 116 74
2022-01-06 08:42:02,941 - root - INFO -             3 (18): 2  2
2022-01-06 08:42:02,941 - root - INFO -             4 (20): 10  A
2022-01-06 08:42:02,941 - root - INFO -         2 (12): 9 bytes
2022-01-06 08:42:02,941 - root - INFO -             1 ( 8): 226 E2
2022-01-06 08:42:02,941 - root - INFO -             2 (10): 116 74
2022-01-06 08:42:02,941 - root - INFO -             3 (18): 2  2
2022-01-06 08:42:02,941 - root - INFO -             4 (20): 10  A
2022-01-06 08:42:02,941 - root - INFO -     7 (38): 0  0
2022-01-06 08:42:02,941 - root - INFO -     8 (40): 1  1
2022-01-06 08:42:02,956 - root - INFO - Reading descriptor for parameter 4
2022-01-06 08:42:02,956 - root - INFO - Descriptor offset: 129, Descriptor length: 76
2022-01-06 08:42:02,956 - root - INFO - Parsing descriptor for parameter 4...
2022-01-06 08:42:02,956 - root - INFO - 3 (1A): 22 bytes
2022-01-06 08:42:02,956 - root - INFO -     1 ( A): 20 bytes
2022-01-06 08:42:02,956 - root - INFO -         1 ( 8): 190 BE
2022-01-06 08:42:02,956 - root - INFO -         2 (10): 8  8
2022-01-06 08:42:02,956 - root - INFO -         3 (18): 233 E9
2022-01-06 08:42:02,956 - root - INFO -         4 (20): 30 1E
2022-01-06 08:42:02,956 - root - INFO -         5 (28): 20 14
2022-01-06 08:42:02,956 - root - INFO -         6 (30): 0  0
2022-01-06 08:42:02,956 - root - INFO -         7 (38): 0  0
2022-01-06 08:42:02,956 - root - INFO -         8 (40): 29 1D
2022-01-06 08:42:02,956 - root - INFO -         9 (48): 10  A
2022-01-06 08:42:02,956 - root - INFO - 4 (22): 24 bytes
2022-01-06 08:42:02,956 - root - INFO -     1 ( A): 20 bytes
2022-01-06 08:42:02,956 - root - INFO -         1 ( 8): 190 BE
2022-01-06 08:42:02,956 - root - INFO -         2 (10): 54 36
2022-01-06 08:42:02,956 - root - INFO -         3 (18): 232 E8
2022-01-06 08:42:02,956 - root - INFO -         4 (20): 76 4C
2022-01-06 08:42:02,956 - root - INFO -         5 (28): 20 14
2022-01-06 08:42:02,956 - root - INFO -         6 (30): 0  0
2022-01-06 08:42:02,956 - root - INFO -         7 (38): 0  0
2022-01-06 08:42:02,956 - root - INFO -         8 (40): 39 27
2022-01-06 08:42:02,956 - root - INFO -         9 (48): 10  A
2022-01-06 08:42:02,956 - root - INFO -     3 (18): 49 31
2022-01-06 08:42:02,956 - root - INFO - 5 (2A): 22 bytes
2022-01-06 08:42:02,956 - root - INFO -     1 ( A): 18 bytes
2022-01-06 08:42:02,956 - root - INFO -         1 ( 8): 50 32
2022-01-06 08:42:02,956 - root - INFO -         2 (10): 54 36
2022-01-06 08:42:02,956 - root - INFO -         3 (18): 92 5C
2022-01-06 08:42:02,956 - root - INFO -         4 (20): 76 4C
2022-01-06 08:42:02,956 - root - INFO -         5 (28): 20 14
2022-01-06 08:42:02,956 - root - INFO -         6 (30): 0  0
2022-01-06 08:42:02,956 - root - INFO -         7 (38): 0  0
2022-01-06 08:42:02,956 - root - INFO -         8 (40): 29 1D
2022-01-06 08:42:02,956 - root - INFO -         9 (48): 10  A
2022-01-06 08:42:02,956 - root - INFO -     3 (18): 50 32
2022-01-06 08:42:02,956 - root - INFO - 7 (38): 0  0
2022-01-06 08:42:02,956 - root - INFO - Reading descriptor for parameter 5
2022-01-06 08:42:02,956 - root - INFO - Descriptor offset: 84, Descriptor length: 45
2022-01-06 08:42:02,956 - root - INFO - Parsing descriptor for parameter 5...
2022-01-06 08:42:02,956 - root - INFO - 1 ( A): 32 bytes
2022-01-06 08:42:02,956 - root - INFO -     1 ( A): 24 bytes
2022-01-06 08:42:02,956 - root - INFO -         4 (22): 22 bytes
2022-01-06 08:42:02,956 - root - INFO -             1 ( 8): 135 87
2022-01-06 08:42:02,956 - root - INFO -             2 (10): 247 F7
2022-01-06 08:42:02,956 - root - INFO -             3 (18): 174 AE
2022-01-06 08:42:02,956 - root - INFO -             4 (20): 277 115
2022-01-06 08:42:02,956 - root - INFO -             5 (28): 18 12
2022-01-06 08:42:02,956 - root - INFO -             6 (30): 0  0
2022-01-06 08:42:02,956 - root - INFO -             7 (38): 0  0
2022-01-06 08:42:02,956 - root - INFO -             8 (40): 12  C
2022-01-06 08:42:02,956 - root - INFO -             9 (48): 10  A
2022-01-06 08:42:02,956 - root - INFO -     4 (20): 1  1
2022-01-06 08:42:02,956 - root - INFO -     5 (28): 1  1
2022-01-06 08:42:02,956 - root - INFO -     6 (30): 0  0
2022-01-06 08:42:02,956 - root - INFO - 4 (22): 9 bytes
2022-01-06 08:42:02,956 - root - INFO -     1 ( 8): 100 64
2022-01-06 08:42:02,956 - root - INFO -     2 (10): 211 D3
2022-01-06 08:42:02,956 - root - INFO -     3 (18): 22 16
2022-01-06 08:42:02,956 - root - INFO -     4 (20): 7  7
2022-01-06 08:42:02,956 - root - INFO - Reading descriptor for parameter 6
2022-01-06 08:42:02,956 - root - INFO - Descriptor offset: 205, Descriptor length: 40
2022-01-06 08:42:02,956 - root - INFO - Parsing descriptor for parameter 6...
2022-01-06 08:42:02,956 - root - INFO - 1 ( A): 10 bytes
2022-01-06 08:42:02,956 - root - INFO -     2 (12): 8 bytes
2022-01-06 08:42:02,956 - root - INFO -         1 ( 8): 105 69
2022-01-06 08:42:02,956 - root - INFO -         2 (10): 9  9
2022-01-06 08:42:02,956 - root - INFO -         3 (18): 51 33
2022-01-06 08:42:02,956 - root - INFO -         4 (20): 25 19
2022-01-06 08:42:02,956 - root - INFO - 2 (12): 26 bytes
2022-01-06 08:42:02,956 - root - INFO -     1 ( A): 24 bytes
2022-01-06 08:42:02,956 - root - INFO -         1 ( A): 18 bytes
2022-01-06 08:42:02,956 - root - INFO -             1 ( 8): 56 38
2022-01-06 08:42:02,956 - root - INFO -             2 (10): 9  9
2022-01-06 08:42:02,956 - root - INFO -             3 (18): 94 5E
2022-01-06 08:42:02,956 - root - INFO -             4 (20): 30 1E
2022-01-06 08:42:02,956 - root - INFO -             5 (28): 20 14
2022-01-06 08:42:02,956 - root - INFO -             6 (30): 0  0
2022-01-06 08:42:02,956 - root - INFO -             7 (38): 0  0
2022-01-06 08:42:02,956 - root - INFO -             8 (40): 29 1D
2022-01-06 08:42:02,956 - root - INFO -             9 (48): 10  A
2022-01-06 08:42:02,956 - root - INFO -         2 (10): 76 4C
2022-01-06 08:42:02,956 - root - INFO -         3 (18): 77 4D
2022-01-06 08:42:02,956 - root - INFO - Reading descriptor for parameter 7
2022-01-06 08:42:02,956 - root - INFO - Descriptor offset: 245, Descriptor length: 22
2022-01-06 08:42:02,956 - root - INFO - Parsing descriptor for parameter 7...
2022-01-06 08:42:02,956 - root - INFO - 2 (12): 10 bytes
2022-01-06 08:42:02,956 - root - INFO -     1 ( 8): 222 DE
2022-01-06 08:42:02,956 - root - INFO -     2 (10): 243 F3
2022-01-06 08:42:02,956 - root - INFO -     3 (18): 78 4E
2022-01-06 08:42:02,956 - root - INFO -     4 (20): 5  5
2022-01-06 08:42:02,956 - root - INFO - 8 (42): 8 bytes
2022-01-06 08:42:02,956 - root - INFO -     1 ( 8): 222 DE
2022-01-06 08:42:02,956 - root - INFO -     2 (10): 243 F3
2022-01-06 08:42:02,956 - root - INFO -     3 (18): 83 53
2022-01-06 08:42:02,956 - root - INFO - Reading descriptor for parameter 9
2022-01-06 08:42:02,956 - root - INFO - Descriptor offset: 267, Descriptor length: 11
2022-01-06 08:42:02,956 - root - INFO - Parsing descriptor for parameter 9...
2022-01-06 08:42:02,956 - root - INFO - 2 (12): 9 bytes
2022-01-06 08:42:02,956 - root - INFO -     1 ( 8): 13  D
2022-01-06 08:42:02,956 - root - INFO -     2 (10): 243 F3
2022-01-06 08:42:02,956 - root - INFO -     3 (18): 84 54
2022-01-06 08:42:02,956 - root - INFO -     4 (20): 5  5
2022-01-06 08:42:02,972 - root - INFO - Reading resources offsets table with 89 elements (356 bytes)
2022-01-06 08:42:02,972 - root - INFO - Resource 0 offset: 774, length: 193296...
2022-01-06 08:42:02,972 - root - DEBUG - Reading resource 0...
2022-01-06 08:42:03,003 - root - INFO - The image is bmc.
2022-01-06 08:42:03,003 - root - INFO - Reading image header(readHeader16C)...
2022-01-06 08:42:03,003 - root - INFO - Image header was read:
2022-01-06 08:42:03,003 - root - INFO - Width: 302, Height: 320, RowLength: 604
2022-01-06 08:42:03,003 - root - INFO - _step: 2, unknown2: 0,
2022-01-06 08:42:03,003 - root - INFO - BPP: 16, Transparency: False
2022-01-06 08:42:03,378 - root - INFO - Resource 1 offset: 194070, length: 86472...
2022-01-06 08:42:03,378 - root - DEBUG - Reading resource 1...
2022-01-06 08:42:03,378 - root - INFO - The image is bmc.
2022-01-06 08:42:03,378 - root - INFO - Reading image header(readHeader16C)...
2022-01-06 08:42:03,378 - root - INFO - Image header was read:
2022-01-06 08:42:03,378 - root - INFO - Width: 202, Height: 214, RowLength: 404
2022-01-06 08:42:03,378 - root - INFO - _step: 2, unknown2: 0,
2022-01-06 08:42:03,378 - root - INFO - BPP: 16, Transparency: False
2022-01-06 08:42:03,550 - root - INFO - Resource 2 offset: 280542, length: 4472...
2022-01-06 08:42:03,550 - root - DEBUG - Reading resource 2...
2022-01-06 08:42:03,550 - root - INFO - The image is bme.
2022-01-06 08:42:03,550 - root - INFO - Reading image header(readHeader16E)...
2022-01-06 08:42:03,550 - root - INFO - Image header was read:
2022-01-06 08:42:03,550 - root - INFO - Width: 48, Height: 81, RowLength: 96
2022-01-06 08:42:03,550 - root - INFO - datalength: 4456, _step: 2
2022-01-06 08:42:03,550 - root - INFO - BPP: 16, Transparency: False
2022-01-06 08:42:03,566 - root - INFO - Resource 3 offset: 285014, length: 1728...
2022-01-06 08:42:03,566 - root - DEBUG - Reading resource 3...
2022-01-06 08:42:03,566 - root - INFO - The image is bme.
2022-01-06 08:42:03,566 - root - INFO - Reading image header(readHeader16E)...
2022-01-06 08:42:03,566 - root - INFO - Image header was read:
2022-01-06 08:42:03,566 - root - INFO - Width: 48, Height: 81, RowLength: 96
2022-01-06 08:42:03,566 - root - INFO - datalength: 1712, _step: 2
2022-01-06 08:42:03,566 - root - INFO - BPP: 16, Transparency: False
2022-01-06 08:42:03,566 - root - INFO - Resource 4 offset: 286742, length: 3648...
2022-01-06 08:42:03,566 - root - DEBUG - Reading resource 4...
2022-01-06 08:42:03,566 - root - INFO - The image is bme.
2022-01-06 08:42:03,566 - root - INFO - Reading image header(readHeader16E)...
2022-01-06 08:42:03,566 - root - INFO - Image header was read:
2022-01-06 08:42:03,566 - root - INFO - Width: 48, Height: 81, RowLength: 96
2022-01-06 08:42:03,566 - root - INFO - datalength: 3632, _step: 2
2022-01-06 08:42:03,566 - root - INFO - BPP: 16, Transparency: False
2022-01-06 08:42:03,581 - root - INFO - Resource 5 offset: 290390, length: 3754...
2022-01-06 08:42:03,581 - root - DEBUG - Reading resource 5...
2022-01-06 08:42:03,581 - root - INFO - The image is bme.
2022-01-06 08:42:03,581 - root - INFO - Reading image header(readHeader16E)...
2022-01-06 08:42:03,581 - root - INFO - Image header was read:
2022-01-06 08:42:03,581 - root - INFO - Width: 48, Height: 81, RowLength: 96
2022-01-06 08:42:03,581 - root - INFO - datalength: 3738, _step: 2
2022-01-06 08:42:03,581 - root - INFO - BPP: 16, Transparency: False
2022-01-06 08:42:03,581 - root - INFO - Resource 6 offset: 294144, length: 3142...
2022-01-06 08:42:03,581 - root - DEBUG - Reading resource 6...
2022-01-06 08:42:03,581 - root - INFO - The image is bme.
2022-01-06 08:42:03,581 - root - INFO - Reading image header(readHeader16E)...
2022-01-06 08:42:03,581 - root - INFO - Image header was read:
2022-01-06 08:42:03,581 - root - INFO - Width: 48, Height: 81, RowLength: 96
2022-01-06 08:42:03,581 - root - INFO - datalength: 3126, _step: 2
2022-01-06 08:42:03,581 - root - INFO - BPP: 16, Transparency: False
2022-01-06 08:42:03,597 - root - INFO - Resource 7 offset: 297286, length: 3648...
2022-01-06 08:42:03,597 - root - DEBUG - Reading resource 7...
2022-01-06 08:42:03,597 - root - INFO - The image is bme.
2022-01-06 08:42:03,597 - root - INFO - Reading image header(readHeader16E)...
2022-01-06 08:42:03,597 - root - INFO - Image header was read:
2022-01-06 08:42:03,597 - root - INFO - Width: 48, Height: 81, RowLength: 96
2022-01-06 08:42:03,597 - root - INFO - datalength: 3632, _step: 2
2022-01-06 08:42:03,597 - root - INFO - BPP: 16, Transparency: False
2022-01-06 08:42:03,597 - root - INFO - Resource 8 offset: 300934, length: 4336...
2022-01-06 08:42:03,597 - root - DEBUG - Reading resource 8...
2022-01-06 08:42:03,597 - root - INFO - The image is bme.
2022-01-06 08:42:03,597 - root - INFO - Reading image header(readHeader16E)...
2022-01-06 08:42:03,597 - root - INFO - Image header was read:
2022-01-06 08:42:03,597 - root - INFO - Width: 48, Height: 81, RowLength: 96
2022-01-06 08:42:03,597 - root - INFO - datalength: 4320, _step: 2
2022-01-06 08:42:03,597 - root - INFO - BPP: 16, Transparency: False
2022-01-06 08:42:03,613 - root - INFO - Resource 9 offset: 305270, length: 3096...
2022-01-06 08:42:03,613 - root - DEBUG - Reading resource 9...
2022-01-06 08:42:03,613 - root - INFO - The image is bme.
2022-01-06 08:42:03,613 - root - INFO - Reading image header(readHeader16E)...
2022-01-06 08:42:03,613 - root - INFO - Image header was read:
2022-01-06 08:42:03,613 - root - INFO - Width: 48, Height: 81, RowLength: 96
2022-01-06 08:42:03,613 - root - INFO - datalength: 3080, _step: 2
2022-01-06 08:42:03,613 - root - INFO - BPP: 16, Transparency: False
2022-01-06 08:42:03,613 - root - INFO - Resource 10 offset: 308366, length: 5130...
2022-01-06 08:42:03,613 - root - DEBUG - Reading resource 10...
2022-01-06 08:42:03,613 - root - INFO - The image is bme.
2022-01-06 08:42:03,613 - root - INFO - Reading image header(readHeader16E)...
2022-01-06 08:42:03,613 - root - INFO - Image header was read:
2022-01-06 08:42:03,613 - root - INFO - Width: 48, Height: 81, RowLength: 96
2022-01-06 08:42:03,613 - root - INFO - datalength: 5114, _step: 2
2022-01-06 08:42:03,613 - root - INFO - BPP: 16, Transparency: False
2022-01-06 08:42:03,628 - root - INFO - Resource 11 offset: 313496, length: 4442...
2022-01-06 08:42:03,628 - root - DEBUG - Reading resource 11...
2022-01-06 08:42:03,628 - root - INFO - The image is bme.
2022-01-06 08:42:03,628 - root - INFO - Reading image header(readHeader16E)...
2022-01-06 08:42:03,628 - root - INFO - Image header was read:
2022-01-06 08:42:03,628 - root - INFO - Width: 48, Height: 81, RowLength: 96
2022-01-06 08:42:03,628 - root - INFO - datalength: 4426, _step: 2
2022-01-06 08:42:03,628 - root - INFO - BPP: 16, Transparency: False
2022-01-06 08:42:03,628 - root - INFO - Resource 12 offset: 317938, length: 848...
2022-01-06 08:42:03,628 - root - DEBUG - Reading resource 12...
2022-01-06 08:42:03,628 - root - INFO - The image is bme.
2022-01-06 08:42:03,628 - root - INFO - Reading image header(readHeader16E)...
2022-01-06 08:42:03,628 - root - INFO - Image header was read:
2022-01-06 08:42:03,628 - root - INFO - Width: 18, Height: 30, RowLength: 36
2022-01-06 08:42:03,628 - root - INFO - datalength: 832, _step: 2
2022-01-06 08:42:03,628 - root - INFO - BPP: 16, Transparency: False
2022-01-06 08:42:03,628 - root - INFO - Resource 13 offset: 318786, length: 392...
2022-01-06 08:42:03,628 - root - DEBUG - Reading resource 13...
2022-01-06 08:42:03,628 - root - INFO - The image is bme.
2022-01-06 08:42:03,628 - root - INFO - Reading image header(readHeader16E)...
2022-01-06 08:42:03,628 - root - INFO - Image header was read:
2022-01-06 08:42:03,628 - root - INFO - Width: 18, Height: 30, RowLength: 36
2022-01-06 08:42:03,628 - root - INFO - datalength: 376, _step: 2
2022-01-06 08:42:03,628 - root - INFO - BPP: 16, Transparency: False
2022-01-06 08:42:03,644 - root - INFO - Resource 14 offset: 319178, length: 660...
2022-01-06 08:42:03,644 - root - DEBUG - Reading resource 14...
2022-01-06 08:42:03,644 - root - INFO - The image is bme.
2022-01-06 08:42:03,644 - root - INFO - Reading image header(readHeader16E)...
2022-01-06 08:42:03,644 - root - INFO - Image header was read:
2022-01-06 08:42:03,644 - root - INFO - Width: 18, Height: 30, RowLength: 36
2022-01-06 08:42:03,644 - root - INFO - datalength: 644, _step: 2
2022-01-06 08:42:03,644 - root - INFO - BPP: 16, Transparency: False
2022-01-06 08:42:03,644 - root - INFO - Resource 15 offset: 319838, length: 668...
2022-01-06 08:42:03,644 - root - DEBUG - Reading resource 15...
2022-01-06 08:42:03,644 - root - INFO - The image is bme.
2022-01-06 08:42:03,644 - root - INFO - Reading image header(readHeader16E)...
2022-01-06 08:42:03,644 - root - INFO - Image header was read:
2022-01-06 08:42:03,644 - root - INFO - Width: 18, Height: 30, RowLength: 36
2022-01-06 08:42:03,644 - root - INFO - datalength: 652, _step: 2
2022-01-06 08:42:03,644 - root - INFO - BPP: 16, Transparency: False
2022-01-06 08:42:03,644 - root - INFO - Resource 16 offset: 320506, length: 626...
2022-01-06 08:42:03,644 - root - DEBUG - Reading resource 16...
2022-01-06 08:42:03,644 - root - INFO - The image is bme.
2022-01-06 08:42:03,644 - root - INFO - Reading image header(readHeader16E)...
2022-01-06 08:42:03,644 - root - INFO - Image header was read:
2022-01-06 08:42:03,644 - root - INFO - Width: 18, Height: 30, RowLength: 36
2022-01-06 08:42:03,644 - root - INFO - datalength: 610, _step: 2
2022-01-06 08:42:03,644 - root - INFO - BPP: 16, Transparency: False
2022-01-06 08:42:03,644 - root - INFO - Resource 17 offset: 321132, length: 660...
2022-01-06 08:42:03,644 - root - DEBUG - Reading resource 17...
2022-01-06 08:42:03,644 - root - INFO - The image is bme.
2022-01-06 08:42:03,644 - root - INFO - Reading image header(readHeader16E)...
2022-01-06 08:42:03,644 - root - INFO - Image header was read:
2022-01-06 08:42:03,644 - root - INFO - Width: 18, Height: 30, RowLength: 36
2022-01-06 08:42:03,644 - root - INFO - datalength: 644, _step: 2
2022-01-06 08:42:03,644 - root - INFO - BPP: 16, Transparency: False
2022-01-06 08:42:03,644 - root - INFO - Resource 18 offset: 321792, length: 782...
2022-01-06 08:42:03,644 - root - DEBUG - Reading resource 18...
2022-01-06 08:42:03,644 - root - INFO - The image is bme.
2022-01-06 08:42:03,644 - root - INFO - Reading image header(readHeader16E)...
2022-01-06 08:42:03,644 - root - INFO - Image header was read:
2022-01-06 08:42:03,644 - root - INFO - Width: 18, Height: 30, RowLength: 36
2022-01-06 08:42:03,644 - root - INFO - datalength: 766, _step: 2
2022-01-06 08:42:03,644 - root - INFO - BPP: 16, Transparency: False
2022-01-06 08:42:03,644 - root - INFO - Resource 19 offset: 322574, length: 614...
2022-01-06 08:42:03,644 - root - DEBUG - Reading resource 19...
2022-01-06 08:42:03,644 - root - INFO - The image is bme.
2022-01-06 08:42:03,644 - root - INFO - Reading image header(readHeader16E)...
2022-01-06 08:42:03,644 - root - INFO - Image header was read:
2022-01-06 08:42:03,644 - root - INFO - Width: 18, Height: 30, RowLength: 36
2022-01-06 08:42:03,644 - root - INFO - datalength: 598, _step: 2
2022-01-06 08:42:03,644 - root - INFO - BPP: 16, Transparency: False
2022-01-06 08:42:03,644 - root - INFO - Resource 20 offset: 323188, length: 912...
2022-01-06 08:42:03,644 - root - DEBUG - Reading resource 20...
2022-01-06 08:42:03,644 - root - INFO - The image is bme.
2022-01-06 08:42:03,644 - root - INFO - Reading image header(readHeader16E)...
2022-01-06 08:42:03,644 - root - INFO - Image header was read:
2022-01-06 08:42:03,644 - root - INFO - Width: 18, Height: 30, RowLength: 36
2022-01-06 08:42:03,644 - root - INFO - datalength: 896, _step: 2
2022-01-06 08:42:03,644 - root - INFO - BPP: 16, Transparency: False
2022-01-06 08:42:03,644 - root - INFO - Resource 21 offset: 324100, length: 790...
2022-01-06 08:42:03,644 - root - DEBUG - Reading resource 21...
2022-01-06 08:42:03,644 - root - INFO - The image is bme.
2022-01-06 08:42:03,644 - root - INFO - Reading image header(readHeader16E)...
2022-01-06 08:42:03,644 - root - INFO - Image header was read:
2022-01-06 08:42:03,644 - root - INFO - Width: 18, Height: 30, RowLength: 36
2022-01-06 08:42:03,644 - root - INFO - datalength: 774, _step: 2
2022-01-06 08:42:03,644 - root - INFO - BPP: 16, Transparency: False
2022-01-06 08:42:03,644 - root - INFO - Resource 22 offset: 324890, length: 34684...
2022-01-06 08:42:03,644 - root - DEBUG - Reading resource 22...
2022-01-06 08:42:03,644 - root - INFO - The image is bmc.
2022-01-06 08:42:03,644 - root - INFO - Reading image header(readHeader16C)...
2022-01-06 08:42:03,644 - root - INFO - Image header was read:
2022-01-06 08:42:03,644 - root - INFO - Width: 108, Height: 107, RowLength: 324
2022-01-06 08:42:03,644 - root - INFO - _step: 3, unknown2: 0,
2022-01-06 08:42:03,644 - root - INFO - BPP: 24, Transparency: False
2022-01-06 08:42:03,706 - root - INFO - Resource 23 offset: 359574, length: 34684...
2022-01-06 08:42:03,706 - root - DEBUG - Reading resource 23...
2022-01-06 08:42:03,706 - root - INFO - The image is bmc.
2022-01-06 08:42:03,706 - root - INFO - Reading image header(readHeader16C)...
2022-01-06 08:42:03,706 - root - INFO - Image header was read:
2022-01-06 08:42:03,706 - root - INFO - Width: 108, Height: 107, RowLength: 324
2022-01-06 08:42:03,706 - root - INFO - _step: 3, unknown2: 0,
2022-01-06 08:42:03,706 - root - INFO - BPP: 24, Transparency: False
2022-01-06 08:42:03,753 - root - INFO - Resource 24 offset: 394258, length: 34684...
2022-01-06 08:42:03,753 - root - DEBUG - Reading resource 24...
2022-01-06 08:42:03,753 - root - INFO - The image is bmc.
2022-01-06 08:42:03,753 - root - INFO - Reading image header(readHeader16C)...
2022-01-06 08:42:03,753 - root - INFO - Image header was read:
2022-01-06 08:42:03,753 - root - INFO - Width: 108, Height: 107, RowLength: 324
2022-01-06 08:42:03,753 - root - INFO - _step: 3, unknown2: 0,
2022-01-06 08:42:03,753 - root - INFO - BPP: 24, Transparency: False
2022-01-06 08:42:03,800 - root - INFO - Resource 25 offset: 428942, length: 34684...
2022-01-06 08:42:03,800 - root - DEBUG - Reading resource 25...
2022-01-06 08:42:03,800 - root - INFO - The image is bmc.
2022-01-06 08:42:03,800 - root - INFO - Reading image header(readHeader16C)...
2022-01-06 08:42:03,800 - root - INFO - Image header was read:
2022-01-06 08:42:03,800 - root - INFO - Width: 108, Height: 107, RowLength: 324
2022-01-06 08:42:03,800 - root - INFO - _step: 3, unknown2: 0,
2022-01-06 08:42:03,800 - root - INFO - BPP: 24, Transparency: False
2022-01-06 08:42:03,847 - root - INFO - Resource 26 offset: 463626, length: 34684...
2022-01-06 08:42:03,847 - root - DEBUG - Reading resource 26...
2022-01-06 08:42:03,847 - root - INFO - The image is bmc.
2022-01-06 08:42:03,847 - root - INFO - Reading image header(readHeader16C)...
2022-01-06 08:42:03,847 - root - INFO - Image header was read:
2022-01-06 08:42:03,847 - root - INFO - Width: 108, Height: 107, RowLength: 324
2022-01-06 08:42:03,847 - root - INFO - _step: 3, unknown2: 0,
2022-01-06 08:42:03,847 - root - INFO - BPP: 24, Transparency: False
2022-01-06 08:42:03,894 - root - INFO - Resource 27 offset: 498310, length: 34684...
2022-01-06 08:42:03,894 - root - DEBUG - Reading resource 27...
2022-01-06 08:42:03,894 - root - INFO - The image is bmc.
2022-01-06 08:42:03,894 - root - INFO - Reading image header(readHeader16C)...
2022-01-06 08:42:03,894 - root - INFO - Image header was read:
2022-01-06 08:42:03,894 - root - INFO - Width: 108, Height: 107, RowLength: 324
2022-01-06 08:42:03,894 - root - INFO - _step: 3, unknown2: 0,
2022-01-06 08:42:03,894 - root - INFO - BPP: 24, Transparency: False
2022-01-06 08:42:03,941 - root - INFO - Resource 28 offset: 532994, length: 34363...
2022-01-06 08:42:03,941 - root - DEBUG - Reading resource 28...
2022-01-06 08:42:03,941 - root - INFO - The image is bmc.
2022-01-06 08:42:03,941 - root - INFO - Reading image header(readHeader16C)...
2022-01-06 08:42:03,941 - root - INFO - Image header was read:
2022-01-06 08:42:03,941 - root - INFO - Width: 107, Height: 107, RowLength: 321
2022-01-06 08:42:03,941 - root - INFO - _step: 3, unknown2: 0,
2022-01-06 08:42:03,941 - root - INFO - BPP: 24, Transparency: False
2022-01-06 08:42:03,988 - root - INFO - Resource 29 offset: 567357, length: 518...
2022-01-06 08:42:03,988 - root - DEBUG - Reading resource 29...
2022-01-06 08:42:03,988 - root - INFO - The image is bme.
2022-01-06 08:42:03,988 - root - INFO - Reading image header(readHeader16E)...
2022-01-06 08:42:03,988 - root - INFO - Image header was read:
2022-01-06 08:42:03,988 - root - INFO - Width: 14, Height: 22, RowLength: 28
2022-01-06 08:42:03,988 - root - INFO - datalength: 502, _step: 2
2022-01-06 08:42:03,988 - root - INFO - BPP: 16, Transparency: False
2022-01-06 08:42:03,988 - root - INFO - Resource 30 offset: 567875, length: 248...
2022-01-06 08:42:03,988 - root - DEBUG - Reading resource 30...
2022-01-06 08:42:04,003 - root - INFO - The image is bme.
2022-01-06 08:42:04,003 - root - INFO - Reading image header(readHeader16E)...
2022-01-06 08:42:04,003 - root - INFO - Image header was read:
2022-01-06 08:42:04,003 - root - INFO - Width: 14, Height: 22, RowLength: 28
2022-01-06 08:42:04,003 - root - INFO - datalength: 232, _step: 2
2022-01-06 08:42:04,003 - root - INFO - BPP: 16, Transparency: False
2022-01-06 08:42:04,003 - root - INFO - Resource 31 offset: 568123, length: 396...
2022-01-06 08:42:04,003 - root - DEBUG - Reading resource 31...
2022-01-06 08:42:04,003 - root - INFO - The image is bme.
2022-01-06 08:42:04,003 - root - INFO - Reading image header(readHeader16E)...
2022-01-06 08:42:04,003 - root - INFO - Image header was read:
2022-01-06 08:42:04,003 - root - INFO - Width: 14, Height: 22, RowLength: 28
2022-01-06 08:42:04,003 - root - INFO - datalength: 380, _step: 2
2022-01-06 08:42:04,003 - root - INFO - BPP: 16, Transparency: False
2022-01-06 08:42:04,003 - root - INFO - Resource 32 offset: 568519, length: 402...
2022-01-06 08:42:04,003 - root - DEBUG - Reading resource 32...
2022-01-06 08:42:04,003 - root - INFO - The image is bme.
2022-01-06 08:42:04,003 - root - INFO - Reading image header(readHeader16E)...
2022-01-06 08:42:04,003 - root - INFO - Image header was read:
2022-01-06 08:42:04,003 - root - INFO - Width: 14, Height: 22, RowLength: 28
2022-01-06 08:42:04,003 - root - INFO - datalength: 386, _step: 2
2022-01-06 08:42:04,003 - root - INFO - BPP: 16, Transparency: False
2022-01-06 08:42:04,003 - root - INFO - Resource 33 offset: 568921, length: 394...
2022-01-06 08:42:04,003 - root - DEBUG - Reading resource 33...
2022-01-06 08:42:04,003 - root - INFO - The image is bme.
2022-01-06 08:42:04,003 - root - INFO - Reading image header(readHeader16E)...
2022-01-06 08:42:04,003 - root - INFO - Image header was read:
2022-01-06 08:42:04,003 - root - INFO - Width: 14, Height: 22, RowLength: 28
2022-01-06 08:42:04,003 - root - INFO - datalength: 378, _step: 2
2022-01-06 08:42:04,003 - root - INFO - BPP: 16, Transparency: False
2022-01-06 08:42:04,003 - root - INFO - Resource 34 offset: 569315, length: 398...
2022-01-06 08:42:04,003 - root - DEBUG - Reading resource 34...
2022-01-06 08:42:04,003 - root - INFO - The image is bme.
2022-01-06 08:42:04,003 - root - INFO - Reading image header(readHeader16E)...
2022-01-06 08:42:04,003 - root - INFO - Image header was read:
2022-01-06 08:42:04,003 - root - INFO - Width: 14, Height: 22, RowLength: 28
2022-01-06 08:42:04,003 - root - INFO - datalength: 382, _step: 2
2022-01-06 08:42:04,003 - root - INFO - BPP: 16, Transparency: False
2022-01-06 08:42:04,003 - root - INFO - Resource 35 offset: 569713, length: 468...
2022-01-06 08:42:04,003 - root - DEBUG - Reading resource 35...
2022-01-06 08:42:04,003 - root - INFO - The image is bme.
2022-01-06 08:42:04,003 - root - INFO - Reading image header(readHeader16E)...
2022-01-06 08:42:04,003 - root - INFO - Image header was read:
2022-01-06 08:42:04,003 - root - INFO - Width: 14, Height: 22, RowLength: 28
2022-01-06 08:42:04,003 - root - INFO - datalength: 452, _step: 2
2022-01-06 08:42:04,003 - root - INFO - BPP: 16, Transparency: False
2022-01-06 08:42:04,003 - root - INFO - Resource 36 offset: 570181, length: 386...
2022-01-06 08:42:04,003 - root - DEBUG - Reading resource 36...
2022-01-06 08:42:04,003 - root - INFO - The image is bme.
2022-01-06 08:42:04,003 - root - INFO - Reading image header(readHeader16E)...
2022-01-06 08:42:04,003 - root - INFO - Image header was read:
2022-01-06 08:42:04,003 - root - INFO - Width: 14, Height: 22, RowLength: 28
2022-01-06 08:42:04,003 - root - INFO - datalength: 370, _step: 2
2022-01-06 08:42:04,003 - root - INFO - BPP: 16, Transparency: False
2022-01-06 08:42:04,003 - root - INFO - Resource 37 offset: 570567, length: 548...
2022-01-06 08:42:04,003 - root - DEBUG - Reading resource 37...
2022-01-06 08:42:04,003 - root - INFO - The image is bme.
2022-01-06 08:42:04,003 - root - INFO - Reading image header(readHeader16E)...
2022-01-06 08:42:04,003 - root - INFO - Image header was read:
2022-01-06 08:42:04,003 - root - INFO - Width: 14, Height: 22, RowLength: 28
2022-01-06 08:42:04,003 - root - INFO - datalength: 532, _step: 2
2022-01-06 08:42:04,003 - root - INFO - BPP: 16, Transparency: False
2022-01-06 08:42:04,003 - root - INFO - Resource 38 offset: 571115, length: 478...
2022-01-06 08:42:04,003 - root - DEBUG - Reading resource 38...
2022-01-06 08:42:04,003 - root - INFO - The image is bme.
2022-01-06 08:42:04,003 - root - INFO - Reading image header(readHeader16E)...
2022-01-06 08:42:04,003 - root - INFO - Image header was read:
2022-01-06 08:42:04,003 - root - INFO - Width: 14, Height: 22, RowLength: 28
2022-01-06 08:42:04,003 - root - INFO - datalength: 462, _step: 2
2022-01-06 08:42:04,003 - root - INFO - BPP: 16, Transparency: False
2022-01-06 08:42:04,003 - root - INFO - Resource 39 offset: 571593, length: 518...
2022-01-06 08:42:04,003 - root - DEBUG - Reading resource 39...
2022-01-06 08:42:04,003 - root - INFO - The image is bme.
2022-01-06 08:42:04,003 - root - INFO - Reading image header(readHeader16E)...
2022-01-06 08:42:04,003 - root - INFO - Image header was read:
2022-01-06 08:42:04,003 - root - INFO - Width: 14, Height: 22, RowLength: 28
2022-01-06 08:42:04,003 - root - INFO - datalength: 502, _step: 2
2022-01-06 08:42:04,003 - root - INFO - BPP: 16, Transparency: False
2022-01-06 08:42:04,003 - root - INFO - Resource 40 offset: 572111, length: 248...
2022-01-06 08:42:04,003 - root - DEBUG - Reading resource 40...
2022-01-06 08:42:04,003 - root - INFO - The image is bme.
2022-01-06 08:42:04,003 - root - INFO - Reading image header(readHeader16E)...
2022-01-06 08:42:04,003 - root - INFO - Image header was read:
2022-01-06 08:42:04,003 - root - INFO - Width: 14, Height: 22, RowLength: 28
2022-01-06 08:42:04,003 - root - INFO - datalength: 232, _step: 2
2022-01-06 08:42:04,003 - root - INFO - BPP: 16, Transparency: False
2022-01-06 08:42:04,003 - root - INFO - Resource 41 offset: 572359, length: 396...
2022-01-06 08:42:04,003 - root - DEBUG - Reading resource 41...
2022-01-06 08:42:04,003 - root - INFO - The image is bme.
2022-01-06 08:42:04,003 - root - INFO - Reading image header(readHeader16E)...
2022-01-06 08:42:04,003 - root - INFO - Image header was read:
2022-01-06 08:42:04,003 - root - INFO - Width: 14, Height: 22, RowLength: 28
2022-01-06 08:42:04,003 - root - INFO - datalength: 380, _step: 2
2022-01-06 08:42:04,003 - root - INFO - BPP: 16, Transparency: False
2022-01-06 08:42:04,003 - root - INFO - Resource 42 offset: 572755, length: 402...
2022-01-06 08:42:04,003 - root - DEBUG - Reading resource 42...
2022-01-06 08:42:04,003 - root - INFO - The image is bme.
2022-01-06 08:42:04,003 - root - INFO - Reading image header(readHeader16E)...
2022-01-06 08:42:04,003 - root - INFO - Image header was read:
2022-01-06 08:42:04,003 - root - INFO - Width: 14, Height: 22, RowLength: 28
2022-01-06 08:42:04,003 - root - INFO - datalength: 386, _step: 2
2022-01-06 08:42:04,003 - root - INFO - BPP: 16, Transparency: False
2022-01-06 08:42:04,003 - root - INFO - Resource 43 offset: 573157, length: 394...
2022-01-06 08:42:04,003 - root - DEBUG - Reading resource 43...
2022-01-06 08:42:04,019 - root - INFO - The image is bme.
2022-01-06 08:42:04,019 - root - INFO - Reading image header(readHeader16E)...
2022-01-06 08:42:04,019 - root - INFO - Image header was read:
2022-01-06 08:42:04,019 - root - INFO - Width: 14, Height: 22, RowLength: 28
2022-01-06 08:42:04,019 - root - INFO - datalength: 378, _step: 2
2022-01-06 08:42:04,019 - root - INFO - BPP: 16, Transparency: False
2022-01-06 08:42:04,019 - root - INFO - Resource 44 offset: 573551, length: 398...
2022-01-06 08:42:04,019 - root - DEBUG - Reading resource 44...
2022-01-06 08:42:04,019 - root - INFO - The image is bme.
2022-01-06 08:42:04,019 - root - INFO - Reading image header(readHeader16E)...
2022-01-06 08:42:04,019 - root - INFO - Image header was read:
2022-01-06 08:42:04,019 - root - INFO - Width: 14, Height: 22, RowLength: 28
2022-01-06 08:42:04,019 - root - INFO - datalength: 382, _step: 2
2022-01-06 08:42:04,019 - root - INFO - BPP: 16, Transparency: False
2022-01-06 08:42:04,019 - root - INFO - Resource 45 offset: 573949, length: 468...
2022-01-06 08:42:04,019 - root - DEBUG - Reading resource 45...
2022-01-06 08:42:04,019 - root - INFO - The image is bme.
2022-01-06 08:42:04,019 - root - INFO - Reading image header(readHeader16E)...
2022-01-06 08:42:04,019 - root - INFO - Image header was read:
2022-01-06 08:42:04,019 - root - INFO - Width: 14, Height: 22, RowLength: 28
2022-01-06 08:42:04,019 - root - INFO - datalength: 452, _step: 2
2022-01-06 08:42:04,019 - root - INFO - BPP: 16, Transparency: False
2022-01-06 08:42:04,019 - root - INFO - Resource 46 offset: 574417, length: 386...
2022-01-06 08:42:04,019 - root - DEBUG - Reading resource 46...
2022-01-06 08:42:04,019 - root - INFO - The image is bme.
2022-01-06 08:42:04,019 - root - INFO - Reading image header(readHeader16E)...
2022-01-06 08:42:04,019 - root - INFO - Image header was read:
2022-01-06 08:42:04,019 - root - INFO - Width: 14, Height: 22, RowLength: 28
2022-01-06 08:42:04,019 - root - INFO - datalength: 370, _step: 2
2022-01-06 08:42:04,019 - root - INFO - BPP: 16, Transparency: False
2022-01-06 08:42:04,019 - root - INFO - Resource 47 offset: 574803, length: 548...
2022-01-06 08:42:04,019 - root - DEBUG - Reading resource 47...
2022-01-06 08:42:04,019 - root - INFO - The image is bme.
2022-01-06 08:42:04,019 - root - INFO - Reading image header(readHeader16E)...
2022-01-06 08:42:04,019 - root - INFO - Image header was read:
2022-01-06 08:42:04,019 - root - INFO - Width: 14, Height: 22, RowLength: 28
2022-01-06 08:42:04,019 - root - INFO - datalength: 532, _step: 2
2022-01-06 08:42:04,019 - root - INFO - BPP: 16, Transparency: False
2022-01-06 08:42:04,019 - root - INFO - Resource 48 offset: 575351, length: 478...
2022-01-06 08:42:04,019 - root - DEBUG - Reading resource 48...
2022-01-06 08:42:04,019 - root - INFO - The image is bme.
2022-01-06 08:42:04,019 - root - INFO - Reading image header(readHeader16E)...
2022-01-06 08:42:04,019 - root - INFO - Image header was read:
2022-01-06 08:42:04,019 - root - INFO - Width: 14, Height: 22, RowLength: 28
2022-01-06 08:42:04,019 - root - INFO - datalength: 462, _step: 2
2022-01-06 08:42:04,019 - root - INFO - BPP: 16, Transparency: False
2022-01-06 08:42:04,019 - root - INFO - Resource 49 offset: 575829, length: 186...
2022-01-06 08:42:04,019 - root - DEBUG - Reading resource 49...
2022-01-06 08:42:04,019 - root - INFO - The image is bme.
2022-01-06 08:42:04,019 - root - INFO - Reading image header(readHeader16E)...
2022-01-06 08:42:04,019 - root - INFO - Image header was read:
2022-01-06 08:42:04,019 - root - INFO - Width: 28, Height: 22, RowLength: 56
2022-01-06 08:42:04,019 - root - INFO - datalength: 170, _step: 2
2022-01-06 08:42:04,019 - root - INFO - BPP: 16, Transparency: False
2022-01-06 08:42:04,019 - root - INFO - Resource 50 offset: 576015, length: 36...
2022-01-06 08:42:04,019 - root - DEBUG - Reading resource 50...
2022-01-06 08:42:04,019 - root - INFO - The image is bme.
2022-01-06 08:42:04,019 - root - INFO - Reading image header(readHeader16E)...
2022-01-06 08:42:04,019 - root - INFO - Image header was read:
2022-01-06 08:42:04,019 - root - INFO - Width: 4, Height: 22, RowLength: 8
2022-01-06 08:42:04,019 - root - INFO - datalength: 20, _step: 2
2022-01-06 08:42:04,019 - root - INFO - BPP: 16, Transparency: False
2022-01-06 08:42:04,019 - root - INFO - Resource 51 offset: 576051, length: 380...
2022-01-06 08:42:04,019 - root - DEBUG - Reading resource 51...
2022-01-06 08:42:04,019 - root - INFO - The image is bme.
2022-01-06 08:42:04,019 - root - INFO - Reading image header(readHeader16E)...
2022-01-06 08:42:04,019 - root - INFO - Image header was read:
2022-01-06 08:42:04,019 - root - INFO - Width: 20, Height: 20, RowLength: 40
2022-01-06 08:42:04,019 - root - INFO - datalength: 364, _step: 2
2022-01-06 08:42:04,019 - root - INFO - BPP: 16, Transparency: False
2022-01-06 08:42:04,019 - root - INFO - Resource 52 offset: 576431, length: 466...
2022-01-06 08:42:04,019 - root - DEBUG - Reading resource 52...
2022-01-06 08:42:04,019 - root - INFO - The image is bme.
2022-01-06 08:42:04,019 - root - INFO - Reading image header(readHeader16E)...
2022-01-06 08:42:04,019 - root - INFO - Image header was read:
2022-01-06 08:42:04,019 - root - INFO - Width: 20, Height: 20, RowLength: 40
2022-01-06 08:42:04,019 - root - INFO - datalength: 450, _step: 2
2022-01-06 08:42:04,019 - root - INFO - BPP: 16, Transparency: False
2022-01-06 08:42:04,019 - root - INFO - Resource 53 offset: 576897, length: 568...
2022-01-06 08:42:04,019 - root - DEBUG - Reading resource 53...
2022-01-06 08:42:04,019 - root - INFO - The image is bme.
2022-01-06 08:42:04,019 - root - INFO - Reading image header(readHeader16E)...
2022-01-06 08:42:04,019 - root - INFO - Image header was read:
2022-01-06 08:42:04,019 - root - INFO - Width: 20, Height: 20, RowLength: 40
2022-01-06 08:42:04,019 - root - INFO - datalength: 552, _step: 2
2022-01-06 08:42:04,019 - root - INFO - BPP: 16, Transparency: False
2022-01-06 08:42:04,019 - root - INFO - Resource 54 offset: 577465, length: 502...
2022-01-06 08:42:04,019 - root - DEBUG - Reading resource 54...
2022-01-06 08:42:04,019 - root - INFO - The image is bme.
2022-01-06 08:42:04,019 - root - INFO - Reading image header(readHeader16E)...
2022-01-06 08:42:04,019 - root - INFO - Image header was read:
2022-01-06 08:42:04,019 - root - INFO - Width: 20, Height: 20, RowLength: 40
2022-01-06 08:42:04,019 - root - INFO - datalength: 486, _step: 2
2022-01-06 08:42:04,019 - root - INFO - BPP: 16, Transparency: False
2022-01-06 08:42:04,019 - root - INFO - Resource 55 offset: 577967, length: 516...
2022-01-06 08:42:04,019 - root - DEBUG - Reading resource 55...
2022-01-06 08:42:04,019 - root - INFO - The image is bme.
2022-01-06 08:42:04,019 - root - INFO - Reading image header(readHeader16E)...
2022-01-06 08:42:04,019 - root - INFO - Image header was read:
2022-01-06 08:42:04,019 - root - INFO - Width: 20, Height: 20, RowLength: 40
2022-01-06 08:42:04,019 - root - INFO - datalength: 500, _step: 2
2022-01-06 08:42:04,019 - root - INFO - BPP: 16, Transparency: False
2022-01-06 08:42:04,035 - root - INFO - Resource 56 offset: 578483, length: 492...
2022-01-06 08:42:04,035 - root - DEBUG - Reading resource 56...
2022-01-06 08:42:04,035 - root - INFO - The image is bme.
2022-01-06 08:42:04,035 - root - INFO - Reading image header(readHeader16E)...
2022-01-06 08:42:04,035 - root - INFO - Image header was read:
2022-01-06 08:42:04,035 - root - INFO - Width: 20, Height: 20, RowLength: 40
2022-01-06 08:42:04,035 - root - INFO - datalength: 476, _step: 2
2022-01-06 08:42:04,035 - root - INFO - BPP: 16, Transparency: False
2022-01-06 08:42:04,035 - root - INFO - Resource 57 offset: 578975, length: 430...
2022-01-06 08:42:04,035 - root - DEBUG - Reading resource 57...
2022-01-06 08:42:04,035 - root - INFO - The image is bme.
2022-01-06 08:42:04,035 - root - INFO - Reading image header(readHeader16E)...
2022-01-06 08:42:04,035 - root - INFO - Image header was read:
2022-01-06 08:42:04,035 - root - INFO - Width: 20, Height: 20, RowLength: 40
2022-01-06 08:42:04,035 - root - INFO - datalength: 414, _step: 2
2022-01-06 08:42:04,035 - root - INFO - BPP: 16, Transparency: False
2022-01-06 08:42:04,035 - root - INFO - Resource 58 offset: 579405, length: 492...
2022-01-06 08:42:04,035 - root - DEBUG - Reading resource 58...
2022-01-06 08:42:04,035 - root - INFO - The image is bme.
2022-01-06 08:42:04,035 - root - INFO - Reading image header(readHeader16E)...
2022-01-06 08:42:04,035 - root - INFO - Image header was read:
2022-01-06 08:42:04,035 - root - INFO - Width: 20, Height: 20, RowLength: 40
2022-01-06 08:42:04,035 - root - INFO - datalength: 476, _step: 2
2022-01-06 08:42:04,035 - root - INFO - BPP: 16, Transparency: False
2022-01-06 08:42:04,035 - root - INFO - Resource 59 offset: 579897, length: 478...
2022-01-06 08:42:04,035 - root - DEBUG - Reading resource 59...
2022-01-06 08:42:04,035 - root - INFO - The image is bme.
2022-01-06 08:42:04,035 - root - INFO - Reading image header(readHeader16E)...
2022-01-06 08:42:04,035 - root - INFO - Image header was read:
2022-01-06 08:42:04,035 - root - INFO - Width: 20, Height: 20, RowLength: 40
2022-01-06 08:42:04,035 - root - INFO - datalength: 462, _step: 2
2022-01-06 08:42:04,035 - root - INFO - BPP: 16, Transparency: False
2022-01-06 08:42:04,035 - root - INFO - Resource 60 offset: 580375, length: 510...
2022-01-06 08:42:04,035 - root - DEBUG - Reading resource 60...
2022-01-06 08:42:04,035 - root - INFO - The image is bme.
2022-01-06 08:42:04,035 - root - INFO - Reading image header(readHeader16E)...
2022-01-06 08:42:04,035 - root - INFO - Image header was read:
2022-01-06 08:42:04,035 - root - INFO - Width: 20, Height: 20, RowLength: 40
2022-01-06 08:42:04,035 - root - INFO - datalength: 494, _step: 2
2022-01-06 08:42:04,035 - root - INFO - BPP: 16, Transparency: False
2022-01-06 08:42:04,035 - root - INFO - Resource 61 offset: 580885, length: 528...
2022-01-06 08:42:04,035 - root - DEBUG - Reading resource 61...
2022-01-06 08:42:04,035 - root - INFO - The image is bme.
2022-01-06 08:42:04,035 - root - INFO - Reading image header(readHeader16E)...
2022-01-06 08:42:04,035 - root - INFO - Image header was read:
2022-01-06 08:42:04,035 - root - INFO - Width: 20, Height: 20, RowLength: 40
2022-01-06 08:42:04,035 - root - INFO - datalength: 512, _step: 2
2022-01-06 08:42:04,035 - root - INFO - BPP: 16, Transparency: False
2022-01-06 08:42:04,035 - root - INFO - Resource 62 offset: 581413, length: 402...
2022-01-06 08:42:04,035 - root - DEBUG - Reading resource 62...
2022-01-06 08:42:04,035 - root - INFO - The image is bme.
2022-01-06 08:42:04,035 - root - INFO - Reading image header(readHeader16E)...
2022-01-06 08:42:04,035 - root - INFO - Image header was read:
2022-01-06 08:42:04,035 - root - INFO - Width: 20, Height: 20, RowLength: 40
2022-01-06 08:42:04,035 - root - INFO - datalength: 386, _step: 2
2022-01-06 08:42:04,035 - root - INFO - BPP: 16, Transparency: False
2022-01-06 08:42:04,035 - root - INFO - Resource 63 offset: 581815, length: 484...
2022-01-06 08:42:04,035 - root - DEBUG - Reading resource 63...
2022-01-06 08:42:04,035 - root - INFO - The image is bme.
2022-01-06 08:42:04,035 - root - INFO - Reading image header(readHeader16E)...
2022-01-06 08:42:04,035 - root - INFO - Image header was read:
2022-01-06 08:42:04,035 - root - INFO - Width: 20, Height: 20, RowLength: 40
2022-01-06 08:42:04,035 - root - INFO - datalength: 468, _step: 2
2022-01-06 08:42:04,035 - root - INFO - BPP: 16, Transparency: False
2022-01-06 08:42:04,035 - root - INFO - Resource 64 offset: 582299, length: 452...
2022-01-06 08:42:04,035 - root - DEBUG - Reading resource 64...
2022-01-06 08:42:04,035 - root - INFO - The image is bme.
2022-01-06 08:42:04,035 - root - INFO - Reading image header(readHeader16E)...
2022-01-06 08:42:04,035 - root - INFO - Image header was read:
2022-01-06 08:42:04,035 - root - INFO - Width: 20, Height: 20, RowLength: 40
2022-01-06 08:42:04,035 - root - INFO - datalength: 436, _step: 2
2022-01-06 08:42:04,035 - root - INFO - BPP: 16, Transparency: False
2022-01-06 08:42:04,035 - root - INFO - Resource 65 offset: 582751, length: 446...
2022-01-06 08:42:04,035 - root - DEBUG - Reading resource 65...
2022-01-06 08:42:04,035 - root - INFO - The image is bme.
2022-01-06 08:42:04,035 - root - INFO - Reading image header(readHeader16E)...
2022-01-06 08:42:04,035 - root - INFO - Image header was read:
2022-01-06 08:42:04,035 - root - INFO - Width: 20, Height: 20, RowLength: 40
2022-01-06 08:42:04,035 - root - INFO - datalength: 430, _step: 2
2022-01-06 08:42:04,035 - root - INFO - BPP: 16, Transparency: False
2022-01-06 08:42:04,035 - root - INFO - Resource 66 offset: 583197, length: 520...
2022-01-06 08:42:04,035 - root - DEBUG - Reading resource 66...
2022-01-06 08:42:04,035 - root - INFO - The image is bme.
2022-01-06 08:42:04,035 - root - INFO - Reading image header(readHeader16E)...
2022-01-06 08:42:04,035 - root - INFO - Image header was read:
2022-01-06 08:42:04,035 - root - INFO - Width: 20, Height: 20, RowLength: 40
2022-01-06 08:42:04,035 - root - INFO - datalength: 504, _step: 2
2022-01-06 08:42:04,035 - root - INFO - BPP: 16, Transparency: False
2022-01-06 08:42:04,050 - root - INFO - Resource 67 offset: 583717, length: 554...
2022-01-06 08:42:04,050 - root - DEBUG - Reading resource 67...
2022-01-06 08:42:04,050 - root - INFO - The image is bme.
2022-01-06 08:42:04,050 - root - INFO - Reading image header(readHeader16E)...
2022-01-06 08:42:04,050 - root - INFO - Image header was read:
2022-01-06 08:42:04,050 - root - INFO - Width: 20, Height: 20, RowLength: 40
2022-01-06 08:42:04,050 - root - INFO - datalength: 538, _step: 2
2022-01-06 08:42:04,050 - root - INFO - BPP: 16, Transparency: False
2022-01-06 08:42:04,050 - root - INFO - Resource 68 offset: 584271, length: 404...
2022-01-06 08:42:04,050 - root - DEBUG - Reading resource 68...
2022-01-06 08:42:04,050 - root - INFO - The image is bme.
2022-01-06 08:42:04,050 - root - INFO - Reading image header(readHeader16E)...
2022-01-06 08:42:04,050 - root - INFO - Image header was read:
2022-01-06 08:42:04,050 - root - INFO - Width: 20, Height: 20, RowLength: 40
2022-01-06 08:42:04,050 - root - INFO - datalength: 388, _step: 2
2022-01-06 08:42:04,050 - root - INFO - BPP: 16, Transparency: False
2022-01-06 08:42:04,050 - root - INFO - Resource 69 offset: 584675, length: 538...
2022-01-06 08:42:04,050 - root - DEBUG - Reading resource 69...
2022-01-06 08:42:04,050 - root - INFO - The image is bme.
2022-01-06 08:42:04,050 - root - INFO - Reading image header(readHeader16E)...
2022-01-06 08:42:04,050 - root - INFO - Image header was read:
2022-01-06 08:42:04,050 - root - INFO - Width: 20, Height: 20, RowLength: 40
2022-01-06 08:42:04,050 - root - INFO - datalength: 522, _step: 2
2022-01-06 08:42:04,050 - root - INFO - BPP: 16, Transparency: False
2022-01-06 08:42:04,050 - root - INFO - Resource 70 offset: 585213, length: 496...
2022-01-06 08:42:04,050 - root - DEBUG - Reading resource 70...
2022-01-06 08:42:04,050 - root - INFO - The image is bme.
2022-01-06 08:42:04,050 - root - INFO - Reading image header(readHeader16E)...
2022-01-06 08:42:04,050 - root - INFO - Image header was read:
2022-01-06 08:42:04,050 - root - INFO - Width: 20, Height: 20, RowLength: 40
2022-01-06 08:42:04,050 - root - INFO - datalength: 480, _step: 2
2022-01-06 08:42:04,050 - root - INFO - BPP: 16, Transparency: False
2022-01-06 08:42:04,050 - root - INFO - Resource 71 offset: 585709, length: 510...
2022-01-06 08:42:04,050 - root - DEBUG - Reading resource 71...
2022-01-06 08:42:04,050 - root - INFO - The image is bme.
2022-01-06 08:42:04,050 - root - INFO - Reading image header(readHeader16E)...
2022-01-06 08:42:04,050 - root - INFO - Image header was read:
2022-01-06 08:42:04,050 - root - INFO - Width: 20, Height: 20, RowLength: 40
2022-01-06 08:42:04,050 - root - INFO - datalength: 494, _step: 2
2022-01-06 08:42:04,050 - root - INFO - BPP: 16, Transparency: False
2022-01-06 08:42:04,050 - root - INFO - Resource 72 offset: 586219, length: 540...
2022-01-06 08:42:04,050 - root - DEBUG - Reading resource 72...
2022-01-06 08:42:04,050 - root - INFO - The image is bme.
2022-01-06 08:42:04,050 - root - INFO - Reading image header(readHeader16E)...
2022-01-06 08:42:04,050 - root - INFO - Image header was read:
2022-01-06 08:42:04,050 - root - INFO - Width: 20, Height: 20, RowLength: 40
2022-01-06 08:42:04,050 - root - INFO - datalength: 524, _step: 2
2022-01-06 08:42:04,050 - root - INFO - BPP: 16, Transparency: False
2022-01-06 08:42:04,050 - root - INFO - Resource 73 offset: 586759, length: 410...
2022-01-06 08:42:04,050 - root - DEBUG - Reading resource 73...
2022-01-06 08:42:04,050 - root - INFO - The image is bme.
2022-01-06 08:42:04,050 - root - INFO - Reading image header(readHeader16E)...
2022-01-06 08:42:04,050 - root - INFO - Image header was read:
2022-01-06 08:42:04,050 - root - INFO - Width: 20, Height: 20, RowLength: 40
2022-01-06 08:42:04,050 - root - INFO - datalength: 394, _step: 2
2022-01-06 08:42:04,050 - root - INFO - BPP: 16, Transparency: False
2022-01-06 08:42:04,050 - root - INFO - Resource 74 offset: 587169, length: 386...
2022-01-06 08:42:04,050 - root - DEBUG - Reading resource 74...
2022-01-06 08:42:04,050 - root - INFO - The image is bme.
2022-01-06 08:42:04,050 - root - INFO - Reading image header(readHeader16E)...
2022-01-06 08:42:04,050 - root - INFO - Image header was read:
2022-01-06 08:42:04,050 - root - INFO - Width: 20, Height: 20, RowLength: 40
2022-01-06 08:42:04,050 - root - INFO - datalength: 370, _step: 2
2022-01-06 08:42:04,050 - root - INFO - BPP: 16, Transparency: False
2022-01-06 08:42:04,050 - root - INFO - Resource 75 offset: 587555, length: 530...
2022-01-06 08:42:04,050 - root - DEBUG - Reading resource 75...
2022-01-06 08:42:04,050 - root - INFO - The image is bme.
2022-01-06 08:42:04,050 - root - INFO - Reading image header(readHeader16E)...
2022-01-06 08:42:04,050 - root - INFO - Image header was read:
2022-01-06 08:42:04,050 - root - INFO - Width: 20, Height: 20, RowLength: 40
2022-01-06 08:42:04,050 - root - INFO - datalength: 514, _step: 2
2022-01-06 08:42:04,050 - root - INFO - BPP: 16, Transparency: False
2022-01-06 08:42:04,050 - root - INFO - Resource 76 offset: 588085, length: 88...
2022-01-06 08:42:04,050 - root - DEBUG - Reading resource 76...
2022-01-06 08:42:04,050 - root - INFO - The image is bme.
2022-01-06 08:42:04,050 - root - INFO - Reading image header(readHeader16E)...
2022-01-06 08:42:04,050 - root - INFO - Image header was read:
2022-01-06 08:42:04,050 - root - INFO - Width: 11, Height: 22, RowLength: 22
2022-01-06 08:42:04,050 - root - INFO - datalength: 72, _step: 2
2022-01-06 08:42:04,050 - root - INFO - BPP: 16, Transparency: False
2022-01-06 08:42:04,050 - root - INFO - Resource 77 offset: 588173, length: 72...
2022-01-06 08:42:04,050 - root - DEBUG - Reading resource 77...
2022-01-06 08:42:04,050 - root - INFO - The image is bme.
2022-01-06 08:42:04,050 - root - INFO - Reading image header(readHeader16E)...
2022-01-06 08:42:04,050 - root - INFO - Image header was read:
2022-01-06 08:42:04,050 - root - INFO - Width: 6, Height: 22, RowLength: 12
2022-01-06 08:42:04,050 - root - INFO - datalength: 56, _step: 2
2022-01-06 08:42:04,050 - root - INFO - BPP: 16, Transparency: False
2022-01-06 08:42:04,050 - root - INFO - Resource 78 offset: 588245, length: 2941...
2022-01-06 08:42:04,050 - root - DEBUG - Reading resource 78...
2022-01-06 08:42:04,050 - root - INFO - The image is bmc.
2022-01-06 08:42:04,050 - root - INFO - Reading image header(readHeader16C)...
2022-01-06 08:42:04,050 - root - INFO - Image header was read:
2022-01-06 08:42:04,050 - root - INFO - Width: 65, Height: 15, RowLength: 195
2022-01-06 08:42:04,050 - root - INFO - _step: 3, unknown2: 0,
2022-01-06 08:42:04,050 - root - INFO - BPP: 24, Transparency: False
2022-01-06 08:42:04,066 - root - INFO - Resource 79 offset: 591186, length: 2941...
2022-01-06 08:42:04,066 - root - DEBUG - Reading resource 79...
2022-01-06 08:42:04,066 - root - INFO - The image is bmc.
2022-01-06 08:42:04,066 - root - INFO - Reading image header(readHeader16C)...
2022-01-06 08:42:04,066 - root - INFO - Image header was read:
2022-01-06 08:42:04,066 - root - INFO - Width: 65, Height: 15, RowLength: 195
2022-01-06 08:42:04,066 - root - INFO - _step: 3, unknown2: 0,
2022-01-06 08:42:04,066 - root - INFO - BPP: 24, Transparency: False
2022-01-06 08:42:04,066 - root - INFO - Resource 80 offset: 594127, length: 2941...
2022-01-06 08:42:04,066 - root - DEBUG - Reading resource 80...
2022-01-06 08:42:04,066 - root - INFO - The image is bmc.
2022-01-06 08:42:04,066 - root - INFO - Reading image header(readHeader16C)...
2022-01-06 08:42:04,066 - root - INFO - Image header was read:
2022-01-06 08:42:04,066 - root - INFO - Width: 65, Height: 15, RowLength: 195
2022-01-06 08:42:04,066 - root - INFO - _step: 3, unknown2: 0,
2022-01-06 08:42:04,066 - root - INFO - BPP: 24, Transparency: False
2022-01-06 08:42:04,066 - root - INFO - Resource 81 offset: 597068, length: 2941...
2022-01-06 08:42:04,066 - root - DEBUG - Reading resource 81...
2022-01-06 08:42:04,066 - root - INFO - The image is bmc.
2022-01-06 08:42:04,066 - root - INFO - Reading image header(readHeader16C)...
2022-01-06 08:42:04,066 - root - INFO - Image header was read:
2022-01-06 08:42:04,066 - root - INFO - Width: 65, Height: 15, RowLength: 195
2022-01-06 08:42:04,066 - root - INFO - _step: 3, unknown2: 0,
2022-01-06 08:42:04,066 - root - INFO - BPP: 24, Transparency: False
2022-01-06 08:42:04,081 - root - INFO - Resource 82 offset: 600009, length: 2941...
2022-01-06 08:42:04,081 - root - DEBUG - Reading resource 82...
2022-01-06 08:42:04,081 - root - INFO - The image is bmc.
2022-01-06 08:42:04,081 - root - INFO - Reading image header(readHeader16C)...
2022-01-06 08:42:04,081 - root - INFO - Image header was read:
2022-01-06 08:42:04,081 - root - INFO - Width: 65, Height: 15, RowLength: 195
2022-01-06 08:42:04,081 - root - INFO - _step: 3, unknown2: 0,
2022-01-06 08:42:04,081 - root - INFO - BPP: 24, Transparency: False
2022-01-06 08:42:04,081 - root - INFO - Resource 83 offset: 602950, length: 1626...
2022-01-06 08:42:04,081 - root - DEBUG - Reading resource 83...
2022-01-06 08:42:04,081 - root - INFO - The image is bme.
2022-01-06 08:42:04,081 - root - INFO - Reading image header(readHeader16E)...
2022-01-06 08:42:04,081 - root - INFO - Image header was read:
2022-01-06 08:42:04,081 - root - INFO - Width: 65, Height: 15, RowLength: 130
2022-01-06 08:42:04,081 - root - INFO - datalength: 1610, _step: 2
2022-01-06 08:42:04,081 - root - INFO - BPP: 16, Transparency: False
2022-01-06 08:42:04,081 - root - INFO - Resource 84 offset: 604576, length: 2941...
2022-01-06 08:42:04,081 - root - DEBUG - Reading resource 84...
2022-01-06 08:42:04,081 - root - INFO - The image is bmc.
2022-01-06 08:42:04,081 - root - INFO - Reading image header(readHeader16C)...
2022-01-06 08:42:04,081 - root - INFO - Image header was read:
2022-01-06 08:42:04,081 - root - INFO - Width: 65, Height: 15, RowLength: 195
2022-01-06 08:42:04,081 - root - INFO - _step: 3, unknown2: 0,
2022-01-06 08:42:04,081 - root - INFO - BPP: 24, Transparency: False
2022-01-06 08:42:04,081 - root - INFO - Resource 85 offset: 607517, length: 2941...
2022-01-06 08:42:04,081 - root - DEBUG - Reading resource 85...
2022-01-06 08:42:04,081 - root - INFO - The image is bmc.
2022-01-06 08:42:04,081 - root - INFO - Reading image header(readHeader16C)...
2022-01-06 08:42:04,081 - root - INFO - Image header was read:
2022-01-06 08:42:04,081 - root - INFO - Width: 65, Height: 15, RowLength: 195
2022-01-06 08:42:04,081 - root - INFO - _step: 3, unknown2: 0,
2022-01-06 08:42:04,081 - root - INFO - BPP: 24, Transparency: False
2022-01-06 08:42:04,097 - root - INFO - Resource 86 offset: 610458, length: 3136...
2022-01-06 08:42:04,097 - root - DEBUG - Reading resource 86...
2022-01-06 08:42:04,097 - root - INFO - The image is bmc.
2022-01-06 08:42:04,097 - root - INFO - Reading image header(readHeader16C)...
2022-01-06 08:42:04,097 - root - INFO - Image header was read:
2022-01-06 08:42:04,097 - root - INFO - Width: 65, Height: 16, RowLength: 195
2022-01-06 08:42:04,097 - root - INFO - _step: 3, unknown2: 0,
2022-01-06 08:42:04,097 - root - INFO - BPP: 24, Transparency: False
2022-01-06 08:42:04,097 - root - INFO - Resource 87 offset: 613594, length: 3136...
2022-01-06 08:42:04,097 - root - DEBUG - Reading resource 87...
2022-01-06 08:42:04,097 - root - INFO - The image is bmc.
2022-01-06 08:42:04,097 - root - INFO - Reading image header(readHeader16C)...
2022-01-06 08:42:04,097 - root - INFO - Image header was read:
2022-01-06 08:42:04,097 - root - INFO - Width: 65, Height: 16, RowLength: 195
2022-01-06 08:42:04,097 - root - INFO - _step: 3, unknown2: 0,
2022-01-06 08:42:04,097 - root - INFO - BPP: 24, Transparency: False
2022-01-06 08:42:04,097 - root - INFO - Resource 88 offset: 616730, length: 2941...
2022-01-06 08:42:04,097 - root - DEBUG - Reading resource 88...
2022-01-06 08:42:04,097 - root - INFO - The image is bmc.
2022-01-06 08:42:04,097 - root - INFO - Reading image header(readHeader16C)...
2022-01-06 08:42:04,097 - root - INFO - Image header was read:
2022-01-06 08:42:04,097 - root - INFO - Width: 65, Height: 15, RowLength: 195
2022-01-06 08:42:04,097 - root - INFO - _step: 3, unknown2: 0,
2022-01-06 08:42:04,097 - root - INFO - BPP: 24, Transparency: False
2022-01-06 08:42:04,113 - root - DEBUG - Parsing parameters...
2022-01-06 08:42:04,160 - root - DEBUG - 0 Value: None
2022-01-06 08:42:04,160 - root - DEBUG - 0.1 Value: 71
2022-01-06 08:42:04,160 - root - DEBUG - 2 Value: None
2022-01-06 08:42:04,160 - root - DEBUG - 2.1 Value: None
2022-01-06 08:42:04,160 - root - DEBUG - 2.1.1 Value: 0
2022-01-06 08:42:04,160 - root - DEBUG - 2.1.2 Value: 0
2022-01-06 08:42:04,160 - root - DEBUG - 2.1.3 Value: 0
2022-01-06 08:42:04,160 - root - DEBUG - 2.3 Value: None
2022-01-06 08:42:04,160 - root - DEBUG - 2.3.1 Value: 0
2022-01-06 08:42:04,160 - root - DEBUG - 2.3.2 Value: 0
2022-01-06 08:42:04,160 - root - DEBUG - 2.3.3 Value: 1
2022-01-06 08:42:04,160 - root - DEBUG - 2.4 Value: None
2022-01-06 08:42:04,160 - root - DEBUG - 2.4.1 Value: 0
2022-01-06 08:42:04,160 - root - DEBUG - 2.4.2 Value: 0
2022-01-06 08:42:04,160 - root - DEBUG - 2.4.3 Value: 1
2022-01-06 08:42:04,175 - root - DEBUG - 2.5 Value: None
2022-01-06 08:42:04,175 - root - DEBUG - 2.5.1 Value: 0
2022-01-06 08:42:04,175 - root - DEBUG - 2.5.2 Value: 0
2022-01-06 08:42:04,175 - root - DEBUG - 2.5.3 Value: 1
2022-01-06 08:42:04,175 - root - DEBUG - 3 Value: None
2022-01-06 08:42:04,175 - root - DEBUG - 3.1 Value: None
2022-01-06 08:42:04,175 - root - DEBUG - 3.1.1 Value: None
2022-01-06 08:42:04,175 - root - DEBUG - 3.1.1.1 Value: None
2022-01-06 08:42:04,175 - root - DEBUG - 3.1.1.1.1 Value: 27
2022-01-06 08:42:04,175 - root - DEBUG - 3.1.1.1.2 Value: 116
2022-01-06 08:42:04,175 - root - DEBUG - 3.1.1.1.3 Value: 2
2022-01-06 08:42:04,175 - root - DEBUG - 3.1.1.1.4 Value: 10
2022-01-06 08:42:04,175 - root - DEBUG - 3.1.1.2 Value: None
2022-01-06 08:42:04,175 - root - DEBUG - 3.1.1.2.1 Value: 85
2022-01-06 08:42:04,175 - root - DEBUG - 3.1.1.2.2 Value: 116
2022-01-06 08:42:04,175 - root - DEBUG - 3.1.1.2.3 Value: 2
2022-01-06 08:42:04,175 - root - DEBUG - 3.1.1.2.4 Value: 10
2022-01-06 08:42:04,175 - root - DEBUG - 3.1.2 Value: None
2022-01-06 08:42:04,175 - root - DEBUG - 3.1.2.1 Value: None
2022-01-06 08:42:04,175 - root - DEBUG - 3.1.2.1.1 Value: 167
2022-01-06 08:42:04,175 - root - DEBUG - 3.1.2.1.2 Value: 116
2022-01-06 08:42:04,175 - root - DEBUG - 3.1.2.1.3 Value: 2
2022-01-06 08:42:04,175 - root - DEBUG - 3.1.2.1.4 Value: 10
2022-01-06 08:42:04,175 - root - DEBUG - 3.1.2.2 Value: None
2022-01-06 08:42:04,175 - root - DEBUG - 3.1.2.2.1 Value: 226
2022-01-06 08:42:04,175 - root - DEBUG - 3.1.2.2.2 Value: 116
2022-01-06 08:42:04,175 - root - DEBUG - 3.1.2.2.3 Value: 2
2022-01-06 08:42:04,175 - root - DEBUG - 3.1.2.2.4 Value: 10
2022-01-06 08:42:04,175 - root - DEBUG - 3.1.7 Value: 0
2022-01-06 08:42:04,175 - root - DEBUG - 3.1.8 Value: 1
2022-01-06 08:42:04,175 - root - DEBUG - 4 Value: None
2022-01-06 08:42:04,175 - root - DEBUG - 4.3 Value: None
2022-01-06 08:42:04,175 - root - DEBUG - 4.3.1 Value: None
2022-01-06 08:42:04,175 - root - DEBUG - 4.3.1.1 Value: 190
2022-01-06 08:42:04,175 - root - DEBUG - 4.3.1.2 Value: 8
2022-01-06 08:42:04,175 - root - DEBUG - 4.3.1.3 Value: 233
2022-01-06 08:42:04,175 - root - DEBUG - 4.3.1.4 Value: 30
2022-01-06 08:42:04,175 - root - DEBUG - 4.3.1.5 Value: 20
2022-01-06 08:42:04,175 - root - DEBUG - 4.3.1.6 Value: 0
2022-01-06 08:42:04,175 - root - DEBUG - 4.3.1.7 Value: 0
2022-01-06 08:42:04,175 - root - DEBUG - 4.3.1.8 Value: 29
2022-01-06 08:42:04,175 - root - DEBUG - 4.3.1.9 Value: 10
2022-01-06 08:42:04,175 - root - DEBUG - 4.4 Value: None
2022-01-06 08:42:04,175 - root - DEBUG - 4.4.1 Value: None
2022-01-06 08:42:04,175 - root - DEBUG - 4.4.1.1 Value: 190
2022-01-06 08:42:04,175 - root - DEBUG - 4.4.1.2 Value: 54
2022-01-06 08:42:04,175 - root - DEBUG - 4.4.1.3 Value: 232
2022-01-06 08:42:04,175 - root - DEBUG - 4.4.1.4 Value: 76
2022-01-06 08:42:04,175 - root - DEBUG - 4.4.1.5 Value: 20
2022-01-06 08:42:04,175 - root - DEBUG - 4.4.1.6 Value: 0
2022-01-06 08:42:04,175 - root - DEBUG - 4.4.1.7 Value: 0
2022-01-06 08:42:04,175 - root - DEBUG - 4.4.1.8 Value: 39
2022-01-06 08:42:04,175 - root - DEBUG - 4.4.1.9 Value: 10
2022-01-06 08:42:04,175 - root - DEBUG - 4.4.3 Value: 49
2022-01-06 08:42:04,175 - root - DEBUG - 4.5 Value: None
2022-01-06 08:42:04,175 - root - DEBUG - 4.5.1 Value: None
2022-01-06 08:42:04,175 - root - DEBUG - 4.5.1.1 Value: 50
2022-01-06 08:42:04,175 - root - DEBUG - 4.5.1.2 Value: 54
2022-01-06 08:42:04,175 - root - DEBUG - 4.5.1.3 Value: 92
2022-01-06 08:42:04,175 - root - DEBUG - 4.5.1.4 Value: 76
2022-01-06 08:42:04,175 - root - DEBUG - 4.5.1.5 Value: 20
2022-01-06 08:42:04,175 - root - DEBUG - 4.5.1.6 Value: 0
2022-01-06 08:42:04,175 - root - DEBUG - 4.5.1.7 Value: 0
2022-01-06 08:42:04,175 - root - DEBUG - 4.5.1.8 Value: 29
2022-01-06 08:42:04,175 - root - DEBUG - 4.5.1.9 Value: 10
2022-01-06 08:42:04,175 - root - DEBUG - 4.5.3 Value: 50
2022-01-06 08:42:04,175 - root - DEBUG - 4.7 Value: 0
2022-01-06 08:42:04,175 - root - DEBUG - 5 Value: None
2022-01-06 08:42:04,175 - root - DEBUG - 5.1 Value: None
2022-01-06 08:42:04,175 - root - DEBUG - 5.1.1 Value: None
2022-01-06 08:42:04,175 - root - DEBUG - 5.1.1.4 Value: None
2022-01-06 08:42:04,175 - root - DEBUG - 5.1.1.4.1 Value: 135
2022-01-06 08:42:04,175 - root - DEBUG - 5.1.1.4.2 Value: 247
2022-01-06 08:42:04,175 - root - DEBUG - 5.1.1.4.3 Value: 174
2022-01-06 08:42:04,175 - root - DEBUG - 5.1.1.4.4 Value: 277
2022-01-06 08:42:04,175 - root - DEBUG - 5.1.1.4.5 Value: 18
2022-01-06 08:42:04,175 - root - DEBUG - 5.1.1.4.6 Value: 0
2022-01-06 08:42:04,175 - root - DEBUG - 5.1.1.4.7 Value: 0
2022-01-06 08:42:04,175 - root - DEBUG - 5.1.1.4.8 Value: 12
2022-01-06 08:42:04,175 - root - DEBUG - 5.1.1.4.9 Value: 10
2022-01-06 08:42:04,175 - root - DEBUG - 5.1.4 Value: 1
2022-01-06 08:42:04,175 - root - DEBUG - 5.1.5 Value: 1
2022-01-06 08:42:04,175 - root - DEBUG - 5.1.6 Value: 0
2022-01-06 08:42:04,175 - root - DEBUG - 5.4 Value: None
2022-01-06 08:42:04,175 - root - DEBUG - 5.4.1 Value: 100
2022-01-06 08:42:04,175 - root - DEBUG - 5.4.2 Value: 211
2022-01-06 08:42:04,175 - root - DEBUG - 5.4.3 Value: 22
2022-01-06 08:42:04,175 - root - DEBUG - 5.4.4 Value: 7
2022-01-06 08:42:04,175 - root - DEBUG - 6 Value: None
2022-01-06 08:42:04,175 - root - DEBUG - 6.1 Value: None
2022-01-06 08:42:04,175 - root - DEBUG - 6.1.2 Value: None
2022-01-06 08:42:04,175 - root - DEBUG - 6.1.2.1 Value: 105
2022-01-06 08:42:04,175 - root - DEBUG - 6.1.2.2 Value: 9
2022-01-06 08:42:04,175 - root - DEBUG - 6.1.2.3 Value: 51
2022-01-06 08:42:04,175 - root - DEBUG - 6.1.2.4 Value: 25
2022-01-06 08:42:04,175 - root - DEBUG - 6.2 Value: None
2022-01-06 08:42:04,175 - root - DEBUG - 6.2.1 Value: None
2022-01-06 08:42:04,175 - root - DEBUG - 6.2.1.1 Value: None
2022-01-06 08:42:04,175 - root - DEBUG - 6.2.1.1.1 Value: 56
2022-01-06 08:42:04,175 - root - DEBUG - 6.2.1.1.2 Value: 9
2022-01-06 08:42:04,175 - root - DEBUG - 6.2.1.1.3 Value: 94
2022-01-06 08:42:04,175 - root - DEBUG - 6.2.1.1.4 Value: 30
2022-01-06 08:42:04,175 - root - DEBUG - 6.2.1.1.5 Value: 20
2022-01-06 08:42:04,175 - root - DEBUG - 6.2.1.1.6 Value: 0
2022-01-06 08:42:04,175 - root - DEBUG - 6.2.1.1.7 Value: 0
2022-01-06 08:42:04,175 - root - DEBUG - 6.2.1.1.8 Value: 29
2022-01-06 08:42:04,175 - root - DEBUG - 6.2.1.1.9 Value: 10
2022-01-06 08:42:04,175 - root - DEBUG - 6.2.1.2 Value: 76
2022-01-06 08:42:04,175 - root - DEBUG - 6.2.1.3 Value: 77
2022-01-06 08:42:04,175 - root - DEBUG - 7 Value: None
2022-01-06 08:42:04,175 - root - DEBUG - 7.2 Value: None
2022-01-06 08:42:04,175 - root - DEBUG - 7.2.1 Value: 222
2022-01-06 08:42:04,175 - root - DEBUG - 7.2.2 Value: 243
2022-01-06 08:42:04,175 - root - DEBUG - 7.2.3 Value: 78
2022-01-06 08:42:04,175 - root - DEBUG - 7.2.4 Value: 5
2022-01-06 08:42:04,175 - root - DEBUG - 7.8 Value: None
2022-01-06 08:42:04,175 - root - DEBUG - 7.8.1 Value: 222
2022-01-06 08:42:04,175 - root - DEBUG - 7.8.2 Value: 243
2022-01-06 08:42:04,175 - root - DEBUG - 7.8.3 Value: 83
2022-01-06 08:42:04,175 - root - DEBUG - 9 Value: None
2022-01-06 08:42:04,175 - root - DEBUG - 9.2 Value: None
2022-01-06 08:42:04,175 - root - DEBUG - 9.2.1 Value: 13
2022-01-06 08:42:04,175 - root - DEBUG - 9.2.2 Value: 243
2022-01-06 08:42:04,175 - root - DEBUG - 9.2.3 Value: 84
2022-01-06 08:42:04,175 - root - DEBUG - 9.2.4 Value: 5
2022-01-06 08:42:04,175 - root - DEBUG - 0-Info
2022-01-06 08:42:04,175 - root - DEBUG - 0.1-DeviceId
2022-01-06 08:42:04,175 - root - DEBUG - 2-Background
2022-01-06 08:42:04,175 - root - DEBUG - 2.1-Image
2022-01-06 08:42:04,175 - root - DEBUG - 2.1.1-X
2022-01-06 08:42:04,175 - root - DEBUG - 2.1.2-Y
2022-01-06 08:42:04,175 - root - DEBUG - 2.1.3-ImageIndex
2022-01-06 08:42:04,175 - root - DEBUG - 2.3-Preview
2022-01-06 08:42:04,175 - root - DEBUG - 2.3.1-X
2022-01-06 08:42:04,175 - root - DEBUG - 2.3.2-Y
2022-01-06 08:42:04,175 - root - DEBUG - 2.3.3-ImageIndex
2022-01-06 08:42:04,175 - root - DEBUG - 2.4-PreviewTradChinese
2022-01-06 08:42:04,175 - root - DEBUG - 2.4.1-X
2022-01-06 08:42:04,175 - root - DEBUG - 2.4.2-Y
2022-01-06 08:42:04,175 - root - DEBUG - 2.4.3-ImageIndex
2022-01-06 08:42:04,175 - root - DEBUG - 2.5-PreviewChinese
2022-01-06 08:42:04,175 - root - DEBUG - 2.5.1-X
2022-01-06 08:42:04,175 - root - DEBUG - 2.5.2-Y
2022-01-06 08:42:04,175 - root - DEBUG - 2.5.3-ImageIndex
2022-01-06 08:42:04,175 - root - DEBUG - 3-TimeExtended
2022-01-06 08:42:04,175 - root - DEBUG - 3.1-TimeSeparateDigits
2022-01-06 08:42:04,175 - root - DEBUG - 3.1.1-Hours
2022-01-06 08:42:04,175 - root - DEBUG - 3.1.1.1-Tens
2022-01-06 08:42:04,175 - root - DEBUG - 3.1.1.1.1-X
2022-01-06 08:42:04,175 - root - DEBUG - 3.1.1.1.2-Y
2022-01-06 08:42:04,175 - root - DEBUG - 3.1.1.1.3-ImageIndex
2022-01-06 08:42:04,175 - root - DEBUG - 3.1.1.1.4-ImagesCount
2022-01-06 08:42:04,175 - root - DEBUG - 3.1.1.2-Ones
2022-01-06 08:42:04,175 - root - DEBUG - 3.1.1.2.1-X
2022-01-06 08:42:04,175 - root - DEBUG - 3.1.1.2.2-Y
2022-01-06 08:42:04,175 - root - DEBUG - 3.1.1.2.3-ImageIndex
2022-01-06 08:42:04,175 - root - DEBUG - 3.1.1.2.4-ImagesCount
2022-01-06 08:42:04,175 - root - DEBUG - 3.1.2-Minutes
2022-01-06 08:42:04,175 - root - DEBUG - 3.1.2.1-Tens
2022-01-06 08:42:04,175 - root - DEBUG - 3.1.2.1.1-X
2022-01-06 08:42:04,175 - root - DEBUG - 3.1.2.1.2-Y
2022-01-06 08:42:04,175 - root - DEBUG - 3.1.2.1.3-ImageIndex
2022-01-06 08:42:04,175 - root - DEBUG - 3.1.2.1.4-ImagesCount
2022-01-06 08:42:04,175 - root - DEBUG - 3.1.2.2-Ones
2022-01-06 08:42:04,175 - root - DEBUG - 3.1.2.2.1-X
2022-01-06 08:42:04,175 - root - DEBUG - 3.1.2.2.2-Y
2022-01-06 08:42:04,175 - root - DEBUG - 3.1.2.2.3-ImageIndex
2022-01-06 08:42:04,175 - root - DEBUG - 3.1.2.2.4-ImagesCount
2022-01-06 08:42:04,175 - root - DEBUG - 3.1.7-PaddingZeroHours
2022-01-06 08:42:04,175 - root - DEBUG - 3.1.8-PaddingZeroMinutes
2022-01-06 08:42:04,175 - root - DEBUG - 4-Activity
2022-01-06 08:42:04,175 - root - DEBUG - 4.3-Calories
2022-01-06 08:42:04,175 - root - DEBUG - 4.3.1-ImageNumber
2022-01-06 08:42:04,175 - root - DEBUG - 4.3.1.1-TopLeftX
2022-01-06 08:42:04,175 - root - DEBUG - 4.3.1.2-TopLeftY
2022-01-06 08:42:04,175 - root - DEBUG - 4.3.1.3-BottomRightX
2022-01-06 08:42:04,175 - root - DEBUG - 4.3.1.4-BottomRightY
2022-01-06 08:42:04,175 - root - DEBUG - 4.3.1.5-Alignment
2022-01-06 08:42:04,175 - root - DEBUG - 4.3.1.6-Spacing
2022-01-06 08:42:04,175 - root - DEBUG - 4.3.1.7-VerticalOffset
2022-01-06 08:42:04,191 - root - DEBUG - 4.3.1.8-ImageIndex
2022-01-06 08:42:04,191 - root - DEBUG - 4.3.1.9-ImagesCount
2022-01-06 08:42:04,191 - root - DEBUG - 4.4-HeartRate
2022-01-06 08:42:04,191 - root - DEBUG - 4.4.1-ImageNumber
2022-01-06 08:42:04,191 - root - DEBUG - 4.4.1.1-TopLeftX
2022-01-06 08:42:04,191 - root - DEBUG - 4.4.1.2-TopLeftY
2022-01-06 08:42:04,191 - root - DEBUG - 4.4.1.3-BottomRightX
2022-01-06 08:42:04,191 - root - DEBUG - 4.4.1.4-BottomRightY
2022-01-06 08:42:04,191 - root - DEBUG - 4.4.1.5-Alignment
2022-01-06 08:42:04,191 - root - DEBUG - 4.4.1.6-Spacing
2022-01-06 08:42:04,191 - root - DEBUG - 4.4.1.7-VerticalOffset
2022-01-06 08:42:04,191 - root - DEBUG - 4.4.1.8-ImageIndex
2022-01-06 08:42:04,191 - root - DEBUG - 4.4.1.9-ImagesCount
2022-01-06 08:42:04,191 - root - DEBUG - 4.4.3-NoDataImageIndex
2022-01-06 08:42:04,191 - root - DEBUG - 4.5-Distance
2022-01-06 08:42:04,191 - root - DEBUG - 4.5.1-ImageNumber
2022-01-06 08:42:04,191 - root - DEBUG - 4.5.1.1-TopLeftX
2022-01-06 08:42:04,191 - root - DEBUG - 4.5.1.2-TopLeftY
2022-01-06 08:42:04,191 - root - DEBUG - 4.5.1.3-BottomRightX
2022-01-06 08:42:04,191 - root - DEBUG - 4.5.1.4-BottomRightY
2022-01-06 08:42:04,191 - root - DEBUG - 4.5.1.5-Alignment
2022-01-06 08:42:04,191 - root - DEBUG - 4.5.1.6-Spacing
2022-01-06 08:42:04,191 - root - DEBUG - 4.5.1.7-VerticalOffset
2022-01-06 08:42:04,191 - root - DEBUG - 4.5.1.8-ImageIndex
2022-01-06 08:42:04,191 - root - DEBUG - 4.5.1.9-ImagesCount
2022-01-06 08:42:04,191 - root - DEBUG - 4.5.3-DecimalPointImageIndex
2022-01-06 08:42:04,191 - root - DEBUG - 4.7-UnknownLongValue7
2022-01-06 08:42:04,191 - root - DEBUG - 5-DateBlock
2022-01-06 08:42:04,191 - root - DEBUG - 5.1-Date
2022-01-06 08:42:04,191 - root - DEBUG - 5.1.1-MonthAndDayAlt
2022-01-06 08:42:04,191 - root - DEBUG - 5.1.1.4-Day
2022-01-06 08:42:04,191 - root - DEBUG - 5.1.1.4.1-TopLeftX
2022-01-06 08:42:04,191 - root - DEBUG - 5.1.1.4.2-TopLeftY
2022-01-06 08:42:04,191 - root - DEBUG - 5.1.1.4.3-BottomRightX
2022-01-06 08:42:04,191 - root - DEBUG - 5.1.1.4.4-BottomRightY
2022-01-06 08:42:04,191 - root - DEBUG - 5.1.1.4.5-Alignment
2022-01-06 08:42:04,191 - root - DEBUG - 5.1.1.4.6-Spacing
2022-01-06 08:42:04,191 - root - DEBUG - 5.1.1.4.7-VerticalOffset
2022-01-06 08:42:04,191 - root - DEBUG - 5.1.1.4.8-ImageIndex
2022-01-06 08:42:04,191 - root - DEBUG - 5.1.1.4.9-ImagesCount
2022-01-06 08:42:04,191 - root - DEBUG - 5.1.4-PaddingZeroMonth
2022-01-06 08:42:04,191 - root - DEBUG - 5.1.5-PaddingZeroDay
2022-01-06 08:42:04,191 - root - DEBUG - 5.1.6-UnknownBoolean6
2022-01-06 08:42:04,191 - root - DEBUG - 5.4-Weekday
2022-01-06 08:42:04,191 - root - DEBUG - 5.4.1-X
2022-01-06 08:42:04,191 - root - DEBUG - 5.4.2-Y
2022-01-06 08:42:04,191 - root - DEBUG - 5.4.3-ImageIndex
2022-01-06 08:42:04,191 - root - DEBUG - 5.4.4-ImagesCount
2022-01-06 08:42:04,191 - root - DEBUG - 6-Weather
2022-01-06 08:42:04,191 - root - DEBUG - 6.1-Icon
2022-01-06 08:42:04,191 - root - DEBUG - 6.1.2-Images
2022-01-06 08:42:04,191 - root - DEBUG - 6.1.2.1-X
2022-01-06 08:42:04,191 - root - DEBUG - 6.1.2.2-Y
2022-01-06 08:42:04,191 - root - DEBUG - 6.1.2.3-ImageIndex
2022-01-06 08:42:04,191 - root - DEBUG - 6.1.2.4-ImagesCount
2022-01-06 08:42:04,191 - root - DEBUG - 6.2-Temperature
2022-01-06 08:42:04,191 - root - DEBUG - 6.2.1-Current
2022-01-06 08:42:04,191 - root - DEBUG - 6.2.1.1-ImageNumber
2022-01-06 08:42:04,191 - root - DEBUG - 6.2.1.1.1-TopLeftX
2022-01-06 08:42:04,191 - root - DEBUG - 6.2.1.1.2-TopLeftY
2022-01-06 08:42:04,191 - root - DEBUG - 6.2.1.1.3-BottomRightX
2022-01-06 08:42:04,191 - root - DEBUG - 6.2.1.1.4-BottomRightY
2022-01-06 08:42:04,191 - root - DEBUG - 6.2.1.1.5-Alignment
2022-01-06 08:42:04,191 - root - DEBUG - 6.2.1.1.6-Spacing
2022-01-06 08:42:04,191 - root - DEBUG - 6.2.1.1.7-VerticalOffset
2022-01-06 08:42:04,191 - root - DEBUG - 6.2.1.1.8-ImageIndex
2022-01-06 08:42:04,191 - root - DEBUG - 6.2.1.1.9-ImagesCount
2022-01-06 08:42:04,191 - root - DEBUG - 6.2.1.2-MinusImageIndex
2022-01-06 08:42:04,191 - root - DEBUG - 6.2.1.3-SuffixImageIndexC
2022-01-06 08:42:04,191 - root - DEBUG - 7-StepProgress
2022-01-06 08:42:04,191 - root - DEBUG - 7.2-ImageProgress
2022-01-06 08:42:04,191 - root - DEBUG - 7.2.1-X
2022-01-06 08:42:04,191 - root - DEBUG - 7.2.2-Y
2022-01-06 08:42:04,191 - root - DEBUG - 7.2.3-ImageIndex
2022-01-06 08:42:04,191 - root - DEBUG - 7.2.4-ImagesCount
2022-01-06 08:42:04,191 - root - DEBUG - 7.8-UnknownImage
2022-01-06 08:42:04,191 - root - DEBUG - 7.8.1-X
2022-01-06 08:42:04,191 - root - DEBUG - 7.8.2-Y
2022-01-06 08:42:04,191 - root - DEBUG - 7.8.3-ImageIndex
2022-01-06 08:42:04,191 - root - DEBUG - 9-Battery
2022-01-06 08:42:04,191 - root - DEBUG - 9.2-ImageProgress
2022-01-06 08:42:04,191 - root - DEBUG - 9.2.1-X
2022-01-06 08:42:04,191 - root - DEBUG - 9.2.2-Y
2022-01-06 08:42:04,191 - root - DEBUG - 9.2.3-ImageIndex
2022-01-06 08:42:04,191 - root - DEBUG - 9.2.4-ImagesCount
2022-01-06 08:42:04,191 - root - DEBUG - generatePreviews
2022-01-06 08:42:04,191 - root - DEBUG - Generating previews...
2022-01-06 08:42:04,191 - root - DEBUG - Generating states done...
2022-01-06 08:42:04,206 - root - DEBUG - >>>>>>>>>>>> 0 <watchFaceParser.models.parameter.Parameter object at 0x0000015570B740C8>
2022-01-06 08:42:04,206 - root - DEBUG - >>>>>>>>>>>> 2 <watchFaceParser.models.parameter.Parameter object at 0x0000015570B62B48>
2022-01-06 08:42:04,206 - root - DEBUG - >>>>>>>>>>>> 3 <watchFaceParser.models.parameter.Parameter object at 0x0000015570B6E088>
2022-01-06 08:42:04,206 - root - DEBUG - >>>>>>>>>>>> 4 <watchFaceParser.models.parameter.Parameter object at 0x0000015570B6E408>
2022-01-06 08:42:04,222 - root - DEBUG - >>>>>>>>>>>> 5 <watchFaceParser.models.parameter.Parameter object at 0x0000015570B71B08>
2022-01-06 08:42:04,222 - root - DEBUG - >>>>>>>>>>>> 6 <watchFaceParser.models.parameter.Parameter object at 0x0000015570B71F48>
2022-01-06 08:42:04,222 - root - DEBUG - >>>>>>>>>>>> 7 <watchFaceParser.models.parameter.Parameter object at 0x0000015570B74608>
2022-01-06 08:42:04,222 - root - DEBUG - >>>>>>>>>>>> 9 <watchFaceParser.models.parameter.Parameter object at 0x0000015570B71D08>
2022-01-06 08:42:04,238 - root - DEBUG - Generating static preview gen done...
2022-01-06 08:42:04,316 - root - DEBUG - Generating static preview save done...
2022-01-06 08:42:04,316 - root - DEBUG - Generating anim preview gen done...
2022-01-06 08:42:04,316 - root - DEBUG - >>>>>>>>>>>> 0 <watchFaceParser.models.parameter.Parameter object at 0x0000015570B740C8>
2022-01-06 08:42:04,316 - root - DEBUG - >>>>>>>>>>>> 2 <watchFaceParser.models.parameter.Parameter object at 0x0000015570B62B48>
2022-01-06 08:42:04,316 - root - DEBUG - >>>>>>>>>>>> 3 <watchFaceParser.models.parameter.Parameter object at 0x0000015570B6E088>
2022-01-06 08:42:04,316 - root - DEBUG - >>>>>>>>>>>> 4 <watchFaceParser.models.parameter.Parameter object at 0x0000015570B6E408>
2022-01-06 08:42:04,316 - root - DEBUG - >>>>>>>>>>>> 5 <watchFaceParser.models.parameter.Parameter object at 0x0000015570B71B08>
2022-01-06 08:42:04,316 - root - DEBUG - >>>>>>>>>>>> 6 <watchFaceParser.models.parameter.Parameter object at 0x0000015570B71F48>
2022-01-06 08:42:04,316 - root - DEBUG - >>>>>>>>>>>> 7 <watchFaceParser.models.parameter.Parameter object at 0x0000015570B74608>
2022-01-06 08:42:04,316 - root - DEBUG - >>>>>>>>>>>> 9 <watchFaceParser.models.parameter.Parameter object at 0x0000015570B71D08>
2022-01-06 08:42:04,417 - root - DEBUG - generatePreviews done
2022-01-06 08:42:04,417 - root - DEBUG - Exporting resources to 'E:\Codez\zepp-bipupro-wf\5bd18e5a9f7568d42f984fe540d992e9'
2022-01-06 08:42:04,417 - root - DEBUG - extracting E:\Codez\zepp-bipupro-wf\5bd18e5a9f7568d42f984fe540d992e9\0000.png...
2022-01-06 08:42:04,448 - root - DEBUG - extracting E:\Codez\zepp-bipupro-wf\5bd18e5a9f7568d42f984fe540d992e9\0001.png...
2022-01-06 08:42:04,463 - root - DEBUG - extracting E:\Codez\zepp-bipupro-wf\5bd18e5a9f7568d42f984fe540d992e9\0002.png...
2022-01-06 08:42:04,463 - root - DEBUG - extracting E:\Codez\zepp-bipupro-wf\5bd18e5a9f7568d42f984fe540d992e9\0003.png...
2022-01-06 08:42:04,463 - root - DEBUG - extracting E:\Codez\zepp-bipupro-wf\5bd18e5a9f7568d42f984fe540d992e9\0004.png...
2022-01-06 08:42:04,463 - root - DEBUG - extracting E:\Codez\zepp-bipupro-wf\5bd18e5a9f7568d42f984fe540d992e9\0005.png...
2022-01-06 08:42:04,463 - root - DEBUG - extracting E:\Codez\zepp-bipupro-wf\5bd18e5a9f7568d42f984fe540d992e9\0006.png...
2022-01-06 08:42:04,463 - root - DEBUG - extracting E:\Codez\zepp-bipupro-wf\5bd18e5a9f7568d42f984fe540d992e9\0007.png...
2022-01-06 08:42:04,463 - root - DEBUG - extracting E:\Codez\zepp-bipupro-wf\5bd18e5a9f7568d42f984fe540d992e9\0008.png...
2022-01-06 08:42:04,463 - root - DEBUG - extracting E:\Codez\zepp-bipupro-wf\5bd18e5a9f7568d42f984fe540d992e9\0009.png...
2022-01-06 08:42:04,463 - root - DEBUG - extracting E:\Codez\zepp-bipupro-wf\5bd18e5a9f7568d42f984fe540d992e9\0010.png...
2022-01-06 08:42:04,463 - root - DEBUG - extracting E:\Codez\zepp-bipupro-wf\5bd18e5a9f7568d42f984fe540d992e9\0011.png...
2022-01-06 08:42:04,463 - root - DEBUG - extracting E:\Codez\zepp-bipupro-wf\5bd18e5a9f7568d42f984fe540d992e9\0012.png...
2022-01-06 08:42:04,463 - root - DEBUG - extracting E:\Codez\zepp-bipupro-wf\5bd18e5a9f7568d42f984fe540d992e9\0013.png...
2022-01-06 08:42:04,463 - root - DEBUG - extracting E:\Codez\zepp-bipupro-wf\5bd18e5a9f7568d42f984fe540d992e9\0014.png...
2022-01-06 08:42:04,463 - root - DEBUG - extracting E:\Codez\zepp-bipupro-wf\5bd18e5a9f7568d42f984fe540d992e9\0015.png...
2022-01-06 08:42:04,463 - root - DEBUG - extracting E:\Codez\zepp-bipupro-wf\5bd18e5a9f7568d42f984fe540d992e9\0016.png...
2022-01-06 08:42:04,463 - root - DEBUG - extracting E:\Codez\zepp-bipupro-wf\5bd18e5a9f7568d42f984fe540d992e9\0017.png...
2022-01-06 08:42:04,463 - root - DEBUG - extracting E:\Codez\zepp-bipupro-wf\5bd18e5a9f7568d42f984fe540d992e9\0018.png...
2022-01-06 08:42:04,479 - root - DEBUG - extracting E:\Codez\zepp-bipupro-wf\5bd18e5a9f7568d42f984fe540d992e9\0019.png...
2022-01-06 08:42:04,479 - root - DEBUG - extracting E:\Codez\zepp-bipupro-wf\5bd18e5a9f7568d42f984fe540d992e9\0020.png...
2022-01-06 08:42:04,479 - root - DEBUG - extracting E:\Codez\zepp-bipupro-wf\5bd18e5a9f7568d42f984fe540d992e9\0021.png...
2022-01-06 08:42:04,479 - root - DEBUG - extracting E:\Codez\zepp-bipupro-wf\5bd18e5a9f7568d42f984fe540d992e9\0022.png...
2022-01-06 08:42:04,479 - root - DEBUG - extracting E:\Codez\zepp-bipupro-wf\5bd18e5a9f7568d42f984fe540d992e9\0023.png...
2022-01-06 08:42:04,479 - root - DEBUG - extracting E:\Codez\zepp-bipupro-wf\5bd18e5a9f7568d42f984fe540d992e9\0024.png...
2022-01-06 08:42:04,479 - root - DEBUG - extracting E:\Codez\zepp-bipupro-wf\5bd18e5a9f7568d42f984fe540d992e9\0025.png...
2022-01-06 08:42:04,495 - root - DEBUG - extracting E:\Codez\zepp-bipupro-wf\5bd18e5a9f7568d42f984fe540d992e9\0026.png...
2022-01-06 08:42:04,495 - root - DEBUG - extracting E:\Codez\zepp-bipupro-wf\5bd18e5a9f7568d42f984fe540d992e9\0027.png...
2022-01-06 08:42:04,495 - root - DEBUG - extracting E:\Codez\zepp-bipupro-wf\5bd18e5a9f7568d42f984fe540d992e9\0028.png...
2022-01-06 08:42:04,495 - root - DEBUG - extracting E:\Codez\zepp-bipupro-wf\5bd18e5a9f7568d42f984fe540d992e9\0029.png...
2022-01-06 08:42:04,495 - root - DEBUG - extracting E:\Codez\zepp-bipupro-wf\5bd18e5a9f7568d42f984fe540d992e9\0030.png...
2022-01-06 08:42:04,495 - root - DEBUG - extracting E:\Codez\zepp-bipupro-wf\5bd18e5a9f7568d42f984fe540d992e9\0031.png...
2022-01-06 08:42:04,495 - root - DEBUG - extracting E:\Codez\zepp-bipupro-wf\5bd18e5a9f7568d42f984fe540d992e9\0032.png...
2022-01-06 08:42:04,495 - root - DEBUG - extracting E:\Codez\zepp-bipupro-wf\5bd18e5a9f7568d42f984fe540d992e9\0033.png...
2022-01-06 08:42:04,495 - root - DEBUG - extracting E:\Codez\zepp-bipupro-wf\5bd18e5a9f7568d42f984fe540d992e9\0034.png...
2022-01-06 08:42:04,510 - root - DEBUG - extracting E:\Codez\zepp-bipupro-wf\5bd18e5a9f7568d42f984fe540d992e9\0035.png...
2022-01-06 08:42:04,510 - root - DEBUG - extracting E:\Codez\zepp-bipupro-wf\5bd18e5a9f7568d42f984fe540d992e9\0036.png...
2022-01-06 08:42:04,510 - root - DEBUG - extracting E:\Codez\zepp-bipupro-wf\5bd18e5a9f7568d42f984fe540d992e9\0037.png...
2022-01-06 08:42:04,510 - root - DEBUG - extracting E:\Codez\zepp-bipupro-wf\5bd18e5a9f7568d42f984fe540d992e9\0038.png...
2022-01-06 08:42:04,510 - root - DEBUG - extracting E:\Codez\zepp-bipupro-wf\5bd18e5a9f7568d42f984fe540d992e9\0039.png...
2022-01-06 08:42:04,510 - root - DEBUG - extracting E:\Codez\zepp-bipupro-wf\5bd18e5a9f7568d42f984fe540d992e9\0040.png...
2022-01-06 08:42:04,510 - root - DEBUG - extracting E:\Codez\zepp-bipupro-wf\5bd18e5a9f7568d42f984fe540d992e9\0041.png...
2022-01-06 08:42:04,510 - root - DEBUG - extracting E:\Codez\zepp-bipupro-wf\5bd18e5a9f7568d42f984fe540d992e9\0042.png...
2022-01-06 08:42:04,510 - root - DEBUG - extracting E:\Codez\zepp-bipupro-wf\5bd18e5a9f7568d42f984fe540d992e9\0043.png...
2022-01-06 08:42:04,510 - root - DEBUG - extracting E:\Codez\zepp-bipupro-wf\5bd18e5a9f7568d42f984fe540d992e9\0044.png...
2022-01-06 08:42:04,510 - root - DEBUG - extracting E:\Codez\zepp-bipupro-wf\5bd18e5a9f7568d42f984fe540d992e9\0045.png...
2022-01-06 08:42:04,510 - root - DEBUG - extracting E:\Codez\zepp-bipupro-wf\5bd18e5a9f7568d42f984fe540d992e9\0046.png...
2022-01-06 08:42:04,510 - root - DEBUG - extracting E:\Codez\zepp-bipupro-wf\5bd18e5a9f7568d42f984fe540d992e9\0047.png...
2022-01-06 08:42:04,510 - root - DEBUG - extracting E:\Codez\zepp-bipupro-wf\5bd18e5a9f7568d42f984fe540d992e9\0048.png...
2022-01-06 08:42:04,510 - root - DEBUG - extracting E:\Codez\zepp-bipupro-wf\5bd18e5a9f7568d42f984fe540d992e9\0049.png...
2022-01-06 08:42:04,510 - root - DEBUG - extracting E:\Codez\zepp-bipupro-wf\5bd18e5a9f7568d42f984fe540d992e9\0050.png...
2022-01-06 08:42:04,510 - root - DEBUG - extracting E:\Codez\zepp-bipupro-wf\5bd18e5a9f7568d42f984fe540d992e9\0051.png...
2022-01-06 08:42:04,510 - root - DEBUG - extracting E:\Codez\zepp-bipupro-wf\5bd18e5a9f7568d42f984fe540d992e9\0052.png...
2022-01-06 08:42:04,510 - root - DEBUG - extracting E:\Codez\zepp-bipupro-wf\5bd18e5a9f7568d42f984fe540d992e9\0053.png...
2022-01-06 08:42:04,510 - root - DEBUG - extracting E:\Codez\zepp-bipupro-wf\5bd18e5a9f7568d42f984fe540d992e9\0054.png...
2022-01-06 08:42:04,510 - root - DEBUG - extracting E:\Codez\zepp-bipupro-wf\5bd18e5a9f7568d42f984fe540d992e9\0055.png...
2022-01-06 08:42:04,510 - root - DEBUG - extracting E:\Codez\zepp-bipupro-wf\5bd18e5a9f7568d42f984fe540d992e9\0056.png...
2022-01-06 08:42:04,510 - root - DEBUG - extracting E:\Codez\zepp-bipupro-wf\5bd18e5a9f7568d42f984fe540d992e9\0057.png...
2022-01-06 08:42:04,510 - root - DEBUG - extracting E:\Codez\zepp-bipupro-wf\5bd18e5a9f7568d42f984fe540d992e9\0058.png...
2022-01-06 08:42:04,526 - root - DEBUG - extracting E:\Codez\zepp-bipupro-wf\5bd18e5a9f7568d42f984fe540d992e9\0059.png...
2022-01-06 08:42:04,526 - root - DEBUG - extracting E:\Codez\zepp-bipupro-wf\5bd18e5a9f7568d42f984fe540d992e9\0060.png...
2022-01-06 08:42:04,526 - root - DEBUG - extracting E:\Codez\zepp-bipupro-wf\5bd18e5a9f7568d42f984fe540d992e9\0061.png...
2022-01-06 08:42:04,526 - root - DEBUG - extracting E:\Codez\zepp-bipupro-wf\5bd18e5a9f7568d42f984fe540d992e9\0062.png...
2022-01-06 08:42:04,526 - root - DEBUG - extracting E:\Codez\zepp-bipupro-wf\5bd18e5a9f7568d42f984fe540d992e9\0063.png...
2022-01-06 08:42:04,526 - root - DEBUG - extracting E:\Codez\zepp-bipupro-wf\5bd18e5a9f7568d42f984fe540d992e9\0064.png...
2022-01-06 08:42:04,526 - root - DEBUG - extracting E:\Codez\zepp-bipupro-wf\5bd18e5a9f7568d42f984fe540d992e9\0065.png...
2022-01-06 08:42:04,526 - root - DEBUG - extracting E:\Codez\zepp-bipupro-wf\5bd18e5a9f7568d42f984fe540d992e9\0066.png...
2022-01-06 08:42:04,526 - root - DEBUG - extracting E:\Codez\zepp-bipupro-wf\5bd18e5a9f7568d42f984fe540d992e9\0067.png...
2022-01-06 08:42:04,526 - root - DEBUG - extracting E:\Codez\zepp-bipupro-wf\5bd18e5a9f7568d42f984fe540d992e9\0068.png...
2022-01-06 08:42:04,526 - root - DEBUG - extracting E:\Codez\zepp-bipupro-wf\5bd18e5a9f7568d42f984fe540d992e9\0069.png...
2022-01-06 08:42:04,526 - root - DEBUG - extracting E:\Codez\zepp-bipupro-wf\5bd18e5a9f7568d42f984fe540d992e9\0070.png...
2022-01-06 08:42:04,526 - root - DEBUG - extracting E:\Codez\zepp-bipupro-wf\5bd18e5a9f7568d42f984fe540d992e9\0071.png...
2022-01-06 08:42:04,526 - root - DEBUG - extracting E:\Codez\zepp-bipupro-wf\5bd18e5a9f7568d42f984fe540d992e9\0072.png...
2022-01-06 08:42:04,526 - root - DEBUG - extracting E:\Codez\zepp-bipupro-wf\5bd18e5a9f7568d42f984fe540d992e9\0073.png...
2022-01-06 08:42:04,526 - root - DEBUG - extracting E:\Codez\zepp-bipupro-wf\5bd18e5a9f7568d42f984fe540d992e9\0074.png...
2022-01-06 08:42:04,526 - root - DEBUG - extracting E:\Codez\zepp-bipupro-wf\5bd18e5a9f7568d42f984fe540d992e9\0075.png...
2022-01-06 08:42:04,526 - root - DEBUG - extracting E:\Codez\zepp-bipupro-wf\5bd18e5a9f7568d42f984fe540d992e9\0076.png...
2022-01-06 08:42:04,526 - root - DEBUG - extracting E:\Codez\zepp-bipupro-wf\5bd18e5a9f7568d42f984fe540d992e9\0077.png...
2022-01-06 08:42:04,526 - root - DEBUG - extracting E:\Codez\zepp-bipupro-wf\5bd18e5a9f7568d42f984fe540d992e9\0078.png...
2022-01-06 08:42:04,526 - root - DEBUG - extracting E:\Codez\zepp-bipupro-wf\5bd18e5a9f7568d42f984fe540d992e9\0079.png...
2022-01-06 08:42:04,526 - root - DEBUG - extracting E:\Codez\zepp-bipupro-wf\5bd18e5a9f7568d42f984fe540d992e9\0080.png...
2022-01-06 08:42:04,526 - root - DEBUG - extracting E:\Codez\zepp-bipupro-wf\5bd18e5a9f7568d42f984fe540d992e9\0081.png...
2022-01-06 08:42:04,526 - root - DEBUG - extracting E:\Codez\zepp-bipupro-wf\5bd18e5a9f7568d42f984fe540d992e9\0082.png...
2022-01-06 08:42:04,542 - root - DEBUG - extracting E:\Codez\zepp-bipupro-wf\5bd18e5a9f7568d42f984fe540d992e9\0083.png...
2022-01-06 08:42:04,542 - root - DEBUG - extracting E:\Codez\zepp-bipupro-wf\5bd18e5a9f7568d42f984fe540d992e9\0084.png...
2022-01-06 08:42:04,542 - root - DEBUG - extracting E:\Codez\zepp-bipupro-wf\5bd18e5a9f7568d42f984fe540d992e9\0085.png...
2022-01-06 08:42:04,542 - root - DEBUG - extracting E:\Codez\zepp-bipupro-wf\5bd18e5a9f7568d42f984fe540d992e9\0086.png...
2022-01-06 08:42:04,542 - root - DEBUG - extracting E:\Codez\zepp-bipupro-wf\5bd18e5a9f7568d42f984fe540d992e9\0087.png...
2022-01-06 08:42:04,542 - root - DEBUG - extracting E:\Codez\zepp-bipupro-wf\5bd18e5a9f7568d42f984fe540d992e9\0088.png...
2022-01-06 08:42:04,542 - root - DEBUG - Exporting config...
