2023-01-20 22:56:45,939 - root - DEBUG - Opening watch face 'E:\Codez\zepp-bipupro-wf\af7578225f1d615e5f16f12fd97112c0.bin'
2023-01-20 22:56:45,947 - root - DEBUG - Reading parameters...
2023-01-20 22:56:45,947 - root - INFO - Reading header...
2023-01-20 22:56:45,949 - root - INFO - Header was read:
2023-01-20 22:56:45,949 - root - INFO - Signature: b'UIHH\x01\x00\xff', Unknown: 110, ParametersSize: 54, isValid: True, deviceId: 71
2023-01-20 22:56:45,949 - root - INFO - Reading parameter offsets...
2023-01-20 22:56:45,949 - root - INFO - Parameter offsets were read from file
2023-01-20 22:56:45,949 - root - INFO - Reading parameters descriptor...
2023-01-20 22:56:45,949 - root - INFO - 1 ( A): 5 bytes
2023-01-20 22:56:45,950 - root - INFO -     1 ( 8): 395 18B
2023-01-20 22:56:45,950 - root - INFO -     2 (10): 86 56
2023-01-20 22:56:45,950 - root - INFO - getParameters descriptor was read:
2023-01-20 22:56:45,950 - root - INFO - ParametersTableLength: 395, ImagesCount: 86
2023-01-20 22:56:45,950 - root - INFO - Reading parameters locations...
2023-01-20 22:56:45,950 - root - INFO - 2 (12): 4 bytes
2023-01-20 22:56:45,950 - root - INFO -     1 ( 8): 0  0
2023-01-20 22:56:45,950 - root - INFO -     2 (10): 32 20
2023-01-20 22:56:45,950 - root - INFO - 3 (1A): 4 bytes
2023-01-20 22:56:45,950 - root - INFO -     1 ( 8): 32 20
2023-01-20 22:56:45,950 - root - INFO -     2 (10): 63 3F
2023-01-20 22:56:45,951 - root - INFO - 4 (22): 5 bytes
2023-01-20 22:56:45,951 - root - INFO -     1 ( 8): 160 A0
2023-01-20 22:56:45,951 - root - INFO -     2 (10): 110 6E
2023-01-20 22:56:45,951 - root - INFO - 5 (2A): 4 bytes
2023-01-20 22:56:45,951 - root - INFO -     1 ( 8): 95 5F
2023-01-20 22:56:45,951 - root - INFO -     2 (10): 65 41
2023-01-20 22:56:45,951 - root - INFO - 6 (32): 5 bytes
2023-01-20 22:56:45,951 - root - INFO -     1 ( 8): 270 10E
2023-01-20 22:56:45,951 - root - INFO -     2 (10): 45 2D
2023-01-20 22:56:45,951 - root - INFO - 9 (4A): 5 bytes
2023-01-20 22:56:45,951 - root - INFO -     1 ( 8): 315 13B
2023-01-20 22:56:45,952 - root - INFO -     2 (10): 44 2C
2023-01-20 22:56:45,952 - root - INFO - 20 (A2): 5 bytes
2023-01-20 22:56:45,952 - root - INFO -     1 ( 8): 359 167
2023-01-20 22:56:45,952 - root - INFO -     2 (10): 36 24
2023-01-20 22:56:45,952 - root - INFO - Watch face parameters locations were read:
2023-01-20 22:56:45,952 - root - INFO - Reading descriptor for parameter 2
2023-01-20 22:56:45,952 - root - INFO - Descriptor offset: 0, Descriptor length: 32
2023-01-20 22:56:45,952 - root - INFO - Parsing descriptor for parameter 2...
2023-01-20 22:56:45,952 - root - INFO - 1 ( A): 6 bytes
2023-01-20 22:56:45,952 - root - INFO -     1 ( 8): 0  0
2023-01-20 22:56:45,952 - root - INFO -     2 (10): 0  0
2023-01-20 22:56:45,952 - root - INFO -     3 (18): 0  0
2023-01-20 22:56:45,952 - root - INFO - 3 (1A): 6 bytes
2023-01-20 22:56:45,952 - root - INFO -     1 ( 8): 18 12
2023-01-20 22:56:45,952 - root - INFO -     2 (10): 17 11
2023-01-20 22:56:45,954 - root - INFO -     3 (18): 1  1
2023-01-20 22:56:45,954 - root - INFO - 4 (22): 6 bytes
2023-01-20 22:56:45,954 - root - INFO -     1 ( 8): 18 12
2023-01-20 22:56:45,954 - root - INFO -     2 (10): 17 11
2023-01-20 22:56:45,954 - root - INFO -     3 (18): 1  1
2023-01-20 22:56:45,954 - root - INFO - 5 (2A): 6 bytes
2023-01-20 22:56:45,954 - root - INFO -     1 ( 8): 18 12
2023-01-20 22:56:45,954 - root - INFO -     2 (10): 17 11
2023-01-20 22:56:45,954 - root - INFO -     3 (18): 1  1
2023-01-20 22:56:45,955 - root - INFO - Reading descriptor for parameter 3
2023-01-20 22:56:45,955 - root - INFO - Descriptor offset: 32, Descriptor length: 63
2023-01-20 22:56:45,955 - root - INFO - Parsing descriptor for parameter 3...
2023-01-20 22:56:45,955 - root - INFO - 1 ( A): 61 bytes
2023-01-20 22:56:45,955 - root - INFO -     1 ( A): 22 bytes
2023-01-20 22:56:45,955 - root - INFO -         1 ( A): 9 bytes
2023-01-20 22:56:45,955 - root - INFO -             1 ( 8): 147 93
2023-01-20 22:56:45,955 - root - INFO -             2 (10): 80 50
2023-01-20 22:56:45,955 - root - INFO -             3 (18): 2  2
2023-01-20 22:56:45,955 - root - INFO -             4 (20): 10  A
2023-01-20 22:56:45,956 - root - INFO -         2 (12): 9 bytes
2023-01-20 22:56:45,956 - root - INFO -             1 ( 8): 165 A5
2023-01-20 22:56:45,956 - root - INFO -             2 (10): 80 50
2023-01-20 22:56:45,956 - root - INFO -             3 (18): 2  2
2023-01-20 22:56:45,956 - root - INFO -             4 (20): 10  A
2023-01-20 22:56:45,956 - root - INFO -     2 (12): 22 bytes
2023-01-20 22:56:45,956 - root - INFO -         1 ( A): 9 bytes
2023-01-20 22:56:45,956 - root - INFO -             1 ( 8): 193 C1
2023-01-20 22:56:45,956 - root - INFO -             2 (10): 80 50
2023-01-20 22:56:45,956 - root - INFO -             3 (18): 2  2
2023-01-20 22:56:45,956 - root - INFO -             4 (20): 10  A
2023-01-20 22:56:45,957 - root - INFO -         2 (12): 9 bytes
2023-01-20 22:56:45,957 - root - INFO -             1 ( 8): 211 D3
2023-01-20 22:56:45,957 - root - INFO -             2 (10): 80 50
2023-01-20 22:56:45,957 - root - INFO -             3 (18): 2  2
2023-01-20 22:56:45,957 - root - INFO -             4 (20): 10  A
2023-01-20 22:56:45,957 - root - INFO -     5 (2A): 7 bytes
2023-01-20 22:56:45,957 - root - INFO -         1 ( 8): 183 B7
2023-01-20 22:56:45,957 - root - INFO -         2 (10): 80 50
2023-01-20 22:56:45,957 - root - INFO -         3 (18): 12  C
2023-01-20 22:56:45,957 - root - INFO -     7 (38): 0  0
2023-01-20 22:56:45,957 - root - INFO -     8 (40): 1  1
2023-01-20 22:56:45,958 - root - INFO - Reading descriptor for parameter 4
2023-01-20 22:56:45,958 - root - INFO - Descriptor offset: 160, Descriptor length: 110
2023-01-20 22:56:45,958 - root - INFO - Parsing descriptor for parameter 4...
2023-01-20 22:56:45,958 - root - INFO - 1 ( A): 24 bytes
2023-01-20 22:56:45,958 - root - INFO -     1 ( A): 22 bytes
2023-01-20 22:56:45,958 - root - INFO -         1 ( 8): 219 DB
2023-01-20 22:56:45,958 - root - INFO -         2 (10): 155 9B
2023-01-20 22:56:45,959 - root - INFO -         3 (18): 264 108
2023-01-20 22:56:45,959 - root - INFO -         4 (20): 167 A7
2023-01-20 22:56:45,959 - root - INFO -         5 (28): 18 12
2023-01-20 22:56:45,959 - root - INFO -         6 (30): 0  0
2023-01-20 22:56:45,959 - root - INFO -         7 (38): 0  0
2023-01-20 22:56:45,959 - root - INFO -         8 (40): 37 25
2023-01-20 22:56:45,959 - root - INFO -         9 (48): 10  A
2023-01-20 22:56:45,959 - root - INFO - 3 (1A): 24 bytes
2023-01-20 22:56:45,959 - root - INFO -     1 ( A): 22 bytes
2023-01-20 22:56:45,959 - root - INFO -         1 ( 8): 174 AE
2023-01-20 22:56:45,960 - root - INFO -         2 (10): 214 D6
2023-01-20 22:56:45,960 - root - INFO -         3 (18): 224 E0
2023-01-20 22:56:45,960 - root - INFO -         4 (20): 228 E4
2023-01-20 22:56:45,960 - root - INFO -         5 (28): 18 12
2023-01-20 22:56:45,960 - root - INFO -         6 (30): 0  0
2023-01-20 22:56:45,960 - root - INFO -         7 (38): 0  0
2023-01-20 22:56:45,960 - root - INFO -         8 (40): 37 25
2023-01-20 22:56:45,960 - root - INFO -         9 (48): 10  A
2023-01-20 22:56:45,960 - root - INFO - 4 (22): 26 bytes
2023-01-20 22:56:45,960 - root - INFO -     1 ( A): 22 bytes
2023-01-20 22:56:45,961 - root - INFO -         1 ( 8): 174 AE
2023-01-20 22:56:45,961 - root - INFO -         2 (10): 233 E9
2023-01-20 22:56:45,961 - root - INFO -         3 (18): 204 CC
2023-01-20 22:56:45,961 - root - INFO -         4 (20): 245 F5
2023-01-20 22:56:45,961 - root - INFO -         5 (28): 18 12
2023-01-20 22:56:45,961 - root - INFO -         6 (30): 0  0
2023-01-20 22:56:45,961 - root - INFO -         7 (38): 0  0
2023-01-20 22:56:45,961 - root - INFO -         8 (40): 37 25
2023-01-20 22:56:45,961 - root - INFO -         9 (48): 10  A
2023-01-20 22:56:45,962 - root - INFO -     3 (18): 47 2F
2023-01-20 22:56:45,962 - root - INFO - 5 (2A): 26 bytes
2023-01-20 22:56:45,962 - root - INFO -     1 ( A): 22 bytes
2023-01-20 22:56:45,962 - root - INFO -         1 ( 8): 174 AE
2023-01-20 22:56:45,962 - root - INFO -         2 (10): 194 C2
2023-01-20 22:56:45,962 - root - INFO -         3 (18): 224 E0
2023-01-20 22:56:45,962 - root - INFO -         4 (20): 207 CF
2023-01-20 22:56:45,962 - root - INFO -         5 (28): 18 12
2023-01-20 22:56:45,962 - root - INFO -         6 (30): 0  0
2023-01-20 22:56:45,962 - root - INFO -         7 (38): 0  0
2023-01-20 22:56:45,963 - root - INFO -         8 (40): 37 25
2023-01-20 22:56:45,963 - root - INFO -         9 (48): 10  A
2023-01-20 22:56:45,963 - root - INFO -     3 (18): 48 30
2023-01-20 22:56:45,963 - root - INFO - 7 (38): 0  0
2023-01-20 22:56:45,963 - root - INFO - Reading descriptor for parameter 5
2023-01-20 22:56:45,963 - root - INFO - Descriptor offset: 95, Descriptor length: 65
2023-01-20 22:56:45,963 - root - INFO - Parsing descriptor for parameter 5...
2023-01-20 22:56:45,963 - root - INFO - 1 ( A): 52 bytes
2023-01-20 22:56:45,963 - root - INFO -     1 ( A): 44 bytes
2023-01-20 22:56:45,964 - root - INFO -         2 (12): 9 bytes
2023-01-20 22:56:45,964 - root - INFO -             1 ( 8): 147 93
2023-01-20 22:56:45,964 - root - INFO -             2 (10): 110 6E
2023-01-20 22:56:45,964 - root - INFO -             3 (18): 13  D
2023-01-20 22:56:45,964 - root - INFO -             4 (20): 12  C
2023-01-20 22:56:45,964 - root - INFO -         3 (1A): 9 bytes
2023-01-20 22:56:45,964 - root - INFO -             1 ( 8): 147 93
2023-01-20 22:56:45,964 - root - INFO -             2 (10): 110 6E
2023-01-20 22:56:45,964 - root - INFO -             3 (18): 13  D
2023-01-20 22:56:45,964 - root - INFO -             4 (20): 12  C
2023-01-20 22:56:45,964 - root - INFO -         4 (22): 20 bytes
2023-01-20 22:56:45,964 - root - INFO -             1 ( 8): 192 C0
2023-01-20 22:56:45,964 - root - INFO -             2 (10): 109 6D
2023-01-20 22:56:45,964 - root - INFO -             3 (18): 225 E1
2023-01-20 22:56:45,964 - root - INFO -             4 (20): 127 7F
2023-01-20 22:56:45,964 - root - INFO -             5 (28): 64 40
2023-01-20 22:56:45,964 - root - INFO -             6 (30): 0  0
2023-01-20 22:56:45,965 - root - INFO -             7 (38): 0  0
2023-01-20 22:56:45,965 - root - INFO -             8 (40): 25 19
2023-01-20 22:56:45,965 - root - INFO -             9 (48): 10  A
2023-01-20 22:56:45,965 - root - INFO -     4 (20): 1  1
2023-01-20 22:56:45,965 - root - INFO -     5 (28): 1  1
2023-01-20 22:56:45,965 - root - INFO -     6 (30): 0  0
2023-01-20 22:56:45,965 - root - INFO - 2 (12): 9 bytes
2023-01-20 22:56:45,965 - root - INFO -     1 ( 8): 147 93
2023-01-20 22:56:45,965 - root - INFO -     2 (10): 65 41
2023-01-20 22:56:45,965 - root - INFO -     5 (28): 35 23
2023-01-20 22:56:45,965 - root - INFO -     6 (30): 36 24
2023-01-20 22:56:45,966 - root - INFO - Reading descriptor for parameter 6
2023-01-20 22:56:45,966 - root - INFO - Descriptor offset: 270, Descriptor length: 45
2023-01-20 22:56:45,966 - root - INFO - Parsing descriptor for parameter 6...
2023-01-20 22:56:45,966 - root - INFO - 1 ( A): 11 bytes
2023-01-20 22:56:45,966 - root - INFO -     2 (12): 9 bytes
2023-01-20 22:56:45,966 - root - INFO -         1 ( 8): 69 45
2023-01-20 22:56:45,966 - root - INFO -         2 (10): 141 8D
2023-01-20 22:56:45,966 - root - INFO -         3 (18): 49 31
2023-01-20 22:56:45,966 - root - INFO -         4 (20): 26 1A
2023-01-20 22:56:45,967 - root - INFO - 2 (12): 30 bytes
2023-01-20 22:56:45,967 - root - INFO -     1 ( A): 28 bytes
2023-01-20 22:56:45,967 - root - INFO -         1 ( A): 20 bytes
2023-01-20 22:56:45,967 - root - INFO -             1 ( 8): 66 42
2023-01-20 22:56:45,967 - root - INFO -             2 (10): 175 AF
2023-01-20 22:56:45,967 - root - INFO -             3 (18): 103 67
2023-01-20 22:56:45,967 - root - INFO -             4 (20): 177 B1
2023-01-20 22:56:45,967 - root - INFO -             5 (28): 72 48
2023-01-20 22:56:45,967 - root - INFO -             6 (30): 0  0
2023-01-20 22:56:45,967 - root - INFO -             7 (38): 0  0
2023-01-20 22:56:45,967 - root - INFO -             8 (40): 37 25
2023-01-20 22:56:45,968 - root - INFO -             9 (48): 10  A
2023-01-20 22:56:45,968 - root - INFO -         2 (10): 75 4B
2023-01-20 22:56:45,968 - root - INFO -         3 (18): 76 4C
2023-01-20 22:56:45,968 - root - INFO -         5 (28): 47 2F
2023-01-20 22:56:45,968 - root - INFO - Reading descriptor for parameter 9
2023-01-20 22:56:45,968 - root - INFO - Descriptor offset: 315, Descriptor length: 44
2023-01-20 22:56:45,968 - root - INFO - Parsing descriptor for parameter 9...
2023-01-20 22:56:45,968 - root - INFO - 3 (1A): 42 bytes
2023-01-20 22:56:45,969 - root - INFO -     1 ( 8): 77 4D
2023-01-20 22:56:45,969 - root - INFO -     2 (12): 6 bytes
2023-01-20 22:56:45,969 - root - INFO -         1 ( 8): 236 EC
2023-01-20 22:56:45,969 - root - INFO -         2 (10): 204 CC
2023-01-20 22:56:45,969 - root - INFO -     2 (12): 6 bytes
2023-01-20 22:56:45,969 - root - INFO -         1 ( 8): 227 E3
2023-01-20 22:56:45,969 - root - INFO -         2 (10): 218 DA
2023-01-20 22:56:45,969 - root - INFO -     2 (12): 6 bytes
2023-01-20 22:56:45,969 - root - INFO -         1 ( 8): 216 D8
2023-01-20 22:56:45,969 - root - INFO -         2 (10): 231 E7
2023-01-20 22:56:45,969 - root - INFO -     2 (12): 6 bytes
2023-01-20 22:56:45,970 - root - INFO -         1 ( 8): 203 CB
2023-01-20 22:56:45,970 - root - INFO -         2 (10): 242 F2
2023-01-20 22:56:45,970 - root - INFO -     2 (12): 6 bytes
2023-01-20 22:56:45,970 - root - INFO -         1 ( 8): 188 BC
2023-01-20 22:56:45,970 - root - INFO -         2 (10): 251 FB
2023-01-20 22:56:45,970 - root - INFO - Reading descriptor for parameter 20
2023-01-20 22:56:45,970 - root - INFO - Descriptor offset: 359, Descriptor length: 36
2023-01-20 22:56:45,970 - root - INFO - Parsing descriptor for parameter 20...
2023-01-20 22:56:45,970 - root - INFO - 2 (12): 6 bytes
2023-01-20 22:56:45,971 - root - INFO -     1 ( 8): 151 97
2023-01-20 22:56:45,971 - root - INFO -     2 (10): 160 A0
2023-01-20 22:56:45,971 - root - INFO - 3 (1A): 4 bytes
2023-01-20 22:56:45,971 - root - INFO -     1 ( 8): 82 52
2023-01-20 22:56:45,971 - root - INFO -     2 (10): 70 46
2023-01-20 22:56:45,971 - root - INFO - 4 (22): 4 bytes
2023-01-20 22:56:45,971 - root - INFO -     1 ( 8): 83 53
2023-01-20 22:56:45,971 - root - INFO -     2 (10): 107 6B
2023-01-20 22:56:45,971 - root - INFO - 5 (2A): 14 bytes
2023-01-20 22:56:45,971 - root - INFO -     1 ( 8): 84 54
2023-01-20 22:56:45,971 - root - INFO -     2 (10): 101 65
2023-01-20 22:56:45,972 - root - INFO -     4 (22): 8 bytes
2023-01-20 22:56:45,972 - root - INFO -         1 ( 8): 142 8E
2023-01-20 22:56:45,972 - root - INFO -         2 (10): 151 97
2023-01-20 22:56:45,972 - root - INFO -         3 (18): 85 55
2023-01-20 22:56:45,976 - root - INFO - Reading resources offsets table with 86 elements (344 bytes)
2023-01-20 22:56:45,976 - root - INFO - Resource 0 offset: 880, length: 193296...
2023-01-20 22:56:45,976 - root - DEBUG - Reading resource 0...
2023-01-20 22:56:46,009 - root - INFO - The image is bmc.
2023-01-20 22:56:46,009 - root - INFO - Reading image header(readHeader16C)...
2023-01-20 22:56:46,009 - root - INFO - Image header was read:
2023-01-20 22:56:46,010 - root - INFO - Width: 302, Height: 320, RowLength: 604
2023-01-20 22:56:46,010 - root - INFO - _step: 2, unknown2: 0,
2023-01-20 22:56:46,010 - root - INFO - BPP: 16, Transparency: False
2023-01-20 22:56:46,405 - root - INFO - Resource 1 offset: 194176, length: 86472...
2023-01-20 22:56:46,405 - root - DEBUG - Reading resource 1...
2023-01-20 22:56:46,405 - root - INFO - The image is bmc.
2023-01-20 22:56:46,405 - root - INFO - Reading image header(readHeader16C)...
2023-01-20 22:56:46,405 - root - INFO - Image header was read:
2023-01-20 22:56:46,405 - root - INFO - Width: 202, Height: 214, RowLength: 404
2023-01-20 22:56:46,405 - root - INFO - _step: 2, unknown2: 0,
2023-01-20 22:56:46,405 - root - INFO - BPP: 16, Transparency: False
2023-01-20 22:56:46,584 - root - INFO - Resource 2 offset: 280648, length: 704...
2023-01-20 22:56:46,584 - root - DEBUG - Reading resource 2...
2023-01-20 22:56:46,584 - root - INFO - The image is bme.
2023-01-20 22:56:46,584 - root - INFO - Reading image header(readHeader16E)...
2023-01-20 22:56:46,584 - root - INFO - Image header was read:
2023-01-20 22:56:46,584 - root - INFO - Width: 17, Height: 23, RowLength: 34
2023-01-20 22:56:46,584 - root - INFO - datalength: 688, _step: 2
2023-01-20 22:56:46,584 - root - INFO - BPP: 16, Transparency: False
2023-01-20 22:56:46,586 - root - INFO - Resource 3 offset: 281352, length: 534...
2023-01-20 22:56:46,586 - root - DEBUG - Reading resource 3...
2023-01-20 22:56:46,586 - root - INFO - The image is bme.
2023-01-20 22:56:46,586 - root - INFO - Reading image header(readHeader16E)...
2023-01-20 22:56:46,586 - root - INFO - Image header was read:
2023-01-20 22:56:46,586 - root - INFO - Width: 17, Height: 23, RowLength: 34
2023-01-20 22:56:46,586 - root - INFO - datalength: 518, _step: 2
2023-01-20 22:56:46,586 - root - INFO - BPP: 16, Transparency: False
2023-01-20 22:56:46,587 - root - INFO - Resource 4 offset: 281886, length: 590...
2023-01-20 22:56:46,587 - root - DEBUG - Reading resource 4...
2023-01-20 22:56:46,587 - root - INFO - The image is bme.
2023-01-20 22:56:46,587 - root - INFO - Reading image header(readHeader16E)...
2023-01-20 22:56:46,587 - root - INFO - Image header was read:
2023-01-20 22:56:46,587 - root - INFO - Width: 17, Height: 23, RowLength: 34
2023-01-20 22:56:46,588 - root - INFO - datalength: 574, _step: 2
2023-01-20 22:56:46,588 - root - INFO - BPP: 16, Transparency: False
2023-01-20 22:56:46,589 - root - INFO - Resource 5 offset: 282476, length: 594...
2023-01-20 22:56:46,589 - root - DEBUG - Reading resource 5...
2023-01-20 22:56:46,589 - root - INFO - The image is bme.
2023-01-20 22:56:46,589 - root - INFO - Reading image header(readHeader16E)...
2023-01-20 22:56:46,589 - root - INFO - Image header was read:
2023-01-20 22:56:46,589 - root - INFO - Width: 17, Height: 23, RowLength: 34
2023-01-20 22:56:46,589 - root - INFO - datalength: 578, _step: 2
2023-01-20 22:56:46,589 - root - INFO - BPP: 16, Transparency: False
2023-01-20 22:56:46,591 - root - INFO - Resource 6 offset: 283070, length: 614...
2023-01-20 22:56:46,591 - root - DEBUG - Reading resource 6...
2023-01-20 22:56:46,591 - root - INFO - The image is bme.
2023-01-20 22:56:46,591 - root - INFO - Reading image header(readHeader16E)...
2023-01-20 22:56:46,591 - root - INFO - Image header was read:
2023-01-20 22:56:46,591 - root - INFO - Width: 17, Height: 23, RowLength: 34
2023-01-20 22:56:46,591 - root - INFO - datalength: 598, _step: 2
2023-01-20 22:56:46,591 - root - INFO - BPP: 16, Transparency: False
2023-01-20 22:56:46,593 - root - INFO - Resource 7 offset: 283684, length: 596...
2023-01-20 22:56:46,593 - root - DEBUG - Reading resource 7...
2023-01-20 22:56:46,593 - root - INFO - The image is bme.
2023-01-20 22:56:46,593 - root - INFO - Reading image header(readHeader16E)...
2023-01-20 22:56:46,593 - root - INFO - Image header was read:
2023-01-20 22:56:46,593 - root - INFO - Width: 17, Height: 23, RowLength: 34
2023-01-20 22:56:46,593 - root - INFO - datalength: 580, _step: 2
2023-01-20 22:56:46,593 - root - INFO - BPP: 16, Transparency: False
2023-01-20 22:56:46,595 - root - INFO - Resource 8 offset: 284280, length: 692...
2023-01-20 22:56:46,595 - root - DEBUG - Reading resource 8...
2023-01-20 22:56:46,595 - root - INFO - The image is bme.
2023-01-20 22:56:46,595 - root - INFO - Reading image header(readHeader16E)...
2023-01-20 22:56:46,595 - root - INFO - Image header was read:
2023-01-20 22:56:46,595 - root - INFO - Width: 17, Height: 23, RowLength: 34
2023-01-20 22:56:46,595 - root - INFO - datalength: 676, _step: 2
2023-01-20 22:56:46,595 - root - INFO - BPP: 16, Transparency: False
2023-01-20 22:56:46,596 - root - INFO - Resource 9 offset: 284972, length: 488...
2023-01-20 22:56:46,597 - root - DEBUG - Reading resource 9...
2023-01-20 22:56:46,597 - root - INFO - The image is bme.
2023-01-20 22:56:46,597 - root - INFO - Reading image header(readHeader16E)...
2023-01-20 22:56:46,597 - root - INFO - Image header was read:
2023-01-20 22:56:46,597 - root - INFO - Width: 17, Height: 23, RowLength: 34
2023-01-20 22:56:46,597 - root - INFO - datalength: 472, _step: 2
2023-01-20 22:56:46,597 - root - INFO - BPP: 16, Transparency: False
2023-01-20 22:56:46,598 - root - INFO - Resource 10 offset: 285460, length: 716...
2023-01-20 22:56:46,598 - root - DEBUG - Reading resource 10...
2023-01-20 22:56:46,598 - root - INFO - The image is bme.
2023-01-20 22:56:46,598 - root - INFO - Reading image header(readHeader16E)...
2023-01-20 22:56:46,598 - root - INFO - Image header was read:
2023-01-20 22:56:46,598 - root - INFO - Width: 17, Height: 23, RowLength: 34
2023-01-20 22:56:46,598 - root - INFO - datalength: 700, _step: 2
2023-01-20 22:56:46,599 - root - INFO - BPP: 16, Transparency: False
2023-01-20 22:56:46,600 - root - INFO - Resource 11 offset: 286176, length: 692...
2023-01-20 22:56:46,600 - root - DEBUG - Reading resource 11...
2023-01-20 22:56:46,600 - root - INFO - The image is bme.
2023-01-20 22:56:46,600 - root - INFO - Reading image header(readHeader16E)...
2023-01-20 22:56:46,600 - root - INFO - Image header was read:
2023-01-20 22:56:46,600 - root - INFO - Width: 17, Height: 23, RowLength: 34
2023-01-20 22:56:46,600 - root - INFO - datalength: 676, _step: 2
2023-01-20 22:56:46,600 - root - INFO - BPP: 16, Transparency: False
2023-01-20 22:56:46,602 - root - INFO - Resource 12 offset: 286868, length: 88...
2023-01-20 22:56:46,602 - root - DEBUG - Reading resource 12...
2023-01-20 22:56:46,602 - root - INFO - The image is bme.
2023-01-20 22:56:46,602 - root - INFO - Reading image header(readHeader16E)...
2023-01-20 22:56:46,602 - root - INFO - Image header was read:
2023-01-20 22:56:46,602 - root - INFO - Width: 9, Height: 23, RowLength: 18
2023-01-20 22:56:46,602 - root - INFO - datalength: 72, _step: 2
2023-01-20 22:56:46,602 - root - INFO - BPP: 16, Transparency: False
2023-01-20 22:56:46,603 - root - INFO - Resource 13 offset: 286956, length: 854...
2023-01-20 22:56:46,603 - root - DEBUG - Reading resource 13...
2023-01-20 22:56:46,603 - root - INFO - The image is bme.
2023-01-20 22:56:46,603 - root - INFO - Reading image header(readHeader16E)...
2023-01-20 22:56:46,603 - root - INFO - Image header was read:
2023-01-20 22:56:46,603 - root - INFO - Width: 36, Height: 16, RowLength: 72
2023-01-20 22:56:46,603 - root - INFO - datalength: 838, _step: 2
2023-01-20 22:56:46,603 - root - INFO - BPP: 16, Transparency: False
2023-01-20 22:56:46,604 - root - INFO - Resource 14 offset: 287810, length: 726...
2023-01-20 22:56:46,604 - root - DEBUG - Reading resource 14...
2023-01-20 22:56:46,604 - root - INFO - The image is bme.
2023-01-20 22:56:46,604 - root - INFO - Reading image header(readHeader16E)...
2023-01-20 22:56:46,604 - root - INFO - Image header was read:
2023-01-20 22:56:46,604 - root - INFO - Width: 36, Height: 16, RowLength: 72
2023-01-20 22:56:46,604 - root - INFO - datalength: 710, _step: 2
2023-01-20 22:56:46,604 - root - INFO - BPP: 16, Transparency: False
2023-01-20 22:56:46,606 - root - INFO - Resource 15 offset: 288536, length: 1010...
2023-01-20 22:56:46,606 - root - DEBUG - Reading resource 15...
2023-01-20 22:56:46,606 - root - INFO - The image is bme.
2023-01-20 22:56:46,606 - root - INFO - Reading image header(readHeader16E)...
2023-01-20 22:56:46,606 - root - INFO - Image header was read:
2023-01-20 22:56:46,606 - root - INFO - Width: 36, Height: 16, RowLength: 72
2023-01-20 22:56:46,606 - root - INFO - datalength: 994, _step: 2
2023-01-20 22:56:46,606 - root - INFO - BPP: 16, Transparency: False
2023-01-20 22:56:46,608 - root - INFO - Resource 16 offset: 289546, length: 896...
2023-01-20 22:56:46,608 - root - DEBUG - Reading resource 16...
2023-01-20 22:56:46,608 - root - INFO - The image is bme.
2023-01-20 22:56:46,608 - root - INFO - Reading image header(readHeader16E)...
2023-01-20 22:56:46,608 - root - INFO - Image header was read:
2023-01-20 22:56:46,608 - root - INFO - Width: 36, Height: 16, RowLength: 72
2023-01-20 22:56:46,608 - root - INFO - datalength: 880, _step: 2
2023-01-20 22:56:46,608 - root - INFO - BPP: 16, Transparency: False
2023-01-20 22:56:46,610 - root - INFO - Resource 17 offset: 290442, length: 974...
2023-01-20 22:56:46,610 - root - DEBUG - Reading resource 17...
2023-01-20 22:56:46,610 - root - INFO - The image is bme.
2023-01-20 22:56:46,610 - root - INFO - Reading image header(readHeader16E)...
2023-01-20 22:56:46,610 - root - INFO - Image header was read:
2023-01-20 22:56:46,610 - root - INFO - Width: 36, Height: 16, RowLength: 72
2023-01-20 22:56:46,610 - root - INFO - datalength: 958, _step: 2
2023-01-20 22:56:46,610 - root - INFO - BPP: 16, Transparency: False
2023-01-20 22:56:46,612 - root - INFO - Resource 18 offset: 291416, length: 900...
2023-01-20 22:56:46,612 - root - DEBUG - Reading resource 18...
2023-01-20 22:56:46,612 - root - INFO - The image is bme.
2023-01-20 22:56:46,612 - root - INFO - Reading image header(readHeader16E)...
2023-01-20 22:56:46,612 - root - INFO - Image header was read:
2023-01-20 22:56:46,612 - root - INFO - Width: 36, Height: 16, RowLength: 72
2023-01-20 22:56:46,612 - root - INFO - datalength: 884, _step: 2
2023-01-20 22:56:46,612 - root - INFO - BPP: 16, Transparency: False
2023-01-20 22:56:46,614 - root - INFO - Resource 19 offset: 292316, length: 662...
2023-01-20 22:56:46,614 - root - DEBUG - Reading resource 19...
2023-01-20 22:56:46,614 - root - INFO - The image is bme.
2023-01-20 22:56:46,614 - root - INFO - Reading image header(readHeader16E)...
2023-01-20 22:56:46,614 - root - INFO - Image header was read:
2023-01-20 22:56:46,614 - root - INFO - Width: 36, Height: 16, RowLength: 72
2023-01-20 22:56:46,614 - root - INFO - datalength: 646, _step: 2
2023-01-20 22:56:46,614 - root - INFO - BPP: 16, Transparency: False
2023-01-20 22:56:46,615 - root - INFO - Resource 20 offset: 292978, length: 936...
2023-01-20 22:56:46,615 - root - DEBUG - Reading resource 20...
2023-01-20 22:56:46,615 - root - INFO - The image is bme.
2023-01-20 22:56:46,616 - root - INFO - Reading image header(readHeader16E)...
2023-01-20 22:56:46,616 - root - INFO - Image header was read:
2023-01-20 22:56:46,616 - root - INFO - Width: 36, Height: 16, RowLength: 72
2023-01-20 22:56:46,616 - root - INFO - datalength: 920, _step: 2
2023-01-20 22:56:46,616 - root - INFO - BPP: 16, Transparency: False
2023-01-20 22:56:46,617 - root - INFO - Resource 21 offset: 293914, length: 706...
2023-01-20 22:56:46,617 - root - DEBUG - Reading resource 21...
2023-01-20 22:56:46,617 - root - INFO - The image is bme.
2023-01-20 22:56:46,617 - root - INFO - Reading image header(readHeader16E)...
2023-01-20 22:56:46,618 - root - INFO - Image header was read:
2023-01-20 22:56:46,618 - root - INFO - Width: 36, Height: 16, RowLength: 72
2023-01-20 22:56:46,618 - root - INFO - datalength: 690, _step: 2
2023-01-20 22:56:46,618 - root - INFO - BPP: 16, Transparency: False
2023-01-20 22:56:46,619 - root - INFO - Resource 22 offset: 294620, length: 1168...
2023-01-20 22:56:46,619 - root - DEBUG - Reading resource 22...
2023-01-20 22:56:46,619 - root - INFO - The image is bmc.
2023-01-20 22:56:46,619 - root - INFO - Reading image header(readHeader16C)...
2023-01-20 22:56:46,619 - root - INFO - Image header was read:
2023-01-20 22:56:46,619 - root - INFO - Width: 36, Height: 16, RowLength: 72
2023-01-20 22:56:46,619 - root - INFO - _step: 2, unknown2: 0,
2023-01-20 22:56:46,619 - root - INFO - BPP: 16, Transparency: False
2023-01-20 22:56:46,622 - root - INFO - Resource 23 offset: 295788, length: 1016...
2023-01-20 22:56:46,622 - root - DEBUG - Reading resource 23...
2023-01-20 22:56:46,622 - root - INFO - The image is bme.
2023-01-20 22:56:46,622 - root - INFO - Reading image header(readHeader16E)...
2023-01-20 22:56:46,622 - root - INFO - Image header was read:
2023-01-20 22:56:46,622 - root - INFO - Width: 36, Height: 16, RowLength: 72
2023-01-20 22:56:46,622 - root - INFO - datalength: 1000, _step: 2
2023-01-20 22:56:46,622 - root - INFO - BPP: 16, Transparency: False
2023-01-20 22:56:46,624 - root - INFO - Resource 24 offset: 296804, length: 776...
2023-01-20 22:56:46,624 - root - DEBUG - Reading resource 24...
2023-01-20 22:56:46,624 - root - INFO - The image is bme.
2023-01-20 22:56:46,624 - root - INFO - Reading image header(readHeader16E)...
2023-01-20 22:56:46,624 - root - INFO - Image header was read:
2023-01-20 22:56:46,624 - root - INFO - Width: 36, Height: 16, RowLength: 72
2023-01-20 22:56:46,624 - root - INFO - datalength: 760, _step: 2
2023-01-20 22:56:46,624 - root - INFO - BPP: 16, Transparency: False
2023-01-20 22:56:46,625 - root - INFO - Resource 25 offset: 297580, length: 304...
2023-01-20 22:56:46,625 - root - DEBUG - Reading resource 25...
2023-01-20 22:56:46,625 - root - INFO - The image is bme.
2023-01-20 22:56:46,625 - root - INFO - Reading image header(readHeader16E)...
2023-01-20 22:56:46,626 - root - INFO - Image header was read:
2023-01-20 22:56:46,626 - root - INFO - Width: 12, Height: 16, RowLength: 24
2023-01-20 22:56:46,626 - root - INFO - datalength: 288, _step: 2
2023-01-20 22:56:46,626 - root - INFO - BPP: 16, Transparency: False
2023-01-20 22:56:46,626 - root - INFO - Resource 26 offset: 297884, length: 224...
2023-01-20 22:56:46,626 - root - DEBUG - Reading resource 26...
2023-01-20 22:56:46,626 - root - INFO - The image is bme.
2023-01-20 22:56:46,627 - root - INFO - Reading image header(readHeader16E)...
2023-01-20 22:56:46,627 - root - INFO - Image header was read:
2023-01-20 22:56:46,627 - root - INFO - Width: 12, Height: 16, RowLength: 24
2023-01-20 22:56:46,627 - root - INFO - datalength: 208, _step: 2
2023-01-20 22:56:46,627 - root - INFO - BPP: 16, Transparency: False
2023-01-20 22:56:46,627 - root - INFO - Resource 27 offset: 298108, length: 220...
2023-01-20 22:56:46,627 - root - DEBUG - Reading resource 27...
2023-01-20 22:56:46,627 - root - INFO - The image is bme.
2023-01-20 22:56:46,627 - root - INFO - Reading image header(readHeader16E)...
2023-01-20 22:56:46,628 - root - INFO - Image header was read:
2023-01-20 22:56:46,628 - root - INFO - Width: 12, Height: 16, RowLength: 24
2023-01-20 22:56:46,628 - root - INFO - datalength: 204, _step: 2
2023-01-20 22:56:46,628 - root - INFO - BPP: 16, Transparency: False
2023-01-20 22:56:46,628 - root - INFO - Resource 28 offset: 298328, length: 220...
2023-01-20 22:56:46,628 - root - DEBUG - Reading resource 28...
2023-01-20 22:56:46,628 - root - INFO - The image is bme.
2023-01-20 22:56:46,628 - root - INFO - Reading image header(readHeader16E)...
2023-01-20 22:56:46,629 - root - INFO - Image header was read:
2023-01-20 22:56:46,629 - root - INFO - Width: 12, Height: 16, RowLength: 24
2023-01-20 22:56:46,629 - root - INFO - datalength: 204, _step: 2
2023-01-20 22:56:46,629 - root - INFO - BPP: 16, Transparency: False
2023-01-20 22:56:46,629 - root - INFO - Resource 29 offset: 298548, length: 266...
2023-01-20 22:56:46,629 - root - DEBUG - Reading resource 29...
2023-01-20 22:56:46,629 - root - INFO - The image is bme.
2023-01-20 22:56:46,629 - root - INFO - Reading image header(readHeader16E)...
2023-01-20 22:56:46,630 - root - INFO - Image header was read:
2023-01-20 22:56:46,630 - root - INFO - Width: 12, Height: 16, RowLength: 24
2023-01-20 22:56:46,630 - root - INFO - datalength: 250, _step: 2
2023-01-20 22:56:46,630 - root - INFO - BPP: 16, Transparency: False
2023-01-20 22:56:46,630 - root - INFO - Resource 30 offset: 298814, length: 224...
2023-01-20 22:56:46,630 - root - DEBUG - Reading resource 30...
2023-01-20 22:56:46,630 - root - INFO - The image is bme.
2023-01-20 22:56:46,630 - root - INFO - Reading image header(readHeader16E)...
2023-01-20 22:56:46,631 - root - INFO - Image header was read:
2023-01-20 22:56:46,631 - root - INFO - Width: 12, Height: 16, RowLength: 24
2023-01-20 22:56:46,631 - root - INFO - datalength: 208, _step: 2
2023-01-20 22:56:46,631 - root - INFO - BPP: 16, Transparency: False
2023-01-20 22:56:46,631 - root - INFO - Resource 31 offset: 299038, length: 276...
2023-01-20 22:56:46,631 - root - DEBUG - Reading resource 31...
2023-01-20 22:56:46,631 - root - INFO - The image is bme.
2023-01-20 22:56:46,631 - root - INFO - Reading image header(readHeader16E)...
2023-01-20 22:56:46,632 - root - INFO - Image header was read:
2023-01-20 22:56:46,632 - root - INFO - Width: 12, Height: 16, RowLength: 24
2023-01-20 22:56:46,632 - root - INFO - datalength: 260, _step: 2
2023-01-20 22:56:46,632 - root - INFO - BPP: 16, Transparency: False
2023-01-20 22:56:46,632 - root - INFO - Resource 32 offset: 299314, length: 196...
2023-01-20 22:56:46,632 - root - DEBUG - Reading resource 32...
2023-01-20 22:56:46,632 - root - INFO - The image is bme.
2023-01-20 22:56:46,632 - root - INFO - Reading image header(readHeader16E)...
2023-01-20 22:56:46,632 - root - INFO - Image header was read:
2023-01-20 22:56:46,632 - root - INFO - Width: 12, Height: 16, RowLength: 24
2023-01-20 22:56:46,632 - root - INFO - datalength: 180, _step: 2
2023-01-20 22:56:46,632 - root - INFO - BPP: 16, Transparency: False
2023-01-20 22:56:46,634 - root - INFO - Resource 33 offset: 299510, length: 324...
2023-01-20 22:56:46,634 - root - DEBUG - Reading resource 33...
2023-01-20 22:56:46,634 - root - INFO - The image is bme.
2023-01-20 22:56:46,634 - root - INFO - Reading image header(readHeader16E)...
2023-01-20 22:56:46,634 - root - INFO - Image header was read:
2023-01-20 22:56:46,634 - root - INFO - Width: 12, Height: 16, RowLength: 24
2023-01-20 22:56:46,634 - root - INFO - datalength: 308, _step: 2
2023-01-20 22:56:46,634 - root - INFO - BPP: 16, Transparency: False
2023-01-20 22:56:46,635 - root - INFO - Resource 34 offset: 299834, length: 276...
2023-01-20 22:56:46,635 - root - DEBUG - Reading resource 34...
2023-01-20 22:56:46,635 - root - INFO - The image is bme.
2023-01-20 22:56:46,635 - root - INFO - Reading image header(readHeader16E)...
2023-01-20 22:56:46,635 - root - INFO - Image header was read:
2023-01-20 22:56:46,635 - root - INFO - Width: 12, Height: 16, RowLength: 24
2023-01-20 22:56:46,635 - root - INFO - datalength: 260, _step: 2
2023-01-20 22:56:46,635 - root - INFO - BPP: 16, Transparency: False
2023-01-20 22:56:46,636 - root - INFO - Resource 35 offset: 300110, length: 1420...
2023-01-20 22:56:46,636 - root - DEBUG - Reading resource 35...
2023-01-20 22:56:46,636 - root - INFO - The image is bmc.
2023-01-20 22:56:46,636 - root - INFO - Reading image header(readHeader16C)...
2023-01-20 22:56:46,636 - root - INFO - Image header was read:
2023-01-20 22:56:46,636 - root - INFO - Width: 36, Height: 13, RowLength: 108
2023-01-20 22:56:46,636 - root - INFO - _step: 3, unknown2: 0,
2023-01-20 22:56:46,636 - root - INFO - BPP: 24, Transparency: False
2023-01-20 22:56:46,639 - root - INFO - Resource 36 offset: 301530, length: 1420...
2023-01-20 22:56:46,639 - root - DEBUG - Reading resource 36...
2023-01-20 22:56:46,639 - root - INFO - The image is bmc.
2023-01-20 22:56:46,639 - root - INFO - Reading image header(readHeader16C)...
2023-01-20 22:56:46,639 - root - INFO - Image header was read:
2023-01-20 22:56:46,639 - root - INFO - Width: 36, Height: 13, RowLength: 108
2023-01-20 22:56:46,639 - root - INFO - _step: 3, unknown2: 0,
2023-01-20 22:56:46,639 - root - INFO - BPP: 24, Transparency: False
2023-01-20 22:56:46,641 - root - INFO - Resource 37 offset: 302950, length: 240...
2023-01-20 22:56:46,641 - root - DEBUG - Reading resource 37...
2023-01-20 22:56:46,641 - root - INFO - The image is bme.
2023-01-20 22:56:46,641 - root - INFO - Reading image header(readHeader16E)...
2023-01-20 22:56:46,641 - root - INFO - Image header was read:
2023-01-20 22:56:46,642 - root - INFO - Width: 9, Height: 12, RowLength: 18
2023-01-20 22:56:46,642 - root - INFO - datalength: 224, _step: 2
2023-01-20 22:56:46,642 - root - INFO - BPP: 16, Transparency: False
2023-01-20 22:56:46,642 - root - INFO - Resource 38 offset: 303190, length: 142...
2023-01-20 22:56:46,642 - root - DEBUG - Reading resource 38...
2023-01-20 22:56:46,642 - root - INFO - The image is bme.
2023-01-20 22:56:46,642 - root - INFO - Reading image header(readHeader16E)...
2023-01-20 22:56:46,642 - root - INFO - Image header was read:
2023-01-20 22:56:46,642 - root - INFO - Width: 9, Height: 12, RowLength: 18
2023-01-20 22:56:46,642 - root - INFO - datalength: 126, _step: 2
2023-01-20 22:56:46,642 - root - INFO - BPP: 16, Transparency: False
2023-01-20 22:56:46,642 - root - INFO - Resource 39 offset: 303332, length: 148...
2023-01-20 22:56:46,642 - root - DEBUG - Reading resource 39...
2023-01-20 22:56:46,643 - root - INFO - The image is bme.
2023-01-20 22:56:46,643 - root - INFO - Reading image header(readHeader16E)...
2023-01-20 22:56:46,643 - root - INFO - Image header was read:
2023-01-20 22:56:46,643 - root - INFO - Width: 9, Height: 12, RowLength: 18
2023-01-20 22:56:46,643 - root - INFO - datalength: 132, _step: 2
2023-01-20 22:56:46,643 - root - INFO - BPP: 16, Transparency: False
2023-01-20 22:56:46,643 - root - INFO - Resource 40 offset: 303480, length: 146...
2023-01-20 22:56:46,643 - root - DEBUG - Reading resource 40...
2023-01-20 22:56:46,643 - root - INFO - The image is bme.
2023-01-20 22:56:46,643 - root - INFO - Reading image header(readHeader16E)...
2023-01-20 22:56:46,644 - root - INFO - Image header was read:
2023-01-20 22:56:46,644 - root - INFO - Width: 9, Height: 12, RowLength: 18
2023-01-20 22:56:46,644 - root - INFO - datalength: 130, _step: 2
2023-01-20 22:56:46,644 - root - INFO - BPP: 16, Transparency: False
2023-01-20 22:56:46,644 - root - INFO - Resource 41 offset: 303626, length: 176...
2023-01-20 22:56:46,644 - root - DEBUG - Reading resource 41...
2023-01-20 22:56:46,644 - root - INFO - The image is bme.
2023-01-20 22:56:46,644 - root - INFO - Reading image header(readHeader16E)...
2023-01-20 22:56:46,644 - root - INFO - Image header was read:
2023-01-20 22:56:46,644 - root - INFO - Width: 9, Height: 12, RowLength: 18
2023-01-20 22:56:46,644 - root - INFO - datalength: 160, _step: 2
2023-01-20 22:56:46,645 - root - INFO - BPP: 16, Transparency: False
2023-01-20 22:56:46,645 - root - INFO - Resource 42 offset: 303802, length: 148...
2023-01-20 22:56:46,645 - root - DEBUG - Reading resource 42...
2023-01-20 22:56:46,645 - root - INFO - The image is bme.
2023-01-20 22:56:46,645 - root - INFO - Reading image header(readHeader16E)...
2023-01-20 22:56:46,645 - root - INFO - Image header was read:
2023-01-20 22:56:46,645 - root - INFO - Width: 9, Height: 12, RowLength: 18
2023-01-20 22:56:46,645 - root - INFO - datalength: 132, _step: 2
2023-01-20 22:56:46,645 - root - INFO - BPP: 16, Transparency: False
2023-01-20 22:56:46,646 - root - INFO - Resource 43 offset: 303950, length: 190...
2023-01-20 22:56:46,646 - root - DEBUG - Reading resource 43...
2023-01-20 22:56:46,646 - root - INFO - The image is bme.
2023-01-20 22:56:46,646 - root - INFO - Reading image header(readHeader16E)...
2023-01-20 22:56:46,646 - root - INFO - Image header was read:
2023-01-20 22:56:46,646 - root - INFO - Width: 9, Height: 12, RowLength: 18
2023-01-20 22:56:46,646 - root - INFO - datalength: 174, _step: 2
2023-01-20 22:56:46,646 - root - INFO - BPP: 16, Transparency: False
2023-01-20 22:56:46,647 - root - INFO - Resource 44 offset: 304140, length: 130...
2023-01-20 22:56:46,647 - root - DEBUG - Reading resource 44...
2023-01-20 22:56:46,647 - root - INFO - The image is bme.
2023-01-20 22:56:46,647 - root - INFO - Reading image header(readHeader16E)...
2023-01-20 22:56:46,647 - root - INFO - Image header was read:
2023-01-20 22:56:46,647 - root - INFO - Width: 9, Height: 12, RowLength: 18
2023-01-20 22:56:46,647 - root - INFO - datalength: 114, _step: 2
2023-01-20 22:56:46,647 - root - INFO - BPP: 16, Transparency: False
2023-01-20 22:56:46,647 - root - INFO - Resource 45 offset: 304270, length: 216...
2023-01-20 22:56:46,647 - root - DEBUG - Reading resource 45...
2023-01-20 22:56:46,648 - root - INFO - The image is bme.
2023-01-20 22:56:46,648 - root - INFO - Reading image header(readHeader16E)...
2023-01-20 22:56:46,648 - root - INFO - Image header was read:
2023-01-20 22:56:46,648 - root - INFO - Width: 9, Height: 12, RowLength: 18
2023-01-20 22:56:46,648 - root - INFO - datalength: 200, _step: 2
2023-01-20 22:56:46,648 - root - INFO - BPP: 16, Transparency: False
2023-01-20 22:56:46,648 - root - INFO - Resource 46 offset: 304486, length: 194...
2023-01-20 22:56:46,648 - root - DEBUG - Reading resource 46...
2023-01-20 22:56:46,648 - root - INFO - The image is bme.
2023-01-20 22:56:46,649 - root - INFO - Reading image header(readHeader16E)...
2023-01-20 22:56:46,649 - root - INFO - Image header was read:
2023-01-20 22:56:46,649 - root - INFO - Width: 9, Height: 12, RowLength: 18
2023-01-20 22:56:46,649 - root - INFO - datalength: 178, _step: 2
2023-01-20 22:56:46,649 - root - INFO - BPP: 16, Transparency: False
2023-01-20 22:56:46,649 - root - INFO - Resource 47 offset: 304680, length: 48...
2023-01-20 22:56:46,649 - root - DEBUG - Reading resource 47...
2023-01-20 22:56:46,649 - root - INFO - The image is bme.
2023-01-20 22:56:46,649 - root - INFO - Reading image header(readHeader16E)...
2023-01-20 22:56:46,650 - root - INFO - Image header was read:
2023-01-20 22:56:46,650 - root - INFO - Width: 13, Height: 12, RowLength: 26
2023-01-20 22:56:46,650 - root - INFO - datalength: 32, _step: 2
2023-01-20 22:56:46,650 - root - INFO - BPP: 16, Transparency: False
2023-01-20 22:56:46,650 - root - INFO - Resource 48 offset: 304728, length: 40...
2023-01-20 22:56:46,650 - root - DEBUG - Reading resource 48...
2023-01-20 22:56:46,650 - root - INFO - The image is bme.
2023-01-20 22:56:46,650 - root - INFO - Reading image header(readHeader16E)...
2023-01-20 22:56:46,650 - root - INFO - Image header was read:
2023-01-20 22:56:46,650 - root - INFO - Width: 5, Height: 12, RowLength: 10
2023-01-20 22:56:46,650 - root - INFO - datalength: 24, _step: 2
2023-01-20 22:56:46,650 - root - INFO - BPP: 16, Transparency: False
2023-01-20 22:56:46,651 - root - INFO - Resource 49 offset: 304768, length: 872...
2023-01-20 22:56:46,651 - root - DEBUG - Reading resource 49...
2023-01-20 22:56:46,651 - root - INFO - The image is bme.
2023-01-20 22:56:46,651 - root - INFO - Reading image header(readHeader16E)...
2023-01-20 22:56:46,651 - root - INFO - Image header was read:
2023-01-20 22:56:46,651 - root - INFO - Width: 30, Height: 30, RowLength: 60
2023-01-20 22:56:46,651 - root - INFO - datalength: 856, _step: 2
2023-01-20 22:56:46,651 - root - INFO - BPP: 16, Transparency: False
2023-01-20 22:56:46,653 - root - INFO - Resource 50 offset: 305640, length: 818...
2023-01-20 22:56:46,653 - root - DEBUG - Reading resource 50...
2023-01-20 22:56:46,653 - root - INFO - The image is bme.
2023-01-20 22:56:46,653 - root - INFO - Reading image header(readHeader16E)...
2023-01-20 22:56:46,653 - root - INFO - Image header was read:
2023-01-20 22:56:46,653 - root - INFO - Width: 30, Height: 30, RowLength: 60
2023-01-20 22:56:46,653 - root - INFO - datalength: 802, _step: 2
2023-01-20 22:56:46,653 - root - INFO - BPP: 16, Transparency: False
2023-01-20 22:56:46,655 - root - INFO - Resource 51 offset: 306458, length: 920...
2023-01-20 22:56:46,656 - root - DEBUG - Reading resource 51...
2023-01-20 22:56:46,656 - root - INFO - The image is bme.
2023-01-20 22:56:46,656 - root - INFO - Reading image header(readHeader16E)...
2023-01-20 22:56:46,656 - root - INFO - Image header was read:
2023-01-20 22:56:46,656 - root - INFO - Width: 30, Height: 30, RowLength: 60
2023-01-20 22:56:46,656 - root - INFO - datalength: 904, _step: 2
2023-01-20 22:56:46,656 - root - INFO - BPP: 16, Transparency: False
2023-01-20 22:56:46,657 - root - INFO - Resource 52 offset: 307378, length: 876...
2023-01-20 22:56:46,657 - root - DEBUG - Reading resource 52...
2023-01-20 22:56:46,658 - root - INFO - The image is bme.
2023-01-20 22:56:46,658 - root - INFO - Reading image header(readHeader16E)...
2023-01-20 22:56:46,658 - root - INFO - Image header was read:
2023-01-20 22:56:46,658 - root - INFO - Width: 30, Height: 30, RowLength: 60
2023-01-20 22:56:46,658 - root - INFO - datalength: 860, _step: 2
2023-01-20 22:56:46,658 - root - INFO - BPP: 16, Transparency: False
2023-01-20 22:56:46,659 - root - INFO - Resource 53 offset: 308254, length: 864...
2023-01-20 22:56:46,659 - root - DEBUG - Reading resource 53...
2023-01-20 22:56:46,659 - root - INFO - The image is bme.
2023-01-20 22:56:46,660 - root - INFO - Reading image header(readHeader16E)...
2023-01-20 22:56:46,660 - root - INFO - Image header was read:
2023-01-20 22:56:46,660 - root - INFO - Width: 30, Height: 30, RowLength: 60
2023-01-20 22:56:46,660 - root - INFO - datalength: 848, _step: 2
2023-01-20 22:56:46,660 - root - INFO - BPP: 16, Transparency: False
2023-01-20 22:56:46,661 - root - INFO - Resource 54 offset: 309118, length: 570...
2023-01-20 22:56:46,661 - root - DEBUG - Reading resource 54...
2023-01-20 22:56:46,661 - root - INFO - The image is bme.
2023-01-20 22:56:46,661 - root - INFO - Reading image header(readHeader16E)...
2023-01-20 22:56:46,661 - root - INFO - Image header was read:
2023-01-20 22:56:46,661 - root - INFO - Width: 30, Height: 30, RowLength: 60
2023-01-20 22:56:46,662 - root - INFO - datalength: 554, _step: 2
2023-01-20 22:56:46,662 - root - INFO - BPP: 16, Transparency: False
2023-01-20 22:56:46,663 - root - INFO - Resource 55 offset: 309688, length: 752...
2023-01-20 22:56:46,663 - root - DEBUG - Reading resource 55...
2023-01-20 22:56:46,663 - root - INFO - The image is bme.
2023-01-20 22:56:46,663 - root - INFO - Reading image header(readHeader16E)...
2023-01-20 22:56:46,663 - root - INFO - Image header was read:
2023-01-20 22:56:46,663 - root - INFO - Width: 30, Height: 30, RowLength: 60
2023-01-20 22:56:46,663 - root - INFO - datalength: 736, _step: 2
2023-01-20 22:56:46,663 - root - INFO - BPP: 16, Transparency: False
2023-01-20 22:56:46,664 - root - INFO - Resource 56 offset: 310440, length: 662...
2023-01-20 22:56:46,664 - root - DEBUG - Reading resource 56...
2023-01-20 22:56:46,664 - root - INFO - The image is bme.
2023-01-20 22:56:46,664 - root - INFO - Reading image header(readHeader16E)...
2023-01-20 22:56:46,664 - root - INFO - Image header was read:
2023-01-20 22:56:46,664 - root - INFO - Width: 30, Height: 30, RowLength: 60
2023-01-20 22:56:46,664 - root - INFO - datalength: 646, _step: 2
2023-01-20 22:56:46,664 - root - INFO - BPP: 16, Transparency: False
2023-01-20 22:56:46,665 - root - INFO - Resource 57 offset: 311102, length: 858...
2023-01-20 22:56:46,665 - root - DEBUG - Reading resource 57...
2023-01-20 22:56:46,665 - root - INFO - The image is bme.
2023-01-20 22:56:46,666 - root - INFO - Reading image header(readHeader16E)...
2023-01-20 22:56:46,666 - root - INFO - Image header was read:
2023-01-20 22:56:46,666 - root - INFO - Width: 30, Height: 30, RowLength: 60
2023-01-20 22:56:46,666 - root - INFO - datalength: 842, _step: 2
2023-01-20 22:56:46,666 - root - INFO - BPP: 16, Transparency: False
2023-01-20 22:56:46,667 - root - INFO - Resource 58 offset: 311960, length: 806...
2023-01-20 22:56:46,667 - root - DEBUG - Reading resource 58...
2023-01-20 22:56:46,667 - root - INFO - The image is bme.
2023-01-20 22:56:46,667 - root - INFO - Reading image header(readHeader16E)...
2023-01-20 22:56:46,667 - root - INFO - Image header was read:
2023-01-20 22:56:46,667 - root - INFO - Width: 30, Height: 30, RowLength: 60
2023-01-20 22:56:46,668 - root - INFO - datalength: 790, _step: 2
2023-01-20 22:56:46,668 - root - INFO - BPP: 16, Transparency: False
2023-01-20 22:56:46,669 - root - INFO - Resource 59 offset: 312766, length: 846...
2023-01-20 22:56:46,669 - root - DEBUG - Reading resource 59...
2023-01-20 22:56:46,669 - root - INFO - The image is bme.
2023-01-20 22:56:46,669 - root - INFO - Reading image header(readHeader16E)...
2023-01-20 22:56:46,669 - root - INFO - Image header was read:
2023-01-20 22:56:46,669 - root - INFO - Width: 30, Height: 30, RowLength: 60
2023-01-20 22:56:46,669 - root - INFO - datalength: 830, _step: 2
2023-01-20 22:56:46,670 - root - INFO - BPP: 16, Transparency: False
2023-01-20 22:56:46,671 - root - INFO - Resource 60 offset: 313612, length: 914...
2023-01-20 22:56:46,671 - root - DEBUG - Reading resource 60...
2023-01-20 22:56:46,671 - root - INFO - The image is bme.
2023-01-20 22:56:46,671 - root - INFO - Reading image header(readHeader16E)...
2023-01-20 22:56:46,671 - root - INFO - Image header was read:
2023-01-20 22:56:46,671 - root - INFO - Width: 30, Height: 30, RowLength: 60
2023-01-20 22:56:46,671 - root - INFO - datalength: 898, _step: 2
2023-01-20 22:56:46,671 - root - INFO - BPP: 16, Transparency: False
2023-01-20 22:56:46,672 - root - INFO - Resource 61 offset: 314526, length: 890...
2023-01-20 22:56:46,672 - root - DEBUG - Reading resource 61...
2023-01-20 22:56:46,672 - root - INFO - The image is bme.
2023-01-20 22:56:46,672 - root - INFO - Reading image header(readHeader16E)...
2023-01-20 22:56:46,672 - root - INFO - Image header was read:
2023-01-20 22:56:46,672 - root - INFO - Width: 30, Height: 30, RowLength: 60
2023-01-20 22:56:46,674 - root - INFO - datalength: 874, _step: 2
2023-01-20 22:56:46,674 - root - INFO - BPP: 16, Transparency: False
2023-01-20 22:56:46,675 - root - INFO - Resource 62 offset: 315416, length: 704...
2023-01-20 22:56:46,675 - root - DEBUG - Reading resource 62...
2023-01-20 22:56:46,675 - root - INFO - The image is bme.
2023-01-20 22:56:46,675 - root - INFO - Reading image header(readHeader16E)...
2023-01-20 22:56:46,675 - root - INFO - Image header was read:
2023-01-20 22:56:46,675 - root - INFO - Width: 30, Height: 30, RowLength: 60
2023-01-20 22:56:46,675 - root - INFO - datalength: 688, _step: 2
2023-01-20 22:56:46,676 - root - INFO - BPP: 16, Transparency: False
2023-01-20 22:56:46,677 - root - INFO - Resource 63 offset: 316120, length: 372...
2023-01-20 22:56:46,677 - root - DEBUG - Reading resource 63...
2023-01-20 22:56:46,677 - root - INFO - The image is bme.
2023-01-20 22:56:46,677 - root - INFO - Reading image header(readHeader16E)...
2023-01-20 22:56:46,677 - root - INFO - Image header was read:
2023-01-20 22:56:46,677 - root - INFO - Width: 30, Height: 30, RowLength: 60
2023-01-20 22:56:46,677 - root - INFO - datalength: 356, _step: 2
2023-01-20 22:56:46,677 - root - INFO - BPP: 16, Transparency: False
2023-01-20 22:56:46,678 - root - INFO - Resource 64 offset: 316492, length: 698...
2023-01-20 22:56:46,678 - root - DEBUG - Reading resource 64...
2023-01-20 22:56:46,678 - root - INFO - The image is bme.
2023-01-20 22:56:46,678 - root - INFO - Reading image header(readHeader16E)...
2023-01-20 22:56:46,678 - root - INFO - Image header was read:
2023-01-20 22:56:46,678 - root - INFO - Width: 30, Height: 30, RowLength: 60
2023-01-20 22:56:46,678 - root - INFO - datalength: 682, _step: 2
2023-01-20 22:56:46,678 - root - INFO - BPP: 16, Transparency: False
2023-01-20 22:56:46,679 - root - INFO - Resource 65 offset: 317190, length: 772...
2023-01-20 22:56:46,680 - root - DEBUG - Reading resource 65...
2023-01-20 22:56:46,680 - root - INFO - The image is bme.
2023-01-20 22:56:46,680 - root - INFO - Reading image header(readHeader16E)...
2023-01-20 22:56:46,680 - root - INFO - Image header was read:
2023-01-20 22:56:46,680 - root - INFO - Width: 30, Height: 30, RowLength: 60
2023-01-20 22:56:46,680 - root - INFO - datalength: 756, _step: 2
2023-01-20 22:56:46,680 - root - INFO - BPP: 16, Transparency: False
2023-01-20 22:56:46,681 - root - INFO - Resource 66 offset: 317962, length: 954...
2023-01-20 22:56:46,681 - root - DEBUG - Reading resource 66...
2023-01-20 22:56:46,681 - root - INFO - The image is bme.
2023-01-20 22:56:46,681 - root - INFO - Reading image header(readHeader16E)...
2023-01-20 22:56:46,682 - root - INFO - Image header was read:
2023-01-20 22:56:46,682 - root - INFO - Width: 30, Height: 30, RowLength: 60
2023-01-20 22:56:46,682 - root - INFO - datalength: 938, _step: 2
2023-01-20 22:56:46,682 - root - INFO - BPP: 16, Transparency: False
2023-01-20 22:56:46,683 - root - INFO - Resource 67 offset: 318916, length: 940...
2023-01-20 22:56:46,683 - root - DEBUG - Reading resource 67...
2023-01-20 22:56:46,683 - root - INFO - The image is bme.
2023-01-20 22:56:46,683 - root - INFO - Reading image header(readHeader16E)...
2023-01-20 22:56:46,683 - root - INFO - Image header was read:
2023-01-20 22:56:46,683 - root - INFO - Width: 30, Height: 30, RowLength: 60
2023-01-20 22:56:46,684 - root - INFO - datalength: 924, _step: 2
2023-01-20 22:56:46,684 - root - INFO - BPP: 16, Transparency: False
2023-01-20 22:56:46,685 - root - INFO - Resource 68 offset: 319856, length: 1146...
2023-01-20 22:56:46,685 - root - DEBUG - Reading resource 68...
2023-01-20 22:56:46,685 - root - INFO - The image is bme.
2023-01-20 22:56:46,685 - root - INFO - Reading image header(readHeader16E)...
2023-01-20 22:56:46,685 - root - INFO - Image header was read:
2023-01-20 22:56:46,685 - root - INFO - Width: 30, Height: 30, RowLength: 60
2023-01-20 22:56:46,685 - root - INFO - datalength: 1130, _step: 2
2023-01-20 22:56:46,685 - root - INFO - BPP: 16, Transparency: False
2023-01-20 22:56:46,687 - root - INFO - Resource 69 offset: 321002, length: 886...
2023-01-20 22:56:46,687 - root - DEBUG - Reading resource 69...
2023-01-20 22:56:46,687 - root - INFO - The image is bme.
2023-01-20 22:56:46,687 - root - INFO - Reading image header(readHeader16E)...
2023-01-20 22:56:46,687 - root - INFO - Image header was read:
2023-01-20 22:56:46,687 - root - INFO - Width: 30, Height: 30, RowLength: 60
2023-01-20 22:56:46,687 - root - INFO - datalength: 870, _step: 2
2023-01-20 22:56:46,687 - root - INFO - BPP: 16, Transparency: False
2023-01-20 22:56:46,689 - root - INFO - Resource 70 offset: 321888, length: 732...
2023-01-20 22:56:46,689 - root - DEBUG - Reading resource 70...
2023-01-20 22:56:46,689 - root - INFO - The image is bme.
2023-01-20 22:56:46,689 - root - INFO - Reading image header(readHeader16E)...
2023-01-20 22:56:46,689 - root - INFO - Image header was read:
2023-01-20 22:56:46,689 - root - INFO - Width: 30, Height: 30, RowLength: 60
2023-01-20 22:56:46,689 - root - INFO - datalength: 716, _step: 2
2023-01-20 22:56:46,689 - root - INFO - BPP: 16, Transparency: False
2023-01-20 22:56:46,690 - root - INFO - Resource 71 offset: 322620, length: 1014...
2023-01-20 22:56:46,690 - root - DEBUG - Reading resource 71...
2023-01-20 22:56:46,690 - root - INFO - The image is bme.
2023-01-20 22:56:46,690 - root - INFO - Reading image header(readHeader16E)...
2023-01-20 22:56:46,691 - root - INFO - Image header was read:
2023-01-20 22:56:46,691 - root - INFO - Width: 30, Height: 30, RowLength: 60
2023-01-20 22:56:46,691 - root - INFO - datalength: 998, _step: 2
2023-01-20 22:56:46,691 - root - INFO - BPP: 16, Transparency: False
2023-01-20 22:56:46,692 - root - INFO - Resource 72 offset: 323634, length: 890...
2023-01-20 22:56:46,692 - root - DEBUG - Reading resource 72...
2023-01-20 22:56:46,692 - root - INFO - The image is bme.
2023-01-20 22:56:46,692 - root - INFO - Reading image header(readHeader16E)...
2023-01-20 22:56:46,692 - root - INFO - Image header was read:
2023-01-20 22:56:46,692 - root - INFO - Width: 30, Height: 30, RowLength: 60
2023-01-20 22:56:46,692 - root - INFO - datalength: 874, _step: 2
2023-01-20 22:56:46,692 - root - INFO - BPP: 16, Transparency: False
2023-01-20 22:56:46,695 - root - INFO - Resource 73 offset: 324524, length: 790...
2023-01-20 22:56:46,695 - root - DEBUG - Reading resource 73...
2023-01-20 22:56:46,695 - root - INFO - The image is bme.
2023-01-20 22:56:46,695 - root - INFO - Reading image header(readHeader16E)...
2023-01-20 22:56:46,695 - root - INFO - Image header was read:
2023-01-20 22:56:46,695 - root - INFO - Width: 30, Height: 30, RowLength: 60
2023-01-20 22:56:46,695 - root - INFO - datalength: 774, _step: 2
2023-01-20 22:56:46,695 - root - INFO - BPP: 16, Transparency: False
2023-01-20 22:56:46,697 - root - INFO - Resource 74 offset: 325314, length: 1014...
2023-01-20 22:56:46,697 - root - DEBUG - Reading resource 74...
2023-01-20 22:56:46,697 - root - INFO - The image is bme.
2023-01-20 22:56:46,697 - root - INFO - Reading image header(readHeader16E)...
2023-01-20 22:56:46,697 - root - INFO - Image header was read:
2023-01-20 22:56:46,697 - root - INFO - Width: 30, Height: 30, RowLength: 60
2023-01-20 22:56:46,697 - root - INFO - datalength: 998, _step: 2
2023-01-20 22:56:46,697 - root - INFO - BPP: 16, Transparency: False
2023-01-20 22:56:46,699 - root - INFO - Resource 75 offset: 326328, length: 48...
2023-01-20 22:56:46,699 - root - DEBUG - Reading resource 75...
2023-01-20 22:56:46,699 - root - INFO - The image is bme.
2023-01-20 22:56:46,699 - root - INFO - Reading image header(readHeader16E)...
2023-01-20 22:56:46,699 - root - INFO - Image header was read:
2023-01-20 22:56:46,699 - root - INFO - Width: 7, Height: 12, RowLength: 14
2023-01-20 22:56:46,699 - root - INFO - datalength: 32, _step: 2
2023-01-20 22:56:46,699 - root - INFO - BPP: 16, Transparency: False
2023-01-20 22:56:46,700 - root - INFO - Resource 76 offset: 326376, length: 86...
2023-01-20 22:56:46,700 - root - DEBUG - Reading resource 76...
2023-01-20 22:56:46,700 - root - INFO - The image is bme.
2023-01-20 22:56:46,700 - root - INFO - Reading image header(readHeader16E)...
2023-01-20 22:56:46,700 - root - INFO - Image header was read:
2023-01-20 22:56:46,700 - root - INFO - Width: 6, Height: 12, RowLength: 12
2023-01-20 22:56:46,700 - root - INFO - datalength: 70, _step: 2
2023-01-20 22:56:46,700 - root - INFO - BPP: 16, Transparency: False
2023-01-20 22:56:46,700 - root - INFO - Resource 77 offset: 326462, length: 254...
2023-01-20 22:56:46,701 - root - DEBUG - Reading resource 77...
2023-01-20 22:56:46,701 - root - INFO - The image is bme.
2023-01-20 22:56:46,701 - root - INFO - Reading image header(readHeader16E)...
2023-01-20 22:56:46,701 - root - INFO - Image header was read:
2023-01-20 22:56:46,701 - root - INFO - Width: 11, Height: 14, RowLength: 22
2023-01-20 22:56:46,701 - root - INFO - datalength: 238, _step: 2
2023-01-20 22:56:46,701 - root - INFO - BPP: 16, Transparency: False
2023-01-20 22:56:46,701 - root - INFO - Resource 78 offset: 326716, length: 258...
2023-01-20 22:56:46,702 - root - DEBUG - Reading resource 78...
2023-01-20 22:56:46,702 - root - INFO - The image is bme.
2023-01-20 22:56:46,702 - root - INFO - Reading image header(readHeader16E)...
2023-01-20 22:56:46,702 - root - INFO - Image header was read:
2023-01-20 22:56:46,702 - root - INFO - Width: 13, Height: 14, RowLength: 26
2023-01-20 22:56:46,702 - root - INFO - datalength: 242, _step: 2
2023-01-20 22:56:46,702 - root - INFO - BPP: 16, Transparency: False
2023-01-20 22:56:46,702 - root - INFO - Resource 79 offset: 326974, length: 254...
2023-01-20 22:56:46,703 - root - DEBUG - Reading resource 79...
2023-01-20 22:56:46,703 - root - INFO - The image is bme.
2023-01-20 22:56:46,703 - root - INFO - Reading image header(readHeader16E)...
2023-01-20 22:56:46,703 - root - INFO - Image header was read:
2023-01-20 22:56:46,703 - root - INFO - Width: 14, Height: 13, RowLength: 28
2023-01-20 22:56:46,703 - root - INFO - datalength: 238, _step: 2
2023-01-20 22:56:46,703 - root - INFO - BPP: 16, Transparency: False
2023-01-20 22:56:46,703 - root - INFO - Resource 80 offset: 327228, length: 248...
2023-01-20 22:56:46,704 - root - DEBUG - Reading resource 80...
2023-01-20 22:56:46,704 - root - INFO - The image is bme.
2023-01-20 22:56:46,704 - root - INFO - Reading image header(readHeader16E)...
2023-01-20 22:56:46,704 - root - INFO - Image header was read:
2023-01-20 22:56:46,704 - root - INFO - Width: 14, Height: 13, RowLength: 28
2023-01-20 22:56:46,704 - root - INFO - datalength: 232, _step: 2
2023-01-20 22:56:46,704 - root - INFO - BPP: 16, Transparency: False
2023-01-20 22:56:46,704 - root - INFO - Resource 81 offset: 327476, length: 244...
2023-01-20 22:56:46,704 - root - DEBUG - Reading resource 81...
2023-01-20 22:56:46,704 - root - INFO - The image is bme.
2023-01-20 22:56:46,704 - root - INFO - Reading image header(readHeader16E)...
2023-01-20 22:56:46,704 - root - INFO - Image header was read:
2023-01-20 22:56:46,704 - root - INFO - Width: 16, Height: 11, RowLength: 32
2023-01-20 22:56:46,704 - root - INFO - datalength: 228, _step: 2
2023-01-20 22:56:46,704 - root - INFO - BPP: 16, Transparency: False
2023-01-20 22:56:46,705 - root - INFO - Resource 82 offset: 327720, length: 6616...
2023-01-20 22:56:46,705 - root - DEBUG - Reading resource 82...
2023-01-20 22:56:46,705 - root - INFO - The image is bmc.
2023-01-20 22:56:46,705 - root - INFO - Reading image header(readHeader16C)...
2023-01-20 22:56:46,705 - root - INFO - Image header was read:
2023-01-20 22:56:46,705 - root - INFO - Width: 25, Height: 88, RowLength: 75
2023-01-20 22:56:46,705 - root - INFO - _step: 3, unknown2: 0,
2023-01-20 22:56:46,706 - root - INFO - BPP: 24, Transparency: False
2023-01-20 22:56:46,715 - root - INFO - Resource 83 offset: 334336, length: 10546...
2023-01-20 22:56:46,715 - root - DEBUG - Reading resource 83...
2023-01-20 22:56:46,715 - root - INFO - The image is bmc.
2023-01-20 22:56:46,715 - root - INFO - Reading image header(readHeader16C)...
2023-01-20 22:56:46,715 - root - INFO - Image header was read:
2023-01-20 22:56:46,715 - root - INFO - Width: 26, Height: 135, RowLength: 78
2023-01-20 22:56:46,715 - root - INFO - _step: 3, unknown2: 0,
2023-01-20 22:56:46,715 - root - INFO - BPP: 24, Transparency: False
2023-01-20 22:56:46,730 - root - INFO - Resource 84 offset: 344882, length: 6136...
2023-01-20 22:56:46,730 - root - DEBUG - Reading resource 84...
2023-01-20 22:56:46,730 - root - INFO - The image is bmc.
2023-01-20 22:56:46,730 - root - INFO - Reading image header(readHeader16C)...
2023-01-20 22:56:46,730 - root - INFO - Image header was read:
2023-01-20 22:56:46,730 - root - INFO - Width: 12, Height: 170, RowLength: 36
2023-01-20 22:56:46,730 - root - INFO - _step: 3, unknown2: 0,
2023-01-20 22:56:46,730 - root - INFO - BPP: 24, Transparency: False
2023-01-20 22:56:46,739 - root - INFO - Resource 85 offset: 351018, length: 988...
2023-01-20 22:56:46,739 - root - DEBUG - Reading resource 85...
2023-01-20 22:56:46,739 - root - INFO - The image is bmc.
2023-01-20 22:56:46,740 - root - INFO - Reading image header(readHeader16C)...
2023-01-20 22:56:46,740 - root - INFO - Image header was read:
2023-01-20 22:56:46,740 - root - INFO - Width: 18, Height: 18, RowLength: 54
2023-01-20 22:56:46,740 - root - INFO - _step: 3, unknown2: 0,
2023-01-20 22:56:46,740 - root - INFO - BPP: 24, Transparency: False
2023-01-20 22:56:46,741 - root - DEBUG - Parsing parameters...
2023-01-20 22:56:46,815 - root - DEBUG - 0 Value: None
2023-01-20 22:56:46,815 - root - DEBUG - 0.1 Value: 71
2023-01-20 22:56:46,815 - root - DEBUG - 2 Value: None
2023-01-20 22:56:46,815 - root - DEBUG - 2.1 Value: None
2023-01-20 22:56:46,815 - root - DEBUG - 2.1.1 Value: 0
2023-01-20 22:56:46,815 - root - DEBUG - 2.1.2 Value: 0
2023-01-20 22:56:46,816 - root - DEBUG - 2.1.3 Value: 0
2023-01-20 22:56:46,816 - root - DEBUG - 2.3 Value: None
2023-01-20 22:56:46,816 - root - DEBUG - 2.3.1 Value: 18
2023-01-20 22:56:46,816 - root - DEBUG - 2.3.2 Value: 17
2023-01-20 22:56:46,816 - root - DEBUG - 2.3.3 Value: 1
2023-01-20 22:56:46,816 - root - DEBUG - 2.4 Value: None
2023-01-20 22:56:46,816 - root - DEBUG - 2.4.1 Value: 18
2023-01-20 22:56:46,816 - root - DEBUG - 2.4.2 Value: 17
2023-01-20 22:56:46,816 - root - DEBUG - 2.4.3 Value: 1
2023-01-20 22:56:46,816 - root - DEBUG - 2.5 Value: None
2023-01-20 22:56:46,816 - root - DEBUG - 2.5.1 Value: 18
2023-01-20 22:56:46,816 - root - DEBUG - 2.5.2 Value: 17
2023-01-20 22:56:46,817 - root - DEBUG - 2.5.3 Value: 1
2023-01-20 22:56:46,817 - root - DEBUG - 3 Value: None
2023-01-20 22:56:46,817 - root - DEBUG - 3.1 Value: None
2023-01-20 22:56:46,817 - root - DEBUG - 3.1.1 Value: None
2023-01-20 22:56:46,817 - root - DEBUG - 3.1.1.1 Value: None
2023-01-20 22:56:46,817 - root - DEBUG - 3.1.1.1.1 Value: 147
2023-01-20 22:56:46,817 - root - DEBUG - 3.1.1.1.2 Value: 80
2023-01-20 22:56:46,817 - root - DEBUG - 3.1.1.1.3 Value: 2
2023-01-20 22:56:46,817 - root - DEBUG - 3.1.1.1.4 Value: 10
2023-01-20 22:56:46,817 - root - DEBUG - 3.1.1.2 Value: None
2023-01-20 22:56:46,817 - root - DEBUG - 3.1.1.2.1 Value: 165
2023-01-20 22:56:46,818 - root - DEBUG - 3.1.1.2.2 Value: 80
2023-01-20 22:56:46,818 - root - DEBUG - 3.1.1.2.3 Value: 2
2023-01-20 22:56:46,818 - root - DEBUG - 3.1.1.2.4 Value: 10
2023-01-20 22:56:46,818 - root - DEBUG - 3.1.2 Value: None
2023-01-20 22:56:46,818 - root - DEBUG - 3.1.2.1 Value: None
2023-01-20 22:56:46,818 - root - DEBUG - 3.1.2.1.1 Value: 193
2023-01-20 22:56:46,818 - root - DEBUG - 3.1.2.1.2 Value: 80
2023-01-20 22:56:46,818 - root - DEBUG - 3.1.2.1.3 Value: 2
2023-01-20 22:56:46,818 - root - DEBUG - 3.1.2.1.4 Value: 10
2023-01-20 22:56:46,818 - root - DEBUG - 3.1.2.2 Value: None
2023-01-20 22:56:46,818 - root - DEBUG - 3.1.2.2.1 Value: 211
2023-01-20 22:56:46,818 - root - DEBUG - 3.1.2.2.2 Value: 80
2023-01-20 22:56:46,819 - root - DEBUG - 3.1.2.2.3 Value: 2
2023-01-20 22:56:46,819 - root - DEBUG - 3.1.2.2.4 Value: 10
2023-01-20 22:56:46,819 - root - DEBUG - 3.1.5 Value: None
2023-01-20 22:56:46,819 - root - DEBUG - 3.1.5.1 Value: 183
2023-01-20 22:56:46,819 - root - DEBUG - 3.1.5.2 Value: 80
2023-01-20 22:56:46,819 - root - DEBUG - 3.1.5.3 Value: 12
2023-01-20 22:56:46,819 - root - DEBUG - 3.1.7 Value: 0
2023-01-20 22:56:46,820 - root - DEBUG - 3.1.8 Value: 1
2023-01-20 22:56:46,820 - root - DEBUG - 4 Value: None
2023-01-20 22:56:46,820 - root - DEBUG - 4.1 Value: None
2023-01-20 22:56:46,820 - root - DEBUG - 4.1.1 Value: None
2023-01-20 22:56:46,820 - root - DEBUG - 4.1.1.1 Value: 219
2023-01-20 22:56:46,820 - root - DEBUG - 4.1.1.2 Value: 155
2023-01-20 22:56:46,820 - root - DEBUG - 4.1.1.3 Value: 264
2023-01-20 22:56:46,820 - root - DEBUG - 4.1.1.4 Value: 167
2023-01-20 22:56:46,820 - root - DEBUG - 4.1.1.5 Value: 18
2023-01-20 22:56:46,820 - root - DEBUG - 4.1.1.6 Value: 0
2023-01-20 22:56:46,820 - root - DEBUG - 4.1.1.7 Value: 0
2023-01-20 22:56:46,821 - root - DEBUG - 4.1.1.8 Value: 37
2023-01-20 22:56:46,821 - root - DEBUG - 4.1.1.9 Value: 10
2023-01-20 22:56:46,821 - root - DEBUG - 4.3 Value: None
2023-01-20 22:56:46,821 - root - DEBUG - 4.3.1 Value: None
2023-01-20 22:56:46,821 - root - DEBUG - 4.3.1.1 Value: 174
2023-01-20 22:56:46,821 - root - DEBUG - 4.3.1.2 Value: 214
2023-01-20 22:56:46,821 - root - DEBUG - 4.3.1.3 Value: 224
2023-01-20 22:56:46,821 - root - DEBUG - 4.3.1.4 Value: 228
2023-01-20 22:56:46,821 - root - DEBUG - 4.3.1.5 Value: 18
2023-01-20 22:56:46,821 - root - DEBUG - 4.3.1.6 Value: 0
2023-01-20 22:56:46,821 - root - DEBUG - 4.3.1.7 Value: 0
2023-01-20 22:56:46,821 - root - DEBUG - 4.3.1.8 Value: 37
2023-01-20 22:56:46,821 - root - DEBUG - 4.3.1.9 Value: 10
2023-01-20 22:56:46,822 - root - DEBUG - 4.4 Value: None
2023-01-20 22:56:46,822 - root - DEBUG - 4.4.1 Value: None
2023-01-20 22:56:46,822 - root - DEBUG - 4.4.1.1 Value: 174
2023-01-20 22:56:46,822 - root - DEBUG - 4.4.1.2 Value: 233
2023-01-20 22:56:46,822 - root - DEBUG - 4.4.1.3 Value: 204
2023-01-20 22:56:46,822 - root - DEBUG - 4.4.1.4 Value: 245
2023-01-20 22:56:46,822 - root - DEBUG - 4.4.1.5 Value: 18
2023-01-20 22:56:46,822 - root - DEBUG - 4.4.1.6 Value: 0
2023-01-20 22:56:46,822 - root - DEBUG - 4.4.1.7 Value: 0
2023-01-20 22:56:46,822 - root - DEBUG - 4.4.1.8 Value: 37
2023-01-20 22:56:46,822 - root - DEBUG - 4.4.1.9 Value: 10
2023-01-20 22:56:46,822 - root - DEBUG - 4.4.3 Value: 47
2023-01-20 22:56:46,823 - root - DEBUG - 4.5 Value: None
2023-01-20 22:56:46,823 - root - DEBUG - 4.5.1 Value: None
2023-01-20 22:56:46,823 - root - DEBUG - 4.5.1.1 Value: 174
2023-01-20 22:56:46,823 - root - DEBUG - 4.5.1.2 Value: 194
2023-01-20 22:56:46,823 - root - DEBUG - 4.5.1.3 Value: 224
2023-01-20 22:56:46,823 - root - DEBUG - 4.5.1.4 Value: 207
2023-01-20 22:56:46,823 - root - DEBUG - 4.5.1.5 Value: 18
2023-01-20 22:56:46,823 - root - DEBUG - 4.5.1.6 Value: 0
2023-01-20 22:56:46,823 - root - DEBUG - 4.5.1.7 Value: 0
2023-01-20 22:56:46,823 - root - DEBUG - 4.5.1.8 Value: 37
2023-01-20 22:56:46,823 - root - DEBUG - 4.5.1.9 Value: 10
2023-01-20 22:56:46,823 - root - DEBUG - 4.5.3 Value: 48
2023-01-20 22:56:46,823 - root - DEBUG - 4.7 Value: 0
2023-01-20 22:56:46,824 - root - DEBUG - 5 Value: None
2023-01-20 22:56:46,824 - root - DEBUG - 5.1 Value: None
2023-01-20 22:56:46,824 - root - DEBUG - 5.1.1 Value: None
2023-01-20 22:56:46,824 - root - DEBUG - 5.1.1.2 Value: None
2023-01-20 22:56:46,824 - root - DEBUG - 5.1.1.2.1 Value: 147
2023-01-20 22:56:46,824 - root - DEBUG - 5.1.1.2.2 Value: 110
2023-01-20 22:56:46,824 - root - DEBUG - 5.1.1.2.3 Value: 13
2023-01-20 22:56:46,824 - root - DEBUG - 5.1.1.2.4 Value: 12
2023-01-20 22:56:46,824 - root - DEBUG - 5.1.1.3 Value: None
2023-01-20 22:56:46,824 - root - DEBUG - 5.1.1.3.1 Value: 147
2023-01-20 22:56:46,824 - root - DEBUG - 5.1.1.3.2 Value: 110
2023-01-20 22:56:46,824 - root - DEBUG - 5.1.1.3.3 Value: 13
2023-01-20 22:56:46,824 - root - DEBUG - 5.1.1.3.4 Value: 12
2023-01-20 22:56:46,824 - root - DEBUG - 5.1.1.4 Value: None
2023-01-20 22:56:46,824 - root - DEBUG - 5.1.1.4.1 Value: 192
2023-01-20 22:56:46,824 - root - DEBUG - 5.1.1.4.2 Value: 109
2023-01-20 22:56:46,824 - root - DEBUG - 5.1.1.4.3 Value: 225
2023-01-20 22:56:46,824 - root - DEBUG - 5.1.1.4.4 Value: 127
2023-01-20 22:56:46,824 - root - DEBUG - 5.1.1.4.5 Value: 64
2023-01-20 22:56:46,825 - root - DEBUG - 5.1.1.4.6 Value: 0
2023-01-20 22:56:46,825 - root - DEBUG - 5.1.1.4.7 Value: 0
2023-01-20 22:56:46,825 - root - DEBUG - 5.1.1.4.8 Value: 25
2023-01-20 22:56:46,825 - root - DEBUG - 5.1.1.4.9 Value: 10
2023-01-20 22:56:46,825 - root - DEBUG - 5.1.4 Value: 1
2023-01-20 22:56:46,825 - root - DEBUG - 5.1.5 Value: 1
2023-01-20 22:56:46,825 - root - DEBUG - 5.1.6 Value: 0
2023-01-20 22:56:46,825 - root - DEBUG - 5.2 Value: None
2023-01-20 22:56:46,825 - root - DEBUG - 5.2.1 Value: 147
2023-01-20 22:56:46,826 - root - DEBUG - 5.2.2 Value: 65
2023-01-20 22:56:46,826 - root - DEBUG - 5.2.5 Value: 35
2023-01-20 22:56:46,826 - root - DEBUG - 5.2.6 Value: 36
2023-01-20 22:56:46,826 - root - DEBUG - 6 Value: None
2023-01-20 22:56:46,826 - root - DEBUG - 6.1 Value: None
2023-01-20 22:56:46,826 - root - DEBUG - 6.1.2 Value: None
2023-01-20 22:56:46,826 - root - DEBUG - 6.1.2.1 Value: 69
2023-01-20 22:56:46,826 - root - DEBUG - 6.1.2.2 Value: 141
2023-01-20 22:56:46,826 - root - DEBUG - 6.1.2.3 Value: 49
2023-01-20 22:56:46,826 - root - DEBUG - 6.1.2.4 Value: 26
2023-01-20 22:56:46,826 - root - DEBUG - 6.2 Value: None
2023-01-20 22:56:46,827 - root - DEBUG - 6.2.1 Value: None
2023-01-20 22:56:46,827 - root - DEBUG - 6.2.1.1 Value: None
2023-01-20 22:56:46,827 - root - DEBUG - 6.2.1.1.1 Value: 66
2023-01-20 22:56:46,827 - root - DEBUG - 6.2.1.1.2 Value: 175
2023-01-20 22:56:46,827 - root - DEBUG - 6.2.1.1.3 Value: 103
2023-01-20 22:56:46,827 - root - DEBUG - 6.2.1.1.4 Value: 177
2023-01-20 22:56:46,827 - root - DEBUG - 6.2.1.1.5 Value: 72
2023-01-20 22:56:46,827 - root - DEBUG - 6.2.1.1.6 Value: 0
2023-01-20 22:56:46,827 - root - DEBUG - 6.2.1.1.7 Value: 0
2023-01-20 22:56:46,827 - root - DEBUG - 6.2.1.1.8 Value: 37
2023-01-20 22:56:46,828 - root - DEBUG - 6.2.1.1.9 Value: 10
2023-01-20 22:56:46,828 - root - DEBUG - 6.2.1.2 Value: 75
2023-01-20 22:56:46,828 - root - DEBUG - 6.2.1.3 Value: 76
2023-01-20 22:56:46,828 - root - DEBUG - 6.2.1.5 Value: 47
2023-01-20 22:56:46,828 - root - DEBUG - 9 Value: None
2023-01-20 22:56:46,828 - root - DEBUG - 9.3 Value: None
2023-01-20 22:56:46,828 - root - DEBUG - 9.3.1 Value: 77
2023-01-20 22:56:46,828 - root - DEBUG - 9.3.2 Value: None
2023-01-20 22:56:46,828 - root - DEBUG - 9.3.2.1 Value: 236
2023-01-20 22:56:46,828 - root - DEBUG - 9.3.2.2 Value: 204
2023-01-20 22:56:46,828 - root - DEBUG - 9.3.2 Value: None
2023-01-20 22:56:46,828 - root - DEBUG - 9.3.2.1 Value: 227
2023-01-20 22:56:46,828 - root - DEBUG - 9.3.2.2 Value: 218
2023-01-20 22:56:46,829 - root - DEBUG - 9.3.2 Value: None
2023-01-20 22:56:46,829 - root - DEBUG - 9.3.2.1 Value: 216
2023-01-20 22:56:46,829 - root - DEBUG - 9.3.2.2 Value: 231
2023-01-20 22:56:46,829 - root - DEBUG - 9.3.2 Value: None
2023-01-20 22:56:46,829 - root - DEBUG - 9.3.2.1 Value: 203
2023-01-20 22:56:46,829 - root - DEBUG - 9.3.2.2 Value: 242
2023-01-20 22:56:46,829 - root - DEBUG - 9.3.2 Value: None
2023-01-20 22:56:46,829 - root - DEBUG - 9.3.2.1 Value: 188
2023-01-20 22:56:46,829 - root - DEBUG - 9.3.2.2 Value: 251
2023-01-20 22:56:46,829 - root - DEBUG - 20 Value: None
2023-01-20 22:56:46,829 - root - DEBUG - 20.2 Value: None
2023-01-20 22:56:46,829 - root - DEBUG - 20.2.1 Value: 151
2023-01-20 22:56:46,829 - root - DEBUG - 20.2.2 Value: 160
2023-01-20 22:56:46,830 - root - DEBUG - 20.3 Value: None
2023-01-20 22:56:46,830 - root - DEBUG - 20.3.1 Value: 82
2023-01-20 22:56:46,830 - root - DEBUG - 20.3.2 Value: 70
2023-01-20 22:56:46,830 - root - DEBUG - 20.4 Value: None
2023-01-20 22:56:46,830 - root - DEBUG - 20.4.1 Value: 83
2023-01-20 22:56:46,830 - root - DEBUG - 20.4.2 Value: 107
2023-01-20 22:56:46,830 - root - DEBUG - 20.5 Value: None
2023-01-20 22:56:46,830 - root - DEBUG - 20.5.1 Value: 84
2023-01-20 22:56:46,830 - root - DEBUG - 20.5.2 Value: 101
2023-01-20 22:56:46,830 - root - DEBUG - 20.5.4 Value: None
2023-01-20 22:56:46,830 - root - DEBUG - 20.5.4.1 Value: 142
2023-01-20 22:56:46,830 - root - DEBUG - 20.5.4.2 Value: 151
2023-01-20 22:56:46,830 - root - DEBUG - 20.5.4.3 Value: 85
2023-01-20 22:56:46,831 - root - DEBUG - 0-Info
2023-01-20 22:56:46,831 - root - DEBUG - 0.1-DeviceId
2023-01-20 22:56:46,831 - root - DEBUG - 2-Background
2023-01-20 22:56:46,831 - root - DEBUG - 2.1-Image
2023-01-20 22:56:46,831 - root - DEBUG - 2.1.1-X
2023-01-20 22:56:46,831 - root - DEBUG - 2.1.2-Y
2023-01-20 22:56:46,831 - root - DEBUG - 2.1.3-ImageIndex
2023-01-20 22:56:46,831 - root - DEBUG - 2.3-Preview
2023-01-20 22:56:46,831 - root - DEBUG - 2.3.1-X
2023-01-20 22:56:46,832 - root - DEBUG - 2.3.2-Y
2023-01-20 22:56:46,832 - root - DEBUG - 2.3.3-ImageIndex
2023-01-20 22:56:46,832 - root - DEBUG - 2.4-PreviewTradChinese
2023-01-20 22:56:46,832 - root - DEBUG - 2.4.1-X
2023-01-20 22:56:46,832 - root - DEBUG - 2.4.2-Y
2023-01-20 22:56:46,832 - root - DEBUG - 2.4.3-ImageIndex
2023-01-20 22:56:46,832 - root - DEBUG - 2.5-PreviewChinese
2023-01-20 22:56:46,832 - root - DEBUG - 2.5.1-X
2023-01-20 22:56:46,832 - root - DEBUG - 2.5.2-Y
2023-01-20 22:56:46,832 - root - DEBUG - 2.5.3-ImageIndex
2023-01-20 22:56:46,832 - root - DEBUG - 3-TimeExtended
2023-01-20 22:56:46,832 - root - DEBUG - 3.1-TimeSeparateDigits
2023-01-20 22:56:46,832 - root - DEBUG - 3.1.1-Hours
2023-01-20 22:56:46,832 - root - DEBUG - 3.1.1.1-Tens
2023-01-20 22:56:46,834 - root - DEBUG - 3.1.1.1.1-X
2023-01-20 22:56:46,834 - root - DEBUG - 3.1.1.1.2-Y
2023-01-20 22:56:46,834 - root - DEBUG - 3.1.1.1.3-ImageIndex
2023-01-20 22:56:46,834 - root - DEBUG - 3.1.1.1.4-ImagesCount
2023-01-20 22:56:46,834 - root - DEBUG - 3.1.1.2-Ones
2023-01-20 22:56:46,834 - root - DEBUG - 3.1.1.2.1-X
2023-01-20 22:56:46,834 - root - DEBUG - 3.1.1.2.2-Y
2023-01-20 22:56:46,834 - root - DEBUG - 3.1.1.2.3-ImageIndex
2023-01-20 22:56:46,834 - root - DEBUG - 3.1.1.2.4-ImagesCount
2023-01-20 22:56:46,835 - root - DEBUG - 3.1.2-Minutes
2023-01-20 22:56:46,835 - root - DEBUG - 3.1.2.1-Tens
2023-01-20 22:56:46,835 - root - DEBUG - 3.1.2.1.1-X
2023-01-20 22:56:46,835 - root - DEBUG - 3.1.2.1.2-Y
2023-01-20 22:56:46,835 - root - DEBUG - 3.1.2.1.3-ImageIndex
2023-01-20 22:56:46,835 - root - DEBUG - 3.1.2.1.4-ImagesCount
2023-01-20 22:56:46,835 - root - DEBUG - 3.1.2.2-Ones
2023-01-20 22:56:46,835 - root - DEBUG - 3.1.2.2.1-X
2023-01-20 22:56:46,835 - root - DEBUG - 3.1.2.2.2-Y
2023-01-20 22:56:46,836 - root - DEBUG - 3.1.2.2.3-ImageIndex
2023-01-20 22:56:46,836 - root - DEBUG - 3.1.2.2.4-ImagesCount
2023-01-20 22:56:46,836 - root - DEBUG - 3.1.5-SeparatorHours
2023-01-20 22:56:46,836 - root - DEBUG - 3.1.5.1-X
2023-01-20 22:56:46,836 - root - DEBUG - 3.1.5.2-Y
2023-01-20 22:56:46,836 - root - DEBUG - 3.1.5.3-ImageIndex
2023-01-20 22:56:46,836 - root - DEBUG - 3.1.7-PaddingZeroHours
2023-01-20 22:56:46,836 - root - DEBUG - 3.1.8-PaddingZeroMinutes
2023-01-20 22:56:46,836 - root - DEBUG - 4-Activity
2023-01-20 22:56:46,837 - root - DEBUG - 4.1-Steps
2023-01-20 22:56:46,837 - root - DEBUG - 4.1.1-ImageNumber
2023-01-20 22:56:46,837 - root - DEBUG - 4.1.1.1-TopLeftX
2023-01-20 22:56:46,837 - root - DEBUG - 4.1.1.2-TopLeftY
2023-01-20 22:56:46,837 - root - DEBUG - 4.1.1.3-BottomRightX
2023-01-20 22:56:46,837 - root - DEBUG - 4.1.1.4-BottomRightY
2023-01-20 22:56:46,837 - root - DEBUG - 4.1.1.5-Alignment
2023-01-20 22:56:46,837 - root - DEBUG - 4.1.1.6-Spacing
2023-01-20 22:56:46,837 - root - DEBUG - 4.1.1.7-VerticalOffset
2023-01-20 22:56:46,838 - root - DEBUG - 4.1.1.8-ImageIndex
2023-01-20 22:56:46,838 - root - DEBUG - 4.1.1.9-ImagesCount
2023-01-20 22:56:46,838 - root - DEBUG - 4.3-Calories
2023-01-20 22:56:46,838 - root - DEBUG - 4.3.1-ImageNumber
2023-01-20 22:56:46,838 - root - DEBUG - 4.3.1.1-TopLeftX
2023-01-20 22:56:46,838 - root - DEBUG - 4.3.1.2-TopLeftY
2023-01-20 22:56:46,838 - root - DEBUG - 4.3.1.3-BottomRightX
2023-01-20 22:56:46,838 - root - DEBUG - 4.3.1.4-BottomRightY
2023-01-20 22:56:46,839 - root - DEBUG - 4.3.1.5-Alignment
2023-01-20 22:56:46,839 - root - DEBUG - 4.3.1.6-Spacing
2023-01-20 22:56:46,839 - root - DEBUG - 4.3.1.7-VerticalOffset
2023-01-20 22:56:46,839 - root - DEBUG - 4.3.1.8-ImageIndex
2023-01-20 22:56:46,839 - root - DEBUG - 4.3.1.9-ImagesCount
2023-01-20 22:56:46,839 - root - DEBUG - 4.4-HeartRate
2023-01-20 22:56:46,839 - root - DEBUG - 4.4.1-ImageNumber
2023-01-20 22:56:46,839 - root - DEBUG - 4.4.1.1-TopLeftX
2023-01-20 22:56:46,839 - root - DEBUG - 4.4.1.2-TopLeftY
2023-01-20 22:56:46,840 - root - DEBUG - 4.4.1.3-BottomRightX
2023-01-20 22:56:46,840 - root - DEBUG - 4.4.1.4-BottomRightY
2023-01-20 22:56:46,840 - root - DEBUG - 4.4.1.5-Alignment
2023-01-20 22:56:46,840 - root - DEBUG - 4.4.1.6-Spacing
2023-01-20 22:56:46,840 - root - DEBUG - 4.4.1.7-VerticalOffset
2023-01-20 22:56:46,840 - root - DEBUG - 4.4.1.8-ImageIndex
2023-01-20 22:56:46,840 - root - DEBUG - 4.4.1.9-ImagesCount
2023-01-20 22:56:46,840 - root - DEBUG - 4.4.3-NoDataImageIndex
2023-01-20 22:56:46,841 - root - DEBUG - 4.5-Distance
2023-01-20 22:56:46,841 - root - DEBUG - 4.5.1-ImageNumber
2023-01-20 22:56:46,841 - root - DEBUG - 4.5.1.1-TopLeftX
2023-01-20 22:56:46,841 - root - DEBUG - 4.5.1.2-TopLeftY
2023-01-20 22:56:46,841 - root - DEBUG - 4.5.1.3-BottomRightX
2023-01-20 22:56:46,841 - root - DEBUG - 4.5.1.4-BottomRightY
2023-01-20 22:56:46,841 - root - DEBUG - 4.5.1.5-Alignment
2023-01-20 22:56:46,841 - root - DEBUG - 4.5.1.6-Spacing
2023-01-20 22:56:46,842 - root - DEBUG - 4.5.1.7-VerticalOffset
2023-01-20 22:56:46,842 - root - DEBUG - 4.5.1.8-ImageIndex
2023-01-20 22:56:46,842 - root - DEBUG - 4.5.1.9-ImagesCount
2023-01-20 22:56:46,842 - root - DEBUG - 4.5.3-DecimalPointImageIndex
2023-01-20 22:56:46,842 - root - DEBUG - 4.7-UnknownLongValue7
2023-01-20 22:56:46,842 - root - DEBUG - 5-DateBlock
2023-01-20 22:56:46,842 - root - DEBUG - 5.1-Date
2023-01-20 22:56:46,842 - root - DEBUG - 5.1.1-MonthAndDayAlt
2023-01-20 22:56:46,842 - root - DEBUG - 5.1.1.2-MonthAsWord
2023-01-20 22:56:46,843 - root - DEBUG - 5.1.1.2.1-X
2023-01-20 22:56:46,843 - root - DEBUG - 5.1.1.2.2-Y
2023-01-20 22:56:46,843 - root - DEBUG - 5.1.1.2.3-ImageIndex
2023-01-20 22:56:46,843 - root - DEBUG - 5.1.1.2.4-ImagesCount
2023-01-20 22:56:46,843 - root - DEBUG - 5.1.1.3-MonthAsWordChinese
2023-01-20 22:56:46,843 - root - DEBUG - 5.1.1.3.1-X
2023-01-20 22:56:46,843 - root - DEBUG - 5.1.1.3.2-Y
2023-01-20 22:56:46,843 - root - DEBUG - 5.1.1.3.3-ImageIndex
2023-01-20 22:56:46,843 - root - DEBUG - 5.1.1.3.4-ImagesCount
2023-01-20 22:56:46,844 - root - DEBUG - 5.1.1.4-Day
2023-01-20 22:56:46,844 - root - DEBUG - 5.1.1.4.1-TopLeftX
2023-01-20 22:56:46,844 - root - DEBUG - 5.1.1.4.2-TopLeftY
2023-01-20 22:56:46,844 - root - DEBUG - 5.1.1.4.3-BottomRightX
2023-01-20 22:56:46,844 - root - DEBUG - 5.1.1.4.4-BottomRightY
2023-01-20 22:56:46,844 - root - DEBUG - 5.1.1.4.5-Alignment
2023-01-20 22:56:46,844 - root - DEBUG - 5.1.1.4.6-Spacing
2023-01-20 22:56:46,844 - root - DEBUG - 5.1.1.4.7-VerticalOffset
2023-01-20 22:56:46,844 - root - DEBUG - 5.1.1.4.8-ImageIndex
2023-01-20 22:56:46,844 - root - DEBUG - 5.1.1.4.9-ImagesCount
2023-01-20 22:56:46,844 - root - DEBUG - 5.1.4-PaddingZeroMonth
2023-01-20 22:56:46,844 - root - DEBUG - 5.1.5-PaddingZeroDay
2023-01-20 22:56:46,844 - root - DEBUG - 5.1.6-UnknownBoolean6
2023-01-20 22:56:46,844 - root - DEBUG - 5.2-AmPm
2023-01-20 22:56:46,845 - root - DEBUG - 5.2.1-CommonX
2023-01-20 22:56:46,845 - root - DEBUG - 5.2.2-CommonY
2023-01-20 22:56:46,845 - root - DEBUG - 5.2.5-AmImageIndexEN
2023-01-20 22:56:46,845 - root - DEBUG - 5.2.6-PmImageIndexEN
2023-01-20 22:56:46,845 - root - DEBUG - 6-Weather
2023-01-20 22:56:46,845 - root - DEBUG - 6.1-Icon
2023-01-20 22:56:46,845 - root - DEBUG - 6.1.2-Images
2023-01-20 22:56:46,845 - root - DEBUG - 6.1.2.1-X
2023-01-20 22:56:46,845 - root - DEBUG - 6.1.2.2-Y
2023-01-20 22:56:46,846 - root - DEBUG - 6.1.2.3-ImageIndex
2023-01-20 22:56:46,846 - root - DEBUG - 6.1.2.4-ImagesCount
2023-01-20 22:56:46,846 - root - DEBUG - 6.2-Temperature
2023-01-20 22:56:46,846 - root - DEBUG - 6.2.1-Current
2023-01-20 22:56:46,846 - root - DEBUG - 6.2.1.1-ImageNumber
2023-01-20 22:56:46,846 - root - DEBUG - 6.2.1.1.1-TopLeftX
2023-01-20 22:56:46,846 - root - DEBUG - 6.2.1.1.2-TopLeftY
2023-01-20 22:56:46,846 - root - DEBUG - 6.2.1.1.3-BottomRightX
2023-01-20 22:56:46,847 - root - DEBUG - 6.2.1.1.4-BottomRightY
2023-01-20 22:56:46,847 - root - DEBUG - 6.2.1.1.5-Alignment
2023-01-20 22:56:46,847 - root - DEBUG - 6.2.1.1.6-Spacing
2023-01-20 22:56:46,847 - root - DEBUG - 6.2.1.1.7-VerticalOffset
2023-01-20 22:56:46,847 - root - DEBUG - 6.2.1.1.8-ImageIndex
2023-01-20 22:56:46,847 - root - DEBUG - 6.2.1.1.9-ImagesCount
2023-01-20 22:56:46,847 - root - DEBUG - 6.2.1.2-MinusImageIndex
2023-01-20 22:56:46,847 - root - DEBUG - 6.2.1.3-SuffixImageIndexC
2023-01-20 22:56:46,847 - root - DEBUG - 6.2.1.5-NoDataImageIndex
2023-01-20 22:56:46,848 - root - DEBUG - 9-Battery
2023-01-20 22:56:46,848 - root - DEBUG - 9.3-IconSetProgress
2023-01-20 22:56:46,848 - root - DEBUG - 9.3.1-ImageIndex
2023-01-20 22:56:46,848 - root - DEBUG - 9.3.2-Coordinates
2023-01-20 22:56:46,848 - root - DEBUG - 9.3.2.1-X
2023-01-20 22:56:46,848 - root - DEBUG - 9.3.2.2-Y
2023-01-20 22:56:46,848 - root - DEBUG - 9.3.2-Coordinates
2023-01-20 22:56:46,848 - root - DEBUG - 9.3.2.1-X
2023-01-20 22:56:46,848 - root - DEBUG - 9.3.2.2-Y
2023-01-20 22:56:46,848 - root - DEBUG - 9.3.2-Coordinates
2023-01-20 22:56:46,849 - root - DEBUG - 9.3.2.1-X
2023-01-20 22:56:46,849 - root - DEBUG - 9.3.2.2-Y
2023-01-20 22:56:46,849 - root - DEBUG - 9.3.2-Coordinates
2023-01-20 22:56:46,849 - root - DEBUG - 9.3.2.1-X
2023-01-20 22:56:46,849 - root - DEBUG - 9.3.2.2-Y
2023-01-20 22:56:46,849 - root - DEBUG - 9.3.2-Coordinates
2023-01-20 22:56:46,849 - root - DEBUG - 9.3.2.1-X
2023-01-20 22:56:46,849 - root - DEBUG - 9.3.2.2-Y
2023-01-20 22:56:46,849 - root - DEBUG - 20-TimeAnalog
2023-01-20 22:56:46,850 - root - DEBUG - 20.2-CommonCenterCoordinates
2023-01-20 22:56:46,850 - root - DEBUG - 20.2.1-X
2023-01-20 22:56:46,850 - root - DEBUG - 20.2.2-Y
2023-01-20 22:56:46,850 - root - DEBUG - 20.3-Hours
2023-01-20 22:56:46,850 - root - DEBUG - 20.3.1-ImageIndex
2023-01-20 22:56:46,850 - root - DEBUG - 20.3.2-PointerCenterOfRotationY
2023-01-20 22:56:46,850 - root - DEBUG - 20.4-Minutes
2023-01-20 22:56:46,850 - root - DEBUG - 20.4.1-ImageIndex
2023-01-20 22:56:46,850 - root - DEBUG - 20.4.2-PointerCenterOfRotationY
2023-01-20 22:56:46,851 - root - DEBUG - 20.5-Seconds
2023-01-20 22:56:46,851 - root - DEBUG - 20.5.1-ImageIndex
2023-01-20 22:56:46,851 - root - DEBUG - 20.5.2-PointerCenterOfRotationY
2023-01-20 22:56:46,851 - root - DEBUG - 20.5.4-CoverImage
2023-01-20 22:56:46,851 - root - DEBUG - 20.5.4.1-X
2023-01-20 22:56:46,851 - root - DEBUG - 20.5.4.2-Y
2023-01-20 22:56:46,851 - root - DEBUG - 20.5.4.3-ImageIndex
2023-01-20 22:56:46,851 - root - DEBUG - generatePreviews
2023-01-20 22:56:46,851 - root - DEBUG - Generating previews...
2023-01-20 22:56:46,853 - root - DEBUG - Generating states done...
2023-01-20 22:56:46,862 - root - DEBUG - >>>>>>>>>>>> 0 <watchFaceParser.models.parameter.Parameter object at 0x00000211E2854400>
2023-01-20 22:56:46,862 - root - DEBUG - >>>>>>>>>>>> 2 <watchFaceParser.models.parameter.Parameter object at 0x00000211E284B3D0>
2023-01-20 22:56:46,868 - root - DEBUG - >>>>>>>>>>>> 3 <watchFaceParser.models.parameter.Parameter object at 0x00000211E284B040>
2023-01-20 22:56:46,874 - root - DEBUG - >>>>>>>>>>>> 4 <watchFaceParser.models.parameter.Parameter object at 0x00000211E284C820>
2023-01-20 22:56:46,885 - root - DEBUG - >>>>>>>>>>>> 5 <watchFaceParser.models.parameter.Parameter object at 0x00000211E284EDC0>
2023-01-20 22:56:46,891 - root - DEBUG - >>>>>>>>>>>> 6 <watchFaceParser.models.parameter.Parameter object at 0x00000211E284FBE0>
2023-01-20 22:56:46,897 - root - DEBUG - >>>>>>>>>>>> 9 <watchFaceParser.models.parameter.Parameter object at 0x00000211E2851610>
2023-01-20 22:56:46,908 - root - DEBUG - >>>>>>>>>>>> 20 <watchFaceParser.models.parameter.Parameter object at 0x00000211E2851670>
2023-01-20 22:56:46,951 - root - DEBUG - Generating static preview gen done...
2023-01-20 22:56:47,039 - root - DEBUG - Generating static preview save done...
2023-01-20 22:56:47,039 - root - DEBUG - Generating anim preview gen done...
2023-01-20 22:56:47,039 - root - DEBUG - >>>>>>>>>>>> 0 <watchFaceParser.models.parameter.Parameter object at 0x00000211E2854400>
2023-01-20 22:56:47,039 - root - DEBUG - >>>>>>>>>>>> 2 <watchFaceParser.models.parameter.Parameter object at 0x00000211E284B3D0>
2023-01-20 22:56:47,039 - root - DEBUG - >>>>>>>>>>>> 3 <watchFaceParser.models.parameter.Parameter object at 0x00000211E284B040>
2023-01-20 22:56:47,039 - root - DEBUG - >>>>>>>>>>>> 4 <watchFaceParser.models.parameter.Parameter object at 0x00000211E284C820>
2023-01-20 22:56:47,040 - root - DEBUG - >>>>>>>>>>>> 5 <watchFaceParser.models.parameter.Parameter object at 0x00000211E284EDC0>
2023-01-20 22:56:47,040 - root - DEBUG - >>>>>>>>>>>> 6 <watchFaceParser.models.parameter.Parameter object at 0x00000211E284FBE0>
2023-01-20 22:56:47,040 - root - DEBUG - >>>>>>>>>>>> 9 <watchFaceParser.models.parameter.Parameter object at 0x00000211E2851610>
2023-01-20 22:56:47,040 - root - DEBUG - >>>>>>>>>>>> 20 <watchFaceParser.models.parameter.Parameter object at 0x00000211E2851670>
2023-01-20 22:56:47,580 - root - DEBUG - generatePreviews done
2023-01-20 22:56:47,580 - root - DEBUG - Exporting resources to 'E:\Codez\zepp-bipupro-wf\af7578225f1d615e5f16f12fd97112c0'
2023-01-20 22:56:47,582 - root - DEBUG - extracting E:\Codez\zepp-bipupro-wf\af7578225f1d615e5f16f12fd97112c0\0000.png...
2023-01-20 22:56:47,614 - root - DEBUG - extracting E:\Codez\zepp-bipupro-wf\af7578225f1d615e5f16f12fd97112c0\0001.png...
2023-01-20 22:56:47,631 - root - DEBUG - extracting E:\Codez\zepp-bipupro-wf\af7578225f1d615e5f16f12fd97112c0\0002.png...
2023-01-20 22:56:47,632 - root - DEBUG - extracting E:\Codez\zepp-bipupro-wf\af7578225f1d615e5f16f12fd97112c0\0003.png...
2023-01-20 22:56:47,633 - root - DEBUG - extracting E:\Codez\zepp-bipupro-wf\af7578225f1d615e5f16f12fd97112c0\0004.png...
2023-01-20 22:56:47,634 - root - DEBUG - extracting E:\Codez\zepp-bipupro-wf\af7578225f1d615e5f16f12fd97112c0\0005.png...
2023-01-20 22:56:47,634 - root - DEBUG - extracting E:\Codez\zepp-bipupro-wf\af7578225f1d615e5f16f12fd97112c0\0006.png...
2023-01-20 22:56:47,635 - root - DEBUG - extracting E:\Codez\zepp-bipupro-wf\af7578225f1d615e5f16f12fd97112c0\0007.png...
2023-01-20 22:56:47,636 - root - DEBUG - extracting E:\Codez\zepp-bipupro-wf\af7578225f1d615e5f16f12fd97112c0\0008.png...
2023-01-20 22:56:47,637 - root - DEBUG - extracting E:\Codez\zepp-bipupro-wf\af7578225f1d615e5f16f12fd97112c0\0009.png...
2023-01-20 22:56:47,638 - root - DEBUG - extracting E:\Codez\zepp-bipupro-wf\af7578225f1d615e5f16f12fd97112c0\0010.png...
2023-01-20 22:56:47,639 - root - DEBUG - extracting E:\Codez\zepp-bipupro-wf\af7578225f1d615e5f16f12fd97112c0\0011.png...
2023-01-20 22:56:47,640 - root - DEBUG - extracting E:\Codez\zepp-bipupro-wf\af7578225f1d615e5f16f12fd97112c0\0012.png...
2023-01-20 22:56:47,641 - root - DEBUG - extracting E:\Codez\zepp-bipupro-wf\af7578225f1d615e5f16f12fd97112c0\0013.png...
2023-01-20 22:56:47,642 - root - DEBUG - extracting E:\Codez\zepp-bipupro-wf\af7578225f1d615e5f16f12fd97112c0\0014.png...
2023-01-20 22:56:47,643 - root - DEBUG - extracting E:\Codez\zepp-bipupro-wf\af7578225f1d615e5f16f12fd97112c0\0015.png...
2023-01-20 22:56:47,644 - root - DEBUG - extracting E:\Codez\zepp-bipupro-wf\af7578225f1d615e5f16f12fd97112c0\0016.png...
2023-01-20 22:56:47,644 - root - DEBUG - extracting E:\Codez\zepp-bipupro-wf\af7578225f1d615e5f16f12fd97112c0\0017.png...
2023-01-20 22:56:47,646 - root - DEBUG - extracting E:\Codez\zepp-bipupro-wf\af7578225f1d615e5f16f12fd97112c0\0018.png...
2023-01-20 22:56:47,646 - root - DEBUG - extracting E:\Codez\zepp-bipupro-wf\af7578225f1d615e5f16f12fd97112c0\0019.png...
2023-01-20 22:56:47,647 - root - DEBUG - extracting E:\Codez\zepp-bipupro-wf\af7578225f1d615e5f16f12fd97112c0\0020.png...
2023-01-20 22:56:47,648 - root - DEBUG - extracting E:\Codez\zepp-bipupro-wf\af7578225f1d615e5f16f12fd97112c0\0021.png...
2023-01-20 22:56:47,649 - root - DEBUG - extracting E:\Codez\zepp-bipupro-wf\af7578225f1d615e5f16f12fd97112c0\0022.png...
2023-01-20 22:56:47,650 - root - DEBUG - extracting E:\Codez\zepp-bipupro-wf\af7578225f1d615e5f16f12fd97112c0\0023.png...
2023-01-20 22:56:47,651 - root - DEBUG - extracting E:\Codez\zepp-bipupro-wf\af7578225f1d615e5f16f12fd97112c0\0024.png...
2023-01-20 22:56:47,652 - root - DEBUG - extracting E:\Codez\zepp-bipupro-wf\af7578225f1d615e5f16f12fd97112c0\0025.png...
2023-01-20 22:56:47,653 - root - DEBUG - extracting E:\Codez\zepp-bipupro-wf\af7578225f1d615e5f16f12fd97112c0\0026.png...
2023-01-20 22:56:47,654 - root - DEBUG - extracting E:\Codez\zepp-bipupro-wf\af7578225f1d615e5f16f12fd97112c0\0027.png...
2023-01-20 22:56:47,654 - root - DEBUG - extracting E:\Codez\zepp-bipupro-wf\af7578225f1d615e5f16f12fd97112c0\0028.png...
2023-01-20 22:56:47,655 - root - DEBUG - extracting E:\Codez\zepp-bipupro-wf\af7578225f1d615e5f16f12fd97112c0\0029.png...
2023-01-20 22:56:47,656 - root - DEBUG - extracting E:\Codez\zepp-bipupro-wf\af7578225f1d615e5f16f12fd97112c0\0030.png...
2023-01-20 22:56:47,656 - root - DEBUG - extracting E:\Codez\zepp-bipupro-wf\af7578225f1d615e5f16f12fd97112c0\0031.png...
2023-01-20 22:56:47,657 - root - DEBUG - extracting E:\Codez\zepp-bipupro-wf\af7578225f1d615e5f16f12fd97112c0\0032.png...
2023-01-20 22:56:47,658 - root - DEBUG - extracting E:\Codez\zepp-bipupro-wf\af7578225f1d615e5f16f12fd97112c0\0033.png...
2023-01-20 22:56:47,659 - root - DEBUG - extracting E:\Codez\zepp-bipupro-wf\af7578225f1d615e5f16f12fd97112c0\0034.png...
2023-01-20 22:56:47,659 - root - DEBUG - extracting E:\Codez\zepp-bipupro-wf\af7578225f1d615e5f16f12fd97112c0\0035.png...
2023-01-20 22:56:47,660 - root - DEBUG - extracting E:\Codez\zepp-bipupro-wf\af7578225f1d615e5f16f12fd97112c0\0036.png...
2023-01-20 22:56:47,661 - root - DEBUG - extracting E:\Codez\zepp-bipupro-wf\af7578225f1d615e5f16f12fd97112c0\0037.png...
2023-01-20 22:56:47,662 - root - DEBUG - extracting E:\Codez\zepp-bipupro-wf\af7578225f1d615e5f16f12fd97112c0\0038.png...
2023-01-20 22:56:47,662 - root - DEBUG - extracting E:\Codez\zepp-bipupro-wf\af7578225f1d615e5f16f12fd97112c0\0039.png...
2023-01-20 22:56:47,664 - root - DEBUG - extracting E:\Codez\zepp-bipupro-wf\af7578225f1d615e5f16f12fd97112c0\0040.png...
2023-01-20 22:56:47,665 - root - DEBUG - extracting E:\Codez\zepp-bipupro-wf\af7578225f1d615e5f16f12fd97112c0\0041.png...
2023-01-20 22:56:47,666 - root - DEBUG - extracting E:\Codez\zepp-bipupro-wf\af7578225f1d615e5f16f12fd97112c0\0042.png...
2023-01-20 22:56:47,667 - root - DEBUG - extracting E:\Codez\zepp-bipupro-wf\af7578225f1d615e5f16f12fd97112c0\0043.png...
2023-01-20 22:56:47,668 - root - DEBUG - extracting E:\Codez\zepp-bipupro-wf\af7578225f1d615e5f16f12fd97112c0\0044.png...
2023-01-20 22:56:47,669 - root - DEBUG - extracting E:\Codez\zepp-bipupro-wf\af7578225f1d615e5f16f12fd97112c0\0045.png...
2023-01-20 22:56:47,670 - root - DEBUG - extracting E:\Codez\zepp-bipupro-wf\af7578225f1d615e5f16f12fd97112c0\0046.png...
2023-01-20 22:56:47,671 - root - DEBUG - extracting E:\Codez\zepp-bipupro-wf\af7578225f1d615e5f16f12fd97112c0\0047.png...
2023-01-20 22:56:47,672 - root - DEBUG - extracting E:\Codez\zepp-bipupro-wf\af7578225f1d615e5f16f12fd97112c0\0048.png...
2023-01-20 22:56:47,673 - root - DEBUG - extracting E:\Codez\zepp-bipupro-wf\af7578225f1d615e5f16f12fd97112c0\0049.png...
2023-01-20 22:56:47,674 - root - DEBUG - extracting E:\Codez\zepp-bipupro-wf\af7578225f1d615e5f16f12fd97112c0\0050.png...
2023-01-20 22:56:47,674 - root - DEBUG - extracting E:\Codez\zepp-bipupro-wf\af7578225f1d615e5f16f12fd97112c0\0051.png...
2023-01-20 22:56:47,675 - root - DEBUG - extracting E:\Codez\zepp-bipupro-wf\af7578225f1d615e5f16f12fd97112c0\0052.png...
2023-01-20 22:56:47,676 - root - DEBUG - extracting E:\Codez\zepp-bipupro-wf\af7578225f1d615e5f16f12fd97112c0\0053.png...
2023-01-20 22:56:47,677 - root - DEBUG - extracting E:\Codez\zepp-bipupro-wf\af7578225f1d615e5f16f12fd97112c0\0054.png...
2023-01-20 22:56:47,678 - root - DEBUG - extracting E:\Codez\zepp-bipupro-wf\af7578225f1d615e5f16f12fd97112c0\0055.png...
2023-01-20 22:56:47,678 - root - DEBUG - extracting E:\Codez\zepp-bipupro-wf\af7578225f1d615e5f16f12fd97112c0\0056.png...
2023-01-20 22:56:47,679 - root - DEBUG - extracting E:\Codez\zepp-bipupro-wf\af7578225f1d615e5f16f12fd97112c0\0057.png...
2023-01-20 22:56:47,680 - root - DEBUG - extracting E:\Codez\zepp-bipupro-wf\af7578225f1d615e5f16f12fd97112c0\0058.png...
2023-01-20 22:56:47,681 - root - DEBUG - extracting E:\Codez\zepp-bipupro-wf\af7578225f1d615e5f16f12fd97112c0\0059.png...
2023-01-20 22:56:47,682 - root - DEBUG - extracting E:\Codez\zepp-bipupro-wf\af7578225f1d615e5f16f12fd97112c0\0060.png...
2023-01-20 22:56:47,682 - root - DEBUG - extracting E:\Codez\zepp-bipupro-wf\af7578225f1d615e5f16f12fd97112c0\0061.png...
2023-01-20 22:56:47,684 - root - DEBUG - extracting E:\Codez\zepp-bipupro-wf\af7578225f1d615e5f16f12fd97112c0\0062.png...
2023-01-20 22:56:47,685 - root - DEBUG - extracting E:\Codez\zepp-bipupro-wf\af7578225f1d615e5f16f12fd97112c0\0063.png...
2023-01-20 22:56:47,686 - root - DEBUG - extracting E:\Codez\zepp-bipupro-wf\af7578225f1d615e5f16f12fd97112c0\0064.png...
2023-01-20 22:56:47,686 - root - DEBUG - extracting E:\Codez\zepp-bipupro-wf\af7578225f1d615e5f16f12fd97112c0\0065.png...
2023-01-20 22:56:47,687 - root - DEBUG - extracting E:\Codez\zepp-bipupro-wf\af7578225f1d615e5f16f12fd97112c0\0066.png...
2023-01-20 22:56:47,688 - root - DEBUG - extracting E:\Codez\zepp-bipupro-wf\af7578225f1d615e5f16f12fd97112c0\0067.png...
2023-01-20 22:56:47,689 - root - DEBUG - extracting E:\Codez\zepp-bipupro-wf\af7578225f1d615e5f16f12fd97112c0\0068.png...
2023-01-20 22:56:47,690 - root - DEBUG - extracting E:\Codez\zepp-bipupro-wf\af7578225f1d615e5f16f12fd97112c0\0069.png...
2023-01-20 22:56:47,691 - root - DEBUG - extracting E:\Codez\zepp-bipupro-wf\af7578225f1d615e5f16f12fd97112c0\0070.png...
2023-01-20 22:56:47,691 - root - DEBUG - extracting E:\Codez\zepp-bipupro-wf\af7578225f1d615e5f16f12fd97112c0\0071.png...
2023-01-20 22:56:47,692 - root - DEBUG - extracting E:\Codez\zepp-bipupro-wf\af7578225f1d615e5f16f12fd97112c0\0072.png...
2023-01-20 22:56:47,693 - root - DEBUG - extracting E:\Codez\zepp-bipupro-wf\af7578225f1d615e5f16f12fd97112c0\0073.png...
2023-01-20 22:56:47,694 - root - DEBUG - extracting E:\Codez\zepp-bipupro-wf\af7578225f1d615e5f16f12fd97112c0\0074.png...
2023-01-20 22:56:47,694 - root - DEBUG - extracting E:\Codez\zepp-bipupro-wf\af7578225f1d615e5f16f12fd97112c0\0075.png...
2023-01-20 22:56:47,695 - root - DEBUG - extracting E:\Codez\zepp-bipupro-wf\af7578225f1d615e5f16f12fd97112c0\0076.png...
2023-01-20 22:56:47,696 - root - DEBUG - extracting E:\Codez\zepp-bipupro-wf\af7578225f1d615e5f16f12fd97112c0\0077.png...
2023-01-20 22:56:47,696 - root - DEBUG - extracting E:\Codez\zepp-bipupro-wf\af7578225f1d615e5f16f12fd97112c0\0078.png...
2023-01-20 22:56:47,697 - root - DEBUG - extracting E:\Codez\zepp-bipupro-wf\af7578225f1d615e5f16f12fd97112c0\0079.png...
2023-01-20 22:56:47,698 - root - DEBUG - extracting E:\Codez\zepp-bipupro-wf\af7578225f1d615e5f16f12fd97112c0\0080.png...
2023-01-20 22:56:47,699 - root - DEBUG - extracting E:\Codez\zepp-bipupro-wf\af7578225f1d615e5f16f12fd97112c0\0081.png...
2023-01-20 22:56:47,699 - root - DEBUG - extracting E:\Codez\zepp-bipupro-wf\af7578225f1d615e5f16f12fd97112c0\0082.png...
2023-01-20 22:56:47,700 - root - DEBUG - extracting E:\Codez\zepp-bipupro-wf\af7578225f1d615e5f16f12fd97112c0\0083.png...
2023-01-20 22:56:47,702 - root - DEBUG - extracting E:\Codez\zepp-bipupro-wf\af7578225f1d615e5f16f12fd97112c0\0084.png...
2023-01-20 22:56:47,703 - root - DEBUG - extracting E:\Codez\zepp-bipupro-wf\af7578225f1d615e5f16f12fd97112c0\0085.png...
2023-01-20 22:56:47,704 - root - DEBUG - Exporting config...
