2023-07-09 18:40:25,088 - root - DEBUG - Opening watch face 'E:\Codez\zepp-bipupro-wf\435275400fce6f8dbcf05152fbac81db.bin'
2023-07-09 18:40:25,108 - root - DEBUG - Reading parameters...
2023-07-09 18:40:25,108 - root - INFO - Reading header...
2023-07-09 18:40:25,108 - root - INFO - Header was read:
2023-07-09 18:40:25,108 - root - INFO - Signature: b'UIHH\x01\x00\xff', Unknown: 58, ParametersSize: 46, isValid: True, deviceId: 71
2023-07-09 18:40:25,108 - root - INFO - Reading parameter offsets...
2023-07-09 18:40:25,108 - root - INFO - Parameter offsets were read from file
2023-07-09 18:40:25,108 - root - INFO - Reading parameters descriptor...
2023-07-09 18:40:25,108 - root - INFO - 1 ( A): 5 bytes
2023-07-09 18:40:25,108 - root - INFO -     1 ( 8): 204 CC
2023-07-09 18:40:25,108 - root - INFO -     2 (10): 58 3A
2023-07-09 18:40:25,108 - root - INFO - getParameters descriptor was read:
2023-07-09 18:40:25,108 - root - INFO - ParametersTableLength: 204, ImagesCount: 58
2023-07-09 18:40:25,108 - root - INFO - Reading parameters locations...
2023-07-09 18:40:25,108 - root - INFO - 2 (12): 4 bytes
2023-07-09 18:40:25,108 - root - INFO -     1 ( 8): 0  0
2023-07-09 18:40:25,108 - root - INFO -     2 (10): 26 1A
2023-07-09 18:40:25,108 - root - INFO - 3 (1A): 4 bytes
2023-07-09 18:40:25,108 - root - INFO -     1 ( 8): 26 1A
2023-07-09 18:40:25,108 - root - INFO -     2 (10): 58 3A
2023-07-09 18:40:25,108 - root - INFO - 4 (22): 4 bytes
2023-07-09 18:40:25,108 - root - INFO -     1 ( 8): 120 78
2023-07-09 18:40:25,108 - root - INFO -     2 (10): 55 37
2023-07-09 18:40:25,108 - root - INFO - 5 (2A): 4 bytes
2023-07-09 18:40:25,108 - root - INFO -     1 ( 8): 84 54
2023-07-09 18:40:25,108 - root - INFO -     2 (10): 36 24
2023-07-09 18:40:25,108 - root - INFO - 9 (4A): 5 bytes
2023-07-09 18:40:25,108 - root - INFO -     1 ( 8): 175 AF
2023-07-09 18:40:25,108 - root - INFO -     2 (10): 11  B
2023-07-09 18:40:25,108 - root - INFO - 23 (BA): 5 bytes
2023-07-09 18:40:25,108 - root - INFO -     1 ( 8): 186 BA
2023-07-09 18:40:25,108 - root - INFO -     2 (10): 18 12
2023-07-09 18:40:25,108 - root - INFO - Watch face parameters locations were read:
2023-07-09 18:40:25,108 - root - INFO - Reading descriptor for parameter 2
2023-07-09 18:40:25,108 - root - INFO - Descriptor offset: 0, Descriptor length: 26
2023-07-09 18:40:25,108 - root - INFO - Parsing descriptor for parameter 2...
2023-07-09 18:40:25,108 - root - INFO - 2 (10): 0  0
2023-07-09 18:40:25,108 - root - INFO - 3 (1A): 6 bytes
2023-07-09 18:40:25,108 - root - INFO -     1 ( 8): 0  0
2023-07-09 18:40:25,108 - root - INFO -     2 (10): 0  0
2023-07-09 18:40:25,108 - root - INFO -     3 (18): 0  0
2023-07-09 18:40:25,108 - root - INFO - 4 (22): 6 bytes
2023-07-09 18:40:25,108 - root - INFO -     1 ( 8): 0  0
2023-07-09 18:40:25,108 - root - INFO -     2 (10): 0  0
2023-07-09 18:40:25,108 - root - INFO -     3 (18): 0  0
2023-07-09 18:40:25,108 - root - INFO - 5 (2A): 6 bytes
2023-07-09 18:40:25,108 - root - INFO -     1 ( 8): 0  0
2023-07-09 18:40:25,108 - root - INFO -     2 (10): 0  0
2023-07-09 18:40:25,108 - root - INFO -     3 (18): 0  0
2023-07-09 18:40:25,118 - root - INFO - Reading descriptor for parameter 3
2023-07-09 18:40:25,118 - root - INFO - Descriptor offset: 26, Descriptor length: 58
2023-07-09 18:40:25,118 - root - INFO - Parsing descriptor for parameter 3...
2023-07-09 18:40:25,118 - root - INFO - 1 ( A): 56 bytes
2023-07-09 18:40:25,118 - root - INFO -     1 ( A): 20 bytes
2023-07-09 18:40:25,118 - root - INFO -         1 ( A): 8 bytes
2023-07-09 18:40:25,118 - root - INFO -             1 ( 8): 18 12
2023-07-09 18:40:25,118 - root - INFO -             2 (10): 19 13
2023-07-09 18:40:25,118 - root - INFO -             3 (18): 1  1
2023-07-09 18:40:25,118 - root - INFO -             4 (20): 10  A
2023-07-09 18:40:25,118 - root - INFO -         2 (12): 8 bytes
2023-07-09 18:40:25,118 - root - INFO -             1 ( 8): 38 26
2023-07-09 18:40:25,118 - root - INFO -             2 (10): 19 13
2023-07-09 18:40:25,118 - root - INFO -             3 (18): 1  1
2023-07-09 18:40:25,118 - root - INFO -             4 (20): 10  A
2023-07-09 18:40:25,118 - root - INFO -     2 (12): 20 bytes
2023-07-09 18:40:25,118 - root - INFO -         1 ( A): 8 bytes
2023-07-09 18:40:25,118 - root - INFO -             1 ( 8): 66 42
2023-07-09 18:40:25,118 - root - INFO -             2 (10): 19 13
2023-07-09 18:40:25,118 - root - INFO -             3 (18): 1  1
2023-07-09 18:40:25,118 - root - INFO -             4 (20): 10  A
2023-07-09 18:40:25,118 - root - INFO -         2 (12): 8 bytes
2023-07-09 18:40:25,118 - root - INFO -             1 ( 8): 86 56
2023-07-09 18:40:25,118 - root - INFO -             2 (10): 19 13
2023-07-09 18:40:25,118 - root - INFO -             3 (18): 1  1
2023-07-09 18:40:25,118 - root - INFO -             4 (20): 10  A
2023-07-09 18:40:25,118 - root - INFO -     5 (2A): 6 bytes
2023-07-09 18:40:25,118 - root - INFO -         1 ( 8): 59 3B
2023-07-09 18:40:25,118 - root - INFO -         2 (10): 19 13
2023-07-09 18:40:25,118 - root - INFO -         3 (18): 11  B
2023-07-09 18:40:25,118 - root - INFO -     7 (38): 0  0
2023-07-09 18:40:25,118 - root - INFO -     8 (40): 1  1
2023-07-09 18:40:25,118 - root - INFO - Reading descriptor for parameter 4
2023-07-09 18:40:25,118 - root - INFO - Descriptor offset: 120, Descriptor length: 55
2023-07-09 18:40:25,118 - root - INFO - Parsing descriptor for parameter 4...
2023-07-09 18:40:25,118 - root - INFO - 4 (22): 26 bytes
2023-07-09 18:40:25,118 - root - INFO -     1 ( A): 20 bytes
2023-07-09 18:40:25,118 - root - INFO -         1 ( 8): 18 12
2023-07-09 18:40:25,118 - root - INFO -         2 (10): 277 115
2023-07-09 18:40:25,118 - root - INFO -         3 (18): 95 5F
2023-07-09 18:40:25,118 - root - INFO -         4 (20): 299 12B
2023-07-09 18:40:25,118 - root - INFO -         5 (28): 18 12
2023-07-09 18:40:25,118 - root - INFO -         6 (30): 1  1
2023-07-09 18:40:25,118 - root - INFO -         7 (38): 0  0
2023-07-09 18:40:25,118 - root - INFO -         8 (40): 12  C
2023-07-09 18:40:25,118 - root - INFO -         9 (48): 10  A
2023-07-09 18:40:25,118 - root - INFO -     2 (10): 23 17
2023-07-09 18:40:25,118 - root - INFO -     3 (18): 24 18
2023-07-09 18:40:25,118 - root - INFO - 6 (32): 23 bytes
2023-07-09 18:40:25,118 - root - INFO -     1 ( A): 21 bytes
2023-07-09 18:40:25,118 - root - INFO -         1 ( 8): 94 5E
2023-07-09 18:40:25,118 - root - INFO -         2 (10): 132 84
2023-07-09 18:40:25,118 - root - INFO -         3 (18): 207 CF
2023-07-09 18:40:25,118 - root - INFO -         4 (20): 192 C0
2023-07-09 18:40:25,118 - root - INFO -         5 (28): 24 18
2023-07-09 18:40:25,118 - root - INFO -         6 (30): 4  4
2023-07-09 18:40:25,118 - root - INFO -         7 (38): 0  0
2023-07-09 18:40:25,118 - root - INFO -         8 (40): 25 19
2023-07-09 18:40:25,118 - root - INFO -         9 (48): 10  A
2023-07-09 18:40:25,118 - root - INFO - 7 (38): 0  0
2023-07-09 18:40:25,118 - root - INFO - Reading descriptor for parameter 5
2023-07-09 18:40:25,128 - root - INFO - Descriptor offset: 84, Descriptor length: 36
2023-07-09 18:40:25,128 - root - INFO - Parsing descriptor for parameter 5...
2023-07-09 18:40:25,128 - root - INFO - 1 ( A): 34 bytes
2023-07-09 18:40:25,128 - root - INFO -     2 (12): 26 bytes
2023-07-09 18:40:25,128 - root - INFO -         1 ( A): 22 bytes
2023-07-09 18:40:25,128 - root - INFO -             1 ( 8): 193 C1
2023-07-09 18:40:25,128 - root - INFO -             2 (10): 276 114
2023-07-09 18:40:25,128 - root - INFO -             3 (18): 272 110
2023-07-09 18:40:25,128 - root - INFO -             4 (20): 300 12C
2023-07-09 18:40:25,128 - root - INFO -             5 (28): 18 12
2023-07-09 18:40:25,128 - root - INFO -             6 (30): 1  1
2023-07-09 18:40:25,128 - root - INFO -             7 (38): 0  0
2023-07-09 18:40:25,128 - root - INFO -             8 (40): 12  C
2023-07-09 18:40:25,128 - root - INFO -             9 (48): 10  A
2023-07-09 18:40:25,128 - root - INFO -         2 (10): 22 16
2023-07-09 18:40:25,128 - root - INFO -     4 (20): 1  1
2023-07-09 18:40:25,128 - root - INFO -     5 (28): 1  1
2023-07-09 18:40:25,128 - root - INFO -     6 (30): 0  0
2023-07-09 18:40:25,128 - root - INFO - Reading descriptor for parameter 9
2023-07-09 18:40:25,128 - root - INFO - Descriptor offset: 175, Descriptor length: 11
2023-07-09 18:40:25,128 - root - INFO - Parsing descriptor for parameter 9...
2023-07-09 18:40:25,128 - root - INFO - 2 (12): 9 bytes
2023-07-09 18:40:25,128 - root - INFO -     1 ( 8): 230 E6
2023-07-09 18:40:25,128 - root - INFO -     2 (10): 13  D
2023-07-09 18:40:25,128 - root - INFO -     3 (18): 35 23
2023-07-09 18:40:25,128 - root - INFO -     4 (20): 10  A
2023-07-09 18:40:25,128 - root - INFO - Reading descriptor for parameter 23
2023-07-09 18:40:25,128 - root - INFO - Descriptor offset: 186, Descriptor length: 18
2023-07-09 18:40:25,128 - root - INFO - Parsing descriptor for parameter 23...
2023-07-09 18:40:25,128 - root - INFO - 2 (12): 8 bytes
2023-07-09 18:40:25,128 - root - INFO -     1 ( 8): 24 18
2023-07-09 18:40:25,128 - root - INFO -     2 (10): 46 2E
2023-07-09 18:40:25,133 - root - INFO -     3 (18): 45 2D
2023-07-09 18:40:25,133 - root - INFO -     4 (20): 12  C
2023-07-09 18:40:25,133 - root - INFO - 6 (32): 6 bytes
2023-07-09 18:40:25,133 - root - INFO -     1 ( 8): 24 18
2023-07-09 18:40:25,133 - root - INFO -     2 (10): 46 2E
2023-07-09 18:40:25,133 - root - INFO -     3 (18): 57 39
2023-07-09 18:40:25,138 - root - INFO - Reading resources offsets table with 58 elements (232 bytes)
2023-07-09 18:40:25,138 - root - INFO - Resource 0 offset: 569, length: 86472...
2023-07-09 18:40:25,138 - root - DEBUG - Reading resource 0...
2023-07-09 18:40:25,197 - root - INFO - The image is bmc.
2023-07-09 18:40:25,197 - root - INFO - Reading image header(readHeader16C)...
2023-07-09 18:40:25,197 - root - INFO - Image header was read:
2023-07-09 18:40:25,197 - root - INFO - Width: 202, Height: 214, RowLength: 404
2023-07-09 18:40:25,198 - root - INFO - _step: 2, unknown2: 0,
2023-07-09 18:40:25,198 - root - INFO - BPP: 16, Transparency: False
2023-07-09 18:40:25,450 - root - INFO - Resource 1 offset: 87041, length: 728...
2023-07-09 18:40:25,450 - root - DEBUG - Reading resource 1...
2023-07-09 18:40:25,450 - root - INFO - The image is bme.
2023-07-09 18:40:25,450 - root - INFO - Reading image header(readHeader16E)...
2023-07-09 18:40:25,450 - root - INFO - Image header was read:
2023-07-09 18:40:25,450 - root - INFO - Width: 19, Height: 30, RowLength: 38
2023-07-09 18:40:25,450 - root - INFO - datalength: 712, _step: 2
2023-07-09 18:40:25,450 - root - INFO - BPP: 16, Transparency: False
2023-07-09 18:40:25,458 - root - INFO - Resource 2 offset: 87769, length: 422...
2023-07-09 18:40:25,458 - root - DEBUG - Reading resource 2...
2023-07-09 18:40:25,458 - root - INFO - The image is bme.
2023-07-09 18:40:25,458 - root - INFO - Reading image header(readHeader16E)...
2023-07-09 18:40:25,458 - root - INFO - Image header was read:
2023-07-09 18:40:25,458 - root - INFO - Width: 19, Height: 30, RowLength: 38
2023-07-09 18:40:25,458 - root - INFO - datalength: 406, _step: 2
2023-07-09 18:40:25,458 - root - INFO - BPP: 16, Transparency: False
2023-07-09 18:40:25,458 - root - INFO - Resource 3 offset: 88191, length: 518...
2023-07-09 18:40:25,458 - root - DEBUG - Reading resource 3...
2023-07-09 18:40:25,458 - root - INFO - The image is bme.
2023-07-09 18:40:25,458 - root - INFO - Reading image header(readHeader16E)...
2023-07-09 18:40:25,458 - root - INFO - Image header was read:
2023-07-09 18:40:25,458 - root - INFO - Width: 19, Height: 30, RowLength: 38
2023-07-09 18:40:25,458 - root - INFO - datalength: 502, _step: 2
2023-07-09 18:40:25,458 - root - INFO - BPP: 16, Transparency: False
2023-07-09 18:40:25,458 - root - INFO - Resource 4 offset: 88709, length: 560...
2023-07-09 18:40:25,458 - root - DEBUG - Reading resource 4...
2023-07-09 18:40:25,458 - root - INFO - The image is bme.
2023-07-09 18:40:25,458 - root - INFO - Reading image header(readHeader16E)...
2023-07-09 18:40:25,458 - root - INFO - Image header was read:
2023-07-09 18:40:25,463 - root - INFO - Width: 19, Height: 30, RowLength: 38
2023-07-09 18:40:25,463 - root - INFO - datalength: 544, _step: 2
2023-07-09 18:40:25,463 - root - INFO - BPP: 16, Transparency: False
2023-07-09 18:40:25,463 - root - INFO - Resource 5 offset: 89269, length: 592...
2023-07-09 18:40:25,463 - root - DEBUG - Reading resource 5...
2023-07-09 18:40:25,463 - root - INFO - The image is bme.
2023-07-09 18:40:25,463 - root - INFO - Reading image header(readHeader16E)...
2023-07-09 18:40:25,463 - root - INFO - Image header was read:
2023-07-09 18:40:25,465 - root - INFO - Width: 19, Height: 30, RowLength: 38
2023-07-09 18:40:25,465 - root - INFO - datalength: 576, _step: 2
2023-07-09 18:40:25,465 - root - INFO - BPP: 16, Transparency: False
2023-07-09 18:40:25,465 - root - INFO - Resource 6 offset: 89861, length: 528...
2023-07-09 18:40:25,465 - root - DEBUG - Reading resource 6...
2023-07-09 18:40:25,465 - root - INFO - The image is bme.
2023-07-09 18:40:25,465 - root - INFO - Reading image header(readHeader16E)...
2023-07-09 18:40:25,465 - root - INFO - Image header was read:
2023-07-09 18:40:25,465 - root - INFO - Width: 19, Height: 30, RowLength: 38
2023-07-09 18:40:25,468 - root - INFO - datalength: 512, _step: 2
2023-07-09 18:40:25,468 - root - INFO - BPP: 16, Transparency: False
2023-07-09 18:40:25,468 - root - INFO - Resource 7 offset: 90389, length: 670...
2023-07-09 18:40:25,468 - root - DEBUG - Reading resource 7...
2023-07-09 18:40:25,468 - root - INFO - The image is bme.
2023-07-09 18:40:25,468 - root - INFO - Reading image header(readHeader16E)...
2023-07-09 18:40:25,468 - root - INFO - Image header was read:
2023-07-09 18:40:25,468 - root - INFO - Width: 19, Height: 30, RowLength: 38
2023-07-09 18:40:25,468 - root - INFO - datalength: 654, _step: 2
2023-07-09 18:40:25,468 - root - INFO - BPP: 16, Transparency: False
2023-07-09 18:40:25,468 - root - INFO - Resource 8 offset: 91059, length: 434...
2023-07-09 18:40:25,468 - root - DEBUG - Reading resource 8...
2023-07-09 18:40:25,468 - root - INFO - The image is bme.
2023-07-09 18:40:25,468 - root - INFO - Reading image header(readHeader16E)...
2023-07-09 18:40:25,468 - root - INFO - Image header was read:
2023-07-09 18:40:25,468 - root - INFO - Width: 19, Height: 30, RowLength: 38
2023-07-09 18:40:25,468 - root - INFO - datalength: 418, _step: 2
2023-07-09 18:40:25,468 - root - INFO - BPP: 16, Transparency: False
2023-07-09 18:40:25,468 - root - INFO - Resource 9 offset: 91493, length: 770...
2023-07-09 18:40:25,468 - root - DEBUG - Reading resource 9...
2023-07-09 18:40:25,468 - root - INFO - The image is bme.
2023-07-09 18:40:25,468 - root - INFO - Reading image header(readHeader16E)...
2023-07-09 18:40:25,468 - root - INFO - Image header was read:
2023-07-09 18:40:25,468 - root - INFO - Width: 19, Height: 30, RowLength: 38
2023-07-09 18:40:25,468 - root - INFO - datalength: 754, _step: 2
2023-07-09 18:40:25,468 - root - INFO - BPP: 16, Transparency: False
2023-07-09 18:40:25,468 - root - INFO - Resource 10 offset: 92263, length: 676...
2023-07-09 18:40:25,468 - root - DEBUG - Reading resource 10...
2023-07-09 18:40:25,468 - root - INFO - The image is bme.
2023-07-09 18:40:25,468 - root - INFO - Reading image header(readHeader16E)...
2023-07-09 18:40:25,468 - root - INFO - Image header was read:
2023-07-09 18:40:25,468 - root - INFO - Width: 19, Height: 30, RowLength: 38
2023-07-09 18:40:25,468 - root - INFO - datalength: 660, _step: 2
2023-07-09 18:40:25,468 - root - INFO - BPP: 16, Transparency: False
2023-07-09 18:40:25,478 - root - INFO - Resource 11 offset: 92939, length: 88...
2023-07-09 18:40:25,478 - root - DEBUG - Reading resource 11...
2023-07-09 18:40:25,478 - root - INFO - The image is bme.
2023-07-09 18:40:25,478 - root - INFO - Reading image header(readHeader16E)...
2023-07-09 18:40:25,478 - root - INFO - Image header was read:
2023-07-09 18:40:25,478 - root - INFO - Width: 5, Height: 30, RowLength: 10
2023-07-09 18:40:25,478 - root - INFO - datalength: 72, _step: 2
2023-07-09 18:40:25,478 - root - INFO - BPP: 16, Transparency: False
2023-07-09 18:40:25,478 - root - INFO - Resource 12 offset: 93027, length: 518...
2023-07-09 18:40:25,478 - root - DEBUG - Reading resource 12...
2023-07-09 18:40:25,478 - root - INFO - The image is bme.
2023-07-09 18:40:25,478 - root - INFO - Reading image header(readHeader16E)...
2023-07-09 18:40:25,478 - root - INFO - Image header was read:
2023-07-09 18:40:25,478 - root - INFO - Width: 15, Height: 24, RowLength: 30
2023-07-09 18:40:25,478 - root - INFO - datalength: 502, _step: 2
2023-07-09 18:40:25,478 - root - INFO - BPP: 16, Transparency: False
2023-07-09 18:40:25,481 - root - INFO - Resource 13 offset: 93545, length: 264...
2023-07-09 18:40:25,481 - root - DEBUG - Reading resource 13...
2023-07-09 18:40:25,481 - root - INFO - The image is bme.
2023-07-09 18:40:25,481 - root - INFO - Reading image header(readHeader16E)...
2023-07-09 18:40:25,481 - root - INFO - Image header was read:
2023-07-09 18:40:25,481 - root - INFO - Width: 15, Height: 24, RowLength: 30
2023-07-09 18:40:25,481 - root - INFO - datalength: 248, _step: 2
2023-07-09 18:40:25,481 - root - INFO - BPP: 16, Transparency: False
2023-07-09 18:40:25,481 - root - INFO - Resource 14 offset: 93809, length: 374...
2023-07-09 18:40:25,481 - root - DEBUG - Reading resource 14...
2023-07-09 18:40:25,481 - root - INFO - The image is bme.
2023-07-09 18:40:25,481 - root - INFO - Reading image header(readHeader16E)...
2023-07-09 18:40:25,481 - root - INFO - Image header was read:
2023-07-09 18:40:25,481 - root - INFO - Width: 15, Height: 24, RowLength: 30
2023-07-09 18:40:25,481 - root - INFO - datalength: 358, _step: 2
2023-07-09 18:40:25,481 - root - INFO - BPP: 16, Transparency: False
2023-07-09 18:40:25,481 - root - INFO - Resource 15 offset: 94183, length: 388...
2023-07-09 18:40:25,481 - root - DEBUG - Reading resource 15...
2023-07-09 18:40:25,481 - root - INFO - The image is bme.
2023-07-09 18:40:25,481 - root - INFO - Reading image header(readHeader16E)...
2023-07-09 18:40:25,481 - root - INFO - Image header was read:
2023-07-09 18:40:25,481 - root - INFO - Width: 15, Height: 24, RowLength: 30
2023-07-09 18:40:25,481 - root - INFO - datalength: 372, _step: 2
2023-07-09 18:40:25,481 - root - INFO - BPP: 16, Transparency: False
2023-07-09 18:40:25,481 - root - INFO - Resource 16 offset: 94571, length: 440...
2023-07-09 18:40:25,481 - root - DEBUG - Reading resource 16...
2023-07-09 18:40:25,481 - root - INFO - The image is bme.
2023-07-09 18:40:25,481 - root - INFO - Reading image header(readHeader16E)...
2023-07-09 18:40:25,481 - root - INFO - Image header was read:
2023-07-09 18:40:25,488 - root - INFO - Width: 15, Height: 24, RowLength: 30
2023-07-09 18:40:25,488 - root - INFO - datalength: 424, _step: 2
2023-07-09 18:40:25,488 - root - INFO - BPP: 16, Transparency: False
2023-07-09 18:40:25,488 - root - INFO - Resource 17 offset: 95011, length: 374...
2023-07-09 18:40:25,488 - root - DEBUG - Reading resource 17...
2023-07-09 18:40:25,488 - root - INFO - The image is bme.
2023-07-09 18:40:25,488 - root - INFO - Reading image header(readHeader16E)...
2023-07-09 18:40:25,488 - root - INFO - Image header was read:
2023-07-09 18:40:25,488 - root - INFO - Width: 15, Height: 24, RowLength: 30
2023-07-09 18:40:25,488 - root - INFO - datalength: 358, _step: 2
2023-07-09 18:40:25,488 - root - INFO - BPP: 16, Transparency: False
2023-07-09 18:40:25,488 - root - INFO - Resource 18 offset: 95385, length: 474...
2023-07-09 18:40:25,488 - root - DEBUG - Reading resource 18...
2023-07-09 18:40:25,488 - root - INFO - The image is bme.
2023-07-09 18:40:25,488 - root - INFO - Reading image header(readHeader16E)...
2023-07-09 18:40:25,488 - root - INFO - Image header was read:
2023-07-09 18:40:25,488 - root - INFO - Width: 15, Height: 24, RowLength: 30
2023-07-09 18:40:25,488 - root - INFO - datalength: 458, _step: 2
2023-07-09 18:40:25,488 - root - INFO - BPP: 16, Transparency: False
2023-07-09 18:40:25,488 - root - INFO - Resource 19 offset: 95859, length: 318...
2023-07-09 18:40:25,488 - root - DEBUG - Reading resource 19...
2023-07-09 18:40:25,488 - root - INFO - The image is bme.
2023-07-09 18:40:25,488 - root - INFO - Reading image header(readHeader16E)...
2023-07-09 18:40:25,488 - root - INFO - Image header was read:
2023-07-09 18:40:25,488 - root - INFO - Width: 15, Height: 24, RowLength: 30
2023-07-09 18:40:25,488 - root - INFO - datalength: 302, _step: 2
2023-07-09 18:40:25,488 - root - INFO - BPP: 16, Transparency: False
2023-07-09 18:40:25,488 - root - INFO - Resource 20 offset: 96177, length: 540...
2023-07-09 18:40:25,488 - root - DEBUG - Reading resource 20...
2023-07-09 18:40:25,488 - root - INFO - The image is bme.
2023-07-09 18:40:25,488 - root - INFO - Reading image header(readHeader16E)...
2023-07-09 18:40:25,488 - root - INFO - Image header was read:
2023-07-09 18:40:25,488 - root - INFO - Width: 15, Height: 24, RowLength: 30
2023-07-09 18:40:25,488 - root - INFO - datalength: 524, _step: 2
2023-07-09 18:40:25,488 - root - INFO - BPP: 16, Transparency: False
2023-07-09 18:40:25,488 - root - INFO - Resource 21 offset: 96717, length: 470...
2023-07-09 18:40:25,488 - root - DEBUG - Reading resource 21...
2023-07-09 18:40:25,488 - root - INFO - The image is bme.
2023-07-09 18:40:25,488 - root - INFO - Reading image header(readHeader16E)...
2023-07-09 18:40:25,488 - root - INFO - Image header was read:
2023-07-09 18:40:25,488 - root - INFO - Width: 15, Height: 24, RowLength: 30
2023-07-09 18:40:25,498 - root - INFO - datalength: 454, _step: 2
2023-07-09 18:40:25,498 - root - INFO - BPP: 16, Transparency: False
2023-07-09 18:40:25,498 - root - INFO - Resource 22 offset: 97187, length: 256...
2023-07-09 18:40:25,498 - root - DEBUG - Reading resource 22...
2023-07-09 18:40:25,498 - root - INFO - The image is bme.
2023-07-09 18:40:25,498 - root - INFO - Reading image header(readHeader16E)...
2023-07-09 18:40:25,498 - root - INFO - Image header was read:
2023-07-09 18:40:25,498 - root - INFO - Width: 15, Height: 24, RowLength: 30
2023-07-09 18:40:25,498 - root - INFO - datalength: 240, _step: 2
2023-07-09 18:40:25,498 - root - INFO - BPP: 16, Transparency: False
2023-07-09 18:40:25,498 - root - INFO - Resource 23 offset: 97443, length: 814...
2023-07-09 18:40:25,498 - root - DEBUG - Reading resource 23...
2023-07-09 18:40:25,498 - root - INFO - The image is bme.
2023-07-09 18:40:25,498 - root - INFO - Reading image header(readHeader16E)...
2023-07-09 18:40:25,498 - root - INFO - Image header was read:
2023-07-09 18:40:25,498 - root - INFO - Width: 29, Height: 22, RowLength: 58
2023-07-09 18:40:25,498 - root - INFO - datalength: 798, _step: 2
2023-07-09 18:40:25,498 - root - INFO - BPP: 16, Transparency: False
2023-07-09 18:40:25,498 - root - INFO - Resource 24 offset: 98257, length: 96...
2023-07-09 18:40:25,498 - root - DEBUG - Reading resource 24...
2023-07-09 18:40:25,498 - root - INFO - The image is bme.
2023-07-09 18:40:25,498 - root - INFO - Reading image header(readHeader16E)...
2023-07-09 18:40:25,498 - root - INFO - Image header was read:
2023-07-09 18:40:25,498 - root - INFO - Width: 19, Height: 24, RowLength: 38
2023-07-09 18:40:25,498 - root - INFO - datalength: 80, _step: 2
2023-07-09 18:40:25,498 - root - INFO - BPP: 16, Transparency: False
2023-07-09 18:40:25,498 - root - INFO - Resource 25 offset: 98353, length: 3160...
2023-07-09 18:40:25,498 - root - DEBUG - Reading resource 25...
2023-07-09 18:40:25,498 - root - INFO - The image is bme.
2023-07-09 18:40:25,498 - root - INFO - Reading image header(readHeader16E)...
2023-07-09 18:40:25,498 - root - INFO - Image header was read:
2023-07-09 18:40:25,498 - root - INFO - Width: 35, Height: 60, RowLength: 70
2023-07-09 18:40:25,498 - root - INFO - datalength: 3144, _step: 2
2023-07-09 18:40:25,498 - root - INFO - BPP: 16, Transparency: False
2023-07-09 18:40:25,514 - root - INFO - Resource 26 offset: 101513, length: 1784...
2023-07-09 18:40:25,514 - root - DEBUG - Reading resource 26...
2023-07-09 18:40:25,514 - root - INFO - The image is bme.
2023-07-09 18:40:25,514 - root - INFO - Reading image header(readHeader16E)...
2023-07-09 18:40:25,514 - root - INFO - Image header was read:
2023-07-09 18:40:25,514 - root - INFO - Width: 35, Height: 60, RowLength: 70
2023-07-09 18:40:25,514 - root - INFO - datalength: 1768, _step: 2
2023-07-09 18:40:25,514 - root - INFO - BPP: 16, Transparency: False
2023-07-09 18:40:25,518 - root - INFO - Resource 27 offset: 103297, length: 2698...
2023-07-09 18:40:25,518 - root - DEBUG - Reading resource 27...
2023-07-09 18:40:25,518 - root - INFO - The image is bme.
2023-07-09 18:40:25,518 - root - INFO - Reading image header(readHeader16E)...
2023-07-09 18:40:25,518 - root - INFO - Image header was read:
2023-07-09 18:40:25,518 - root - INFO - Width: 35, Height: 60, RowLength: 70
2023-07-09 18:40:25,518 - root - INFO - datalength: 2682, _step: 2
2023-07-09 18:40:25,518 - root - INFO - BPP: 16, Transparency: False
2023-07-09 18:40:25,528 - root - INFO - Resource 28 offset: 105995, length: 2590...
2023-07-09 18:40:25,528 - root - DEBUG - Reading resource 28...
2023-07-09 18:40:25,530 - root - INFO - The image is bme.
2023-07-09 18:40:25,530 - root - INFO - Reading image header(readHeader16E)...
2023-07-09 18:40:25,530 - root - INFO - Image header was read:
2023-07-09 18:40:25,530 - root - INFO - Width: 35, Height: 60, RowLength: 70
2023-07-09 18:40:25,530 - root - INFO - datalength: 2574, _step: 2
2023-07-09 18:40:25,530 - root - INFO - BPP: 16, Transparency: False
2023-07-09 18:40:25,538 - root - INFO - Resource 29 offset: 108585, length: 2416...
2023-07-09 18:40:25,538 - root - DEBUG - Reading resource 29...
2023-07-09 18:40:25,538 - root - INFO - The image is bme.
2023-07-09 18:40:25,538 - root - INFO - Reading image header(readHeader16E)...
2023-07-09 18:40:25,538 - root - INFO - Image header was read:
2023-07-09 18:40:25,538 - root - INFO - Width: 35, Height: 60, RowLength: 70
2023-07-09 18:40:25,538 - root - INFO - datalength: 2400, _step: 2
2023-07-09 18:40:25,538 - root - INFO - BPP: 16, Transparency: False
2023-07-09 18:40:25,545 - root - INFO - Resource 30 offset: 111001, length: 2976...
2023-07-09 18:40:25,545 - root - DEBUG - Reading resource 30...
2023-07-09 18:40:25,545 - root - INFO - The image is bme.
2023-07-09 18:40:25,545 - root - INFO - Reading image header(readHeader16E)...
2023-07-09 18:40:25,545 - root - INFO - Image header was read:
2023-07-09 18:40:25,545 - root - INFO - Width: 35, Height: 60, RowLength: 70
2023-07-09 18:40:25,545 - root - INFO - datalength: 2960, _step: 2
2023-07-09 18:40:25,545 - root - INFO - BPP: 16, Transparency: False
2023-07-09 18:40:25,553 - root - INFO - Resource 31 offset: 113977, length: 3156...
2023-07-09 18:40:25,553 - root - DEBUG - Reading resource 31...
2023-07-09 18:40:25,553 - root - INFO - The image is bme.
2023-07-09 18:40:25,553 - root - INFO - Reading image header(readHeader16E)...
2023-07-09 18:40:25,553 - root - INFO - Image header was read:
2023-07-09 18:40:25,553 - root - INFO - Width: 35, Height: 60, RowLength: 70
2023-07-09 18:40:25,553 - root - INFO - datalength: 3140, _step: 2
2023-07-09 18:40:25,553 - root - INFO - BPP: 16, Transparency: False
2023-07-09 18:40:25,561 - root - INFO - Resource 32 offset: 117133, length: 2394...
2023-07-09 18:40:25,561 - root - DEBUG - Reading resource 32...
2023-07-09 18:40:25,561 - root - INFO - The image is bme.
2023-07-09 18:40:25,561 - root - INFO - Reading image header(readHeader16E)...
2023-07-09 18:40:25,561 - root - INFO - Image header was read:
2023-07-09 18:40:25,561 - root - INFO - Width: 35, Height: 60, RowLength: 70
2023-07-09 18:40:25,561 - root - INFO - datalength: 2378, _step: 2
2023-07-09 18:40:25,561 - root - INFO - BPP: 16, Transparency: False
2023-07-09 18:40:25,568 - root - INFO - Resource 33 offset: 119527, length: 3168...
2023-07-09 18:40:25,568 - root - DEBUG - Reading resource 33...
2023-07-09 18:40:25,568 - root - INFO - The image is bme.
2023-07-09 18:40:25,568 - root - INFO - Reading image header(readHeader16E)...
2023-07-09 18:40:25,568 - root - INFO - Image header was read:
2023-07-09 18:40:25,568 - root - INFO - Width: 35, Height: 60, RowLength: 70
2023-07-09 18:40:25,568 - root - INFO - datalength: 3152, _step: 2
2023-07-09 18:40:25,568 - root - INFO - BPP: 16, Transparency: False
2023-07-09 18:40:25,582 - root - INFO - Resource 34 offset: 122695, length: 3138...
2023-07-09 18:40:25,582 - root - DEBUG - Reading resource 34...
2023-07-09 18:40:25,582 - root - INFO - The image is bme.
2023-07-09 18:40:25,582 - root - INFO - Reading image header(readHeader16E)...
2023-07-09 18:40:25,582 - root - INFO - Image header was read:
2023-07-09 18:40:25,582 - root - INFO - Width: 35, Height: 60, RowLength: 70
2023-07-09 18:40:25,582 - root - INFO - datalength: 3122, _step: 2
2023-07-09 18:40:25,582 - root - INFO - BPP: 16, Transparency: False
2023-07-09 18:40:25,593 - root - INFO - Resource 35 offset: 125833, length: 1572...
2023-07-09 18:40:25,593 - root - DEBUG - Reading resource 35...
2023-07-09 18:40:25,593 - root - INFO - The image is bme.
2023-07-09 18:40:25,593 - root - INFO - Reading image header(readHeader16E)...
2023-07-09 18:40:25,593 - root - INFO - Image header was read:
2023-07-09 18:40:25,593 - root - INFO - Width: 42, Height: 42, RowLength: 84
2023-07-09 18:40:25,593 - root - INFO - datalength: 1556, _step: 2
2023-07-09 18:40:25,593 - root - INFO - BPP: 16, Transparency: False
2023-07-09 18:40:25,598 - root - INFO - Resource 36 offset: 127405, length: 1582...
2023-07-09 18:40:25,598 - root - DEBUG - Reading resource 36...
2023-07-09 18:40:25,598 - root - INFO - The image is bme.
2023-07-09 18:40:25,598 - root - INFO - Reading image header(readHeader16E)...
2023-07-09 18:40:25,598 - root - INFO - Image header was read:
2023-07-09 18:40:25,598 - root - INFO - Width: 42, Height: 42, RowLength: 84
2023-07-09 18:40:25,598 - root - INFO - datalength: 1566, _step: 2
2023-07-09 18:40:25,598 - root - INFO - BPP: 16, Transparency: False
2023-07-09 18:40:25,598 - root - INFO - Resource 37 offset: 128987, length: 1582...
2023-07-09 18:40:25,598 - root - DEBUG - Reading resource 37...
2023-07-09 18:40:25,598 - root - INFO - The image is bme.
2023-07-09 18:40:25,598 - root - INFO - Reading image header(readHeader16E)...
2023-07-09 18:40:25,598 - root - INFO - Image header was read:
2023-07-09 18:40:25,598 - root - INFO - Width: 42, Height: 42, RowLength: 84
2023-07-09 18:40:25,598 - root - INFO - datalength: 1566, _step: 2
2023-07-09 18:40:25,598 - root - INFO - BPP: 16, Transparency: False
2023-07-09 18:40:25,608 - root - INFO - Resource 38 offset: 130569, length: 1592...
2023-07-09 18:40:25,608 - root - DEBUG - Reading resource 38...
2023-07-09 18:40:25,608 - root - INFO - The image is bme.
2023-07-09 18:40:25,608 - root - INFO - Reading image header(readHeader16E)...
2023-07-09 18:40:25,608 - root - INFO - Image header was read:
2023-07-09 18:40:25,608 - root - INFO - Width: 42, Height: 42, RowLength: 84
2023-07-09 18:40:25,608 - root - INFO - datalength: 1576, _step: 2
2023-07-09 18:40:25,608 - root - INFO - BPP: 16, Transparency: False
2023-07-09 18:40:25,613 - root - INFO - Resource 39 offset: 132161, length: 1598...
2023-07-09 18:40:25,613 - root - DEBUG - Reading resource 39...
2023-07-09 18:40:25,613 - root - INFO - The image is bme.
2023-07-09 18:40:25,613 - root - INFO - Reading image header(readHeader16E)...
2023-07-09 18:40:25,613 - root - INFO - Image header was read:
2023-07-09 18:40:25,613 - root - INFO - Width: 42, Height: 42, RowLength: 84
2023-07-09 18:40:25,613 - root - INFO - datalength: 1582, _step: 2
2023-07-09 18:40:25,613 - root - INFO - BPP: 16, Transparency: False
2023-07-09 18:40:25,618 - root - INFO - Resource 40 offset: 133759, length: 1604...
2023-07-09 18:40:25,618 - root - DEBUG - Reading resource 40...
2023-07-09 18:40:25,618 - root - INFO - The image is bme.
2023-07-09 18:40:25,618 - root - INFO - Reading image header(readHeader16E)...
2023-07-09 18:40:25,618 - root - INFO - Image header was read:
2023-07-09 18:40:25,618 - root - INFO - Width: 42, Height: 42, RowLength: 84
2023-07-09 18:40:25,618 - root - INFO - datalength: 1588, _step: 2
2023-07-09 18:40:25,618 - root - INFO - BPP: 16, Transparency: False
2023-07-09 18:40:25,623 - root - INFO - Resource 41 offset: 135363, length: 1614...
2023-07-09 18:40:25,623 - root - DEBUG - Reading resource 41...
2023-07-09 18:40:25,623 - root - INFO - The image is bme.
2023-07-09 18:40:25,623 - root - INFO - Reading image header(readHeader16E)...
2023-07-09 18:40:25,624 - root - INFO - Image header was read:
2023-07-09 18:40:25,624 - root - INFO - Width: 42, Height: 42, RowLength: 84
2023-07-09 18:40:25,624 - root - INFO - datalength: 1598, _step: 2
2023-07-09 18:40:25,624 - root - INFO - BPP: 16, Transparency: False
2023-07-09 18:40:25,628 - root - INFO - Resource 42 offset: 136977, length: 1614...
2023-07-09 18:40:25,628 - root - DEBUG - Reading resource 42...
2023-07-09 18:40:25,628 - root - INFO - The image is bme.
2023-07-09 18:40:25,628 - root - INFO - Reading image header(readHeader16E)...
2023-07-09 18:40:25,628 - root - INFO - Image header was read:
2023-07-09 18:40:25,628 - root - INFO - Width: 42, Height: 42, RowLength: 84
2023-07-09 18:40:25,628 - root - INFO - datalength: 1598, _step: 2
2023-07-09 18:40:25,628 - root - INFO - BPP: 16, Transparency: False
2023-07-09 18:40:25,628 - root - INFO - Resource 43 offset: 138591, length: 1624...
2023-07-09 18:40:25,628 - root - DEBUG - Reading resource 43...
2023-07-09 18:40:25,628 - root - INFO - The image is bme.
2023-07-09 18:40:25,628 - root - INFO - Reading image header(readHeader16E)...
2023-07-09 18:40:25,628 - root - INFO - Image header was read:
2023-07-09 18:40:25,628 - root - INFO - Width: 42, Height: 42, RowLength: 84
2023-07-09 18:40:25,628 - root - INFO - datalength: 1608, _step: 2
2023-07-09 18:40:25,628 - root - INFO - BPP: 16, Transparency: False
2023-07-09 18:40:25,638 - root - INFO - Resource 44 offset: 140215, length: 1630...
2023-07-09 18:40:25,638 - root - DEBUG - Reading resource 44...
2023-07-09 18:40:25,638 - root - INFO - The image is bme.
2023-07-09 18:40:25,638 - root - INFO - Reading image header(readHeader16E)...
2023-07-09 18:40:25,638 - root - INFO - Image header was read:
2023-07-09 18:40:25,638 - root - INFO - Width: 42, Height: 42, RowLength: 84
2023-07-09 18:40:25,638 - root - INFO - datalength: 1614, _step: 2
2023-07-09 18:40:25,638 - root - INFO - BPP: 16, Transparency: False
2023-07-09 18:40:25,639 - root - INFO - Resource 45 offset: 141845, length: 26548...
2023-07-09 18:40:25,639 - root - DEBUG - Reading resource 45...
2023-07-09 18:40:25,639 - root - INFO - The image is bme.
2023-07-09 18:40:25,639 - root - INFO - Reading image header(readHeader16E)...
2023-07-09 18:40:25,639 - root - INFO - Image header was read:
2023-07-09 18:40:25,639 - root - INFO - Width: 254, Height: 218, RowLength: 508
2023-07-09 18:40:25,639 - root - INFO - datalength: 26532, _step: 2
2023-07-09 18:40:25,639 - root - INFO - BPP: 16, Transparency: False
2023-07-09 18:40:25,719 - root - INFO - Resource 46 offset: 168393, length: 26590...
2023-07-09 18:40:25,719 - root - DEBUG - Reading resource 46...
2023-07-09 18:40:25,719 - root - INFO - The image is bme.
2023-07-09 18:40:25,719 - root - INFO - Reading image header(readHeader16E)...
2023-07-09 18:40:25,719 - root - INFO - Image header was read:
2023-07-09 18:40:25,719 - root - INFO - Width: 254, Height: 218, RowLength: 508
2023-07-09 18:40:25,719 - root - INFO - datalength: 26574, _step: 2
2023-07-09 18:40:25,719 - root - INFO - BPP: 16, Transparency: False
2023-07-09 18:40:25,803 - root - INFO - Resource 47 offset: 194983, length: 26644...
2023-07-09 18:40:25,803 - root - DEBUG - Reading resource 47...
2023-07-09 18:40:25,803 - root - INFO - The image is bme.
2023-07-09 18:40:25,803 - root - INFO - Reading image header(readHeader16E)...
2023-07-09 18:40:25,803 - root - INFO - Image header was read:
2023-07-09 18:40:25,808 - root - INFO - Width: 254, Height: 218, RowLength: 508
2023-07-09 18:40:25,808 - root - INFO - datalength: 26628, _step: 2
2023-07-09 18:40:25,808 - root - INFO - BPP: 16, Transparency: False
2023-07-09 18:40:25,888 - root - INFO - Resource 48 offset: 221627, length: 26674...
2023-07-09 18:40:25,888 - root - DEBUG - Reading resource 48...
2023-07-09 18:40:25,888 - root - INFO - The image is bme.
2023-07-09 18:40:25,888 - root - INFO - Reading image header(readHeader16E)...
2023-07-09 18:40:25,888 - root - INFO - Image header was read:
2023-07-09 18:40:25,888 - root - INFO - Width: 254, Height: 218, RowLength: 508
2023-07-09 18:40:25,888 - root - INFO - datalength: 26658, _step: 2
2023-07-09 18:40:25,888 - root - INFO - BPP: 16, Transparency: False
2023-07-09 18:40:25,968 - root - INFO - Resource 49 offset: 248301, length: 26734...
2023-07-09 18:40:25,968 - root - DEBUG - Reading resource 49...
2023-07-09 18:40:25,968 - root - INFO - The image is bme.
2023-07-09 18:40:25,968 - root - INFO - Reading image header(readHeader16E)...
2023-07-09 18:40:25,968 - root - INFO - Image header was read:
2023-07-09 18:40:25,968 - root - INFO - Width: 254, Height: 218, RowLength: 508
2023-07-09 18:40:25,968 - root - INFO - datalength: 26718, _step: 2
2023-07-09 18:40:25,968 - root - INFO - BPP: 16, Transparency: False
2023-07-09 18:40:26,052 - root - INFO - Resource 50 offset: 275035, length: 26736...
2023-07-09 18:40:26,052 - root - DEBUG - Reading resource 50...
2023-07-09 18:40:26,052 - root - INFO - The image is bme.
2023-07-09 18:40:26,052 - root - INFO - Reading image header(readHeader16E)...
2023-07-09 18:40:26,052 - root - INFO - Image header was read:
2023-07-09 18:40:26,052 - root - INFO - Width: 254, Height: 218, RowLength: 508
2023-07-09 18:40:26,052 - root - INFO - datalength: 26720, _step: 2
2023-07-09 18:40:26,052 - root - INFO - BPP: 16, Transparency: False
2023-07-09 18:40:26,131 - root - INFO - Resource 51 offset: 301771, length: 26800...
2023-07-09 18:40:26,131 - root - DEBUG - Reading resource 51...
2023-07-09 18:40:26,131 - root - INFO - The image is bme.
2023-07-09 18:40:26,131 - root - INFO - Reading image header(readHeader16E)...
2023-07-09 18:40:26,131 - root - INFO - Image header was read:
2023-07-09 18:40:26,131 - root - INFO - Width: 254, Height: 218, RowLength: 508
2023-07-09 18:40:26,131 - root - INFO - datalength: 26784, _step: 2
2023-07-09 18:40:26,131 - root - INFO - BPP: 16, Transparency: False
2023-07-09 18:40:26,210 - root - INFO - Resource 52 offset: 328571, length: 26852...
2023-07-09 18:40:26,210 - root - DEBUG - Reading resource 52...
2023-07-09 18:40:26,210 - root - INFO - The image is bme.
2023-07-09 18:40:26,210 - root - INFO - Reading image header(readHeader16E)...
2023-07-09 18:40:26,210 - root - INFO - Image header was read:
2023-07-09 18:40:26,210 - root - INFO - Width: 254, Height: 218, RowLength: 508
2023-07-09 18:40:26,210 - root - INFO - datalength: 26836, _step: 2
2023-07-09 18:40:26,210 - root - INFO - BPP: 16, Transparency: False
2023-07-09 18:40:26,298 - root - INFO - Resource 53 offset: 355423, length: 26894...
2023-07-09 18:40:26,298 - root - DEBUG - Reading resource 53...
2023-07-09 18:40:26,298 - root - INFO - The image is bme.
2023-07-09 18:40:26,298 - root - INFO - Reading image header(readHeader16E)...
2023-07-09 18:40:26,298 - root - INFO - Image header was read:
2023-07-09 18:40:26,298 - root - INFO - Width: 254, Height: 218, RowLength: 508
2023-07-09 18:40:26,298 - root - INFO - datalength: 26878, _step: 2
2023-07-09 18:40:26,298 - root - INFO - BPP: 16, Transparency: False
2023-07-09 18:40:26,378 - root - INFO - Resource 54 offset: 382317, length: 26918...
2023-07-09 18:40:26,383 - root - DEBUG - Reading resource 54...
2023-07-09 18:40:26,383 - root - INFO - The image is bme.
2023-07-09 18:40:26,383 - root - INFO - Reading image header(readHeader16E)...
2023-07-09 18:40:26,383 - root - INFO - Image header was read:
2023-07-09 18:40:26,383 - root - INFO - Width: 254, Height: 218, RowLength: 508
2023-07-09 18:40:26,383 - root - INFO - datalength: 26902, _step: 2
2023-07-09 18:40:26,383 - root - INFO - BPP: 16, Transparency: False
2023-07-09 18:40:26,464 - root - INFO - Resource 55 offset: 409235, length: 26962...
2023-07-09 18:40:26,464 - root - DEBUG - Reading resource 55...
2023-07-09 18:40:26,464 - root - INFO - The image is bme.
2023-07-09 18:40:26,464 - root - INFO - Reading image header(readHeader16E)...
2023-07-09 18:40:26,464 - root - INFO - Image header was read:
2023-07-09 18:40:26,464 - root - INFO - Width: 254, Height: 218, RowLength: 508
2023-07-09 18:40:26,464 - root - INFO - datalength: 26946, _step: 2
2023-07-09 18:40:26,468 - root - INFO - BPP: 16, Transparency: False
2023-07-09 18:40:26,548 - root - INFO - Resource 56 offset: 436197, length: 26902...
2023-07-09 18:40:26,548 - root - DEBUG - Reading resource 56...
2023-07-09 18:40:26,548 - root - INFO - The image is bme.
2023-07-09 18:40:26,548 - root - INFO - Reading image header(readHeader16E)...
2023-07-09 18:40:26,548 - root - INFO - Image header was read:
2023-07-09 18:40:26,548 - root - INFO - Width: 254, Height: 218, RowLength: 508
2023-07-09 18:40:26,548 - root - INFO - datalength: 26886, _step: 2
2023-07-09 18:40:26,548 - root - INFO - BPP: 16, Transparency: False
2023-07-09 18:40:26,628 - root - INFO - Resource 57 offset: 463099, length: 26328...
2023-07-09 18:40:26,628 - root - DEBUG - Reading resource 57...
2023-07-09 18:40:26,628 - root - INFO - The image is bme.
2023-07-09 18:40:26,628 - root - INFO - Reading image header(readHeader16E)...
2023-07-09 18:40:26,628 - root - INFO - Image header was read:
2023-07-09 18:40:26,628 - root - INFO - Width: 254, Height: 218, RowLength: 508
2023-07-09 18:40:26,628 - root - INFO - datalength: 26312, _step: 2
2023-07-09 18:40:26,628 - root - INFO - BPP: 16, Transparency: False
2023-07-09 18:40:26,708 - root - DEBUG - Parsing parameters...
2023-07-09 18:40:26,828 - root - DEBUG - 0 Value: None
2023-07-09 18:40:26,828 - root - DEBUG - 0.1 Value: 71
2023-07-09 18:40:26,828 - root - DEBUG - 2 Value: None
2023-07-09 18:40:26,829 - root - DEBUG - 2.2 Value: 0
2023-07-09 18:40:26,829 - root - DEBUG - 2.3 Value: None
2023-07-09 18:40:26,829 - root - DEBUG - 2.3.1 Value: 0
2023-07-09 18:40:26,829 - root - DEBUG - 2.3.2 Value: 0
2023-07-09 18:40:26,829 - root - DEBUG - 2.3.3 Value: 0
2023-07-09 18:40:26,829 - root - DEBUG - 2.4 Value: None
2023-07-09 18:40:26,829 - root - DEBUG - 2.4.1 Value: 0
2023-07-09 18:40:26,829 - root - DEBUG - 2.4.2 Value: 0
2023-07-09 18:40:26,829 - root - DEBUG - 2.4.3 Value: 0
2023-07-09 18:40:26,829 - root - DEBUG - 2.5 Value: None
2023-07-09 18:40:26,829 - root - DEBUG - 2.5.1 Value: 0
2023-07-09 18:40:26,829 - root - DEBUG - 2.5.2 Value: 0
2023-07-09 18:40:26,829 - root - DEBUG - 2.5.3 Value: 0
2023-07-09 18:40:26,829 - root - DEBUG - 3 Value: None
2023-07-09 18:40:26,829 - root - DEBUG - 3.1 Value: None
2023-07-09 18:40:26,829 - root - DEBUG - 3.1.1 Value: None
2023-07-09 18:40:26,829 - root - DEBUG - 3.1.1.1 Value: None
2023-07-09 18:40:26,829 - root - DEBUG - 3.1.1.1.1 Value: 18
2023-07-09 18:40:26,829 - root - DEBUG - 3.1.1.1.2 Value: 19
2023-07-09 18:40:26,829 - root - DEBUG - 3.1.1.1.3 Value: 1
2023-07-09 18:40:26,829 - root - DEBUG - 3.1.1.1.4 Value: 10
2023-07-09 18:40:26,829 - root - DEBUG - 3.1.1.2 Value: None
2023-07-09 18:40:26,829 - root - DEBUG - 3.1.1.2.1 Value: 38
2023-07-09 18:40:26,829 - root - DEBUG - 3.1.1.2.2 Value: 19
2023-07-09 18:40:26,829 - root - DEBUG - 3.1.1.2.3 Value: 1
2023-07-09 18:40:26,829 - root - DEBUG - 3.1.1.2.4 Value: 10
2023-07-09 18:40:26,829 - root - DEBUG - 3.1.2 Value: None
2023-07-09 18:40:26,829 - root - DEBUG - 3.1.2.1 Value: None
2023-07-09 18:40:26,829 - root - DEBUG - 3.1.2.1.1 Value: 66
2023-07-09 18:40:26,829 - root - DEBUG - 3.1.2.1.2 Value: 19
2023-07-09 18:40:26,829 - root - DEBUG - 3.1.2.1.3 Value: 1
2023-07-09 18:40:26,829 - root - DEBUG - 3.1.2.1.4 Value: 10
2023-07-09 18:40:26,829 - root - DEBUG - 3.1.2.2 Value: None
2023-07-09 18:40:26,829 - root - DEBUG - 3.1.2.2.1 Value: 86
2023-07-09 18:40:26,829 - root - DEBUG - 3.1.2.2.2 Value: 19
2023-07-09 18:40:26,829 - root - DEBUG - 3.1.2.2.3 Value: 1
2023-07-09 18:40:26,829 - root - DEBUG - 3.1.2.2.4 Value: 10
2023-07-09 18:40:26,829 - root - DEBUG - 3.1.5 Value: None
2023-07-09 18:40:26,829 - root - DEBUG - 3.1.5.1 Value: 59
2023-07-09 18:40:26,829 - root - DEBUG - 3.1.5.2 Value: 19
2023-07-09 18:40:26,829 - root - DEBUG - 3.1.5.3 Value: 11
2023-07-09 18:40:26,829 - root - DEBUG - 3.1.7 Value: 0
2023-07-09 18:40:26,829 - root - DEBUG - 3.1.8 Value: 1
2023-07-09 18:40:26,829 - root - DEBUG - 4 Value: None
2023-07-09 18:40:26,829 - root - DEBUG - 4.4 Value: None
2023-07-09 18:40:26,829 - root - DEBUG - 4.4.1 Value: None
2023-07-09 18:40:26,829 - root - DEBUG - 4.4.1.1 Value: 18
2023-07-09 18:40:26,829 - root - DEBUG - 4.4.1.2 Value: 277
2023-07-09 18:40:26,829 - root - DEBUG - 4.4.1.3 Value: 95
2023-07-09 18:40:26,829 - root - DEBUG - 4.4.1.4 Value: 299
2023-07-09 18:40:26,829 - root - DEBUG - 4.4.1.5 Value: 18
2023-07-09 18:40:26,829 - root - DEBUG - 4.4.1.6 Value: 1
2023-07-09 18:40:26,829 - root - DEBUG - 4.4.1.7 Value: 0
2023-07-09 18:40:26,829 - root - DEBUG - 4.4.1.8 Value: 12
2023-07-09 18:40:26,829 - root - DEBUG - 4.4.1.9 Value: 10
2023-07-09 18:40:26,829 - root - DEBUG - 4.4.2 Value: 23
2023-07-09 18:40:26,829 - root - DEBUG - 4.4.3 Value: 24
2023-07-09 18:40:26,829 - root - DEBUG - 4.6 Value: None
2023-07-09 18:40:26,829 - root - DEBUG - 4.6.1 Value: None
2023-07-09 18:40:26,829 - root - DEBUG - 4.6.1.1 Value: 94
2023-07-09 18:40:26,829 - root - DEBUG - 4.6.1.2 Value: 132
2023-07-09 18:40:26,829 - root - DEBUG - 4.6.1.3 Value: 207
2023-07-09 18:40:26,829 - root - DEBUG - 4.6.1.4 Value: 192
2023-07-09 18:40:26,829 - root - DEBUG - 4.6.1.5 Value: 24
2023-07-09 18:40:26,829 - root - DEBUG - 4.6.1.6 Value: 4
2023-07-09 18:40:26,838 - root - DEBUG - 4.6.1.7 Value: 0
2023-07-09 18:40:26,838 - root - DEBUG - 4.6.1.8 Value: 25
2023-07-09 18:40:26,838 - root - DEBUG - 4.6.1.9 Value: 10
2023-07-09 18:40:26,838 - root - DEBUG - 4.7 Value: 0
2023-07-09 18:40:26,838 - root - DEBUG - 5 Value: None
2023-07-09 18:40:26,838 - root - DEBUG - 5.1 Value: None
2023-07-09 18:40:26,838 - root - DEBUG - 5.1.2 Value: None
2023-07-09 18:40:26,838 - root - DEBUG - 5.1.2.1 Value: None
2023-07-09 18:40:26,838 - root - DEBUG - 5.1.2.1.1 Value: 193
2023-07-09 18:40:26,838 - root - DEBUG - 5.1.2.1.2 Value: 276
2023-07-09 18:40:26,838 - root - DEBUG - 5.1.2.1.3 Value: 272
2023-07-09 18:40:26,838 - root - DEBUG - 5.1.2.1.4 Value: 300
2023-07-09 18:40:26,838 - root - DEBUG - 5.1.2.1.5 Value: 18
2023-07-09 18:40:26,838 - root - DEBUG - 5.1.2.1.6 Value: 1
2023-07-09 18:40:26,838 - root - DEBUG - 5.1.2.1.7 Value: 0
2023-07-09 18:40:26,838 - root - DEBUG - 5.1.2.1.8 Value: 12
2023-07-09 18:40:26,838 - root - DEBUG - 5.1.2.1.9 Value: 10
2023-07-09 18:40:26,838 - root - DEBUG - 5.1.2.2 Value: 22
2023-07-09 18:40:26,838 - root - DEBUG - 5.1.4 Value: 1
2023-07-09 18:40:26,838 - root - DEBUG - 5.1.5 Value: 1
2023-07-09 18:40:26,838 - root - DEBUG - 5.1.6 Value: 0
2023-07-09 18:40:26,838 - root - DEBUG - 9 Value: None
2023-07-09 18:40:26,838 - root - DEBUG - 9.2 Value: None
2023-07-09 18:40:26,838 - root - DEBUG - 9.2.1 Value: 230
2023-07-09 18:40:26,838 - root - DEBUG - 9.2.2 Value: 13
2023-07-09 18:40:26,838 - root - DEBUG - 9.2.3 Value: 35
2023-07-09 18:40:26,838 - root - DEBUG - 9.2.4 Value: 10
2023-07-09 18:40:26,838 - root - DEBUG - 23 Value: None
2023-07-09 18:40:26,838 - root - DEBUG - 23.2 Value: None
2023-07-09 18:40:26,838 - root - DEBUG - 23.2.1 Value: 24
2023-07-09 18:40:26,838 - root - DEBUG - 23.2.2 Value: 46
2023-07-09 18:40:26,838 - root - DEBUG - 23.2.3 Value: 45
2023-07-09 18:40:26,838 - root - DEBUG - 23.2.4 Value: 12
2023-07-09 18:40:26,838 - root - DEBUG - 23.6 Value: None
2023-07-09 18:40:26,838 - root - DEBUG - 23.6.1 Value: 24
2023-07-09 18:40:26,838 - root - DEBUG - 23.6.2 Value: 46
2023-07-09 18:40:26,838 - root - DEBUG - 23.6.3 Value: 57
2023-07-09 18:40:26,838 - root - DEBUG - 0-Info
2023-07-09 18:40:26,838 - root - DEBUG - 0.1-DeviceId
2023-07-09 18:40:26,838 - root - DEBUG - 2-Background
2023-07-09 18:40:26,838 - root - DEBUG - 2.2-BackgroundColor
2023-07-09 18:40:26,838 - root - DEBUG - 2.3-Preview
2023-07-09 18:40:26,838 - root - DEBUG - 2.3.1-X
2023-07-09 18:40:26,838 - root - DEBUG - 2.3.2-Y
2023-07-09 18:40:26,838 - root - DEBUG - 2.3.3-ImageIndex
2023-07-09 18:40:26,838 - root - DEBUG - 2.4-PreviewTradChinese
2023-07-09 18:40:26,838 - root - DEBUG - 2.4.1-X
2023-07-09 18:40:26,838 - root - DEBUG - 2.4.2-Y
2023-07-09 18:40:26,838 - root - DEBUG - 2.4.3-ImageIndex
2023-07-09 18:40:26,838 - root - DEBUG - 2.5-PreviewChinese
2023-07-09 18:40:26,838 - root - DEBUG - 2.5.1-X
2023-07-09 18:40:26,838 - root - DEBUG - 2.5.2-Y
2023-07-09 18:40:26,845 - root - DEBUG - 2.5.3-ImageIndex
2023-07-09 18:40:26,845 - root - DEBUG - 3-TimeExtended
2023-07-09 18:40:26,845 - root - DEBUG - 3.1-TimeSeparateDigits
2023-07-09 18:40:26,845 - root - DEBUG - 3.1.1-Hours
2023-07-09 18:40:26,845 - root - DEBUG - 3.1.1.1-Tens
2023-07-09 18:40:26,845 - root - DEBUG - 3.1.1.1.1-X
2023-07-09 18:40:26,845 - root - DEBUG - 3.1.1.1.2-Y
2023-07-09 18:40:26,845 - root - DEBUG - 3.1.1.1.3-ImageIndex
2023-07-09 18:40:26,845 - root - DEBUG - 3.1.1.1.4-ImagesCount
2023-07-09 18:40:26,845 - root - DEBUG - 3.1.1.2-Ones
2023-07-09 18:40:26,845 - root - DEBUG - 3.1.1.2.1-X
2023-07-09 18:40:26,845 - root - DEBUG - 3.1.1.2.2-Y
2023-07-09 18:40:26,845 - root - DEBUG - 3.1.1.2.3-ImageIndex
2023-07-09 18:40:26,848 - root - DEBUG - 3.1.1.2.4-ImagesCount
2023-07-09 18:40:26,848 - root - DEBUG - 3.1.2-Minutes
2023-07-09 18:40:26,848 - root - DEBUG - 3.1.2.1-Tens
2023-07-09 18:40:26,848 - root - DEBUG - 3.1.2.1.1-X
2023-07-09 18:40:26,848 - root - DEBUG - 3.1.2.1.2-Y
2023-07-09 18:40:26,848 - root - DEBUG - 3.1.2.1.3-ImageIndex
2023-07-09 18:40:26,848 - root - DEBUG - 3.1.2.1.4-ImagesCount
2023-07-09 18:40:26,848 - root - DEBUG - 3.1.2.2-Ones
2023-07-09 18:40:26,848 - root - DEBUG - 3.1.2.2.1-X
2023-07-09 18:40:26,848 - root - DEBUG - 3.1.2.2.2-Y
2023-07-09 18:40:26,848 - root - DEBUG - 3.1.2.2.3-ImageIndex
2023-07-09 18:40:26,848 - root - DEBUG - 3.1.2.2.4-ImagesCount
2023-07-09 18:40:26,848 - root - DEBUG - 3.1.5-SeparatorHours
2023-07-09 18:40:26,848 - root - DEBUG - 3.1.5.1-X
2023-07-09 18:40:26,848 - root - DEBUG - 3.1.5.2-Y
2023-07-09 18:40:26,848 - root - DEBUG - 3.1.5.3-ImageIndex
2023-07-09 18:40:26,848 - root - DEBUG - 3.1.7-UnknowBoolean7
2023-07-09 18:40:26,848 - root - DEBUG - 3.1.8-PaddingZeroMinutes
2023-07-09 18:40:26,848 - root - DEBUG - 4-Activity
2023-07-09 18:40:26,848 - root - DEBUG - 4.4-HeartRate
2023-07-09 18:40:26,848 - root - DEBUG - 4.4.1-ImageNumber
2023-07-09 18:40:26,848 - root - DEBUG - 4.4.1.1-TopLeftX
2023-07-09 18:40:26,848 - root - DEBUG - 4.4.1.2-TopLeftY
2023-07-09 18:40:26,848 - root - DEBUG - 4.4.1.3-BottomRightX
2023-07-09 18:40:26,848 - root - DEBUG - 4.4.1.4-BottomRightY
2023-07-09 18:40:26,848 - root - DEBUG - 4.4.1.5-Alignment
2023-07-09 18:40:26,848 - root - DEBUG - 4.4.1.6-Spacing
2023-07-09 18:40:26,848 - root - DEBUG - 4.4.1.7-VerticalOffset
2023-07-09 18:40:26,853 - root - DEBUG - 4.4.1.8-ImageIndex
2023-07-09 18:40:26,853 - root - DEBUG - 4.4.1.9-ImagesCount
2023-07-09 18:40:26,853 - root - DEBUG - 4.4.2-PrefixImageIndex
2023-07-09 18:40:26,853 - root - DEBUG - 4.4.3-NoDataImageIndex
2023-07-09 18:40:26,853 - root - DEBUG - 4.6-PAI
2023-07-09 18:40:26,853 - root - DEBUG - 4.6.1-ImageNumber
2023-07-09 18:40:26,853 - root - DEBUG - 4.6.1.1-TopLeftX
2023-07-09 18:40:26,853 - root - DEBUG - 4.6.1.2-TopLeftY
2023-07-09 18:40:26,853 - root - DEBUG - 4.6.1.3-BottomRightX
2023-07-09 18:40:26,853 - root - DEBUG - 4.6.1.4-BottomRightY
2023-07-09 18:40:26,853 - root - DEBUG - 4.6.1.5-Alignment
2023-07-09 18:40:26,853 - root - DEBUG - 4.6.1.6-Spacing
2023-07-09 18:40:26,853 - root - DEBUG - 4.6.1.7-VerticalOffset
2023-07-09 18:40:26,853 - root - DEBUG - 4.6.1.8-ImageIndex
2023-07-09 18:40:26,853 - root - DEBUG - 4.6.1.9-ImagesCount
2023-07-09 18:40:26,853 - root - DEBUG - 4.7-UnknownLongValue7
2023-07-09 18:40:26,853 - root - DEBUG - 5-DateBlock
2023-07-09 18:40:26,853 - root - DEBUG - 5.1-Date
2023-07-09 18:40:26,853 - root - DEBUG - 5.1.2-OneLineMonthAndDay
2023-07-09 18:40:26,853 - root - DEBUG - 5.1.2.1-Number
2023-07-09 18:40:26,853 - root - DEBUG - 5.1.2.1.1-TopLeftX
2023-07-09 18:40:26,853 - root - DEBUG - 5.1.2.1.2-TopLeftY
2023-07-09 18:40:26,853 - root - DEBUG - 5.1.2.1.3-BottomRightX
2023-07-09 18:40:26,853 - root - DEBUG - 5.1.2.1.4-BottomRightY
2023-07-09 18:40:26,853 - root - DEBUG - 5.1.2.1.5-Alignment
2023-07-09 18:40:26,853 - root - DEBUG - 5.1.2.1.6-Spacing
2023-07-09 18:40:26,853 - root - DEBUG - 5.1.2.1.7-VerticalOffset
2023-07-09 18:40:26,858 - root - DEBUG - 5.1.2.1.8-ImageIndex
2023-07-09 18:40:26,858 - root - DEBUG - 5.1.2.1.9-ImagesCount
2023-07-09 18:40:26,858 - root - DEBUG - 5.1.2.2-DelimiterImageIndex
2023-07-09 18:40:26,858 - root - DEBUG - 5.1.4-PaddingZeroMonth
2023-07-09 18:40:26,858 - root - DEBUG - 5.1.5-PaddingZeroDay
2023-07-09 18:40:26,858 - root - DEBUG - 5.1.6-UnknownBoolean6
2023-07-09 18:40:26,858 - root - DEBUG - 9-Battery
2023-07-09 18:40:26,858 - root - DEBUG - 9.2-ImageProgress
2023-07-09 18:40:26,858 - root - DEBUG - 9.2.1-X
2023-07-09 18:40:26,858 - root - DEBUG - 9.2.2-Y
2023-07-09 18:40:26,858 - root - DEBUG - 9.2.3-ImageIndex
2023-07-09 18:40:26,858 - root - DEBUG - 9.2.4-ImagesCount
2023-07-09 18:40:26,858 - root - DEBUG - 23-PaiProgress
2023-07-09 18:40:26,858 - root - DEBUG - 23.2-ImageProgress
2023-07-09 18:40:26,858 - root - DEBUG - 23.2.1-X
2023-07-09 18:40:26,858 - root - DEBUG - 23.2.2-Y
2023-07-09 18:40:26,858 - root - DEBUG - 23.2.3-ImageIndex
2023-07-09 18:40:26,861 - root - DEBUG - 23.2.4-ImagesCount
2023-07-09 18:40:26,861 - root - DEBUG - 23.6-BackgroundLayer
2023-07-09 18:40:26,861 - root - DEBUG - 23.6.1-X
2023-07-09 18:40:26,861 - root - DEBUG - 23.6.2-Y
2023-07-09 18:40:26,861 - root - DEBUG - 23.6.3-ImageIndex
2023-07-09 18:40:26,861 - root - DEBUG - generatePreviews
2023-07-09 18:40:26,861 - root - DEBUG - Generating previews...
2023-07-09 18:40:26,861 - root - DEBUG - Generating states done...
2023-07-09 18:40:26,868 - root - DEBUG - >>>>>>>>>>>> 0 <watchFaceParser.models.parameter.Parameter object at 0x00000236C24DF400>
2023-07-09 18:40:26,868 - root - DEBUG - >>>>>>>>>>>> 2 <watchFaceParser.models.parameter.Parameter object at 0x00000236C24D92E0>
2023-07-09 18:40:26,878 - root - DEBUG - >>>>>>>>>>>> 3 <watchFaceParser.models.parameter.Parameter object at 0x00000236C24D9670>
2023-07-09 18:40:26,893 - root - DEBUG - >>>>>>>>>>>> 4 <watchFaceParser.models.parameter.Parameter object at 0x00000236C24DB880>
2023-07-09 18:40:26,903 - root - DEBUG - >>>>>>>>>>>> 5 <watchFaceParser.models.parameter.Parameter object at 0x00000236C24DC520>
2023-07-09 18:40:26,909 - root - DEBUG - >>>>>>>>>>>> 9 <watchFaceParser.models.parameter.Parameter object at 0x00000236C24DCD30>
2023-07-09 18:40:26,909 - root - DEBUG - >>>>>>>>>>>> 23 <watchFaceParser.models.parameter.Parameter object at 0x00000236C24DCCD0>
2023-07-09 18:40:26,924 - root - DEBUG - Generating static preview gen done...
2023-07-09 18:40:27,004 - root - DEBUG - Generating static preview save done...
2023-07-09 18:40:27,004 - root - DEBUG - Generating anim preview gen done...
2023-07-09 18:40:27,004 - root - DEBUG - >>>>>>>>>>>> 0 <watchFaceParser.models.parameter.Parameter object at 0x00000236C24DF400>
2023-07-09 18:40:27,004 - root - DEBUG - >>>>>>>>>>>> 2 <watchFaceParser.models.parameter.Parameter object at 0x00000236C24D92E0>
2023-07-09 18:40:27,004 - root - DEBUG - >>>>>>>>>>>> 3 <watchFaceParser.models.parameter.Parameter object at 0x00000236C24D9670>
2023-07-09 18:40:27,004 - root - DEBUG - >>>>>>>>>>>> 4 <watchFaceParser.models.parameter.Parameter object at 0x00000236C24DB880>
2023-07-09 18:40:27,004 - root - DEBUG - >>>>>>>>>>>> 5 <watchFaceParser.models.parameter.Parameter object at 0x00000236C24DC520>
2023-07-09 18:40:27,004 - root - DEBUG - >>>>>>>>>>>> 9 <watchFaceParser.models.parameter.Parameter object at 0x00000236C24DCD30>
2023-07-09 18:40:27,004 - root - DEBUG - >>>>>>>>>>>> 23 <watchFaceParser.models.parameter.Parameter object at 0x00000236C24DCCD0>
2023-07-09 18:40:27,148 - root - DEBUG - generatePreviews done
2023-07-09 18:40:27,148 - root - DEBUG - Exporting resources to 'E:\Codez\zepp-bipupro-wf\435275400fce6f8dbcf05152fbac81db'
2023-07-09 18:40:27,158 - root - DEBUG - extracting E:\Codez\zepp-bipupro-wf\435275400fce6f8dbcf05152fbac81db\0000.png...
2023-07-09 18:40:27,168 - root - DEBUG - extracting E:\Codez\zepp-bipupro-wf\435275400fce6f8dbcf05152fbac81db\0001.png...
2023-07-09 18:40:27,168 - root - DEBUG - extracting E:\Codez\zepp-bipupro-wf\435275400fce6f8dbcf05152fbac81db\0002.png...
2023-07-09 18:40:27,168 - root - DEBUG - extracting E:\Codez\zepp-bipupro-wf\435275400fce6f8dbcf05152fbac81db\0003.png...
2023-07-09 18:40:27,168 - root - DEBUG - extracting E:\Codez\zepp-bipupro-wf\435275400fce6f8dbcf05152fbac81db\0004.png...
2023-07-09 18:40:27,168 - root - DEBUG - extracting E:\Codez\zepp-bipupro-wf\435275400fce6f8dbcf05152fbac81db\0005.png...
2023-07-09 18:40:27,168 - root - DEBUG - extracting E:\Codez\zepp-bipupro-wf\435275400fce6f8dbcf05152fbac81db\0006.png...
2023-07-09 18:40:27,177 - root - DEBUG - extracting E:\Codez\zepp-bipupro-wf\435275400fce6f8dbcf05152fbac81db\0007.png...
2023-07-09 18:40:27,178 - root - DEBUG - extracting E:\Codez\zepp-bipupro-wf\435275400fce6f8dbcf05152fbac81db\0008.png...
2023-07-09 18:40:27,178 - root - DEBUG - extracting E:\Codez\zepp-bipupro-wf\435275400fce6f8dbcf05152fbac81db\0009.png...
2023-07-09 18:40:27,178 - root - DEBUG - extracting E:\Codez\zepp-bipupro-wf\435275400fce6f8dbcf05152fbac81db\0010.png...
2023-07-09 18:40:27,183 - root - DEBUG - extracting E:\Codez\zepp-bipupro-wf\435275400fce6f8dbcf05152fbac81db\0011.png...
2023-07-09 18:40:27,183 - root - DEBUG - extracting E:\Codez\zepp-bipupro-wf\435275400fce6f8dbcf05152fbac81db\0012.png...
2023-07-09 18:40:27,183 - root - DEBUG - extracting E:\Codez\zepp-bipupro-wf\435275400fce6f8dbcf05152fbac81db\0013.png...
2023-07-09 18:40:27,183 - root - DEBUG - extracting E:\Codez\zepp-bipupro-wf\435275400fce6f8dbcf05152fbac81db\0014.png...
2023-07-09 18:40:27,188 - root - DEBUG - extracting E:\Codez\zepp-bipupro-wf\435275400fce6f8dbcf05152fbac81db\0015.png...
2023-07-09 18:40:27,188 - root - DEBUG - extracting E:\Codez\zepp-bipupro-wf\435275400fce6f8dbcf05152fbac81db\0016.png...
2023-07-09 18:40:27,188 - root - DEBUG - extracting E:\Codez\zepp-bipupro-wf\435275400fce6f8dbcf05152fbac81db\0017.png...
2023-07-09 18:40:27,188 - root - DEBUG - extracting E:\Codez\zepp-bipupro-wf\435275400fce6f8dbcf05152fbac81db\0018.png...
2023-07-09 18:40:27,193 - root - DEBUG - extracting E:\Codez\zepp-bipupro-wf\435275400fce6f8dbcf05152fbac81db\0019.png...
2023-07-09 18:40:27,193 - root - DEBUG - extracting E:\Codez\zepp-bipupro-wf\435275400fce6f8dbcf05152fbac81db\0020.png...
2023-07-09 18:40:27,193 - root - DEBUG - extracting E:\Codez\zepp-bipupro-wf\435275400fce6f8dbcf05152fbac81db\0021.png...
2023-07-09 18:40:27,198 - root - DEBUG - extracting E:\Codez\zepp-bipupro-wf\435275400fce6f8dbcf05152fbac81db\0022.png...
2023-07-09 18:40:27,198 - root - DEBUG - extracting E:\Codez\zepp-bipupro-wf\435275400fce6f8dbcf05152fbac81db\0023.png...
2023-07-09 18:40:27,198 - root - DEBUG - extracting E:\Codez\zepp-bipupro-wf\435275400fce6f8dbcf05152fbac81db\0024.png...
2023-07-09 18:40:27,198 - root - DEBUG - extracting E:\Codez\zepp-bipupro-wf\435275400fce6f8dbcf05152fbac81db\0025.png...
2023-07-09 18:40:27,198 - root - DEBUG - extracting E:\Codez\zepp-bipupro-wf\435275400fce6f8dbcf05152fbac81db\0026.png...
2023-07-09 18:40:27,198 - root - DEBUG - extracting E:\Codez\zepp-bipupro-wf\435275400fce6f8dbcf05152fbac81db\0027.png...
2023-07-09 18:40:27,198 - root - DEBUG - extracting E:\Codez\zepp-bipupro-wf\435275400fce6f8dbcf05152fbac81db\0028.png...
2023-07-09 18:40:27,208 - root - DEBUG - extracting E:\Codez\zepp-bipupro-wf\435275400fce6f8dbcf05152fbac81db\0029.png...
2023-07-09 18:40:27,208 - root - DEBUG - extracting E:\Codez\zepp-bipupro-wf\435275400fce6f8dbcf05152fbac81db\0030.png...
2023-07-09 18:40:27,208 - root - DEBUG - extracting E:\Codez\zepp-bipupro-wf\435275400fce6f8dbcf05152fbac81db\0031.png...
2023-07-09 18:40:27,208 - root - DEBUG - extracting E:\Codez\zepp-bipupro-wf\435275400fce6f8dbcf05152fbac81db\0032.png...
2023-07-09 18:40:27,208 - root - DEBUG - extracting E:\Codez\zepp-bipupro-wf\435275400fce6f8dbcf05152fbac81db\0033.png...
2023-07-09 18:40:27,208 - root - DEBUG - extracting E:\Codez\zepp-bipupro-wf\435275400fce6f8dbcf05152fbac81db\0034.png...
2023-07-09 18:40:27,218 - root - DEBUG - extracting E:\Codez\zepp-bipupro-wf\435275400fce6f8dbcf05152fbac81db\0035.png...
2023-07-09 18:40:27,218 - root - DEBUG - extracting E:\Codez\zepp-bipupro-wf\435275400fce6f8dbcf05152fbac81db\0036.png...
2023-07-09 18:40:27,218 - root - DEBUG - extracting E:\Codez\zepp-bipupro-wf\435275400fce6f8dbcf05152fbac81db\0037.png...
2023-07-09 18:40:27,218 - root - DEBUG - extracting E:\Codez\zepp-bipupro-wf\435275400fce6f8dbcf05152fbac81db\0038.png...
2023-07-09 18:40:27,224 - root - DEBUG - extracting E:\Codez\zepp-bipupro-wf\435275400fce6f8dbcf05152fbac81db\0039.png...
2023-07-09 18:40:27,224 - root - DEBUG - extracting E:\Codez\zepp-bipupro-wf\435275400fce6f8dbcf05152fbac81db\0040.png...
2023-07-09 18:40:27,228 - root - DEBUG - extracting E:\Codez\zepp-bipupro-wf\435275400fce6f8dbcf05152fbac81db\0041.png...
2023-07-09 18:40:27,228 - root - DEBUG - extracting E:\Codez\zepp-bipupro-wf\435275400fce6f8dbcf05152fbac81db\0042.png...
2023-07-09 18:40:27,228 - root - DEBUG - extracting E:\Codez\zepp-bipupro-wf\435275400fce6f8dbcf05152fbac81db\0043.png...
2023-07-09 18:40:27,228 - root - DEBUG - extracting E:\Codez\zepp-bipupro-wf\435275400fce6f8dbcf05152fbac81db\0044.png...
2023-07-09 18:40:27,228 - root - DEBUG - extracting E:\Codez\zepp-bipupro-wf\435275400fce6f8dbcf05152fbac81db\0045.png...
2023-07-09 18:40:27,240 - root - DEBUG - extracting E:\Codez\zepp-bipupro-wf\435275400fce6f8dbcf05152fbac81db\0046.png...
2023-07-09 18:40:27,248 - root - DEBUG - extracting E:\Codez\zepp-bipupro-wf\435275400fce6f8dbcf05152fbac81db\0047.png...
2023-07-09 18:40:27,263 - root - DEBUG - extracting E:\Codez\zepp-bipupro-wf\435275400fce6f8dbcf05152fbac81db\0048.png...
2023-07-09 18:40:27,271 - root - DEBUG - extracting E:\Codez\zepp-bipupro-wf\435275400fce6f8dbcf05152fbac81db\0049.png...
2023-07-09 18:40:27,283 - root - DEBUG - extracting E:\Codez\zepp-bipupro-wf\435275400fce6f8dbcf05152fbac81db\0050.png...
2023-07-09 18:40:27,293 - root - DEBUG - extracting E:\Codez\zepp-bipupro-wf\435275400fce6f8dbcf05152fbac81db\0051.png...
2023-07-09 18:40:27,303 - root - DEBUG - extracting E:\Codez\zepp-bipupro-wf\435275400fce6f8dbcf05152fbac81db\0052.png...
2023-07-09 18:40:27,319 - root - DEBUG - extracting E:\Codez\zepp-bipupro-wf\435275400fce6f8dbcf05152fbac81db\0053.png...
2023-07-09 18:40:27,328 - root - DEBUG - extracting E:\Codez\zepp-bipupro-wf\435275400fce6f8dbcf05152fbac81db\0054.png...
2023-07-09 18:40:27,338 - root - DEBUG - extracting E:\Codez\zepp-bipupro-wf\435275400fce6f8dbcf05152fbac81db\0055.png...
2023-07-09 18:40:27,350 - root - DEBUG - extracting E:\Codez\zepp-bipupro-wf\435275400fce6f8dbcf05152fbac81db\0056.png...
2023-07-09 18:40:27,363 - root - DEBUG - extracting E:\Codez\zepp-bipupro-wf\435275400fce6f8dbcf05152fbac81db\0057.png...
2023-07-09 18:40:27,373 - root - DEBUG - Exporting config...
