2022-01-06 08:41:23,933 - root - DEBUG - Opening watch face 'E:\Codez\zepp-bipupro-wf\3be0a9ff72b38b34141262a1a0be0639.bin'
2022-01-06 08:41:23,948 - root - DEBUG - Reading parameters...
2022-01-06 08:41:23,948 - root - INFO - Reading header...
2022-01-06 08:41:23,948 - root - INFO - Header was read:
2022-01-06 08:41:23,948 - root - INFO - Signature: b'UIHH\x01\x00\xff', Unknown: 102, ParametersSize: 40, isValid: True, deviceId: 71
2022-01-06 08:41:23,948 - root - INFO - Reading parameter offsets...
2022-01-06 08:41:23,948 - root - INFO - Parameter offsets were read from file
2022-01-06 08:41:23,948 - root - INFO - Reading parameters descriptor...
2022-01-06 08:41:23,948 - root - INFO - 1 ( A): 5 bytes
2022-01-06 08:41:23,948 - root - INFO -     1 ( 8): 266 10A
2022-01-06 08:41:23,948 - root - INFO -     2 (10): 50 32
2022-01-06 08:41:23,948 - root - INFO - getParameters descriptor was read:
2022-01-06 08:41:23,948 - root - INFO - ParametersTableLength: 266, ImagesCount: 50
2022-01-06 08:41:23,948 - root - INFO - Reading parameters locations...
2022-01-06 08:41:23,948 - root - INFO - 2 (12): 4 bytes
2022-01-06 08:41:23,948 - root - INFO -     1 ( 8): 0  0
2022-01-06 08:41:23,948 - root - INFO -     2 (10): 32 20
2022-01-06 08:41:23,948 - root - INFO - 4 (22): 4 bytes
2022-01-06 08:41:23,948 - root - INFO -     1 ( 8): 103 67
2022-01-06 08:41:23,948 - root - INFO -     2 (10): 102 66
2022-01-06 08:41:23,948 - root - INFO - 5 (2A): 4 bytes
2022-01-06 08:41:23,948 - root - INFO -     1 ( 8): 32 20
2022-01-06 08:41:23,948 - root - INFO -     2 (10): 71 47
2022-01-06 08:41:23,948 - root - INFO - 9 (4A): 5 bytes
2022-01-06 08:41:23,948 - root - INFO -     1 ( 8): 205 CD
2022-01-06 08:41:23,948 - root - INFO -     2 (10): 24 18
2022-01-06 08:41:23,948 - root - INFO - 20 (A2): 5 bytes
2022-01-06 08:41:23,948 - root - INFO -     1 ( 8): 229 E5
2022-01-06 08:41:23,948 - root - INFO -     2 (10): 37 25
2022-01-06 08:41:23,948 - root - INFO - Watch face parameters locations were read:
2022-01-06 08:41:23,948 - root - INFO - Reading descriptor for parameter 2
2022-01-06 08:41:23,948 - root - INFO - Descriptor offset: 0, Descriptor length: 32
2022-01-06 08:41:23,948 - root - INFO - Parsing descriptor for parameter 2...
2022-01-06 08:41:23,948 - root - INFO - 1 ( A): 6 bytes
2022-01-06 08:41:23,948 - root - INFO -     1 ( 8): 0  0
2022-01-06 08:41:23,948 - root - INFO -     2 (10): 0  0
2022-01-06 08:41:23,948 - root - INFO -     3 (18): 0  0
2022-01-06 08:41:23,948 - root - INFO - 3 (1A): 6 bytes
2022-01-06 08:41:23,948 - root - INFO -     1 ( 8): 18 12
2022-01-06 08:41:23,948 - root - INFO -     2 (10): 17 11
2022-01-06 08:41:23,948 - root - INFO -     3 (18): 2  2
2022-01-06 08:41:23,948 - root - INFO - 4 (22): 6 bytes
2022-01-06 08:41:23,948 - root - INFO -     1 ( 8): 18 12
2022-01-06 08:41:23,948 - root - INFO -     2 (10): 17 11
2022-01-06 08:41:23,948 - root - INFO -     3 (18): 3  3
2022-01-06 08:41:23,948 - root - INFO - 5 (2A): 6 bytes
2022-01-06 08:41:23,948 - root - INFO -     1 ( 8): 18 12
2022-01-06 08:41:23,948 - root - INFO -     2 (10): 17 11
2022-01-06 08:41:23,948 - root - INFO -     3 (18): 1  1
2022-01-06 08:41:23,964 - root - INFO - Reading descriptor for parameter 4
2022-01-06 08:41:23,964 - root - INFO - Descriptor offset: 103, Descriptor length: 102
2022-01-06 08:41:23,964 - root - INFO - Parsing descriptor for parameter 4...
2022-01-06 08:41:23,964 - root - INFO - 1 ( A): 24 bytes
2022-01-06 08:41:23,964 - root - INFO -     1 ( A): 22 bytes
2022-01-06 08:41:23,964 - root - INFO -         1 ( 8): 207 CF
2022-01-06 08:41:23,964 - root - INFO -         2 (10): 291 123
2022-01-06 08:41:23,964 - root - INFO -         3 (18): 262 106
2022-01-06 08:41:23,964 - root - INFO -         4 (20): 310 136
2022-01-06 08:41:23,964 - root - INFO -         5 (28): 20 14
2022-01-06 08:41:23,964 - root - INFO -         6 (30): 1  1
2022-01-06 08:41:23,964 - root - INFO -         7 (38): 0  0
2022-01-06 08:41:23,964 - root - INFO -         8 (40): 35 23
2022-01-06 08:41:23,964 - root - INFO -         9 (48): 10  A
2022-01-06 08:41:23,964 - root - INFO - 4 (22): 34 bytes
2022-01-06 08:41:23,964 - root - INFO -     1 ( A): 18 bytes
2022-01-06 08:41:23,964 - root - INFO -         1 ( 8): 41 29
2022-01-06 08:41:23,964 - root - INFO -         2 (10): 10  A
2022-01-06 08:41:23,964 - root - INFO -         3 (18): 67 43
2022-01-06 08:41:23,964 - root - INFO -         4 (20): 29 1D
2022-01-06 08:41:23,964 - root - INFO -         5 (28): 18 12
2022-01-06 08:41:23,964 - root - INFO -         6 (30): 1  1
2022-01-06 08:41:23,964 - root - INFO -         7 (38): 0  0
2022-01-06 08:41:23,964 - root - INFO -         8 (40): 35 23
2022-01-06 08:41:23,964 - root - INFO -         9 (48): 10  A
2022-01-06 08:41:23,964 - root - INFO -     3 (18): 45 2D
2022-01-06 08:41:23,964 - root - INFO -     6 (32): 10 bytes
2022-01-06 08:41:23,964 - root - INFO -         1 ( 8): 41 29
2022-01-06 08:41:23,964 - root - INFO -         2 (10): 10  A
2022-01-06 08:41:23,964 - root - INFO -         3 (18): 67 43
2022-01-06 08:41:23,964 - root - INFO -         4 (20): 29 1D
2022-01-06 08:41:23,964 - root - INFO -         5 (28): 1  1
2022-01-06 08:41:23,964 - root - INFO - 6 (32): 36 bytes
2022-01-06 08:41:23,964 - root - INFO -     1 ( A): 20 bytes
2022-01-06 08:41:23,964 - root - INFO -         1 ( 8): 41 29
2022-01-06 08:41:23,964 - root - INFO -         2 (10): 291 123
2022-01-06 08:41:23,964 - root - INFO -         3 (18): 67 43
2022-01-06 08:41:23,964 - root - INFO -         4 (20): 310 136
2022-01-06 08:41:23,964 - root - INFO -         5 (28): 18 12
2022-01-06 08:41:23,964 - root - INFO -         6 (30): 1  1
2022-01-06 08:41:23,964 - root - INFO -         7 (38): 0  0
2022-01-06 08:41:23,964 - root - INFO -         8 (40): 35 23
2022-01-06 08:41:23,964 - root - INFO -         9 (48): 10  A
2022-01-06 08:41:23,964 - root - INFO -     4 (22): 12 bytes
2022-01-06 08:41:23,964 - root - INFO -         1 ( 8): 41 29
2022-01-06 08:41:23,964 - root - INFO -         2 (10): 291 123
2022-01-06 08:41:23,964 - root - INFO -         3 (18): 67 43
2022-01-06 08:41:23,964 - root - INFO -         4 (20): 310 136
2022-01-06 08:41:23,964 - root - INFO -         5 (28): 1  1
2022-01-06 08:41:23,964 - root - INFO - 7 (38): 0  0
2022-01-06 08:41:23,964 - root - INFO - Reading descriptor for parameter 5
2022-01-06 08:41:23,964 - root - INFO - Descriptor offset: 32, Descriptor length: 71
2022-01-06 08:41:23,964 - root - INFO - Parsing descriptor for parameter 5...
2022-01-06 08:41:23,964 - root - INFO - 1 ( A): 36 bytes
2022-01-06 08:41:23,964 - root - INFO -     9 (4A): 28 bytes
2022-01-06 08:41:23,964 - root - INFO -         3 (1A): 22 bytes
2022-01-06 08:41:23,964 - root - INFO -             1 ( 8): 175 AF
2022-01-06 08:41:23,964 - root - INFO -             2 (10): 226 E2
2022-01-06 08:41:23,964 - root - INFO -             3 (18): 202 CA
2022-01-06 08:41:23,964 - root - INFO -             4 (20): 245 F5
2022-01-06 08:41:23,964 - root - INFO -             5 (28): 8  8
2022-01-06 08:41:23,964 - root - INFO -             6 (30): 1  1
2022-01-06 08:41:23,964 - root - INFO -             7 (38): 0  0
2022-01-06 08:41:23,964 - root - INFO -             8 (40): 4  4
2022-01-06 08:41:23,964 - root - INFO -             9 (48): 10  A
2022-01-06 08:41:23,964 - root - INFO -         4 (20): 0  0
2022-01-06 08:41:23,964 - root - INFO -         5 (28): 0  0
2022-01-06 08:41:23,964 - root - INFO -     4 (20): 1  1
2022-01-06 08:41:23,964 - root - INFO -     5 (28): 1  1
2022-01-06 08:41:23,964 - root - INFO -     6 (30): 0  0
2022-01-06 08:41:23,964 - root - INFO - 4 (22): 9 bytes
2022-01-06 08:41:23,964 - root - INFO -     1 ( 8): 101 65
2022-01-06 08:41:23,964 - root - INFO -     2 (10): 226 E2
2022-01-06 08:41:23,964 - root - INFO -     3 (18): 14  E
2022-01-06 08:41:23,964 - root - INFO -     4 (20): 7  7
2022-01-06 08:41:23,964 - root - INFO - 5 (2A): 9 bytes
2022-01-06 08:41:23,964 - root - INFO -     1 ( 8): 101 65
2022-01-06 08:41:23,964 - root - INFO -     2 (10): 226 E2
2022-01-06 08:41:23,964 - root - INFO -     3 (18): 28 1C
2022-01-06 08:41:23,964 - root - INFO -     4 (20): 7  7
2022-01-06 08:41:23,964 - root - INFO - 6 (32): 9 bytes
2022-01-06 08:41:23,964 - root - INFO -     1 ( 8): 101 65
2022-01-06 08:41:23,964 - root - INFO -     2 (10): 226 E2
2022-01-06 08:41:23,964 - root - INFO -     3 (18): 21 15
2022-01-06 08:41:23,964 - root - INFO -     4 (20): 7  7
2022-01-06 08:41:23,964 - root - INFO - Reading descriptor for parameter 9
2022-01-06 08:41:23,964 - root - INFO - Descriptor offset: 205, Descriptor length: 24
2022-01-06 08:41:23,964 - root - INFO - Parsing descriptor for parameter 9...
2022-01-06 08:41:23,964 - root - INFO - 1 ( A): 22 bytes
2022-01-06 08:41:23,964 - root - INFO -     1 ( A): 20 bytes
2022-01-06 08:41:23,964 - root - INFO -         1 ( 8): 210 D2
2022-01-06 08:41:23,964 - root - INFO -         2 (10): 10  A
2022-01-06 08:41:23,964 - root - INFO -         3 (18): 249 F9
2022-01-06 08:41:23,964 - root - INFO -         4 (20): 29 1D
2022-01-06 08:41:23,964 - root - INFO -         5 (28): 20 14
2022-01-06 08:41:23,964 - root - INFO -         6 (30): 1  1
2022-01-06 08:41:23,964 - root - INFO -         7 (38): 0  0
2022-01-06 08:41:23,964 - root - INFO -         8 (40): 35 23
2022-01-06 08:41:23,964 - root - INFO -         9 (48): 10  A
2022-01-06 08:41:23,964 - root - INFO - Reading descriptor for parameter 20
2022-01-06 08:41:23,964 - root - INFO - Descriptor offset: 229, Descriptor length: 37
2022-01-06 08:41:23,964 - root - INFO - Parsing descriptor for parameter 20...
2022-01-06 08:41:23,964 - root - INFO - 2 (12): 6 bytes
2022-01-06 08:41:23,964 - root - INFO -     1 ( 8): 151 97
2022-01-06 08:41:23,964 - root - INFO -     2 (10): 160 A0
2022-01-06 08:41:23,964 - root - INFO - 3 (1A): 4 bytes
2022-01-06 08:41:23,964 - root - INFO -     1 ( 8): 46 2E
2022-01-06 08:41:23,964 - root - INFO -     2 (10): 83 53
2022-01-06 08:41:23,964 - root - INFO - 4 (22): 4 bytes
2022-01-06 08:41:23,964 - root - INFO -     1 ( 8): 47 2F
2022-01-06 08:41:23,964 - root - INFO -     2 (10): 125 7D
2022-01-06 08:41:23,964 - root - INFO - 5 (2A): 15 bytes
2022-01-06 08:41:23,964 - root - INFO -     1 ( 8): 48 30
2022-01-06 08:41:23,964 - root - INFO -     2 (10): 135 87
2022-01-06 08:41:23,964 - root - INFO -     4 (22): 8 bytes
2022-01-06 08:41:23,964 - root - INFO -         1 ( 8): 145 91
2022-01-06 08:41:23,964 - root - INFO -         2 (10): 154 9A
2022-01-06 08:41:23,964 - root - INFO -         3 (18): 49 31
2022-01-06 08:41:23,979 - root - INFO - Reading resources offsets table with 50 elements (200 bytes)
2022-01-06 08:41:23,979 - root - INFO - Resource 0 offset: 593, length: 193296...
2022-01-06 08:41:23,979 - root - DEBUG - Reading resource 0...
2022-01-06 08:41:24,011 - root - INFO - The image is bmc.
2022-01-06 08:41:24,011 - root - INFO - Reading image header(readHeader16C)...
2022-01-06 08:41:24,011 - root - INFO - Image header was read:
2022-01-06 08:41:24,011 - root - INFO - Width: 302, Height: 320, RowLength: 604
2022-01-06 08:41:24,011 - root - INFO - _step: 2, unknown2: 0,
2022-01-06 08:41:24,011 - root - INFO - BPP: 16, Transparency: False
2022-01-06 08:41:24,378 - root - INFO - Resource 1 offset: 193889, length: 86472...
2022-01-06 08:41:24,378 - root - DEBUG - Reading resource 1...
2022-01-06 08:41:24,378 - root - INFO - The image is bmc.
2022-01-06 08:41:24,378 - root - INFO - Reading image header(readHeader16C)...
2022-01-06 08:41:24,378 - root - INFO - Image header was read:
2022-01-06 08:41:24,378 - root - INFO - Width: 202, Height: 214, RowLength: 404
2022-01-06 08:41:24,378 - root - INFO - _step: 2, unknown2: 0,
2022-01-06 08:41:24,378 - root - INFO - BPP: 16, Transparency: False
2022-01-06 08:41:24,550 - root - INFO - Resource 2 offset: 280361, length: 86472...
2022-01-06 08:41:24,550 - root - DEBUG - Reading resource 2...
2022-01-06 08:41:24,550 - root - INFO - The image is bmc.
2022-01-06 08:41:24,550 - root - INFO - Reading image header(readHeader16C)...
2022-01-06 08:41:24,550 - root - INFO - Image header was read:
2022-01-06 08:41:24,550 - root - INFO - Width: 202, Height: 214, RowLength: 404
2022-01-06 08:41:24,550 - root - INFO - _step: 2, unknown2: 0,
2022-01-06 08:41:24,550 - root - INFO - BPP: 16, Transparency: False
2022-01-06 08:41:24,722 - root - INFO - Resource 3 offset: 366833, length: 86472...
2022-01-06 08:41:24,722 - root - DEBUG - Reading resource 3...
2022-01-06 08:41:24,722 - root - INFO - The image is bmc.
2022-01-06 08:41:24,722 - root - INFO - Reading image header(readHeader16C)...
2022-01-06 08:41:24,722 - root - INFO - Image header was read:
2022-01-06 08:41:24,722 - root - INFO - Width: 202, Height: 214, RowLength: 404
2022-01-06 08:41:24,722 - root - INFO - _step: 2, unknown2: 0,
2022-01-06 08:41:24,722 - root - INFO - BPP: 16, Transparency: False
2022-01-06 08:41:24,878 - root - INFO - Resource 4 offset: 453305, length: 700...
2022-01-06 08:41:24,878 - root - DEBUG - Reading resource 4...
2022-01-06 08:41:24,878 - root - INFO - The image is bmc.
2022-01-06 08:41:24,878 - root - INFO - Reading image header(readHeader16C)...
2022-01-06 08:41:24,878 - root - INFO - Image header was read:
2022-01-06 08:41:24,878 - root - INFO - Width: 12, Height: 19, RowLength: 36
2022-01-06 08:41:24,878 - root - INFO - _step: 3, unknown2: 0,
2022-01-06 08:41:24,878 - root - INFO - BPP: 24, Transparency: False
2022-01-06 08:41:24,878 - root - INFO - Resource 5 offset: 454005, length: 700...
2022-01-06 08:41:24,878 - root - DEBUG - Reading resource 5...
2022-01-06 08:41:24,878 - root - INFO - The image is bmc.
2022-01-06 08:41:24,878 - root - INFO - Reading image header(readHeader16C)...
2022-01-06 08:41:24,878 - root - INFO - Image header was read:
2022-01-06 08:41:24,878 - root - INFO - Width: 12, Height: 19, RowLength: 36
2022-01-06 08:41:24,878 - root - INFO - _step: 3, unknown2: 0,
2022-01-06 08:41:24,878 - root - INFO - BPP: 24, Transparency: False
2022-01-06 08:41:24,878 - root - INFO - Resource 6 offset: 454705, length: 757...
2022-01-06 08:41:24,878 - root - DEBUG - Reading resource 6...
2022-01-06 08:41:24,878 - root - INFO - The image is bmc.
2022-01-06 08:41:24,878 - root - INFO - Reading image header(readHeader16C)...
2022-01-06 08:41:24,878 - root - INFO - Image header was read:
2022-01-06 08:41:24,878 - root - INFO - Width: 13, Height: 19, RowLength: 39
2022-01-06 08:41:24,878 - root - INFO - _step: 3, unknown2: 0,
2022-01-06 08:41:24,878 - root - INFO - BPP: 24, Transparency: False
2022-01-06 08:41:24,894 - root - INFO - Resource 7 offset: 455462, length: 700...
2022-01-06 08:41:24,894 - root - DEBUG - Reading resource 7...
2022-01-06 08:41:24,894 - root - INFO - The image is bmc.
2022-01-06 08:41:24,894 - root - INFO - Reading image header(readHeader16C)...
2022-01-06 08:41:24,894 - root - INFO - Image header was read:
2022-01-06 08:41:24,894 - root - INFO - Width: 12, Height: 19, RowLength: 36
2022-01-06 08:41:24,894 - root - INFO - _step: 3, unknown2: 0,
2022-01-06 08:41:24,894 - root - INFO - BPP: 24, Transparency: False
2022-01-06 08:41:24,894 - root - INFO - Resource 8 offset: 456162, length: 700...
2022-01-06 08:41:24,894 - root - DEBUG - Reading resource 8...
2022-01-06 08:41:24,894 - root - INFO - The image is bmc.
2022-01-06 08:41:24,894 - root - INFO - Reading image header(readHeader16C)...
2022-01-06 08:41:24,894 - root - INFO - Image header was read:
2022-01-06 08:41:24,894 - root - INFO - Width: 12, Height: 19, RowLength: 36
2022-01-06 08:41:24,894 - root - INFO - _step: 3, unknown2: 0,
2022-01-06 08:41:24,894 - root - INFO - BPP: 24, Transparency: False
2022-01-06 08:41:24,894 - root - INFO - Resource 9 offset: 456862, length: 700...
2022-01-06 08:41:24,894 - root - DEBUG - Reading resource 9...
2022-01-06 08:41:24,894 - root - INFO - The image is bmc.
2022-01-06 08:41:24,894 - root - INFO - Reading image header(readHeader16C)...
2022-01-06 08:41:24,894 - root - INFO - Image header was read:
2022-01-06 08:41:24,894 - root - INFO - Width: 12, Height: 19, RowLength: 36
2022-01-06 08:41:24,894 - root - INFO - _step: 3, unknown2: 0,
2022-01-06 08:41:24,894 - root - INFO - BPP: 24, Transparency: False
2022-01-06 08:41:24,894 - root - INFO - Resource 10 offset: 457562, length: 700...
2022-01-06 08:41:24,894 - root - DEBUG - Reading resource 10...
2022-01-06 08:41:24,894 - root - INFO - The image is bmc.
2022-01-06 08:41:24,894 - root - INFO - Reading image header(readHeader16C)...
2022-01-06 08:41:24,894 - root - INFO - Image header was read:
2022-01-06 08:41:24,894 - root - INFO - Width: 12, Height: 19, RowLength: 36
2022-01-06 08:41:24,894 - root - INFO - _step: 3, unknown2: 0,
2022-01-06 08:41:24,894 - root - INFO - BPP: 24, Transparency: False
2022-01-06 08:41:24,894 - root - INFO - Resource 11 offset: 458262, length: 700...
2022-01-06 08:41:24,894 - root - DEBUG - Reading resource 11...
2022-01-06 08:41:24,894 - root - INFO - The image is bmc.
2022-01-06 08:41:24,894 - root - INFO - Reading image header(readHeader16C)...
2022-01-06 08:41:24,894 - root - INFO - Image header was read:
2022-01-06 08:41:24,894 - root - INFO - Width: 12, Height: 19, RowLength: 36
2022-01-06 08:41:24,894 - root - INFO - _step: 3, unknown2: 0,
2022-01-06 08:41:24,894 - root - INFO - BPP: 24, Transparency: False
2022-01-06 08:41:24,894 - root - INFO - Resource 12 offset: 458962, length: 700...
2022-01-06 08:41:24,894 - root - DEBUG - Reading resource 12...
2022-01-06 08:41:24,894 - root - INFO - The image is bmc.
2022-01-06 08:41:24,894 - root - INFO - Reading image header(readHeader16C)...
2022-01-06 08:41:24,894 - root - INFO - Image header was read:
2022-01-06 08:41:24,894 - root - INFO - Width: 12, Height: 19, RowLength: 36
2022-01-06 08:41:24,894 - root - INFO - _step: 3, unknown2: 0,
2022-01-06 08:41:24,894 - root - INFO - BPP: 24, Transparency: False
2022-01-06 08:41:24,894 - root - INFO - Resource 13 offset: 459662, length: 700...
2022-01-06 08:41:24,894 - root - DEBUG - Reading resource 13...
2022-01-06 08:41:24,894 - root - INFO - The image is bmc.
2022-01-06 08:41:24,894 - root - INFO - Reading image header(readHeader16C)...
2022-01-06 08:41:24,894 - root - INFO - Image header was read:
2022-01-06 08:41:24,894 - root - INFO - Width: 12, Height: 19, RowLength: 36
2022-01-06 08:41:24,894 - root - INFO - _step: 3, unknown2: 0,
2022-01-06 08:41:24,894 - root - INFO - BPP: 24, Transparency: False
2022-01-06 08:41:24,894 - root - INFO - Resource 14 offset: 460362, length: 3379...
2022-01-06 08:41:24,894 - root - DEBUG - Reading resource 14...
2022-01-06 08:41:24,894 - root - INFO - The image is bmc.
2022-01-06 08:41:24,894 - root - INFO - Reading image header(readHeader16C)...
2022-01-06 08:41:24,894 - root - INFO - Image header was read:
2022-01-06 08:41:24,894 - root - INFO - Width: 59, Height: 19, RowLength: 177
2022-01-06 08:41:24,894 - root - INFO - _step: 3, unknown2: 0,
2022-01-06 08:41:24,894 - root - INFO - BPP: 24, Transparency: False
2022-01-06 08:41:24,910 - root - INFO - Resource 15 offset: 463741, length: 3379...
2022-01-06 08:41:24,910 - root - DEBUG - Reading resource 15...
2022-01-06 08:41:24,910 - root - INFO - The image is bmc.
2022-01-06 08:41:24,910 - root - INFO - Reading image header(readHeader16C)...
2022-01-06 08:41:24,910 - root - INFO - Image header was read:
2022-01-06 08:41:24,910 - root - INFO - Width: 59, Height: 19, RowLength: 177
2022-01-06 08:41:24,910 - root - INFO - _step: 3, unknown2: 0,
2022-01-06 08:41:24,910 - root - INFO - BPP: 24, Transparency: False
2022-01-06 08:41:24,910 - root - INFO - Resource 16 offset: 467120, length: 3379...
2022-01-06 08:41:24,910 - root - DEBUG - Reading resource 16...
2022-01-06 08:41:24,910 - root - INFO - The image is bmc.
2022-01-06 08:41:24,910 - root - INFO - Reading image header(readHeader16C)...
2022-01-06 08:41:24,910 - root - INFO - Image header was read:
2022-01-06 08:41:24,910 - root - INFO - Width: 59, Height: 19, RowLength: 177
2022-01-06 08:41:24,910 - root - INFO - _step: 3, unknown2: 0,
2022-01-06 08:41:24,910 - root - INFO - BPP: 24, Transparency: False
2022-01-06 08:41:24,910 - root - INFO - Resource 17 offset: 470499, length: 3379...
2022-01-06 08:41:24,910 - root - DEBUG - Reading resource 17...
2022-01-06 08:41:24,910 - root - INFO - The image is bmc.
2022-01-06 08:41:24,910 - root - INFO - Reading image header(readHeader16C)...
2022-01-06 08:41:24,910 - root - INFO - Image header was read:
2022-01-06 08:41:24,910 - root - INFO - Width: 59, Height: 19, RowLength: 177
2022-01-06 08:41:24,910 - root - INFO - _step: 3, unknown2: 0,
2022-01-06 08:41:24,910 - root - INFO - BPP: 24, Transparency: False
2022-01-06 08:41:24,910 - root - INFO - Resource 18 offset: 473878, length: 3379...
2022-01-06 08:41:24,910 - root - DEBUG - Reading resource 18...
2022-01-06 08:41:24,925 - root - INFO - The image is bmc.
2022-01-06 08:41:24,925 - root - INFO - Reading image header(readHeader16C)...
2022-01-06 08:41:24,925 - root - INFO - Image header was read:
2022-01-06 08:41:24,925 - root - INFO - Width: 59, Height: 19, RowLength: 177
2022-01-06 08:41:24,925 - root - INFO - _step: 3, unknown2: 0,
2022-01-06 08:41:24,925 - root - INFO - BPP: 24, Transparency: False
2022-01-06 08:41:24,925 - root - INFO - Resource 19 offset: 477257, length: 3379...
2022-01-06 08:41:24,925 - root - DEBUG - Reading resource 19...
2022-01-06 08:41:24,925 - root - INFO - The image is bmc.
2022-01-06 08:41:24,925 - root - INFO - Reading image header(readHeader16C)...
2022-01-06 08:41:24,925 - root - INFO - Image header was read:
2022-01-06 08:41:24,925 - root - INFO - Width: 59, Height: 19, RowLength: 177
2022-01-06 08:41:24,925 - root - INFO - _step: 3, unknown2: 0,
2022-01-06 08:41:24,925 - root - INFO - BPP: 24, Transparency: False
2022-01-06 08:41:24,925 - root - INFO - Resource 20 offset: 480636, length: 3379...
2022-01-06 08:41:24,925 - root - DEBUG - Reading resource 20...
2022-01-06 08:41:24,925 - root - INFO - The image is bmc.
2022-01-06 08:41:24,925 - root - INFO - Reading image header(readHeader16C)...
2022-01-06 08:41:24,925 - root - INFO - Image header was read:
2022-01-06 08:41:24,925 - root - INFO - Width: 59, Height: 19, RowLength: 177
2022-01-06 08:41:24,925 - root - INFO - _step: 3, unknown2: 0,
2022-01-06 08:41:24,925 - root - INFO - BPP: 24, Transparency: False
2022-01-06 08:41:24,925 - root - INFO - Resource 21 offset: 484015, length: 3379...
2022-01-06 08:41:24,925 - root - DEBUG - Reading resource 21...
2022-01-06 08:41:24,925 - root - INFO - The image is bmc.
2022-01-06 08:41:24,925 - root - INFO - Reading image header(readHeader16C)...
2022-01-06 08:41:24,925 - root - INFO - Image header was read:
2022-01-06 08:41:24,925 - root - INFO - Width: 59, Height: 19, RowLength: 177
2022-01-06 08:41:24,925 - root - INFO - _step: 3, unknown2: 0,
2022-01-06 08:41:24,925 - root - INFO - BPP: 24, Transparency: False
2022-01-06 08:41:24,941 - root - INFO - Resource 22 offset: 487394, length: 3379...
2022-01-06 08:41:24,941 - root - DEBUG - Reading resource 22...
2022-01-06 08:41:24,941 - root - INFO - The image is bmc.
2022-01-06 08:41:24,941 - root - INFO - Reading image header(readHeader16C)...
2022-01-06 08:41:24,941 - root - INFO - Image header was read:
2022-01-06 08:41:24,941 - root - INFO - Width: 59, Height: 19, RowLength: 177
2022-01-06 08:41:24,941 - root - INFO - _step: 3, unknown2: 0,
2022-01-06 08:41:24,941 - root - INFO - BPP: 24, Transparency: False
2022-01-06 08:41:24,941 - root - INFO - Resource 23 offset: 490773, length: 3379...
2022-01-06 08:41:24,941 - root - DEBUG - Reading resource 23...
2022-01-06 08:41:24,941 - root - INFO - The image is bmc.
2022-01-06 08:41:24,941 - root - INFO - Reading image header(readHeader16C)...
2022-01-06 08:41:24,941 - root - INFO - Image header was read:
2022-01-06 08:41:24,941 - root - INFO - Width: 59, Height: 19, RowLength: 177
2022-01-06 08:41:24,941 - root - INFO - _step: 3, unknown2: 0,
2022-01-06 08:41:24,941 - root - INFO - BPP: 24, Transparency: False
2022-01-06 08:41:24,941 - root - INFO - Resource 24 offset: 494152, length: 3379...
2022-01-06 08:41:24,941 - root - DEBUG - Reading resource 24...
2022-01-06 08:41:24,941 - root - INFO - The image is bmc.
2022-01-06 08:41:24,941 - root - INFO - Reading image header(readHeader16C)...
2022-01-06 08:41:24,941 - root - INFO - Image header was read:
2022-01-06 08:41:24,941 - root - INFO - Width: 59, Height: 19, RowLength: 177
2022-01-06 08:41:24,941 - root - INFO - _step: 3, unknown2: 0,
2022-01-06 08:41:24,941 - root - INFO - BPP: 24, Transparency: False
2022-01-06 08:41:24,956 - root - INFO - Resource 25 offset: 497531, length: 3379...
2022-01-06 08:41:24,956 - root - DEBUG - Reading resource 25...
2022-01-06 08:41:24,956 - root - INFO - The image is bmc.
2022-01-06 08:41:24,956 - root - INFO - Reading image header(readHeader16C)...
2022-01-06 08:41:24,956 - root - INFO - Image header was read:
2022-01-06 08:41:24,956 - root - INFO - Width: 59, Height: 19, RowLength: 177
2022-01-06 08:41:24,956 - root - INFO - _step: 3, unknown2: 0,
2022-01-06 08:41:24,956 - root - INFO - BPP: 24, Transparency: False
2022-01-06 08:41:24,956 - root - INFO - Resource 26 offset: 500910, length: 3379...
2022-01-06 08:41:24,956 - root - DEBUG - Reading resource 26...
2022-01-06 08:41:24,956 - root - INFO - The image is bmc.
2022-01-06 08:41:24,956 - root - INFO - Reading image header(readHeader16C)...
2022-01-06 08:41:24,956 - root - INFO - Image header was read:
2022-01-06 08:41:24,956 - root - INFO - Width: 59, Height: 19, RowLength: 177
2022-01-06 08:41:24,956 - root - INFO - _step: 3, unknown2: 0,
2022-01-06 08:41:24,956 - root - INFO - BPP: 24, Transparency: False
2022-01-06 08:41:24,956 - root - INFO - Resource 27 offset: 504289, length: 3379...
2022-01-06 08:41:24,956 - root - DEBUG - Reading resource 27...
2022-01-06 08:41:24,956 - root - INFO - The image is bmc.
2022-01-06 08:41:24,956 - root - INFO - Reading image header(readHeader16C)...
2022-01-06 08:41:24,956 - root - INFO - Image header was read:
2022-01-06 08:41:24,956 - root - INFO - Width: 59, Height: 19, RowLength: 177
2022-01-06 08:41:24,956 - root - INFO - _step: 3, unknown2: 0,
2022-01-06 08:41:24,956 - root - INFO - BPP: 24, Transparency: False
2022-01-06 08:41:24,972 - root - INFO - Resource 28 offset: 507668, length: 3379...
2022-01-06 08:41:24,972 - root - DEBUG - Reading resource 28...
2022-01-06 08:41:24,972 - root - INFO - The image is bmc.
2022-01-06 08:41:24,972 - root - INFO - Reading image header(readHeader16C)...
2022-01-06 08:41:24,972 - root - INFO - Image header was read:
2022-01-06 08:41:24,972 - root - INFO - Width: 59, Height: 19, RowLength: 177
2022-01-06 08:41:24,972 - root - INFO - _step: 3, unknown2: 0,
2022-01-06 08:41:24,972 - root - INFO - BPP: 24, Transparency: False
2022-01-06 08:41:24,972 - root - INFO - Resource 29 offset: 511047, length: 3379...
2022-01-06 08:41:24,972 - root - DEBUG - Reading resource 29...
2022-01-06 08:41:24,972 - root - INFO - The image is bmc.
2022-01-06 08:41:24,972 - root - INFO - Reading image header(readHeader16C)...
2022-01-06 08:41:24,972 - root - INFO - Image header was read:
2022-01-06 08:41:24,972 - root - INFO - Width: 59, Height: 19, RowLength: 177
2022-01-06 08:41:24,972 - root - INFO - _step: 3, unknown2: 0,
2022-01-06 08:41:24,972 - root - INFO - BPP: 24, Transparency: False
2022-01-06 08:41:24,972 - root - INFO - Resource 30 offset: 514426, length: 3379...
2022-01-06 08:41:24,972 - root - DEBUG - Reading resource 30...
2022-01-06 08:41:24,972 - root - INFO - The image is bmc.
2022-01-06 08:41:24,972 - root - INFO - Reading image header(readHeader16C)...
2022-01-06 08:41:24,972 - root - INFO - Image header was read:
2022-01-06 08:41:24,972 - root - INFO - Width: 59, Height: 19, RowLength: 177
2022-01-06 08:41:24,972 - root - INFO - _step: 3, unknown2: 0,
2022-01-06 08:41:24,972 - root - INFO - BPP: 24, Transparency: False
2022-01-06 08:41:24,988 - root - INFO - Resource 31 offset: 517805, length: 3379...
2022-01-06 08:41:24,988 - root - DEBUG - Reading resource 31...
2022-01-06 08:41:24,988 - root - INFO - The image is bmc.
2022-01-06 08:41:24,988 - root - INFO - Reading image header(readHeader16C)...
2022-01-06 08:41:24,988 - root - INFO - Image header was read:
2022-01-06 08:41:24,988 - root - INFO - Width: 59, Height: 19, RowLength: 177
2022-01-06 08:41:24,988 - root - INFO - _step: 3, unknown2: 0,
2022-01-06 08:41:24,988 - root - INFO - BPP: 24, Transparency: False
2022-01-06 08:41:24,988 - root - INFO - Resource 32 offset: 521184, length: 3379...
2022-01-06 08:41:24,988 - root - DEBUG - Reading resource 32...
2022-01-06 08:41:24,988 - root - INFO - The image is bmc.
2022-01-06 08:41:24,988 - root - INFO - Reading image header(readHeader16C)...
2022-01-06 08:41:24,988 - root - INFO - Image header was read:
2022-01-06 08:41:24,988 - root - INFO - Width: 59, Height: 19, RowLength: 177
2022-01-06 08:41:24,988 - root - INFO - _step: 3, unknown2: 0,
2022-01-06 08:41:24,988 - root - INFO - BPP: 24, Transparency: False
2022-01-06 08:41:24,988 - root - INFO - Resource 33 offset: 524563, length: 3379...
2022-01-06 08:41:24,988 - root - DEBUG - Reading resource 33...
2022-01-06 08:41:24,988 - root - INFO - The image is bmc.
2022-01-06 08:41:24,988 - root - INFO - Reading image header(readHeader16C)...
2022-01-06 08:41:24,988 - root - INFO - Image header was read:
2022-01-06 08:41:24,988 - root - INFO - Width: 59, Height: 19, RowLength: 177
2022-01-06 08:41:24,988 - root - INFO - _step: 3, unknown2: 0,
2022-01-06 08:41:24,988 - root - INFO - BPP: 24, Transparency: False
2022-01-06 08:41:25,003 - root - INFO - Resource 34 offset: 527942, length: 3379...
2022-01-06 08:41:25,003 - root - DEBUG - Reading resource 34...
2022-01-06 08:41:25,003 - root - INFO - The image is bmc.
2022-01-06 08:41:25,003 - root - INFO - Reading image header(readHeader16C)...
2022-01-06 08:41:25,003 - root - INFO - Image header was read:
2022-01-06 08:41:25,003 - root - INFO - Width: 59, Height: 19, RowLength: 177
2022-01-06 08:41:25,003 - root - INFO - _step: 3, unknown2: 0,
2022-01-06 08:41:25,003 - root - INFO - BPP: 24, Transparency: False
2022-01-06 08:41:25,003 - root - INFO - Resource 35 offset: 531321, length: 700...
2022-01-06 08:41:25,003 - root - DEBUG - Reading resource 35...
2022-01-06 08:41:25,003 - root - INFO - The image is bmc.
2022-01-06 08:41:25,003 - root - INFO - Reading image header(readHeader16C)...
2022-01-06 08:41:25,003 - root - INFO - Image header was read:
2022-01-06 08:41:25,003 - root - INFO - Width: 12, Height: 19, RowLength: 36
2022-01-06 08:41:25,003 - root - INFO - _step: 3, unknown2: 0,
2022-01-06 08:41:25,003 - root - INFO - BPP: 24, Transparency: False
2022-01-06 08:41:25,003 - root - INFO - Resource 36 offset: 532021, length: 700...
2022-01-06 08:41:25,003 - root - DEBUG - Reading resource 36...
2022-01-06 08:41:25,003 - root - INFO - The image is bmc.
2022-01-06 08:41:25,003 - root - INFO - Reading image header(readHeader16C)...
2022-01-06 08:41:25,003 - root - INFO - Image header was read:
2022-01-06 08:41:25,003 - root - INFO - Width: 12, Height: 19, RowLength: 36
2022-01-06 08:41:25,003 - root - INFO - _step: 3, unknown2: 0,
2022-01-06 08:41:25,003 - root - INFO - BPP: 24, Transparency: False
2022-01-06 08:41:25,003 - root - INFO - Resource 37 offset: 532721, length: 757...
2022-01-06 08:41:25,003 - root - DEBUG - Reading resource 37...
2022-01-06 08:41:25,003 - root - INFO - The image is bmc.
2022-01-06 08:41:25,003 - root - INFO - Reading image header(readHeader16C)...
2022-01-06 08:41:25,003 - root - INFO - Image header was read:
2022-01-06 08:41:25,003 - root - INFO - Width: 13, Height: 19, RowLength: 39
2022-01-06 08:41:25,003 - root - INFO - _step: 3, unknown2: 0,
2022-01-06 08:41:25,003 - root - INFO - BPP: 24, Transparency: False
2022-01-06 08:41:25,003 - root - INFO - Resource 38 offset: 533478, length: 700...
2022-01-06 08:41:25,003 - root - DEBUG - Reading resource 38...
2022-01-06 08:41:25,003 - root - INFO - The image is bmc.
2022-01-06 08:41:25,003 - root - INFO - Reading image header(readHeader16C)...
2022-01-06 08:41:25,003 - root - INFO - Image header was read:
2022-01-06 08:41:25,003 - root - INFO - Width: 12, Height: 19, RowLength: 36
2022-01-06 08:41:25,003 - root - INFO - _step: 3, unknown2: 0,
2022-01-06 08:41:25,003 - root - INFO - BPP: 24, Transparency: False
2022-01-06 08:41:25,003 - root - INFO - Resource 39 offset: 534178, length: 700...
2022-01-06 08:41:25,003 - root - DEBUG - Reading resource 39...
2022-01-06 08:41:25,003 - root - INFO - The image is bmc.
2022-01-06 08:41:25,003 - root - INFO - Reading image header(readHeader16C)...
2022-01-06 08:41:25,003 - root - INFO - Image header was read:
2022-01-06 08:41:25,003 - root - INFO - Width: 12, Height: 19, RowLength: 36
2022-01-06 08:41:25,003 - root - INFO - _step: 3, unknown2: 0,
2022-01-06 08:41:25,003 - root - INFO - BPP: 24, Transparency: False
2022-01-06 08:41:25,003 - root - INFO - Resource 40 offset: 534878, length: 700...
2022-01-06 08:41:25,003 - root - DEBUG - Reading resource 40...
2022-01-06 08:41:25,003 - root - INFO - The image is bmc.
2022-01-06 08:41:25,003 - root - INFO - Reading image header(readHeader16C)...
2022-01-06 08:41:25,003 - root - INFO - Image header was read:
2022-01-06 08:41:25,003 - root - INFO - Width: 12, Height: 19, RowLength: 36
2022-01-06 08:41:25,003 - root - INFO - _step: 3, unknown2: 0,
2022-01-06 08:41:25,003 - root - INFO - BPP: 24, Transparency: False
2022-01-06 08:41:25,019 - root - INFO - Resource 41 offset: 535578, length: 700...
2022-01-06 08:41:25,019 - root - DEBUG - Reading resource 41...
2022-01-06 08:41:25,019 - root - INFO - The image is bmc.
2022-01-06 08:41:25,019 - root - INFO - Reading image header(readHeader16C)...
2022-01-06 08:41:25,019 - root - INFO - Image header was read:
2022-01-06 08:41:25,019 - root - INFO - Width: 12, Height: 19, RowLength: 36
2022-01-06 08:41:25,019 - root - INFO - _step: 3, unknown2: 0,
2022-01-06 08:41:25,019 - root - INFO - BPP: 24, Transparency: False
2022-01-06 08:41:25,019 - root - INFO - Resource 42 offset: 536278, length: 700...
2022-01-06 08:41:25,019 - root - DEBUG - Reading resource 42...
2022-01-06 08:41:25,019 - root - INFO - The image is bmc.
2022-01-06 08:41:25,019 - root - INFO - Reading image header(readHeader16C)...
2022-01-06 08:41:25,019 - root - INFO - Image header was read:
2022-01-06 08:41:25,019 - root - INFO - Width: 12, Height: 19, RowLength: 36
2022-01-06 08:41:25,019 - root - INFO - _step: 3, unknown2: 0,
2022-01-06 08:41:25,019 - root - INFO - BPP: 24, Transparency: False
2022-01-06 08:41:25,019 - root - INFO - Resource 43 offset: 536978, length: 700...
2022-01-06 08:41:25,019 - root - DEBUG - Reading resource 43...
2022-01-06 08:41:25,019 - root - INFO - The image is bmc.
2022-01-06 08:41:25,019 - root - INFO - Reading image header(readHeader16C)...
2022-01-06 08:41:25,019 - root - INFO - Image header was read:
2022-01-06 08:41:25,019 - root - INFO - Width: 12, Height: 19, RowLength: 36
2022-01-06 08:41:25,019 - root - INFO - _step: 3, unknown2: 0,
2022-01-06 08:41:25,019 - root - INFO - BPP: 24, Transparency: False
2022-01-06 08:41:25,019 - root - INFO - Resource 44 offset: 537678, length: 700...
2022-01-06 08:41:25,019 - root - DEBUG - Reading resource 44...
2022-01-06 08:41:25,019 - root - INFO - The image is bmc.
2022-01-06 08:41:25,019 - root - INFO - Reading image header(readHeader16C)...
2022-01-06 08:41:25,019 - root - INFO - Image header was read:
2022-01-06 08:41:25,019 - root - INFO - Width: 12, Height: 19, RowLength: 36
2022-01-06 08:41:25,019 - root - INFO - _step: 3, unknown2: 0,
2022-01-06 08:41:25,019 - root - INFO - BPP: 24, Transparency: False
2022-01-06 08:41:25,019 - root - INFO - Resource 45 offset: 538378, length: 928...
2022-01-06 08:41:25,019 - root - DEBUG - Reading resource 45...
2022-01-06 08:41:25,019 - root - INFO - The image is bmc.
2022-01-06 08:41:25,019 - root - INFO - Reading image header(readHeader16C)...
2022-01-06 08:41:25,019 - root - INFO - Image header was read:
2022-01-06 08:41:25,019 - root - INFO - Width: 16, Height: 19, RowLength: 48
2022-01-06 08:41:25,019 - root - INFO - _step: 3, unknown2: 0,
2022-01-06 08:41:25,019 - root - INFO - BPP: 24, Transparency: False
2022-01-06 08:41:25,019 - root - INFO - Resource 46 offset: 539306, length: 2686...
2022-01-06 08:41:25,019 - root - DEBUG - Reading resource 46...
2022-01-06 08:41:25,019 - root - INFO - The image is bmc.
2022-01-06 08:41:25,019 - root - INFO - Reading image header(readHeader16C)...
2022-01-06 08:41:25,019 - root - INFO - Image header was read:
2022-01-06 08:41:25,019 - root - INFO - Width: 10, Height: 89, RowLength: 30
2022-01-06 08:41:25,019 - root - INFO - _step: 3, unknown2: 0,
2022-01-06 08:41:25,019 - root - INFO - BPP: 24, Transparency: False
2022-01-06 08:41:25,019 - root - INFO - Resource 47 offset: 541992, length: 2374...
2022-01-06 08:41:25,019 - root - DEBUG - Reading resource 47...
2022-01-06 08:41:25,019 - root - INFO - The image is bmc.
2022-01-06 08:41:25,019 - root - INFO - Reading image header(readHeader16C)...
2022-01-06 08:41:25,019 - root - INFO - Image header was read:
2022-01-06 08:41:25,019 - root - INFO - Width: 6, Height: 131, RowLength: 18
2022-01-06 08:41:25,019 - root - INFO - _step: 3, unknown2: 0,
2022-01-06 08:41:25,019 - root - INFO - BPP: 24, Transparency: False
2022-01-06 08:41:25,035 - root - INFO - Resource 48 offset: 544366, length: 1936...
2022-01-06 08:41:25,035 - root - DEBUG - Reading resource 48...
2022-01-06 08:41:25,035 - root - INFO - The image is bmc.
2022-01-06 08:41:25,035 - root - INFO - Reading image header(readHeader16C)...
2022-01-06 08:41:25,035 - root - INFO - Image header was read:
2022-01-06 08:41:25,035 - root - INFO - Width: 4, Height: 160, RowLength: 12
2022-01-06 08:41:25,035 - root - INFO - _step: 3, unknown2: 0,
2022-01-06 08:41:25,035 - root - INFO - BPP: 24, Transparency: False
2022-01-06 08:41:25,035 - root - INFO - Resource 49 offset: 546302, length: 448...
2022-01-06 08:41:25,035 - root - DEBUG - Reading resource 49...
2022-01-06 08:41:25,035 - root - INFO - The image is bmc.
2022-01-06 08:41:25,035 - root - INFO - Reading image header(readHeader16C)...
2022-01-06 08:41:25,035 - root - INFO - Image header was read:
2022-01-06 08:41:25,035 - root - INFO - Width: 12, Height: 12, RowLength: 36
2022-01-06 08:41:25,035 - root - INFO - _step: 3, unknown2: 0,
2022-01-06 08:41:25,035 - root - INFO - BPP: 24, Transparency: False
2022-01-06 08:41:25,035 - root - DEBUG - Parsing parameters...
2022-01-06 08:41:25,097 - root - DEBUG - 0 Value: None
2022-01-06 08:41:25,097 - root - DEBUG - 0.1 Value: 71
2022-01-06 08:41:25,097 - root - DEBUG - 2 Value: None
2022-01-06 08:41:25,097 - root - DEBUG - 2.1 Value: None
2022-01-06 08:41:25,097 - root - DEBUG - 2.1.1 Value: 0
2022-01-06 08:41:25,097 - root - DEBUG - 2.1.2 Value: 0
2022-01-06 08:41:25,097 - root - DEBUG - 2.1.3 Value: 0
2022-01-06 08:41:25,097 - root - DEBUG - 2.3 Value: None
2022-01-06 08:41:25,097 - root - DEBUG - 2.3.1 Value: 18
2022-01-06 08:41:25,097 - root - DEBUG - 2.3.2 Value: 17
2022-01-06 08:41:25,097 - root - DEBUG - 2.3.3 Value: 2
2022-01-06 08:41:25,097 - root - DEBUG - 2.4 Value: None
2022-01-06 08:41:25,097 - root - DEBUG - 2.4.1 Value: 18
2022-01-06 08:41:25,097 - root - DEBUG - 2.4.2 Value: 17
2022-01-06 08:41:25,097 - root - DEBUG - 2.4.3 Value: 3
2022-01-06 08:41:25,097 - root - DEBUG - 2.5 Value: None
2022-01-06 08:41:25,097 - root - DEBUG - 2.5.1 Value: 18
2022-01-06 08:41:25,097 - root - DEBUG - 2.5.2 Value: 17
2022-01-06 08:41:25,097 - root - DEBUG - 2.5.3 Value: 1
2022-01-06 08:41:25,097 - root - DEBUG - 4 Value: None
2022-01-06 08:41:25,097 - root - DEBUG - 4.1 Value: None
2022-01-06 08:41:25,097 - root - DEBUG - 4.1.1 Value: None
2022-01-06 08:41:25,097 - root - DEBUG - 4.1.1.1 Value: 207
2022-01-06 08:41:25,097 - root - DEBUG - 4.1.1.2 Value: 291
2022-01-06 08:41:25,097 - root - DEBUG - 4.1.1.3 Value: 262
2022-01-06 08:41:25,097 - root - DEBUG - 4.1.1.4 Value: 310
2022-01-06 08:41:25,097 - root - DEBUG - 4.1.1.5 Value: 20
2022-01-06 08:41:25,097 - root - DEBUG - 4.1.1.6 Value: 1
2022-01-06 08:41:25,097 - root - DEBUG - 4.1.1.7 Value: 0
2022-01-06 08:41:25,097 - root - DEBUG - 4.1.1.8 Value: 35
2022-01-06 08:41:25,097 - root - DEBUG - 4.1.1.9 Value: 10
2022-01-06 08:41:25,097 - root - DEBUG - 4.4 Value: None
2022-01-06 08:41:25,097 - root - DEBUG - 4.4.1 Value: None
2022-01-06 08:41:25,097 - root - DEBUG - 4.4.1.1 Value: 41
2022-01-06 08:41:25,097 - root - DEBUG - 4.4.1.2 Value: 10
2022-01-06 08:41:25,097 - root - DEBUG - 4.4.1.3 Value: 67
2022-01-06 08:41:25,097 - root - DEBUG - 4.4.1.4 Value: 29
2022-01-06 08:41:25,097 - root - DEBUG - 4.4.1.5 Value: 18
2022-01-06 08:41:25,097 - root - DEBUG - 4.4.1.6 Value: 1
2022-01-06 08:41:25,097 - root - DEBUG - 4.4.1.7 Value: 0
2022-01-06 08:41:25,097 - root - DEBUG - 4.4.1.8 Value: 35
2022-01-06 08:41:25,097 - root - DEBUG - 4.4.1.9 Value: 10
2022-01-06 08:41:25,097 - root - DEBUG - 4.4.3 Value: 45
2022-01-06 08:41:25,097 - root - DEBUG - 4.4.6 Value: None
2022-01-06 08:41:25,097 - root - DEBUG - 4.4.6.1 Value: 41
2022-01-06 08:41:25,097 - root - DEBUG - 4.4.6.2 Value: 10
2022-01-06 08:41:25,097 - root - DEBUG - 4.4.6.3 Value: 67
2022-01-06 08:41:25,097 - root - DEBUG - 4.4.6.4 Value: 29
2022-01-06 08:41:25,097 - root - DEBUG - 4.4.6.5 Value: 1
2022-01-06 08:41:25,097 - root - DEBUG - 4.6 Value: None
2022-01-06 08:41:25,097 - root - DEBUG - 4.6.1 Value: None
2022-01-06 08:41:25,097 - root - DEBUG - 4.6.1.1 Value: 41
2022-01-06 08:41:25,097 - root - DEBUG - 4.6.1.2 Value: 291
2022-01-06 08:41:25,097 - root - DEBUG - 4.6.1.3 Value: 67
2022-01-06 08:41:25,097 - root - DEBUG - 4.6.1.4 Value: 310
2022-01-06 08:41:25,097 - root - DEBUG - 4.6.1.5 Value: 18
2022-01-06 08:41:25,097 - root - DEBUG - 4.6.1.6 Value: 1
2022-01-06 08:41:25,097 - root - DEBUG - 4.6.1.7 Value: 0
2022-01-06 08:41:25,097 - root - DEBUG - 4.6.1.8 Value: 35
2022-01-06 08:41:25,097 - root - DEBUG - 4.6.1.9 Value: 10
2022-01-06 08:41:25,097 - root - DEBUG - 4.6.4 Value: None
2022-01-06 08:41:25,097 - root - DEBUG - 4.6.4.1 Value: 41
2022-01-06 08:41:25,097 - root - DEBUG - 4.6.4.2 Value: 291
2022-01-06 08:41:25,097 - root - DEBUG - 4.6.4.3 Value: 67
2022-01-06 08:41:25,097 - root - DEBUG - 4.6.4.4 Value: 310
2022-01-06 08:41:25,097 - root - DEBUG - 4.6.4.5 Value: 1
2022-01-06 08:41:25,097 - root - DEBUG - 4.7 Value: 0
2022-01-06 08:41:25,097 - root - DEBUG - 5 Value: None
2022-01-06 08:41:25,097 - root - DEBUG - 5.1 Value: None
2022-01-06 08:41:25,097 - root - DEBUG - 5.1.9 Value: None
2022-01-06 08:41:25,097 - root - DEBUG - 5.1.9.3 Value: None
2022-01-06 08:41:25,097 - root - DEBUG - 5.1.9.3.1 Value: 175
2022-01-06 08:41:25,097 - root - DEBUG - 5.1.9.3.2 Value: 226
2022-01-06 08:41:25,097 - root - DEBUG - 5.1.9.3.3 Value: 202
2022-01-06 08:41:25,097 - root - DEBUG - 5.1.9.3.4 Value: 245
2022-01-06 08:41:25,097 - root - DEBUG - 5.1.9.3.5 Value: 8
2022-01-06 08:41:25,097 - root - DEBUG - 5.1.9.3.6 Value: 1
2022-01-06 08:41:25,097 - root - DEBUG - 5.1.9.3.7 Value: 0
2022-01-06 08:41:25,097 - root - DEBUG - 5.1.9.3.8 Value: 4
2022-01-06 08:41:25,097 - root - DEBUG - 5.1.9.3.9 Value: 10
2022-01-06 08:41:25,097 - root - DEBUG - 5.1.9.4 Value: 0
2022-01-06 08:41:25,097 - root - DEBUG - 5.1.9.5 Value: 0
2022-01-06 08:41:25,097 - root - DEBUG - 5.1.4 Value: 1
2022-01-06 08:41:25,097 - root - DEBUG - 5.1.5 Value: 1
2022-01-06 08:41:25,097 - root - DEBUG - 5.1.6 Value: 0
2022-01-06 08:41:25,097 - root - DEBUG - 5.4 Value: None
2022-01-06 08:41:25,097 - root - DEBUG - 5.4.1 Value: 101
2022-01-06 08:41:25,097 - root - DEBUG - 5.4.2 Value: 226
2022-01-06 08:41:25,097 - root - DEBUG - 5.4.3 Value: 14
2022-01-06 08:41:25,097 - root - DEBUG - 5.4.4 Value: 7
2022-01-06 08:41:25,097 - root - DEBUG - 5.5 Value: None
2022-01-06 08:41:25,097 - root - DEBUG - 5.5.1 Value: 101
2022-01-06 08:41:25,097 - root - DEBUG - 5.5.2 Value: 226
2022-01-06 08:41:25,097 - root - DEBUG - 5.5.3 Value: 28
2022-01-06 08:41:25,097 - root - DEBUG - 5.5.4 Value: 7
2022-01-06 08:41:25,097 - root - DEBUG - 5.6 Value: None
2022-01-06 08:41:25,097 - root - DEBUG - 5.6.1 Value: 101
2022-01-06 08:41:25,097 - root - DEBUG - 5.6.2 Value: 226
2022-01-06 08:41:25,097 - root - DEBUG - 5.6.3 Value: 21
2022-01-06 08:41:25,097 - root - DEBUG - 5.6.4 Value: 7
2022-01-06 08:41:25,097 - root - DEBUG - 9 Value: None
2022-01-06 08:41:25,097 - root - DEBUG - 9.1 Value: None
2022-01-06 08:41:25,097 - root - DEBUG - 9.1.1 Value: None
2022-01-06 08:41:25,097 - root - DEBUG - 9.1.1.1 Value: 210
2022-01-06 08:41:25,097 - root - DEBUG - 9.1.1.2 Value: 10
2022-01-06 08:41:25,097 - root - DEBUG - 9.1.1.3 Value: 249
2022-01-06 08:41:25,097 - root - DEBUG - 9.1.1.4 Value: 29
2022-01-06 08:41:25,097 - root - DEBUG - 9.1.1.5 Value: 20
2022-01-06 08:41:25,097 - root - DEBUG - 9.1.1.6 Value: 1
2022-01-06 08:41:25,097 - root - DEBUG - 9.1.1.7 Value: 0
2022-01-06 08:41:25,097 - root - DEBUG - 9.1.1.8 Value: 35
2022-01-06 08:41:25,097 - root - DEBUG - 9.1.1.9 Value: 10
2022-01-06 08:41:25,097 - root - DEBUG - 20 Value: None
2022-01-06 08:41:25,097 - root - DEBUG - 20.2 Value: None
2022-01-06 08:41:25,097 - root - DEBUG - 20.2.1 Value: 151
2022-01-06 08:41:25,097 - root - DEBUG - 20.2.2 Value: 160
2022-01-06 08:41:25,097 - root - DEBUG - 20.3 Value: None
2022-01-06 08:41:25,097 - root - DEBUG - 20.3.1 Value: 46
2022-01-06 08:41:25,097 - root - DEBUG - 20.3.2 Value: 83
2022-01-06 08:41:25,097 - root - DEBUG - 20.4 Value: None
2022-01-06 08:41:25,097 - root - DEBUG - 20.4.1 Value: 47
2022-01-06 08:41:25,097 - root - DEBUG - 20.4.2 Value: 125
2022-01-06 08:41:25,097 - root - DEBUG - 20.5 Value: None
2022-01-06 08:41:25,097 - root - DEBUG - 20.5.1 Value: 48
2022-01-06 08:41:25,097 - root - DEBUG - 20.5.2 Value: 135
2022-01-06 08:41:25,097 - root - DEBUG - 20.5.4 Value: None
2022-01-06 08:41:25,097 - root - DEBUG - 20.5.4.1 Value: 145
2022-01-06 08:41:25,097 - root - DEBUG - 20.5.4.2 Value: 154
2022-01-06 08:41:25,097 - root - DEBUG - 20.5.4.3 Value: 49
2022-01-06 08:41:25,097 - root - DEBUG - 0-Info
2022-01-06 08:41:25,097 - root - DEBUG - 0.1-DeviceId
2022-01-06 08:41:25,097 - root - DEBUG - 2-Background
2022-01-06 08:41:25,097 - root - DEBUG - 2.1-Image
2022-01-06 08:41:25,097 - root - DEBUG - 2.1.1-X
2022-01-06 08:41:25,097 - root - DEBUG - 2.1.2-Y
2022-01-06 08:41:25,097 - root - DEBUG - 2.1.3-ImageIndex
2022-01-06 08:41:25,097 - root - DEBUG - 2.3-Preview
2022-01-06 08:41:25,113 - root - DEBUG - 2.3.1-X
2022-01-06 08:41:25,113 - root - DEBUG - 2.3.2-Y
2022-01-06 08:41:25,113 - root - DEBUG - 2.3.3-ImageIndex
2022-01-06 08:41:25,113 - root - DEBUG - 2.4-PreviewTradChinese
2022-01-06 08:41:25,113 - root - DEBUG - 2.4.1-X
2022-01-06 08:41:25,113 - root - DEBUG - 2.4.2-Y
2022-01-06 08:41:25,113 - root - DEBUG - 2.4.3-ImageIndex
2022-01-06 08:41:25,113 - root - DEBUG - 2.5-PreviewChinese
2022-01-06 08:41:25,113 - root - DEBUG - 2.5.1-X
2022-01-06 08:41:25,113 - root - DEBUG - 2.5.2-Y
2022-01-06 08:41:25,113 - root - DEBUG - 2.5.3-ImageIndex
2022-01-06 08:41:25,113 - root - DEBUG - 4-Activity
2022-01-06 08:41:25,113 - root - DEBUG - 4.1-Steps
2022-01-06 08:41:25,113 - root - DEBUG - 4.1.1-ImageNumber
2022-01-06 08:41:25,113 - root - DEBUG - 4.1.1.1-TopLeftX
2022-01-06 08:41:25,113 - root - DEBUG - 4.1.1.2-TopLeftY
2022-01-06 08:41:25,113 - root - DEBUG - 4.1.1.3-BottomRightX
2022-01-06 08:41:25,113 - root - DEBUG - 4.1.1.4-BottomRightY
2022-01-06 08:41:25,113 - root - DEBUG - 4.1.1.5-Alignment
2022-01-06 08:41:25,113 - root - DEBUG - 4.1.1.6-Spacing
2022-01-06 08:41:25,113 - root - DEBUG - 4.1.1.7-VerticalOffset
2022-01-06 08:41:25,113 - root - DEBUG - 4.1.1.8-ImageIndex
2022-01-06 08:41:25,113 - root - DEBUG - 4.1.1.9-ImagesCount
2022-01-06 08:41:25,113 - root - DEBUG - 4.4-HeartRate
2022-01-06 08:41:25,113 - root - DEBUG - 4.4.1-ImageNumber
2022-01-06 08:41:25,113 - root - DEBUG - 4.4.1.1-TopLeftX
2022-01-06 08:41:25,113 - root - DEBUG - 4.4.1.2-TopLeftY
2022-01-06 08:41:25,113 - root - DEBUG - 4.4.1.3-BottomRightX
2022-01-06 08:41:25,113 - root - DEBUG - 4.4.1.4-BottomRightY
2022-01-06 08:41:25,113 - root - DEBUG - 4.4.1.5-Alignment
2022-01-06 08:41:25,113 - root - DEBUG - 4.4.1.6-Spacing
2022-01-06 08:41:25,113 - root - DEBUG - 4.4.1.7-VerticalOffset
2022-01-06 08:41:25,113 - root - DEBUG - 4.4.1.8-ImageIndex
2022-01-06 08:41:25,113 - root - DEBUG - 4.4.1.9-ImagesCount
2022-01-06 08:41:25,113 - root - DEBUG - 4.4.3-NoDataImageIndex
2022-01-06 08:41:25,113 - root - DEBUG - 4.4.6-Shortcut
2022-01-06 08:41:25,113 - root - DEBUG - 4.4.6.1-TopLeftX
2022-01-06 08:41:25,113 - root - DEBUG - 4.4.6.2-TopLeftY
2022-01-06 08:41:25,113 - root - DEBUG - 4.4.6.3-BottomRightX
2022-01-06 08:41:25,113 - root - DEBUG - 4.4.6.4-BottomRightY
2022-01-06 08:41:25,113 - root - DEBUG - 4.4.6.5-UnknownBoolean5
2022-01-06 08:41:25,113 - root - DEBUG - 4.6-PAI
2022-01-06 08:41:25,113 - root - DEBUG - 4.6.1-ImageNumber
2022-01-06 08:41:25,113 - root - DEBUG - 4.6.1.1-TopLeftX
2022-01-06 08:41:25,113 - root - DEBUG - 4.6.1.2-TopLeftY
2022-01-06 08:41:25,113 - root - DEBUG - 4.6.1.3-BottomRightX
2022-01-06 08:41:25,113 - root - DEBUG - 4.6.1.4-BottomRightY
2022-01-06 08:41:25,113 - root - DEBUG - 4.6.1.5-Alignment
2022-01-06 08:41:25,113 - root - DEBUG - 4.6.1.6-Spacing
2022-01-06 08:41:25,113 - root - DEBUG - 4.6.1.7-VerticalOffset
2022-01-06 08:41:25,113 - root - DEBUG - 4.6.1.8-ImageIndex
2022-01-06 08:41:25,113 - root - DEBUG - 4.6.1.9-ImagesCount
2022-01-06 08:41:25,113 - root - DEBUG - 4.6.4-Shortcut
2022-01-06 08:41:25,113 - root - DEBUG - 4.6.4.1-TopLeftX
2022-01-06 08:41:25,113 - root - DEBUG - 4.6.4.2-TopLeftY
2022-01-06 08:41:25,113 - root - DEBUG - 4.6.4.3-BottomRightX
2022-01-06 08:41:25,113 - root - DEBUG - 4.6.4.4-BottomRightY
2022-01-06 08:41:25,113 - root - DEBUG - 4.6.4.5-UnknownBoolean5
2022-01-06 08:41:25,113 - root - DEBUG - 4.7-UnknownLongValue7
2022-01-06 08:41:25,113 - root - DEBUG - 5-DateBlock
2022-01-06 08:41:25,113 - root - DEBUG - 5.1-Date
2022-01-06 08:41:25,113 - root - DEBUG - 5.1.9-YearMonthAndDay
2022-01-06 08:41:25,113 - root - DEBUG - 5.1.9.3-Day
2022-01-06 08:41:25,113 - root - DEBUG - 5.1.9.3.1-TopLeftX
2022-01-06 08:41:25,113 - root - DEBUG - 5.1.9.3.2-TopLeftY
2022-01-06 08:41:25,113 - root - DEBUG - 5.1.9.3.3-BottomRightX
2022-01-06 08:41:25,113 - root - DEBUG - 5.1.9.3.4-BottomRightY
2022-01-06 08:41:25,113 - root - DEBUG - 5.1.9.3.5-Alignment
2022-01-06 08:41:25,113 - root - DEBUG - 5.1.9.3.6-Spacing
2022-01-06 08:41:25,113 - root - DEBUG - 5.1.9.3.7-VerticalOffset
2022-01-06 08:41:25,113 - root - DEBUG - 5.1.9.3.8-ImageIndex
2022-01-06 08:41:25,113 - root - DEBUG - 5.1.9.3.9-ImagesCount
2022-01-06 08:41:25,113 - root - DEBUG - 5.1.9.4-MonthFollowsYear
2022-01-06 08:41:25,113 - root - DEBUG - 5.1.9.5-DayFollowsMonth
2022-01-06 08:41:25,113 - root - DEBUG - 5.1.4-PaddingZeroMonth
2022-01-06 08:41:25,113 - root - DEBUG - 5.1.5-PaddingZeroDay
2022-01-06 08:41:25,113 - root - DEBUG - 5.1.6-UnknownBoolean6
2022-01-06 08:41:25,113 - root - DEBUG - 5.4-Weekday
2022-01-06 08:41:25,113 - root - DEBUG - 5.4.1-X
2022-01-06 08:41:25,113 - root - DEBUG - 5.4.2-Y
2022-01-06 08:41:25,113 - root - DEBUG - 5.4.3-ImageIndex
2022-01-06 08:41:25,113 - root - DEBUG - 5.4.4-ImagesCount
2022-01-06 08:41:25,113 - root - DEBUG - 5.5-WeekdayChinese
2022-01-06 08:41:25,113 - root - DEBUG - 5.5.1-X
2022-01-06 08:41:25,113 - root - DEBUG - 5.5.2-Y
2022-01-06 08:41:25,113 - root - DEBUG - 5.5.3-ImageIndex
2022-01-06 08:41:25,113 - root - DEBUG - 5.5.4-ImagesCount
2022-01-06 08:41:25,113 - root - DEBUG - 5.6-WeekdayTradChinese
2022-01-06 08:41:25,113 - root - DEBUG - 5.6.1-X
2022-01-06 08:41:25,113 - root - DEBUG - 5.6.2-Y
2022-01-06 08:41:25,113 - root - DEBUG - 5.6.3-ImageIndex
2022-01-06 08:41:25,113 - root - DEBUG - 5.6.4-ImagesCount
2022-01-06 08:41:25,113 - root - DEBUG - 9-Battery
2022-01-06 08:41:25,113 - root - DEBUG - 9.1-BatteryText
2022-01-06 08:41:25,113 - root - DEBUG - 9.1.1-ImageNumber
2022-01-06 08:41:25,113 - root - DEBUG - 9.1.1.1-TopLeftX
2022-01-06 08:41:25,113 - root - DEBUG - 9.1.1.2-TopLeftY
2022-01-06 08:41:25,113 - root - DEBUG - 9.1.1.3-BottomRightX
2022-01-06 08:41:25,113 - root - DEBUG - 9.1.1.4-BottomRightY
2022-01-06 08:41:25,113 - root - DEBUG - 9.1.1.5-Alignment
2022-01-06 08:41:25,113 - root - DEBUG - 9.1.1.6-Spacing
2022-01-06 08:41:25,113 - root - DEBUG - 9.1.1.7-VerticalOffset
2022-01-06 08:41:25,113 - root - DEBUG - 9.1.1.8-ImageIndex
2022-01-06 08:41:25,113 - root - DEBUG - 9.1.1.9-ImagesCount
2022-01-06 08:41:25,113 - root - DEBUG - 20-TimeAnalog
2022-01-06 08:41:25,113 - root - DEBUG - 20.2-CommonCenterCoordinates
2022-01-06 08:41:25,113 - root - DEBUG - 20.2.1-X
2022-01-06 08:41:25,113 - root - DEBUG - 20.2.2-Y
2022-01-06 08:41:25,113 - root - DEBUG - 20.3-Hours
2022-01-06 08:41:25,113 - root - DEBUG - 20.3.1-ImageIndex
2022-01-06 08:41:25,113 - root - DEBUG - 20.3.2-PointerCenterOfRotationY
2022-01-06 08:41:25,113 - root - DEBUG - 20.4-Minutes
2022-01-06 08:41:25,113 - root - DEBUG - 20.4.1-ImageIndex
2022-01-06 08:41:25,113 - root - DEBUG - 20.4.2-PointerCenterOfRotationY
2022-01-06 08:41:25,113 - root - DEBUG - 20.5-Seconds
2022-01-06 08:41:25,113 - root - DEBUG - 20.5.1-ImageIndex
2022-01-06 08:41:25,113 - root - DEBUG - 20.5.2-PointerCenterOfRotationY
2022-01-06 08:41:25,113 - root - DEBUG - 20.5.4-CoverImage
2022-01-06 08:41:25,113 - root - DEBUG - 20.5.4.1-X
2022-01-06 08:41:25,113 - root - DEBUG - 20.5.4.2-Y
2022-01-06 08:41:25,113 - root - DEBUG - 20.5.4.3-ImageIndex
2022-01-06 08:41:25,113 - root - DEBUG - generatePreviews
2022-01-06 08:41:25,113 - root - DEBUG - Generating previews...
2022-01-06 08:41:25,128 - root - DEBUG - Generating states done...
2022-01-06 08:41:25,128 - root - DEBUG - >>>>>>>>>>>> 0 <watchFaceParser.models.parameter.Parameter object at 0x000001917F424048>
2022-01-06 08:41:25,128 - root - DEBUG - >>>>>>>>>>>> 2 <watchFaceParser.models.parameter.Parameter object at 0x000001917F412DC8>
2022-01-06 08:41:25,128 - root - DEBUG - >>>>>>>>>>>> 4 <watchFaceParser.models.parameter.Parameter object at 0x000001917F41E2C8>
2022-01-06 08:41:25,144 - root - DEBUG - >>>>>>>>>>>> 5 <watchFaceParser.models.parameter.Parameter object at 0x000001917F41EA08>
2022-01-06 08:41:25,144 - root - DEBUG - >>>>>>>>>>>> 9 <watchFaceParser.models.parameter.Parameter object at 0x000001917F421A08>
2022-01-06 08:41:25,144 - root - DEBUG - >>>>>>>>>>>> 20 <watchFaceParser.models.parameter.Parameter object at 0x000001917F421808>
2022-01-06 08:41:25,191 - root - DEBUG - Generating static preview gen done...
2022-01-06 08:41:25,238 - root - DEBUG - Generating static preview save done...
2022-01-06 08:41:25,238 - root - DEBUG - Generating anim preview gen done...
2022-01-06 08:41:25,238 - root - DEBUG - >>>>>>>>>>>> 0 <watchFaceParser.models.parameter.Parameter object at 0x000001917F424048>
2022-01-06 08:41:25,238 - root - DEBUG - >>>>>>>>>>>> 2 <watchFaceParser.models.parameter.Parameter object at 0x000001917F412DC8>
2022-01-06 08:41:25,238 - root - DEBUG - >>>>>>>>>>>> 4 <watchFaceParser.models.parameter.Parameter object at 0x000001917F41E2C8>
2022-01-06 08:41:25,238 - root - DEBUG - >>>>>>>>>>>> 5 <watchFaceParser.models.parameter.Parameter object at 0x000001917F41EA08>
2022-01-06 08:41:25,238 - root - DEBUG - >>>>>>>>>>>> 9 <watchFaceParser.models.parameter.Parameter object at 0x000001917F421A08>
2022-01-06 08:41:25,238 - root - DEBUG - >>>>>>>>>>>> 20 <watchFaceParser.models.parameter.Parameter object at 0x000001917F421808>
2022-01-06 08:41:25,753 - root - DEBUG - generatePreviews done
2022-01-06 08:41:25,753 - root - DEBUG - Exporting resources to 'E:\Codez\zepp-bipupro-wf\3be0a9ff72b38b34141262a1a0be0639'
2022-01-06 08:41:25,753 - root - DEBUG - extracting E:\Codez\zepp-bipupro-wf\3be0a9ff72b38b34141262a1a0be0639\0000.png...
2022-01-06 08:41:25,769 - root - DEBUG - extracting E:\Codez\zepp-bipupro-wf\3be0a9ff72b38b34141262a1a0be0639\0001.png...
2022-01-06 08:41:25,785 - root - DEBUG - extracting E:\Codez\zepp-bipupro-wf\3be0a9ff72b38b34141262a1a0be0639\0002.png...
2022-01-06 08:41:25,785 - root - DEBUG - extracting E:\Codez\zepp-bipupro-wf\3be0a9ff72b38b34141262a1a0be0639\0003.png...
2022-01-06 08:41:25,800 - root - DEBUG - extracting E:\Codez\zepp-bipupro-wf\3be0a9ff72b38b34141262a1a0be0639\0004.png...
2022-01-06 08:41:25,800 - root - DEBUG - extracting E:\Codez\zepp-bipupro-wf\3be0a9ff72b38b34141262a1a0be0639\0005.png...
2022-01-06 08:41:25,800 - root - DEBUG - extracting E:\Codez\zepp-bipupro-wf\3be0a9ff72b38b34141262a1a0be0639\0006.png...
2022-01-06 08:41:25,800 - root - DEBUG - extracting E:\Codez\zepp-bipupro-wf\3be0a9ff72b38b34141262a1a0be0639\0007.png...
2022-01-06 08:41:25,800 - root - DEBUG - extracting E:\Codez\zepp-bipupro-wf\3be0a9ff72b38b34141262a1a0be0639\0008.png...
2022-01-06 08:41:25,800 - root - DEBUG - extracting E:\Codez\zepp-bipupro-wf\3be0a9ff72b38b34141262a1a0be0639\0009.png...
2022-01-06 08:41:25,800 - root - DEBUG - extracting E:\Codez\zepp-bipupro-wf\3be0a9ff72b38b34141262a1a0be0639\0010.png...
2022-01-06 08:41:25,800 - root - DEBUG - extracting E:\Codez\zepp-bipupro-wf\3be0a9ff72b38b34141262a1a0be0639\0011.png...
2022-01-06 08:41:25,800 - root - DEBUG - extracting E:\Codez\zepp-bipupro-wf\3be0a9ff72b38b34141262a1a0be0639\0012.png...
2022-01-06 08:41:25,800 - root - DEBUG - extracting E:\Codez\zepp-bipupro-wf\3be0a9ff72b38b34141262a1a0be0639\0013.png...
2022-01-06 08:41:25,800 - root - DEBUG - extracting E:\Codez\zepp-bipupro-wf\3be0a9ff72b38b34141262a1a0be0639\0014.png...
2022-01-06 08:41:25,800 - root - DEBUG - extracting E:\Codez\zepp-bipupro-wf\3be0a9ff72b38b34141262a1a0be0639\0015.png...
2022-01-06 08:41:25,800 - root - DEBUG - extracting E:\Codez\zepp-bipupro-wf\3be0a9ff72b38b34141262a1a0be0639\0016.png...
2022-01-06 08:41:25,800 - root - DEBUG - extracting E:\Codez\zepp-bipupro-wf\3be0a9ff72b38b34141262a1a0be0639\0017.png...
2022-01-06 08:41:25,800 - root - DEBUG - extracting E:\Codez\zepp-bipupro-wf\3be0a9ff72b38b34141262a1a0be0639\0018.png...
2022-01-06 08:41:25,800 - root - DEBUG - extracting E:\Codez\zepp-bipupro-wf\3be0a9ff72b38b34141262a1a0be0639\0019.png...
2022-01-06 08:41:25,800 - root - DEBUG - extracting E:\Codez\zepp-bipupro-wf\3be0a9ff72b38b34141262a1a0be0639\0020.png...
2022-01-06 08:41:25,800 - root - DEBUG - extracting E:\Codez\zepp-bipupro-wf\3be0a9ff72b38b34141262a1a0be0639\0021.png...
2022-01-06 08:41:25,800 - root - DEBUG - extracting E:\Codez\zepp-bipupro-wf\3be0a9ff72b38b34141262a1a0be0639\0022.png...
2022-01-06 08:41:25,800 - root - DEBUG - extracting E:\Codez\zepp-bipupro-wf\3be0a9ff72b38b34141262a1a0be0639\0023.png...
2022-01-06 08:41:25,816 - root - DEBUG - extracting E:\Codez\zepp-bipupro-wf\3be0a9ff72b38b34141262a1a0be0639\0024.png...
2022-01-06 08:41:25,816 - root - DEBUG - extracting E:\Codez\zepp-bipupro-wf\3be0a9ff72b38b34141262a1a0be0639\0025.png...
2022-01-06 08:41:25,816 - root - DEBUG - extracting E:\Codez\zepp-bipupro-wf\3be0a9ff72b38b34141262a1a0be0639\0026.png...
2022-01-06 08:41:25,816 - root - DEBUG - extracting E:\Codez\zepp-bipupro-wf\3be0a9ff72b38b34141262a1a0be0639\0027.png...
2022-01-06 08:41:25,816 - root - DEBUG - extracting E:\Codez\zepp-bipupro-wf\3be0a9ff72b38b34141262a1a0be0639\0028.png...
2022-01-06 08:41:25,816 - root - DEBUG - extracting E:\Codez\zepp-bipupro-wf\3be0a9ff72b38b34141262a1a0be0639\0029.png...
2022-01-06 08:41:25,816 - root - DEBUG - extracting E:\Codez\zepp-bipupro-wf\3be0a9ff72b38b34141262a1a0be0639\0030.png...
2022-01-06 08:41:25,816 - root - DEBUG - extracting E:\Codez\zepp-bipupro-wf\3be0a9ff72b38b34141262a1a0be0639\0031.png...
2022-01-06 08:41:25,816 - root - DEBUG - extracting E:\Codez\zepp-bipupro-wf\3be0a9ff72b38b34141262a1a0be0639\0032.png...
2022-01-06 08:41:25,816 - root - DEBUG - extracting E:\Codez\zepp-bipupro-wf\3be0a9ff72b38b34141262a1a0be0639\0033.png...
2022-01-06 08:41:25,816 - root - DEBUG - extracting E:\Codez\zepp-bipupro-wf\3be0a9ff72b38b34141262a1a0be0639\0034.png...
2022-01-06 08:41:25,816 - root - DEBUG - extracting E:\Codez\zepp-bipupro-wf\3be0a9ff72b38b34141262a1a0be0639\0035.png...
2022-01-06 08:41:25,816 - root - DEBUG - extracting E:\Codez\zepp-bipupro-wf\3be0a9ff72b38b34141262a1a0be0639\0036.png...
2022-01-06 08:41:25,816 - root - DEBUG - extracting E:\Codez\zepp-bipupro-wf\3be0a9ff72b38b34141262a1a0be0639\0037.png...
2022-01-06 08:41:25,816 - root - DEBUG - extracting E:\Codez\zepp-bipupro-wf\3be0a9ff72b38b34141262a1a0be0639\0038.png...
2022-01-06 08:41:25,816 - root - DEBUG - extracting E:\Codez\zepp-bipupro-wf\3be0a9ff72b38b34141262a1a0be0639\0039.png...
2022-01-06 08:41:25,816 - root - DEBUG - extracting E:\Codez\zepp-bipupro-wf\3be0a9ff72b38b34141262a1a0be0639\0040.png...
2022-01-06 08:41:25,816 - root - DEBUG - extracting E:\Codez\zepp-bipupro-wf\3be0a9ff72b38b34141262a1a0be0639\0041.png...
2022-01-06 08:41:25,816 - root - DEBUG - extracting E:\Codez\zepp-bipupro-wf\3be0a9ff72b38b34141262a1a0be0639\0042.png...
2022-01-06 08:41:25,816 - root - DEBUG - extracting E:\Codez\zepp-bipupro-wf\3be0a9ff72b38b34141262a1a0be0639\0043.png...
2022-01-06 08:41:25,831 - root - DEBUG - extracting E:\Codez\zepp-bipupro-wf\3be0a9ff72b38b34141262a1a0be0639\0044.png...
2022-01-06 08:41:25,831 - root - DEBUG - extracting E:\Codez\zepp-bipupro-wf\3be0a9ff72b38b34141262a1a0be0639\0045.png...
2022-01-06 08:41:25,831 - root - DEBUG - extracting E:\Codez\zepp-bipupro-wf\3be0a9ff72b38b34141262a1a0be0639\0046.png...
2022-01-06 08:41:25,831 - root - DEBUG - extracting E:\Codez\zepp-bipupro-wf\3be0a9ff72b38b34141262a1a0be0639\0047.png...
2022-01-06 08:41:25,831 - root - DEBUG - extracting E:\Codez\zepp-bipupro-wf\3be0a9ff72b38b34141262a1a0be0639\0048.png...
2022-01-06 08:41:25,831 - root - DEBUG - extracting E:\Codez\zepp-bipupro-wf\3be0a9ff72b38b34141262a1a0be0639\0049.png...
2022-01-06 08:41:25,831 - root - DEBUG - Exporting config...
