2021-12-27 14:53:00,992 - root - DEBUG - Opening watch face '54af503d72ce2578ae93f250a9d3a12f.bin'
2021-12-27 14:53:00,992 - root - DEBUG - Reading parameters...
2021-12-27 14:53:00,992 - root - INFO - Reading header...
2021-12-27 14:53:00,992 - root - INFO - Header was read:
2021-12-27 14:53:00,992 - root - INFO - Signature: b'UIHH\x01\x00\xff', Unknown: 76, ParametersSize: 47, isValid: True, deviceId: 71
2021-12-27 14:53:00,992 - root - INFO - Reading parameter offsets...
2021-12-27 14:53:00,992 - root - INFO - Parameter offsets were read from file
2021-12-27 14:53:00,992 - root - INFO - Reading parameters descriptor...
2021-12-27 14:53:00,992 - root - INFO - 1 ( A): 5 bytes
2021-12-27 14:53:00,992 - root - INFO -     1 ( 8): 291 123
2021-12-27 14:53:00,992 - root - INFO -     2 (10): 67 43
2021-12-27 14:53:00,992 - root - INFO - getParameters descriptor was read:
2021-12-27 14:53:00,992 - root - INFO - ParametersTableLength: 291, ImagesCount: 67
2021-12-27 14:53:00,992 - root - INFO - Reading parameters locations...
2021-12-27 14:53:00,992 - root - INFO - 2 (12): 4 bytes
2021-12-27 14:53:00,992 - root - INFO -     1 ( 8): 0  0
2021-12-27 14:53:00,992 - root - INFO -     2 (10): 32 20
2021-12-27 14:53:00,992 - root - INFO - 3 (1A): 4 bytes
2021-12-27 14:53:00,992 - root - INFO -     1 ( 8): 32 20
2021-12-27 14:53:00,992 - root - INFO -     2 (10): 51 33
2021-12-27 14:53:00,992 - root - INFO - 4 (22): 5 bytes
2021-12-27 14:53:00,992 - root - INFO -     1 ( 8): 159 9F
2021-12-27 14:53:00,992 - root - INFO -     2 (10): 54 36
2021-12-27 14:53:00,992 - root - INFO - 5 (2A): 4 bytes
2021-12-27 14:53:00,992 - root - INFO -     1 ( 8): 83 53
2021-12-27 14:53:00,992 - root - INFO -     2 (10): 76 4C
2021-12-27 14:53:00,992 - root - INFO - 6 (32): 5 bytes
2021-12-27 14:53:00,992 - root - INFO -     1 ( 8): 213 D5
2021-12-27 14:53:00,992 - root - INFO -     2 (10): 30 1E
2021-12-27 14:53:00,992 - root - INFO - 20 (A2): 5 bytes
2021-12-27 14:53:00,992 - root - INFO -     1 ( 8): 243 F3
2021-12-27 14:53:00,992 - root - INFO -     2 (10): 48 30
2021-12-27 14:53:00,992 - root - INFO - Watch face parameters locations were read:
2021-12-27 14:53:00,992 - root - INFO - Reading descriptor for parameter 2
2021-12-27 14:53:00,992 - root - INFO - Descriptor offset: 0, Descriptor length: 32
2021-12-27 14:53:00,992 - root - INFO - Parsing descriptor for parameter 2...
2021-12-27 14:53:00,992 - root - INFO - 1 ( A): 6 bytes
2021-12-27 14:53:00,992 - root - INFO -     1 ( 8): 0  0
2021-12-27 14:53:00,992 - root - INFO -     2 (10): 0  0
2021-12-27 14:53:00,992 - root - INFO -     3 (18): 3  3
2021-12-27 14:53:00,992 - root - INFO - 3 (1A): 6 bytes
2021-12-27 14:53:00,992 - root - INFO -     1 ( 8): 0  0
2021-12-27 14:53:00,992 - root - INFO -     2 (10): 0  0
2021-12-27 14:53:00,992 - root - INFO -     3 (18): 0  0
2021-12-27 14:53:00,992 - root - INFO - 4 (22): 6 bytes
2021-12-27 14:53:00,992 - root - INFO -     1 ( 8): 0  0
2021-12-27 14:53:00,992 - root - INFO -     2 (10): 0  0
2021-12-27 14:53:00,992 - root - INFO -     3 (18): 2  2
2021-12-27 14:53:00,992 - root - INFO - 5 (2A): 6 bytes
2021-12-27 14:53:00,992 - root - INFO -     1 ( 8): 0  0
2021-12-27 14:53:00,992 - root - INFO -     2 (10): 0  0
2021-12-27 14:53:00,992 - root - INFO -     3 (18): 1  1
2021-12-27 14:53:00,992 - root - INFO - Reading descriptor for parameter 3
2021-12-27 14:53:00,992 - root - INFO - Descriptor offset: 32, Descriptor length: 51
2021-12-27 14:53:00,992 - root - INFO - Parsing descriptor for parameter 3...
2021-12-27 14:53:00,992 - root - INFO - 1 ( A): 49 bytes
2021-12-27 14:53:00,992 - root - INFO -     1 ( A): 20 bytes
2021-12-27 14:53:00,992 - root - INFO -         1 ( A): 8 bytes
2021-12-27 14:53:00,992 - root - INFO -             1 ( 8): 16 10
2021-12-27 14:53:00,992 - root - INFO -             2 (10): 14  E
2021-12-27 14:53:00,992 - root - INFO -             3 (18): 4  4
2021-12-27 14:53:00,992 - root - INFO -             4 (20): 10  A
2021-12-27 14:53:00,992 - root - INFO -         2 (12): 8 bytes
2021-12-27 14:53:01,008 - root - INFO -             1 ( 8): 49 31
2021-12-27 14:53:01,008 - root - INFO -             2 (10): 14  E
2021-12-27 14:53:01,008 - root - INFO -             3 (18): 4  4
2021-12-27 14:53:01,008 - root - INFO -             4 (20): 10  A
2021-12-27 14:53:01,008 - root - INFO -     2 (12): 21 bytes
2021-12-27 14:53:01,008 - root - INFO -         1 ( A): 8 bytes
2021-12-27 14:53:01,008 - root - INFO -             1 ( 8): 100 64
2021-12-27 14:53:01,008 - root - INFO -             2 (10): 14  E
2021-12-27 14:53:01,008 - root - INFO -             3 (18): 4  4
2021-12-27 14:53:01,008 - root - INFO -             4 (20): 10  A
2021-12-27 14:53:01,008 - root - INFO -         2 (12): 9 bytes
2021-12-27 14:53:01,008 - root - INFO -             1 ( 8): 133 85
2021-12-27 14:53:01,008 - root - INFO -             2 (10): 14  E
2021-12-27 14:53:01,008 - root - INFO -             3 (18): 4  4
2021-12-27 14:53:01,008 - root - INFO -             4 (20): 10  A
2021-12-27 14:53:01,008 - root - INFO -     7 (38): 0  0
2021-12-27 14:53:01,008 - root - INFO -     8 (40): 1  1
2021-12-27 14:53:01,008 - root - INFO - Reading descriptor for parameter 4
2021-12-27 14:53:01,008 - root - INFO - Descriptor offset: 159, Descriptor length: 54
2021-12-27 14:53:01,008 - root - INFO - Parsing descriptor for parameter 4...
2021-12-27 14:53:01,008 - root - INFO - 3 (1A): 24 bytes
2021-12-27 14:53:01,008 - root - INFO -     1 ( A): 22 bytes
2021-12-27 14:53:01,008 - root - INFO -         1 ( 8): 194 C2
2021-12-27 14:53:01,008 - root - INFO -         2 (10): 285 11D
2021-12-27 14:53:01,008 - root - INFO -         3 (18): 256 100
2021-12-27 14:53:01,008 - root - INFO -         4 (20): 306 132
2021-12-27 14:53:01,008 - root - INFO -         5 (28): 20 14
2021-12-27 14:53:01,008 - root - INFO -         6 (30): 2  2
2021-12-27 14:53:01,008 - root - INFO -         7 (38): 0  0
2021-12-27 14:53:01,008 - root - INFO -         8 (40): 14  E
2021-12-27 14:53:01,008 - root - INFO -         9 (48): 10  A
2021-12-27 14:53:01,008 - root - INFO - 4 (22): 24 bytes
2021-12-27 14:53:01,008 - root - INFO -     1 ( A): 20 bytes
2021-12-27 14:53:01,008 - root - INFO -         1 ( 8): 55 37
2021-12-27 14:53:01,008 - root - INFO -         2 (10): 285 11D
2021-12-27 14:53:01,008 - root - INFO -         3 (18): 101 65
2021-12-27 14:53:01,008 - root - INFO -         4 (20): 306 132
2021-12-27 14:53:01,008 - root - INFO -         5 (28): 18 12
2021-12-27 14:53:01,008 - root - INFO -         6 (30): 2  2
2021-12-27 14:53:01,008 - root - INFO -         7 (38): 0  0
2021-12-27 14:53:01,008 - root - INFO -         8 (40): 14  E
2021-12-27 14:53:01,008 - root - INFO -         9 (48): 10  A
2021-12-27 14:53:01,008 - root - INFO -     3 (18): 49 31
2021-12-27 14:53:01,008 - root - INFO - 7 (38): 0  0
2021-12-27 14:53:01,008 - root - INFO - Reading descriptor for parameter 5
2021-12-27 14:53:01,008 - root - INFO - Descriptor offset: 83, Descriptor length: 76
2021-12-27 14:53:01,008 - root - INFO - Parsing descriptor for parameter 5...
2021-12-27 14:53:01,008 - root - INFO - 1 ( A): 30 bytes
2021-12-27 14:53:01,008 - root - INFO -     1 ( A): 22 bytes
2021-12-27 14:53:01,008 - root - INFO -         4 (22): 20 bytes
2021-12-27 14:53:01,008 - root - INFO -             1 ( 8): 132 84
2021-12-27 14:53:01,008 - root - INFO -             2 (10): 70 46
2021-12-27 14:53:01,008 - root - INFO -             3 (18): 160 A0
2021-12-27 14:53:01,008 - root - INFO -             4 (20): 91 5B
2021-12-27 14:53:01,008 - root - INFO -             5 (28): 18 12
2021-12-27 14:53:01,008 - root - INFO -             6 (30): 0  0
2021-12-27 14:53:01,008 - root - INFO -             7 (38): 0  0
2021-12-27 14:53:01,008 - root - INFO -             8 (40): 14  E
2021-12-27 14:53:01,008 - root - INFO -             9 (48): 10  A
2021-12-27 14:53:01,008 - root - INFO -     4 (20): 1  1
2021-12-27 14:53:01,008 - root - INFO -     5 (28): 1  1
2021-12-27 14:53:01,008 - root - INFO -     6 (30): 0  0
2021-12-27 14:53:01,008 - root - INFO - 2 (12): 12 bytes
2021-12-27 14:53:01,008 - root - INFO -     1 ( 8): 14  E
2021-12-27 14:53:01,008 - root - INFO -     2 (10): 68 44
2021-12-27 14:53:01,008 - root - INFO -     3 (18): 45 2D
2021-12-27 14:53:01,008 - root - INFO -     4 (20): 46 2E
2021-12-27 14:53:01,008 - root - INFO -     5 (28): 47 2F
2021-12-27 14:53:01,008 - root - INFO -     6 (30): 48 30
2021-12-27 14:53:01,008 - root - INFO - 4 (22): 8 bytes
2021-12-27 14:53:01,008 - root - INFO -     1 ( 8): 66 42
2021-12-27 14:53:01,008 - root - INFO -     2 (10): 68 44
2021-12-27 14:53:01,008 - root - INFO -     3 (18): 24 18
2021-12-27 14:53:01,008 - root - INFO -     4 (20): 7  7
2021-12-27 14:53:01,008 - root - INFO - 5 (2A): 8 bytes
2021-12-27 14:53:01,008 - root - INFO -     1 ( 8): 66 42
2021-12-27 14:53:01,008 - root - INFO -     2 (10): 68 44
2021-12-27 14:53:01,008 - root - INFO -     3 (18): 38 26
2021-12-27 14:53:01,008 - root - INFO -     4 (20): 7  7
2021-12-27 14:53:01,008 - root - INFO - 6 (32): 8 bytes
2021-12-27 14:53:01,008 - root - INFO -     1 ( 8): 66 42
2021-12-27 14:53:01,008 - root - INFO -     2 (10): 68 44
2021-12-27 14:53:01,008 - root - INFO -     3 (18): 31 1F
2021-12-27 14:53:01,008 - root - INFO -     4 (20): 7  7
2021-12-27 14:53:01,008 - root - INFO - Reading descriptor for parameter 6
2021-12-27 14:53:01,008 - root - INFO - Descriptor offset: 213, Descriptor length: 30
2021-12-27 14:53:01,008 - root - INFO - Parsing descriptor for parameter 6...
2021-12-27 14:53:01,008 - root - INFO - 2 (12): 28 bytes
2021-12-27 14:53:01,008 - root - INFO -     1 ( A): 26 bytes
2021-12-27 14:53:01,008 - root - INFO -         1 ( A): 20 bytes
2021-12-27 14:53:01,008 - root - INFO -             1 ( 8): 223 DF
2021-12-27 14:53:01,008 - root - INFO -             2 (10): 12  C
2021-12-27 14:53:01,008 - root - INFO -             3 (18): 279 117
2021-12-27 14:53:01,008 - root - INFO -             4 (20): 33 21
2021-12-27 14:53:01,008 - root - INFO -             5 (28): 24 18
2021-12-27 14:53:01,008 - root - INFO -             6 (30): 2  2
2021-12-27 14:53:01,008 - root - INFO -             7 (38): 0  0
2021-12-27 14:53:01,008 - root - INFO -             8 (40): 50 32
2021-12-27 14:53:01,008 - root - INFO -             9 (48): 10  A
2021-12-27 14:53:01,008 - root - INFO -         2 (10): 60 3C
2021-12-27 14:53:01,008 - root - INFO -         3 (18): 61 3D
2021-12-27 14:53:01,008 - root - INFO - Reading descriptor for parameter 20
2021-12-27 14:53:01,008 - root - INFO - Descriptor offset: 243, Descriptor length: 48
2021-12-27 14:53:01,008 - root - INFO - Parsing descriptor for parameter 20...
2021-12-27 14:53:01,008 - root - INFO - 2 (12): 6 bytes
2021-12-27 14:53:01,008 - root - INFO -     1 ( 8): 151 97
2021-12-27 14:53:01,008 - root - INFO -     2 (10): 160 A0
2021-12-27 14:53:01,008 - root - INFO - 3 (1A): 4 bytes
2021-12-27 14:53:01,008 - root - INFO -     1 ( 8): 62 3E
2021-12-27 14:53:01,008 - root - INFO -     2 (10): 87 57
2021-12-27 14:53:01,008 - root - INFO - 4 (22): 15 bytes
2021-12-27 14:53:01,008 - root - INFO -     1 ( 8): 64 40
2021-12-27 14:53:01,008 - root - INFO -     2 (10): 133 85
2021-12-27 14:53:01,008 - root - INFO -     4 (22): 8 bytes
2021-12-27 14:53:01,008 - root - INFO -         1 ( 8): 139 8B
2021-12-27 14:53:01,008 - root - INFO -         2 (10): 148 94
2021-12-27 14:53:01,008 - root - INFO -         3 (18): 66 42
2021-12-27 14:53:01,008 - root - INFO - 5 (2A): 15 bytes
2021-12-27 14:53:01,008 - root - INFO -     1 ( 8): 63 3F
2021-12-27 14:53:01,008 - root - INFO -     2 (10): 135 87
2021-12-27 14:53:01,008 - root - INFO -     4 (22): 8 bytes
2021-12-27 14:53:01,008 - root - INFO -         1 ( 8): 142 8E
2021-12-27 14:53:01,008 - root - INFO -         2 (10): 151 97
2021-12-27 14:53:01,008 - root - INFO -         3 (18): 65 41
2021-12-27 14:53:01,008 - root - INFO - Reading resources offsets table with 67 elements (268 bytes)
2021-12-27 14:53:01,008 - root - INFO - Resource 0 offset: 693, length: 86472...
2021-12-27 14:53:01,008 - root - DEBUG - Reading resource 0...
2021-12-27 14:53:01,055 - root - INFO - The image is bmc.
2021-12-27 14:53:01,055 - root - INFO - Reading image header(readHeader16C)...
2021-12-27 14:53:01,055 - root - INFO - Image header was read:
2021-12-27 14:53:01,055 - root - INFO - Width: 202, Height: 214, RowLength: 404
2021-12-27 14:53:01,055 - root - INFO - _step: 2, unknown2: 0,
2021-12-27 14:53:01,055 - root - INFO - BPP: 16, Transparency: False
2021-12-27 14:53:01,227 - root - INFO - Resource 1 offset: 87165, length: 86472...
2021-12-27 14:53:01,227 - root - DEBUG - Reading resource 1...
2021-12-27 14:53:01,227 - root - INFO - The image is bmc.
2021-12-27 14:53:01,227 - root - INFO - Reading image header(readHeader16C)...
2021-12-27 14:53:01,227 - root - INFO - Image header was read:
2021-12-27 14:53:01,227 - root - INFO - Width: 202, Height: 214, RowLength: 404
2021-12-27 14:53:01,227 - root - INFO - _step: 2, unknown2: 0,
2021-12-27 14:53:01,227 - root - INFO - BPP: 16, Transparency: False
2021-12-27 14:53:01,383 - root - INFO - Resource 2 offset: 173637, length: 86472...
2021-12-27 14:53:01,383 - root - DEBUG - Reading resource 2...
2021-12-27 14:53:01,383 - root - INFO - The image is bmc.
2021-12-27 14:53:01,383 - root - INFO - Reading image header(readHeader16C)...
2021-12-27 14:53:01,383 - root - INFO - Image header was read:
2021-12-27 14:53:01,383 - root - INFO - Width: 202, Height: 214, RowLength: 404
2021-12-27 14:53:01,383 - root - INFO - _step: 2, unknown2: 0,
2021-12-27 14:53:01,383 - root - INFO - BPP: 16, Transparency: False
2021-12-27 14:53:01,555 - root - INFO - Resource 3 offset: 260109, length: 193296...
2021-12-27 14:53:01,555 - root - DEBUG - Reading resource 3...
2021-12-27 14:53:01,555 - root - INFO - The image is bmc.
2021-12-27 14:53:01,555 - root - INFO - Reading image header(readHeader16C)...
2021-12-27 14:53:01,555 - root - INFO - Image header was read:
2021-12-27 14:53:01,555 - root - INFO - Width: 302, Height: 320, RowLength: 604
2021-12-27 14:53:01,555 - root - INFO - _step: 2, unknown2: 0,
2021-12-27 14:53:01,555 - root - INFO - BPP: 16, Transparency: False
2021-12-27 14:53:01,930 - root - INFO - Resource 4 offset: 453405, length: 1816...
2021-12-27 14:53:01,930 - root - DEBUG - Reading resource 4...
2021-12-27 14:53:01,930 - root - INFO - The image is bme.
2021-12-27 14:53:01,930 - root - INFO - Reading image header(readHeader16E)...
2021-12-27 14:53:01,930 - root - INFO - Image header was read:
2021-12-27 14:53:01,930 - root - INFO - Width: 30, Height: 46, RowLength: 60
2021-12-27 14:53:01,930 - root - INFO - datalength: 1800, _step: 2
2021-12-27 14:53:01,930 - root - INFO - BPP: 16, Transparency: False
2021-12-27 14:53:01,930 - root - INFO - Resource 5 offset: 455221, length: 1036...
2021-12-27 14:53:01,930 - root - DEBUG - Reading resource 5...
2021-12-27 14:53:01,930 - root - INFO - The image is bme.
2021-12-27 14:53:01,930 - root - INFO - Reading image header(readHeader16E)...
2021-12-27 14:53:01,930 - root - INFO - Image header was read:
2021-12-27 14:53:01,930 - root - INFO - Width: 30, Height: 46, RowLength: 60
2021-12-27 14:53:01,930 - root - INFO - datalength: 1020, _step: 2
2021-12-27 14:53:01,930 - root - INFO - BPP: 16, Transparency: False
2021-12-27 14:53:01,930 - root - INFO - Resource 6 offset: 456257, length: 1452...
2021-12-27 14:53:01,930 - root - DEBUG - Reading resource 6...
2021-12-27 14:53:01,930 - root - INFO - The image is bme.
2021-12-27 14:53:01,930 - root - INFO - Reading image header(readHeader16E)...
2021-12-27 14:53:01,930 - root - INFO - Image header was read:
2021-12-27 14:53:01,930 - root - INFO - Width: 30, Height: 46, RowLength: 60
2021-12-27 14:53:01,930 - root - INFO - datalength: 1436, _step: 2
2021-12-27 14:53:01,930 - root - INFO - BPP: 16, Transparency: False
2021-12-27 14:53:01,930 - root - INFO - Resource 7 offset: 457709, length: 1494...
2021-12-27 14:53:01,930 - root - DEBUG - Reading resource 7...
2021-12-27 14:53:01,930 - root - INFO - The image is bme.
2021-12-27 14:53:01,930 - root - INFO - Reading image header(readHeader16E)...
2021-12-27 14:53:01,930 - root - INFO - Image header was read:
2021-12-27 14:53:01,930 - root - INFO - Width: 30, Height: 46, RowLength: 60
2021-12-27 14:53:01,930 - root - INFO - datalength: 1478, _step: 2
2021-12-27 14:53:01,930 - root - INFO - BPP: 16, Transparency: False
2021-12-27 14:53:01,945 - root - INFO - Resource 8 offset: 459203, length: 1446...
2021-12-27 14:53:01,945 - root - DEBUG - Reading resource 8...
2021-12-27 14:53:01,945 - root - INFO - The image is bme.
2021-12-27 14:53:01,945 - root - INFO - Reading image header(readHeader16E)...
2021-12-27 14:53:01,945 - root - INFO - Image header was read:
2021-12-27 14:53:01,945 - root - INFO - Width: 30, Height: 46, RowLength: 60
2021-12-27 14:53:01,945 - root - INFO - datalength: 1430, _step: 2
2021-12-27 14:53:01,945 - root - INFO - BPP: 16, Transparency: False
2021-12-27 14:53:01,945 - root - INFO - Resource 9 offset: 460649, length: 1544...
2021-12-27 14:53:01,945 - root - DEBUG - Reading resource 9...
2021-12-27 14:53:01,945 - root - INFO - The image is bme.
2021-12-27 14:53:01,945 - root - INFO - Reading image header(readHeader16E)...
2021-12-27 14:53:01,945 - root - INFO - Image header was read:
2021-12-27 14:53:01,945 - root - INFO - Width: 30, Height: 46, RowLength: 60
2021-12-27 14:53:01,945 - root - INFO - datalength: 1528, _step: 2
2021-12-27 14:53:01,945 - root - INFO - BPP: 16, Transparency: False
2021-12-27 14:53:01,945 - root - INFO - Resource 10 offset: 462193, length: 1626...
2021-12-27 14:53:01,945 - root - DEBUG - Reading resource 10...
2021-12-27 14:53:01,945 - root - INFO - The image is bme.
2021-12-27 14:53:01,945 - root - INFO - Reading image header(readHeader16E)...
2021-12-27 14:53:01,945 - root - INFO - Image header was read:
2021-12-27 14:53:01,945 - root - INFO - Width: 30, Height: 46, RowLength: 60
2021-12-27 14:53:01,945 - root - INFO - datalength: 1610, _step: 2
2021-12-27 14:53:01,945 - root - INFO - BPP: 16, Transparency: False
2021-12-27 14:53:01,945 - root - INFO - Resource 11 offset: 463819, length: 1114...
2021-12-27 14:53:01,945 - root - DEBUG - Reading resource 11...
2021-12-27 14:53:01,945 - root - INFO - The image is bme.
2021-12-27 14:53:01,945 - root - INFO - Reading image header(readHeader16E)...
2021-12-27 14:53:01,945 - root - INFO - Image header was read:
2021-12-27 14:53:01,945 - root - INFO - Width: 30, Height: 46, RowLength: 60
2021-12-27 14:53:01,945 - root - INFO - datalength: 1098, _step: 2
2021-12-27 14:53:01,945 - root - INFO - BPP: 16, Transparency: False
2021-12-27 14:53:01,945 - root - INFO - Resource 12 offset: 464933, length: 1846...
2021-12-27 14:53:01,945 - root - DEBUG - Reading resource 12...
2021-12-27 14:53:01,945 - root - INFO - The image is bme.
2021-12-27 14:53:01,945 - root - INFO - Reading image header(readHeader16E)...
2021-12-27 14:53:01,945 - root - INFO - Image header was read:
2021-12-27 14:53:01,945 - root - INFO - Width: 30, Height: 46, RowLength: 60
2021-12-27 14:53:01,945 - root - INFO - datalength: 1830, _step: 2
2021-12-27 14:53:01,945 - root - INFO - BPP: 16, Transparency: False
2021-12-27 14:53:01,961 - root - INFO - Resource 13 offset: 466779, length: 1640...
2021-12-27 14:53:01,961 - root - DEBUG - Reading resource 13...
2021-12-27 14:53:01,961 - root - INFO - The image is bme.
2021-12-27 14:53:01,961 - root - INFO - Reading image header(readHeader16E)...
2021-12-27 14:53:01,961 - root - INFO - Image header was read:
2021-12-27 14:53:01,961 - root - INFO - Width: 30, Height: 46, RowLength: 60
2021-12-27 14:53:01,961 - root - INFO - datalength: 1624, _step: 2
2021-12-27 14:53:01,961 - root - INFO - BPP: 16, Transparency: False
2021-12-27 14:53:01,961 - root - INFO - Resource 14 offset: 468419, length: 498...
2021-12-27 14:53:01,961 - root - DEBUG - Reading resource 14...
2021-12-27 14:53:01,961 - root - INFO - The image is bme.
2021-12-27 14:53:01,961 - root - INFO - Reading image header(readHeader16E)...
2021-12-27 14:53:01,961 - root - INFO - Image header was read:
2021-12-27 14:53:01,961 - root - INFO - Width: 14, Height: 21, RowLength: 28
2021-12-27 14:53:01,961 - root - INFO - datalength: 482, _step: 2
2021-12-27 14:53:01,961 - root - INFO - BPP: 16, Transparency: False
2021-12-27 14:53:01,961 - root - INFO - Resource 15 offset: 468917, length: 278...
2021-12-27 14:53:01,961 - root - DEBUG - Reading resource 15...
2021-12-27 14:53:01,961 - root - INFO - The image is bme.
2021-12-27 14:53:01,961 - root - INFO - Reading image header(readHeader16E)...
2021-12-27 14:53:01,961 - root - INFO - Image header was read:
2021-12-27 14:53:01,961 - root - INFO - Width: 14, Height: 21, RowLength: 28
2021-12-27 14:53:01,961 - root - INFO - datalength: 262, _step: 2
2021-12-27 14:53:01,961 - root - INFO - BPP: 16, Transparency: False
2021-12-27 14:53:01,961 - root - INFO - Resource 16 offset: 469195, length: 404...
2021-12-27 14:53:01,961 - root - DEBUG - Reading resource 16...
2021-12-27 14:53:01,961 - root - INFO - The image is bme.
2021-12-27 14:53:01,961 - root - INFO - Reading image header(readHeader16E)...
2021-12-27 14:53:01,961 - root - INFO - Image header was read:
2021-12-27 14:53:01,961 - root - INFO - Width: 14, Height: 21, RowLength: 28
2021-12-27 14:53:01,961 - root - INFO - datalength: 388, _step: 2
2021-12-27 14:53:01,961 - root - INFO - BPP: 16, Transparency: False
2021-12-27 14:53:01,961 - root - INFO - Resource 17 offset: 469599, length: 442...
2021-12-27 14:53:01,961 - root - DEBUG - Reading resource 17...
2021-12-27 14:53:01,961 - root - INFO - The image is bme.
2021-12-27 14:53:01,961 - root - INFO - Reading image header(readHeader16E)...
2021-12-27 14:53:01,961 - root - INFO - Image header was read:
2021-12-27 14:53:01,961 - root - INFO - Width: 14, Height: 21, RowLength: 28
2021-12-27 14:53:01,961 - root - INFO - datalength: 426, _step: 2
2021-12-27 14:53:01,961 - root - INFO - BPP: 16, Transparency: False
2021-12-27 14:53:01,961 - root - INFO - Resource 18 offset: 470041, length: 398...
2021-12-27 14:53:01,961 - root - DEBUG - Reading resource 18...
2021-12-27 14:53:01,961 - root - INFO - The image is bme.
2021-12-27 14:53:01,961 - root - INFO - Reading image header(readHeader16E)...
2021-12-27 14:53:01,961 - root - INFO - Image header was read:
2021-12-27 14:53:01,961 - root - INFO - Width: 14, Height: 21, RowLength: 28
2021-12-27 14:53:01,961 - root - INFO - datalength: 382, _step: 2
2021-12-27 14:53:01,961 - root - INFO - BPP: 16, Transparency: False
2021-12-27 14:53:01,961 - root - INFO - Resource 19 offset: 470439, length: 432...
2021-12-27 14:53:01,961 - root - DEBUG - Reading resource 19...
2021-12-27 14:53:01,961 - root - INFO - The image is bme.
2021-12-27 14:53:01,961 - root - INFO - Reading image header(readHeader16E)...
2021-12-27 14:53:01,961 - root - INFO - Image header was read:
2021-12-27 14:53:01,961 - root - INFO - Width: 14, Height: 21, RowLength: 28
2021-12-27 14:53:01,961 - root - INFO - datalength: 416, _step: 2
2021-12-27 14:53:01,961 - root - INFO - BPP: 16, Transparency: False
2021-12-27 14:53:01,961 - root - INFO - Resource 20 offset: 470871, length: 460...
2021-12-27 14:53:01,961 - root - DEBUG - Reading resource 20...
2021-12-27 14:53:01,961 - root - INFO - The image is bme.
2021-12-27 14:53:01,961 - root - INFO - Reading image header(readHeader16E)...
2021-12-27 14:53:01,961 - root - INFO - Image header was read:
2021-12-27 14:53:01,961 - root - INFO - Width: 14, Height: 21, RowLength: 28
2021-12-27 14:53:01,961 - root - INFO - datalength: 444, _step: 2
2021-12-27 14:53:01,961 - root - INFO - BPP: 16, Transparency: False
2021-12-27 14:53:01,961 - root - INFO - Resource 21 offset: 471331, length: 318...
2021-12-27 14:53:01,961 - root - DEBUG - Reading resource 21...
2021-12-27 14:53:01,961 - root - INFO - The image is bme.
2021-12-27 14:53:01,961 - root - INFO - Reading image header(readHeader16E)...
2021-12-27 14:53:01,961 - root - INFO - Image header was read:
2021-12-27 14:53:01,961 - root - INFO - Width: 14, Height: 21, RowLength: 28
2021-12-27 14:53:01,961 - root - INFO - datalength: 302, _step: 2
2021-12-27 14:53:01,961 - root - INFO - BPP: 16, Transparency: False
2021-12-27 14:53:01,961 - root - INFO - Resource 22 offset: 471649, length: 508...
2021-12-27 14:53:01,961 - root - DEBUG - Reading resource 22...
2021-12-27 14:53:01,961 - root - INFO - The image is bme.
2021-12-27 14:53:01,961 - root - INFO - Reading image header(readHeader16E)...
2021-12-27 14:53:01,961 - root - INFO - Image header was read:
2021-12-27 14:53:01,961 - root - INFO - Width: 14, Height: 21, RowLength: 28
2021-12-27 14:53:01,961 - root - INFO - datalength: 492, _step: 2
2021-12-27 14:53:01,961 - root - INFO - BPP: 16, Transparency: False
2021-12-27 14:53:01,977 - root - INFO - Resource 23 offset: 472157, length: 450...
2021-12-27 14:53:01,977 - root - DEBUG - Reading resource 23...
2021-12-27 14:53:01,977 - root - INFO - The image is bme.
2021-12-27 14:53:01,977 - root - INFO - Reading image header(readHeader16E)...
2021-12-27 14:53:01,977 - root - INFO - Image header was read:
2021-12-27 14:53:01,977 - root - INFO - Width: 14, Height: 21, RowLength: 28
2021-12-27 14:53:01,977 - root - INFO - datalength: 434, _step: 2
2021-12-27 14:53:01,977 - root - INFO - BPP: 16, Transparency: False
2021-12-27 14:53:01,977 - root - INFO - Resource 24 offset: 472607, length: 1994...
2021-12-27 14:53:01,977 - root - DEBUG - Reading resource 24...
2021-12-27 14:53:01,977 - root - INFO - The image is bme.
2021-12-27 14:53:01,977 - root - INFO - Reading image header(readHeader16E)...
2021-12-27 14:53:01,977 - root - INFO - Image header was read:
2021-12-27 14:53:01,977 - root - INFO - Width: 60, Height: 26, RowLength: 120
2021-12-27 14:53:01,977 - root - INFO - datalength: 1978, _step: 2
2021-12-27 14:53:01,977 - root - INFO - BPP: 16, Transparency: False
2021-12-27 14:53:01,977 - root - INFO - Resource 25 offset: 474601, length: 1262...
2021-12-27 14:53:01,977 - root - DEBUG - Reading resource 25...
2021-12-27 14:53:01,977 - root - INFO - The image is bme.
2021-12-27 14:53:01,977 - root - INFO - Reading image header(readHeader16E)...
2021-12-27 14:53:01,977 - root - INFO - Image header was read:
2021-12-27 14:53:01,977 - root - INFO - Width: 60, Height: 26, RowLength: 120
2021-12-27 14:53:01,977 - root - INFO - datalength: 1246, _step: 2
2021-12-27 14:53:01,977 - root - INFO - BPP: 16, Transparency: False
2021-12-27 14:53:01,977 - root - INFO - Resource 26 offset: 475863, length: 1688...
2021-12-27 14:53:01,977 - root - DEBUG - Reading resource 26...
2021-12-27 14:53:01,977 - root - INFO - The image is bme.
2021-12-27 14:53:01,977 - root - INFO - Reading image header(readHeader16E)...
2021-12-27 14:53:01,977 - root - INFO - Image header was read:
2021-12-27 14:53:01,977 - root - INFO - Width: 60, Height: 26, RowLength: 120
2021-12-27 14:53:01,977 - root - INFO - datalength: 1672, _step: 2
2021-12-27 14:53:01,977 - root - INFO - BPP: 16, Transparency: False
2021-12-27 14:53:01,977 - root - INFO - Resource 27 offset: 477551, length: 1332...
2021-12-27 14:53:01,977 - root - DEBUG - Reading resource 27...
2021-12-27 14:53:01,977 - root - INFO - The image is bme.
2021-12-27 14:53:01,977 - root - INFO - Reading image header(readHeader16E)...
2021-12-27 14:53:01,977 - root - INFO - Image header was read:
2021-12-27 14:53:01,977 - root - INFO - Width: 60, Height: 26, RowLength: 120
2021-12-27 14:53:01,977 - root - INFO - datalength: 1316, _step: 2
2021-12-27 14:53:01,977 - root - INFO - BPP: 16, Transparency: False
2021-12-27 14:53:01,977 - root - INFO - Resource 28 offset: 478883, length: 1110...
2021-12-27 14:53:01,977 - root - DEBUG - Reading resource 28...
2021-12-27 14:53:01,977 - root - INFO - The image is bme.
2021-12-27 14:53:01,977 - root - INFO - Reading image header(readHeader16E)...
2021-12-27 14:53:01,977 - root - INFO - Image header was read:
2021-12-27 14:53:01,977 - root - INFO - Width: 60, Height: 26, RowLength: 120
2021-12-27 14:53:01,977 - root - INFO - datalength: 1094, _step: 2
2021-12-27 14:53:01,977 - root - INFO - BPP: 16, Transparency: False
2021-12-27 14:53:01,977 - root - INFO - Resource 29 offset: 479993, length: 1266...
2021-12-27 14:53:01,977 - root - DEBUG - Reading resource 29...
2021-12-27 14:53:01,977 - root - INFO - The image is bme.
2021-12-27 14:53:01,977 - root - INFO - Reading image header(readHeader16E)...
2021-12-27 14:53:01,977 - root - INFO - Image header was read:
2021-12-27 14:53:01,977 - root - INFO - Width: 60, Height: 26, RowLength: 120
2021-12-27 14:53:01,977 - root - INFO - datalength: 1250, _step: 2
2021-12-27 14:53:01,977 - root - INFO - BPP: 16, Transparency: False
2021-12-27 14:53:01,992 - root - INFO - Resource 30 offset: 481259, length: 1626...
2021-12-27 14:53:01,992 - root - DEBUG - Reading resource 30...
2021-12-27 14:53:01,992 - root - INFO - The image is bme.
2021-12-27 14:53:01,992 - root - INFO - Reading image header(readHeader16E)...
2021-12-27 14:53:01,992 - root - INFO - Image header was read:
2021-12-27 14:53:01,992 - root - INFO - Width: 60, Height: 26, RowLength: 120
2021-12-27 14:53:01,992 - root - INFO - datalength: 1610, _step: 2
2021-12-27 14:53:01,992 - root - INFO - BPP: 16, Transparency: False
2021-12-27 14:53:01,992 - root - INFO - Resource 31 offset: 482885, length: 1000...
2021-12-27 14:53:01,992 - root - DEBUG - Reading resource 31...
2021-12-27 14:53:01,992 - root - INFO - The image is bme.
2021-12-27 14:53:01,992 - root - INFO - Reading image header(readHeader16E)...
2021-12-27 14:53:01,992 - root - INFO - Image header was read:
2021-12-27 14:53:01,992 - root - INFO - Width: 60, Height: 26, RowLength: 120
2021-12-27 14:53:01,992 - root - INFO - datalength: 984, _step: 2
2021-12-27 14:53:01,992 - root - INFO - BPP: 16, Transparency: False
2021-12-27 14:53:01,992 - root - INFO - Resource 32 offset: 483885, length: 1108...
2021-12-27 14:53:01,992 - root - DEBUG - Reading resource 32...
2021-12-27 14:53:01,992 - root - INFO - The image is bme.
2021-12-27 14:53:01,992 - root - INFO - Reading image header(readHeader16E)...
2021-12-27 14:53:01,992 - root - INFO - Image header was read:
2021-12-27 14:53:01,992 - root - INFO - Width: 60, Height: 26, RowLength: 120
2021-12-27 14:53:01,992 - root - INFO - datalength: 1092, _step: 2
2021-12-27 14:53:01,992 - root - INFO - BPP: 16, Transparency: False
2021-12-27 14:53:01,992 - root - INFO - Resource 33 offset: 484993, length: 1222...
2021-12-27 14:53:01,992 - root - DEBUG - Reading resource 33...
2021-12-27 14:53:01,992 - root - INFO - The image is bme.
2021-12-27 14:53:01,992 - root - INFO - Reading image header(readHeader16E)...
2021-12-27 14:53:01,992 - root - INFO - Image header was read:
2021-12-27 14:53:01,992 - root - INFO - Width: 60, Height: 26, RowLength: 120
2021-12-27 14:53:01,992 - root - INFO - datalength: 1206, _step: 2
2021-12-27 14:53:01,992 - root - INFO - BPP: 16, Transparency: False
2021-12-27 14:53:01,992 - root - INFO - Resource 34 offset: 486215, length: 1664...
2021-12-27 14:53:01,992 - root - DEBUG - Reading resource 34...
2021-12-27 14:53:01,992 - root - INFO - The image is bme.
2021-12-27 14:53:01,992 - root - INFO - Reading image header(readHeader16E)...
2021-12-27 14:53:01,992 - root - INFO - Image header was read:
2021-12-27 14:53:01,992 - root - INFO - Width: 60, Height: 26, RowLength: 120
2021-12-27 14:53:01,992 - root - INFO - datalength: 1648, _step: 2
2021-12-27 14:53:01,992 - root - INFO - BPP: 16, Transparency: False
2021-12-27 14:53:01,992 - root - INFO - Resource 35 offset: 487879, length: 1408...
2021-12-27 14:53:01,992 - root - DEBUG - Reading resource 35...
2021-12-27 14:53:01,992 - root - INFO - The image is bme.
2021-12-27 14:53:01,992 - root - INFO - Reading image header(readHeader16E)...
2021-12-27 14:53:01,992 - root - INFO - Image header was read:
2021-12-27 14:53:01,992 - root - INFO - Width: 60, Height: 26, RowLength: 120
2021-12-27 14:53:01,992 - root - INFO - datalength: 1392, _step: 2
2021-12-27 14:53:01,992 - root - INFO - BPP: 16, Transparency: False
2021-12-27 14:53:02,008 - root - INFO - Resource 36 offset: 489287, length: 1356...
2021-12-27 14:53:02,008 - root - DEBUG - Reading resource 36...
2021-12-27 14:53:02,008 - root - INFO - The image is bme.
2021-12-27 14:53:02,008 - root - INFO - Reading image header(readHeader16E)...
2021-12-27 14:53:02,008 - root - INFO - Image header was read:
2021-12-27 14:53:02,008 - root - INFO - Width: 60, Height: 26, RowLength: 120
2021-12-27 14:53:02,008 - root - INFO - datalength: 1340, _step: 2
2021-12-27 14:53:02,008 - root - INFO - BPP: 16, Transparency: False
2021-12-27 14:53:02,008 - root - INFO - Resource 37 offset: 490643, length: 1474...
2021-12-27 14:53:02,008 - root - DEBUG - Reading resource 37...
2021-12-27 14:53:02,008 - root - INFO - The image is bme.
2021-12-27 14:53:02,008 - root - INFO - Reading image header(readHeader16E)...
2021-12-27 14:53:02,008 - root - INFO - Image header was read:
2021-12-27 14:53:02,008 - root - INFO - Width: 60, Height: 26, RowLength: 120
2021-12-27 14:53:02,008 - root - INFO - datalength: 1458, _step: 2
2021-12-27 14:53:02,008 - root - INFO - BPP: 16, Transparency: False
2021-12-27 14:53:02,008 - root - INFO - Resource 38 offset: 492117, length: 1012...
2021-12-27 14:53:02,008 - root - DEBUG - Reading resource 38...
2021-12-27 14:53:02,008 - root - INFO - The image is bme.
2021-12-27 14:53:02,008 - root - INFO - Reading image header(readHeader16E)...
2021-12-27 14:53:02,008 - root - INFO - Image header was read:
2021-12-27 14:53:02,008 - root - INFO - Width: 60, Height: 26, RowLength: 120
2021-12-27 14:53:02,008 - root - INFO - datalength: 996, _step: 2
2021-12-27 14:53:02,008 - root - INFO - BPP: 16, Transparency: False
2021-12-27 14:53:02,008 - root - INFO - Resource 39 offset: 493129, length: 1120...
2021-12-27 14:53:02,008 - root - DEBUG - Reading resource 39...
2021-12-27 14:53:02,008 - root - INFO - The image is bme.
2021-12-27 14:53:02,008 - root - INFO - Reading image header(readHeader16E)...
2021-12-27 14:53:02,008 - root - INFO - Image header was read:
2021-12-27 14:53:02,008 - root - INFO - Width: 60, Height: 26, RowLength: 120
2021-12-27 14:53:02,008 - root - INFO - datalength: 1104, _step: 2
2021-12-27 14:53:02,008 - root - INFO - BPP: 16, Transparency: False
2021-12-27 14:53:02,008 - root - INFO - Resource 40 offset: 494249, length: 1234...
2021-12-27 14:53:02,008 - root - DEBUG - Reading resource 40...
2021-12-27 14:53:02,008 - root - INFO - The image is bme.
2021-12-27 14:53:02,008 - root - INFO - Reading image header(readHeader16E)...
2021-12-27 14:53:02,008 - root - INFO - Image header was read:
2021-12-27 14:53:02,008 - root - INFO - Width: 60, Height: 26, RowLength: 120
2021-12-27 14:53:02,008 - root - INFO - datalength: 1218, _step: 2
2021-12-27 14:53:02,008 - root - INFO - BPP: 16, Transparency: False
2021-12-27 14:53:02,008 - root - INFO - Resource 41 offset: 495483, length: 1676...
2021-12-27 14:53:02,008 - root - DEBUG - Reading resource 41...
2021-12-27 14:53:02,008 - root - INFO - The image is bme.
2021-12-27 14:53:02,008 - root - INFO - Reading image header(readHeader16E)...
2021-12-27 14:53:02,008 - root - INFO - Image header was read:
2021-12-27 14:53:02,024 - root - INFO - Width: 60, Height: 26, RowLength: 120
2021-12-27 14:53:02,024 - root - INFO - datalength: 1660, _step: 2
2021-12-27 14:53:02,024 - root - INFO - BPP: 16, Transparency: False
2021-12-27 14:53:02,024 - root - INFO - Resource 42 offset: 497159, length: 1420...
2021-12-27 14:53:02,024 - root - DEBUG - Reading resource 42...
2021-12-27 14:53:02,024 - root - INFO - The image is bme.
2021-12-27 14:53:02,024 - root - INFO - Reading image header(readHeader16E)...
2021-12-27 14:53:02,024 - root - INFO - Image header was read:
2021-12-27 14:53:02,024 - root - INFO - Width: 60, Height: 26, RowLength: 120
2021-12-27 14:53:02,024 - root - INFO - datalength: 1404, _step: 2
2021-12-27 14:53:02,024 - root - INFO - BPP: 16, Transparency: False
2021-12-27 14:53:02,024 - root - INFO - Resource 43 offset: 498579, length: 1368...
2021-12-27 14:53:02,024 - root - DEBUG - Reading resource 43...
2021-12-27 14:53:02,024 - root - INFO - The image is bme.
2021-12-27 14:53:02,024 - root - INFO - Reading image header(readHeader16E)...
2021-12-27 14:53:02,024 - root - INFO - Image header was read:
2021-12-27 14:53:02,024 - root - INFO - Width: 60, Height: 26, RowLength: 120
2021-12-27 14:53:02,024 - root - INFO - datalength: 1352, _step: 2
2021-12-27 14:53:02,024 - root - INFO - BPP: 16, Transparency: False
2021-12-27 14:53:02,024 - root - INFO - Resource 44 offset: 499947, length: 1486...
2021-12-27 14:53:02,024 - root - DEBUG - Reading resource 44...
2021-12-27 14:53:02,024 - root - INFO - The image is bme.
2021-12-27 14:53:02,024 - root - INFO - Reading image header(readHeader16E)...
2021-12-27 14:53:02,024 - root - INFO - Image header was read:
2021-12-27 14:53:02,024 - root - INFO - Width: 60, Height: 26, RowLength: 120
2021-12-27 14:53:02,024 - root - INFO - datalength: 1470, _step: 2
2021-12-27 14:53:02,024 - root - INFO - BPP: 16, Transparency: False
2021-12-27 14:53:02,024 - root - INFO - Resource 45 offset: 501433, length: 916...
2021-12-27 14:53:02,024 - root - DEBUG - Reading resource 45...
2021-12-27 14:53:02,024 - root - INFO - The image is bme.
2021-12-27 14:53:02,024 - root - INFO - Reading image header(readHeader16E)...
2021-12-27 14:53:02,024 - root - INFO - Image header was read:
2021-12-27 14:53:02,024 - root - INFO - Width: 46, Height: 26, RowLength: 92
2021-12-27 14:53:02,024 - root - INFO - datalength: 900, _step: 2
2021-12-27 14:53:02,024 - root - INFO - BPP: 16, Transparency: False
2021-12-27 14:53:02,024 - root - INFO - Resource 46 offset: 502349, length: 932...
2021-12-27 14:53:02,024 - root - DEBUG - Reading resource 46...
2021-12-27 14:53:02,024 - root - INFO - The image is bme.
2021-12-27 14:53:02,024 - root - INFO - Reading image header(readHeader16E)...
2021-12-27 14:53:02,024 - root - INFO - Image header was read:
2021-12-27 14:53:02,024 - root - INFO - Width: 46, Height: 26, RowLength: 92
2021-12-27 14:53:02,024 - root - INFO - datalength: 916, _step: 2
2021-12-27 14:53:02,024 - root - INFO - BPP: 16, Transparency: False
2021-12-27 14:53:02,024 - root - INFO - Resource 47 offset: 503281, length: 1248...
2021-12-27 14:53:02,039 - root - DEBUG - Reading resource 47...
2021-12-27 14:53:02,039 - root - INFO - The image is bme.
2021-12-27 14:53:02,039 - root - INFO - Reading image header(readHeader16E)...
2021-12-27 14:53:02,039 - root - INFO - Image header was read:
2021-12-27 14:53:02,039 - root - INFO - Width: 46, Height: 26, RowLength: 92
2021-12-27 14:53:02,039 - root - INFO - datalength: 1232, _step: 2
2021-12-27 14:53:02,039 - root - INFO - BPP: 16, Transparency: False
2021-12-27 14:53:02,039 - root - INFO - Resource 48 offset: 504529, length: 1240...
2021-12-27 14:53:02,039 - root - DEBUG - Reading resource 48...
2021-12-27 14:53:02,039 - root - INFO - The image is bme.
2021-12-27 14:53:02,039 - root - INFO - Reading image header(readHeader16E)...
2021-12-27 14:53:02,039 - root - INFO - Image header was read:
2021-12-27 14:53:02,039 - root - INFO - Width: 46, Height: 26, RowLength: 92
2021-12-27 14:53:02,039 - root - INFO - datalength: 1224, _step: 2
2021-12-27 14:53:02,039 - root - INFO - BPP: 16, Transparency: False
2021-12-27 14:53:02,039 - root - INFO - Resource 49 offset: 505769, length: 160...
2021-12-27 14:53:02,039 - root - DEBUG - Reading resource 49...
2021-12-27 14:53:02,039 - root - INFO - The image is bme.
2021-12-27 14:53:02,039 - root - INFO - Reading image header(readHeader16E)...
2021-12-27 14:53:02,039 - root - INFO - Image header was read:
2021-12-27 14:53:02,039 - root - INFO - Width: 26, Height: 21, RowLength: 52
2021-12-27 14:53:02,039 - root - INFO - datalength: 144, _step: 2
2021-12-27 14:53:02,039 - root - INFO - BPP: 16, Transparency: False
2021-12-27 14:53:02,039 - root - INFO - Resource 50 offset: 505929, length: 498...
2021-12-27 14:53:02,039 - root - DEBUG - Reading resource 50...
2021-12-27 14:53:02,039 - root - INFO - The image is bme.
2021-12-27 14:53:02,039 - root - INFO - Reading image header(readHeader16E)...
2021-12-27 14:53:02,039 - root - INFO - Image header was read:
2021-12-27 14:53:02,039 - root - INFO - Width: 14, Height: 21, RowLength: 28
2021-12-27 14:53:02,039 - root - INFO - datalength: 482, _step: 2
2021-12-27 14:53:02,039 - root - INFO - BPP: 16, Transparency: False
2021-12-27 14:53:02,039 - root - INFO - Resource 51 offset: 506427, length: 278...
2021-12-27 14:53:02,039 - root - DEBUG - Reading resource 51...
2021-12-27 14:53:02,039 - root - INFO - The image is bme.
2021-12-27 14:53:02,039 - root - INFO - Reading image header(readHeader16E)...
2021-12-27 14:53:02,039 - root - INFO - Image header was read:
2021-12-27 14:53:02,039 - root - INFO - Width: 14, Height: 21, RowLength: 28
2021-12-27 14:53:02,039 - root - INFO - datalength: 262, _step: 2
2021-12-27 14:53:02,039 - root - INFO - BPP: 16, Transparency: False
2021-12-27 14:53:02,039 - root - INFO - Resource 52 offset: 506705, length: 404...
2021-12-27 14:53:02,039 - root - DEBUG - Reading resource 52...
2021-12-27 14:53:02,039 - root - INFO - The image is bme.
2021-12-27 14:53:02,039 - root - INFO - Reading image header(readHeader16E)...
2021-12-27 14:53:02,039 - root - INFO - Image header was read:
2021-12-27 14:53:02,039 - root - INFO - Width: 14, Height: 21, RowLength: 28
2021-12-27 14:53:02,039 - root - INFO - datalength: 388, _step: 2
2021-12-27 14:53:02,039 - root - INFO - BPP: 16, Transparency: False
2021-12-27 14:53:02,039 - root - INFO - Resource 53 offset: 507109, length: 440...
2021-12-27 14:53:02,039 - root - DEBUG - Reading resource 53...
2021-12-27 14:53:02,039 - root - INFO - The image is bme.
2021-12-27 14:53:02,039 - root - INFO - Reading image header(readHeader16E)...
2021-12-27 14:53:02,039 - root - INFO - Image header was read:
2021-12-27 14:53:02,039 - root - INFO - Width: 14, Height: 21, RowLength: 28
2021-12-27 14:53:02,039 - root - INFO - datalength: 424, _step: 2
2021-12-27 14:53:02,039 - root - INFO - BPP: 16, Transparency: False
2021-12-27 14:53:02,039 - root - INFO - Resource 54 offset: 507549, length: 398...
2021-12-27 14:53:02,039 - root - DEBUG - Reading resource 54...
2021-12-27 14:53:02,039 - root - INFO - The image is bme.
2021-12-27 14:53:02,039 - root - INFO - Reading image header(readHeader16E)...
2021-12-27 14:53:02,039 - root - INFO - Image header was read:
2021-12-27 14:53:02,039 - root - INFO - Width: 14, Height: 21, RowLength: 28
2021-12-27 14:53:02,039 - root - INFO - datalength: 382, _step: 2
2021-12-27 14:53:02,039 - root - INFO - BPP: 16, Transparency: False
2021-12-27 14:53:02,039 - root - INFO - Resource 55 offset: 507947, length: 432...
2021-12-27 14:53:02,039 - root - DEBUG - Reading resource 55...
2021-12-27 14:53:02,039 - root - INFO - The image is bme.
2021-12-27 14:53:02,039 - root - INFO - Reading image header(readHeader16E)...
2021-12-27 14:53:02,039 - root - INFO - Image header was read:
2021-12-27 14:53:02,039 - root - INFO - Width: 14, Height: 21, RowLength: 28
2021-12-27 14:53:02,039 - root - INFO - datalength: 416, _step: 2
2021-12-27 14:53:02,039 - root - INFO - BPP: 16, Transparency: False
2021-12-27 14:53:02,039 - root - INFO - Resource 56 offset: 508379, length: 460...
2021-12-27 14:53:02,039 - root - DEBUG - Reading resource 56...
2021-12-27 14:53:02,039 - root - INFO - The image is bme.
2021-12-27 14:53:02,039 - root - INFO - Reading image header(readHeader16E)...
2021-12-27 14:53:02,039 - root - INFO - Image header was read:
2021-12-27 14:53:02,039 - root - INFO - Width: 14, Height: 21, RowLength: 28
2021-12-27 14:53:02,039 - root - INFO - datalength: 444, _step: 2
2021-12-27 14:53:02,039 - root - INFO - BPP: 16, Transparency: False
2021-12-27 14:53:02,039 - root - INFO - Resource 57 offset: 508839, length: 318...
2021-12-27 14:53:02,039 - root - DEBUG - Reading resource 57...
2021-12-27 14:53:02,039 - root - INFO - The image is bme.
2021-12-27 14:53:02,039 - root - INFO - Reading image header(readHeader16E)...
2021-12-27 14:53:02,039 - root - INFO - Image header was read:
2021-12-27 14:53:02,039 - root - INFO - Width: 14, Height: 21, RowLength: 28
2021-12-27 14:53:02,039 - root - INFO - datalength: 302, _step: 2
2021-12-27 14:53:02,039 - root - INFO - BPP: 16, Transparency: False
2021-12-27 14:53:02,039 - root - INFO - Resource 58 offset: 509157, length: 508...
2021-12-27 14:53:02,039 - root - DEBUG - Reading resource 58...
2021-12-27 14:53:02,039 - root - INFO - The image is bme.
2021-12-27 14:53:02,039 - root - INFO - Reading image header(readHeader16E)...
2021-12-27 14:53:02,039 - root - INFO - Image header was read:
2021-12-27 14:53:02,039 - root - INFO - Width: 14, Height: 21, RowLength: 28
2021-12-27 14:53:02,039 - root - INFO - datalength: 492, _step: 2
2021-12-27 14:53:02,039 - root - INFO - BPP: 16, Transparency: False
2021-12-27 14:53:02,055 - root - INFO - Resource 59 offset: 509665, length: 450...
2021-12-27 14:53:02,055 - root - DEBUG - Reading resource 59...
2021-12-27 14:53:02,055 - root - INFO - The image is bme.
2021-12-27 14:53:02,055 - root - INFO - Reading image header(readHeader16E)...
2021-12-27 14:53:02,055 - root - INFO - Image header was read:
2021-12-27 14:53:02,055 - root - INFO - Width: 14, Height: 21, RowLength: 28
2021-12-27 14:53:02,055 - root - INFO - datalength: 434, _step: 2
2021-12-27 14:53:02,055 - root - INFO - BPP: 16, Transparency: False
2021-12-27 14:53:02,055 - root - INFO - Resource 60 offset: 510115, length: 88...
2021-12-27 14:53:02,055 - root - DEBUG - Reading resource 60...
2021-12-27 14:53:02,055 - root - INFO - The image is bme.
2021-12-27 14:53:02,055 - root - INFO - Reading image header(readHeader16E)...
2021-12-27 14:53:02,055 - root - INFO - Image header was read:
2021-12-27 14:53:02,055 - root - INFO - Width: 13, Height: 21, RowLength: 26
2021-12-27 14:53:02,055 - root - INFO - datalength: 72, _step: 2
2021-12-27 14:53:02,055 - root - INFO - BPP: 16, Transparency: False
2021-12-27 14:53:02,055 - root - INFO - Resource 61 offset: 510203, length: 148...
2021-12-27 14:53:02,055 - root - DEBUG - Reading resource 61...
2021-12-27 14:53:02,055 - root - INFO - The image is bme.
2021-12-27 14:53:02,055 - root - INFO - Reading image header(readHeader16E)...
2021-12-27 14:53:02,055 - root - INFO - Image header was read:
2021-12-27 14:53:02,055 - root - INFO - Width: 9, Height: 21, RowLength: 18
2021-12-27 14:53:02,055 - root - INFO - datalength: 132, _step: 2
2021-12-27 14:53:02,055 - root - INFO - BPP: 16, Transparency: False
2021-12-27 14:53:02,055 - root - INFO - Resource 62 offset: 510351, length: 7630...
2021-12-27 14:53:02,055 - root - DEBUG - Reading resource 62...
2021-12-27 14:53:02,055 - root - INFO - The image is bmc.
2021-12-27 14:53:02,055 - root - INFO - Reading image header(readHeader16C)...
2021-12-27 14:53:02,055 - root - INFO - Image header was read:
2021-12-27 14:53:02,055 - root - INFO - Width: 27, Height: 94, RowLength: 81
2021-12-27 14:53:02,055 - root - INFO - _step: 3, unknown2: 0,
2021-12-27 14:53:02,055 - root - INFO - BPP: 24, Transparency: False
2021-12-27 14:53:02,055 - root - INFO - Resource 63 offset: 517981, length: 3586...
2021-12-27 14:53:02,055 - root - DEBUG - Reading resource 63...
2021-12-27 14:53:02,055 - root - INFO - The image is bmc.
2021-12-27 14:53:02,055 - root - INFO - Reading image header(readHeader16C)...
2021-12-27 14:53:02,055 - root - INFO - Image header was read:
2021-12-27 14:53:02,055 - root - INFO - Width: 7, Height: 170, RowLength: 21
2021-12-27 14:53:02,055 - root - INFO - _step: 3, unknown2: 0,
2021-12-27 14:53:02,055 - root - INFO - BPP: 24, Transparency: False
2021-12-27 14:53:02,070 - root - INFO - Resource 64 offset: 521567, length: 11356...
2021-12-27 14:53:02,070 - root - DEBUG - Reading resource 64...
2021-12-27 14:53:02,070 - root - INFO - The image is bmc.
2021-12-27 14:53:02,070 - root - INFO - Reading image header(readHeader16C)...
2021-12-27 14:53:02,070 - root - INFO - Image header was read:
2021-12-27 14:53:02,070 - root - INFO - Width: 27, Height: 140, RowLength: 81
2021-12-27 14:53:02,070 - root - INFO - _step: 3, unknown2: 0,
2021-12-27 14:53:02,070 - root - INFO - BPP: 24, Transparency: False
2021-12-27 14:53:02,086 - root - INFO - Resource 65 offset: 532923, length: 1099...
2021-12-27 14:53:02,086 - root - DEBUG - Reading resource 65...
2021-12-27 14:53:02,086 - root - INFO - The image is bmc.
2021-12-27 14:53:02,086 - root - INFO - Reading image header(readHeader16C)...
2021-12-27 14:53:02,086 - root - INFO - Image header was read:
2021-12-27 14:53:02,086 - root - INFO - Width: 19, Height: 19, RowLength: 57
2021-12-27 14:53:02,086 - root - INFO - _step: 3, unknown2: 0,
2021-12-27 14:53:02,086 - root - INFO - BPP: 24, Transparency: False
2021-12-27 14:53:02,086 - root - INFO - Resource 66 offset: 534022, length: 1891...
2021-12-27 14:53:02,086 - root - DEBUG - Reading resource 66...
2021-12-27 14:53:02,086 - root - INFO - The image is bmc.
2021-12-27 14:53:02,086 - root - INFO - Reading image header(readHeader16C)...
2021-12-27 14:53:02,086 - root - INFO - Image header was read:
2021-12-27 14:53:02,086 - root - INFO - Width: 25, Height: 25, RowLength: 75
2021-12-27 14:53:02,086 - root - INFO - _step: 3, unknown2: 0,
2021-12-27 14:53:02,086 - root - INFO - BPP: 24, Transparency: False
2021-12-27 14:53:02,086 - root - DEBUG - Parsing parameters...
2021-12-27 14:53:02,149 - root - DEBUG - 0 Value: None
2021-12-27 14:53:02,149 - root - DEBUG - 0.1 Value: 71
2021-12-27 14:53:02,149 - root - DEBUG - 2 Value: None
2021-12-27 14:53:02,149 - root - DEBUG - 2.1 Value: None
2021-12-27 14:53:02,149 - root - DEBUG - 2.1.1 Value: 0
2021-12-27 14:53:02,149 - root - DEBUG - 2.1.2 Value: 0
2021-12-27 14:53:02,149 - root - DEBUG - 2.1.3 Value: 3
2021-12-27 14:53:02,149 - root - DEBUG - 2.3 Value: None
2021-12-27 14:53:02,149 - root - DEBUG - 2.3.1 Value: 0
2021-12-27 14:53:02,149 - root - DEBUG - 2.3.2 Value: 0
2021-12-27 14:53:02,149 - root - DEBUG - 2.3.3 Value: 0
2021-12-27 14:53:02,149 - root - DEBUG - 2.4 Value: None
2021-12-27 14:53:02,149 - root - DEBUG - 2.4.1 Value: 0
2021-12-27 14:53:02,149 - root - DEBUG - 2.4.2 Value: 0
2021-12-27 14:53:02,149 - root - DEBUG - 2.4.3 Value: 2
2021-12-27 14:53:02,149 - root - DEBUG - 2.5 Value: None
2021-12-27 14:53:02,149 - root - DEBUG - 2.5.1 Value: 0
2021-12-27 14:53:02,149 - root - DEBUG - 2.5.2 Value: 0
2021-12-27 14:53:02,149 - root - DEBUG - 2.5.3 Value: 1
2021-12-27 14:53:02,149 - root - DEBUG - 3 Value: None
2021-12-27 14:53:02,149 - root - DEBUG - 3.1 Value: None
2021-12-27 14:53:02,149 - root - DEBUG - 3.1.1 Value: None
2021-12-27 14:53:02,149 - root - DEBUG - 3.1.1.1 Value: None
2021-12-27 14:53:02,149 - root - DEBUG - 3.1.1.1.1 Value: 16
2021-12-27 14:53:02,149 - root - DEBUG - 3.1.1.1.2 Value: 14
2021-12-27 14:53:02,149 - root - DEBUG - 3.1.1.1.3 Value: 4
2021-12-27 14:53:02,149 - root - DEBUG - 3.1.1.1.4 Value: 10
2021-12-27 14:53:02,149 - root - DEBUG - 3.1.1.2 Value: None
2021-12-27 14:53:02,149 - root - DEBUG - 3.1.1.2.1 Value: 49
2021-12-27 14:53:02,149 - root - DEBUG - 3.1.1.2.2 Value: 14
2021-12-27 14:53:02,149 - root - DEBUG - 3.1.1.2.3 Value: 4
2021-12-27 14:53:02,149 - root - DEBUG - 3.1.1.2.4 Value: 10
2021-12-27 14:53:02,149 - root - DEBUG - 3.1.2 Value: None
2021-12-27 14:53:02,149 - root - DEBUG - 3.1.2.1 Value: None
2021-12-27 14:53:02,149 - root - DEBUG - 3.1.2.1.1 Value: 100
2021-12-27 14:53:02,149 - root - DEBUG - 3.1.2.1.2 Value: 14
2021-12-27 14:53:02,149 - root - DEBUG - 3.1.2.1.3 Value: 4
2021-12-27 14:53:02,149 - root - DEBUG - 3.1.2.1.4 Value: 10
2021-12-27 14:53:02,149 - root - DEBUG - 3.1.2.2 Value: None
2021-12-27 14:53:02,149 - root - DEBUG - 3.1.2.2.1 Value: 133
2021-12-27 14:53:02,149 - root - DEBUG - 3.1.2.2.2 Value: 14
2021-12-27 14:53:02,149 - root - DEBUG - 3.1.2.2.3 Value: 4
2021-12-27 14:53:02,149 - root - DEBUG - 3.1.2.2.4 Value: 10
2021-12-27 14:53:02,149 - root - DEBUG - 3.1.7 Value: 0
2021-12-27 14:53:02,149 - root - DEBUG - 3.1.8 Value: 1
2021-12-27 14:53:02,149 - root - DEBUG - 4 Value: None
2021-12-27 14:53:02,149 - root - DEBUG - 4.3 Value: None
2021-12-27 14:53:02,149 - root - DEBUG - 4.3.1 Value: None
2021-12-27 14:53:02,149 - root - DEBUG - 4.3.1.1 Value: 194
2021-12-27 14:53:02,149 - root - DEBUG - 4.3.1.2 Value: 285
2021-12-27 14:53:02,149 - root - DEBUG - 4.3.1.3 Value: 256
2021-12-27 14:53:02,149 - root - DEBUG - 4.3.1.4 Value: 306
2021-12-27 14:53:02,149 - root - DEBUG - 4.3.1.5 Value: 20
2021-12-27 14:53:02,149 - root - DEBUG - 4.3.1.6 Value: 2
2021-12-27 14:53:02,149 - root - DEBUG - 4.3.1.7 Value: 0
2021-12-27 14:53:02,149 - root - DEBUG - 4.3.1.8 Value: 14
2021-12-27 14:53:02,149 - root - DEBUG - 4.3.1.9 Value: 10
2021-12-27 14:53:02,149 - root - DEBUG - 4.4 Value: None
2021-12-27 14:53:02,149 - root - DEBUG - 4.4.1 Value: None
2021-12-27 14:53:02,149 - root - DEBUG - 4.4.1.1 Value: 55
2021-12-27 14:53:02,149 - root - DEBUG - 4.4.1.2 Value: 285
2021-12-27 14:53:02,149 - root - DEBUG - 4.4.1.3 Value: 101
2021-12-27 14:53:02,149 - root - DEBUG - 4.4.1.4 Value: 306
2021-12-27 14:53:02,149 - root - DEBUG - 4.4.1.5 Value: 18
2021-12-27 14:53:02,149 - root - DEBUG - 4.4.1.6 Value: 2
2021-12-27 14:53:02,149 - root - DEBUG - 4.4.1.7 Value: 0
2021-12-27 14:53:02,149 - root - DEBUG - 4.4.1.8 Value: 14
2021-12-27 14:53:02,149 - root - DEBUG - 4.4.1.9 Value: 10
2021-12-27 14:53:02,149 - root - DEBUG - 4.4.3 Value: 49
2021-12-27 14:53:02,149 - root - DEBUG - 4.7 Value: 0
2021-12-27 14:53:02,149 - root - DEBUG - 5 Value: None
2021-12-27 14:53:02,149 - root - DEBUG - 5.1 Value: None
2021-12-27 14:53:02,149 - root - DEBUG - 5.1.1 Value: None
2021-12-27 14:53:02,149 - root - DEBUG - 5.1.1.4 Value: None
2021-12-27 14:53:02,149 - root - DEBUG - 5.1.1.4.1 Value: 132
2021-12-27 14:53:02,149 - root - DEBUG - 5.1.1.4.2 Value: 70
2021-12-27 14:53:02,149 - root - DEBUG - 5.1.1.4.3 Value: 160
2021-12-27 14:53:02,149 - root - DEBUG - 5.1.1.4.4 Value: 91
2021-12-27 14:53:02,149 - root - DEBUG - 5.1.1.4.5 Value: 18
2021-12-27 14:53:02,149 - root - DEBUG - 5.1.1.4.6 Value: 0
2021-12-27 14:53:02,149 - root - DEBUG - 5.1.1.4.7 Value: 0
2021-12-27 14:53:02,149 - root - DEBUG - 5.1.1.4.8 Value: 14
2021-12-27 14:53:02,149 - root - DEBUG - 5.1.1.4.9 Value: 10
2021-12-27 14:53:02,149 - root - DEBUG - 5.1.4 Value: 1
2021-12-27 14:53:02,149 - root - DEBUG - 5.1.5 Value: 1
2021-12-27 14:53:02,149 - root - DEBUG - 5.1.6 Value: 0
2021-12-27 14:53:02,149 - root - DEBUG - 5.2 Value: None
2021-12-27 14:53:02,149 - root - DEBUG - 5.2.1 Value: 14
2021-12-27 14:53:02,149 - root - DEBUG - 5.2.2 Value: 68
2021-12-27 14:53:02,149 - root - DEBUG - 5.2.3 Value: 45
2021-12-27 14:53:02,149 - root - DEBUG - 5.2.4 Value: 46
2021-12-27 14:53:02,149 - root - DEBUG - 5.2.5 Value: 47
2021-12-27 14:53:02,149 - root - DEBUG - 5.2.6 Value: 48
2021-12-27 14:53:02,149 - root - DEBUG - 5.4 Value: None
2021-12-27 14:53:02,149 - root - DEBUG - 5.4.1 Value: 66
2021-12-27 14:53:02,149 - root - DEBUG - 5.4.2 Value: 68
2021-12-27 14:53:02,149 - root - DEBUG - 5.4.3 Value: 24
2021-12-27 14:53:02,149 - root - DEBUG - 5.4.4 Value: 7
2021-12-27 14:53:02,149 - root - DEBUG - 5.5 Value: None
2021-12-27 14:53:02,149 - root - DEBUG - 5.5.1 Value: 66
2021-12-27 14:53:02,149 - root - DEBUG - 5.5.2 Value: 68
2021-12-27 14:53:02,149 - root - DEBUG - 5.5.3 Value: 38
2021-12-27 14:53:02,149 - root - DEBUG - 5.5.4 Value: 7
2021-12-27 14:53:02,149 - root - DEBUG - 5.6 Value: None
2021-12-27 14:53:02,149 - root - DEBUG - 5.6.1 Value: 66
2021-12-27 14:53:02,149 - root - DEBUG - 5.6.2 Value: 68
2021-12-27 14:53:02,149 - root - DEBUG - 5.6.3 Value: 31
2021-12-27 14:53:02,149 - root - DEBUG - 5.6.4 Value: 7
2021-12-27 14:53:02,149 - root - DEBUG - 6 Value: None
2021-12-27 14:53:02,149 - root - DEBUG - 6.2 Value: None
2021-12-27 14:53:02,149 - root - DEBUG - 6.2.1 Value: None
2021-12-27 14:53:02,149 - root - DEBUG - 6.2.1.1 Value: None
2021-12-27 14:53:02,149 - root - DEBUG - 6.2.1.1.1 Value: 223
2021-12-27 14:53:02,149 - root - DEBUG - 6.2.1.1.2 Value: 12
2021-12-27 14:53:02,149 - root - DEBUG - 6.2.1.1.3 Value: 279
2021-12-27 14:53:02,149 - root - DEBUG - 6.2.1.1.4 Value: 33
2021-12-27 14:53:02,149 - root - DEBUG - 6.2.1.1.5 Value: 24
2021-12-27 14:53:02,149 - root - DEBUG - 6.2.1.1.6 Value: 2
2021-12-27 14:53:02,149 - root - DEBUG - 6.2.1.1.7 Value: 0
2021-12-27 14:53:02,149 - root - DEBUG - 6.2.1.1.8 Value: 50
2021-12-27 14:53:02,149 - root - DEBUG - 6.2.1.1.9 Value: 10
2021-12-27 14:53:02,149 - root - DEBUG - 6.2.1.2 Value: 60
2021-12-27 14:53:02,149 - root - DEBUG - 6.2.1.3 Value: 61
2021-12-27 14:53:02,149 - root - DEBUG - 20 Value: None
2021-12-27 14:53:02,149 - root - DEBUG - 20.2 Value: None
2021-12-27 14:53:02,149 - root - DEBUG - 20.2.1 Value: 151
2021-12-27 14:53:02,149 - root - DEBUG - 20.2.2 Value: 160
2021-12-27 14:53:02,149 - root - DEBUG - 20.3 Value: None
2021-12-27 14:53:02,149 - root - DEBUG - 20.3.1 Value: 62
2021-12-27 14:53:02,149 - root - DEBUG - 20.3.2 Value: 87
2021-12-27 14:53:02,149 - root - DEBUG - 20.4 Value: None
2021-12-27 14:53:02,149 - root - DEBUG - 20.4.1 Value: 64
2021-12-27 14:53:02,149 - root - DEBUG - 20.4.2 Value: 133
2021-12-27 14:53:02,149 - root - DEBUG - 20.4.4 Value: None
2021-12-27 14:53:02,149 - root - DEBUG - 20.4.4.1 Value: 139
2021-12-27 14:53:02,149 - root - DEBUG - 20.4.4.2 Value: 148
2021-12-27 14:53:02,149 - root - DEBUG - 20.4.4.3 Value: 66
2021-12-27 14:53:02,149 - root - DEBUG - 20.5 Value: None
2021-12-27 14:53:02,149 - root - DEBUG - 20.5.1 Value: 63
2021-12-27 14:53:02,149 - root - DEBUG - 20.5.2 Value: 135
2021-12-27 14:53:02,149 - root - DEBUG - 20.5.4 Value: None
2021-12-27 14:53:02,149 - root - DEBUG - 20.5.4.1 Value: 142
2021-12-27 14:53:02,149 - root - DEBUG - 20.5.4.2 Value: 151
2021-12-27 14:53:02,149 - root - DEBUG - 20.5.4.3 Value: 65
2021-12-27 14:53:02,149 - root - DEBUG - 0-Info
2021-12-27 14:53:02,149 - root - DEBUG - 0.1-DeviceId
2021-12-27 14:53:02,149 - root - DEBUG - 2-Background
2021-12-27 14:53:02,149 - root - DEBUG - 2.1-Image
2021-12-27 14:53:02,149 - root - DEBUG - 2.1.1-X
2021-12-27 14:53:02,149 - root - DEBUG - 2.1.2-Y
2021-12-27 14:53:02,164 - root - DEBUG - 2.1.3-ImageIndex
2021-12-27 14:53:02,164 - root - DEBUG - 2.3-Preview
2021-12-27 14:53:02,164 - root - DEBUG - 2.3.1-X
2021-12-27 14:53:02,164 - root - DEBUG - 2.3.2-Y
2021-12-27 14:53:02,164 - root - DEBUG - 2.3.3-ImageIndex
2021-12-27 14:53:02,164 - root - DEBUG - 2.4-PreviewKorean
2021-12-27 14:53:02,164 - root - DEBUG - 2.4.1-X
2021-12-27 14:53:02,164 - root - DEBUG - 2.4.2-Y
2021-12-27 14:53:02,164 - root - DEBUG - 2.4.3-ImageIndex
2021-12-27 14:53:02,164 - root - DEBUG - 2.5-PreviewChinese
2021-12-27 14:53:02,164 - root - DEBUG - 2.5.1-X
2021-12-27 14:53:02,164 - root - DEBUG - 2.5.2-Y
2021-12-27 14:53:02,164 - root - DEBUG - 2.5.3-ImageIndex
2021-12-27 14:53:02,164 - root - DEBUG - 3-TimeExtended
2021-12-27 14:53:02,164 - root - DEBUG - 3.1-TimeSeparateDigits
2021-12-27 14:53:02,164 - root - DEBUG - 3.1.1-Hours
2021-12-27 14:53:02,164 - root - DEBUG - 3.1.1.1-Tens
2021-12-27 14:53:02,164 - root - DEBUG - 3.1.1.1.1-X
2021-12-27 14:53:02,164 - root - DEBUG - 3.1.1.1.2-Y
2021-12-27 14:53:02,164 - root - DEBUG - 3.1.1.1.3-ImageIndex
2021-12-27 14:53:02,164 - root - DEBUG - 3.1.1.1.4-ImagesCount
2021-12-27 14:53:02,164 - root - DEBUG - 3.1.1.2-Ones
2021-12-27 14:53:02,164 - root - DEBUG - 3.1.1.2.1-X
2021-12-27 14:53:02,164 - root - DEBUG - 3.1.1.2.2-Y
2021-12-27 14:53:02,164 - root - DEBUG - 3.1.1.2.3-ImageIndex
2021-12-27 14:53:02,164 - root - DEBUG - 3.1.1.2.4-ImagesCount
2021-12-27 14:53:02,164 - root - DEBUG - 3.1.2-Minutes
2021-12-27 14:53:02,164 - root - DEBUG - 3.1.2.1-Tens
2021-12-27 14:53:02,164 - root - DEBUG - 3.1.2.1.1-X
2021-12-27 14:53:02,164 - root - DEBUG - 3.1.2.1.2-Y
2021-12-27 14:53:02,164 - root - DEBUG - 3.1.2.1.3-ImageIndex
2021-12-27 14:53:02,164 - root - DEBUG - 3.1.2.1.4-ImagesCount
2021-12-27 14:53:02,164 - root - DEBUG - 3.1.2.2-Ones
2021-12-27 14:53:02,164 - root - DEBUG - 3.1.2.2.1-X
2021-12-27 14:53:02,164 - root - DEBUG - 3.1.2.2.2-Y
2021-12-27 14:53:02,164 - root - DEBUG - 3.1.2.2.3-ImageIndex
2021-12-27 14:53:02,164 - root - DEBUG - 3.1.2.2.4-ImagesCount
2021-12-27 14:53:02,164 - root - DEBUG - 3.1.7-PaddingZeroHours
2021-12-27 14:53:02,164 - root - DEBUG - 3.1.8-PaddingZeroMinutes
2021-12-27 14:53:02,164 - root - DEBUG - 4-Activity
2021-12-27 14:53:02,164 - root - DEBUG - 4.3-Calories
2021-12-27 14:53:02,164 - root - DEBUG - 4.3.1-ImageNumber
2021-12-27 14:53:02,164 - root - DEBUG - 4.3.1.1-TopLeftX
2021-12-27 14:53:02,164 - root - DEBUG - 4.3.1.2-TopLeftY
2021-12-27 14:53:02,164 - root - DEBUG - 4.3.1.3-BottomRightX
2021-12-27 14:53:02,164 - root - DEBUG - 4.3.1.4-BottomRightY
2021-12-27 14:53:02,164 - root - DEBUG - 4.3.1.5-Alignment
2021-12-27 14:53:02,164 - root - DEBUG - 4.3.1.6-Spacing
2021-12-27 14:53:02,164 - root - DEBUG - 4.3.1.7-VerticalOffset
2021-12-27 14:53:02,164 - root - DEBUG - 4.3.1.8-ImageIndex
2021-12-27 14:53:02,164 - root - DEBUG - 4.3.1.9-ImagesCount
2021-12-27 14:53:02,164 - root - DEBUG - 4.4-HeartRate
2021-12-27 14:53:02,164 - root - DEBUG - 4.4.1-ImageNumber
2021-12-27 14:53:02,164 - root - DEBUG - 4.4.1.1-TopLeftX
2021-12-27 14:53:02,164 - root - DEBUG - 4.4.1.2-TopLeftY
2021-12-27 14:53:02,164 - root - DEBUG - 4.4.1.3-BottomRightX
2021-12-27 14:53:02,164 - root - DEBUG - 4.4.1.4-BottomRightY
2021-12-27 14:53:02,164 - root - DEBUG - 4.4.1.5-Alignment
2021-12-27 14:53:02,164 - root - DEBUG - 4.4.1.6-Spacing
2021-12-27 14:53:02,164 - root - DEBUG - 4.4.1.7-VerticalOffset
2021-12-27 14:53:02,164 - root - DEBUG - 4.4.1.8-ImageIndex
2021-12-27 14:53:02,164 - root - DEBUG - 4.4.1.9-ImagesCount
2021-12-27 14:53:02,164 - root - DEBUG - 4.4.3-NoDataImageIndex
2021-12-27 14:53:02,164 - root - DEBUG - 4.7-UnknownLongValue7
2021-12-27 14:53:02,164 - root - DEBUG - 5-DateBlock
2021-12-27 14:53:02,164 - root - DEBUG - 5.1-Date
2021-12-27 14:53:02,164 - root - DEBUG - 5.1.1-MonthAndDayAlt
2021-12-27 14:53:02,164 - root - DEBUG - 5.1.1.4-Day
2021-12-27 14:53:02,164 - root - DEBUG - 5.1.1.4.1-TopLeftX
2021-12-27 14:53:02,164 - root - DEBUG - 5.1.1.4.2-TopLeftY
2021-12-27 14:53:02,164 - root - DEBUG - 5.1.1.4.3-BottomRightX
2021-12-27 14:53:02,164 - root - DEBUG - 5.1.1.4.4-BottomRightY
2021-12-27 14:53:02,164 - root - DEBUG - 5.1.1.4.5-Alignment
2021-12-27 14:53:02,164 - root - DEBUG - 5.1.1.4.6-Spacing
2021-12-27 14:53:02,164 - root - DEBUG - 5.1.1.4.7-VerticalOffset
2021-12-27 14:53:02,164 - root - DEBUG - 5.1.1.4.8-ImageIndex
2021-12-27 14:53:02,164 - root - DEBUG - 5.1.1.4.9-ImagesCount
2021-12-27 14:53:02,164 - root - DEBUG - 5.1.4-PaddingZeroMonth
2021-12-27 14:53:02,164 - root - DEBUG - 5.1.5-PaddingZeroDay
2021-12-27 14:53:02,164 - root - DEBUG - 5.1.6-Unknown6
2021-12-27 14:53:02,164 - root - DEBUG - 5.2-AmPm
2021-12-27 14:53:02,164 - root - DEBUG - 5.2.1-CommonX
2021-12-27 14:53:02,164 - root - DEBUG - 5.2.2-CommonY
2021-12-27 14:53:02,164 - root - DEBUG - 5.2.3-ImageIndexAMCN
2021-12-27 14:53:02,164 - root - DEBUG - 5.2.4-ImageIndexPMCN
2021-12-27 14:53:02,164 - root - DEBUG - 5.2.5-AmImageIndexEN
2021-12-27 14:53:02,164 - root - DEBUG - 5.2.6-PmImageIndexEN
2021-12-27 14:53:02,164 - root - DEBUG - 5.4-Weekday
2021-12-27 14:53:02,164 - root - DEBUG - 5.4.1-X
2021-12-27 14:53:02,164 - root - DEBUG - 5.4.2-Y
2021-12-27 14:53:02,164 - root - DEBUG - 5.4.3-ImageIndex
2021-12-27 14:53:02,164 - root - DEBUG - 5.4.4-ImagesCount
2021-12-27 14:53:02,164 - root - DEBUG - 5.5-WeekdayChinese
2021-12-27 14:53:02,164 - root - DEBUG - 5.5.1-X
2021-12-27 14:53:02,164 - root - DEBUG - 5.5.2-Y
2021-12-27 14:53:02,164 - root - DEBUG - 5.5.3-ImageIndex
2021-12-27 14:53:02,164 - root - DEBUG - 5.5.4-ImagesCount
2021-12-27 14:53:02,164 - root - DEBUG - 5.6-WeekdayKorean
2021-12-27 14:53:02,164 - root - DEBUG - 5.6.1-X
2021-12-27 14:53:02,164 - root - DEBUG - 5.6.2-Y
2021-12-27 14:53:02,164 - root - DEBUG - 5.6.3-ImageIndex
2021-12-27 14:53:02,164 - root - DEBUG - 5.6.4-ImagesCount
2021-12-27 14:53:02,164 - root - DEBUG - 6-Weather
2021-12-27 14:53:02,164 - root - DEBUG - 6.2-Temperature
2021-12-27 14:53:02,164 - root - DEBUG - 6.2.1-Current
2021-12-27 14:53:02,164 - root - DEBUG - 6.2.1.1-ImageNumber
2021-12-27 14:53:02,164 - root - DEBUG - 6.2.1.1.1-TopLeftX
2021-12-27 14:53:02,164 - root - DEBUG - 6.2.1.1.2-TopLeftY
2021-12-27 14:53:02,164 - root - DEBUG - 6.2.1.1.3-BottomRightX
2021-12-27 14:53:02,164 - root - DEBUG - 6.2.1.1.4-BottomRightY
2021-12-27 14:53:02,164 - root - DEBUG - 6.2.1.1.5-Alignment
2021-12-27 14:53:02,164 - root - DEBUG - 6.2.1.1.6-Spacing
2021-12-27 14:53:02,164 - root - DEBUG - 6.2.1.1.7-VerticalOffset
2021-12-27 14:53:02,164 - root - DEBUG - 6.2.1.1.8-ImageIndex
2021-12-27 14:53:02,164 - root - DEBUG - 6.2.1.1.9-ImagesCount
2021-12-27 14:53:02,164 - root - DEBUG - 6.2.1.2-MinusImageIndex
2021-12-27 14:53:02,164 - root - DEBUG - 6.2.1.3-SuffixImageIndexC
2021-12-27 14:53:02,164 - root - DEBUG - 20-TimeAnalog
2021-12-27 14:53:02,164 - root - DEBUG - 20.2-CommonCenterCoordinates
2021-12-27 14:53:02,164 - root - DEBUG - 20.2.1-X
2021-12-27 14:53:02,164 - root - DEBUG - 20.2.2-Y
2021-12-27 14:53:02,164 - root - DEBUG - 20.3-Hours
2021-12-27 14:53:02,164 - root - DEBUG - 20.3.1-ImageIndex
2021-12-27 14:53:02,164 - root - DEBUG - 20.3.2-PointerCenterOfRotationY
2021-12-27 14:53:02,164 - root - DEBUG - 20.4-Minutes
2021-12-27 14:53:02,164 - root - DEBUG - 20.4.1-ImageIndex
2021-12-27 14:53:02,164 - root - DEBUG - 20.4.2-PointerCenterOfRotationY
2021-12-27 14:53:02,164 - root - DEBUG - 20.4.4-CoverImage
2021-12-27 14:53:02,164 - root - DEBUG - 20.4.4.1-X
2021-12-27 14:53:02,164 - root - DEBUG - 20.4.4.2-Y
2021-12-27 14:53:02,164 - root - DEBUG - 20.4.4.3-ImageIndex
2021-12-27 14:53:02,164 - root - DEBUG - 20.5-Seconds
2021-12-27 14:53:02,164 - root - DEBUG - 20.5.1-ImageIndex
2021-12-27 14:53:02,164 - root - DEBUG - 20.5.2-PointerCenterOfRotationY
2021-12-27 14:53:02,164 - root - DEBUG - 20.5.4-CoverImage
2021-12-27 14:53:02,164 - root - DEBUG - 20.5.4.1-X
2021-12-27 14:53:02,164 - root - DEBUG - 20.5.4.2-Y
2021-12-27 14:53:02,164 - root - DEBUG - 20.5.4.3-ImageIndex
2021-12-27 14:53:02,164 - root - DEBUG - generatePreviews
2021-12-27 14:53:02,164 - root - DEBUG - Generating previews...
2021-12-27 14:53:02,164 - root - DEBUG - Generating states done...
2021-12-27 14:53:02,180 - root - DEBUG - >>>>>>>>>>>> 0 <watchFaceParser.models.parameter.Parameter object at 0x0000023D9FDE4088>
2021-12-27 14:53:02,180 - root - DEBUG - >>>>>>>>>>>> 2 <watchFaceParser.models.parameter.Parameter object at 0x0000023D9FDD5EC8>
2021-12-27 14:53:02,180 - root - DEBUG - >>>>>>>>>>>> 3 <watchFaceParser.models.parameter.Parameter object at 0x0000023D9FDD5A88>
2021-12-27 14:53:02,180 - root - DEBUG - >>>>>>>>>>>> 4 <watchFaceParser.models.parameter.Parameter object at 0x0000023D9FDDE848>
2021-12-27 14:53:02,195 - root - DEBUG - >>>>>>>>>>>> 5 <watchFaceParser.models.parameter.Parameter object at 0x0000023D9FDE1948>
2021-12-27 14:53:02,195 - root - DEBUG - >>>>>>>>>>>> 6 <watchFaceParser.models.parameter.Parameter object at 0x0000023D9FDE1B08>
2021-12-27 14:53:02,211 - root - DEBUG - >>>>>>>>>>>> 20 <watchFaceParser.models.parameter.Parameter object at 0x0000023D9FDE18C8>
2021-12-27 14:53:02,242 - root - DEBUG - Generating static preview gen done...
2021-12-27 14:53:02,289 - root - DEBUG - Generating static preview save done...
2021-12-27 14:53:02,289 - root - DEBUG - Generating anim preview gen done...
2021-12-27 14:53:02,289 - root - DEBUG - >>>>>>>>>>>> 0 <watchFaceParser.models.parameter.Parameter object at 0x0000023D9FDE4088>
2021-12-27 14:53:02,289 - root - DEBUG - >>>>>>>>>>>> 2 <watchFaceParser.models.parameter.Parameter object at 0x0000023D9FDD5EC8>
2021-12-27 14:53:02,305 - root - DEBUG - >>>>>>>>>>>> 3 <watchFaceParser.models.parameter.Parameter object at 0x0000023D9FDD5A88>
2021-12-27 14:53:02,305 - root - DEBUG - >>>>>>>>>>>> 4 <watchFaceParser.models.parameter.Parameter object at 0x0000023D9FDDE848>
2021-12-27 14:53:02,305 - root - DEBUG - >>>>>>>>>>>> 5 <watchFaceParser.models.parameter.Parameter object at 0x0000023D9FDE1948>
2021-12-27 14:53:02,305 - root - DEBUG - >>>>>>>>>>>> 6 <watchFaceParser.models.parameter.Parameter object at 0x0000023D9FDE1B08>
2021-12-27 14:53:02,305 - root - DEBUG - >>>>>>>>>>>> 20 <watchFaceParser.models.parameter.Parameter object at 0x0000023D9FDE18C8>
2021-12-27 14:53:02,853 - root - DEBUG - generatePreviews done
2021-12-27 14:53:02,853 - root - DEBUG - Exporting resources to '54af503d72ce2578ae93f250a9d3a12f'
2021-12-27 14:53:02,853 - root - DEBUG - extracting 54af503d72ce2578ae93f250a9d3a12f\0000.png...
2021-12-27 14:53:02,868 - root - DEBUG - extracting 54af503d72ce2578ae93f250a9d3a12f\0001.png...
2021-12-27 14:53:02,868 - root - DEBUG - extracting 54af503d72ce2578ae93f250a9d3a12f\0002.png...
2021-12-27 14:53:02,884 - root - DEBUG - extracting 54af503d72ce2578ae93f250a9d3a12f\0003.png...
2021-12-27 14:53:02,900 - root - DEBUG - extracting 54af503d72ce2578ae93f250a9d3a12f\0004.png...
2021-12-27 14:53:02,900 - root - DEBUG - extracting 54af503d72ce2578ae93f250a9d3a12f\0005.png...
2021-12-27 14:53:02,900 - root - DEBUG - extracting 54af503d72ce2578ae93f250a9d3a12f\0006.png...
2021-12-27 14:53:02,900 - root - DEBUG - extracting 54af503d72ce2578ae93f250a9d3a12f\0007.png...
2021-12-27 14:53:02,900 - root - DEBUG - extracting 54af503d72ce2578ae93f250a9d3a12f\0008.png...
2021-12-27 14:53:02,900 - root - DEBUG - extracting 54af503d72ce2578ae93f250a9d3a12f\0009.png...
2021-12-27 14:53:02,900 - root - DEBUG - extracting 54af503d72ce2578ae93f250a9d3a12f\0010.png...
2021-12-27 14:53:02,900 - root - DEBUG - extracting 54af503d72ce2578ae93f250a9d3a12f\0011.png...
2021-12-27 14:53:02,900 - root - DEBUG - extracting 54af503d72ce2578ae93f250a9d3a12f\0012.png...
2021-12-27 14:53:02,900 - root - DEBUG - extracting 54af503d72ce2578ae93f250a9d3a12f\0013.png...
2021-12-27 14:53:02,900 - root - DEBUG - extracting 54af503d72ce2578ae93f250a9d3a12f\0014.png...
2021-12-27 14:53:02,900 - root - DEBUG - extracting 54af503d72ce2578ae93f250a9d3a12f\0015.png...
2021-12-27 14:53:02,900 - root - DEBUG - extracting 54af503d72ce2578ae93f250a9d3a12f\0016.png...
2021-12-27 14:53:02,900 - root - DEBUG - extracting 54af503d72ce2578ae93f250a9d3a12f\0017.png...
2021-12-27 14:53:02,900 - root - DEBUG - extracting 54af503d72ce2578ae93f250a9d3a12f\0018.png...
2021-12-27 14:53:02,900 - root - DEBUG - extracting 54af503d72ce2578ae93f250a9d3a12f\0019.png...
2021-12-27 14:53:02,915 - root - DEBUG - extracting 54af503d72ce2578ae93f250a9d3a12f\0020.png...
2021-12-27 14:53:02,915 - root - DEBUG - extracting 54af503d72ce2578ae93f250a9d3a12f\0021.png...
2021-12-27 14:53:02,915 - root - DEBUG - extracting 54af503d72ce2578ae93f250a9d3a12f\0022.png...
2021-12-27 14:53:02,915 - root - DEBUG - extracting 54af503d72ce2578ae93f250a9d3a12f\0023.png...
2021-12-27 14:53:02,915 - root - DEBUG - extracting 54af503d72ce2578ae93f250a9d3a12f\0024.png...
2021-12-27 14:53:02,915 - root - DEBUG - extracting 54af503d72ce2578ae93f250a9d3a12f\0025.png...
2021-12-27 14:53:02,915 - root - DEBUG - extracting 54af503d72ce2578ae93f250a9d3a12f\0026.png...
2021-12-27 14:53:02,915 - root - DEBUG - extracting 54af503d72ce2578ae93f250a9d3a12f\0027.png...
2021-12-27 14:53:02,915 - root - DEBUG - extracting 54af503d72ce2578ae93f250a9d3a12f\0028.png...
2021-12-27 14:53:02,915 - root - DEBUG - extracting 54af503d72ce2578ae93f250a9d3a12f\0029.png...
2021-12-27 14:53:02,915 - root - DEBUG - extracting 54af503d72ce2578ae93f250a9d3a12f\0030.png...
2021-12-27 14:53:02,915 - root - DEBUG - extracting 54af503d72ce2578ae93f250a9d3a12f\0031.png...
2021-12-27 14:53:02,915 - root - DEBUG - extracting 54af503d72ce2578ae93f250a9d3a12f\0032.png...
2021-12-27 14:53:02,915 - root - DEBUG - extracting 54af503d72ce2578ae93f250a9d3a12f\0033.png...
2021-12-27 14:53:02,915 - root - DEBUG - extracting 54af503d72ce2578ae93f250a9d3a12f\0034.png...
2021-12-27 14:53:02,915 - root - DEBUG - extracting 54af503d72ce2578ae93f250a9d3a12f\0035.png...
2021-12-27 14:53:02,915 - root - DEBUG - extracting 54af503d72ce2578ae93f250a9d3a12f\0036.png...
2021-12-27 14:53:02,915 - root - DEBUG - extracting 54af503d72ce2578ae93f250a9d3a12f\0037.png...
2021-12-27 14:53:02,915 - root - DEBUG - extracting 54af503d72ce2578ae93f250a9d3a12f\0038.png...
2021-12-27 14:53:02,915 - root - DEBUG - extracting 54af503d72ce2578ae93f250a9d3a12f\0039.png...
2021-12-27 14:53:02,915 - root - DEBUG - extracting 54af503d72ce2578ae93f250a9d3a12f\0040.png...
2021-12-27 14:53:02,915 - root - DEBUG - extracting 54af503d72ce2578ae93f250a9d3a12f\0041.png...
2021-12-27 14:53:02,931 - root - DEBUG - extracting 54af503d72ce2578ae93f250a9d3a12f\0042.png...
2021-12-27 14:53:02,931 - root - DEBUG - extracting 54af503d72ce2578ae93f250a9d3a12f\0043.png...
2021-12-27 14:53:02,931 - root - DEBUG - extracting 54af503d72ce2578ae93f250a9d3a12f\0044.png...
2021-12-27 14:53:02,931 - root - DEBUG - extracting 54af503d72ce2578ae93f250a9d3a12f\0045.png...
2021-12-27 14:53:02,931 - root - DEBUG - extracting 54af503d72ce2578ae93f250a9d3a12f\0046.png...
2021-12-27 14:53:02,931 - root - DEBUG - extracting 54af503d72ce2578ae93f250a9d3a12f\0047.png...
2021-12-27 14:53:02,931 - root - DEBUG - extracting 54af503d72ce2578ae93f250a9d3a12f\0048.png...
2021-12-27 14:53:02,931 - root - DEBUG - extracting 54af503d72ce2578ae93f250a9d3a12f\0049.png...
2021-12-27 14:53:02,931 - root - DEBUG - extracting 54af503d72ce2578ae93f250a9d3a12f\0050.png...
2021-12-27 14:53:02,931 - root - DEBUG - extracting 54af503d72ce2578ae93f250a9d3a12f\0051.png...
2021-12-27 14:53:02,931 - root - DEBUG - extracting 54af503d72ce2578ae93f250a9d3a12f\0052.png...
2021-12-27 14:53:02,931 - root - DEBUG - extracting 54af503d72ce2578ae93f250a9d3a12f\0053.png...
2021-12-27 14:53:02,931 - root - DEBUG - extracting 54af503d72ce2578ae93f250a9d3a12f\0054.png...
2021-12-27 14:53:02,931 - root - DEBUG - extracting 54af503d72ce2578ae93f250a9d3a12f\0055.png...
2021-12-27 14:53:02,931 - root - DEBUG - extracting 54af503d72ce2578ae93f250a9d3a12f\0056.png...
2021-12-27 14:53:02,931 - root - DEBUG - extracting 54af503d72ce2578ae93f250a9d3a12f\0057.png...
2021-12-27 14:53:02,931 - root - DEBUG - extracting 54af503d72ce2578ae93f250a9d3a12f\0058.png...
2021-12-27 14:53:02,931 - root - DEBUG - extracting 54af503d72ce2578ae93f250a9d3a12f\0059.png...
2021-12-27 14:53:02,931 - root - DEBUG - extracting 54af503d72ce2578ae93f250a9d3a12f\0060.png...
2021-12-27 14:53:02,931 - root - DEBUG - extracting 54af503d72ce2578ae93f250a9d3a12f\0061.png...
2021-12-27 14:53:02,931 - root - DEBUG - extracting 54af503d72ce2578ae93f250a9d3a12f\0062.png...
2021-12-27 14:53:02,931 - root - DEBUG - extracting 54af503d72ce2578ae93f250a9d3a12f\0063.png...
2021-12-27 14:53:02,931 - root - DEBUG - extracting 54af503d72ce2578ae93f250a9d3a12f\0064.png...
2021-12-27 14:53:02,947 - root - DEBUG - extracting 54af503d72ce2578ae93f250a9d3a12f\0065.png...
2021-12-27 14:53:02,947 - root - DEBUG - extracting 54af503d72ce2578ae93f250a9d3a12f\0066.png...
2021-12-27 14:53:02,947 - root - DEBUG - Exporting config...
