2021-12-27 14:52:06,525 - root - DEBUG - Opening watch face '0a3a23f746ca3f3d852fac0ee76dd8bc.bin'
2021-12-27 14:52:06,525 - root - DEBUG - Reading parameters...
2021-12-27 14:52:06,525 - root - INFO - Reading header...
2021-12-27 14:52:06,525 - root - INFO - Header was read:
2021-12-27 14:52:06,525 - root - INFO - Signature: b'UIHH\x01\x00\xff', Unknown: 61, ParametersSize: 32, isValid: True, deviceId: 71
2021-12-27 14:52:06,525 - root - INFO - Reading parameter offsets...
2021-12-27 14:52:06,525 - root - INFO - Parameter offsets were read from file
2021-12-27 14:52:06,525 - root - INFO - Reading parameters descriptor...
2021-12-27 14:52:06,525 - root - INFO - 1 ( A): 5 bytes
2021-12-27 14:52:06,525 - root - INFO -     1 ( 8): 153 99
2021-12-27 14:52:06,525 - root - INFO -     2 (10): 17 11
2021-12-27 14:52:06,525 - root - INFO - getParameters descriptor was read:
2021-12-27 14:52:06,525 - root - INFO - ParametersTableLength: 153, ImagesCount: 17
2021-12-27 14:52:06,525 - root - INFO - Reading parameters locations...
2021-12-27 14:52:06,541 - root - INFO - 2 (12): 4 bytes
2021-12-27 14:52:06,541 - root - INFO -     1 ( 8): 0  0
2021-12-27 14:52:06,541 - root - INFO -     2 (10): 32 20
2021-12-27 14:52:06,541 - root - INFO - 4 (22): 4 bytes
2021-12-27 14:52:06,541 - root - INFO -     1 ( 8): 40 28
2021-12-27 14:52:06,541 - root - INFO -     2 (10): 52 34
2021-12-27 14:52:06,541 - root - INFO - 5 (2A): 4 bytes
2021-12-27 14:52:06,541 - root - INFO -     1 ( 8): 32 20
2021-12-27 14:52:06,541 - root - INFO -     2 (10): 8  8
2021-12-27 14:52:06,541 - root - INFO - 20 (A2): 4 bytes
2021-12-27 14:52:06,541 - root - INFO -     1 ( 8): 92 5C
2021-12-27 14:52:06,541 - root - INFO -     2 (10): 61 3D
2021-12-27 14:52:06,541 - root - INFO - Watch face parameters locations were read:
2021-12-27 14:52:06,541 - root - INFO - Reading descriptor for parameter 2
2021-12-27 14:52:06,541 - root - INFO - Descriptor offset: 0, Descriptor length: 32
2021-12-27 14:52:06,541 - root - INFO - Parsing descriptor for parameter 2...
2021-12-27 14:52:06,541 - root - INFO - 1 ( A): 6 bytes
2021-12-27 14:52:06,541 - root - INFO -     1 ( 8): 0  0
2021-12-27 14:52:06,541 - root - INFO -     2 (10): 0  0
2021-12-27 14:52:06,541 - root - INFO -     3 (18): 1  1
2021-12-27 14:52:06,541 - root - INFO - 3 (1A): 6 bytes
2021-12-27 14:52:06,541 - root - INFO -     1 ( 8): 0  0
2021-12-27 14:52:06,541 - root - INFO -     2 (10): 0  0
2021-12-27 14:52:06,541 - root - INFO -     3 (18): 0  0
2021-12-27 14:52:06,541 - root - INFO - 4 (22): 6 bytes
2021-12-27 14:52:06,541 - root - INFO -     1 ( 8): 0  0
2021-12-27 14:52:06,541 - root - INFO -     2 (10): 0  0
2021-12-27 14:52:06,541 - root - INFO -     3 (18): 0  0
2021-12-27 14:52:06,541 - root - INFO - 5 (2A): 6 bytes
2021-12-27 14:52:06,541 - root - INFO -     1 ( 8): 0  0
2021-12-27 14:52:06,541 - root - INFO -     2 (10): 0  0
2021-12-27 14:52:06,541 - root - INFO -     3 (18): 0  0
2021-12-27 14:52:06,541 - root - INFO - Reading descriptor for parameter 4
2021-12-27 14:52:06,541 - root - INFO - Descriptor offset: 40, Descriptor length: 52
2021-12-27 14:52:06,541 - root - INFO - Parsing descriptor for parameter 4...
2021-12-27 14:52:06,541 - root - INFO - 1 ( A): 22 bytes
2021-12-27 14:52:06,541 - root - INFO -     1 ( A): 20 bytes
2021-12-27 14:52:06,541 - root - INFO -         1 ( 8): 204 CC
2021-12-27 14:52:06,541 - root - INFO -         2 (10): 97 61
2021-12-27 14:52:06,541 - root - INFO -         3 (18): 279 117
2021-12-27 14:52:06,541 - root - INFO -         4 (20): 118 76
2021-12-27 14:52:06,541 - root - INFO -         5 (28): 24 18
2021-12-27 14:52:06,541 - root - INFO -         6 (30): 0  0
2021-12-27 14:52:06,541 - root - INFO -         7 (38): 0  0
2021-12-27 14:52:06,541 - root - INFO -         8 (40): 2  2
2021-12-27 14:52:06,541 - root - INFO -         9 (48): 10  A
2021-12-27 14:52:06,541 - root - INFO - 3 (1A): 24 bytes
2021-12-27 14:52:06,541 - root - INFO -     1 ( A): 22 bytes
2021-12-27 14:52:06,541 - root - INFO -         1 ( 8): 212 D4
2021-12-27 14:52:06,541 - root - INFO -         2 (10): 207 CF
2021-12-27 14:52:06,541 - root - INFO -         3 (18): 272 110
2021-12-27 14:52:06,541 - root - INFO -         4 (20): 228 E4
2021-12-27 14:52:06,541 - root - INFO -         5 (28): 24 18
2021-12-27 14:52:06,541 - root - INFO -         6 (30): 0  0
2021-12-27 14:52:06,541 - root - INFO -         7 (38): 0  0
2021-12-27 14:52:06,541 - root - INFO -         8 (40): 2  2
2021-12-27 14:52:06,541 - root - INFO -         9 (48): 10  A
2021-12-27 14:52:06,541 - root - INFO - 7 (38): 0  0
2021-12-27 14:52:06,541 - root - INFO - Reading descriptor for parameter 5
2021-12-27 14:52:06,541 - root - INFO - Descriptor offset: 32, Descriptor length: 8
2021-12-27 14:52:06,541 - root - INFO - Parsing descriptor for parameter 5...
2021-12-27 14:52:06,541 - root - INFO - 1 ( A): 6 bytes
2021-12-27 14:52:06,541 - root - INFO -     4 (20): 1  1
2021-12-27 14:52:06,541 - root - INFO -     5 (28): 1  1
2021-12-27 14:52:06,541 - root - INFO -     6 (30): 0  0
2021-12-27 14:52:06,541 - root - INFO - Reading descriptor for parameter 20
2021-12-27 14:52:06,541 - root - INFO - Descriptor offset: 92, Descriptor length: 61
2021-12-27 14:52:06,541 - root - INFO - Parsing descriptor for parameter 20...
2021-12-27 14:52:06,541 - root - INFO - 2 (12): 5 bytes
2021-12-27 14:52:06,541 - root - INFO -     1 ( 8): 73 49
2021-12-27 14:52:06,541 - root - INFO -     2 (10): 155 9B
2021-12-27 14:52:06,541 - root - INFO - 3 (1A): 12 bytes
2021-12-27 14:52:06,541 - root - INFO -     1 ( 8): 13  D
2021-12-27 14:52:06,541 - root - INFO -     2 (10): 89 59
2021-12-27 14:52:06,541 - root - INFO -     3 (1A): 6 bytes
2021-12-27 14:52:06,541 - root - INFO -         1 ( 8): 151 97
2021-12-27 14:52:06,541 - root - INFO -         2 (10): 160 A0
2021-12-27 14:52:06,541 - root - INFO - 4 (22): 23 bytes
2021-12-27 14:52:06,541 - root - INFO -     1 ( 8): 14  E
2021-12-27 14:52:06,541 - root - INFO -     2 (10): 131 83
2021-12-27 14:52:06,541 - root - INFO -     3 (1A): 6 bytes
2021-12-27 14:52:06,541 - root - INFO -         1 ( 8): 151 97
2021-12-27 14:52:06,541 - root - INFO -         2 (10): 160 A0
2021-12-27 14:52:06,541 - root - INFO -     4 (22): 8 bytes
2021-12-27 14:52:06,541 - root - INFO -         1 ( 8): 142 8E
2021-12-27 14:52:06,541 - root - INFO -         2 (10): 150 96
2021-12-27 14:52:06,541 - root - INFO -         3 (18): 16 10
2021-12-27 14:52:06,541 - root - INFO - 5 (2A): 13 bytes
2021-12-27 14:52:06,541 - root - INFO -     1 ( 8): 12  C
2021-12-27 14:52:06,541 - root - INFO -     2 (10): 38 26
2021-12-27 14:52:06,541 - root - INFO -     4 (22): 7 bytes
2021-12-27 14:52:06,541 - root - INFO -         1 ( 8): 64 40
2021-12-27 14:52:06,541 - root - INFO -         2 (10): 146 92
2021-12-27 14:52:06,541 - root - INFO -         3 (18): 15  F
2021-12-27 14:52:06,541 - root - INFO - Reading resources offsets table with 17 elements (68 bytes)
2021-12-27 14:52:06,541 - root - INFO - Resource 0 offset: 340, length: 86472...
2021-12-27 14:52:06,541 - root - DEBUG - Reading resource 0...
2021-12-27 14:52:06,603 - root - INFO - The image is bmc.
2021-12-27 14:52:06,603 - root - INFO - Reading image header(readHeader16C)...
2021-12-27 14:52:06,603 - root - INFO - Image header was read:
2021-12-27 14:52:06,603 - root - INFO - Width: 202, Height: 214, RowLength: 404
2021-12-27 14:52:06,603 - root - INFO - _step: 2, unknown2: 0,
2021-12-27 14:52:06,603 - root - INFO - BPP: 16, Transparency: False
2021-12-27 14:52:06,775 - root - INFO - Resource 1 offset: 86812, length: 193296...
2021-12-27 14:52:06,775 - root - DEBUG - Reading resource 1...
2021-12-27 14:52:06,775 - root - INFO - The image is bmc.
2021-12-27 14:52:06,775 - root - INFO - Reading image header(readHeader16C)...
2021-12-27 14:52:06,775 - root - INFO - Image header was read:
2021-12-27 14:52:06,775 - root - INFO - Width: 302, Height: 320, RowLength: 604
2021-12-27 14:52:06,775 - root - INFO - _step: 2, unknown2: 0,
2021-12-27 14:52:06,775 - root - INFO - BPP: 16, Transparency: False
2021-12-27 14:52:07,134 - root - INFO - Resource 2 offset: 280108, length: 616...
2021-12-27 14:52:07,134 - root - DEBUG - Reading resource 2...
2021-12-27 14:52:07,134 - root - INFO - The image is bme.
2021-12-27 14:52:07,134 - root - INFO - Reading image header(readHeader16E)...
2021-12-27 14:52:07,134 - root - INFO - Image header was read:
2021-12-27 14:52:07,134 - root - INFO - Width: 15, Height: 21, RowLength: 30
2021-12-27 14:52:07,134 - root - INFO - datalength: 600, _step: 2
2021-12-27 14:52:07,134 - root - INFO - BPP: 16, Transparency: False
2021-12-27 14:52:07,134 - root - INFO - Resource 3 offset: 280724, length: 460...
2021-12-27 14:52:07,134 - root - DEBUG - Reading resource 3...
2021-12-27 14:52:07,134 - root - INFO - The image is bme.
2021-12-27 14:52:07,134 - root - INFO - Reading image header(readHeader16E)...
2021-12-27 14:52:07,134 - root - INFO - Image header was read:
2021-12-27 14:52:07,134 - root - INFO - Width: 15, Height: 21, RowLength: 30
2021-12-27 14:52:07,134 - root - INFO - datalength: 444, _step: 2
2021-12-27 14:52:07,134 - root - INFO - BPP: 16, Transparency: False
2021-12-27 14:52:07,134 - root - INFO - Resource 4 offset: 281184, length: 496...
2021-12-27 14:52:07,134 - root - DEBUG - Reading resource 4...
2021-12-27 14:52:07,134 - root - INFO - The image is bme.
2021-12-27 14:52:07,134 - root - INFO - Reading image header(readHeader16E)...
2021-12-27 14:52:07,134 - root - INFO - Image header was read:
2021-12-27 14:52:07,134 - root - INFO - Width: 15, Height: 21, RowLength: 30
2021-12-27 14:52:07,134 - root - INFO - datalength: 480, _step: 2
2021-12-27 14:52:07,134 - root - INFO - BPP: 16, Transparency: False
2021-12-27 14:52:07,134 - root - INFO - Resource 5 offset: 281680, length: 496...
2021-12-27 14:52:07,134 - root - DEBUG - Reading resource 5...
2021-12-27 14:52:07,134 - root - INFO - The image is bme.
2021-12-27 14:52:07,134 - root - INFO - Reading image header(readHeader16E)...
2021-12-27 14:52:07,134 - root - INFO - Image header was read:
2021-12-27 14:52:07,134 - root - INFO - Width: 15, Height: 21, RowLength: 30
2021-12-27 14:52:07,134 - root - INFO - datalength: 480, _step: 2
2021-12-27 14:52:07,134 - root - INFO - BPP: 16, Transparency: False
2021-12-27 14:52:07,134 - root - INFO - Resource 6 offset: 282176, length: 526...
2021-12-27 14:52:07,150 - root - DEBUG - Reading resource 6...
2021-12-27 14:52:07,150 - root - INFO - The image is bme.
2021-12-27 14:52:07,150 - root - INFO - Reading image header(readHeader16E)...
2021-12-27 14:52:07,150 - root - INFO - Image header was read:
2021-12-27 14:52:07,150 - root - INFO - Width: 15, Height: 21, RowLength: 30
2021-12-27 14:52:07,150 - root - INFO - datalength: 510, _step: 2
2021-12-27 14:52:07,150 - root - INFO - BPP: 16, Transparency: False
2021-12-27 14:52:07,150 - root - INFO - Resource 7 offset: 282702, length: 512...
2021-12-27 14:52:07,150 - root - DEBUG - Reading resource 7...
2021-12-27 14:52:07,150 - root - INFO - The image is bme.
2021-12-27 14:52:07,150 - root - INFO - Reading image header(readHeader16E)...
2021-12-27 14:52:07,150 - root - INFO - Image header was read:
2021-12-27 14:52:07,150 - root - INFO - Width: 15, Height: 21, RowLength: 30
2021-12-27 14:52:07,150 - root - INFO - datalength: 496, _step: 2
2021-12-27 14:52:07,150 - root - INFO - BPP: 16, Transparency: False
2021-12-27 14:52:07,150 - root - INFO - Resource 8 offset: 283214, length: 564...
2021-12-27 14:52:07,150 - root - DEBUG - Reading resource 8...
2021-12-27 14:52:07,150 - root - INFO - The image is bme.
2021-12-27 14:52:07,150 - root - INFO - Reading image header(readHeader16E)...
2021-12-27 14:52:07,150 - root - INFO - Image header was read:
2021-12-27 14:52:07,150 - root - INFO - Width: 15, Height: 21, RowLength: 30
2021-12-27 14:52:07,150 - root - INFO - datalength: 548, _step: 2
2021-12-27 14:52:07,150 - root - INFO - BPP: 16, Transparency: False
2021-12-27 14:52:07,150 - root - INFO - Resource 9 offset: 283778, length: 416...
2021-12-27 14:52:07,150 - root - DEBUG - Reading resource 9...
2021-12-27 14:52:07,150 - root - INFO - The image is bme.
2021-12-27 14:52:07,150 - root - INFO - Reading image header(readHeader16E)...
2021-12-27 14:52:07,150 - root - INFO - Image header was read:
2021-12-27 14:52:07,150 - root - INFO - Width: 15, Height: 21, RowLength: 30
2021-12-27 14:52:07,150 - root - INFO - datalength: 400, _step: 2
2021-12-27 14:52:07,150 - root - INFO - BPP: 16, Transparency: False
2021-12-27 14:52:07,150 - root - INFO - Resource 10 offset: 284194, length: 604...
2021-12-27 14:52:07,150 - root - DEBUG - Reading resource 10...
2021-12-27 14:52:07,150 - root - INFO - The image is bme.
2021-12-27 14:52:07,150 - root - INFO - Reading image header(readHeader16E)...
2021-12-27 14:52:07,150 - root - INFO - Image header was read:
2021-12-27 14:52:07,150 - root - INFO - Width: 15, Height: 21, RowLength: 30
2021-12-27 14:52:07,150 - root - INFO - datalength: 588, _step: 2
2021-12-27 14:52:07,150 - root - INFO - BPP: 16, Transparency: False
2021-12-27 14:52:07,150 - root - INFO - Resource 11 offset: 284798, length: 572...
2021-12-27 14:52:07,150 - root - DEBUG - Reading resource 11...
2021-12-27 14:52:07,150 - root - INFO - The image is bme.
2021-12-27 14:52:07,150 - root - INFO - Reading image header(readHeader16E)...
2021-12-27 14:52:07,150 - root - INFO - Image header was read:
2021-12-27 14:52:07,150 - root - INFO - Width: 15, Height: 21, RowLength: 30
2021-12-27 14:52:07,150 - root - INFO - datalength: 556, _step: 2
2021-12-27 14:52:07,150 - root - INFO - BPP: 16, Transparency: False
2021-12-27 14:52:07,150 - root - INFO - Resource 12 offset: 285370, length: 2752...
2021-12-27 14:52:07,150 - root - DEBUG - Reading resource 12...
2021-12-27 14:52:07,150 - root - INFO - The image is bmc.
2021-12-27 14:52:07,150 - root - INFO - Reading image header(readHeader16C)...
2021-12-27 14:52:07,150 - root - INFO - Image header was read:
2021-12-27 14:52:07,150 - root - INFO - Width: 19, Height: 48, RowLength: 57
2021-12-27 14:52:07,150 - root - INFO - _step: 3, unknown2: 0,
2021-12-27 14:52:07,150 - root - INFO - BPP: 24, Transparency: False
2021-12-27 14:52:07,150 - root - INFO - Resource 13 offset: 288122, length: 14002...
2021-12-27 14:52:07,150 - root - DEBUG - Reading resource 13...
2021-12-27 14:52:07,150 - root - INFO - The image is bmc.
2021-12-27 14:52:07,150 - root - INFO - Reading image header(readHeader16C)...
2021-12-27 14:52:07,150 - root - INFO - Image header was read:
2021-12-27 14:52:07,150 - root - INFO - Width: 37, Height: 126, RowLength: 111
2021-12-27 14:52:07,150 - root - INFO - _step: 3, unknown2: 0,
2021-12-27 14:52:07,150 - root - INFO - BPP: 24, Transparency: False
2021-12-27 14:52:07,181 - root - INFO - Resource 14 offset: 302124, length: 16648...
2021-12-27 14:52:07,181 - root - DEBUG - Reading resource 14...
2021-12-27 14:52:07,181 - root - INFO - The image is bmc.
2021-12-27 14:52:07,181 - root - INFO - Reading image header(readHeader16C)...
2021-12-27 14:52:07,181 - root - INFO - Image header was read:
2021-12-27 14:52:07,181 - root - INFO - Width: 33, Height: 168, RowLength: 99
2021-12-27 14:52:07,181 - root - INFO - _step: 3, unknown2: 0,
2021-12-27 14:52:07,181 - root - INFO - BPP: 24, Transparency: False
2021-12-27 14:52:07,197 - root - INFO - Resource 15 offset: 318772, length: 883...
2021-12-27 14:52:07,197 - root - DEBUG - Reading resource 15...
2021-12-27 14:52:07,197 - root - INFO - The image is bmc.
2021-12-27 14:52:07,197 - root - INFO - Reading image header(readHeader16C)...
2021-12-27 14:52:07,197 - root - INFO - Image header was read:
2021-12-27 14:52:07,197 - root - INFO - Width: 17, Height: 17, RowLength: 51
2021-12-27 14:52:07,197 - root - INFO - _step: 3, unknown2: 0,
2021-12-27 14:52:07,197 - root - INFO - BPP: 24, Transparency: False
2021-12-27 14:52:07,197 - root - INFO - Resource 16 offset: 319655, length: 1099...
2021-12-27 14:52:07,197 - root - DEBUG - Reading resource 16...
2021-12-27 14:52:07,197 - root - INFO - The image is bmc.
2021-12-27 14:52:07,197 - root - INFO - Reading image header(readHeader16C)...
2021-12-27 14:52:07,197 - root - INFO - Image header was read:
2021-12-27 14:52:07,197 - root - INFO - Width: 19, Height: 19, RowLength: 57
2021-12-27 14:52:07,197 - root - INFO - _step: 3, unknown2: 0,
2021-12-27 14:52:07,197 - root - INFO - BPP: 24, Transparency: False
2021-12-27 14:52:07,197 - root - DEBUG - Parsing parameters...
2021-12-27 14:52:07,291 - root - DEBUG - 0 Value: None
2021-12-27 14:52:07,291 - root - DEBUG - 0.1 Value: 71
2021-12-27 14:52:07,291 - root - DEBUG - 2 Value: None
2021-12-27 14:52:07,291 - root - DEBUG - 2.1 Value: None
2021-12-27 14:52:07,291 - root - DEBUG - 2.1.1 Value: 0
2021-12-27 14:52:07,291 - root - DEBUG - 2.1.2 Value: 0
2021-12-27 14:52:07,291 - root - DEBUG - 2.1.3 Value: 1
2021-12-27 14:52:07,291 - root - DEBUG - 2.3 Value: None
2021-12-27 14:52:07,291 - root - DEBUG - 2.3.1 Value: 0
2021-12-27 14:52:07,291 - root - DEBUG - 2.3.2 Value: 0
2021-12-27 14:52:07,291 - root - DEBUG - 2.3.3 Value: 0
2021-12-27 14:52:07,291 - root - DEBUG - 2.4 Value: None
2021-12-27 14:52:07,291 - root - DEBUG - 2.4.1 Value: 0
2021-12-27 14:52:07,291 - root - DEBUG - 2.4.2 Value: 0
2021-12-27 14:52:07,291 - root - DEBUG - 2.4.3 Value: 0
2021-12-27 14:52:07,291 - root - DEBUG - 2.5 Value: None
2021-12-27 14:52:07,291 - root - DEBUG - 2.5.1 Value: 0
2021-12-27 14:52:07,291 - root - DEBUG - 2.5.2 Value: 0
2021-12-27 14:52:07,291 - root - DEBUG - 2.5.3 Value: 0
2021-12-27 14:52:07,291 - root - DEBUG - 4 Value: None
2021-12-27 14:52:07,291 - root - DEBUG - 4.1 Value: None
2021-12-27 14:52:07,291 - root - DEBUG - 4.1.1 Value: None
2021-12-27 14:52:07,291 - root - DEBUG - 4.1.1.1 Value: 204
2021-12-27 14:52:07,291 - root - DEBUG - 4.1.1.2 Value: 97
2021-12-27 14:52:07,291 - root - DEBUG - 4.1.1.3 Value: 279
2021-12-27 14:52:07,291 - root - DEBUG - 4.1.1.4 Value: 118
2021-12-27 14:52:07,291 - root - DEBUG - 4.1.1.5 Value: 24
2021-12-27 14:52:07,291 - root - DEBUG - 4.1.1.6 Value: 0
2021-12-27 14:52:07,291 - root - DEBUG - 4.1.1.7 Value: 0
2021-12-27 14:52:07,291 - root - DEBUG - 4.1.1.8 Value: 2
2021-12-27 14:52:07,291 - root - DEBUG - 4.1.1.9 Value: 10
2021-12-27 14:52:07,291 - root - DEBUG - 4.3 Value: None
2021-12-27 14:52:07,291 - root - DEBUG - 4.3.1 Value: None
2021-12-27 14:52:07,291 - root - DEBUG - 4.3.1.1 Value: 212
2021-12-27 14:52:07,291 - root - DEBUG - 4.3.1.2 Value: 207
2021-12-27 14:52:07,291 - root - DEBUG - 4.3.1.3 Value: 272
2021-12-27 14:52:07,291 - root - DEBUG - 4.3.1.4 Value: 228
2021-12-27 14:52:07,291 - root - DEBUG - 4.3.1.5 Value: 24
2021-12-27 14:52:07,291 - root - DEBUG - 4.3.1.6 Value: 0
2021-12-27 14:52:07,291 - root - DEBUG - 4.3.1.7 Value: 0
2021-12-27 14:52:07,291 - root - DEBUG - 4.3.1.8 Value: 2
2021-12-27 14:52:07,291 - root - DEBUG - 4.3.1.9 Value: 10
2021-12-27 14:52:07,291 - root - DEBUG - 4.7 Value: 0
2021-12-27 14:52:07,291 - root - DEBUG - 5 Value: None
2021-12-27 14:52:07,291 - root - DEBUG - 5.1 Value: None
2021-12-27 14:52:07,291 - root - DEBUG - 5.1.4 Value: 1
2021-12-27 14:52:07,291 - root - DEBUG - 5.1.5 Value: 1
2021-12-27 14:52:07,291 - root - DEBUG - 5.1.6 Value: 0
2021-12-27 14:52:07,291 - root - DEBUG - 20 Value: None
2021-12-27 14:52:07,291 - root - DEBUG - 20.2 Value: None
2021-12-27 14:52:07,291 - root - DEBUG - 20.2.1 Value: 73
2021-12-27 14:52:07,291 - root - DEBUG - 20.2.2 Value: 155
2021-12-27 14:52:07,291 - root - DEBUG - 20.3 Value: None
2021-12-27 14:52:07,291 - root - DEBUG - 20.3.1 Value: 13
2021-12-27 14:52:07,291 - root - DEBUG - 20.3.2 Value: 89
2021-12-27 14:52:07,291 - root - DEBUG - 20.3.3 Value: None
2021-12-27 14:52:07,291 - root - DEBUG - 20.3.3.1 Value: 151
2021-12-27 14:52:07,291 - root - DEBUG - 20.3.3.2 Value: 160
2021-12-27 14:52:07,291 - root - DEBUG - 20.4 Value: None
2021-12-27 14:52:07,291 - root - DEBUG - 20.4.1 Value: 14
2021-12-27 14:52:07,291 - root - DEBUG - 20.4.2 Value: 131
2021-12-27 14:52:07,291 - root - DEBUG - 20.4.3 Value: None
2021-12-27 14:52:07,291 - root - DEBUG - 20.4.3.1 Value: 151
2021-12-27 14:52:07,291 - root - DEBUG - 20.4.3.2 Value: 160
2021-12-27 14:52:07,291 - root - DEBUG - 20.4.4 Value: None
2021-12-27 14:52:07,291 - root - DEBUG - 20.4.4.1 Value: 142
2021-12-27 14:52:07,291 - root - DEBUG - 20.4.4.2 Value: 150
2021-12-27 14:52:07,291 - root - DEBUG - 20.4.4.3 Value: 16
2021-12-27 14:52:07,291 - root - DEBUG - 20.5 Value: None
2021-12-27 14:52:07,291 - root - DEBUG - 20.5.1 Value: 12
2021-12-27 14:52:07,291 - root - DEBUG - 20.5.2 Value: 38
2021-12-27 14:52:07,291 - root - DEBUG - 20.5.4 Value: None
2021-12-27 14:52:07,291 - root - DEBUG - 20.5.4.1 Value: 64
2021-12-27 14:52:07,291 - root - DEBUG - 20.5.4.2 Value: 146
2021-12-27 14:52:07,291 - root - DEBUG - 20.5.4.3 Value: 15
2021-12-27 14:52:07,291 - root - DEBUG - 0-Info
2021-12-27 14:52:07,291 - root - DEBUG - 0.1-DeviceId
2021-12-27 14:52:07,291 - root - DEBUG - 2-Background
2021-12-27 14:52:07,291 - root - DEBUG - 2.1-Image
2021-12-27 14:52:07,291 - root - DEBUG - 2.1.1-X
2021-12-27 14:52:07,291 - root - DEBUG - 2.1.2-Y
2021-12-27 14:52:07,291 - root - DEBUG - 2.1.3-ImageIndex
2021-12-27 14:52:07,291 - root - DEBUG - 2.3-Preview
2021-12-27 14:52:07,291 - root - DEBUG - 2.3.1-X
2021-12-27 14:52:07,291 - root - DEBUG - 2.3.2-Y
2021-12-27 14:52:07,291 - root - DEBUG - 2.3.3-ImageIndex
2021-12-27 14:52:07,291 - root - DEBUG - 2.4-PreviewKorean
2021-12-27 14:52:07,291 - root - DEBUG - 2.4.1-X
2021-12-27 14:52:07,291 - root - DEBUG - 2.4.2-Y
2021-12-27 14:52:07,291 - root - DEBUG - 2.4.3-ImageIndex
2021-12-27 14:52:07,291 - root - DEBUG - 2.5-PreviewChinese
2021-12-27 14:52:07,291 - root - DEBUG - 2.5.1-X
2021-12-27 14:52:07,291 - root - DEBUG - 2.5.2-Y
2021-12-27 14:52:07,291 - root - DEBUG - 2.5.3-ImageIndex
2021-12-27 14:52:07,291 - root - DEBUG - 4-Activity
2021-12-27 14:52:07,291 - root - DEBUG - 4.1-Steps
2021-12-27 14:52:07,291 - root - DEBUG - 4.1.1-ImageNumber
2021-12-27 14:52:07,291 - root - DEBUG - 4.1.1.1-TopLeftX
2021-12-27 14:52:07,291 - root - DEBUG - 4.1.1.2-TopLeftY
2021-12-27 14:52:07,291 - root - DEBUG - 4.1.1.3-BottomRightX
2021-12-27 14:52:07,291 - root - DEBUG - 4.1.1.4-BottomRightY
2021-12-27 14:52:07,291 - root - DEBUG - 4.1.1.5-Alignment
2021-12-27 14:52:07,291 - root - DEBUG - 4.1.1.6-Spacing
2021-12-27 14:52:07,291 - root - DEBUG - 4.1.1.7-VerticalOffset
2021-12-27 14:52:07,291 - root - DEBUG - 4.1.1.8-ImageIndex
2021-12-27 14:52:07,291 - root - DEBUG - 4.1.1.9-ImagesCount
2021-12-27 14:52:07,291 - root - DEBUG - 4.3-Calories
2021-12-27 14:52:07,291 - root - DEBUG - 4.3.1-ImageNumber
2021-12-27 14:52:07,291 - root - DEBUG - 4.3.1.1-TopLeftX
2021-12-27 14:52:07,291 - root - DEBUG - 4.3.1.2-TopLeftY
2021-12-27 14:52:07,291 - root - DEBUG - 4.3.1.3-BottomRightX
2021-12-27 14:52:07,291 - root - DEBUG - 4.3.1.4-BottomRightY
2021-12-27 14:52:07,291 - root - DEBUG - 4.3.1.5-Alignment
2021-12-27 14:52:07,291 - root - DEBUG - 4.3.1.6-Spacing
2021-12-27 14:52:07,291 - root - DEBUG - 4.3.1.7-VerticalOffset
2021-12-27 14:52:07,306 - root - DEBUG - 4.3.1.8-ImageIndex
2021-12-27 14:52:07,306 - root - DEBUG - 4.3.1.9-ImagesCount
2021-12-27 14:52:07,306 - root - DEBUG - 4.7-UnknownLongValue7
2021-12-27 14:52:07,306 - root - DEBUG - 5-DateBlock
2021-12-27 14:52:07,306 - root - DEBUG - 5.1-Date
2021-12-27 14:52:07,306 - root - DEBUG - 5.1.4-PaddingZeroMonth
2021-12-27 14:52:07,306 - root - DEBUG - 5.1.5-PaddingZeroDay
2021-12-27 14:52:07,306 - root - DEBUG - 5.1.6-Unknown6
2021-12-27 14:52:07,306 - root - DEBUG - 20-TimeAnalog
2021-12-27 14:52:07,306 - root - DEBUG - 20.2-CommonCenterCoordinates
2021-12-27 14:52:07,306 - root - DEBUG - 20.2.1-X
2021-12-27 14:52:07,306 - root - DEBUG - 20.2.2-Y
2021-12-27 14:52:07,306 - root - DEBUG - 20.3-Hours
2021-12-27 14:52:07,306 - root - DEBUG - 20.3.1-ImageIndex
2021-12-27 14:52:07,306 - root - DEBUG - 20.3.2-PointerCenterOfRotationY
2021-12-27 14:52:07,306 - root - DEBUG - 20.3.3-CenterCoordinates
2021-12-27 14:52:07,306 - root - DEBUG - 20.3.3.1-X
2021-12-27 14:52:07,306 - root - DEBUG - 20.3.3.2-Y
2021-12-27 14:52:07,306 - root - DEBUG - 20.4-Minutes
2021-12-27 14:52:07,306 - root - DEBUG - 20.4.1-ImageIndex
2021-12-27 14:52:07,306 - root - DEBUG - 20.4.2-PointerCenterOfRotationY
2021-12-27 14:52:07,306 - root - DEBUG - 20.4.3-CenterCoordinates
2021-12-27 14:52:07,306 - root - DEBUG - 20.4.3.1-X
2021-12-27 14:52:07,306 - root - DEBUG - 20.4.3.2-Y
2021-12-27 14:52:07,306 - root - DEBUG - 20.4.4-CoverImage
2021-12-27 14:52:07,306 - root - DEBUG - 20.4.4.1-X
2021-12-27 14:52:07,306 - root - DEBUG - 20.4.4.2-Y
2021-12-27 14:52:07,306 - root - DEBUG - 20.4.4.3-ImageIndex
2021-12-27 14:52:07,306 - root - DEBUG - 20.5-Seconds
2021-12-27 14:52:07,306 - root - DEBUG - 20.5.1-ImageIndex
2021-12-27 14:52:07,306 - root - DEBUG - 20.5.2-PointerCenterOfRotationY
2021-12-27 14:52:07,306 - root - DEBUG - 20.5.4-CoverImage
2021-12-27 14:52:07,306 - root - DEBUG - 20.5.4.1-X
2021-12-27 14:52:07,306 - root - DEBUG - 20.5.4.2-Y
2021-12-27 14:52:07,306 - root - DEBUG - 20.5.4.3-ImageIndex
2021-12-27 14:52:07,306 - root - DEBUG - generatePreviews
2021-12-27 14:52:07,306 - root - DEBUG - Generating previews...
2021-12-27 14:52:07,306 - root - DEBUG - Generating states done...
2021-12-27 14:52:07,306 - root - DEBUG - >>>>>>>>>>>> 0 <watchFaceParser.models.parameter.Parameter object at 0x000001B23CC9E608>
2021-12-27 14:52:07,306 - root - DEBUG - >>>>>>>>>>>> 2 <watchFaceParser.models.parameter.Parameter object at 0x000001B23CC94D48>
2021-12-27 14:52:07,322 - root - DEBUG - >>>>>>>>>>>> 4 <watchFaceParser.models.parameter.Parameter object at 0x000001B23CC94708>
2021-12-27 14:52:07,322 - root - DEBUG - >>>>>>>>>>>> 5 <watchFaceParser.models.parameter.Parameter object at 0x000001B23CC9E248>
2021-12-27 14:52:07,338 - root - DEBUG - >>>>>>>>>>>> 20 <watchFaceParser.models.parameter.Parameter object at 0x000001B23CC9E048>
2021-12-27 14:52:07,384 - root - DEBUG - Generating static preview gen done...
2021-12-27 14:52:07,478 - root - DEBUG - Generating static preview save done...
2021-12-27 14:52:07,478 - root - DEBUG - Generating anim preview gen done...
2021-12-27 14:52:07,478 - root - DEBUG - >>>>>>>>>>>> 0 <watchFaceParser.models.parameter.Parameter object at 0x000001B23CC9E608>
2021-12-27 14:52:07,478 - root - DEBUG - >>>>>>>>>>>> 2 <watchFaceParser.models.parameter.Parameter object at 0x000001B23CC94D48>
2021-12-27 14:52:07,478 - root - DEBUG - >>>>>>>>>>>> 4 <watchFaceParser.models.parameter.Parameter object at 0x000001B23CC94708>
2021-12-27 14:52:07,478 - root - DEBUG - >>>>>>>>>>>> 5 <watchFaceParser.models.parameter.Parameter object at 0x000001B23CC9E248>
2021-12-27 14:52:07,478 - root - DEBUG - >>>>>>>>>>>> 20 <watchFaceParser.models.parameter.Parameter object at 0x000001B23CC9E048>
2021-12-27 14:52:08,058 - root - DEBUG - generatePreviews done
2021-12-27 14:52:08,058 - root - DEBUG - Exporting resources to '0a3a23f746ca3f3d852fac0ee76dd8bc'
2021-12-27 14:52:08,058 - root - DEBUG - extracting 0a3a23f746ca3f3d852fac0ee76dd8bc\0000.png...
2021-12-27 14:52:08,073 - root - DEBUG - extracting 0a3a23f746ca3f3d852fac0ee76dd8bc\0001.png...
2021-12-27 14:52:08,120 - root - DEBUG - extracting 0a3a23f746ca3f3d852fac0ee76dd8bc\0002.png...
2021-12-27 14:52:08,120 - root - DEBUG - extracting 0a3a23f746ca3f3d852fac0ee76dd8bc\0003.png...
2021-12-27 14:52:08,120 - root - DEBUG - extracting 0a3a23f746ca3f3d852fac0ee76dd8bc\0004.png...
2021-12-27 14:52:08,120 - root - DEBUG - extracting 0a3a23f746ca3f3d852fac0ee76dd8bc\0005.png...
2021-12-27 14:52:08,120 - root - DEBUG - extracting 0a3a23f746ca3f3d852fac0ee76dd8bc\0006.png...
2021-12-27 14:52:08,120 - root - DEBUG - extracting 0a3a23f746ca3f3d852fac0ee76dd8bc\0007.png...
2021-12-27 14:52:08,120 - root - DEBUG - extracting 0a3a23f746ca3f3d852fac0ee76dd8bc\0008.png...
2021-12-27 14:52:08,136 - root - DEBUG - extracting 0a3a23f746ca3f3d852fac0ee76dd8bc\0009.png...
2021-12-27 14:52:08,136 - root - DEBUG - extracting 0a3a23f746ca3f3d852fac0ee76dd8bc\0010.png...
2021-12-27 14:52:08,136 - root - DEBUG - extracting 0a3a23f746ca3f3d852fac0ee76dd8bc\0011.png...
2021-12-27 14:52:08,136 - root - DEBUG - extracting 0a3a23f746ca3f3d852fac0ee76dd8bc\0012.png...
2021-12-27 14:52:08,136 - root - DEBUG - extracting 0a3a23f746ca3f3d852fac0ee76dd8bc\0013.png...
2021-12-27 14:52:08,136 - root - DEBUG - extracting 0a3a23f746ca3f3d852fac0ee76dd8bc\0014.png...
2021-12-27 14:52:08,136 - root - DEBUG - extracting 0a3a23f746ca3f3d852fac0ee76dd8bc\0015.png...
2021-12-27 14:52:08,136 - root - DEBUG - extracting 0a3a23f746ca3f3d852fac0ee76dd8bc\0016.png...
2021-12-27 14:52:08,136 - root - DEBUG - Exporting config...
