2023-07-09 18:43:11,350 - root - DEBUG - Opening watch face 'E:\Codez\zepp-bipupro-wf\fa8a3747713543ddbfebbfcf25cfe3f8.bin'
2023-07-09 18:43:11,371 - root - DEBUG - Reading parameters...
2023-07-09 18:43:11,371 - root - INFO - Reading header...
2023-07-09 18:43:11,374 - root - INFO - Header was read:
2023-07-09 18:43:11,375 - root - INFO - Signature: b'UIHH\x01\x00\xff', Unknown: 57, ParametersSize: 18, isValid: True, deviceId: 71
2023-07-09 18:43:11,375 - root - INFO - Reading parameter offsets...
2023-07-09 18:43:11,375 - root - INFO - Parameter offsets were read from file
2023-07-09 18:43:11,375 - root - INFO - Reading parameters descriptor...
2023-07-09 18:43:11,375 - root - INFO - 1 ( A): 4 bytes
2023-07-09 18:43:11,375 - root - INFO -     1 ( 8): 89 59
2023-07-09 18:43:11,375 - root - INFO -     2 (10): 32 20
2023-07-09 18:43:11,375 - root - INFO - getParameters descriptor was read:
2023-07-09 18:43:11,376 - root - INFO - ParametersTableLength: 89, ImagesCount: 32
2023-07-09 18:43:11,376 - root - INFO - Reading parameters locations...
2023-07-09 18:43:11,376 - root - INFO - 2 (12): 4 bytes
2023-07-09 18:43:11,376 - root - INFO -     1 ( 8): 0  0
2023-07-09 18:43:11,376 - root - INFO -     2 (10): 32 20
2023-07-09 18:43:11,376 - root - INFO - 3 (1A): 4 bytes
2023-07-09 18:43:11,377 - root - INFO -     1 ( 8): 32 20
2023-07-09 18:43:11,377 - root - INFO -     2 (10): 57 39
2023-07-09 18:43:11,377 - root - INFO - Watch face parameters locations were read:
2023-07-09 18:43:11,380 - root - INFO - Reading descriptor for parameter 2
2023-07-09 18:43:11,380 - root - INFO - Descriptor offset: 0, Descriptor length: 32
2023-07-09 18:43:11,380 - root - INFO - Parsing descriptor for parameter 2...
2023-07-09 18:43:11,380 - root - INFO - 1 ( A): 6 bytes
2023-07-09 18:43:11,380 - root - INFO -     1 ( 8): 0  0
2023-07-09 18:43:11,380 - root - INFO -     2 (10): 0  0
2023-07-09 18:43:11,380 - root - INFO -     3 (18): 1  1
2023-07-09 18:43:11,381 - root - INFO - 3 (1A): 6 bytes
2023-07-09 18:43:11,381 - root - INFO -     1 ( 8): 0  0
2023-07-09 18:43:11,381 - root - INFO -     2 (10): 0  0
2023-07-09 18:43:11,381 - root - INFO -     3 (18): 0  0
2023-07-09 18:43:11,381 - root - INFO - 4 (22): 6 bytes
2023-07-09 18:43:11,381 - root - INFO -     1 ( 8): 0  0
2023-07-09 18:43:11,381 - root - INFO -     2 (10): 0  0
2023-07-09 18:43:11,382 - root - INFO -     3 (18): 0  0
2023-07-09 18:43:11,382 - root - INFO - 5 (2A): 6 bytes
2023-07-09 18:43:11,382 - root - INFO -     1 ( 8): 0  0
2023-07-09 18:43:11,382 - root - INFO -     2 (10): 0  0
2023-07-09 18:43:11,383 - root - INFO -     3 (18): 0  0
2023-07-09 18:43:11,383 - root - INFO - Reading descriptor for parameter 3
2023-07-09 18:43:11,383 - root - INFO - Descriptor offset: 32, Descriptor length: 57
2023-07-09 18:43:11,383 - root - INFO - Parsing descriptor for parameter 3...
2023-07-09 18:43:11,383 - root - INFO - 1 ( A): 55 bytes
2023-07-09 18:43:11,383 - root - INFO -     1 ( A): 21 bytes
2023-07-09 18:43:11,383 - root - INFO -         1 ( A): 8 bytes
2023-07-09 18:43:11,383 - root - INFO -             1 ( 8): 45 2D
2023-07-09 18:43:11,384 - root - INFO -             2 (10): 6  6
2023-07-09 18:43:11,384 - root - INFO -             3 (18): 2  2
2023-07-09 18:43:11,384 - root - INFO -             4 (20): 10  A
2023-07-09 18:43:11,384 - root - INFO -         2 (12): 9 bytes
2023-07-09 18:43:11,384 - root - INFO -             1 ( 8): 157 9D
2023-07-09 18:43:11,384 - root - INFO -             2 (10): 6  6
2023-07-09 18:43:11,384 - root - INFO -             3 (18): 12  C
2023-07-09 18:43:11,385 - root - INFO -             4 (20): 10  A
2023-07-09 18:43:11,386 - root - INFO -     2 (12): 23 bytes
2023-07-09 18:43:11,386 - root - INFO -         1 ( A): 9 bytes
2023-07-09 18:43:11,386 - root - INFO -             1 ( 8): 45 2D
2023-07-09 18:43:11,386 - root - INFO -             2 (10): 145 91
2023-07-09 18:43:11,386 - root - INFO -             3 (18): 22 16
2023-07-09 18:43:11,386 - root - INFO -             4 (20): 10  A
2023-07-09 18:43:11,387 - root - INFO -         2 (12): 10 bytes
2023-07-09 18:43:11,387 - root - INFO -             1 ( 8): 157 9D
2023-07-09 18:43:11,387 - root - INFO -             2 (10): 145 91
2023-07-09 18:43:11,387 - root - INFO -             3 (18): 2  2
2023-07-09 18:43:11,387 - root - INFO -             4 (20): 10  A
2023-07-09 18:43:11,387 - root - INFO -     4 (20): 13330 3412
2023-07-09 18:43:11,388 - root - INFO -     7 (38): 0  0
2023-07-09 18:43:11,388 - root - INFO -     8 (40): 1  1
2023-07-09 18:43:11,393 - root - INFO - Reading resources offsets table with 32 elements (128 bytes)
2023-07-09 18:43:11,393 - root - INFO - Resource 0 offset: 322, length: 86556...
2023-07-09 18:43:11,393 - root - DEBUG - Reading resource 0...
2023-07-09 18:43:11,491 - root - INFO - The image is bme.
2023-07-09 18:43:11,491 - root - INFO - Reading image header(readHeader16E)...
2023-07-09 18:43:11,491 - root - INFO - Image header was read:
2023-07-09 18:43:11,491 - root - INFO - Width: 202, Height: 214, RowLength: 404
2023-07-09 18:43:11,491 - root - INFO - datalength: 86540, _step: 2
2023-07-09 18:43:11,491 - root - INFO - BPP: 16, Transparency: False
2023-07-09 18:43:11,843 - root - INFO - Resource 1 offset: 86878, length: 193296...
2023-07-09 18:43:11,843 - root - DEBUG - Reading resource 1...
2023-07-09 18:43:11,843 - root - INFO - The image is bmc.
2023-07-09 18:43:11,843 - root - INFO - Reading image header(readHeader16C)...
2023-07-09 18:43:11,843 - root - INFO - Image header was read:
2023-07-09 18:43:11,843 - root - INFO - Width: 302, Height: 320, RowLength: 604
2023-07-09 18:43:11,843 - root - INFO - _step: 2, unknown2: 0,
2023-07-09 18:43:11,843 - root - INFO - BPP: 16, Transparency: False
2023-07-09 18:43:12,687 - root - INFO - Resource 2 offset: 280174, length: 51016...
2023-07-09 18:43:12,687 - root - DEBUG - Reading resource 2...
2023-07-09 18:43:12,687 - root - INFO - The image is bmc.
2023-07-09 18:43:12,687 - root - INFO - Reading image header(readHeader16C)...
2023-07-09 18:43:12,687 - root - INFO - Image header was read:
2023-07-09 18:43:12,688 - root - INFO - Width: 100, Height: 170, RowLength: 300
2023-07-09 18:43:12,688 - root - INFO - _step: 3, unknown2: 0,
2023-07-09 18:43:12,688 - root - INFO - BPP: 24, Transparency: False
2023-07-09 18:43:12,811 - root - INFO - Resource 3 offset: 331190, length: 51016...
2023-07-09 18:43:12,812 - root - DEBUG - Reading resource 3...
2023-07-09 18:43:12,812 - root - INFO - The image is bmc.
2023-07-09 18:43:12,812 - root - INFO - Reading image header(readHeader16C)...
2023-07-09 18:43:12,812 - root - INFO - Image header was read:
2023-07-09 18:43:12,812 - root - INFO - Width: 100, Height: 170, RowLength: 300
2023-07-09 18:43:12,812 - root - INFO - _step: 3, unknown2: 0,
2023-07-09 18:43:12,812 - root - INFO - BPP: 24, Transparency: False
2023-07-09 18:43:12,913 - root - INFO - Resource 4 offset: 382206, length: 51016...
2023-07-09 18:43:12,913 - root - DEBUG - Reading resource 4...
2023-07-09 18:43:12,913 - root - INFO - The image is bmc.
2023-07-09 18:43:12,913 - root - INFO - Reading image header(readHeader16C)...
2023-07-09 18:43:12,913 - root - INFO - Image header was read:
2023-07-09 18:43:12,913 - root - INFO - Width: 100, Height: 170, RowLength: 300
2023-07-09 18:43:12,913 - root - INFO - _step: 3, unknown2: 0,
2023-07-09 18:43:12,913 - root - INFO - BPP: 24, Transparency: False
2023-07-09 18:43:13,038 - root - INFO - Resource 5 offset: 433222, length: 51016...
2023-07-09 18:43:13,038 - root - DEBUG - Reading resource 5...
2023-07-09 18:43:13,038 - root - INFO - The image is bmc.
2023-07-09 18:43:13,038 - root - INFO - Reading image header(readHeader16C)...
2023-07-09 18:43:13,038 - root - INFO - Image header was read:
2023-07-09 18:43:13,038 - root - INFO - Width: 100, Height: 170, RowLength: 300
2023-07-09 18:43:13,038 - root - INFO - _step: 3, unknown2: 0,
2023-07-09 18:43:13,038 - root - INFO - BPP: 24, Transparency: False
2023-07-09 18:43:13,163 - root - INFO - Resource 6 offset: 484238, length: 51016...
2023-07-09 18:43:13,163 - root - DEBUG - Reading resource 6...
2023-07-09 18:43:13,163 - root - INFO - The image is bmc.
2023-07-09 18:43:13,163 - root - INFO - Reading image header(readHeader16C)...
2023-07-09 18:43:13,163 - root - INFO - Image header was read:
2023-07-09 18:43:13,163 - root - INFO - Width: 100, Height: 170, RowLength: 300
2023-07-09 18:43:13,163 - root - INFO - _step: 3, unknown2: 0,
2023-07-09 18:43:13,163 - root - INFO - BPP: 24, Transparency: False
2023-07-09 18:43:13,413 - root - INFO - Resource 7 offset: 535254, length: 51016...
2023-07-09 18:43:13,413 - root - DEBUG - Reading resource 7...
2023-07-09 18:43:13,413 - root - INFO - The image is bmc.
2023-07-09 18:43:13,413 - root - INFO - Reading image header(readHeader16C)...
2023-07-09 18:43:13,413 - root - INFO - Image header was read:
2023-07-09 18:43:13,414 - root - INFO - Width: 100, Height: 170, RowLength: 300
2023-07-09 18:43:13,414 - root - INFO - _step: 3, unknown2: 0,
2023-07-09 18:43:13,414 - root - INFO - BPP: 24, Transparency: False
2023-07-09 18:43:13,521 - root - INFO - Resource 8 offset: 586270, length: 51016...
2023-07-09 18:43:13,521 - root - DEBUG - Reading resource 8...
2023-07-09 18:43:13,522 - root - INFO - The image is bmc.
2023-07-09 18:43:13,522 - root - INFO - Reading image header(readHeader16C)...
2023-07-09 18:43:13,522 - root - INFO - Image header was read:
2023-07-09 18:43:13,522 - root - INFO - Width: 100, Height: 170, RowLength: 300
2023-07-09 18:43:13,522 - root - INFO - _step: 3, unknown2: 0,
2023-07-09 18:43:13,522 - root - INFO - BPP: 24, Transparency: False
2023-07-09 18:43:13,631 - root - INFO - Resource 9 offset: 637286, length: 51016...
2023-07-09 18:43:13,631 - root - DEBUG - Reading resource 9...
2023-07-09 18:43:13,631 - root - INFO - The image is bmc.
2023-07-09 18:43:13,631 - root - INFO - Reading image header(readHeader16C)...
2023-07-09 18:43:13,631 - root - INFO - Image header was read:
2023-07-09 18:43:13,632 - root - INFO - Width: 100, Height: 170, RowLength: 300
2023-07-09 18:43:13,632 - root - INFO - _step: 3, unknown2: 0,
2023-07-09 18:43:13,632 - root - INFO - BPP: 24, Transparency: False
2023-07-09 18:43:13,739 - root - INFO - Resource 10 offset: 688302, length: 51016...
2023-07-09 18:43:13,740 - root - DEBUG - Reading resource 10...
2023-07-09 18:43:13,740 - root - INFO - The image is bmc.
2023-07-09 18:43:13,740 - root - INFO - Reading image header(readHeader16C)...
2023-07-09 18:43:13,740 - root - INFO - Image header was read:
2023-07-09 18:43:13,740 - root - INFO - Width: 100, Height: 170, RowLength: 300
2023-07-09 18:43:13,740 - root - INFO - _step: 3, unknown2: 0,
2023-07-09 18:43:13,740 - root - INFO - BPP: 24, Transparency: False
2023-07-09 18:43:13,861 - root - INFO - Resource 11 offset: 739318, length: 51016...
2023-07-09 18:43:13,861 - root - DEBUG - Reading resource 11...
2023-07-09 18:43:13,861 - root - INFO - The image is bmc.
2023-07-09 18:43:13,861 - root - INFO - Reading image header(readHeader16C)...
2023-07-09 18:43:13,861 - root - INFO - Image header was read:
2023-07-09 18:43:13,861 - root - INFO - Width: 100, Height: 170, RowLength: 300
2023-07-09 18:43:13,862 - root - INFO - _step: 3, unknown2: 0,
2023-07-09 18:43:13,862 - root - INFO - BPP: 24, Transparency: False
2023-07-09 18:43:13,976 - root - INFO - Resource 12 offset: 790334, length: 51016...
2023-07-09 18:43:13,976 - root - DEBUG - Reading resource 12...
2023-07-09 18:43:13,976 - root - INFO - The image is bmc.
2023-07-09 18:43:13,976 - root - INFO - Reading image header(readHeader16C)...
2023-07-09 18:43:13,976 - root - INFO - Image header was read:
2023-07-09 18:43:13,976 - root - INFO - Width: 100, Height: 170, RowLength: 300
2023-07-09 18:43:13,976 - root - INFO - _step: 3, unknown2: 0,
2023-07-09 18:43:13,977 - root - INFO - BPP: 24, Transparency: False
2023-07-09 18:43:14,086 - root - INFO - Resource 13 offset: 841350, length: 51016...
2023-07-09 18:43:14,086 - root - DEBUG - Reading resource 13...
2023-07-09 18:43:14,086 - root - INFO - The image is bmc.
2023-07-09 18:43:14,086 - root - INFO - Reading image header(readHeader16C)...
2023-07-09 18:43:14,086 - root - INFO - Image header was read:
2023-07-09 18:43:14,086 - root - INFO - Width: 100, Height: 170, RowLength: 300
2023-07-09 18:43:14,086 - root - INFO - _step: 3, unknown2: 0,
2023-07-09 18:43:14,086 - root - INFO - BPP: 24, Transparency: False
2023-07-09 18:43:14,191 - root - INFO - Resource 14 offset: 892366, length: 51016...
2023-07-09 18:43:14,191 - root - DEBUG - Reading resource 14...
2023-07-09 18:43:14,191 - root - INFO - The image is bmc.
2023-07-09 18:43:14,192 - root - INFO - Reading image header(readHeader16C)...
2023-07-09 18:43:14,192 - root - INFO - Image header was read:
2023-07-09 18:43:14,192 - root - INFO - Width: 100, Height: 170, RowLength: 300
2023-07-09 18:43:14,192 - root - INFO - _step: 3, unknown2: 0,
2023-07-09 18:43:14,192 - root - INFO - BPP: 24, Transparency: False
2023-07-09 18:43:14,295 - root - INFO - Resource 15 offset: 943382, length: 51016...
2023-07-09 18:43:14,295 - root - DEBUG - Reading resource 15...
2023-07-09 18:43:14,295 - root - INFO - The image is bmc.
2023-07-09 18:43:14,295 - root - INFO - Reading image header(readHeader16C)...
2023-07-09 18:43:14,295 - root - INFO - Image header was read:
2023-07-09 18:43:14,295 - root - INFO - Width: 100, Height: 170, RowLength: 300
2023-07-09 18:43:14,295 - root - INFO - _step: 3, unknown2: 0,
2023-07-09 18:43:14,295 - root - INFO - BPP: 24, Transparency: False
2023-07-09 18:43:14,403 - root - INFO - Resource 16 offset: 994398, length: 51016...
2023-07-09 18:43:14,403 - root - DEBUG - Reading resource 16...
2023-07-09 18:43:14,403 - root - INFO - The image is bmc.
2023-07-09 18:43:14,403 - root - INFO - Reading image header(readHeader16C)...
2023-07-09 18:43:14,403 - root - INFO - Image header was read:
2023-07-09 18:43:14,403 - root - INFO - Width: 100, Height: 170, RowLength: 300
2023-07-09 18:43:14,407 - root - INFO - _step: 3, unknown2: 0,
2023-07-09 18:43:14,407 - root - INFO - BPP: 24, Transparency: False
2023-07-09 18:43:14,533 - root - INFO - Resource 17 offset: 1045414, length: 51016...
2023-07-09 18:43:14,538 - root - DEBUG - Reading resource 17...
2023-07-09 18:43:14,538 - root - INFO - The image is bmc.
2023-07-09 18:43:14,538 - root - INFO - Reading image header(readHeader16C)...
2023-07-09 18:43:14,538 - root - INFO - Image header was read:
2023-07-09 18:43:14,538 - root - INFO - Width: 100, Height: 170, RowLength: 300
2023-07-09 18:43:14,538 - root - INFO - _step: 3, unknown2: 0,
2023-07-09 18:43:14,538 - root - INFO - BPP: 24, Transparency: False
2023-07-09 18:43:14,658 - root - INFO - Resource 18 offset: 1096430, length: 51016...
2023-07-09 18:43:14,658 - root - DEBUG - Reading resource 18...
2023-07-09 18:43:14,658 - root - INFO - The image is bmc.
2023-07-09 18:43:14,658 - root - INFO - Reading image header(readHeader16C)...
2023-07-09 18:43:14,663 - root - INFO - Image header was read:
2023-07-09 18:43:14,663 - root - INFO - Width: 100, Height: 170, RowLength: 300
2023-07-09 18:43:14,663 - root - INFO - _step: 3, unknown2: 0,
2023-07-09 18:43:14,663 - root - INFO - BPP: 24, Transparency: False
2023-07-09 18:43:14,780 - root - INFO - Resource 19 offset: 1147446, length: 51016...
2023-07-09 18:43:14,780 - root - DEBUG - Reading resource 19...
2023-07-09 18:43:14,780 - root - INFO - The image is bmc.
2023-07-09 18:43:14,780 - root - INFO - Reading image header(readHeader16C)...
2023-07-09 18:43:14,780 - root - INFO - Image header was read:
2023-07-09 18:43:14,780 - root - INFO - Width: 100, Height: 170, RowLength: 300
2023-07-09 18:43:14,780 - root - INFO - _step: 3, unknown2: 0,
2023-07-09 18:43:14,780 - root - INFO - BPP: 24, Transparency: False
2023-07-09 18:43:14,883 - root - INFO - Resource 20 offset: 1198462, length: 51016...
2023-07-09 18:43:14,883 - root - DEBUG - Reading resource 20...
2023-07-09 18:43:14,883 - root - INFO - The image is bmc.
2023-07-09 18:43:14,883 - root - INFO - Reading image header(readHeader16C)...
2023-07-09 18:43:14,883 - root - INFO - Image header was read:
2023-07-09 18:43:14,883 - root - INFO - Width: 100, Height: 170, RowLength: 300
2023-07-09 18:43:14,883 - root - INFO - _step: 3, unknown2: 0,
2023-07-09 18:43:14,883 - root - INFO - BPP: 24, Transparency: False
2023-07-09 18:43:14,995 - root - INFO - Resource 21 offset: 1249478, length: 51016...
2023-07-09 18:43:14,995 - root - DEBUG - Reading resource 21...
2023-07-09 18:43:14,995 - root - INFO - The image is bmc.
2023-07-09 18:43:14,995 - root - INFO - Reading image header(readHeader16C)...
2023-07-09 18:43:14,995 - root - INFO - Image header was read:
2023-07-09 18:43:14,995 - root - INFO - Width: 100, Height: 170, RowLength: 300
2023-07-09 18:43:14,995 - root - INFO - _step: 3, unknown2: 0,
2023-07-09 18:43:14,995 - root - INFO - BPP: 24, Transparency: False
2023-07-09 18:43:15,103 - root - INFO - Resource 22 offset: 1300494, length: 35036...
2023-07-09 18:43:15,103 - root - DEBUG - Reading resource 22...
2023-07-09 18:43:15,103 - root - INFO - The image is bme.
2023-07-09 18:43:15,103 - root - INFO - Reading image header(readHeader16E)...
2023-07-09 18:43:15,103 - root - INFO - Image header was read:
2023-07-09 18:43:15,103 - root - INFO - Width: 100, Height: 170, RowLength: 200
2023-07-09 18:43:15,103 - root - INFO - datalength: 35020, _step: 2
2023-07-09 18:43:15,103 - root - INFO - BPP: 16, Transparency: False
2023-07-09 18:43:15,217 - root - INFO - Resource 23 offset: 1335530, length: 35036...
2023-07-09 18:43:15,217 - root - DEBUG - Reading resource 23...
2023-07-09 18:43:15,217 - root - INFO - The image is bme.
2023-07-09 18:43:15,217 - root - INFO - Reading image header(readHeader16E)...
2023-07-09 18:43:15,217 - root - INFO - Image header was read:
2023-07-09 18:43:15,217 - root - INFO - Width: 100, Height: 170, RowLength: 200
2023-07-09 18:43:15,217 - root - INFO - datalength: 35020, _step: 2
2023-07-09 18:43:15,217 - root - INFO - BPP: 16, Transparency: False
2023-07-09 18:43:15,346 - root - INFO - Resource 24 offset: 1370566, length: 35036...
2023-07-09 18:43:15,346 - root - DEBUG - Reading resource 24...
2023-07-09 18:43:15,346 - root - INFO - The image is bme.
2023-07-09 18:43:15,346 - root - INFO - Reading image header(readHeader16E)...
2023-07-09 18:43:15,346 - root - INFO - Image header was read:
2023-07-09 18:43:15,346 - root - INFO - Width: 100, Height: 170, RowLength: 200
2023-07-09 18:43:15,346 - root - INFO - datalength: 35020, _step: 2
2023-07-09 18:43:15,346 - root - INFO - BPP: 16, Transparency: False
2023-07-09 18:43:15,521 - root - INFO - Resource 25 offset: 1405602, length: 35036...
2023-07-09 18:43:15,523 - root - DEBUG - Reading resource 25...
2023-07-09 18:43:15,523 - root - INFO - The image is bme.
2023-07-09 18:43:15,523 - root - INFO - Reading image header(readHeader16E)...
2023-07-09 18:43:15,523 - root - INFO - Image header was read:
2023-07-09 18:43:15,524 - root - INFO - Width: 100, Height: 170, RowLength: 200
2023-07-09 18:43:15,524 - root - INFO - datalength: 35020, _step: 2
2023-07-09 18:43:15,525 - root - INFO - BPP: 16, Transparency: False
2023-07-09 18:43:15,655 - root - INFO - Resource 26 offset: 1440638, length: 35036...
2023-07-09 18:43:15,655 - root - DEBUG - Reading resource 26...
2023-07-09 18:43:15,655 - root - INFO - The image is bme.
2023-07-09 18:43:15,655 - root - INFO - Reading image header(readHeader16E)...
2023-07-09 18:43:15,655 - root - INFO - Image header was read:
2023-07-09 18:43:15,655 - root - INFO - Width: 100, Height: 170, RowLength: 200
2023-07-09 18:43:15,655 - root - INFO - datalength: 35020, _step: 2
2023-07-09 18:43:15,655 - root - INFO - BPP: 16, Transparency: False
2023-07-09 18:43:15,778 - root - INFO - Resource 27 offset: 1475674, length: 35036...
2023-07-09 18:43:15,778 - root - DEBUG - Reading resource 27...
2023-07-09 18:43:15,778 - root - INFO - The image is bme.
2023-07-09 18:43:15,778 - root - INFO - Reading image header(readHeader16E)...
2023-07-09 18:43:15,778 - root - INFO - Image header was read:
2023-07-09 18:43:15,778 - root - INFO - Width: 100, Height: 170, RowLength: 200
2023-07-09 18:43:15,778 - root - INFO - datalength: 35020, _step: 2
2023-07-09 18:43:15,778 - root - INFO - BPP: 16, Transparency: False
2023-07-09 18:43:15,893 - root - INFO - Resource 28 offset: 1510710, length: 35036...
2023-07-09 18:43:15,893 - root - DEBUG - Reading resource 28...
2023-07-09 18:43:15,893 - root - INFO - The image is bme.
2023-07-09 18:43:15,893 - root - INFO - Reading image header(readHeader16E)...
2023-07-09 18:43:15,893 - root - INFO - Image header was read:
2023-07-09 18:43:15,893 - root - INFO - Width: 100, Height: 170, RowLength: 200
2023-07-09 18:43:15,893 - root - INFO - datalength: 35020, _step: 2
2023-07-09 18:43:15,893 - root - INFO - BPP: 16, Transparency: False
2023-07-09 18:43:16,015 - root - INFO - Resource 29 offset: 1545746, length: 35036...
2023-07-09 18:43:16,016 - root - DEBUG - Reading resource 29...
2023-07-09 18:43:16,016 - root - INFO - The image is bme.
2023-07-09 18:43:16,016 - root - INFO - Reading image header(readHeader16E)...
2023-07-09 18:43:16,016 - root - INFO - Image header was read:
2023-07-09 18:43:16,016 - root - INFO - Width: 100, Height: 170, RowLength: 200
2023-07-09 18:43:16,016 - root - INFO - datalength: 35020, _step: 2
2023-07-09 18:43:16,016 - root - INFO - BPP: 16, Transparency: False
2023-07-09 18:43:16,133 - root - INFO - Resource 30 offset: 1580782, length: 35036...
2023-07-09 18:43:16,133 - root - DEBUG - Reading resource 30...
2023-07-09 18:43:16,133 - root - INFO - The image is bme.
2023-07-09 18:43:16,133 - root - INFO - Reading image header(readHeader16E)...
2023-07-09 18:43:16,134 - root - INFO - Image header was read:
2023-07-09 18:43:16,134 - root - INFO - Width: 100, Height: 170, RowLength: 200
2023-07-09 18:43:16,134 - root - INFO - datalength: 35020, _step: 2
2023-07-09 18:43:16,134 - root - INFO - BPP: 16, Transparency: False
2023-07-09 18:43:16,248 - root - INFO - Resource 31 offset: 1615818, length: 35036...
2023-07-09 18:43:16,248 - root - DEBUG - Reading resource 31...
2023-07-09 18:43:16,248 - root - INFO - The image is bme.
2023-07-09 18:43:16,248 - root - INFO - Reading image header(readHeader16E)...
2023-07-09 18:43:16,248 - root - INFO - Image header was read:
2023-07-09 18:43:16,248 - root - INFO - Width: 100, Height: 170, RowLength: 200
2023-07-09 18:43:16,250 - root - INFO - datalength: 35020, _step: 2
2023-07-09 18:43:16,250 - root - INFO - BPP: 16, Transparency: False
2023-07-09 18:43:16,366 - root - DEBUG - Parsing parameters...
2023-07-09 18:43:16,473 - root - DEBUG - 0 Value: None
2023-07-09 18:43:16,473 - root - DEBUG - 0.1 Value: 71
2023-07-09 18:43:16,473 - root - DEBUG - 2 Value: None
2023-07-09 18:43:16,473 - root - DEBUG - 2.1 Value: None
2023-07-09 18:43:16,473 - root - DEBUG - 2.1.1 Value: 0
2023-07-09 18:43:16,473 - root - DEBUG - 2.1.2 Value: 0
2023-07-09 18:43:16,473 - root - DEBUG - 2.1.3 Value: 1
2023-07-09 18:43:16,473 - root - DEBUG - 2.3 Value: None
2023-07-09 18:43:16,473 - root - DEBUG - 2.3.1 Value: 0
2023-07-09 18:43:16,473 - root - DEBUG - 2.3.2 Value: 0
2023-07-09 18:43:16,473 - root - DEBUG - 2.3.3 Value: 0
2023-07-09 18:43:16,473 - root - DEBUG - 2.4 Value: None
2023-07-09 18:43:16,473 - root - DEBUG - 2.4.1 Value: 0
2023-07-09 18:43:16,473 - root - DEBUG - 2.4.2 Value: 0
2023-07-09 18:43:16,473 - root - DEBUG - 2.4.3 Value: 0
2023-07-09 18:43:16,473 - root - DEBUG - 2.5 Value: None
2023-07-09 18:43:16,473 - root - DEBUG - 2.5.1 Value: 0
2023-07-09 18:43:16,473 - root - DEBUG - 2.5.2 Value: 0
2023-07-09 18:43:16,473 - root - DEBUG - 2.5.3 Value: 0
2023-07-09 18:43:16,473 - root - DEBUG - 3 Value: None
2023-07-09 18:43:16,473 - root - DEBUG - 3.1 Value: None
2023-07-09 18:43:16,473 - root - DEBUG - 3.1.1 Value: None
2023-07-09 18:43:16,473 - root - DEBUG - 3.1.1.1 Value: None
2023-07-09 18:43:16,473 - root - DEBUG - 3.1.1.1.1 Value: 45
2023-07-09 18:43:16,473 - root - DEBUG - 3.1.1.1.2 Value: 6
2023-07-09 18:43:16,473 - root - DEBUG - 3.1.1.1.3 Value: 2
2023-07-09 18:43:16,473 - root - DEBUG - 3.1.1.1.4 Value: 10
2023-07-09 18:43:16,473 - root - DEBUG - 3.1.1.2 Value: None
2023-07-09 18:43:16,473 - root - DEBUG - 3.1.1.2.1 Value: 157
2023-07-09 18:43:16,473 - root - DEBUG - 3.1.1.2.2 Value: 6
2023-07-09 18:43:16,473 - root - DEBUG - 3.1.1.2.3 Value: 12
2023-07-09 18:43:16,473 - root - DEBUG - 3.1.1.2.4 Value: 10
2023-07-09 18:43:16,473 - root - DEBUG - 3.1.2 Value: None
2023-07-09 18:43:16,473 - root - DEBUG - 3.1.2.1 Value: None
2023-07-09 18:43:16,473 - root - DEBUG - 3.1.2.1.1 Value: 45
2023-07-09 18:43:16,473 - root - DEBUG - 3.1.2.1.2 Value: 145
2023-07-09 18:43:16,473 - root - DEBUG - 3.1.2.1.3 Value: 22
2023-07-09 18:43:16,473 - root - DEBUG - 3.1.2.1.4 Value: 10
2023-07-09 18:43:16,473 - root - DEBUG - 3.1.2.2 Value: None
2023-07-09 18:43:16,483 - root - DEBUG - 3.1.2.2.1 Value: 157
2023-07-09 18:43:16,483 - root - DEBUG - 3.1.2.2.2 Value: 145
2023-07-09 18:43:16,483 - root - DEBUG - 3.1.2.2.3 Value: 2
2023-07-09 18:43:16,483 - root - DEBUG - 3.1.2.2.4 Value: 10
2023-07-09 18:43:16,483 - root - DEBUG - 3.1.4 Value: 13330
2023-07-09 18:43:16,483 - root - DEBUG - 3.1.7 Value: 0
2023-07-09 18:43:16,483 - root - DEBUG - 3.1.8 Value: 1
2023-07-09 18:43:16,483 - root - DEBUG - 0-Info
2023-07-09 18:43:16,483 - root - DEBUG - 0.1-DeviceId
2023-07-09 18:43:16,483 - root - DEBUG - 2-Background
2023-07-09 18:43:16,483 - root - DEBUG - 2.1-Image
2023-07-09 18:43:16,483 - root - DEBUG - 2.1.1-X
2023-07-09 18:43:16,483 - root - DEBUG - 2.1.2-Y
2023-07-09 18:43:16,483 - root - DEBUG - 2.1.3-ImageIndex
2023-07-09 18:43:16,483 - root - DEBUG - 2.3-Preview
2023-07-09 18:43:16,483 - root - DEBUG - 2.3.1-X
2023-07-09 18:43:16,483 - root - DEBUG - 2.3.2-Y
2023-07-09 18:43:16,483 - root - DEBUG - 2.3.3-ImageIndex
2023-07-09 18:43:16,483 - root - DEBUG - 2.4-PreviewTradChinese
2023-07-09 18:43:16,483 - root - DEBUG - 2.4.1-X
2023-07-09 18:43:16,483 - root - DEBUG - 2.4.2-Y
2023-07-09 18:43:16,483 - root - DEBUG - 2.4.3-ImageIndex
2023-07-09 18:43:16,483 - root - DEBUG - 2.5-PreviewChinese
2023-07-09 18:43:16,483 - root - DEBUG - 2.5.1-X
2023-07-09 18:43:16,483 - root - DEBUG - 2.5.2-Y
2023-07-09 18:43:16,487 - root - DEBUG - 2.5.3-ImageIndex
2023-07-09 18:43:16,487 - root - DEBUG - 3-TimeExtended
2023-07-09 18:43:16,487 - root - DEBUG - 3.1-TimeSeparateDigits
2023-07-09 18:43:16,487 - root - DEBUG - 3.1.1-Hours
2023-07-09 18:43:16,487 - root - DEBUG - 3.1.1.1-Tens
2023-07-09 18:43:16,487 - root - DEBUG - 3.1.1.1.1-X
2023-07-09 18:43:16,487 - root - DEBUG - 3.1.1.1.2-Y
2023-07-09 18:43:16,487 - root - DEBUG - 3.1.1.1.3-ImageIndex
2023-07-09 18:43:16,487 - root - DEBUG - 3.1.1.1.4-ImagesCount
2023-07-09 18:43:16,487 - root - DEBUG - 3.1.1.2-Ones
2023-07-09 18:43:16,487 - root - DEBUG - 3.1.1.2.1-X
2023-07-09 18:43:16,487 - root - DEBUG - 3.1.1.2.2-Y
2023-07-09 18:43:16,487 - root - DEBUG - 3.1.1.2.3-ImageIndex
2023-07-09 18:43:16,487 - root - DEBUG - 3.1.1.2.4-ImagesCount
2023-07-09 18:43:16,487 - root - DEBUG - 3.1.2-Minutes
2023-07-09 18:43:16,487 - root - DEBUG - 3.1.2.1-Tens
2023-07-09 18:43:16,487 - root - DEBUG - 3.1.2.1.1-X
2023-07-09 18:43:16,487 - root - DEBUG - 3.1.2.1.2-Y
2023-07-09 18:43:16,487 - root - DEBUG - 3.1.2.1.3-ImageIndex
2023-07-09 18:43:16,487 - root - DEBUG - 3.1.2.1.4-ImagesCount
2023-07-09 18:43:16,487 - root - DEBUG - 3.1.2.2-Ones
2023-07-09 18:43:16,487 - root - DEBUG - 3.1.2.2.1-X
2023-07-09 18:43:16,487 - root - DEBUG - 3.1.2.2.2-Y
2023-07-09 18:43:16,487 - root - DEBUG - 3.1.2.2.3-ImageIndex
2023-07-09 18:43:16,487 - root - DEBUG - 3.1.2.2.4-ImagesCount
2023-07-09 18:43:16,487 - root - DEBUG - 3.1.4-DrawOrder
2023-07-09 18:43:16,487 - root - DEBUG - 3.1.7-UnknowBoolean7
2023-07-09 18:43:16,487 - root - DEBUG - 3.1.8-PaddingZeroMinutes
2023-07-09 18:43:16,487 - root - DEBUG - generatePreviews
2023-07-09 18:43:16,487 - root - DEBUG - Generating previews...
2023-07-09 18:43:16,493 - root - DEBUG - Generating states done...
2023-07-09 18:43:16,503 - root - DEBUG - >>>>>>>>>>>> 0 <watchFaceParser.models.parameter.Parameter object at 0x00000233CA04B310>
2023-07-09 18:43:16,503 - root - DEBUG - >>>>>>>>>>>> 2 <watchFaceParser.models.parameter.Parameter object at 0x00000233CA0416A0>
2023-07-09 18:43:16,513 - root - DEBUG - >>>>>>>>>>>> 3 <watchFaceParser.models.parameter.Parameter object at 0x00000233CA0492E0>
2023-07-09 18:43:16,533 - root - DEBUG - Generating static preview gen done...
2023-07-09 18:43:16,623 - root - DEBUG - Generating static preview save done...
2023-07-09 18:43:16,623 - root - DEBUG - Generating anim preview gen done...
2023-07-09 18:43:16,623 - root - DEBUG - >>>>>>>>>>>> 0 <watchFaceParser.models.parameter.Parameter object at 0x00000233CA04B310>
2023-07-09 18:43:16,623 - root - DEBUG - >>>>>>>>>>>> 2 <watchFaceParser.models.parameter.Parameter object at 0x00000233CA0416A0>
2023-07-09 18:43:16,623 - root - DEBUG - >>>>>>>>>>>> 3 <watchFaceParser.models.parameter.Parameter object at 0x00000233CA0492E0>
2023-07-09 18:43:16,773 - root - DEBUG - generatePreviews done
2023-07-09 18:43:16,773 - root - DEBUG - Exporting resources to 'E:\Codez\zepp-bipupro-wf\fa8a3747713543ddbfebbfcf25cfe3f8'
2023-07-09 18:43:16,773 - root - DEBUG - extracting E:\Codez\zepp-bipupro-wf\fa8a3747713543ddbfebbfcf25cfe3f8\0000.png...
2023-07-09 18:43:16,783 - root - DEBUG - extracting E:\Codez\zepp-bipupro-wf\fa8a3747713543ddbfebbfcf25cfe3f8\0001.png...
2023-07-09 18:43:16,810 - root - DEBUG - extracting E:\Codez\zepp-bipupro-wf\fa8a3747713543ddbfebbfcf25cfe3f8\0002.png...
2023-07-09 18:43:16,813 - root - DEBUG - extracting E:\Codez\zepp-bipupro-wf\fa8a3747713543ddbfebbfcf25cfe3f8\0003.png...
2023-07-09 18:43:16,813 - root - DEBUG - extracting E:\Codez\zepp-bipupro-wf\fa8a3747713543ddbfebbfcf25cfe3f8\0004.png...
2023-07-09 18:43:16,823 - root - DEBUG - extracting E:\Codez\zepp-bipupro-wf\fa8a3747713543ddbfebbfcf25cfe3f8\0005.png...
2023-07-09 18:43:16,826 - root - DEBUG - extracting E:\Codez\zepp-bipupro-wf\fa8a3747713543ddbfebbfcf25cfe3f8\0006.png...
2023-07-09 18:43:16,833 - root - DEBUG - extracting E:\Codez\zepp-bipupro-wf\fa8a3747713543ddbfebbfcf25cfe3f8\0007.png...
2023-07-09 18:43:16,833 - root - DEBUG - extracting E:\Codez\zepp-bipupro-wf\fa8a3747713543ddbfebbfcf25cfe3f8\0008.png...
2023-07-09 18:43:16,843 - root - DEBUG - extracting E:\Codez\zepp-bipupro-wf\fa8a3747713543ddbfebbfcf25cfe3f8\0009.png...
2023-07-09 18:43:16,843 - root - DEBUG - extracting E:\Codez\zepp-bipupro-wf\fa8a3747713543ddbfebbfcf25cfe3f8\0010.png...
2023-07-09 18:43:16,843 - root - DEBUG - extracting E:\Codez\zepp-bipupro-wf\fa8a3747713543ddbfebbfcf25cfe3f8\0011.png...
2023-07-09 18:43:16,853 - root - DEBUG - extracting E:\Codez\zepp-bipupro-wf\fa8a3747713543ddbfebbfcf25cfe3f8\0012.png...
2023-07-09 18:43:16,858 - root - DEBUG - extracting E:\Codez\zepp-bipupro-wf\fa8a3747713543ddbfebbfcf25cfe3f8\0013.png...
2023-07-09 18:43:16,863 - root - DEBUG - extracting E:\Codez\zepp-bipupro-wf\fa8a3747713543ddbfebbfcf25cfe3f8\0014.png...
2023-07-09 18:43:16,866 - root - DEBUG - extracting E:\Codez\zepp-bipupro-wf\fa8a3747713543ddbfebbfcf25cfe3f8\0015.png...
2023-07-09 18:43:16,874 - root - DEBUG - extracting E:\Codez\zepp-bipupro-wf\fa8a3747713543ddbfebbfcf25cfe3f8\0016.png...
2023-07-09 18:43:16,878 - root - DEBUG - extracting E:\Codez\zepp-bipupro-wf\fa8a3747713543ddbfebbfcf25cfe3f8\0017.png...
2023-07-09 18:43:16,883 - root - DEBUG - extracting E:\Codez\zepp-bipupro-wf\fa8a3747713543ddbfebbfcf25cfe3f8\0018.png...
2023-07-09 18:43:16,883 - root - DEBUG - extracting E:\Codez\zepp-bipupro-wf\fa8a3747713543ddbfebbfcf25cfe3f8\0019.png...
2023-07-09 18:43:16,893 - root - DEBUG - extracting E:\Codez\zepp-bipupro-wf\fa8a3747713543ddbfebbfcf25cfe3f8\0020.png...
2023-07-09 18:43:16,898 - root - DEBUG - extracting E:\Codez\zepp-bipupro-wf\fa8a3747713543ddbfebbfcf25cfe3f8\0021.png...
2023-07-09 18:43:16,903 - root - DEBUG - extracting E:\Codez\zepp-bipupro-wf\fa8a3747713543ddbfebbfcf25cfe3f8\0022.png...
2023-07-09 18:43:16,906 - root - DEBUG - extracting E:\Codez\zepp-bipupro-wf\fa8a3747713543ddbfebbfcf25cfe3f8\0023.png...
2023-07-09 18:43:16,913 - root - DEBUG - extracting E:\Codez\zepp-bipupro-wf\fa8a3747713543ddbfebbfcf25cfe3f8\0024.png...
2023-07-09 18:43:16,913 - root - DEBUG - extracting E:\Codez\zepp-bipupro-wf\fa8a3747713543ddbfebbfcf25cfe3f8\0025.png...
2023-07-09 18:43:16,923 - root - DEBUG - extracting E:\Codez\zepp-bipupro-wf\fa8a3747713543ddbfebbfcf25cfe3f8\0026.png...
2023-07-09 18:43:16,928 - root - DEBUG - extracting E:\Codez\zepp-bipupro-wf\fa8a3747713543ddbfebbfcf25cfe3f8\0027.png...
2023-07-09 18:43:16,933 - root - DEBUG - extracting E:\Codez\zepp-bipupro-wf\fa8a3747713543ddbfebbfcf25cfe3f8\0028.png...
2023-07-09 18:43:16,937 - root - DEBUG - extracting E:\Codez\zepp-bipupro-wf\fa8a3747713543ddbfebbfcf25cfe3f8\0029.png...
2023-07-09 18:43:16,943 - root - DEBUG - extracting E:\Codez\zepp-bipupro-wf\fa8a3747713543ddbfebbfcf25cfe3f8\0030.png...
2023-07-09 18:43:16,943 - root - DEBUG - extracting E:\Codez\zepp-bipupro-wf\fa8a3747713543ddbfebbfcf25cfe3f8\0031.png...
2023-07-09 18:43:16,953 - root - DEBUG - Exporting config...
