2023-07-09 18:42:38,912 - root - DEBUG - Opening watch face 'E:\Codez\zepp-bipupro-wf\cc1627f758a232829152a4e718082ff1.bin'
2023-07-09 18:42:38,922 - root - DEBUG - Reading parameters...
2023-07-09 18:42:38,922 - root - INFO - Reading header...
2023-07-09 18:42:38,922 - root - INFO - Header was read:
2023-07-09 18:42:38,922 - root - INFO - Signature: b'UIHH\x01\x00\xff', Unknown: 87, ParametersSize: 32, isValid: True, deviceId: 71
2023-07-09 18:42:38,922 - root - INFO - Reading parameter offsets...
2023-07-09 18:42:38,922 - root - INFO - Parameter offsets were read from file
2023-07-09 18:42:38,922 - root - INFO - Reading parameters descriptor...
2023-07-09 18:42:38,922 - root - INFO - 1 ( A): 5 bytes
2023-07-09 18:42:38,922 - root - INFO -     1 ( 8): 205 CD
2023-07-09 18:42:38,922 - root - INFO -     2 (10): 84 54
2023-07-09 18:42:38,922 - root - INFO - getParameters descriptor was read:
2023-07-09 18:42:38,922 - root - INFO - ParametersTableLength: 205, ImagesCount: 84
2023-07-09 18:42:38,922 - root - INFO - Reading parameters locations...
2023-07-09 18:42:38,922 - root - INFO - 2 (12): 4 bytes
2023-07-09 18:42:38,922 - root - INFO -     1 ( 8): 0  0
2023-07-09 18:42:38,922 - root - INFO -     2 (10): 32 20
2023-07-09 18:42:38,922 - root - INFO - 3 (1A): 4 bytes
2023-07-09 18:42:38,922 - root - INFO -     1 ( 8): 32 20
2023-07-09 18:42:38,922 - root - INFO -     2 (10): 54 36
2023-07-09 18:42:38,922 - root - INFO - 4 (22): 5 bytes
2023-07-09 18:42:38,929 - root - INFO -     1 ( 8): 173 AD
2023-07-09 18:42:38,929 - root - INFO -     2 (10): 32 20
2023-07-09 18:42:38,929 - root - INFO - 5 (2A): 4 bytes
2023-07-09 18:42:38,929 - root - INFO -     1 ( 8): 86 56
2023-07-09 18:42:38,929 - root - INFO -     2 (10): 87 57
2023-07-09 18:42:38,929 - root - INFO - Watch face parameters locations were read:
2023-07-09 18:42:38,929 - root - INFO - Reading descriptor for parameter 2
2023-07-09 18:42:38,929 - root - INFO - Descriptor offset: 0, Descriptor length: 32
2023-07-09 18:42:38,929 - root - INFO - Parsing descriptor for parameter 2...
2023-07-09 18:42:38,929 - root - INFO - 1 ( A): 6 bytes
2023-07-09 18:42:38,929 - root - INFO -     1 ( 8): 0  0
2023-07-09 18:42:38,929 - root - INFO -     2 (10): 0  0
2023-07-09 18:42:38,929 - root - INFO -     3 (18): 2  2
2023-07-09 18:42:38,929 - root - INFO - 3 (1A): 6 bytes
2023-07-09 18:42:38,929 - root - INFO -     1 ( 8): 0  0
2023-07-09 18:42:38,929 - root - INFO -     2 (10): 0  0
2023-07-09 18:42:38,929 - root - INFO -     3 (18): 1  1
2023-07-09 18:42:38,929 - root - INFO - 4 (22): 6 bytes
2023-07-09 18:42:38,932 - root - INFO -     1 ( 8): 0  0
2023-07-09 18:42:38,932 - root - INFO -     2 (10): 0  0
2023-07-09 18:42:38,932 - root - INFO -     3 (18): 0  0
2023-07-09 18:42:38,932 - root - INFO - 5 (2A): 6 bytes
2023-07-09 18:42:38,932 - root - INFO -     1 ( 8): 0  0
2023-07-09 18:42:38,932 - root - INFO -     2 (10): 0  0
2023-07-09 18:42:38,932 - root - INFO -     3 (18): 0  0
2023-07-09 18:42:38,932 - root - INFO - Reading descriptor for parameter 3
2023-07-09 18:42:38,932 - root - INFO - Descriptor offset: 32, Descriptor length: 54
2023-07-09 18:42:38,932 - root - INFO - Parsing descriptor for parameter 3...
2023-07-09 18:42:38,932 - root - INFO - 1 ( A): 52 bytes
2023-07-09 18:42:38,932 - root - INFO -     1 ( A): 22 bytes
2023-07-09 18:42:38,932 - root - INFO -         1 ( A): 9 bytes
2023-07-09 18:42:38,932 - root - INFO -             1 ( 8): 202 CA
2023-07-09 18:42:38,932 - root - INFO -             2 (10): 35 23
2023-07-09 18:42:38,932 - root - INFO -             3 (18): 3  3
2023-07-09 18:42:38,932 - root - INFO -             4 (20): 10  A
2023-07-09 18:42:38,932 - root - INFO -         2 (12): 9 bytes
2023-07-09 18:42:38,932 - root - INFO -             1 ( 8): 246 F6
2023-07-09 18:42:38,932 - root - INFO -             2 (10): 35 23
2023-07-09 18:42:38,932 - root - INFO -             3 (18): 13  D
2023-07-09 18:42:38,932 - root - INFO -             4 (20): 10  A
2023-07-09 18:42:38,932 - root - INFO -     2 (12): 22 bytes
2023-07-09 18:42:38,932 - root - INFO -         1 ( A): 9 bytes
2023-07-09 18:42:38,932 - root - INFO -             1 ( 8): 202 CA
2023-07-09 18:42:38,932 - root - INFO -             2 (10): 108 6C
2023-07-09 18:42:38,932 - root - INFO -             3 (18): 23 17
2023-07-09 18:42:38,932 - root - INFO -             4 (20): 10  A
2023-07-09 18:42:38,932 - root - INFO -         2 (12): 9 bytes
2023-07-09 18:42:38,932 - root - INFO -             1 ( 8): 246 F6
2023-07-09 18:42:38,932 - root - INFO -             2 (10): 108 6C
2023-07-09 18:42:38,932 - root - INFO -             3 (18): 33 21
2023-07-09 18:42:38,932 - root - INFO -             4 (20): 10  A
2023-07-09 18:42:38,937 - root - INFO -     7 (38): 0  0
2023-07-09 18:42:38,937 - root - INFO -     8 (40): 1  1
2023-07-09 18:42:38,937 - root - INFO - Reading descriptor for parameter 4
2023-07-09 18:42:38,937 - root - INFO - Descriptor offset: 173, Descriptor length: 32
2023-07-09 18:42:38,937 - root - INFO - Parsing descriptor for parameter 4...
2023-07-09 18:42:38,937 - root - INFO - 4 (22): 28 bytes
2023-07-09 18:42:38,937 - root - INFO -     1 ( A): 22 bytes
2023-07-09 18:42:38,937 - root - INFO -         1 ( 8): 205 CD
2023-07-09 18:42:38,937 - root - INFO -         2 (10): 257 101
2023-07-09 18:42:38,937 - root - INFO -         3 (18): 280 118
2023-07-09 18:42:38,937 - root - INFO -         4 (20): 282 11A
2023-07-09 18:42:38,937 - root - INFO -         5 (28): 34 22
2023-07-09 18:42:38,937 - root - INFO -         6 (30): 1  1
2023-07-09 18:42:38,937 - root - INFO -         7 (38): 0  0
2023-07-09 18:42:38,937 - root - INFO -         8 (40): 72 48
2023-07-09 18:42:38,937 - root - INFO -         9 (48): 10  A
2023-07-09 18:42:38,937 - root - INFO -     2 (10): 82 52
2023-07-09 18:42:38,937 - root - INFO -     3 (18): 83 53
2023-07-09 18:42:38,937 - root - INFO - 7 (38): 0  0
2023-07-09 18:42:38,937 - root - INFO - Reading descriptor for parameter 5
2023-07-09 18:42:38,937 - root - INFO - Descriptor offset: 86, Descriptor length: 87
2023-07-09 18:42:38,937 - root - INFO - Parsing descriptor for parameter 5...
2023-07-09 18:42:38,937 - root - INFO - 1 ( A): 34 bytes
2023-07-09 18:42:38,937 - root - INFO -     2 (12): 26 bytes
2023-07-09 18:42:38,937 - root - INFO -         1 ( A): 22 bytes
2023-07-09 18:42:38,937 - root - INFO -             1 ( 8): 217 D9
2023-07-09 18:42:38,942 - root - INFO -             2 (10): 184 B8
2023-07-09 18:42:38,942 - root - INFO -             3 (18): 280 118
2023-07-09 18:42:38,942 - root - INFO -             4 (20): 206 CE
2023-07-09 18:42:38,942 - root - INFO -             5 (28): 18 12
2023-07-09 18:42:38,942 - root - INFO -             6 (30): 1  1
2023-07-09 18:42:38,942 - root - INFO -             7 (38): 0  0
2023-07-09 18:42:38,942 - root - INFO -             8 (40): 43 2B
2023-07-09 18:42:38,942 - root - INFO -             9 (48): 10  A
2023-07-09 18:42:38,942 - root - INFO -         2 (10): 53 35
2023-07-09 18:42:38,942 - root - INFO -     4 (20): 1  1
2023-07-09 18:42:38,942 - root - INFO -     5 (28): 1  1
2023-07-09 18:42:38,942 - root - INFO -     6 (30): 0  0
2023-07-09 18:42:38,942 - root - INFO - 2 (12): 13 bytes
2023-07-09 18:42:38,942 - root - INFO -     1 ( 8): 156 9C
2023-07-09 18:42:38,942 - root - INFO -     2 (10): 35 23
2023-07-09 18:42:38,942 - root - INFO -     3 (18): 68 44
2023-07-09 18:42:38,942 - root - INFO -     4 (20): 69 45
2023-07-09 18:42:38,942 - root - INFO -     5 (28): 70 46
2023-07-09 18:42:38,942 - root - INFO -     6 (30): 71 47
2023-07-09 18:42:38,942 - root - INFO - 4 (22): 10 bytes
2023-07-09 18:42:38,942 - root - INFO -     1 ( 8): 218 DA
2023-07-09 18:42:38,942 - root - INFO -     2 (10): 215 D7
2023-07-09 18:42:38,942 - root - INFO -     3 (18): 54 36
2023-07-09 18:42:38,942 - root - INFO -     4 (20): 7  7
2023-07-09 18:42:38,942 - root - INFO - 5 (2A): 10 bytes
2023-07-09 18:42:38,942 - root - INFO -     1 ( 8): 218 DA
2023-07-09 18:42:38,942 - root - INFO -     2 (10): 215 D7
2023-07-09 18:42:38,942 - root - INFO -     3 (18): 61 3D
2023-07-09 18:42:38,942 - root - INFO -     4 (20): 7  7
2023-07-09 18:42:38,942 - root - INFO - 6 (32): 10 bytes
2023-07-09 18:42:38,942 - root - INFO -     1 ( 8): 218 DA
2023-07-09 18:42:38,942 - root - INFO -     2 (10): 215 D7
2023-07-09 18:42:38,942 - root - INFO -     3 (18): 61 3D
2023-07-09 18:42:38,942 - root - INFO -     4 (20): 7  7
2023-07-09 18:42:38,947 - root - INFO - Reading resources offsets table with 84 elements (336 bytes)
2023-07-09 18:42:38,947 - root - INFO - Resource 0 offset: 660, length: 86552...
2023-07-09 18:42:38,947 - root - DEBUG - Reading resource 0...
2023-07-09 18:42:39,002 - root - INFO - The image is bme.
2023-07-09 18:42:39,002 - root - INFO - Reading image header(readHeader16E)...
2023-07-09 18:42:39,002 - root - INFO - Image header was read:
2023-07-09 18:42:39,002 - root - INFO - Width: 202, Height: 214, RowLength: 404
2023-07-09 18:42:39,002 - root - INFO - datalength: 86536, _step: 2
2023-07-09 18:42:39,002 - root - INFO - BPP: 16, Transparency: False
2023-07-09 18:42:39,287 - root - INFO - Resource 1 offset: 87212, length: 86552...
2023-07-09 18:42:39,287 - root - DEBUG - Reading resource 1...
2023-07-09 18:42:39,287 - root - INFO - The image is bme.
2023-07-09 18:42:39,287 - root - INFO - Reading image header(readHeader16E)...
2023-07-09 18:42:39,287 - root - INFO - Image header was read:
2023-07-09 18:42:39,287 - root - INFO - Width: 202, Height: 214, RowLength: 404
2023-07-09 18:42:39,287 - root - INFO - datalength: 86536, _step: 2
2023-07-09 18:42:39,287 - root - INFO - BPP: 16, Transparency: False
2023-07-09 18:42:39,562 - root - INFO - Resource 2 offset: 173764, length: 192288...
2023-07-09 18:42:39,562 - root - DEBUG - Reading resource 2...
2023-07-09 18:42:39,562 - root - INFO - The image is bme.
2023-07-09 18:42:39,562 - root - INFO - Reading image header(readHeader16E)...
2023-07-09 18:42:39,562 - root - INFO - Image header was read:
2023-07-09 18:42:39,562 - root - INFO - Width: 302, Height: 320, RowLength: 604
2023-07-09 18:42:39,562 - root - INFO - datalength: 192272, _step: 2
2023-07-09 18:42:39,562 - root - INFO - BPP: 16, Transparency: False
2023-07-09 18:42:40,197 - root - INFO - Resource 3 offset: 366052, length: 2512...
2023-07-09 18:42:40,198 - root - DEBUG - Reading resource 3...
2023-07-09 18:42:40,198 - root - INFO - The image is bme.
2023-07-09 18:42:40,198 - root - INFO - Reading image header(readHeader16E)...
2023-07-09 18:42:40,198 - root - INFO - Image header was read:
2023-07-09 18:42:40,198 - root - INFO - Width: 37, Height: 61, RowLength: 74
2023-07-09 18:42:40,198 - root - INFO - datalength: 2496, _step: 2
2023-07-09 18:42:40,198 - root - INFO - BPP: 16, Transparency: False
2023-07-09 18:42:40,205 - root - INFO - Resource 4 offset: 368564, length: 1320...
2023-07-09 18:42:40,205 - root - DEBUG - Reading resource 4...
2023-07-09 18:42:40,205 - root - INFO - The image is bme.
2023-07-09 18:42:40,205 - root - INFO - Reading image header(readHeader16E)...
2023-07-09 18:42:40,205 - root - INFO - Image header was read:
2023-07-09 18:42:40,205 - root - INFO - Width: 36, Height: 60, RowLength: 72
2023-07-09 18:42:40,205 - root - INFO - datalength: 1304, _step: 2
2023-07-09 18:42:40,206 - root - INFO - BPP: 16, Transparency: False
2023-07-09 18:42:40,209 - root - INFO - Resource 5 offset: 369884, length: 2054...
2023-07-09 18:42:40,209 - root - DEBUG - Reading resource 5...
2023-07-09 18:42:40,209 - root - INFO - The image is bme.
2023-07-09 18:42:40,210 - root - INFO - Reading image header(readHeader16E)...
2023-07-09 18:42:40,210 - root - INFO - Image header was read:
2023-07-09 18:42:40,210 - root - INFO - Width: 37, Height: 61, RowLength: 74
2023-07-09 18:42:40,210 - root - INFO - datalength: 2038, _step: 2
2023-07-09 18:42:40,210 - root - INFO - BPP: 16, Transparency: False
2023-07-09 18:42:40,212 - root - INFO - Resource 6 offset: 371938, length: 2188...
2023-07-09 18:42:40,212 - root - DEBUG - Reading resource 6...
2023-07-09 18:42:40,212 - root - INFO - The image is bme.
2023-07-09 18:42:40,212 - root - INFO - Reading image header(readHeader16E)...
2023-07-09 18:42:40,212 - root - INFO - Image header was read:
2023-07-09 18:42:40,212 - root - INFO - Width: 37, Height: 61, RowLength: 74
2023-07-09 18:42:40,212 - root - INFO - datalength: 2172, _step: 2
2023-07-09 18:42:40,212 - root - INFO - BPP: 16, Transparency: False
2023-07-09 18:42:40,222 - root - INFO - Resource 7 offset: 374126, length: 2424...
2023-07-09 18:42:40,222 - root - DEBUG - Reading resource 7...
2023-07-09 18:42:40,222 - root - INFO - The image is bme.
2023-07-09 18:42:40,222 - root - INFO - Reading image header(readHeader16E)...
2023-07-09 18:42:40,222 - root - INFO - Image header was read:
2023-07-09 18:42:40,222 - root - INFO - Width: 37, Height: 61, RowLength: 74
2023-07-09 18:42:40,222 - root - INFO - datalength: 2408, _step: 2
2023-07-09 18:42:40,222 - root - INFO - BPP: 16, Transparency: False
2023-07-09 18:42:40,226 - root - INFO - Resource 8 offset: 376550, length: 2234...
2023-07-09 18:42:40,231 - root - DEBUG - Reading resource 8...
2023-07-09 18:42:40,231 - root - INFO - The image is bme.
2023-07-09 18:42:40,231 - root - INFO - Reading image header(readHeader16E)...
2023-07-09 18:42:40,231 - root - INFO - Image header was read:
2023-07-09 18:42:40,232 - root - INFO - Width: 37, Height: 61, RowLength: 74
2023-07-09 18:42:40,232 - root - INFO - datalength: 2218, _step: 2
2023-07-09 18:42:40,232 - root - INFO - BPP: 16, Transparency: False
2023-07-09 18:42:40,237 - root - INFO - Resource 9 offset: 378784, length: 2568...
2023-07-09 18:42:40,237 - root - DEBUG - Reading resource 9...
2023-07-09 18:42:40,237 - root - INFO - The image is bme.
2023-07-09 18:42:40,237 - root - INFO - Reading image header(readHeader16E)...
2023-07-09 18:42:40,237 - root - INFO - Image header was read:
2023-07-09 18:42:40,237 - root - INFO - Width: 37, Height: 61, RowLength: 74
2023-07-09 18:42:40,237 - root - INFO - datalength: 2552, _step: 2
2023-07-09 18:42:40,237 - root - INFO - BPP: 16, Transparency: False
2023-07-09 18:42:40,242 - root - INFO - Resource 10 offset: 381352, length: 1550...
2023-07-09 18:42:40,242 - root - DEBUG - Reading resource 10...
2023-07-09 18:42:40,242 - root - INFO - The image is bme.
2023-07-09 18:42:40,242 - root - INFO - Reading image header(readHeader16E)...
2023-07-09 18:42:40,242 - root - INFO - Image header was read:
2023-07-09 18:42:40,242 - root - INFO - Width: 37, Height: 61, RowLength: 74
2023-07-09 18:42:40,242 - root - INFO - datalength: 1534, _step: 2
2023-07-09 18:42:40,242 - root - INFO - BPP: 16, Transparency: False
2023-07-09 18:42:40,252 - root - INFO - Resource 11 offset: 382902, length: 2672...
2023-07-09 18:42:40,252 - root - DEBUG - Reading resource 11...
2023-07-09 18:42:40,252 - root - INFO - The image is bme.
2023-07-09 18:42:40,252 - root - INFO - Reading image header(readHeader16E)...
2023-07-09 18:42:40,252 - root - INFO - Image header was read:
2023-07-09 18:42:40,252 - root - INFO - Width: 37, Height: 61, RowLength: 74
2023-07-09 18:42:40,252 - root - INFO - datalength: 2656, _step: 2
2023-07-09 18:42:40,252 - root - INFO - BPP: 16, Transparency: False
2023-07-09 18:42:40,258 - root - INFO - Resource 12 offset: 385574, length: 2564...
2023-07-09 18:42:40,258 - root - DEBUG - Reading resource 12...
2023-07-09 18:42:40,258 - root - INFO - The image is bme.
2023-07-09 18:42:40,258 - root - INFO - Reading image header(readHeader16E)...
2023-07-09 18:42:40,258 - root - INFO - Image header was read:
2023-07-09 18:42:40,258 - root - INFO - Width: 37, Height: 61, RowLength: 74
2023-07-09 18:42:40,258 - root - INFO - datalength: 2548, _step: 2
2023-07-09 18:42:40,262 - root - INFO - BPP: 16, Transparency: False
2023-07-09 18:42:40,262 - root - INFO - Resource 13 offset: 388138, length: 2464...
2023-07-09 18:42:40,262 - root - DEBUG - Reading resource 13...
2023-07-09 18:42:40,262 - root - INFO - The image is bme.
2023-07-09 18:42:40,262 - root - INFO - Reading image header(readHeader16E)...
2023-07-09 18:42:40,262 - root - INFO - Image header was read:
2023-07-09 18:42:40,262 - root - INFO - Width: 36, Height: 60, RowLength: 72
2023-07-09 18:42:40,262 - root - INFO - datalength: 2448, _step: 2
2023-07-09 18:42:40,262 - root - INFO - BPP: 16, Transparency: False
2023-07-09 18:42:40,274 - root - INFO - Resource 14 offset: 390602, length: 1318...
2023-07-09 18:42:40,274 - root - DEBUG - Reading resource 14...
2023-07-09 18:42:40,274 - root - INFO - The image is bme.
2023-07-09 18:42:40,274 - root - INFO - Reading image header(readHeader16E)...
2023-07-09 18:42:40,274 - root - INFO - Image header was read:
2023-07-09 18:42:40,274 - root - INFO - Width: 37, Height: 61, RowLength: 74
2023-07-09 18:42:40,274 - root - INFO - datalength: 1302, _step: 2
2023-07-09 18:42:40,274 - root - INFO - BPP: 16, Transparency: False
2023-07-09 18:42:40,274 - root - INFO - Resource 15 offset: 391920, length: 2040...
2023-07-09 18:42:40,274 - root - DEBUG - Reading resource 15...
2023-07-09 18:42:40,274 - root - INFO - The image is bme.
2023-07-09 18:42:40,274 - root - INFO - Reading image header(readHeader16E)...
2023-07-09 18:42:40,274 - root - INFO - Image header was read:
2023-07-09 18:42:40,274 - root - INFO - Width: 37, Height: 61, RowLength: 74
2023-07-09 18:42:40,282 - root - INFO - datalength: 2024, _step: 2
2023-07-09 18:42:40,282 - root - INFO - BPP: 16, Transparency: False
2023-07-09 18:42:40,287 - root - INFO - Resource 16 offset: 393960, length: 2176...
2023-07-09 18:42:40,287 - root - DEBUG - Reading resource 16...
2023-07-09 18:42:40,287 - root - INFO - The image is bme.
2023-07-09 18:42:40,287 - root - INFO - Reading image header(readHeader16E)...
2023-07-09 18:42:40,287 - root - INFO - Image header was read:
2023-07-09 18:42:40,287 - root - INFO - Width: 37, Height: 61, RowLength: 74
2023-07-09 18:42:40,287 - root - INFO - datalength: 2160, _step: 2
2023-07-09 18:42:40,287 - root - INFO - BPP: 16, Transparency: False
2023-07-09 18:42:40,292 - root - INFO - Resource 17 offset: 396136, length: 2436...
2023-07-09 18:42:40,292 - root - DEBUG - Reading resource 17...
2023-07-09 18:42:40,292 - root - INFO - The image is bme.
2023-07-09 18:42:40,292 - root - INFO - Reading image header(readHeader16E)...
2023-07-09 18:42:40,292 - root - INFO - Image header was read:
2023-07-09 18:42:40,292 - root - INFO - Width: 37, Height: 61, RowLength: 74
2023-07-09 18:42:40,292 - root - INFO - datalength: 2420, _step: 2
2023-07-09 18:42:40,292 - root - INFO - BPP: 16, Transparency: False
2023-07-09 18:42:40,302 - root - INFO - Resource 18 offset: 398572, length: 2232...
2023-07-09 18:42:40,302 - root - DEBUG - Reading resource 18...
2023-07-09 18:42:40,302 - root - INFO - The image is bme.
2023-07-09 18:42:40,302 - root - INFO - Reading image header(readHeader16E)...
2023-07-09 18:42:40,302 - root - INFO - Image header was read:
2023-07-09 18:42:40,302 - root - INFO - Width: 37, Height: 61, RowLength: 74
2023-07-09 18:42:40,302 - root - INFO - datalength: 2216, _step: 2
2023-07-09 18:42:40,302 - root - INFO - BPP: 16, Transparency: False
2023-07-09 18:42:40,305 - root - INFO - Resource 19 offset: 400804, length: 2566...
2023-07-09 18:42:40,305 - root - DEBUG - Reading resource 19...
2023-07-09 18:42:40,305 - root - INFO - The image is bme.
2023-07-09 18:42:40,305 - root - INFO - Reading image header(readHeader16E)...
2023-07-09 18:42:40,305 - root - INFO - Image header was read:
2023-07-09 18:42:40,305 - root - INFO - Width: 37, Height: 61, RowLength: 74
2023-07-09 18:42:40,305 - root - INFO - datalength: 2550, _step: 2
2023-07-09 18:42:40,305 - root - INFO - BPP: 16, Transparency: False
2023-07-09 18:42:40,312 - root - INFO - Resource 20 offset: 403370, length: 1544...
2023-07-09 18:42:40,312 - root - DEBUG - Reading resource 20...
2023-07-09 18:42:40,312 - root - INFO - The image is bme.
2023-07-09 18:42:40,312 - root - INFO - Reading image header(readHeader16E)...
2023-07-09 18:42:40,312 - root - INFO - Image header was read:
2023-07-09 18:42:40,312 - root - INFO - Width: 37, Height: 61, RowLength: 74
2023-07-09 18:42:40,312 - root - INFO - datalength: 1528, _step: 2
2023-07-09 18:42:40,312 - root - INFO - BPP: 16, Transparency: False
2023-07-09 18:42:40,322 - root - INFO - Resource 21 offset: 404914, length: 2678...
2023-07-09 18:42:40,322 - root - DEBUG - Reading resource 21...
2023-07-09 18:42:40,322 - root - INFO - The image is bme.
2023-07-09 18:42:40,322 - root - INFO - Reading image header(readHeader16E)...
2023-07-09 18:42:40,322 - root - INFO - Image header was read:
2023-07-09 18:42:40,322 - root - INFO - Width: 37, Height: 61, RowLength: 74
2023-07-09 18:42:40,322 - root - INFO - datalength: 2662, _step: 2
2023-07-09 18:42:40,322 - root - INFO - BPP: 16, Transparency: False
2023-07-09 18:42:40,322 - root - INFO - Resource 22 offset: 407592, length: 2554...
2023-07-09 18:42:40,332 - root - DEBUG - Reading resource 22...
2023-07-09 18:42:40,332 - root - INFO - The image is bme.
2023-07-09 18:42:40,332 - root - INFO - Reading image header(readHeader16E)...
2023-07-09 18:42:40,332 - root - INFO - Image header was read:
2023-07-09 18:42:40,332 - root - INFO - Width: 37, Height: 61, RowLength: 74
2023-07-09 18:42:40,332 - root - INFO - datalength: 2538, _step: 2
2023-07-09 18:42:40,332 - root - INFO - BPP: 16, Transparency: False
2023-07-09 18:42:40,337 - root - INFO - Resource 23 offset: 410146, length: 2514...
2023-07-09 18:42:40,337 - root - DEBUG - Reading resource 23...
2023-07-09 18:42:40,337 - root - INFO - The image is bme.
2023-07-09 18:42:40,337 - root - INFO - Reading image header(readHeader16E)...
2023-07-09 18:42:40,337 - root - INFO - Image header was read:
2023-07-09 18:42:40,337 - root - INFO - Width: 37, Height: 61, RowLength: 74
2023-07-09 18:42:40,337 - root - INFO - datalength: 2498, _step: 2
2023-07-09 18:42:40,337 - root - INFO - BPP: 16, Transparency: False
2023-07-09 18:42:40,342 - root - INFO - Resource 24 offset: 412660, length: 1290...
2023-07-09 18:42:40,342 - root - DEBUG - Reading resource 24...
2023-07-09 18:42:40,342 - root - INFO - The image is bme.
2023-07-09 18:42:40,342 - root - INFO - Reading image header(readHeader16E)...
2023-07-09 18:42:40,342 - root - INFO - Image header was read:
2023-07-09 18:42:40,342 - root - INFO - Width: 37, Height: 61, RowLength: 74
2023-07-09 18:42:40,342 - root - INFO - datalength: 1274, _step: 2
2023-07-09 18:42:40,342 - root - INFO - BPP: 16, Transparency: False
2023-07-09 18:42:40,342 - root - INFO - Resource 25 offset: 413950, length: 2088...
2023-07-09 18:42:40,342 - root - DEBUG - Reading resource 25...
2023-07-09 18:42:40,342 - root - INFO - The image is bme.
2023-07-09 18:42:40,342 - root - INFO - Reading image header(readHeader16E)...
2023-07-09 18:42:40,352 - root - INFO - Image header was read:
2023-07-09 18:42:40,352 - root - INFO - Width: 37, Height: 61, RowLength: 74
2023-07-09 18:42:40,352 - root - INFO - datalength: 2072, _step: 2
2023-07-09 18:42:40,352 - root - INFO - BPP: 16, Transparency: False
2023-07-09 18:42:40,357 - root - INFO - Resource 26 offset: 416038, length: 2194...
2023-07-09 18:42:40,357 - root - DEBUG - Reading resource 26...
2023-07-09 18:42:40,357 - root - INFO - The image is bme.
2023-07-09 18:42:40,357 - root - INFO - Reading image header(readHeader16E)...
2023-07-09 18:42:40,357 - root - INFO - Image header was read:
2023-07-09 18:42:40,357 - root - INFO - Width: 37, Height: 61, RowLength: 74
2023-07-09 18:42:40,357 - root - INFO - datalength: 2178, _step: 2
2023-07-09 18:42:40,357 - root - INFO - BPP: 16, Transparency: False
2023-07-09 18:42:40,362 - root - INFO - Resource 27 offset: 418232, length: 2436...
2023-07-09 18:42:40,362 - root - DEBUG - Reading resource 27...
2023-07-09 18:42:40,362 - root - INFO - The image is bme.
2023-07-09 18:42:40,362 - root - INFO - Reading image header(readHeader16E)...
2023-07-09 18:42:40,362 - root - INFO - Image header was read:
2023-07-09 18:42:40,362 - root - INFO - Width: 37, Height: 61, RowLength: 74
2023-07-09 18:42:40,362 - root - INFO - datalength: 2420, _step: 2
2023-07-09 18:42:40,362 - root - INFO - BPP: 16, Transparency: False
2023-07-09 18:42:40,372 - root - INFO - Resource 28 offset: 420668, length: 2204...
2023-07-09 18:42:40,372 - root - DEBUG - Reading resource 28...
2023-07-09 18:42:40,372 - root - INFO - The image is bme.
2023-07-09 18:42:40,372 - root - INFO - Reading image header(readHeader16E)...
2023-07-09 18:42:40,372 - root - INFO - Image header was read:
2023-07-09 18:42:40,372 - root - INFO - Width: 37, Height: 61, RowLength: 74
2023-07-09 18:42:40,372 - root - INFO - datalength: 2188, _step: 2
2023-07-09 18:42:40,372 - root - INFO - BPP: 16, Transparency: False
2023-07-09 18:42:40,372 - root - INFO - Resource 29 offset: 422872, length: 2566...
2023-07-09 18:42:40,372 - root - DEBUG - Reading resource 29...
2023-07-09 18:42:40,372 - root - INFO - The image is bme.
2023-07-09 18:42:40,372 - root - INFO - Reading image header(readHeader16E)...
2023-07-09 18:42:40,372 - root - INFO - Image header was read:
2023-07-09 18:42:40,372 - root - INFO - Width: 37, Height: 61, RowLength: 74
2023-07-09 18:42:40,372 - root - INFO - datalength: 2550, _step: 2
2023-07-09 18:42:40,372 - root - INFO - BPP: 16, Transparency: False
2023-07-09 18:42:40,384 - root - INFO - Resource 30 offset: 425438, length: 1476...
2023-07-09 18:42:40,384 - root - DEBUG - Reading resource 30...
2023-07-09 18:42:40,384 - root - INFO - The image is bme.
2023-07-09 18:42:40,384 - root - INFO - Reading image header(readHeader16E)...
2023-07-09 18:42:40,384 - root - INFO - Image header was read:
2023-07-09 18:42:40,384 - root - INFO - Width: 37, Height: 61, RowLength: 74
2023-07-09 18:42:40,384 - root - INFO - datalength: 1460, _step: 2
2023-07-09 18:42:40,384 - root - INFO - BPP: 16, Transparency: False
2023-07-09 18:42:40,392 - root - INFO - Resource 31 offset: 426914, length: 2658...
2023-07-09 18:42:40,392 - root - DEBUG - Reading resource 31...
2023-07-09 18:42:40,392 - root - INFO - The image is bme.
2023-07-09 18:42:40,392 - root - INFO - Reading image header(readHeader16E)...
2023-07-09 18:42:40,392 - root - INFO - Image header was read:
2023-07-09 18:42:40,392 - root - INFO - Width: 37, Height: 61, RowLength: 74
2023-07-09 18:42:40,392 - root - INFO - datalength: 2642, _step: 2
2023-07-09 18:42:40,392 - root - INFO - BPP: 16, Transparency: False
2023-07-09 18:42:40,400 - root - INFO - Resource 32 offset: 429572, length: 2586...
2023-07-09 18:42:40,400 - root - DEBUG - Reading resource 32...
2023-07-09 18:42:40,402 - root - INFO - The image is bme.
2023-07-09 18:42:40,402 - root - INFO - Reading image header(readHeader16E)...
2023-07-09 18:42:40,402 - root - INFO - Image header was read:
2023-07-09 18:42:40,402 - root - INFO - Width: 37, Height: 61, RowLength: 74
2023-07-09 18:42:40,402 - root - INFO - datalength: 2570, _step: 2
2023-07-09 18:42:40,402 - root - INFO - BPP: 16, Transparency: False
2023-07-09 18:42:40,407 - root - INFO - Resource 33 offset: 432158, length: 2438...
2023-07-09 18:42:40,407 - root - DEBUG - Reading resource 33...
2023-07-09 18:42:40,407 - root - INFO - The image is bme.
2023-07-09 18:42:40,407 - root - INFO - Reading image header(readHeader16E)...
2023-07-09 18:42:40,407 - root - INFO - Image header was read:
2023-07-09 18:42:40,407 - root - INFO - Width: 37, Height: 61, RowLength: 74
2023-07-09 18:42:40,407 - root - INFO - datalength: 2422, _step: 2
2023-07-09 18:42:40,407 - root - INFO - BPP: 16, Transparency: False
2023-07-09 18:42:40,415 - root - INFO - Resource 34 offset: 434596, length: 1288...
2023-07-09 18:42:40,415 - root - DEBUG - Reading resource 34...
2023-07-09 18:42:40,415 - root - INFO - The image is bme.
2023-07-09 18:42:40,415 - root - INFO - Reading image header(readHeader16E)...
2023-07-09 18:42:40,415 - root - INFO - Image header was read:
2023-07-09 18:42:40,415 - root - INFO - Width: 37, Height: 61, RowLength: 74
2023-07-09 18:42:40,415 - root - INFO - datalength: 1272, _step: 2
2023-07-09 18:42:40,415 - root - INFO - BPP: 16, Transparency: False
2023-07-09 18:42:40,415 - root - INFO - Resource 35 offset: 435884, length: 2054...
2023-07-09 18:42:40,415 - root - DEBUG - Reading resource 35...
2023-07-09 18:42:40,415 - root - INFO - The image is bme.
2023-07-09 18:42:40,415 - root - INFO - Reading image header(readHeader16E)...
2023-07-09 18:42:40,415 - root - INFO - Image header was read:
2023-07-09 18:42:40,415 - root - INFO - Width: 37, Height: 61, RowLength: 74
2023-07-09 18:42:40,415 - root - INFO - datalength: 2038, _step: 2
2023-07-09 18:42:40,422 - root - INFO - BPP: 16, Transparency: False
2023-07-09 18:42:40,422 - root - INFO - Resource 36 offset: 437938, length: 2170...
2023-07-09 18:42:40,422 - root - DEBUG - Reading resource 36...
2023-07-09 18:42:40,422 - root - INFO - The image is bme.
2023-07-09 18:42:40,422 - root - INFO - Reading image header(readHeader16E)...
2023-07-09 18:42:40,422 - root - INFO - Image header was read:
2023-07-09 18:42:40,422 - root - INFO - Width: 37, Height: 61, RowLength: 74
2023-07-09 18:42:40,422 - root - INFO - datalength: 2154, _step: 2
2023-07-09 18:42:40,422 - root - INFO - BPP: 16, Transparency: False
2023-07-09 18:42:40,432 - root - INFO - Resource 37 offset: 440108, length: 2436...
2023-07-09 18:42:40,432 - root - DEBUG - Reading resource 37...
2023-07-09 18:42:40,432 - root - INFO - The image is bme.
2023-07-09 18:42:40,432 - root - INFO - Reading image header(readHeader16E)...
2023-07-09 18:42:40,432 - root - INFO - Image header was read:
2023-07-09 18:42:40,432 - root - INFO - Width: 37, Height: 61, RowLength: 74
2023-07-09 18:42:40,432 - root - INFO - datalength: 2420, _step: 2
2023-07-09 18:42:40,432 - root - INFO - BPP: 16, Transparency: False
2023-07-09 18:42:40,442 - root - INFO - Resource 38 offset: 442544, length: 2184...
2023-07-09 18:42:40,442 - root - DEBUG - Reading resource 38...
2023-07-09 18:42:40,442 - root - INFO - The image is bme.
2023-07-09 18:42:40,442 - root - INFO - Reading image header(readHeader16E)...
2023-07-09 18:42:40,442 - root - INFO - Image header was read:
2023-07-09 18:42:40,442 - root - INFO - Width: 37, Height: 61, RowLength: 74
2023-07-09 18:42:40,442 - root - INFO - datalength: 2168, _step: 2
2023-07-09 18:42:40,442 - root - INFO - BPP: 16, Transparency: False
2023-07-09 18:42:40,448 - root - INFO - Resource 39 offset: 444728, length: 2538...
2023-07-09 18:42:40,448 - root - DEBUG - Reading resource 39...
2023-07-09 18:42:40,448 - root - INFO - The image is bme.
2023-07-09 18:42:40,448 - root - INFO - Reading image header(readHeader16E)...
2023-07-09 18:42:40,448 - root - INFO - Image header was read:
2023-07-09 18:42:40,448 - root - INFO - Width: 37, Height: 61, RowLength: 74
2023-07-09 18:42:40,448 - root - INFO - datalength: 2522, _step: 2
2023-07-09 18:42:40,448 - root - INFO - BPP: 16, Transparency: False
2023-07-09 18:42:40,457 - root - INFO - Resource 40 offset: 447266, length: 1488...
2023-07-09 18:42:40,457 - root - DEBUG - Reading resource 40...
2023-07-09 18:42:40,457 - root - INFO - The image is bme.
2023-07-09 18:42:40,457 - root - INFO - Reading image header(readHeader16E)...
2023-07-09 18:42:40,457 - root - INFO - Image header was read:
2023-07-09 18:42:40,457 - root - INFO - Width: 37, Height: 61, RowLength: 74
2023-07-09 18:42:40,457 - root - INFO - datalength: 1472, _step: 2
2023-07-09 18:42:40,457 - root - INFO - BPP: 16, Transparency: False
2023-07-09 18:42:40,462 - root - INFO - Resource 41 offset: 448754, length: 2644...
2023-07-09 18:42:40,462 - root - DEBUG - Reading resource 41...
2023-07-09 18:42:40,462 - root - INFO - The image is bme.
2023-07-09 18:42:40,462 - root - INFO - Reading image header(readHeader16E)...
2023-07-09 18:42:40,462 - root - INFO - Image header was read:
2023-07-09 18:42:40,462 - root - INFO - Width: 37, Height: 61, RowLength: 74
2023-07-09 18:42:40,462 - root - INFO - datalength: 2628, _step: 2
2023-07-09 18:42:40,462 - root - INFO - BPP: 16, Transparency: False
2023-07-09 18:42:40,464 - root - INFO - Resource 42 offset: 451398, length: 2522...
2023-07-09 18:42:40,464 - root - DEBUG - Reading resource 42...
2023-07-09 18:42:40,464 - root - INFO - The image is bme.
2023-07-09 18:42:40,464 - root - INFO - Reading image header(readHeader16E)...
2023-07-09 18:42:40,464 - root - INFO - Image header was read:
2023-07-09 18:42:40,464 - root - INFO - Width: 36, Height: 60, RowLength: 72
2023-07-09 18:42:40,464 - root - INFO - datalength: 2506, _step: 2
2023-07-09 18:42:40,464 - root - INFO - BPP: 16, Transparency: False
2023-07-09 18:42:40,472 - root - INFO - Resource 43 offset: 453920, length: 480...
2023-07-09 18:42:40,472 - root - DEBUG - Reading resource 43...
2023-07-09 18:42:40,472 - root - INFO - The image is bme.
2023-07-09 18:42:40,472 - root - INFO - Reading image header(readHeader16E)...
2023-07-09 18:42:40,472 - root - INFO - Image header was read:
2023-07-09 18:42:40,479 - root - INFO - Width: 13, Height: 22, RowLength: 26
2023-07-09 18:42:40,479 - root - INFO - datalength: 464, _step: 2
2023-07-09 18:42:40,479 - root - INFO - BPP: 16, Transparency: False
2023-07-09 18:42:40,479 - root - INFO - Resource 44 offset: 454400, length: 226...
2023-07-09 18:42:40,479 - root - DEBUG - Reading resource 44...
2023-07-09 18:42:40,479 - root - INFO - The image is bme.
2023-07-09 18:42:40,479 - root - INFO - Reading image header(readHeader16E)...
2023-07-09 18:42:40,479 - root - INFO - Image header was read:
2023-07-09 18:42:40,479 - root - INFO - Width: 13, Height: 22, RowLength: 26
2023-07-09 18:42:40,479 - root - INFO - datalength: 210, _step: 2
2023-07-09 18:42:40,479 - root - INFO - BPP: 16, Transparency: False
2023-07-09 18:42:40,482 - root - INFO - Resource 45 offset: 454626, length: 368...
2023-07-09 18:42:40,482 - root - DEBUG - Reading resource 45...
2023-07-09 18:42:40,482 - root - INFO - The image is bme.
2023-07-09 18:42:40,482 - root - INFO - Reading image header(readHeader16E)...
2023-07-09 18:42:40,482 - root - INFO - Image header was read:
2023-07-09 18:42:40,482 - root - INFO - Width: 13, Height: 22, RowLength: 26
2023-07-09 18:42:40,482 - root - INFO - datalength: 352, _step: 2
2023-07-09 18:42:40,482 - root - INFO - BPP: 16, Transparency: False
2023-07-09 18:42:40,482 - root - INFO - Resource 46 offset: 454994, length: 410...
2023-07-09 18:42:40,482 - root - DEBUG - Reading resource 46...
2023-07-09 18:42:40,482 - root - INFO - The image is bme.
2023-07-09 18:42:40,482 - root - INFO - Reading image header(readHeader16E)...
2023-07-09 18:42:40,482 - root - INFO - Image header was read:
2023-07-09 18:42:40,482 - root - INFO - Width: 13, Height: 22, RowLength: 26
2023-07-09 18:42:40,482 - root - INFO - datalength: 394, _step: 2
2023-07-09 18:42:40,482 - root - INFO - BPP: 16, Transparency: False
2023-07-09 18:42:40,482 - root - INFO - Resource 47 offset: 455404, length: 398...
2023-07-09 18:42:40,482 - root - DEBUG - Reading resource 47...
2023-07-09 18:42:40,482 - root - INFO - The image is bme.
2023-07-09 18:42:40,482 - root - INFO - Reading image header(readHeader16E)...
2023-07-09 18:42:40,482 - root - INFO - Image header was read:
2023-07-09 18:42:40,482 - root - INFO - Width: 13, Height: 22, RowLength: 26
2023-07-09 18:42:40,482 - root - INFO - datalength: 382, _step: 2
2023-07-09 18:42:40,487 - root - INFO - BPP: 16, Transparency: False
2023-07-09 18:42:40,487 - root - INFO - Resource 48 offset: 455802, length: 398...
2023-07-09 18:42:40,487 - root - DEBUG - Reading resource 48...
2023-07-09 18:42:40,487 - root - INFO - The image is bme.
2023-07-09 18:42:40,487 - root - INFO - Reading image header(readHeader16E)...
2023-07-09 18:42:40,487 - root - INFO - Image header was read:
2023-07-09 18:42:40,487 - root - INFO - Width: 13, Height: 22, RowLength: 26
2023-07-09 18:42:40,487 - root - INFO - datalength: 382, _step: 2
2023-07-09 18:42:40,487 - root - INFO - BPP: 16, Transparency: False
2023-07-09 18:42:40,487 - root - INFO - Resource 49 offset: 456200, length: 478...
2023-07-09 18:42:40,487 - root - DEBUG - Reading resource 49...
2023-07-09 18:42:40,487 - root - INFO - The image is bme.
2023-07-09 18:42:40,487 - root - INFO - Reading image header(readHeader16E)...
2023-07-09 18:42:40,487 - root - INFO - Image header was read:
2023-07-09 18:42:40,487 - root - INFO - Width: 13, Height: 22, RowLength: 26
2023-07-09 18:42:40,487 - root - INFO - datalength: 462, _step: 2
2023-07-09 18:42:40,487 - root - INFO - BPP: 16, Transparency: False
2023-07-09 18:42:40,487 - root - INFO - Resource 50 offset: 456678, length: 282...
2023-07-09 18:42:40,492 - root - DEBUG - Reading resource 50...
2023-07-09 18:42:40,492 - root - INFO - The image is bme.
2023-07-09 18:42:40,492 - root - INFO - Reading image header(readHeader16E)...
2023-07-09 18:42:40,492 - root - INFO - Image header was read:
2023-07-09 18:42:40,492 - root - INFO - Width: 13, Height: 22, RowLength: 26
2023-07-09 18:42:40,492 - root - INFO - datalength: 266, _step: 2
2023-07-09 18:42:40,492 - root - INFO - BPP: 16, Transparency: False
2023-07-09 18:42:40,492 - root - INFO - Resource 51 offset: 456960, length: 488...
2023-07-09 18:42:40,492 - root - DEBUG - Reading resource 51...
2023-07-09 18:42:40,492 - root - INFO - The image is bme.
2023-07-09 18:42:40,492 - root - INFO - Reading image header(readHeader16E)...
2023-07-09 18:42:40,492 - root - INFO - Image header was read:
2023-07-09 18:42:40,492 - root - INFO - Width: 13, Height: 22, RowLength: 26
2023-07-09 18:42:40,492 - root - INFO - datalength: 472, _step: 2
2023-07-09 18:42:40,492 - root - INFO - BPP: 16, Transparency: False
2023-07-09 18:42:40,495 - root - INFO - Resource 52 offset: 457448, length: 476...
2023-07-09 18:42:40,495 - root - DEBUG - Reading resource 52...
2023-07-09 18:42:40,495 - root - INFO - The image is bme.
2023-07-09 18:42:40,495 - root - INFO - Reading image header(readHeader16E)...
2023-07-09 18:42:40,495 - root - INFO - Image header was read:
2023-07-09 18:42:40,495 - root - INFO - Width: 13, Height: 22, RowLength: 26
2023-07-09 18:42:40,495 - root - INFO - datalength: 460, _step: 2
2023-07-09 18:42:40,495 - root - INFO - BPP: 16, Transparency: False
2023-07-09 18:42:40,495 - root - INFO - Resource 53 offset: 457924, length: 60...
2023-07-09 18:42:40,495 - root - DEBUG - Reading resource 53...
2023-07-09 18:42:40,495 - root - INFO - The image is bme.
2023-07-09 18:42:40,495 - root - INFO - Reading image header(readHeader16E)...
2023-07-09 18:42:40,495 - root - INFO - Image header was read:
2023-07-09 18:42:40,495 - root - INFO - Width: 7, Height: 22, RowLength: 14
2023-07-09 18:42:40,495 - root - INFO - datalength: 44, _step: 2
2023-07-09 18:42:40,495 - root - INFO - BPP: 16, Transparency: False
2023-07-09 18:42:40,495 - root - INFO - Resource 54 offset: 457984, length: 1684...
2023-07-09 18:42:40,495 - root - DEBUG - Reading resource 54...
2023-07-09 18:42:40,495 - root - INFO - The image is bme.
2023-07-09 18:42:40,495 - root - INFO - Reading image header(readHeader16E)...
2023-07-09 18:42:40,495 - root - INFO - Image header was read:
2023-07-09 18:42:40,495 - root - INFO - Width: 62, Height: 22, RowLength: 124
2023-07-09 18:42:40,495 - root - INFO - datalength: 1668, _step: 2
2023-07-09 18:42:40,495 - root - INFO - BPP: 16, Transparency: False
2023-07-09 18:42:40,502 - root - INFO - Resource 55 offset: 459668, length: 1224...
2023-07-09 18:42:40,502 - root - DEBUG - Reading resource 55...
2023-07-09 18:42:40,502 - root - INFO - The image is bme.
2023-07-09 18:42:40,502 - root - INFO - Reading image header(readHeader16E)...
2023-07-09 18:42:40,502 - root - INFO - Image header was read:
2023-07-09 18:42:40,502 - root - INFO - Width: 62, Height: 22, RowLength: 124
2023-07-09 18:42:40,502 - root - INFO - datalength: 1208, _step: 2
2023-07-09 18:42:40,502 - root - INFO - BPP: 16, Transparency: False
2023-07-09 18:42:40,502 - root - INFO - Resource 56 offset: 460892, length: 1524...
2023-07-09 18:42:40,502 - root - DEBUG - Reading resource 56...
2023-07-09 18:42:40,502 - root - INFO - The image is bme.
2023-07-09 18:42:40,502 - root - INFO - Reading image header(readHeader16E)...
2023-07-09 18:42:40,502 - root - INFO - Image header was read:
2023-07-09 18:42:40,502 - root - INFO - Width: 62, Height: 22, RowLength: 124
2023-07-09 18:42:40,502 - root - INFO - datalength: 1508, _step: 2
2023-07-09 18:42:40,502 - root - INFO - BPP: 16, Transparency: False
2023-07-09 18:42:40,502 - root - INFO - Resource 57 offset: 462416, length: 1084...
2023-07-09 18:42:40,502 - root - DEBUG - Reading resource 57...
2023-07-09 18:42:40,502 - root - INFO - The image is bme.
2023-07-09 18:42:40,511 - root - INFO - Reading image header(readHeader16E)...
2023-07-09 18:42:40,511 - root - INFO - Image header was read:
2023-07-09 18:42:40,511 - root - INFO - Width: 62, Height: 22, RowLength: 124
2023-07-09 18:42:40,511 - root - INFO - datalength: 1068, _step: 2
2023-07-09 18:42:40,511 - root - INFO - BPP: 16, Transparency: False
2023-07-09 18:42:40,512 - root - INFO - Resource 58 offset: 463500, length: 1018...
2023-07-09 18:42:40,512 - root - DEBUG - Reading resource 58...
2023-07-09 18:42:40,512 - root - INFO - The image is bme.
2023-07-09 18:42:40,512 - root - INFO - Reading image header(readHeader16E)...
2023-07-09 18:42:40,512 - root - INFO - Image header was read:
2023-07-09 18:42:40,512 - root - INFO - Width: 62, Height: 22, RowLength: 124
2023-07-09 18:42:40,512 - root - INFO - datalength: 1002, _step: 2
2023-07-09 18:42:40,512 - root - INFO - BPP: 16, Transparency: False
2023-07-09 18:42:40,512 - root - INFO - Resource 59 offset: 464518, length: 1164...
2023-07-09 18:42:40,512 - root - DEBUG - Reading resource 59...
2023-07-09 18:42:40,512 - root - INFO - The image is bme.
2023-07-09 18:42:40,512 - root - INFO - Reading image header(readHeader16E)...
2023-07-09 18:42:40,512 - root - INFO - Image header was read:
2023-07-09 18:42:40,512 - root - INFO - Width: 62, Height: 22, RowLength: 124
2023-07-09 18:42:40,512 - root - INFO - datalength: 1148, _step: 2
2023-07-09 18:42:40,512 - root - INFO - BPP: 16, Transparency: False
2023-07-09 18:42:40,512 - root - INFO - Resource 60 offset: 465682, length: 1372...
2023-07-09 18:42:40,512 - root - DEBUG - Reading resource 60...
2023-07-09 18:42:40,512 - root - INFO - The image is bme.
2023-07-09 18:42:40,512 - root - INFO - Reading image header(readHeader16E)...
2023-07-09 18:42:40,512 - root - INFO - Image header was read:
2023-07-09 18:42:40,512 - root - INFO - Width: 62, Height: 22, RowLength: 124
2023-07-09 18:42:40,522 - root - INFO - datalength: 1356, _step: 2
2023-07-09 18:42:40,522 - root - INFO - BPP: 16, Transparency: False
2023-07-09 18:42:40,522 - root - INFO - Resource 61 offset: 467054, length: 1438...
2023-07-09 18:42:40,522 - root - DEBUG - Reading resource 61...
2023-07-09 18:42:40,522 - root - INFO - The image is bme.
2023-07-09 18:42:40,522 - root - INFO - Reading image header(readHeader16E)...
2023-07-09 18:42:40,522 - root - INFO - Image header was read:
2023-07-09 18:42:40,522 - root - INFO - Width: 62, Height: 22, RowLength: 124
2023-07-09 18:42:40,522 - root - INFO - datalength: 1422, _step: 2
2023-07-09 18:42:40,522 - root - INFO - BPP: 16, Transparency: False
2023-07-09 18:42:40,527 - root - INFO - Resource 62 offset: 468492, length: 1584...
2023-07-09 18:42:40,527 - root - DEBUG - Reading resource 62...
2023-07-09 18:42:40,527 - root - INFO - The image is bme.
2023-07-09 18:42:40,527 - root - INFO - Reading image header(readHeader16E)...
2023-07-09 18:42:40,527 - root - INFO - Image header was read:
2023-07-09 18:42:40,527 - root - INFO - Width: 62, Height: 22, RowLength: 124
2023-07-09 18:42:40,527 - root - INFO - datalength: 1568, _step: 2
2023-07-09 18:42:40,527 - root - INFO - BPP: 16, Transparency: False
2023-07-09 18:42:40,532 - root - INFO - Resource 63 offset: 470076, length: 1570...
2023-07-09 18:42:40,532 - root - DEBUG - Reading resource 63...
2023-07-09 18:42:40,532 - root - INFO - The image is bme.
2023-07-09 18:42:40,532 - root - INFO - Reading image header(readHeader16E)...
2023-07-09 18:42:40,532 - root - INFO - Image header was read:
2023-07-09 18:42:40,532 - root - INFO - Width: 62, Height: 22, RowLength: 124
2023-07-09 18:42:40,532 - root - INFO - datalength: 1554, _step: 2
2023-07-09 18:42:40,532 - root - INFO - BPP: 16, Transparency: False
2023-07-09 18:42:40,537 - root - INFO - Resource 64 offset: 471646, length: 2042...
2023-07-09 18:42:40,537 - root - DEBUG - Reading resource 64...
2023-07-09 18:42:40,537 - root - INFO - The image is bme.
2023-07-09 18:42:40,537 - root - INFO - Reading image header(readHeader16E)...
2023-07-09 18:42:40,537 - root - INFO - Image header was read:
2023-07-09 18:42:40,537 - root - INFO - Width: 62, Height: 22, RowLength: 124
2023-07-09 18:42:40,537 - root - INFO - datalength: 2026, _step: 2
2023-07-09 18:42:40,537 - root - INFO - BPP: 16, Transparency: False
2023-07-09 18:42:40,543 - root - INFO - Resource 65 offset: 473688, length: 1798...
2023-07-09 18:42:40,543 - root - DEBUG - Reading resource 65...
2023-07-09 18:42:40,543 - root - INFO - The image is bme.
2023-07-09 18:42:40,543 - root - INFO - Reading image header(readHeader16E)...
2023-07-09 18:42:40,543 - root - INFO - Image header was read:
2023-07-09 18:42:40,543 - root - INFO - Width: 62, Height: 22, RowLength: 124
2023-07-09 18:42:40,543 - root - INFO - datalength: 1782, _step: 2
2023-07-09 18:42:40,543 - root - INFO - BPP: 16, Transparency: False
2023-07-09 18:42:40,543 - root - INFO - Resource 66 offset: 475486, length: 1746...
2023-07-09 18:42:40,543 - root - DEBUG - Reading resource 66...
2023-07-09 18:42:40,552 - root - INFO - The image is bme.
2023-07-09 18:42:40,552 - root - INFO - Reading image header(readHeader16E)...
2023-07-09 18:42:40,552 - root - INFO - Image header was read:
2023-07-09 18:42:40,552 - root - INFO - Width: 62, Height: 22, RowLength: 124
2023-07-09 18:42:40,552 - root - INFO - datalength: 1730, _step: 2
2023-07-09 18:42:40,552 - root - INFO - BPP: 16, Transparency: False
2023-07-09 18:42:40,552 - root - INFO - Resource 67 offset: 477232, length: 1836...
2023-07-09 18:42:40,552 - root - DEBUG - Reading resource 67...
2023-07-09 18:42:40,552 - root - INFO - The image is bme.
2023-07-09 18:42:40,552 - root - INFO - Reading image header(readHeader16E)...
2023-07-09 18:42:40,552 - root - INFO - Image header was read:
2023-07-09 18:42:40,552 - root - INFO - Width: 62, Height: 22, RowLength: 124
2023-07-09 18:42:40,552 - root - INFO - datalength: 1820, _step: 2
2023-07-09 18:42:40,552 - root - INFO - BPP: 16, Transparency: False
2023-07-09 18:42:40,562 - root - INFO - Resource 68 offset: 479068, length: 648...
2023-07-09 18:42:40,562 - root - DEBUG - Reading resource 68...
2023-07-09 18:42:40,562 - root - INFO - The image is bme.
2023-07-09 18:42:40,562 - root - INFO - Reading image header(readHeader16E)...
2023-07-09 18:42:40,562 - root - INFO - Image header was read:
2023-07-09 18:42:40,562 - root - INFO - Width: 42, Height: 19, RowLength: 84
2023-07-09 18:42:40,562 - root - INFO - datalength: 632, _step: 2
2023-07-09 18:42:40,562 - root - INFO - BPP: 16, Transparency: False
2023-07-09 18:42:40,562 - root - INFO - Resource 69 offset: 479716, length: 650...
2023-07-09 18:42:40,562 - root - DEBUG - Reading resource 69...
2023-07-09 18:42:40,562 - root - INFO - The image is bme.
2023-07-09 18:42:40,562 - root - INFO - Reading image header(readHeader16E)...
2023-07-09 18:42:40,562 - root - INFO - Image header was read:
2023-07-09 18:42:40,562 - root - INFO - Width: 42, Height: 19, RowLength: 84
2023-07-09 18:42:40,562 - root - INFO - datalength: 634, _step: 2
2023-07-09 18:42:40,562 - root - INFO - BPP: 16, Transparency: False
2023-07-09 18:42:40,562 - root - INFO - Resource 70 offset: 480366, length: 796...
2023-07-09 18:42:40,562 - root - DEBUG - Reading resource 70...
2023-07-09 18:42:40,562 - root - INFO - The image is bme.
2023-07-09 18:42:40,562 - root - INFO - Reading image header(readHeader16E)...
2023-07-09 18:42:40,562 - root - INFO - Image header was read:
2023-07-09 18:42:40,562 - root - INFO - Width: 42, Height: 19, RowLength: 84
2023-07-09 18:42:40,562 - root - INFO - datalength: 780, _step: 2
2023-07-09 18:42:40,562 - root - INFO - BPP: 16, Transparency: False
2023-07-09 18:42:40,562 - root - INFO - Resource 71 offset: 481162, length: 734...
2023-07-09 18:42:40,562 - root - DEBUG - Reading resource 71...
2023-07-09 18:42:40,562 - root - INFO - The image is bme.
2023-07-09 18:42:40,562 - root - INFO - Reading image header(readHeader16E)...
2023-07-09 18:42:40,562 - root - INFO - Image header was read:
2023-07-09 18:42:40,562 - root - INFO - Width: 42, Height: 19, RowLength: 84
2023-07-09 18:42:40,562 - root - INFO - datalength: 718, _step: 2
2023-07-09 18:42:40,562 - root - INFO - BPP: 16, Transparency: False
2023-07-09 18:42:40,572 - root - INFO - Resource 72 offset: 481896, length: 470...
2023-07-09 18:42:40,572 - root - DEBUG - Reading resource 72...
2023-07-09 18:42:40,572 - root - INFO - The image is bme.
2023-07-09 18:42:40,572 - root - INFO - Reading image header(readHeader16E)...
2023-07-09 18:42:40,572 - root - INFO - Image header was read:
2023-07-09 18:42:40,572 - root - INFO - Width: 14, Height: 21, RowLength: 28
2023-07-09 18:42:40,572 - root - INFO - datalength: 454, _step: 2
2023-07-09 18:42:40,572 - root - INFO - BPP: 16, Transparency: False
2023-07-09 18:42:40,572 - root - INFO - Resource 73 offset: 482366, length: 270...
2023-07-09 18:42:40,572 - root - DEBUG - Reading resource 73...
2023-07-09 18:42:40,572 - root - INFO - The image is bme.
2023-07-09 18:42:40,575 - root - INFO - Reading image header(readHeader16E)...
2023-07-09 18:42:40,575 - root - INFO - Image header was read:
2023-07-09 18:42:40,575 - root - INFO - Width: 14, Height: 21, RowLength: 28
2023-07-09 18:42:40,575 - root - INFO - datalength: 254, _step: 2
2023-07-09 18:42:40,575 - root - INFO - BPP: 16, Transparency: False
2023-07-09 18:42:40,575 - root - INFO - Resource 74 offset: 482636, length: 386...
2023-07-09 18:42:40,575 - root - DEBUG - Reading resource 74...
2023-07-09 18:42:40,575 - root - INFO - The image is bme.
2023-07-09 18:42:40,575 - root - INFO - Reading image header(readHeader16E)...
2023-07-09 18:42:40,575 - root - INFO - Image header was read:
2023-07-09 18:42:40,575 - root - INFO - Width: 14, Height: 21, RowLength: 28
2023-07-09 18:42:40,575 - root - INFO - datalength: 370, _step: 2
2023-07-09 18:42:40,575 - root - INFO - BPP: 16, Transparency: False
2023-07-09 18:42:40,575 - root - INFO - Resource 75 offset: 483022, length: 414...
2023-07-09 18:42:40,575 - root - DEBUG - Reading resource 75...
2023-07-09 18:42:40,575 - root - INFO - The image is bme.
2023-07-09 18:42:40,575 - root - INFO - Reading image header(readHeader16E)...
2023-07-09 18:42:40,575 - root - INFO - Image header was read:
2023-07-09 18:42:40,575 - root - INFO - Width: 14, Height: 21, RowLength: 28
2023-07-09 18:42:40,575 - root - INFO - datalength: 398, _step: 2
2023-07-09 18:42:40,575 - root - INFO - BPP: 16, Transparency: False
2023-07-09 18:42:40,575 - root - INFO - Resource 76 offset: 483436, length: 398...
2023-07-09 18:42:40,575 - root - DEBUG - Reading resource 76...
2023-07-09 18:42:40,575 - root - INFO - The image is bme.
2023-07-09 18:42:40,575 - root - INFO - Reading image header(readHeader16E)...
2023-07-09 18:42:40,575 - root - INFO - Image header was read:
2023-07-09 18:42:40,575 - root - INFO - Width: 14, Height: 21, RowLength: 28
2023-07-09 18:42:40,575 - root - INFO - datalength: 382, _step: 2
2023-07-09 18:42:40,575 - root - INFO - BPP: 16, Transparency: False
2023-07-09 18:42:40,575 - root - INFO - Resource 77 offset: 483834, length: 406...
2023-07-09 18:42:40,575 - root - DEBUG - Reading resource 77...
2023-07-09 18:42:40,575 - root - INFO - The image is bme.
2023-07-09 18:42:40,575 - root - INFO - Reading image header(readHeader16E)...
2023-07-09 18:42:40,575 - root - INFO - Image header was read:
2023-07-09 18:42:40,582 - root - INFO - Width: 14, Height: 21, RowLength: 28
2023-07-09 18:42:40,582 - root - INFO - datalength: 390, _step: 2
2023-07-09 18:42:40,582 - root - INFO - BPP: 16, Transparency: False
2023-07-09 18:42:40,582 - root - INFO - Resource 78 offset: 484240, length: 476...
2023-07-09 18:42:40,582 - root - DEBUG - Reading resource 78...
2023-07-09 18:42:40,582 - root - INFO - The image is bme.
2023-07-09 18:42:40,582 - root - INFO - Reading image header(readHeader16E)...
2023-07-09 18:42:40,582 - root - INFO - Image header was read:
2023-07-09 18:42:40,582 - root - INFO - Width: 14, Height: 21, RowLength: 28
2023-07-09 18:42:40,582 - root - INFO - datalength: 460, _step: 2
2023-07-09 18:42:40,582 - root - INFO - BPP: 16, Transparency: False
2023-07-09 18:42:40,582 - root - INFO - Resource 79 offset: 484716, length: 298...
2023-07-09 18:42:40,582 - root - DEBUG - Reading resource 79...
2023-07-09 18:42:40,582 - root - INFO - The image is bme.
2023-07-09 18:42:40,582 - root - INFO - Reading image header(readHeader16E)...
2023-07-09 18:42:40,582 - root - INFO - Image header was read:
2023-07-09 18:42:40,582 - root - INFO - Width: 14, Height: 21, RowLength: 28
2023-07-09 18:42:40,582 - root - INFO - datalength: 282, _step: 2
2023-07-09 18:42:40,582 - root - INFO - BPP: 16, Transparency: False
2023-07-09 18:42:40,587 - root - INFO - Resource 80 offset: 485014, length: 466...
2023-07-09 18:42:40,587 - root - DEBUG - Reading resource 80...
2023-07-09 18:42:40,587 - root - INFO - The image is bme.
2023-07-09 18:42:40,587 - root - INFO - Reading image header(readHeader16E)...
2023-07-09 18:42:40,587 - root - INFO - Image header was read:
2023-07-09 18:42:40,587 - root - INFO - Width: 14, Height: 21, RowLength: 28
2023-07-09 18:42:40,587 - root - INFO - datalength: 450, _step: 2
2023-07-09 18:42:40,587 - root - INFO - BPP: 16, Transparency: False
2023-07-09 18:42:40,587 - root - INFO - Resource 81 offset: 485480, length: 474...
2023-07-09 18:42:40,587 - root - DEBUG - Reading resource 81...
2023-07-09 18:42:40,587 - root - INFO - The image is bme.
2023-07-09 18:42:40,587 - root - INFO - Reading image header(readHeader16E)...
2023-07-09 18:42:40,587 - root - INFO - Image header was read:
2023-07-09 18:42:40,587 - root - INFO - Width: 14, Height: 21, RowLength: 28
2023-07-09 18:42:40,587 - root - INFO - datalength: 458, _step: 2
2023-07-09 18:42:40,587 - root - INFO - BPP: 16, Transparency: False
2023-07-09 18:42:40,590 - root - INFO - Resource 82 offset: 485954, length: 926...
2023-07-09 18:42:40,590 - root - DEBUG - Reading resource 82...
2023-07-09 18:42:40,590 - root - INFO - The image is bme.
2023-07-09 18:42:40,590 - root - INFO - Reading image header(readHeader16E)...
2023-07-09 18:42:40,590 - root - INFO - Image header was read:
2023-07-09 18:42:40,592 - root - INFO - Width: 34, Height: 25, RowLength: 68
2023-07-09 18:42:40,592 - root - INFO - datalength: 910, _step: 2
2023-07-09 18:42:40,592 - root - INFO - BPP: 16, Transparency: False
2023-07-09 18:42:40,592 - root - INFO - Resource 83 offset: 486880, length: 152...
2023-07-09 18:42:40,592 - root - DEBUG - Reading resource 83...
2023-07-09 18:42:40,592 - root - INFO - The image is bme.
2023-07-09 18:42:40,592 - root - INFO - Reading image header(readHeader16E)...
2023-07-09 18:42:40,592 - root - INFO - Image header was read:
2023-07-09 18:42:40,592 - root - INFO - Width: 22, Height: 21, RowLength: 44
2023-07-09 18:42:40,592 - root - INFO - datalength: 136, _step: 2
2023-07-09 18:42:40,592 - root - INFO - BPP: 16, Transparency: False
2023-07-09 18:42:40,592 - root - DEBUG - Parsing parameters...
2023-07-09 18:42:40,708 - root - DEBUG - 0 Value: None
2023-07-09 18:42:40,708 - root - DEBUG - 0.1 Value: 71
2023-07-09 18:42:40,708 - root - DEBUG - 2 Value: None
2023-07-09 18:42:40,708 - root - DEBUG - 2.1 Value: None
2023-07-09 18:42:40,708 - root - DEBUG - 2.1.1 Value: 0
2023-07-09 18:42:40,708 - root - DEBUG - 2.1.2 Value: 0
2023-07-09 18:42:40,708 - root - DEBUG - 2.1.3 Value: 2
2023-07-09 18:42:40,709 - root - DEBUG - 2.3 Value: None
2023-07-09 18:42:40,709 - root - DEBUG - 2.3.1 Value: 0
2023-07-09 18:42:40,709 - root - DEBUG - 2.3.2 Value: 0
2023-07-09 18:42:40,709 - root - DEBUG - 2.3.3 Value: 1
2023-07-09 18:42:40,709 - root - DEBUG - 2.4 Value: None
2023-07-09 18:42:40,709 - root - DEBUG - 2.4.1 Value: 0
2023-07-09 18:42:40,709 - root - DEBUG - 2.4.2 Value: 0
2023-07-09 18:42:40,709 - root - DEBUG - 2.4.3 Value: 0
2023-07-09 18:42:40,710 - root - DEBUG - 2.5 Value: None
2023-07-09 18:42:40,710 - root - DEBUG - 2.5.1 Value: 0
2023-07-09 18:42:40,710 - root - DEBUG - 2.5.2 Value: 0
2023-07-09 18:42:40,710 - root - DEBUG - 2.5.3 Value: 0
2023-07-09 18:42:40,710 - root - DEBUG - 3 Value: None
2023-07-09 18:42:40,710 - root - DEBUG - 3.1 Value: None
2023-07-09 18:42:40,710 - root - DEBUG - 3.1.1 Value: None
2023-07-09 18:42:40,710 - root - DEBUG - 3.1.1.1 Value: None
2023-07-09 18:42:40,711 - root - DEBUG - 3.1.1.1.1 Value: 202
2023-07-09 18:42:40,711 - root - DEBUG - 3.1.1.1.2 Value: 35
2023-07-09 18:42:40,711 - root - DEBUG - 3.1.1.1.3 Value: 3
2023-07-09 18:42:40,711 - root - DEBUG - 3.1.1.1.4 Value: 10
2023-07-09 18:42:40,711 - root - DEBUG - 3.1.1.2 Value: None
2023-07-09 18:42:40,711 - root - DEBUG - 3.1.1.2.1 Value: 246
2023-07-09 18:42:40,711 - root - DEBUG - 3.1.1.2.2 Value: 35
2023-07-09 18:42:40,711 - root - DEBUG - 3.1.1.2.3 Value: 13
2023-07-09 18:42:40,712 - root - DEBUG - 3.1.1.2.4 Value: 10
2023-07-09 18:42:40,712 - root - DEBUG - 3.1.2 Value: None
2023-07-09 18:42:40,712 - root - DEBUG - 3.1.2.1 Value: None
2023-07-09 18:42:40,713 - root - DEBUG - 3.1.2.1.1 Value: 202
2023-07-09 18:42:40,713 - root - DEBUG - 3.1.2.1.2 Value: 108
2023-07-09 18:42:40,713 - root - DEBUG - 3.1.2.1.3 Value: 23
2023-07-09 18:42:40,713 - root - DEBUG - 3.1.2.1.4 Value: 10
2023-07-09 18:42:40,713 - root - DEBUG - 3.1.2.2 Value: None
2023-07-09 18:42:40,713 - root - DEBUG - 3.1.2.2.1 Value: 246
2023-07-09 18:42:40,713 - root - DEBUG - 3.1.2.2.2 Value: 108
2023-07-09 18:42:40,713 - root - DEBUG - 3.1.2.2.3 Value: 33
2023-07-09 18:42:40,714 - root - DEBUG - 3.1.2.2.4 Value: 10
2023-07-09 18:42:40,714 - root - DEBUG - 3.1.7 Value: 0
2023-07-09 18:42:40,714 - root - DEBUG - 3.1.8 Value: 1
2023-07-09 18:42:40,714 - root - DEBUG - 4 Value: None
2023-07-09 18:42:40,714 - root - DEBUG - 4.4 Value: None
2023-07-09 18:42:40,714 - root - DEBUG - 4.4.1 Value: None
2023-07-09 18:42:40,714 - root - DEBUG - 4.4.1.1 Value: 205
2023-07-09 18:42:40,714 - root - DEBUG - 4.4.1.2 Value: 257
2023-07-09 18:42:40,715 - root - DEBUG - 4.4.1.3 Value: 280
2023-07-09 18:42:40,715 - root - DEBUG - 4.4.1.4 Value: 282
2023-07-09 18:42:40,715 - root - DEBUG - 4.4.1.5 Value: 34
2023-07-09 18:42:40,715 - root - DEBUG - 4.4.1.6 Value: 1
2023-07-09 18:42:40,715 - root - DEBUG - 4.4.1.7 Value: 0
2023-07-09 18:42:40,715 - root - DEBUG - 4.4.1.8 Value: 72
2023-07-09 18:42:40,716 - root - DEBUG - 4.4.1.9 Value: 10
2023-07-09 18:42:40,716 - root - DEBUG - 4.4.2 Value: 82
2023-07-09 18:42:40,716 - root - DEBUG - 4.4.3 Value: 83
2023-07-09 18:42:40,716 - root - DEBUG - 4.7 Value: 0
2023-07-09 18:42:40,716 - root - DEBUG - 5 Value: None
2023-07-09 18:42:40,716 - root - DEBUG - 5.1 Value: None
2023-07-09 18:42:40,716 - root - DEBUG - 5.1.2 Value: None
2023-07-09 18:42:40,716 - root - DEBUG - 5.1.2.1 Value: None
2023-07-09 18:42:40,717 - root - DEBUG - 5.1.2.1.1 Value: 217
2023-07-09 18:42:40,717 - root - DEBUG - 5.1.2.1.2 Value: 184
2023-07-09 18:42:40,717 - root - DEBUG - 5.1.2.1.3 Value: 280
2023-07-09 18:42:40,717 - root - DEBUG - 5.1.2.1.4 Value: 206
2023-07-09 18:42:40,717 - root - DEBUG - 5.1.2.1.5 Value: 18
2023-07-09 18:42:40,717 - root - DEBUG - 5.1.2.1.6 Value: 1
2023-07-09 18:42:40,717 - root - DEBUG - 5.1.2.1.7 Value: 0
2023-07-09 18:42:40,717 - root - DEBUG - 5.1.2.1.8 Value: 43
2023-07-09 18:42:40,718 - root - DEBUG - 5.1.2.1.9 Value: 10
2023-07-09 18:42:40,718 - root - DEBUG - 5.1.2.2 Value: 53
2023-07-09 18:42:40,718 - root - DEBUG - 5.1.4 Value: 1
2023-07-09 18:42:40,718 - root - DEBUG - 5.1.5 Value: 1
2023-07-09 18:42:40,718 - root - DEBUG - 5.1.6 Value: 0
2023-07-09 18:42:40,718 - root - DEBUG - 5.2 Value: None
2023-07-09 18:42:40,719 - root - DEBUG - 5.2.1 Value: 156
2023-07-09 18:42:40,719 - root - DEBUG - 5.2.2 Value: 35
2023-07-09 18:42:40,719 - root - DEBUG - 5.2.3 Value: 68
2023-07-09 18:42:40,719 - root - DEBUG - 5.2.4 Value: 69
2023-07-09 18:42:40,719 - root - DEBUG - 5.2.5 Value: 70
2023-07-09 18:42:40,719 - root - DEBUG - 5.2.6 Value: 71
2023-07-09 18:42:40,719 - root - DEBUG - 5.4 Value: None
2023-07-09 18:42:40,719 - root - DEBUG - 5.4.1 Value: 218
2023-07-09 18:42:40,720 - root - DEBUG - 5.4.2 Value: 215
2023-07-09 18:42:40,720 - root - DEBUG - 5.4.3 Value: 54
2023-07-09 18:42:40,720 - root - DEBUG - 5.4.4 Value: 7
2023-07-09 18:42:40,720 - root - DEBUG - 5.5 Value: None
2023-07-09 18:42:40,720 - root - DEBUG - 5.5.1 Value: 218
2023-07-09 18:42:40,720 - root - DEBUG - 5.5.2 Value: 215
2023-07-09 18:42:40,720 - root - DEBUG - 5.5.3 Value: 61
2023-07-09 18:42:40,720 - root - DEBUG - 5.5.4 Value: 7
2023-07-09 18:42:40,721 - root - DEBUG - 5.6 Value: None
2023-07-09 18:42:40,721 - root - DEBUG - 5.6.1 Value: 218
2023-07-09 18:42:40,721 - root - DEBUG - 5.6.2 Value: 215
2023-07-09 18:42:40,721 - root - DEBUG - 5.6.3 Value: 61
2023-07-09 18:42:40,721 - root - DEBUG - 5.6.4 Value: 7
2023-07-09 18:42:40,721 - root - DEBUG - 0-Info
2023-07-09 18:42:40,721 - root - DEBUG - 0.1-DeviceId
2023-07-09 18:42:40,721 - root - DEBUG - 2-Background
2023-07-09 18:42:40,721 - root - DEBUG - 2.1-Image
2023-07-09 18:42:40,721 - root - DEBUG - 2.1.1-X
2023-07-09 18:42:40,722 - root - DEBUG - 2.1.2-Y
2023-07-09 18:42:40,722 - root - DEBUG - 2.1.3-ImageIndex
2023-07-09 18:42:40,722 - root - DEBUG - 2.3-Preview
2023-07-09 18:42:40,722 - root - DEBUG - 2.3.1-X
2023-07-09 18:42:40,722 - root - DEBUG - 2.3.2-Y
2023-07-09 18:42:40,722 - root - DEBUG - 2.3.3-ImageIndex
2023-07-09 18:42:40,723 - root - DEBUG - 2.4-PreviewTradChinese
2023-07-09 18:42:40,723 - root - DEBUG - 2.4.1-X
2023-07-09 18:42:40,723 - root - DEBUG - 2.4.2-Y
2023-07-09 18:42:40,723 - root - DEBUG - 2.4.3-ImageIndex
2023-07-09 18:42:40,723 - root - DEBUG - 2.5-PreviewChinese
2023-07-09 18:42:40,723 - root - DEBUG - 2.5.1-X
2023-07-09 18:42:40,724 - root - DEBUG - 2.5.2-Y
2023-07-09 18:42:40,724 - root - DEBUG - 2.5.3-ImageIndex
2023-07-09 18:42:40,724 - root - DEBUG - 3-TimeExtended
2023-07-09 18:42:40,724 - root - DEBUG - 3.1-TimeSeparateDigits
2023-07-09 18:42:40,724 - root - DEBUG - 3.1.1-Hours
2023-07-09 18:42:40,724 - root - DEBUG - 3.1.1.1-Tens
2023-07-09 18:42:40,725 - root - DEBUG - 3.1.1.1.1-X
2023-07-09 18:42:40,725 - root - DEBUG - 3.1.1.1.2-Y
2023-07-09 18:42:40,725 - root - DEBUG - 3.1.1.1.3-ImageIndex
2023-07-09 18:42:40,725 - root - DEBUG - 3.1.1.1.4-ImagesCount
2023-07-09 18:42:40,725 - root - DEBUG - 3.1.1.2-Ones
2023-07-09 18:42:40,725 - root - DEBUG - 3.1.1.2.1-X
2023-07-09 18:42:40,726 - root - DEBUG - 3.1.1.2.2-Y
2023-07-09 18:42:40,726 - root - DEBUG - 3.1.1.2.3-ImageIndex
2023-07-09 18:42:40,726 - root - DEBUG - 3.1.1.2.4-ImagesCount
2023-07-09 18:42:40,726 - root - DEBUG - 3.1.2-Minutes
2023-07-09 18:42:40,726 - root - DEBUG - 3.1.2.1-Tens
2023-07-09 18:42:40,726 - root - DEBUG - 3.1.2.1.1-X
2023-07-09 18:42:40,727 - root - DEBUG - 3.1.2.1.2-Y
2023-07-09 18:42:40,727 - root - DEBUG - 3.1.2.1.3-ImageIndex
2023-07-09 18:42:40,727 - root - DEBUG - 3.1.2.1.4-ImagesCount
2023-07-09 18:42:40,727 - root - DEBUG - 3.1.2.2-Ones
2023-07-09 18:42:40,727 - root - DEBUG - 3.1.2.2.1-X
2023-07-09 18:42:40,727 - root - DEBUG - 3.1.2.2.2-Y
2023-07-09 18:42:40,728 - root - DEBUG - 3.1.2.2.3-ImageIndex
2023-07-09 18:42:40,728 - root - DEBUG - 3.1.2.2.4-ImagesCount
2023-07-09 18:42:40,728 - root - DEBUG - 3.1.7-UnknowBoolean7
2023-07-09 18:42:40,728 - root - DEBUG - 3.1.8-PaddingZeroMinutes
2023-07-09 18:42:40,728 - root - DEBUG - 4-Activity
2023-07-09 18:42:40,729 - root - DEBUG - 4.4-HeartRate
2023-07-09 18:42:40,729 - root - DEBUG - 4.4.1-ImageNumber
2023-07-09 18:42:40,729 - root - DEBUG - 4.4.1.1-TopLeftX
2023-07-09 18:42:40,729 - root - DEBUG - 4.4.1.2-TopLeftY
2023-07-09 18:42:40,729 - root - DEBUG - 4.4.1.3-BottomRightX
2023-07-09 18:42:40,729 - root - DEBUG - 4.4.1.4-BottomRightY
2023-07-09 18:42:40,730 - root - DEBUG - 4.4.1.5-Alignment
2023-07-09 18:42:40,730 - root - DEBUG - 4.4.1.6-Spacing
2023-07-09 18:42:40,730 - root - DEBUG - 4.4.1.7-VerticalOffset
2023-07-09 18:42:40,730 - root - DEBUG - 4.4.1.8-ImageIndex
2023-07-09 18:42:40,730 - root - DEBUG - 4.4.1.9-ImagesCount
2023-07-09 18:42:40,731 - root - DEBUG - 4.4.2-PrefixImageIndex
2023-07-09 18:42:40,731 - root - DEBUG - 4.4.3-NoDataImageIndex
2023-07-09 18:42:40,731 - root - DEBUG - 4.7-UnknownLongValue7
2023-07-09 18:42:40,732 - root - DEBUG - 5-DateBlock
2023-07-09 18:42:40,732 - root - DEBUG - 5.1-Date
2023-07-09 18:42:40,732 - root - DEBUG - 5.1.2-OneLineMonthAndDay
2023-07-09 18:42:40,732 - root - DEBUG - 5.1.2.1-Number
2023-07-09 18:42:40,732 - root - DEBUG - 5.1.2.1.1-TopLeftX
2023-07-09 18:42:40,733 - root - DEBUG - 5.1.2.1.2-TopLeftY
2023-07-09 18:42:40,733 - root - DEBUG - 5.1.2.1.3-BottomRightX
2023-07-09 18:42:40,733 - root - DEBUG - 5.1.2.1.4-BottomRightY
2023-07-09 18:42:40,734 - root - DEBUG - 5.1.2.1.5-Alignment
2023-07-09 18:42:40,734 - root - DEBUG - 5.1.2.1.6-Spacing
2023-07-09 18:42:40,734 - root - DEBUG - 5.1.2.1.7-VerticalOffset
2023-07-09 18:42:40,734 - root - DEBUG - 5.1.2.1.8-ImageIndex
2023-07-09 18:42:40,734 - root - DEBUG - 5.1.2.1.9-ImagesCount
2023-07-09 18:42:40,734 - root - DEBUG - 5.1.2.2-DelimiterImageIndex
2023-07-09 18:42:40,735 - root - DEBUG - 5.1.4-PaddingZeroMonth
2023-07-09 18:42:40,735 - root - DEBUG - 5.1.5-PaddingZeroDay
2023-07-09 18:42:40,735 - root - DEBUG - 5.1.6-UnknownBoolean6
2023-07-09 18:42:40,735 - root - DEBUG - 5.2-AmPm
2023-07-09 18:42:40,735 - root - DEBUG - 5.2.1-CommonX
2023-07-09 18:42:40,736 - root - DEBUG - 5.2.2-CommonY
2023-07-09 18:42:40,736 - root - DEBUG - 5.2.3-ImageIndexAMCN
2023-07-09 18:42:40,736 - root - DEBUG - 5.2.4-ImageIndexPMCN
2023-07-09 18:42:40,736 - root - DEBUG - 5.2.5-AmImageIndexEN
2023-07-09 18:42:40,736 - root - DEBUG - 5.2.6-PmImageIndexEN
2023-07-09 18:42:40,736 - root - DEBUG - 5.4-Weekday
2023-07-09 18:42:40,737 - root - DEBUG - 5.4.1-X
2023-07-09 18:42:40,737 - root - DEBUG - 5.4.2-Y
2023-07-09 18:42:40,737 - root - DEBUG - 5.4.3-ImageIndex
2023-07-09 18:42:40,737 - root - DEBUG - 5.4.4-ImagesCount
2023-07-09 18:42:40,737 - root - DEBUG - 5.5-WeekdayChinese
2023-07-09 18:42:40,737 - root - DEBUG - 5.5.1-X
2023-07-09 18:42:40,738 - root - DEBUG - 5.5.2-Y
2023-07-09 18:42:40,738 - root - DEBUG - 5.5.3-ImageIndex
2023-07-09 18:42:40,738 - root - DEBUG - 5.5.4-ImagesCount
2023-07-09 18:42:40,738 - root - DEBUG - 5.6-WeekdayTradChinese
2023-07-09 18:42:40,738 - root - DEBUG - 5.6.1-X
2023-07-09 18:42:40,739 - root - DEBUG - 5.6.2-Y
2023-07-09 18:42:40,739 - root - DEBUG - 5.6.3-ImageIndex
2023-07-09 18:42:40,739 - root - DEBUG - 5.6.4-ImagesCount
2023-07-09 18:42:40,739 - root - DEBUG - generatePreviews
2023-07-09 18:42:40,739 - root - DEBUG - Generating previews...
2023-07-09 18:42:40,742 - root - DEBUG - Generating states done...
2023-07-09 18:42:40,752 - root - DEBUG - >>>>>>>>>>>> 0 <watchFaceParser.models.parameter.Parameter object at 0x0000019D6E8BCF10>
2023-07-09 18:42:40,752 - root - DEBUG - >>>>>>>>>>>> 2 <watchFaceParser.models.parameter.Parameter object at 0x0000019D6E8B19A0>
2023-07-09 18:42:40,762 - root - DEBUG - >>>>>>>>>>>> 3 <watchFaceParser.models.parameter.Parameter object at 0x0000019D6E8B9340>
2023-07-09 18:42:40,762 - root - DEBUG - >>>>>>>>>>>> 4 <watchFaceParser.models.parameter.Parameter object at 0x0000019D6E8BB610>
2023-07-09 18:42:40,782 - root - DEBUG - >>>>>>>>>>>> 5 <watchFaceParser.models.parameter.Parameter object at 0x0000019D6E8BBD90>
2023-07-09 18:42:40,792 - root - DEBUG - Generating static preview gen done...
2023-07-09 18:42:40,892 - root - DEBUG - Generating static preview save done...
2023-07-09 18:42:40,892 - root - DEBUG - Generating anim preview gen done...
2023-07-09 18:42:40,892 - root - DEBUG - >>>>>>>>>>>> 0 <watchFaceParser.models.parameter.Parameter object at 0x0000019D6E8BCF10>
2023-07-09 18:42:40,892 - root - DEBUG - >>>>>>>>>>>> 2 <watchFaceParser.models.parameter.Parameter object at 0x0000019D6E8B19A0>
2023-07-09 18:42:40,892 - root - DEBUG - >>>>>>>>>>>> 3 <watchFaceParser.models.parameter.Parameter object at 0x0000019D6E8B9340>
2023-07-09 18:42:40,892 - root - DEBUG - >>>>>>>>>>>> 4 <watchFaceParser.models.parameter.Parameter object at 0x0000019D6E8BB610>
2023-07-09 18:42:40,892 - root - DEBUG - >>>>>>>>>>>> 5 <watchFaceParser.models.parameter.Parameter object at 0x0000019D6E8BBD90>
2023-07-09 18:42:41,037 - root - DEBUG - generatePreviews done
2023-07-09 18:42:41,037 - root - DEBUG - Exporting resources to 'E:\Codez\zepp-bipupro-wf\cc1627f758a232829152a4e718082ff1'
2023-07-09 18:42:41,042 - root - DEBUG - extracting E:\Codez\zepp-bipupro-wf\cc1627f758a232829152a4e718082ff1\0000.png...
2023-07-09 18:42:41,058 - root - DEBUG - extracting E:\Codez\zepp-bipupro-wf\cc1627f758a232829152a4e718082ff1\0001.png...
2023-07-09 18:42:41,074 - root - DEBUG - extracting E:\Codez\zepp-bipupro-wf\cc1627f758a232829152a4e718082ff1\0002.png...
2023-07-09 18:42:41,102 - root - DEBUG - extracting E:\Codez\zepp-bipupro-wf\cc1627f758a232829152a4e718082ff1\0003.png...
2023-07-09 18:42:41,102 - root - DEBUG - extracting E:\Codez\zepp-bipupro-wf\cc1627f758a232829152a4e718082ff1\0004.png...
2023-07-09 18:42:41,106 - root - DEBUG - extracting E:\Codez\zepp-bipupro-wf\cc1627f758a232829152a4e718082ff1\0005.png...
2023-07-09 18:42:41,106 - root - DEBUG - extracting E:\Codez\zepp-bipupro-wf\cc1627f758a232829152a4e718082ff1\0006.png...
2023-07-09 18:42:41,106 - root - DEBUG - extracting E:\Codez\zepp-bipupro-wf\cc1627f758a232829152a4e718082ff1\0007.png...
2023-07-09 18:42:41,106 - root - DEBUG - extracting E:\Codez\zepp-bipupro-wf\cc1627f758a232829152a4e718082ff1\0008.png...
2023-07-09 18:42:41,112 - root - DEBUG - extracting E:\Codez\zepp-bipupro-wf\cc1627f758a232829152a4e718082ff1\0009.png...
2023-07-09 18:42:41,112 - root - DEBUG - extracting E:\Codez\zepp-bipupro-wf\cc1627f758a232829152a4e718082ff1\0010.png...
2023-07-09 18:42:41,112 - root - DEBUG - extracting E:\Codez\zepp-bipupro-wf\cc1627f758a232829152a4e718082ff1\0011.png...
2023-07-09 18:42:41,112 - root - DEBUG - extracting E:\Codez\zepp-bipupro-wf\cc1627f758a232829152a4e718082ff1\0012.png...
2023-07-09 18:42:41,112 - root - DEBUG - extracting E:\Codez\zepp-bipupro-wf\cc1627f758a232829152a4e718082ff1\0013.png...
2023-07-09 18:42:41,112 - root - DEBUG - extracting E:\Codez\zepp-bipupro-wf\cc1627f758a232829152a4e718082ff1\0014.png...
2023-07-09 18:42:41,122 - root - DEBUG - extracting E:\Codez\zepp-bipupro-wf\cc1627f758a232829152a4e718082ff1\0015.png...
2023-07-09 18:42:41,122 - root - DEBUG - extracting E:\Codez\zepp-bipupro-wf\cc1627f758a232829152a4e718082ff1\0016.png...
2023-07-09 18:42:41,122 - root - DEBUG - extracting E:\Codez\zepp-bipupro-wf\cc1627f758a232829152a4e718082ff1\0017.png...
2023-07-09 18:42:41,127 - root - DEBUG - extracting E:\Codez\zepp-bipupro-wf\cc1627f758a232829152a4e718082ff1\0018.png...
2023-07-09 18:42:41,127 - root - DEBUG - extracting E:\Codez\zepp-bipupro-wf\cc1627f758a232829152a4e718082ff1\0019.png...
2023-07-09 18:42:41,127 - root - DEBUG - extracting E:\Codez\zepp-bipupro-wf\cc1627f758a232829152a4e718082ff1\0020.png...
2023-07-09 18:42:41,132 - root - DEBUG - extracting E:\Codez\zepp-bipupro-wf\cc1627f758a232829152a4e718082ff1\0021.png...
2023-07-09 18:42:41,132 - root - DEBUG - extracting E:\Codez\zepp-bipupro-wf\cc1627f758a232829152a4e718082ff1\0022.png...
2023-07-09 18:42:41,132 - root - DEBUG - extracting E:\Codez\zepp-bipupro-wf\cc1627f758a232829152a4e718082ff1\0023.png...
2023-07-09 18:42:41,132 - root - DEBUG - extracting E:\Codez\zepp-bipupro-wf\cc1627f758a232829152a4e718082ff1\0024.png...
2023-07-09 18:42:41,137 - root - DEBUG - extracting E:\Codez\zepp-bipupro-wf\cc1627f758a232829152a4e718082ff1\0025.png...
2023-07-09 18:42:41,137 - root - DEBUG - extracting E:\Codez\zepp-bipupro-wf\cc1627f758a232829152a4e718082ff1\0026.png...
2023-07-09 18:42:41,142 - root - DEBUG - extracting E:\Codez\zepp-bipupro-wf\cc1627f758a232829152a4e718082ff1\0027.png...
2023-07-09 18:42:41,142 - root - DEBUG - extracting E:\Codez\zepp-bipupro-wf\cc1627f758a232829152a4e718082ff1\0028.png...
2023-07-09 18:42:41,142 - root - DEBUG - extracting E:\Codez\zepp-bipupro-wf\cc1627f758a232829152a4e718082ff1\0029.png...
2023-07-09 18:42:41,142 - root - DEBUG - extracting E:\Codez\zepp-bipupro-wf\cc1627f758a232829152a4e718082ff1\0030.png...
2023-07-09 18:42:41,142 - root - DEBUG - extracting E:\Codez\zepp-bipupro-wf\cc1627f758a232829152a4e718082ff1\0031.png...
2023-07-09 18:42:41,142 - root - DEBUG - extracting E:\Codez\zepp-bipupro-wf\cc1627f758a232829152a4e718082ff1\0032.png...
2023-07-09 18:42:41,142 - root - DEBUG - extracting E:\Codez\zepp-bipupro-wf\cc1627f758a232829152a4e718082ff1\0033.png...
2023-07-09 18:42:41,152 - root - DEBUG - extracting E:\Codez\zepp-bipupro-wf\cc1627f758a232829152a4e718082ff1\0034.png...
2023-07-09 18:42:41,153 - root - DEBUG - extracting E:\Codez\zepp-bipupro-wf\cc1627f758a232829152a4e718082ff1\0035.png...
2023-07-09 18:42:41,153 - root - DEBUG - extracting E:\Codez\zepp-bipupro-wf\cc1627f758a232829152a4e718082ff1\0036.png...
2023-07-09 18:42:41,153 - root - DEBUG - extracting E:\Codez\zepp-bipupro-wf\cc1627f758a232829152a4e718082ff1\0037.png...
2023-07-09 18:42:41,153 - root - DEBUG - extracting E:\Codez\zepp-bipupro-wf\cc1627f758a232829152a4e718082ff1\0038.png...
2023-07-09 18:42:41,153 - root - DEBUG - extracting E:\Codez\zepp-bipupro-wf\cc1627f758a232829152a4e718082ff1\0039.png...
2023-07-09 18:42:41,162 - root - DEBUG - extracting E:\Codez\zepp-bipupro-wf\cc1627f758a232829152a4e718082ff1\0040.png...
2023-07-09 18:42:41,162 - root - DEBUG - extracting E:\Codez\zepp-bipupro-wf\cc1627f758a232829152a4e718082ff1\0041.png...
2023-07-09 18:42:41,162 - root - DEBUG - extracting E:\Codez\zepp-bipupro-wf\cc1627f758a232829152a4e718082ff1\0042.png...
2023-07-09 18:42:41,162 - root - DEBUG - extracting E:\Codez\zepp-bipupro-wf\cc1627f758a232829152a4e718082ff1\0043.png...
2023-07-09 18:42:41,162 - root - DEBUG - extracting E:\Codez\zepp-bipupro-wf\cc1627f758a232829152a4e718082ff1\0044.png...
2023-07-09 18:42:41,162 - root - DEBUG - extracting E:\Codez\zepp-bipupro-wf\cc1627f758a232829152a4e718082ff1\0045.png...
2023-07-09 18:42:41,169 - root - DEBUG - extracting E:\Codez\zepp-bipupro-wf\cc1627f758a232829152a4e718082ff1\0046.png...
2023-07-09 18:42:41,169 - root - DEBUG - extracting E:\Codez\zepp-bipupro-wf\cc1627f758a232829152a4e718082ff1\0047.png...
2023-07-09 18:42:41,172 - root - DEBUG - extracting E:\Codez\zepp-bipupro-wf\cc1627f758a232829152a4e718082ff1\0048.png...
2023-07-09 18:42:41,172 - root - DEBUG - extracting E:\Codez\zepp-bipupro-wf\cc1627f758a232829152a4e718082ff1\0049.png...
2023-07-09 18:42:41,172 - root - DEBUG - extracting E:\Codez\zepp-bipupro-wf\cc1627f758a232829152a4e718082ff1\0050.png...
2023-07-09 18:42:41,172 - root - DEBUG - extracting E:\Codez\zepp-bipupro-wf\cc1627f758a232829152a4e718082ff1\0051.png...
2023-07-09 18:42:41,172 - root - DEBUG - extracting E:\Codez\zepp-bipupro-wf\cc1627f758a232829152a4e718082ff1\0052.png...
2023-07-09 18:42:41,172 - root - DEBUG - extracting E:\Codez\zepp-bipupro-wf\cc1627f758a232829152a4e718082ff1\0053.png...
2023-07-09 18:42:41,172 - root - DEBUG - extracting E:\Codez\zepp-bipupro-wf\cc1627f758a232829152a4e718082ff1\0054.png...
2023-07-09 18:42:41,172 - root - DEBUG - extracting E:\Codez\zepp-bipupro-wf\cc1627f758a232829152a4e718082ff1\0055.png...
2023-07-09 18:42:41,172 - root - DEBUG - extracting E:\Codez\zepp-bipupro-wf\cc1627f758a232829152a4e718082ff1\0056.png...
2023-07-09 18:42:41,182 - root - DEBUG - extracting E:\Codez\zepp-bipupro-wf\cc1627f758a232829152a4e718082ff1\0057.png...
2023-07-09 18:42:41,182 - root - DEBUG - extracting E:\Codez\zepp-bipupro-wf\cc1627f758a232829152a4e718082ff1\0058.png...
2023-07-09 18:42:41,182 - root - DEBUG - extracting E:\Codez\zepp-bipupro-wf\cc1627f758a232829152a4e718082ff1\0059.png...
2023-07-09 18:42:41,185 - root - DEBUG - extracting E:\Codez\zepp-bipupro-wf\cc1627f758a232829152a4e718082ff1\0060.png...
2023-07-09 18:42:41,185 - root - DEBUG - extracting E:\Codez\zepp-bipupro-wf\cc1627f758a232829152a4e718082ff1\0061.png...
2023-07-09 18:42:41,185 - root - DEBUG - extracting E:\Codez\zepp-bipupro-wf\cc1627f758a232829152a4e718082ff1\0062.png...
2023-07-09 18:42:41,185 - root - DEBUG - extracting E:\Codez\zepp-bipupro-wf\cc1627f758a232829152a4e718082ff1\0063.png...
2023-07-09 18:42:41,192 - root - DEBUG - extracting E:\Codez\zepp-bipupro-wf\cc1627f758a232829152a4e718082ff1\0064.png...
2023-07-09 18:42:41,192 - root - DEBUG - extracting E:\Codez\zepp-bipupro-wf\cc1627f758a232829152a4e718082ff1\0065.png...
2023-07-09 18:42:41,192 - root - DEBUG - extracting E:\Codez\zepp-bipupro-wf\cc1627f758a232829152a4e718082ff1\0066.png...
2023-07-09 18:42:41,192 - root - DEBUG - extracting E:\Codez\zepp-bipupro-wf\cc1627f758a232829152a4e718082ff1\0067.png...
2023-07-09 18:42:41,192 - root - DEBUG - extracting E:\Codez\zepp-bipupro-wf\cc1627f758a232829152a4e718082ff1\0068.png...
2023-07-09 18:42:41,192 - root - DEBUG - extracting E:\Codez\zepp-bipupro-wf\cc1627f758a232829152a4e718082ff1\0069.png...
2023-07-09 18:42:41,192 - root - DEBUG - extracting E:\Codez\zepp-bipupro-wf\cc1627f758a232829152a4e718082ff1\0070.png...
2023-07-09 18:42:41,192 - root - DEBUG - extracting E:\Codez\zepp-bipupro-wf\cc1627f758a232829152a4e718082ff1\0071.png...
2023-07-09 18:42:41,202 - root - DEBUG - extracting E:\Codez\zepp-bipupro-wf\cc1627f758a232829152a4e718082ff1\0072.png...
2023-07-09 18:42:41,202 - root - DEBUG - extracting E:\Codez\zepp-bipupro-wf\cc1627f758a232829152a4e718082ff1\0073.png...
2023-07-09 18:42:41,202 - root - DEBUG - extracting E:\Codez\zepp-bipupro-wf\cc1627f758a232829152a4e718082ff1\0074.png...
2023-07-09 18:42:41,202 - root - DEBUG - extracting E:\Codez\zepp-bipupro-wf\cc1627f758a232829152a4e718082ff1\0075.png...
2023-07-09 18:42:41,202 - root - DEBUG - extracting E:\Codez\zepp-bipupro-wf\cc1627f758a232829152a4e718082ff1\0076.png...
2023-07-09 18:42:41,202 - root - DEBUG - extracting E:\Codez\zepp-bipupro-wf\cc1627f758a232829152a4e718082ff1\0077.png...
2023-07-09 18:42:41,202 - root - DEBUG - extracting E:\Codez\zepp-bipupro-wf\cc1627f758a232829152a4e718082ff1\0078.png...
2023-07-09 18:42:41,202 - root - DEBUG - extracting E:\Codez\zepp-bipupro-wf\cc1627f758a232829152a4e718082ff1\0079.png...
2023-07-09 18:42:41,202 - root - DEBUG - extracting E:\Codez\zepp-bipupro-wf\cc1627f758a232829152a4e718082ff1\0080.png...
2023-07-09 18:42:41,212 - root - DEBUG - extracting E:\Codez\zepp-bipupro-wf\cc1627f758a232829152a4e718082ff1\0081.png...
2023-07-09 18:42:41,212 - root - DEBUG - extracting E:\Codez\zepp-bipupro-wf\cc1627f758a232829152a4e718082ff1\0082.png...
2023-07-09 18:42:41,212 - root - DEBUG - extracting E:\Codez\zepp-bipupro-wf\cc1627f758a232829152a4e718082ff1\0083.png...
2023-07-09 18:42:41,212 - root - DEBUG - Exporting config...
