2023-07-09 18:41:20,460 - root - DEBUG - Opening watch face 'E:\Codez\zepp-bipupro-wf\5854e8b801a14254cc18d553ea580188.bin'
2023-07-09 18:41:20,479 - root - DEBUG - Reading parameters...
2023-07-09 18:41:20,479 - root - INFO - Reading header...
2023-07-09 18:41:20,479 - root - INFO - Header was read:
2023-07-09 18:41:20,479 - root - INFO - Signature: b'UIHH\x01\x00\xff', Unknown: 75, ParametersSize: 53, isValid: True, deviceId: 71
2023-07-09 18:41:20,479 - root - INFO - Reading parameter offsets...
2023-07-09 18:41:20,479 - root - INFO - Parameter offsets were read from file
2023-07-09 18:41:20,479 - root - INFO - Reading parameters descriptor...
2023-07-09 18:41:20,479 - root - INFO - 1 ( A): 5 bytes
2023-07-09 18:41:20,479 - root - INFO -     1 ( 8): 270 10E
2023-07-09 18:41:20,479 - root - INFO -     2 (10): 99 63
2023-07-09 18:41:20,479 - root - INFO - getParameters descriptor was read:
2023-07-09 18:41:20,479 - root - INFO - ParametersTableLength: 270, ImagesCount: 99
2023-07-09 18:41:20,479 - root - INFO - Reading parameters locations...
2023-07-09 18:41:20,479 - root - INFO - 2 (12): 4 bytes
2023-07-09 18:41:20,479 - root - INFO -     1 ( 8): 0  0
2023-07-09 18:41:20,479 - root - INFO -     2 (10): 32 20
2023-07-09 18:41:20,479 - root - INFO - 3 (1A): 4 bytes
2023-07-09 18:41:20,479 - root - INFO -     1 ( 8): 32 20
2023-07-09 18:41:20,479 - root - INFO -     2 (10): 75 4B
2023-07-09 18:41:20,479 - root - INFO - 4 (22): 5 bytes
2023-07-09 18:41:20,479 - root - INFO -     1 ( 8): 161 A1
2023-07-09 18:41:20,479 - root - INFO -     2 (10): 50 32
2023-07-09 18:41:20,479 - root - INFO - 5 (2A): 4 bytes
2023-07-09 18:41:20,479 - root - INFO -     1 ( 8): 107 6B
2023-07-09 18:41:20,479 - root - INFO -     2 (10): 54 36
2023-07-09 18:41:20,479 - root - INFO - 7 (3A): 5 bytes
2023-07-09 18:41:20,479 - root - INFO -     1 ( 8): 211 D3
2023-07-09 18:41:20,487 - root - INFO -     2 (10): 11  B
2023-07-09 18:41:20,487 - root - INFO - 9 (4A): 5 bytes
2023-07-09 18:41:20,487 - root - INFO -     1 ( 8): 222 DE
2023-07-09 18:41:20,487 - root - INFO -     2 (10): 37 25
2023-07-09 18:41:20,487 - root - INFO - 15 (7A): 5 bytes
2023-07-09 18:41:20,487 - root - INFO -     1 ( 8): 259 103
2023-07-09 18:41:20,487 - root - INFO -     2 (10): 11  B
2023-07-09 18:41:20,487 - root - INFO - Watch face parameters locations were read:
2023-07-09 18:41:20,487 - root - INFO - Reading descriptor for parameter 2
2023-07-09 18:41:20,487 - root - INFO - Descriptor offset: 0, Descriptor length: 32
2023-07-09 18:41:20,489 - root - INFO - Parsing descriptor for parameter 2...
2023-07-09 18:41:20,489 - root - INFO - 1 ( A): 6 bytes
2023-07-09 18:41:20,489 - root - INFO -     1 ( 8): 0  0
2023-07-09 18:41:20,489 - root - INFO -     2 (10): 0  0
2023-07-09 18:41:20,489 - root - INFO -     3 (18): 2  2
2023-07-09 18:41:20,489 - root - INFO - 3 (1A): 6 bytes
2023-07-09 18:41:20,489 - root - INFO -     1 ( 8): 0  0
2023-07-09 18:41:20,489 - root - INFO -     2 (10): 0  0
2023-07-09 18:41:20,489 - root - INFO -     3 (18): 1  1
2023-07-09 18:41:20,489 - root - INFO - 4 (22): 6 bytes
2023-07-09 18:41:20,489 - root - INFO -     1 ( 8): 0  0
2023-07-09 18:41:20,489 - root - INFO -     2 (10): 0  0
2023-07-09 18:41:20,489 - root - INFO -     3 (18): 0  0
2023-07-09 18:41:20,489 - root - INFO - 5 (2A): 6 bytes
2023-07-09 18:41:20,489 - root - INFO -     1 ( 8): 0  0
2023-07-09 18:41:20,489 - root - INFO -     2 (10): 0  0
2023-07-09 18:41:20,489 - root - INFO -     3 (18): 0  0
2023-07-09 18:41:20,489 - root - INFO - Reading descriptor for parameter 3
2023-07-09 18:41:20,489 - root - INFO - Descriptor offset: 32, Descriptor length: 75
2023-07-09 18:41:20,489 - root - INFO - Parsing descriptor for parameter 3...
2023-07-09 18:41:20,489 - root - INFO - 1 ( A): 73 bytes
2023-07-09 18:41:20,489 - root - INFO -     1 ( A): 20 bytes
2023-07-09 18:41:20,489 - root - INFO -         1 ( A): 8 bytes
2023-07-09 18:41:20,489 - root - INFO -             1 ( 8): 17 11
2023-07-09 18:41:20,489 - root - INFO -             2 (10): 64 40
2023-07-09 18:41:20,489 - root - INFO -             3 (18): 3  3
2023-07-09 18:41:20,489 - root - INFO -             4 (20): 10  A
2023-07-09 18:41:20,489 - root - INFO -         2 (12): 8 bytes
2023-07-09 18:41:20,489 - root - INFO -             1 ( 8): 57 39
2023-07-09 18:41:20,489 - root - INFO -             2 (10): 64 40
2023-07-09 18:41:20,489 - root - INFO -             3 (18): 3  3
2023-07-09 18:41:20,489 - root - INFO -             4 (20): 10  A
2023-07-09 18:41:20,489 - root - INFO -     2 (12): 21 bytes
2023-07-09 18:41:20,489 - root - INFO -         1 ( A): 8 bytes
2023-07-09 18:41:20,489 - root - INFO -             1 ( 8): 112 70
2023-07-09 18:41:20,489 - root - INFO -             2 (10): 64 40
2023-07-09 18:41:20,489 - root - INFO -             3 (18): 3  3
2023-07-09 18:41:20,489 - root - INFO -             4 (20): 10  A
2023-07-09 18:41:20,489 - root - INFO -         2 (12): 9 bytes
2023-07-09 18:41:20,489 - root - INFO -             1 ( 8): 152 98
2023-07-09 18:41:20,489 - root - INFO -             2 (10): 64 40
2023-07-09 18:41:20,489 - root - INFO -             3 (18): 3  3
2023-07-09 18:41:20,489 - root - INFO -             4 (20): 10  A
2023-07-09 18:41:20,489 - root - INFO -     3 (1A): 22 bytes
2023-07-09 18:41:20,489 - root - INFO -         1 ( A): 9 bytes
2023-07-09 18:41:20,489 - root - INFO -             1 ( 8): 207 CF
2023-07-09 18:41:20,489 - root - INFO -             2 (10): 64 40
2023-07-09 18:41:20,489 - root - INFO -             3 (18): 3  3
2023-07-09 18:41:20,489 - root - INFO -             4 (20): 10  A
2023-07-09 18:41:20,489 - root - INFO -         2 (12): 9 bytes
2023-07-09 18:41:20,489 - root - INFO -             1 ( 8): 247 F7
2023-07-09 18:41:20,489 - root - INFO -             2 (10): 64 40
2023-07-09 18:41:20,489 - root - INFO -             3 (18): 3  3
2023-07-09 18:41:20,489 - root - INFO -             4 (20): 10  A
2023-07-09 18:41:20,489 - root - INFO -     7 (38): 0  0
2023-07-09 18:41:20,489 - root - INFO -     8 (40): 1  1
2023-07-09 18:41:20,489 - root - INFO - Reading descriptor for parameter 4
2023-07-09 18:41:20,489 - root - INFO - Descriptor offset: 161, Descriptor length: 50
2023-07-09 18:41:20,489 - root - INFO - Parsing descriptor for parameter 4...
2023-07-09 18:41:20,489 - root - INFO - 1 ( A): 22 bytes
2023-07-09 18:41:20,489 - root - INFO -     1 ( A): 20 bytes
2023-07-09 18:41:20,489 - root - INFO -         1 ( 8): 17 11
2023-07-09 18:41:20,489 - root - INFO -         2 (10): 145 91
2023-07-09 18:41:20,489 - root - INFO -         3 (18): 121 79
2023-07-09 18:41:20,489 - root - INFO -         4 (20): 174 AE
2023-07-09 18:41:20,489 - root - INFO -         5 (28): 18 12
2023-07-09 18:41:20,499 - root - INFO -         6 (30): 0  0
2023-07-09 18:41:20,499 - root - INFO -         7 (38): 0  0
2023-07-09 18:41:20,499 - root - INFO -         8 (40): 38 26
2023-07-09 18:41:20,499 - root - INFO -         9 (48): 10  A
2023-07-09 18:41:20,499 - root - INFO - 3 (1A): 22 bytes
2023-07-09 18:41:20,499 - root - INFO -     1 ( A): 20 bytes
2023-07-09 18:41:20,499 - root - INFO -         1 ( 8): 17 11
2023-07-09 18:41:20,499 - root - INFO -         2 (10): 253 FD
2023-07-09 18:41:20,499 - root - INFO -         3 (18): 100 64
2023-07-09 18:41:20,499 - root - INFO -         4 (20): 282 11A
2023-07-09 18:41:20,499 - root - INFO -         5 (28): 18 12
2023-07-09 18:41:20,499 - root - INFO -         6 (30): 0  0
2023-07-09 18:41:20,499 - root - INFO -         7 (38): 0  0
2023-07-09 18:41:20,499 - root - INFO -         8 (40): 48 30
2023-07-09 18:41:20,499 - root - INFO -         9 (48): 10  A
2023-07-09 18:41:20,499 - root - INFO - 7 (38): 0  0
2023-07-09 18:41:20,499 - root - INFO - Reading descriptor for parameter 5
2023-07-09 18:41:20,499 - root - INFO - Descriptor offset: 107, Descriptor length: 54
2023-07-09 18:41:20,499 - root - INFO - Parsing descriptor for parameter 5...
2023-07-09 18:41:20,499 - root - INFO - 1 ( A): 32 bytes
2023-07-09 18:41:20,499 - root - INFO -     2 (12): 24 bytes
2023-07-09 18:41:20,499 - root - INFO -         1 ( A): 20 bytes
2023-07-09 18:41:20,499 - root - INFO -             1 ( 8): 210 D2
2023-07-09 18:41:20,499 - root - INFO -             2 (10): 19 13
2023-07-09 18:41:20,499 - root - INFO -             3 (18): 284 11C
2023-07-09 18:41:20,499 - root - INFO -             4 (20): 46 2E
2023-07-09 18:41:20,499 - root - INFO -             5 (28): 18 12
2023-07-09 18:41:20,503 - root - INFO -             6 (30): 0  0
2023-07-09 18:41:20,503 - root - INFO -             7 (38): 0  0
2023-07-09 18:41:20,503 - root - INFO -             8 (40): 13  D
2023-07-09 18:41:20,503 - root - INFO -             9 (48): 10  A
2023-07-09 18:41:20,503 - root - INFO -         2 (10): 23 17
2023-07-09 18:41:20,503 - root - INFO -     4 (20): 1  1
2023-07-09 18:41:20,503 - root - INFO -     5 (28): 1  1
2023-07-09 18:41:20,503 - root - INFO -     6 (30): 0  0
2023-07-09 18:41:20,503 - root - INFO - 4 (22): 8 bytes
2023-07-09 18:41:20,503 - root - INFO -     1 ( 8): 17 11
2023-07-09 18:41:20,503 - root - INFO -     2 (10): 19 13
2023-07-09 18:41:20,503 - root - INFO -     3 (18): 24 18
2023-07-09 18:41:20,503 - root - INFO -     4 (20): 7  7
2023-07-09 18:41:20,503 - root - INFO - 6 (32): 8 bytes
2023-07-09 18:41:20,503 - root - INFO -     1 ( 8): 17 11
2023-07-09 18:41:20,503 - root - INFO -     2 (10): 19 13
2023-07-09 18:41:20,503 - root - INFO -     3 (18): 31 1F
2023-07-09 18:41:20,503 - root - INFO -     4 (20): 7  7
2023-07-09 18:41:20,503 - root - INFO - Reading descriptor for parameter 7
2023-07-09 18:41:20,503 - root - INFO - Descriptor offset: 211, Descriptor length: 11
2023-07-09 18:41:20,503 - root - INFO - Parsing descriptor for parameter 7...
2023-07-09 18:41:20,503 - root - INFO - 2 (12): 9 bytes
2023-07-09 18:41:20,503 - root - INFO -     1 ( 8): 126 7E
2023-07-09 18:41:20,503 - root - INFO -     2 (10): 139 8B
2023-07-09 18:41:20,503 - root - INFO -     3 (18): 58 3A
2023-07-09 18:41:20,503 - root - INFO -     4 (20): 10  A
2023-07-09 18:41:20,503 - root - INFO - Reading descriptor for parameter 9
2023-07-09 18:41:20,503 - root - INFO - Descriptor offset: 222, Descriptor length: 37
2023-07-09 18:41:20,503 - root - INFO - Parsing descriptor for parameter 9...
2023-07-09 18:41:20,503 - root - INFO - 1 ( A): 24 bytes
2023-07-09 18:41:20,503 - root - INFO -     1 ( A): 20 bytes
2023-07-09 18:41:20,503 - root - INFO -         1 ( 8): 17 11
2023-07-09 18:41:20,503 - root - INFO -         2 (10): 199 C7
2023-07-09 18:41:20,503 - root - INFO -         3 (18): 104 68
2023-07-09 18:41:20,509 - root - INFO -         4 (20): 228 E4
2023-07-09 18:41:20,510 - root - INFO -         5 (28): 18 12
2023-07-09 18:41:20,510 - root - INFO -         6 (30): 0  0
2023-07-09 18:41:20,510 - root - INFO -         7 (38): 0  0
2023-07-09 18:41:20,510 - root - INFO -         8 (40): 68 44
2023-07-09 18:41:20,510 - root - INFO -         9 (48): 10  A
2023-07-09 18:41:20,510 - root - INFO -     4 (20): 78 4E
2023-07-09 18:41:20,510 - root - INFO - 2 (12): 9 bytes
2023-07-09 18:41:20,510 - root - INFO -     1 ( 8): 126 7E
2023-07-09 18:41:20,510 - root - INFO -     2 (10): 139 8B
2023-07-09 18:41:20,510 - root - INFO -     3 (18): 79 4F
2023-07-09 18:41:20,510 - root - INFO -     4 (20): 10  A
2023-07-09 18:41:20,510 - root - INFO - Reading descriptor for parameter 15
2023-07-09 18:41:20,510 - root - INFO - Descriptor offset: 259, Descriptor length: 11
2023-07-09 18:41:20,510 - root - INFO - Parsing descriptor for parameter 15...
2023-07-09 18:41:20,510 - root - INFO - 2 (12): 9 bytes
2023-07-09 18:41:20,510 - root - INFO -     1 ( 8): 126 7E
2023-07-09 18:41:20,510 - root - INFO -     2 (10): 139 8B
2023-07-09 18:41:20,510 - root - INFO -     3 (18): 89 59
2023-07-09 18:41:20,510 - root - INFO -     4 (20): 10  A
2023-07-09 18:41:20,510 - root - INFO - Reading resources offsets table with 99 elements (396 bytes)
2023-07-09 18:41:20,510 - root - INFO - Resource 0 offset: 806, length: 86472...
2023-07-09 18:41:20,510 - root - DEBUG - Reading resource 0...
2023-07-09 18:41:20,569 - root - INFO - The image is bmc.
2023-07-09 18:41:20,569 - root - INFO - Reading image header(readHeader16C)...
2023-07-09 18:41:20,569 - root - INFO - Image header was read:
2023-07-09 18:41:20,569 - root - INFO - Width: 202, Height: 214, RowLength: 404
2023-07-09 18:41:20,569 - root - INFO - _step: 2, unknown2: 0,
2023-07-09 18:41:20,569 - root - INFO - BPP: 16, Transparency: False
2023-07-09 18:41:20,829 - root - INFO - Resource 1 offset: 87278, length: 86472...
2023-07-09 18:41:20,829 - root - DEBUG - Reading resource 1...
2023-07-09 18:41:20,829 - root - INFO - The image is bmc.
2023-07-09 18:41:20,829 - root - INFO - Reading image header(readHeader16C)...
2023-07-09 18:41:20,829 - root - INFO - Image header was read:
2023-07-09 18:41:20,829 - root - INFO - Width: 202, Height: 214, RowLength: 404
2023-07-09 18:41:20,829 - root - INFO - _step: 2, unknown2: 0,
2023-07-09 18:41:20,829 - root - INFO - BPP: 16, Transparency: False
2023-07-09 18:41:21,090 - root - INFO - Resource 2 offset: 173750, length: 192656...
2023-07-09 18:41:21,090 - root - DEBUG - Reading resource 2...
2023-07-09 18:41:21,090 - root - INFO - The image is bmc.
2023-07-09 18:41:21,090 - root - INFO - Reading image header(readHeader16C)...
2023-07-09 18:41:21,090 - root - INFO - Image header was read:
2023-07-09 18:41:21,090 - root - INFO - Width: 301, Height: 320, RowLength: 602
2023-07-09 18:41:21,090 - root - INFO - _step: 2, unknown2: 0,
2023-07-09 18:41:21,090 - root - INFO - BPP: 16, Transparency: False
2023-07-09 18:41:21,661 - root - INFO - Resource 3 offset: 366406, length: 2422...
2023-07-09 18:41:21,661 - root - DEBUG - Reading resource 3...
2023-07-09 18:41:21,661 - root - INFO - The image is bme.
2023-07-09 18:41:21,661 - root - INFO - Reading image header(readHeader16E)...
2023-07-09 18:41:21,661 - root - INFO - Image header was read:
2023-07-09 18:41:21,661 - root - INFO - Width: 39, Height: 56, RowLength: 78
2023-07-09 18:41:21,661 - root - INFO - datalength: 2406, _step: 2
2023-07-09 18:41:21,661 - root - INFO - BPP: 16, Transparency: False
2023-07-09 18:41:21,671 - root - INFO - Resource 4 offset: 368828, length: 1292...
2023-07-09 18:41:21,671 - root - DEBUG - Reading resource 4...
2023-07-09 18:41:21,671 - root - INFO - The image is bme.
2023-07-09 18:41:21,671 - root - INFO - Reading image header(readHeader16E)...
2023-07-09 18:41:21,671 - root - INFO - Image header was read:
2023-07-09 18:41:21,671 - root - INFO - Width: 39, Height: 56, RowLength: 78
2023-07-09 18:41:21,671 - root - INFO - datalength: 1276, _step: 2
2023-07-09 18:41:21,671 - root - INFO - BPP: 16, Transparency: False
2023-07-09 18:41:21,671 - root - INFO - Resource 5 offset: 370120, length: 2018...
2023-07-09 18:41:21,671 - root - DEBUG - Reading resource 5...
2023-07-09 18:41:21,671 - root - INFO - The image is bme.
2023-07-09 18:41:21,671 - root - INFO - Reading image header(readHeader16E)...
2023-07-09 18:41:21,671 - root - INFO - Image header was read:
2023-07-09 18:41:21,671 - root - INFO - Width: 39, Height: 56, RowLength: 78
2023-07-09 18:41:21,671 - root - INFO - datalength: 2002, _step: 2
2023-07-09 18:41:21,671 - root - INFO - BPP: 16, Transparency: False
2023-07-09 18:41:21,679 - root - INFO - Resource 6 offset: 372138, length: 2158...
2023-07-09 18:41:21,679 - root - DEBUG - Reading resource 6...
2023-07-09 18:41:21,679 - root - INFO - The image is bme.
2023-07-09 18:41:21,679 - root - INFO - Reading image header(readHeader16E)...
2023-07-09 18:41:21,679 - root - INFO - Image header was read:
2023-07-09 18:41:21,679 - root - INFO - Width: 39, Height: 56, RowLength: 78
2023-07-09 18:41:21,679 - root - INFO - datalength: 2142, _step: 2
2023-07-09 18:41:21,679 - root - INFO - BPP: 16, Transparency: False
2023-07-09 18:41:21,689 - root - INFO - Resource 7 offset: 374296, length: 2050...
2023-07-09 18:41:21,689 - root - DEBUG - Reading resource 7...
2023-07-09 18:41:21,689 - root - INFO - The image is bme.
2023-07-09 18:41:21,689 - root - INFO - Reading image header(readHeader16E)...
2023-07-09 18:41:21,689 - root - INFO - Image header was read:
2023-07-09 18:41:21,689 - root - INFO - Width: 39, Height: 56, RowLength: 78
2023-07-09 18:41:21,689 - root - INFO - datalength: 2034, _step: 2
2023-07-09 18:41:21,689 - root - INFO - BPP: 16, Transparency: False
2023-07-09 18:41:21,689 - root - INFO - Resource 8 offset: 376346, length: 2236...
2023-07-09 18:41:21,689 - root - DEBUG - Reading resource 8...
2023-07-09 18:41:21,689 - root - INFO - The image is bme.
2023-07-09 18:41:21,689 - root - INFO - Reading image header(readHeader16E)...
2023-07-09 18:41:21,689 - root - INFO - Image header was read:
2023-07-09 18:41:21,689 - root - INFO - Width: 39, Height: 56, RowLength: 78
2023-07-09 18:41:21,689 - root - INFO - datalength: 2220, _step: 2
2023-07-09 18:41:21,689 - root - INFO - BPP: 16, Transparency: False
2023-07-09 18:41:21,703 - root - INFO - Resource 9 offset: 378582, length: 2566...
2023-07-09 18:41:21,703 - root - DEBUG - Reading resource 9...
2023-07-09 18:41:21,703 - root - INFO - The image is bme.
2023-07-09 18:41:21,703 - root - INFO - Reading image header(readHeader16E)...
2023-07-09 18:41:21,703 - root - INFO - Image header was read:
2023-07-09 18:41:21,703 - root - INFO - Width: 39, Height: 56, RowLength: 78
2023-07-09 18:41:21,703 - root - INFO - datalength: 2550, _step: 2
2023-07-09 18:41:21,703 - root - INFO - BPP: 16, Transparency: False
2023-07-09 18:41:21,713 - root - INFO - Resource 10 offset: 381148, length: 1526...
2023-07-09 18:41:21,713 - root - DEBUG - Reading resource 10...
2023-07-09 18:41:21,713 - root - INFO - The image is bme.
2023-07-09 18:41:21,713 - root - INFO - Reading image header(readHeader16E)...
2023-07-09 18:41:21,714 - root - INFO - Image header was read:
2023-07-09 18:41:21,714 - root - INFO - Width: 39, Height: 56, RowLength: 78
2023-07-09 18:41:21,714 - root - INFO - datalength: 1510, _step: 2
2023-07-09 18:41:21,714 - root - INFO - BPP: 16, Transparency: False
2023-07-09 18:41:21,718 - root - INFO - Resource 11 offset: 382674, length: 2614...
2023-07-09 18:41:21,718 - root - DEBUG - Reading resource 11...
2023-07-09 18:41:21,718 - root - INFO - The image is bme.
2023-07-09 18:41:21,718 - root - INFO - Reading image header(readHeader16E)...
2023-07-09 18:41:21,718 - root - INFO - Image header was read:
2023-07-09 18:41:21,718 - root - INFO - Width: 39, Height: 56, RowLength: 78
2023-07-09 18:41:21,720 - root - INFO - datalength: 2598, _step: 2
2023-07-09 18:41:21,720 - root - INFO - BPP: 16, Transparency: False
2023-07-09 18:41:21,727 - root - INFO - Resource 12 offset: 385288, length: 2552...
2023-07-09 18:41:21,727 - root - DEBUG - Reading resource 12...
2023-07-09 18:41:21,727 - root - INFO - The image is bme.
2023-07-09 18:41:21,728 - root - INFO - Reading image header(readHeader16E)...
2023-07-09 18:41:21,728 - root - INFO - Image header was read:
2023-07-09 18:41:21,728 - root - INFO - Width: 39, Height: 56, RowLength: 78
2023-07-09 18:41:21,728 - root - INFO - datalength: 2536, _step: 2
2023-07-09 18:41:21,728 - root - INFO - BPP: 16, Transparency: False
2023-07-09 18:41:21,736 - root - INFO - Resource 13 offset: 387840, length: 562...
2023-07-09 18:41:21,736 - root - DEBUG - Reading resource 13...
2023-07-09 18:41:21,736 - root - INFO - The image is bme.
2023-07-09 18:41:21,736 - root - INFO - Reading image header(readHeader16E)...
2023-07-09 18:41:21,736 - root - INFO - Image header was read:
2023-07-09 18:41:21,736 - root - INFO - Width: 16, Height: 27, RowLength: 32
2023-07-09 18:41:21,736 - root - INFO - datalength: 546, _step: 2
2023-07-09 18:41:21,736 - root - INFO - BPP: 16, Transparency: False
2023-07-09 18:41:21,738 - root - INFO - Resource 14 offset: 388402, length: 324...
2023-07-09 18:41:21,738 - root - DEBUG - Reading resource 14...
2023-07-09 18:41:21,738 - root - INFO - The image is bme.
2023-07-09 18:41:21,738 - root - INFO - Reading image header(readHeader16E)...
2023-07-09 18:41:21,738 - root - INFO - Image header was read:
2023-07-09 18:41:21,738 - root - INFO - Width: 16, Height: 27, RowLength: 32
2023-07-09 18:41:21,739 - root - INFO - datalength: 308, _step: 2
2023-07-09 18:41:21,739 - root - INFO - BPP: 16, Transparency: False
2023-07-09 18:41:21,740 - root - INFO - Resource 15 offset: 388726, length: 464...
2023-07-09 18:41:21,740 - root - DEBUG - Reading resource 15...
2023-07-09 18:41:21,740 - root - INFO - The image is bme.
2023-07-09 18:41:21,740 - root - INFO - Reading image header(readHeader16E)...
2023-07-09 18:41:21,741 - root - INFO - Image header was read:
2023-07-09 18:41:21,741 - root - INFO - Width: 16, Height: 27, RowLength: 32
2023-07-09 18:41:21,741 - root - INFO - datalength: 448, _step: 2
2023-07-09 18:41:21,741 - root - INFO - BPP: 16, Transparency: False
2023-07-09 18:41:21,742 - root - INFO - Resource 16 offset: 389190, length: 498...
2023-07-09 18:41:21,742 - root - DEBUG - Reading resource 16...
2023-07-09 18:41:21,742 - root - INFO - The image is bme.
2023-07-09 18:41:21,743 - root - INFO - Reading image header(readHeader16E)...
2023-07-09 18:41:21,743 - root - INFO - Image header was read:
2023-07-09 18:41:21,743 - root - INFO - Width: 16, Height: 27, RowLength: 32
2023-07-09 18:41:21,743 - root - INFO - datalength: 482, _step: 2
2023-07-09 18:41:21,743 - root - INFO - BPP: 16, Transparency: False
2023-07-09 18:41:21,744 - root - INFO - Resource 17 offset: 389688, length: 474...
2023-07-09 18:41:21,744 - root - DEBUG - Reading resource 17...
2023-07-09 18:41:21,745 - root - INFO - The image is bme.
2023-07-09 18:41:21,745 - root - INFO - Reading image header(readHeader16E)...
2023-07-09 18:41:21,745 - root - INFO - Image header was read:
2023-07-09 18:41:21,745 - root - INFO - Width: 16, Height: 27, RowLength: 32
2023-07-09 18:41:21,745 - root - INFO - datalength: 458, _step: 2
2023-07-09 18:41:21,745 - root - INFO - BPP: 16, Transparency: False
2023-07-09 18:41:21,746 - root - INFO - Resource 18 offset: 390162, length: 526...
2023-07-09 18:41:21,746 - root - DEBUG - Reading resource 18...
2023-07-09 18:41:21,747 - root - INFO - The image is bme.
2023-07-09 18:41:21,747 - root - INFO - Reading image header(readHeader16E)...
2023-07-09 18:41:21,747 - root - INFO - Image header was read:
2023-07-09 18:41:21,747 - root - INFO - Width: 16, Height: 27, RowLength: 32
2023-07-09 18:41:21,747 - root - INFO - datalength: 510, _step: 2
2023-07-09 18:41:21,747 - root - INFO - BPP: 16, Transparency: False
2023-07-09 18:41:21,749 - root - INFO - Resource 19 offset: 390688, length: 576...
2023-07-09 18:41:21,749 - root - DEBUG - Reading resource 19...
2023-07-09 18:41:21,749 - root - INFO - The image is bme.
2023-07-09 18:41:21,749 - root - INFO - Reading image header(readHeader16E)...
2023-07-09 18:41:21,750 - root - INFO - Image header was read:
2023-07-09 18:41:21,750 - root - INFO - Width: 16, Height: 27, RowLength: 32
2023-07-09 18:41:21,750 - root - INFO - datalength: 560, _step: 2
2023-07-09 18:41:21,750 - root - INFO - BPP: 16, Transparency: False
2023-07-09 18:41:21,752 - root - INFO - Resource 20 offset: 391264, length: 376...
2023-07-09 18:41:21,752 - root - DEBUG - Reading resource 20...
2023-07-09 18:41:21,752 - root - INFO - The image is bme.
2023-07-09 18:41:21,752 - root - INFO - Reading image header(readHeader16E)...
2023-07-09 18:41:21,752 - root - INFO - Image header was read:
2023-07-09 18:41:21,752 - root - INFO - Width: 16, Height: 27, RowLength: 32
2023-07-09 18:41:21,753 - root - INFO - datalength: 360, _step: 2
2023-07-09 18:41:21,753 - root - INFO - BPP: 16, Transparency: False
2023-07-09 18:41:21,754 - root - INFO - Resource 21 offset: 391640, length: 582...
2023-07-09 18:41:21,754 - root - DEBUG - Reading resource 21...
2023-07-09 18:41:21,754 - root - INFO - The image is bme.
2023-07-09 18:41:21,754 - root - INFO - Reading image header(readHeader16E)...
2023-07-09 18:41:21,754 - root - INFO - Image header was read:
2023-07-09 18:41:21,754 - root - INFO - Width: 16, Height: 27, RowLength: 32
2023-07-09 18:41:21,754 - root - INFO - datalength: 566, _step: 2
2023-07-09 18:41:21,755 - root - INFO - BPP: 16, Transparency: False
2023-07-09 18:41:21,756 - root - INFO - Resource 22 offset: 392222, length: 578...
2023-07-09 18:41:21,756 - root - DEBUG - Reading resource 22...
2023-07-09 18:41:21,756 - root - INFO - The image is bme.
2023-07-09 18:41:21,756 - root - INFO - Reading image header(readHeader16E)...
2023-07-09 18:41:21,757 - root - INFO - Image header was read:
2023-07-09 18:41:21,757 - root - INFO - Width: 16, Height: 27, RowLength: 32
2023-07-09 18:41:21,757 - root - INFO - datalength: 562, _step: 2
2023-07-09 18:41:21,757 - root - INFO - BPP: 16, Transparency: False
2023-07-09 18:41:21,758 - root - INFO - Resource 23 offset: 392800, length: 72...
2023-07-09 18:41:21,758 - root - DEBUG - Reading resource 23...
2023-07-09 18:41:21,758 - root - INFO - The image is bme.
2023-07-09 18:41:21,758 - root - INFO - Reading image header(readHeader16E)...
2023-07-09 18:41:21,759 - root - INFO - Image header was read:
2023-07-09 18:41:21,759 - root - INFO - Width: 10, Height: 27, RowLength: 20
2023-07-09 18:41:21,759 - root - INFO - datalength: 56, _step: 2
2023-07-09 18:41:21,759 - root - INFO - BPP: 16, Transparency: False
2023-07-09 18:41:21,759 - root - INFO - Resource 24 offset: 392872, length: 1998...
2023-07-09 18:41:21,759 - root - DEBUG - Reading resource 24...
2023-07-09 18:41:21,759 - root - INFO - The image is bme.
2023-07-09 18:41:21,760 - root - INFO - Reading image header(readHeader16E)...
2023-07-09 18:41:21,760 - root - INFO - Image header was read:
2023-07-09 18:41:21,760 - root - INFO - Width: 72, Height: 27, RowLength: 144
2023-07-09 18:41:21,760 - root - INFO - datalength: 1982, _step: 2
2023-07-09 18:41:21,760 - root - INFO - BPP: 16, Transparency: False
2023-07-09 18:41:21,766 - root - INFO - Resource 25 offset: 394870, length: 1298...
2023-07-09 18:41:21,766 - root - DEBUG - Reading resource 25...
2023-07-09 18:41:21,766 - root - INFO - The image is bme.
2023-07-09 18:41:21,766 - root - INFO - Reading image header(readHeader16E)...
2023-07-09 18:41:21,766 - root - INFO - Image header was read:
2023-07-09 18:41:21,766 - root - INFO - Width: 72, Height: 27, RowLength: 144
2023-07-09 18:41:21,766 - root - INFO - datalength: 1282, _step: 2
2023-07-09 18:41:21,766 - root - INFO - BPP: 16, Transparency: False
2023-07-09 18:41:21,770 - root - INFO - Resource 26 offset: 396168, length: 1792...
2023-07-09 18:41:21,770 - root - DEBUG - Reading resource 26...
2023-07-09 18:41:21,770 - root - INFO - The image is bme.
2023-07-09 18:41:21,770 - root - INFO - Reading image header(readHeader16E)...
2023-07-09 18:41:21,770 - root - INFO - Image header was read:
2023-07-09 18:41:21,770 - root - INFO - Width: 72, Height: 27, RowLength: 144
2023-07-09 18:41:21,770 - root - INFO - datalength: 1776, _step: 2
2023-07-09 18:41:21,770 - root - INFO - BPP: 16, Transparency: False
2023-07-09 18:41:21,775 - root - INFO - Resource 27 offset: 397960, length: 1436...
2023-07-09 18:41:21,775 - root - DEBUG - Reading resource 27...
2023-07-09 18:41:21,775 - root - INFO - The image is bme.
2023-07-09 18:41:21,775 - root - INFO - Reading image header(readHeader16E)...
2023-07-09 18:41:21,775 - root - INFO - Image header was read:
2023-07-09 18:41:21,775 - root - INFO - Width: 72, Height: 27, RowLength: 144
2023-07-09 18:41:21,775 - root - INFO - datalength: 1420, _step: 2
2023-07-09 18:41:21,776 - root - INFO - BPP: 16, Transparency: False
2023-07-09 18:41:21,779 - root - INFO - Resource 28 offset: 399396, length: 1206...
2023-07-09 18:41:21,779 - root - DEBUG - Reading resource 28...
2023-07-09 18:41:21,779 - root - INFO - The image is bme.
2023-07-09 18:41:21,779 - root - INFO - Reading image header(readHeader16E)...
2023-07-09 18:41:21,779 - root - INFO - Image header was read:
2023-07-09 18:41:21,779 - root - INFO - Width: 72, Height: 27, RowLength: 144
2023-07-09 18:41:21,781 - root - INFO - datalength: 1190, _step: 2
2023-07-09 18:41:21,781 - root - INFO - BPP: 16, Transparency: False
2023-07-09 18:41:21,781 - root - INFO - Resource 29 offset: 400602, length: 1348...
2023-07-09 18:41:21,781 - root - DEBUG - Reading resource 29...
2023-07-09 18:41:21,781 - root - INFO - The image is bme.
2023-07-09 18:41:21,781 - root - INFO - Reading image header(readHeader16E)...
2023-07-09 18:41:21,781 - root - INFO - Image header was read:
2023-07-09 18:41:21,781 - root - INFO - Width: 72, Height: 27, RowLength: 144
2023-07-09 18:41:21,781 - root - INFO - datalength: 1332, _step: 2
2023-07-09 18:41:21,781 - root - INFO - BPP: 16, Transparency: False
2023-07-09 18:41:21,781 - root - INFO - Resource 30 offset: 401950, length: 1724...
2023-07-09 18:41:21,781 - root - DEBUG - Reading resource 30...
2023-07-09 18:41:21,781 - root - INFO - The image is bme.
2023-07-09 18:41:21,781 - root - INFO - Reading image header(readHeader16E)...
2023-07-09 18:41:21,781 - root - INFO - Image header was read:
2023-07-09 18:41:21,781 - root - INFO - Width: 72, Height: 27, RowLength: 144
2023-07-09 18:41:21,781 - root - INFO - datalength: 1708, _step: 2
2023-07-09 18:41:21,781 - root - INFO - BPP: 16, Transparency: False
2023-07-09 18:41:21,789 - root - INFO - Resource 31 offset: 403674, length: 2078...
2023-07-09 18:41:21,789 - root - DEBUG - Reading resource 31...
2023-07-09 18:41:21,789 - root - INFO - The image is bme.
2023-07-09 18:41:21,789 - root - INFO - Reading image header(readHeader16E)...
2023-07-09 18:41:21,789 - root - INFO - Image header was read:
2023-07-09 18:41:21,789 - root - INFO - Width: 72, Height: 27, RowLength: 144
2023-07-09 18:41:21,789 - root - INFO - datalength: 2062, _step: 2
2023-07-09 18:41:21,789 - root - INFO - BPP: 16, Transparency: False
2023-07-09 18:41:21,800 - root - INFO - Resource 32 offset: 405752, length: 2200...
2023-07-09 18:41:21,800 - root - DEBUG - Reading resource 32...
2023-07-09 18:41:21,800 - root - INFO - The image is bme.
2023-07-09 18:41:21,800 - root - INFO - Reading image header(readHeader16E)...
2023-07-09 18:41:21,800 - root - INFO - Image header was read:
2023-07-09 18:41:21,800 - root - INFO - Width: 72, Height: 27, RowLength: 144
2023-07-09 18:41:21,800 - root - INFO - datalength: 2184, _step: 2
2023-07-09 18:41:21,800 - root - INFO - BPP: 16, Transparency: False
2023-07-09 18:41:21,805 - root - INFO - Resource 33 offset: 407952, length: 2388...
2023-07-09 18:41:21,805 - root - DEBUG - Reading resource 33...
2023-07-09 18:41:21,805 - root - INFO - The image is bme.
2023-07-09 18:41:21,805 - root - INFO - Reading image header(readHeader16E)...
2023-07-09 18:41:21,805 - root - INFO - Image header was read:
2023-07-09 18:41:21,805 - root - INFO - Width: 72, Height: 27, RowLength: 144
2023-07-09 18:41:21,805 - root - INFO - datalength: 2372, _step: 2
2023-07-09 18:41:21,805 - root - INFO - BPP: 16, Transparency: False
2023-07-09 18:41:21,812 - root - INFO - Resource 34 offset: 410340, length: 2748...
2023-07-09 18:41:21,812 - root - DEBUG - Reading resource 34...
2023-07-09 18:41:21,812 - root - INFO - The image is bme.
2023-07-09 18:41:21,812 - root - INFO - Reading image header(readHeader16E)...
2023-07-09 18:41:21,812 - root - INFO - Image header was read:
2023-07-09 18:41:21,812 - root - INFO - Width: 72, Height: 27, RowLength: 144
2023-07-09 18:41:21,812 - root - INFO - datalength: 2732, _step: 2
2023-07-09 18:41:21,812 - root - INFO - BPP: 16, Transparency: False
2023-07-09 18:41:21,819 - root - INFO - Resource 35 offset: 413088, length: 2584...
2023-07-09 18:41:21,819 - root - DEBUG - Reading resource 35...
2023-07-09 18:41:21,819 - root - INFO - The image is bme.
2023-07-09 18:41:21,819 - root - INFO - Reading image header(readHeader16E)...
2023-07-09 18:41:21,819 - root - INFO - Image header was read:
2023-07-09 18:41:21,819 - root - INFO - Width: 72, Height: 27, RowLength: 144
2023-07-09 18:41:21,819 - root - INFO - datalength: 2568, _step: 2
2023-07-09 18:41:21,819 - root - INFO - BPP: 16, Transparency: False
2023-07-09 18:41:21,829 - root - INFO - Resource 36 offset: 415672, length: 2446...
2023-07-09 18:41:21,829 - root - DEBUG - Reading resource 36...
2023-07-09 18:41:21,829 - root - INFO - The image is bme.
2023-07-09 18:41:21,829 - root - INFO - Reading image header(readHeader16E)...
2023-07-09 18:41:21,829 - root - INFO - Image header was read:
2023-07-09 18:41:21,829 - root - INFO - Width: 72, Height: 27, RowLength: 144
2023-07-09 18:41:21,829 - root - INFO - datalength: 2430, _step: 2
2023-07-09 18:41:21,829 - root - INFO - BPP: 16, Transparency: False
2023-07-09 18:41:21,829 - root - INFO - Resource 37 offset: 418118, length: 2546...
2023-07-09 18:41:21,840 - root - DEBUG - Reading resource 37...
2023-07-09 18:41:21,840 - root - INFO - The image is bme.
2023-07-09 18:41:21,840 - root - INFO - Reading image header(readHeader16E)...
2023-07-09 18:41:21,840 - root - INFO - Image header was read:
2023-07-09 18:41:21,840 - root - INFO - Width: 72, Height: 27, RowLength: 144
2023-07-09 18:41:21,840 - root - INFO - datalength: 2530, _step: 2
2023-07-09 18:41:21,840 - root - INFO - BPP: 16, Transparency: False
2023-07-09 18:41:21,844 - root - INFO - Resource 38 offset: 420664, length: 850...
2023-07-09 18:41:21,844 - root - DEBUG - Reading resource 38...
2023-07-09 18:41:21,844 - root - INFO - The image is bme.
2023-07-09 18:41:21,844 - root - INFO - Reading image header(readHeader16E)...
2023-07-09 18:41:21,844 - root - INFO - Image header was read:
2023-07-09 18:41:21,844 - root - INFO - Width: 20, Height: 29, RowLength: 40
2023-07-09 18:41:21,844 - root - INFO - datalength: 834, _step: 2
2023-07-09 18:41:21,844 - root - INFO - BPP: 16, Transparency: False
2023-07-09 18:41:21,849 - root - INFO - Resource 39 offset: 421514, length: 474...
2023-07-09 18:41:21,849 - root - DEBUG - Reading resource 39...
2023-07-09 18:41:21,849 - root - INFO - The image is bme.
2023-07-09 18:41:21,849 - root - INFO - Reading image header(readHeader16E)...
2023-07-09 18:41:21,849 - root - INFO - Image header was read:
2023-07-09 18:41:21,849 - root - INFO - Width: 20, Height: 29, RowLength: 40
2023-07-09 18:41:21,849 - root - INFO - datalength: 458, _step: 2
2023-07-09 18:41:21,849 - root - INFO - BPP: 16, Transparency: False
2023-07-09 18:41:21,849 - root - INFO - Resource 40 offset: 421988, length: 674...
2023-07-09 18:41:21,849 - root - DEBUG - Reading resource 40...
2023-07-09 18:41:21,849 - root - INFO - The image is bme.
2023-07-09 18:41:21,849 - root - INFO - Reading image header(readHeader16E)...
2023-07-09 18:41:21,849 - root - INFO - Image header was read:
2023-07-09 18:41:21,849 - root - INFO - Width: 20, Height: 29, RowLength: 40
2023-07-09 18:41:21,849 - root - INFO - datalength: 658, _step: 2
2023-07-09 18:41:21,849 - root - INFO - BPP: 16, Transparency: False
2023-07-09 18:41:21,854 - root - INFO - Resource 41 offset: 422662, length: 746...
2023-07-09 18:41:21,854 - root - DEBUG - Reading resource 41...
2023-07-09 18:41:21,854 - root - INFO - The image is bme.
2023-07-09 18:41:21,854 - root - INFO - Reading image header(readHeader16E)...
2023-07-09 18:41:21,854 - root - INFO - Image header was read:
2023-07-09 18:41:21,854 - root - INFO - Width: 20, Height: 29, RowLength: 40
2023-07-09 18:41:21,854 - root - INFO - datalength: 730, _step: 2
2023-07-09 18:41:21,854 - root - INFO - BPP: 16, Transparency: False
2023-07-09 18:41:21,854 - root - INFO - Resource 42 offset: 423408, length: 724...
2023-07-09 18:41:21,854 - root - DEBUG - Reading resource 42...
2023-07-09 18:41:21,854 - root - INFO - The image is bme.
2023-07-09 18:41:21,854 - root - INFO - Reading image header(readHeader16E)...
2023-07-09 18:41:21,854 - root - INFO - Image header was read:
2023-07-09 18:41:21,854 - root - INFO - Width: 20, Height: 29, RowLength: 40
2023-07-09 18:41:21,854 - root - INFO - datalength: 708, _step: 2
2023-07-09 18:41:21,854 - root - INFO - BPP: 16, Transparency: False
2023-07-09 18:41:21,860 - root - INFO - Resource 43 offset: 424132, length: 762...
2023-07-09 18:41:21,860 - root - DEBUG - Reading resource 43...
2023-07-09 18:41:21,860 - root - INFO - The image is bme.
2023-07-09 18:41:21,862 - root - INFO - Reading image header(readHeader16E)...
2023-07-09 18:41:21,862 - root - INFO - Image header was read:
2023-07-09 18:41:21,862 - root - INFO - Width: 20, Height: 29, RowLength: 40
2023-07-09 18:41:21,862 - root - INFO - datalength: 746, _step: 2
2023-07-09 18:41:21,862 - root - INFO - BPP: 16, Transparency: False
2023-07-09 18:41:21,862 - root - INFO - Resource 44 offset: 424894, length: 892...
2023-07-09 18:41:21,862 - root - DEBUG - Reading resource 44...
2023-07-09 18:41:21,862 - root - INFO - The image is bme.
2023-07-09 18:41:21,862 - root - INFO - Reading image header(readHeader16E)...
2023-07-09 18:41:21,862 - root - INFO - Image header was read:
2023-07-09 18:41:21,862 - root - INFO - Width: 20, Height: 29, RowLength: 40
2023-07-09 18:41:21,862 - root - INFO - datalength: 876, _step: 2
2023-07-09 18:41:21,862 - root - INFO - BPP: 16, Transparency: False
2023-07-09 18:41:21,862 - root - INFO - Resource 45 offset: 425786, length: 524...
2023-07-09 18:41:21,862 - root - DEBUG - Reading resource 45...
2023-07-09 18:41:21,862 - root - INFO - The image is bme.
2023-07-09 18:41:21,862 - root - INFO - Reading image header(readHeader16E)...
2023-07-09 18:41:21,862 - root - INFO - Image header was read:
2023-07-09 18:41:21,862 - root - INFO - Width: 20, Height: 29, RowLength: 40
2023-07-09 18:41:21,862 - root - INFO - datalength: 508, _step: 2
2023-07-09 18:41:21,862 - root - INFO - BPP: 16, Transparency: False
2023-07-09 18:41:21,870 - root - INFO - Resource 46 offset: 426310, length: 894...
2023-07-09 18:41:21,870 - root - DEBUG - Reading resource 46...
2023-07-09 18:41:21,870 - root - INFO - The image is bme.
2023-07-09 18:41:21,870 - root - INFO - Reading image header(readHeader16E)...
2023-07-09 18:41:21,870 - root - INFO - Image header was read:
2023-07-09 18:41:21,870 - root - INFO - Width: 20, Height: 29, RowLength: 40
2023-07-09 18:41:21,870 - root - INFO - datalength: 878, _step: 2
2023-07-09 18:41:21,870 - root - INFO - BPP: 16, Transparency: False
2023-07-09 18:41:21,870 - root - INFO - Resource 47 offset: 427204, length: 888...
2023-07-09 18:41:21,870 - root - DEBUG - Reading resource 47...
2023-07-09 18:41:21,870 - root - INFO - The image is bme.
2023-07-09 18:41:21,870 - root - INFO - Reading image header(readHeader16E)...
2023-07-09 18:41:21,870 - root - INFO - Image header was read:
2023-07-09 18:41:21,870 - root - INFO - Width: 20, Height: 29, RowLength: 40
2023-07-09 18:41:21,870 - root - INFO - datalength: 872, _step: 2
2023-07-09 18:41:21,870 - root - INFO - BPP: 16, Transparency: False
2023-07-09 18:41:21,875 - root - INFO - Resource 48 offset: 428092, length: 850...
2023-07-09 18:41:21,875 - root - DEBUG - Reading resource 48...
2023-07-09 18:41:21,875 - root - INFO - The image is bme.
2023-07-09 18:41:21,875 - root - INFO - Reading image header(readHeader16E)...
2023-07-09 18:41:21,875 - root - INFO - Image header was read:
2023-07-09 18:41:21,875 - root - INFO - Width: 20, Height: 29, RowLength: 40
2023-07-09 18:41:21,875 - root - INFO - datalength: 834, _step: 2
2023-07-09 18:41:21,875 - root - INFO - BPP: 16, Transparency: False
2023-07-09 18:41:21,879 - root - INFO - Resource 49 offset: 428942, length: 474...
2023-07-09 18:41:21,879 - root - DEBUG - Reading resource 49...
2023-07-09 18:41:21,879 - root - INFO - The image is bme.
2023-07-09 18:41:21,879 - root - INFO - Reading image header(readHeader16E)...
2023-07-09 18:41:21,879 - root - INFO - Image header was read:
2023-07-09 18:41:21,879 - root - INFO - Width: 20, Height: 29, RowLength: 40
2023-07-09 18:41:21,879 - root - INFO - datalength: 458, _step: 2
2023-07-09 18:41:21,879 - root - INFO - BPP: 16, Transparency: False
2023-07-09 18:41:21,879 - root - INFO - Resource 50 offset: 429416, length: 674...
2023-07-09 18:41:21,879 - root - DEBUG - Reading resource 50...
2023-07-09 18:41:21,879 - root - INFO - The image is bme.
2023-07-09 18:41:21,879 - root - INFO - Reading image header(readHeader16E)...
2023-07-09 18:41:21,879 - root - INFO - Image header was read:
2023-07-09 18:41:21,879 - root - INFO - Width: 20, Height: 29, RowLength: 40
2023-07-09 18:41:21,879 - root - INFO - datalength: 658, _step: 2
2023-07-09 18:41:21,879 - root - INFO - BPP: 16, Transparency: False
2023-07-09 18:41:21,879 - root - INFO - Resource 51 offset: 430090, length: 746...
2023-07-09 18:41:21,879 - root - DEBUG - Reading resource 51...
2023-07-09 18:41:21,879 - root - INFO - The image is bme.
2023-07-09 18:41:21,879 - root - INFO - Reading image header(readHeader16E)...
2023-07-09 18:41:21,879 - root - INFO - Image header was read:
2023-07-09 18:41:21,879 - root - INFO - Width: 20, Height: 29, RowLength: 40
2023-07-09 18:41:21,879 - root - INFO - datalength: 730, _step: 2
2023-07-09 18:41:21,879 - root - INFO - BPP: 16, Transparency: False
2023-07-09 18:41:21,879 - root - INFO - Resource 52 offset: 430836, length: 724...
2023-07-09 18:41:21,879 - root - DEBUG - Reading resource 52...
2023-07-09 18:41:21,879 - root - INFO - The image is bme.
2023-07-09 18:41:21,879 - root - INFO - Reading image header(readHeader16E)...
2023-07-09 18:41:21,879 - root - INFO - Image header was read:
2023-07-09 18:41:21,879 - root - INFO - Width: 20, Height: 29, RowLength: 40
2023-07-09 18:41:21,879 - root - INFO - datalength: 708, _step: 2
2023-07-09 18:41:21,879 - root - INFO - BPP: 16, Transparency: False
2023-07-09 18:41:21,890 - root - INFO - Resource 53 offset: 431560, length: 762...
2023-07-09 18:41:21,890 - root - DEBUG - Reading resource 53...
2023-07-09 18:41:21,890 - root - INFO - The image is bme.
2023-07-09 18:41:21,890 - root - INFO - Reading image header(readHeader16E)...
2023-07-09 18:41:21,890 - root - INFO - Image header was read:
2023-07-09 18:41:21,890 - root - INFO - Width: 20, Height: 29, RowLength: 40
2023-07-09 18:41:21,890 - root - INFO - datalength: 746, _step: 2
2023-07-09 18:41:21,890 - root - INFO - BPP: 16, Transparency: False
2023-07-09 18:41:21,891 - root - INFO - Resource 54 offset: 432322, length: 892...
2023-07-09 18:41:21,891 - root - DEBUG - Reading resource 54...
2023-07-09 18:41:21,891 - root - INFO - The image is bme.
2023-07-09 18:41:21,891 - root - INFO - Reading image header(readHeader16E)...
2023-07-09 18:41:21,891 - root - INFO - Image header was read:
2023-07-09 18:41:21,891 - root - INFO - Width: 20, Height: 29, RowLength: 40
2023-07-09 18:41:21,891 - root - INFO - datalength: 876, _step: 2
2023-07-09 18:41:21,891 - root - INFO - BPP: 16, Transparency: False
2023-07-09 18:41:21,891 - root - INFO - Resource 55 offset: 433214, length: 524...
2023-07-09 18:41:21,891 - root - DEBUG - Reading resource 55...
2023-07-09 18:41:21,891 - root - INFO - The image is bme.
2023-07-09 18:41:21,891 - root - INFO - Reading image header(readHeader16E)...
2023-07-09 18:41:21,891 - root - INFO - Image header was read:
2023-07-09 18:41:21,891 - root - INFO - Width: 20, Height: 29, RowLength: 40
2023-07-09 18:41:21,891 - root - INFO - datalength: 508, _step: 2
2023-07-09 18:41:21,891 - root - INFO - BPP: 16, Transparency: False
2023-07-09 18:41:21,891 - root - INFO - Resource 56 offset: 433738, length: 894...
2023-07-09 18:41:21,891 - root - DEBUG - Reading resource 56...
2023-07-09 18:41:21,891 - root - INFO - The image is bme.
2023-07-09 18:41:21,891 - root - INFO - Reading image header(readHeader16E)...
2023-07-09 18:41:21,891 - root - INFO - Image header was read:
2023-07-09 18:41:21,899 - root - INFO - Width: 20, Height: 29, RowLength: 40
2023-07-09 18:41:21,899 - root - INFO - datalength: 878, _step: 2
2023-07-09 18:41:21,899 - root - INFO - BPP: 16, Transparency: False
2023-07-09 18:41:21,899 - root - INFO - Resource 57 offset: 434632, length: 888...
2023-07-09 18:41:21,899 - root - DEBUG - Reading resource 57...
2023-07-09 18:41:21,899 - root - INFO - The image is bme.
2023-07-09 18:41:21,899 - root - INFO - Reading image header(readHeader16E)...
2023-07-09 18:41:21,899 - root - INFO - Image header was read:
2023-07-09 18:41:21,899 - root - INFO - Width: 20, Height: 29, RowLength: 40
2023-07-09 18:41:21,899 - root - INFO - datalength: 872, _step: 2
2023-07-09 18:41:21,899 - root - INFO - BPP: 16, Transparency: False
2023-07-09 18:41:21,904 - root - INFO - Resource 58 offset: 435520, length: 14956...
2023-07-09 18:41:21,904 - root - DEBUG - Reading resource 58...
2023-07-09 18:41:21,904 - root - INFO - The image is bme.
2023-07-09 18:41:21,904 - root - INFO - Reading image header(readHeader16E)...
2023-07-09 18:41:21,904 - root - INFO - Image header was read:
2023-07-09 18:41:21,904 - root - INFO - Width: 158, Height: 158, RowLength: 316
2023-07-09 18:41:21,904 - root - INFO - datalength: 14940, _step: 2
2023-07-09 18:41:21,904 - root - INFO - BPP: 16, Transparency: False
2023-07-09 18:41:21,949 - root - INFO - Resource 59 offset: 450476, length: 14976...
2023-07-09 18:41:21,949 - root - DEBUG - Reading resource 59...
2023-07-09 18:41:21,949 - root - INFO - The image is bme.
2023-07-09 18:41:21,949 - root - INFO - Reading image header(readHeader16E)...
2023-07-09 18:41:21,949 - root - INFO - Image header was read:
2023-07-09 18:41:21,949 - root - INFO - Width: 158, Height: 158, RowLength: 316
2023-07-09 18:41:21,949 - root - INFO - datalength: 14960, _step: 2
2023-07-09 18:41:21,949 - root - INFO - BPP: 16, Transparency: False
2023-07-09 18:41:21,994 - root - INFO - Resource 60 offset: 465452, length: 14996...
2023-07-09 18:41:21,994 - root - DEBUG - Reading resource 60...
2023-07-09 18:41:21,994 - root - INFO - The image is bme.
2023-07-09 18:41:21,994 - root - INFO - Reading image header(readHeader16E)...
2023-07-09 18:41:21,994 - root - INFO - Image header was read:
2023-07-09 18:41:21,994 - root - INFO - Width: 158, Height: 158, RowLength: 316
2023-07-09 18:41:21,999 - root - INFO - datalength: 14980, _step: 2
2023-07-09 18:41:21,999 - root - INFO - BPP: 16, Transparency: False
2023-07-09 18:41:22,044 - root - INFO - Resource 61 offset: 480448, length: 15014...
2023-07-09 18:41:22,044 - root - DEBUG - Reading resource 61...
2023-07-09 18:41:22,044 - root - INFO - The image is bme.
2023-07-09 18:41:22,044 - root - INFO - Reading image header(readHeader16E)...
2023-07-09 18:41:22,044 - root - INFO - Image header was read:
2023-07-09 18:41:22,044 - root - INFO - Width: 158, Height: 158, RowLength: 316
2023-07-09 18:41:22,044 - root - INFO - datalength: 14998, _step: 2
2023-07-09 18:41:22,044 - root - INFO - BPP: 16, Transparency: False
2023-07-09 18:41:22,090 - root - INFO - Resource 62 offset: 495462, length: 15034...
2023-07-09 18:41:22,090 - root - DEBUG - Reading resource 62...
2023-07-09 18:41:22,090 - root - INFO - The image is bme.
2023-07-09 18:41:22,090 - root - INFO - Reading image header(readHeader16E)...
2023-07-09 18:41:22,090 - root - INFO - Image header was read:
2023-07-09 18:41:22,090 - root - INFO - Width: 158, Height: 158, RowLength: 316
2023-07-09 18:41:22,090 - root - INFO - datalength: 15018, _step: 2
2023-07-09 18:41:22,090 - root - INFO - BPP: 16, Transparency: False
2023-07-09 18:41:22,140 - root - INFO - Resource 63 offset: 510496, length: 15052...
2023-07-09 18:41:22,140 - root - DEBUG - Reading resource 63...
2023-07-09 18:41:22,140 - root - INFO - The image is bme.
2023-07-09 18:41:22,140 - root - INFO - Reading image header(readHeader16E)...
2023-07-09 18:41:22,140 - root - INFO - Image header was read:
2023-07-09 18:41:22,140 - root - INFO - Width: 158, Height: 158, RowLength: 316
2023-07-09 18:41:22,140 - root - INFO - datalength: 15036, _step: 2
2023-07-09 18:41:22,140 - root - INFO - BPP: 16, Transparency: False
2023-07-09 18:41:22,180 - root - INFO - Resource 64 offset: 525548, length: 15072...
2023-07-09 18:41:22,180 - root - DEBUG - Reading resource 64...
2023-07-09 18:41:22,180 - root - INFO - The image is bme.
2023-07-09 18:41:22,180 - root - INFO - Reading image header(readHeader16E)...
2023-07-09 18:41:22,180 - root - INFO - Image header was read:
2023-07-09 18:41:22,190 - root - INFO - Width: 158, Height: 158, RowLength: 316
2023-07-09 18:41:22,190 - root - INFO - datalength: 15056, _step: 2
2023-07-09 18:41:22,190 - root - INFO - BPP: 16, Transparency: False
2023-07-09 18:41:22,229 - root - INFO - Resource 65 offset: 540620, length: 15094...
2023-07-09 18:41:22,229 - root - DEBUG - Reading resource 65...
2023-07-09 18:41:22,229 - root - INFO - The image is bme.
2023-07-09 18:41:22,229 - root - INFO - Reading image header(readHeader16E)...
2023-07-09 18:41:22,229 - root - INFO - Image header was read:
2023-07-09 18:41:22,229 - root - INFO - Width: 158, Height: 158, RowLength: 316
2023-07-09 18:41:22,229 - root - INFO - datalength: 15078, _step: 2
2023-07-09 18:41:22,229 - root - INFO - BPP: 16, Transparency: False
2023-07-09 18:41:22,285 - root - INFO - Resource 66 offset: 555714, length: 15112...
2023-07-09 18:41:22,285 - root - DEBUG - Reading resource 66...
2023-07-09 18:41:22,286 - root - INFO - The image is bme.
2023-07-09 18:41:22,286 - root - INFO - Reading image header(readHeader16E)...
2023-07-09 18:41:22,286 - root - INFO - Image header was read:
2023-07-09 18:41:22,286 - root - INFO - Width: 158, Height: 158, RowLength: 316
2023-07-09 18:41:22,286 - root - INFO - datalength: 15096, _step: 2
2023-07-09 18:41:22,286 - root - INFO - BPP: 16, Transparency: False
2023-07-09 18:41:22,329 - root - INFO - Resource 67 offset: 570826, length: 15020...
2023-07-09 18:41:22,329 - root - DEBUG - Reading resource 67...
2023-07-09 18:41:22,329 - root - INFO - The image is bme.
2023-07-09 18:41:22,329 - root - INFO - Reading image header(readHeader16E)...
2023-07-09 18:41:22,329 - root - INFO - Image header was read:
2023-07-09 18:41:22,329 - root - INFO - Width: 158, Height: 158, RowLength: 316
2023-07-09 18:41:22,329 - root - INFO - datalength: 15004, _step: 2
2023-07-09 18:41:22,329 - root - INFO - BPP: 16, Transparency: False
2023-07-09 18:41:22,379 - root - INFO - Resource 68 offset: 585846, length: 850...
2023-07-09 18:41:22,379 - root - DEBUG - Reading resource 68...
2023-07-09 18:41:22,379 - root - INFO - The image is bme.
2023-07-09 18:41:22,379 - root - INFO - Reading image header(readHeader16E)...
2023-07-09 18:41:22,379 - root - INFO - Image header was read:
2023-07-09 18:41:22,379 - root - INFO - Width: 20, Height: 29, RowLength: 40
2023-07-09 18:41:22,379 - root - INFO - datalength: 834, _step: 2
2023-07-09 18:41:22,379 - root - INFO - BPP: 16, Transparency: False
2023-07-09 18:41:22,379 - root - INFO - Resource 69 offset: 586696, length: 474...
2023-07-09 18:41:22,379 - root - DEBUG - Reading resource 69...
2023-07-09 18:41:22,379 - root - INFO - The image is bme.
2023-07-09 18:41:22,379 - root - INFO - Reading image header(readHeader16E)...
2023-07-09 18:41:22,379 - root - INFO - Image header was read:
2023-07-09 18:41:22,379 - root - INFO - Width: 20, Height: 29, RowLength: 40
2023-07-09 18:41:22,379 - root - INFO - datalength: 458, _step: 2
2023-07-09 18:41:22,379 - root - INFO - BPP: 16, Transparency: False
2023-07-09 18:41:22,379 - root - INFO - Resource 70 offset: 587170, length: 674...
2023-07-09 18:41:22,379 - root - DEBUG - Reading resource 70...
2023-07-09 18:41:22,379 - root - INFO - The image is bme.
2023-07-09 18:41:22,379 - root - INFO - Reading image header(readHeader16E)...
2023-07-09 18:41:22,379 - root - INFO - Image header was read:
2023-07-09 18:41:22,379 - root - INFO - Width: 20, Height: 29, RowLength: 40
2023-07-09 18:41:22,379 - root - INFO - datalength: 658, _step: 2
2023-07-09 18:41:22,379 - root - INFO - BPP: 16, Transparency: False
2023-07-09 18:41:22,389 - root - INFO - Resource 71 offset: 587844, length: 746...
2023-07-09 18:41:22,389 - root - DEBUG - Reading resource 71...
2023-07-09 18:41:22,389 - root - INFO - The image is bme.
2023-07-09 18:41:22,389 - root - INFO - Reading image header(readHeader16E)...
2023-07-09 18:41:22,389 - root - INFO - Image header was read:
2023-07-09 18:41:22,389 - root - INFO - Width: 20, Height: 29, RowLength: 40
2023-07-09 18:41:22,389 - root - INFO - datalength: 730, _step: 2
2023-07-09 18:41:22,389 - root - INFO - BPP: 16, Transparency: False
2023-07-09 18:41:22,389 - root - INFO - Resource 72 offset: 588590, length: 724...
2023-07-09 18:41:22,389 - root - DEBUG - Reading resource 72...
2023-07-09 18:41:22,389 - root - INFO - The image is bme.
2023-07-09 18:41:22,389 - root - INFO - Reading image header(readHeader16E)...
2023-07-09 18:41:22,389 - root - INFO - Image header was read:
2023-07-09 18:41:22,389 - root - INFO - Width: 20, Height: 29, RowLength: 40
2023-07-09 18:41:22,389 - root - INFO - datalength: 708, _step: 2
2023-07-09 18:41:22,389 - root - INFO - BPP: 16, Transparency: False
2023-07-09 18:41:22,389 - root - INFO - Resource 73 offset: 589314, length: 762...
2023-07-09 18:41:22,389 - root - DEBUG - Reading resource 73...
2023-07-09 18:41:22,389 - root - INFO - The image is bme.
2023-07-09 18:41:22,389 - root - INFO - Reading image header(readHeader16E)...
2023-07-09 18:41:22,389 - root - INFO - Image header was read:
2023-07-09 18:41:22,389 - root - INFO - Width: 20, Height: 29, RowLength: 40
2023-07-09 18:41:22,389 - root - INFO - datalength: 746, _step: 2
2023-07-09 18:41:22,389 - root - INFO - BPP: 16, Transparency: False
2023-07-09 18:41:22,389 - root - INFO - Resource 74 offset: 590076, length: 892...
2023-07-09 18:41:22,389 - root - DEBUG - Reading resource 74...
2023-07-09 18:41:22,389 - root - INFO - The image is bme.
2023-07-09 18:41:22,389 - root - INFO - Reading image header(readHeader16E)...
2023-07-09 18:41:22,389 - root - INFO - Image header was read:
2023-07-09 18:41:22,389 - root - INFO - Width: 20, Height: 29, RowLength: 40
2023-07-09 18:41:22,389 - root - INFO - datalength: 876, _step: 2
2023-07-09 18:41:22,389 - root - INFO - BPP: 16, Transparency: False
2023-07-09 18:41:22,400 - root - INFO - Resource 75 offset: 590968, length: 524...
2023-07-09 18:41:22,400 - root - DEBUG - Reading resource 75...
2023-07-09 18:41:22,400 - root - INFO - The image is bme.
2023-07-09 18:41:22,400 - root - INFO - Reading image header(readHeader16E)...
2023-07-09 18:41:22,400 - root - INFO - Image header was read:
2023-07-09 18:41:22,400 - root - INFO - Width: 20, Height: 29, RowLength: 40
2023-07-09 18:41:22,400 - root - INFO - datalength: 508, _step: 2
2023-07-09 18:41:22,400 - root - INFO - BPP: 16, Transparency: False
2023-07-09 18:41:22,400 - root - INFO - Resource 76 offset: 591492, length: 894...
2023-07-09 18:41:22,400 - root - DEBUG - Reading resource 76...
2023-07-09 18:41:22,400 - root - INFO - The image is bme.
2023-07-09 18:41:22,400 - root - INFO - Reading image header(readHeader16E)...
2023-07-09 18:41:22,400 - root - INFO - Image header was read:
2023-07-09 18:41:22,400 - root - INFO - Width: 20, Height: 29, RowLength: 40
2023-07-09 18:41:22,400 - root - INFO - datalength: 878, _step: 2
2023-07-09 18:41:22,400 - root - INFO - BPP: 16, Transparency: False
2023-07-09 18:41:22,404 - root - INFO - Resource 77 offset: 592386, length: 888...
2023-07-09 18:41:22,404 - root - DEBUG - Reading resource 77...
2023-07-09 18:41:22,404 - root - INFO - The image is bme.
2023-07-09 18:41:22,404 - root - INFO - Reading image header(readHeader16E)...
2023-07-09 18:41:22,404 - root - INFO - Image header was read:
2023-07-09 18:41:22,404 - root - INFO - Width: 20, Height: 29, RowLength: 40
2023-07-09 18:41:22,404 - root - INFO - datalength: 872, _step: 2
2023-07-09 18:41:22,404 - root - INFO - BPP: 16, Transparency: False
2023-07-09 18:41:22,409 - root - INFO - Resource 78 offset: 593274, length: 874...
2023-07-09 18:41:22,409 - root - DEBUG - Reading resource 78...
2023-07-09 18:41:22,409 - root - INFO - The image is bme.
2023-07-09 18:41:22,409 - root - INFO - Reading image header(readHeader16E)...
2023-07-09 18:41:22,409 - root - INFO - Image header was read:
2023-07-09 18:41:22,409 - root - INFO - Width: 24, Height: 29, RowLength: 48
2023-07-09 18:41:22,409 - root - INFO - datalength: 858, _step: 2
2023-07-09 18:41:22,409 - root - INFO - BPP: 16, Transparency: False
2023-07-09 18:41:22,409 - root - INFO - Resource 79 offset: 594148, length: 10770...
2023-07-09 18:41:22,409 - root - DEBUG - Reading resource 79...
2023-07-09 18:41:22,409 - root - INFO - The image is bme.
2023-07-09 18:41:22,409 - root - INFO - Reading image header(readHeader16E)...
2023-07-09 18:41:22,409 - root - INFO - Image header was read:
2023-07-09 18:41:22,409 - root - INFO - Width: 158, Height: 158, RowLength: 316
2023-07-09 18:41:22,409 - root - INFO - datalength: 10754, _step: 2
2023-07-09 18:41:22,409 - root - INFO - BPP: 16, Transparency: False
2023-07-09 18:41:22,440 - root - INFO - Resource 80 offset: 604918, length: 10784...
2023-07-09 18:41:22,440 - root - DEBUG - Reading resource 80...
2023-07-09 18:41:22,440 - root - INFO - The image is bme.
2023-07-09 18:41:22,440 - root - INFO - Reading image header(readHeader16E)...
2023-07-09 18:41:22,440 - root - INFO - Image header was read:
2023-07-09 18:41:22,440 - root - INFO - Width: 158, Height: 158, RowLength: 316
2023-07-09 18:41:22,440 - root - INFO - datalength: 10768, _step: 2
2023-07-09 18:41:22,440 - root - INFO - BPP: 16, Transparency: False
2023-07-09 18:41:22,480 - root - INFO - Resource 81 offset: 615702, length: 10796...
2023-07-09 18:41:22,480 - root - DEBUG - Reading resource 81...
2023-07-09 18:41:22,480 - root - INFO - The image is bme.
2023-07-09 18:41:22,480 - root - INFO - Reading image header(readHeader16E)...
2023-07-09 18:41:22,480 - root - INFO - Image header was read:
2023-07-09 18:41:22,480 - root - INFO - Width: 158, Height: 158, RowLength: 316
2023-07-09 18:41:22,480 - root - INFO - datalength: 10780, _step: 2
2023-07-09 18:41:22,482 - root - INFO - BPP: 16, Transparency: False
2023-07-09 18:41:22,514 - root - INFO - Resource 82 offset: 626498, length: 10808...
2023-07-09 18:41:22,514 - root - DEBUG - Reading resource 82...
2023-07-09 18:41:22,514 - root - INFO - The image is bme.
2023-07-09 18:41:22,514 - root - INFO - Reading image header(readHeader16E)...
2023-07-09 18:41:22,514 - root - INFO - Image header was read:
2023-07-09 18:41:22,514 - root - INFO - Width: 158, Height: 158, RowLength: 316
2023-07-09 18:41:22,514 - root - INFO - datalength: 10792, _step: 2
2023-07-09 18:41:22,514 - root - INFO - BPP: 16, Transparency: False
2023-07-09 18:41:22,549 - root - INFO - Resource 83 offset: 637306, length: 10820...
2023-07-09 18:41:22,549 - root - DEBUG - Reading resource 83...
2023-07-09 18:41:22,549 - root - INFO - The image is bme.
2023-07-09 18:41:22,549 - root - INFO - Reading image header(readHeader16E)...
2023-07-09 18:41:22,549 - root - INFO - Image header was read:
2023-07-09 18:41:22,549 - root - INFO - Width: 158, Height: 158, RowLength: 316
2023-07-09 18:41:22,549 - root - INFO - datalength: 10804, _step: 2
2023-07-09 18:41:22,549 - root - INFO - BPP: 16, Transparency: False
2023-07-09 18:41:22,579 - root - INFO - Resource 84 offset: 648126, length: 10826...
2023-07-09 18:41:22,579 - root - DEBUG - Reading resource 84...
2023-07-09 18:41:22,579 - root - INFO - The image is bme.
2023-07-09 18:41:22,579 - root - INFO - Reading image header(readHeader16E)...
2023-07-09 18:41:22,579 - root - INFO - Image header was read:
2023-07-09 18:41:22,579 - root - INFO - Width: 158, Height: 158, RowLength: 316
2023-07-09 18:41:22,579 - root - INFO - datalength: 10810, _step: 2
2023-07-09 18:41:22,579 - root - INFO - BPP: 16, Transparency: False
2023-07-09 18:41:22,610 - root - INFO - Resource 85 offset: 658952, length: 10840...
2023-07-09 18:41:22,610 - root - DEBUG - Reading resource 85...
2023-07-09 18:41:22,610 - root - INFO - The image is bme.
2023-07-09 18:41:22,610 - root - INFO - Reading image header(readHeader16E)...
2023-07-09 18:41:22,620 - root - INFO - Image header was read:
2023-07-09 18:41:22,620 - root - INFO - Width: 158, Height: 158, RowLength: 316
2023-07-09 18:41:22,620 - root - INFO - datalength: 10824, _step: 2
2023-07-09 18:41:22,620 - root - INFO - BPP: 16, Transparency: False
2023-07-09 18:41:22,649 - root - INFO - Resource 86 offset: 669792, length: 10852...
2023-07-09 18:41:22,649 - root - DEBUG - Reading resource 86...
2023-07-09 18:41:22,649 - root - INFO - The image is bme.
2023-07-09 18:41:22,649 - root - INFO - Reading image header(readHeader16E)...
2023-07-09 18:41:22,649 - root - INFO - Image header was read:
2023-07-09 18:41:22,649 - root - INFO - Width: 158, Height: 158, RowLength: 316
2023-07-09 18:41:22,649 - root - INFO - datalength: 10836, _step: 2
2023-07-09 18:41:22,649 - root - INFO - BPP: 16, Transparency: False
2023-07-09 18:41:22,680 - root - INFO - Resource 87 offset: 680644, length: 10866...
2023-07-09 18:41:22,680 - root - DEBUG - Reading resource 87...
2023-07-09 18:41:22,680 - root - INFO - The image is bme.
2023-07-09 18:41:22,680 - root - INFO - Reading image header(readHeader16E)...
2023-07-09 18:41:22,680 - root - INFO - Image header was read:
2023-07-09 18:41:22,680 - root - INFO - Width: 158, Height: 158, RowLength: 316
2023-07-09 18:41:22,680 - root - INFO - datalength: 10850, _step: 2
2023-07-09 18:41:22,680 - root - INFO - BPP: 16, Transparency: False
2023-07-09 18:41:22,722 - root - INFO - Resource 88 offset: 691510, length: 10796...
2023-07-09 18:41:22,722 - root - DEBUG - Reading resource 88...
2023-07-09 18:41:22,722 - root - INFO - The image is bme.
2023-07-09 18:41:22,722 - root - INFO - Reading image header(readHeader16E)...
2023-07-09 18:41:22,722 - root - INFO - Image header was read:
2023-07-09 18:41:22,722 - root - INFO - Width: 158, Height: 158, RowLength: 316
2023-07-09 18:41:22,722 - root - INFO - datalength: 10780, _step: 2
2023-07-09 18:41:22,722 - root - INFO - BPP: 16, Transparency: False
2023-07-09 18:41:22,753 - root - INFO - Resource 89 offset: 702306, length: 6534...
2023-07-09 18:41:22,753 - root - DEBUG - Reading resource 89...
2023-07-09 18:41:22,753 - root - INFO - The image is bme.
2023-07-09 18:41:22,753 - root - INFO - Reading image header(readHeader16E)...
2023-07-09 18:41:22,753 - root - INFO - Image header was read:
2023-07-09 18:41:22,753 - root - INFO - Width: 158, Height: 158, RowLength: 316
2023-07-09 18:41:22,753 - root - INFO - datalength: 6518, _step: 2
2023-07-09 18:41:22,753 - root - INFO - BPP: 16, Transparency: False
2023-07-09 18:41:22,778 - root - INFO - Resource 90 offset: 708840, length: 6548...
2023-07-09 18:41:22,779 - root - DEBUG - Reading resource 90...
2023-07-09 18:41:22,779 - root - INFO - The image is bme.
2023-07-09 18:41:22,779 - root - INFO - Reading image header(readHeader16E)...
2023-07-09 18:41:22,779 - root - INFO - Image header was read:
2023-07-09 18:41:22,779 - root - INFO - Width: 158, Height: 158, RowLength: 316
2023-07-09 18:41:22,779 - root - INFO - datalength: 6532, _step: 2
2023-07-09 18:41:22,779 - root - INFO - BPP: 16, Transparency: False
2023-07-09 18:41:22,800 - root - INFO - Resource 91 offset: 715388, length: 6556...
2023-07-09 18:41:22,801 - root - DEBUG - Reading resource 91...
2023-07-09 18:41:22,801 - root - INFO - The image is bme.
2023-07-09 18:41:22,801 - root - INFO - Reading image header(readHeader16E)...
2023-07-09 18:41:22,801 - root - INFO - Image header was read:
2023-07-09 18:41:22,801 - root - INFO - Width: 158, Height: 158, RowLength: 316
2023-07-09 18:41:22,802 - root - INFO - datalength: 6540, _step: 2
2023-07-09 18:41:22,802 - root - INFO - BPP: 16, Transparency: False
2023-07-09 18:41:22,821 - root - INFO - Resource 92 offset: 721944, length: 6574...
2023-07-09 18:41:22,822 - root - DEBUG - Reading resource 92...
2023-07-09 18:41:22,822 - root - INFO - The image is bme.
2023-07-09 18:41:22,822 - root - INFO - Reading image header(readHeader16E)...
2023-07-09 18:41:22,822 - root - INFO - Image header was read:
2023-07-09 18:41:22,822 - root - INFO - Width: 158, Height: 158, RowLength: 316
2023-07-09 18:41:22,822 - root - INFO - datalength: 6558, _step: 2
2023-07-09 18:41:22,822 - root - INFO - BPP: 16, Transparency: False
2023-07-09 18:41:22,840 - root - INFO - Resource 93 offset: 728518, length: 6584...
2023-07-09 18:41:22,840 - root - DEBUG - Reading resource 93...
2023-07-09 18:41:22,840 - root - INFO - The image is bme.
2023-07-09 18:41:22,840 - root - INFO - Reading image header(readHeader16E)...
2023-07-09 18:41:22,840 - root - INFO - Image header was read:
2023-07-09 18:41:22,844 - root - INFO - Width: 158, Height: 158, RowLength: 316
2023-07-09 18:41:22,844 - root - INFO - datalength: 6568, _step: 2
2023-07-09 18:41:22,844 - root - INFO - BPP: 16, Transparency: False
2023-07-09 18:41:22,863 - root - INFO - Resource 94 offset: 735102, length: 6590...
2023-07-09 18:41:22,863 - root - DEBUG - Reading resource 94...
2023-07-09 18:41:22,863 - root - INFO - The image is bme.
2023-07-09 18:41:22,863 - root - INFO - Reading image header(readHeader16E)...
2023-07-09 18:41:22,863 - root - INFO - Image header was read:
2023-07-09 18:41:22,863 - root - INFO - Width: 158, Height: 158, RowLength: 316
2023-07-09 18:41:22,863 - root - INFO - datalength: 6574, _step: 2
2023-07-09 18:41:22,863 - root - INFO - BPP: 16, Transparency: False
2023-07-09 18:41:22,879 - root - INFO - Resource 95 offset: 741692, length: 6606...
2023-07-09 18:41:22,879 - root - DEBUG - Reading resource 95...
2023-07-09 18:41:22,879 - root - INFO - The image is bme.
2023-07-09 18:41:22,879 - root - INFO - Reading image header(readHeader16E)...
2023-07-09 18:41:22,879 - root - INFO - Image header was read:
2023-07-09 18:41:22,887 - root - INFO - Width: 158, Height: 158, RowLength: 316
2023-07-09 18:41:22,887 - root - INFO - datalength: 6590, _step: 2
2023-07-09 18:41:22,887 - root - INFO - BPP: 16, Transparency: False
2023-07-09 18:41:22,903 - root - INFO - Resource 96 offset: 748298, length: 6612...
2023-07-09 18:41:22,903 - root - DEBUG - Reading resource 96...
2023-07-09 18:41:22,903 - root - INFO - The image is bme.
2023-07-09 18:41:22,903 - root - INFO - Reading image header(readHeader16E)...
2023-07-09 18:41:22,903 - root - INFO - Image header was read:
2023-07-09 18:41:22,903 - root - INFO - Width: 158, Height: 158, RowLength: 316
2023-07-09 18:41:22,903 - root - INFO - datalength: 6596, _step: 2
2023-07-09 18:41:22,903 - root - INFO - BPP: 16, Transparency: False
2023-07-09 18:41:22,924 - root - INFO - Resource 97 offset: 754910, length: 6630...
2023-07-09 18:41:22,924 - root - DEBUG - Reading resource 97...
2023-07-09 18:41:22,924 - root - INFO - The image is bme.
2023-07-09 18:41:22,924 - root - INFO - Reading image header(readHeader16E)...
2023-07-09 18:41:22,924 - root - INFO - Image header was read:
2023-07-09 18:41:22,924 - root - INFO - Width: 158, Height: 158, RowLength: 316
2023-07-09 18:41:22,929 - root - INFO - datalength: 6614, _step: 2
2023-07-09 18:41:22,930 - root - INFO - BPP: 16, Transparency: False
2023-07-09 18:41:22,950 - root - INFO - Resource 98 offset: 761540, length: 6564...
2023-07-09 18:41:22,950 - root - DEBUG - Reading resource 98...
2023-07-09 18:41:22,950 - root - INFO - The image is bme.
2023-07-09 18:41:22,950 - root - INFO - Reading image header(readHeader16E)...
2023-07-09 18:41:22,950 - root - INFO - Image header was read:
2023-07-09 18:41:22,950 - root - INFO - Width: 158, Height: 158, RowLength: 316
2023-07-09 18:41:22,950 - root - INFO - datalength: 6548, _step: 2
2023-07-09 18:41:22,950 - root - INFO - BPP: 16, Transparency: False
2023-07-09 18:41:22,970 - root - DEBUG - Parsing parameters...
2023-07-09 18:41:23,080 - root - DEBUG - 0 Value: None
2023-07-09 18:41:23,080 - root - DEBUG - 0.1 Value: 71
2023-07-09 18:41:23,080 - root - DEBUG - 2 Value: None
2023-07-09 18:41:23,080 - root - DEBUG - 2.1 Value: None
2023-07-09 18:41:23,080 - root - DEBUG - 2.1.1 Value: 0
2023-07-09 18:41:23,080 - root - DEBUG - 2.1.2 Value: 0
2023-07-09 18:41:23,080 - root - DEBUG - 2.1.3 Value: 2
2023-07-09 18:41:23,080 - root - DEBUG - 2.3 Value: None
2023-07-09 18:41:23,080 - root - DEBUG - 2.3.1 Value: 0
2023-07-09 18:41:23,080 - root - DEBUG - 2.3.2 Value: 0
2023-07-09 18:41:23,080 - root - DEBUG - 2.3.3 Value: 1
2023-07-09 18:41:23,080 - root - DEBUG - 2.4 Value: None
2023-07-09 18:41:23,080 - root - DEBUG - 2.4.1 Value: 0
2023-07-09 18:41:23,080 - root - DEBUG - 2.4.2 Value: 0
2023-07-09 18:41:23,080 - root - DEBUG - 2.4.3 Value: 0
2023-07-09 18:41:23,080 - root - DEBUG - 2.5 Value: None
2023-07-09 18:41:23,080 - root - DEBUG - 2.5.1 Value: 0
2023-07-09 18:41:23,080 - root - DEBUG - 2.5.2 Value: 0
2023-07-09 18:41:23,080 - root - DEBUG - 2.5.3 Value: 0
2023-07-09 18:41:23,080 - root - DEBUG - 3 Value: None
2023-07-09 18:41:23,080 - root - DEBUG - 3.1 Value: None
2023-07-09 18:41:23,080 - root - DEBUG - 3.1.1 Value: None
2023-07-09 18:41:23,080 - root - DEBUG - 3.1.1.1 Value: None
2023-07-09 18:41:23,080 - root - DEBUG - 3.1.1.1.1 Value: 17
2023-07-09 18:41:23,080 - root - DEBUG - 3.1.1.1.2 Value: 64
2023-07-09 18:41:23,080 - root - DEBUG - 3.1.1.1.3 Value: 3
2023-07-09 18:41:23,080 - root - DEBUG - 3.1.1.1.4 Value: 10
2023-07-09 18:41:23,080 - root - DEBUG - 3.1.1.2 Value: None
2023-07-09 18:41:23,080 - root - DEBUG - 3.1.1.2.1 Value: 57
2023-07-09 18:41:23,080 - root - DEBUG - 3.1.1.2.2 Value: 64
2023-07-09 18:41:23,080 - root - DEBUG - 3.1.1.2.3 Value: 3
2023-07-09 18:41:23,080 - root - DEBUG - 3.1.1.2.4 Value: 10
2023-07-09 18:41:23,080 - root - DEBUG - 3.1.2 Value: None
2023-07-09 18:41:23,080 - root - DEBUG - 3.1.2.1 Value: None
2023-07-09 18:41:23,080 - root - DEBUG - 3.1.2.1.1 Value: 112
2023-07-09 18:41:23,080 - root - DEBUG - 3.1.2.1.2 Value: 64
2023-07-09 18:41:23,080 - root - DEBUG - 3.1.2.1.3 Value: 3
2023-07-09 18:41:23,080 - root - DEBUG - 3.1.2.1.4 Value: 10
2023-07-09 18:41:23,080 - root - DEBUG - 3.1.2.2 Value: None
2023-07-09 18:41:23,080 - root - DEBUG - 3.1.2.2.1 Value: 152
2023-07-09 18:41:23,080 - root - DEBUG - 3.1.2.2.2 Value: 64
2023-07-09 18:41:23,080 - root - DEBUG - 3.1.2.2.3 Value: 3
2023-07-09 18:41:23,080 - root - DEBUG - 3.1.2.2.4 Value: 10
2023-07-09 18:41:23,080 - root - DEBUG - 3.1.3 Value: None
2023-07-09 18:41:23,080 - root - DEBUG - 3.1.3.1 Value: None
2023-07-09 18:41:23,080 - root - DEBUG - 3.1.3.1.1 Value: 207
2023-07-09 18:41:23,080 - root - DEBUG - 3.1.3.1.2 Value: 64
2023-07-09 18:41:23,080 - root - DEBUG - 3.1.3.1.3 Value: 3
2023-07-09 18:41:23,080 - root - DEBUG - 3.1.3.1.4 Value: 10
2023-07-09 18:41:23,080 - root - DEBUG - 3.1.3.2 Value: None
2023-07-09 18:41:23,080 - root - DEBUG - 3.1.3.2.1 Value: 247
2023-07-09 18:41:23,080 - root - DEBUG - 3.1.3.2.2 Value: 64
2023-07-09 18:41:23,080 - root - DEBUG - 3.1.3.2.3 Value: 3
2023-07-09 18:41:23,090 - root - DEBUG - 3.1.3.2.4 Value: 10
2023-07-09 18:41:23,090 - root - DEBUG - 3.1.7 Value: 0
2023-07-09 18:41:23,090 - root - DEBUG - 3.1.8 Value: 1
2023-07-09 18:41:23,090 - root - DEBUG - 4 Value: None
2023-07-09 18:41:23,090 - root - DEBUG - 4.1 Value: None
2023-07-09 18:41:23,090 - root - DEBUG - 4.1.1 Value: None
2023-07-09 18:41:23,090 - root - DEBUG - 4.1.1.1 Value: 17
2023-07-09 18:41:23,090 - root - DEBUG - 4.1.1.2 Value: 145
2023-07-09 18:41:23,090 - root - DEBUG - 4.1.1.3 Value: 121
2023-07-09 18:41:23,090 - root - DEBUG - 4.1.1.4 Value: 174
2023-07-09 18:41:23,090 - root - DEBUG - 4.1.1.5 Value: 18
2023-07-09 18:41:23,090 - root - DEBUG - 4.1.1.6 Value: 0
2023-07-09 18:41:23,090 - root - DEBUG - 4.1.1.7 Value: 0
2023-07-09 18:41:23,090 - root - DEBUG - 4.1.1.8 Value: 38
2023-07-09 18:41:23,090 - root - DEBUG - 4.1.1.9 Value: 10
2023-07-09 18:41:23,090 - root - DEBUG - 4.3 Value: None
2023-07-09 18:41:23,090 - root - DEBUG - 4.3.1 Value: None
2023-07-09 18:41:23,090 - root - DEBUG - 4.3.1.1 Value: 17
2023-07-09 18:41:23,090 - root - DEBUG - 4.3.1.2 Value: 253
2023-07-09 18:41:23,090 - root - DEBUG - 4.3.1.3 Value: 100
2023-07-09 18:41:23,090 - root - DEBUG - 4.3.1.4 Value: 282
2023-07-09 18:41:23,090 - root - DEBUG - 4.3.1.5 Value: 18
2023-07-09 18:41:23,090 - root - DEBUG - 4.3.1.6 Value: 0
2023-07-09 18:41:23,090 - root - DEBUG - 4.3.1.7 Value: 0
2023-07-09 18:41:23,090 - root - DEBUG - 4.3.1.8 Value: 48
2023-07-09 18:41:23,090 - root - DEBUG - 4.3.1.9 Value: 10
2023-07-09 18:41:23,090 - root - DEBUG - 4.7 Value: 0
2023-07-09 18:41:23,090 - root - DEBUG - 5 Value: None
2023-07-09 18:41:23,090 - root - DEBUG - 5.1 Value: None
2023-07-09 18:41:23,090 - root - DEBUG - 5.1.2 Value: None
2023-07-09 18:41:23,090 - root - DEBUG - 5.1.2.1 Value: None
2023-07-09 18:41:23,090 - root - DEBUG - 5.1.2.1.1 Value: 210
2023-07-09 18:41:23,090 - root - DEBUG - 5.1.2.1.2 Value: 19
2023-07-09 18:41:23,090 - root - DEBUG - 5.1.2.1.3 Value: 284
2023-07-09 18:41:23,090 - root - DEBUG - 5.1.2.1.4 Value: 46
2023-07-09 18:41:23,090 - root - DEBUG - 5.1.2.1.5 Value: 18
2023-07-09 18:41:23,090 - root - DEBUG - 5.1.2.1.6 Value: 0
2023-07-09 18:41:23,090 - root - DEBUG - 5.1.2.1.7 Value: 0
2023-07-09 18:41:23,090 - root - DEBUG - 5.1.2.1.8 Value: 13
2023-07-09 18:41:23,090 - root - DEBUG - 5.1.2.1.9 Value: 10
2023-07-09 18:41:23,090 - root - DEBUG - 5.1.2.2 Value: 23
2023-07-09 18:41:23,090 - root - DEBUG - 5.1.4 Value: 1
2023-07-09 18:41:23,095 - root - DEBUG - 5.1.5 Value: 1
2023-07-09 18:41:23,095 - root - DEBUG - 5.1.6 Value: 0
2023-07-09 18:41:23,095 - root - DEBUG - 5.4 Value: None
2023-07-09 18:41:23,095 - root - DEBUG - 5.4.1 Value: 17
2023-07-09 18:41:23,095 - root - DEBUG - 5.4.2 Value: 19
2023-07-09 18:41:23,095 - root - DEBUG - 5.4.3 Value: 24
2023-07-09 18:41:23,095 - root - DEBUG - 5.4.4 Value: 7
2023-07-09 18:41:23,095 - root - DEBUG - 5.6 Value: None
2023-07-09 18:41:23,095 - root - DEBUG - 5.6.1 Value: 17
2023-07-09 18:41:23,095 - root - DEBUG - 5.6.2 Value: 19
2023-07-09 18:41:23,095 - root - DEBUG - 5.6.3 Value: 31
2023-07-09 18:41:23,095 - root - DEBUG - 5.6.4 Value: 7
2023-07-09 18:41:23,095 - root - DEBUG - 7 Value: None
2023-07-09 18:41:23,095 - root - DEBUG - 7.2 Value: None
2023-07-09 18:41:23,095 - root - DEBUG - 7.2.1 Value: 126
2023-07-09 18:41:23,095 - root - DEBUG - 7.2.2 Value: 139
2023-07-09 18:41:23,095 - root - DEBUG - 7.2.3 Value: 58
2023-07-09 18:41:23,095 - root - DEBUG - 7.2.4 Value: 10
2023-07-09 18:41:23,095 - root - DEBUG - 9 Value: None
2023-07-09 18:41:23,095 - root - DEBUG - 9.1 Value: None
2023-07-09 18:41:23,095 - root - DEBUG - 9.1.1 Value: None
2023-07-09 18:41:23,095 - root - DEBUG - 9.1.1.1 Value: 17
2023-07-09 18:41:23,095 - root - DEBUG - 9.1.1.2 Value: 199
2023-07-09 18:41:23,095 - root - DEBUG - 9.1.1.3 Value: 104
2023-07-09 18:41:23,095 - root - DEBUG - 9.1.1.4 Value: 228
2023-07-09 18:41:23,095 - root - DEBUG - 9.1.1.5 Value: 18
2023-07-09 18:41:23,095 - root - DEBUG - 9.1.1.6 Value: 0
2023-07-09 18:41:23,095 - root - DEBUG - 9.1.1.7 Value: 0
2023-07-09 18:41:23,095 - root - DEBUG - 9.1.1.8 Value: 68
2023-07-09 18:41:23,095 - root - DEBUG - 9.1.1.9 Value: 10
2023-07-09 18:41:23,095 - root - DEBUG - 9.1.4 Value: 78
2023-07-09 18:41:23,095 - root - DEBUG - 9.2 Value: None
2023-07-09 18:41:23,095 - root - DEBUG - 9.2.1 Value: 126
2023-07-09 18:41:23,095 - root - DEBUG - 9.2.2 Value: 139
2023-07-09 18:41:23,099 - root - DEBUG - 9.2.3 Value: 79
2023-07-09 18:41:23,099 - root - DEBUG - 9.2.4 Value: 10
2023-07-09 18:41:23,099 - root - DEBUG - 15 Value: None
2023-07-09 18:41:23,099 - root - DEBUG - 15.2 Value: None
2023-07-09 18:41:23,099 - root - DEBUG - 15.2.1 Value: 126
2023-07-09 18:41:23,099 - root - DEBUG - 15.2.2 Value: 139
2023-07-09 18:41:23,099 - root - DEBUG - 15.2.3 Value: 89
2023-07-09 18:41:23,099 - root - DEBUG - 15.2.4 Value: 10
2023-07-09 18:41:23,099 - root - DEBUG - 0-Info
2023-07-09 18:41:23,099 - root - DEBUG - 0.1-DeviceId
2023-07-09 18:41:23,099 - root - DEBUG - 2-Background
2023-07-09 18:41:23,099 - root - DEBUG - 2.1-Image
2023-07-09 18:41:23,099 - root - DEBUG - 2.1.1-X
2023-07-09 18:41:23,099 - root - DEBUG - 2.1.2-Y
2023-07-09 18:41:23,099 - root - DEBUG - 2.1.3-ImageIndex
2023-07-09 18:41:23,099 - root - DEBUG - 2.3-Preview
2023-07-09 18:41:23,099 - root - DEBUG - 2.3.1-X
2023-07-09 18:41:23,099 - root - DEBUG - 2.3.2-Y
2023-07-09 18:41:23,099 - root - DEBUG - 2.3.3-ImageIndex
2023-07-09 18:41:23,099 - root - DEBUG - 2.4-PreviewTradChinese
2023-07-09 18:41:23,099 - root - DEBUG - 2.4.1-X
2023-07-09 18:41:23,099 - root - DEBUG - 2.4.2-Y
2023-07-09 18:41:23,099 - root - DEBUG - 2.4.3-ImageIndex
2023-07-09 18:41:23,099 - root - DEBUG - 2.5-PreviewChinese
2023-07-09 18:41:23,099 - root - DEBUG - 2.5.1-X
2023-07-09 18:41:23,099 - root - DEBUG - 2.5.2-Y
2023-07-09 18:41:23,099 - root - DEBUG - 2.5.3-ImageIndex
2023-07-09 18:41:23,099 - root - DEBUG - 3-TimeExtended
2023-07-09 18:41:23,099 - root - DEBUG - 3.1-TimeSeparateDigits
2023-07-09 18:41:23,099 - root - DEBUG - 3.1.1-Hours
2023-07-09 18:41:23,099 - root - DEBUG - 3.1.1.1-Tens
2023-07-09 18:41:23,099 - root - DEBUG - 3.1.1.1.1-X
2023-07-09 18:41:23,099 - root - DEBUG - 3.1.1.1.2-Y
2023-07-09 18:41:23,099 - root - DEBUG - 3.1.1.1.3-ImageIndex
2023-07-09 18:41:23,099 - root - DEBUG - 3.1.1.1.4-ImagesCount
2023-07-09 18:41:23,099 - root - DEBUG - 3.1.1.2-Ones
2023-07-09 18:41:23,099 - root - DEBUG - 3.1.1.2.1-X
2023-07-09 18:41:23,099 - root - DEBUG - 3.1.1.2.2-Y
2023-07-09 18:41:23,099 - root - DEBUG - 3.1.1.2.3-ImageIndex
2023-07-09 18:41:23,099 - root - DEBUG - 3.1.1.2.4-ImagesCount
2023-07-09 18:41:23,099 - root - DEBUG - 3.1.2-Minutes
2023-07-09 18:41:23,099 - root - DEBUG - 3.1.2.1-Tens
2023-07-09 18:41:23,099 - root - DEBUG - 3.1.2.1.1-X
2023-07-09 18:41:23,099 - root - DEBUG - 3.1.2.1.2-Y
2023-07-09 18:41:23,099 - root - DEBUG - 3.1.2.1.3-ImageIndex
2023-07-09 18:41:23,099 - root - DEBUG - 3.1.2.1.4-ImagesCount
2023-07-09 18:41:23,099 - root - DEBUG - 3.1.2.2-Ones
2023-07-09 18:41:23,099 - root - DEBUG - 3.1.2.2.1-X
2023-07-09 18:41:23,099 - root - DEBUG - 3.1.2.2.2-Y
2023-07-09 18:41:23,099 - root - DEBUG - 3.1.2.2.3-ImageIndex
2023-07-09 18:41:23,099 - root - DEBUG - 3.1.2.2.4-ImagesCount
2023-07-09 18:41:23,099 - root - DEBUG - 3.1.3-Seconds
2023-07-09 18:41:23,099 - root - DEBUG - 3.1.3.1-Tens
2023-07-09 18:41:23,099 - root - DEBUG - 3.1.3.1.1-X
2023-07-09 18:41:23,099 - root - DEBUG - 3.1.3.1.2-Y
2023-07-09 18:41:23,099 - root - DEBUG - 3.1.3.1.3-ImageIndex
2023-07-09 18:41:23,099 - root - DEBUG - 3.1.3.1.4-ImagesCount
2023-07-09 18:41:23,099 - root - DEBUG - 3.1.3.2-Ones
2023-07-09 18:41:23,099 - root - DEBUG - 3.1.3.2.1-X
2023-07-09 18:41:23,099 - root - DEBUG - 3.1.3.2.2-Y
2023-07-09 18:41:23,099 - root - DEBUG - 3.1.3.2.3-ImageIndex
2023-07-09 18:41:23,099 - root - DEBUG - 3.1.3.2.4-ImagesCount
2023-07-09 18:41:23,099 - root - DEBUG - 3.1.7-UnknowBoolean7
2023-07-09 18:41:23,099 - root - DEBUG - 3.1.8-PaddingZeroMinutes
2023-07-09 18:41:23,110 - root - DEBUG - 4-Activity
2023-07-09 18:41:23,110 - root - DEBUG - 4.1-Steps
2023-07-09 18:41:23,110 - root - DEBUG - 4.1.1-ImageNumber
2023-07-09 18:41:23,110 - root - DEBUG - 4.1.1.1-TopLeftX
2023-07-09 18:41:23,110 - root - DEBUG - 4.1.1.2-TopLeftY
2023-07-09 18:41:23,110 - root - DEBUG - 4.1.1.3-BottomRightX
2023-07-09 18:41:23,111 - root - DEBUG - 4.1.1.4-BottomRightY
2023-07-09 18:41:23,111 - root - DEBUG - 4.1.1.5-Alignment
2023-07-09 18:41:23,111 - root - DEBUG - 4.1.1.6-Spacing
2023-07-09 18:41:23,111 - root - DEBUG - 4.1.1.7-VerticalOffset
2023-07-09 18:41:23,111 - root - DEBUG - 4.1.1.8-ImageIndex
2023-07-09 18:41:23,111 - root - DEBUG - 4.1.1.9-ImagesCount
2023-07-09 18:41:23,111 - root - DEBUG - 4.3-Calories
2023-07-09 18:41:23,111 - root - DEBUG - 4.3.1-ImageNumber
2023-07-09 18:41:23,111 - root - DEBUG - 4.3.1.1-TopLeftX
2023-07-09 18:41:23,111 - root - DEBUG - 4.3.1.2-TopLeftY
2023-07-09 18:41:23,111 - root - DEBUG - 4.3.1.3-BottomRightX
2023-07-09 18:41:23,111 - root - DEBUG - 4.3.1.4-BottomRightY
2023-07-09 18:41:23,111 - root - DEBUG - 4.3.1.5-Alignment
2023-07-09 18:41:23,111 - root - DEBUG - 4.3.1.6-Spacing
2023-07-09 18:41:23,111 - root - DEBUG - 4.3.1.7-VerticalOffset
2023-07-09 18:41:23,111 - root - DEBUG - 4.3.1.8-ImageIndex
2023-07-09 18:41:23,111 - root - DEBUG - 4.3.1.9-ImagesCount
2023-07-09 18:41:23,111 - root - DEBUG - 4.7-UnknownLongValue7
2023-07-09 18:41:23,111 - root - DEBUG - 5-DateBlock
2023-07-09 18:41:23,111 - root - DEBUG - 5.1-Date
2023-07-09 18:41:23,111 - root - DEBUG - 5.1.2-OneLineMonthAndDay
2023-07-09 18:41:23,111 - root - DEBUG - 5.1.2.1-Number
2023-07-09 18:41:23,111 - root - DEBUG - 5.1.2.1.1-TopLeftX
2023-07-09 18:41:23,111 - root - DEBUG - 5.1.2.1.2-TopLeftY
2023-07-09 18:41:23,111 - root - DEBUG - 5.1.2.1.3-BottomRightX
2023-07-09 18:41:23,111 - root - DEBUG - 5.1.2.1.4-BottomRightY
2023-07-09 18:41:23,111 - root - DEBUG - 5.1.2.1.5-Alignment
2023-07-09 18:41:23,111 - root - DEBUG - 5.1.2.1.6-Spacing
2023-07-09 18:41:23,111 - root - DEBUG - 5.1.2.1.7-VerticalOffset
2023-07-09 18:41:23,111 - root - DEBUG - 5.1.2.1.8-ImageIndex
2023-07-09 18:41:23,111 - root - DEBUG - 5.1.2.1.9-ImagesCount
2023-07-09 18:41:23,111 - root - DEBUG - 5.1.2.2-DelimiterImageIndex
2023-07-09 18:41:23,111 - root - DEBUG - 5.1.4-PaddingZeroMonth
2023-07-09 18:41:23,111 - root - DEBUG - 5.1.5-PaddingZeroDay
2023-07-09 18:41:23,111 - root - DEBUG - 5.1.6-UnknownBoolean6
2023-07-09 18:41:23,111 - root - DEBUG - 5.4-Weekday
2023-07-09 18:41:23,111 - root - DEBUG - 5.4.1-X
2023-07-09 18:41:23,111 - root - DEBUG - 5.4.2-Y
2023-07-09 18:41:23,111 - root - DEBUG - 5.4.3-ImageIndex
2023-07-09 18:41:23,111 - root - DEBUG - 5.4.4-ImagesCount
2023-07-09 18:41:23,111 - root - DEBUG - 5.6-WeekdayTradChinese
2023-07-09 18:41:23,111 - root - DEBUG - 5.6.1-X
2023-07-09 18:41:23,111 - root - DEBUG - 5.6.2-Y
2023-07-09 18:41:23,119 - root - DEBUG - 5.6.3-ImageIndex
2023-07-09 18:41:23,119 - root - DEBUG - 5.6.4-ImagesCount
2023-07-09 18:41:23,119 - root - DEBUG - 7-StepProgress
2023-07-09 18:41:23,119 - root - DEBUG - 7.2-ImageProgress
2023-07-09 18:41:23,119 - root - DEBUG - 7.2.1-X
2023-07-09 18:41:23,119 - root - DEBUG - 7.2.2-Y
2023-07-09 18:41:23,119 - root - DEBUG - 7.2.3-ImageIndex
2023-07-09 18:41:23,119 - root - DEBUG - 7.2.4-ImagesCount
2023-07-09 18:41:23,119 - root - DEBUG - 9-Battery
2023-07-09 18:41:23,119 - root - DEBUG - 9.1-BatteryText
2023-07-09 18:41:23,119 - root - DEBUG - 9.1.1-ImageNumber
2023-07-09 18:41:23,119 - root - DEBUG - 9.1.1.1-TopLeftX
2023-07-09 18:41:23,119 - root - DEBUG - 9.1.1.2-TopLeftY
2023-07-09 18:41:23,119 - root - DEBUG - 9.1.1.3-BottomRightX
2023-07-09 18:41:23,119 - root - DEBUG - 9.1.1.4-BottomRightY
2023-07-09 18:41:23,119 - root - DEBUG - 9.1.1.5-Alignment
2023-07-09 18:41:23,119 - root - DEBUG - 9.1.1.6-Spacing
2023-07-09 18:41:23,119 - root - DEBUG - 9.1.1.7-VerticalOffset
2023-07-09 18:41:23,119 - root - DEBUG - 9.1.1.8-ImageIndex
2023-07-09 18:41:23,119 - root - DEBUG - 9.1.1.9-ImagesCount
2023-07-09 18:41:23,119 - root - DEBUG - 9.1.4-SuffixImageIndex
2023-07-09 18:41:23,119 - root - DEBUG - 9.2-ImageProgress
2023-07-09 18:41:23,119 - root - DEBUG - 9.2.1-X
2023-07-09 18:41:23,119 - root - DEBUG - 9.2.2-Y
2023-07-09 18:41:23,119 - root - DEBUG - 9.2.3-ImageIndex
2023-07-09 18:41:23,119 - root - DEBUG - 9.2.4-ImagesCount
2023-07-09 18:41:23,119 - root - DEBUG - 15-CaloriesProgress
2023-07-09 18:41:23,119 - root - DEBUG - 15.2-ImageProgress
2023-07-09 18:41:23,119 - root - DEBUG - 15.2.1-X
2023-07-09 18:41:23,124 - root - DEBUG - 15.2.2-Y
2023-07-09 18:41:23,124 - root - DEBUG - 15.2.3-ImageIndex
2023-07-09 18:41:23,124 - root - DEBUG - 15.2.4-ImagesCount
2023-07-09 18:41:23,124 - root - DEBUG - generatePreviews
2023-07-09 18:41:23,124 - root - DEBUG - Generating previews...
2023-07-09 18:41:23,127 - root - DEBUG - Generating states done...
2023-07-09 18:41:23,130 - root - DEBUG - >>>>>>>>>>>> 0 <watchFaceParser.models.parameter.Parameter object at 0x000001E46ED40070>
2023-07-09 18:41:23,130 - root - DEBUG - >>>>>>>>>>>> 2 <watchFaceParser.models.parameter.Parameter object at 0x000001E46ED39850>
2023-07-09 18:41:23,143 - root - DEBUG - >>>>>>>>>>>> 3 <watchFaceParser.models.parameter.Parameter object at 0x000001E46ED39190>
2023-07-09 18:41:23,150 - root - DEBUG - >>>>>>>>>>>> 4 <watchFaceParser.models.parameter.Parameter object at 0x000001E46ED3BF10>
2023-07-09 18:41:23,163 - root - DEBUG - >>>>>>>>>>>> 5 <watchFaceParser.models.parameter.Parameter object at 0x000001E46ED3CA30>
2023-07-09 18:41:23,175 - root - DEBUG - >>>>>>>>>>>> 7 <watchFaceParser.models.parameter.Parameter object at 0x000001E46ED3F6A0>
2023-07-09 18:41:23,175 - root - DEBUG - >>>>>>>>>>>> 9 <watchFaceParser.models.parameter.Parameter object at 0x000001E46ED3FE80>
2023-07-09 18:41:23,180 - root - DEBUG - >>>>>>>>>>>> 15 <watchFaceParser.models.parameter.Parameter object at 0x000001E46ED19850>
2023-07-09 18:41:23,190 - root - DEBUG - Generating static preview gen done...
2023-07-09 18:41:23,280 - root - DEBUG - Generating static preview save done...
2023-07-09 18:41:23,280 - root - DEBUG - Generating anim preview gen done...
2023-07-09 18:41:23,280 - root - DEBUG - >>>>>>>>>>>> 0 <watchFaceParser.models.parameter.Parameter object at 0x000001E46ED40070>
2023-07-09 18:41:23,280 - root - DEBUG - >>>>>>>>>>>> 2 <watchFaceParser.models.parameter.Parameter object at 0x000001E46ED39850>
2023-07-09 18:41:23,280 - root - DEBUG - >>>>>>>>>>>> 3 <watchFaceParser.models.parameter.Parameter object at 0x000001E46ED39190>
2023-07-09 18:41:23,280 - root - DEBUG - >>>>>>>>>>>> 4 <watchFaceParser.models.parameter.Parameter object at 0x000001E46ED3BF10>
2023-07-09 18:41:23,280 - root - DEBUG - >>>>>>>>>>>> 5 <watchFaceParser.models.parameter.Parameter object at 0x000001E46ED3CA30>
2023-07-09 18:41:23,280 - root - DEBUG - >>>>>>>>>>>> 7 <watchFaceParser.models.parameter.Parameter object at 0x000001E46ED3F6A0>
2023-07-09 18:41:23,280 - root - DEBUG - >>>>>>>>>>>> 9 <watchFaceParser.models.parameter.Parameter object at 0x000001E46ED3FE80>
2023-07-09 18:41:23,280 - root - DEBUG - >>>>>>>>>>>> 15 <watchFaceParser.models.parameter.Parameter object at 0x000001E46ED19850>
2023-07-09 18:41:23,436 - root - DEBUG - generatePreviews done
2023-07-09 18:41:23,436 - root - DEBUG - Exporting resources to 'E:\Codez\zepp-bipupro-wf\5854e8b801a14254cc18d553ea580188'
2023-07-09 18:41:23,440 - root - DEBUG - extracting E:\Codez\zepp-bipupro-wf\5854e8b801a14254cc18d553ea580188\0000.png...
2023-07-09 18:41:23,452 - root - DEBUG - extracting E:\Codez\zepp-bipupro-wf\5854e8b801a14254cc18d553ea580188\0001.png...
2023-07-09 18:41:23,464 - root - DEBUG - extracting E:\Codez\zepp-bipupro-wf\5854e8b801a14254cc18d553ea580188\0002.png...
2023-07-09 18:41:23,479 - root - DEBUG - extracting E:\Codez\zepp-bipupro-wf\5854e8b801a14254cc18d553ea580188\0003.png...
2023-07-09 18:41:23,479 - root - DEBUG - extracting E:\Codez\zepp-bipupro-wf\5854e8b801a14254cc18d553ea580188\0004.png...
2023-07-09 18:41:23,479 - root - DEBUG - extracting E:\Codez\zepp-bipupro-wf\5854e8b801a14254cc18d553ea580188\0005.png...
2023-07-09 18:41:23,483 - root - DEBUG - extracting E:\Codez\zepp-bipupro-wf\5854e8b801a14254cc18d553ea580188\0006.png...
2023-07-09 18:41:23,483 - root - DEBUG - extracting E:\Codez\zepp-bipupro-wf\5854e8b801a14254cc18d553ea580188\0007.png...
2023-07-09 18:41:23,483 - root - DEBUG - extracting E:\Codez\zepp-bipupro-wf\5854e8b801a14254cc18d553ea580188\0008.png...
2023-07-09 18:41:23,483 - root - DEBUG - extracting E:\Codez\zepp-bipupro-wf\5854e8b801a14254cc18d553ea580188\0009.png...
2023-07-09 18:41:23,483 - root - DEBUG - extracting E:\Codez\zepp-bipupro-wf\5854e8b801a14254cc18d553ea580188\0010.png...
2023-07-09 18:41:23,490 - root - DEBUG - extracting E:\Codez\zepp-bipupro-wf\5854e8b801a14254cc18d553ea580188\0011.png...
2023-07-09 18:41:23,490 - root - DEBUG - extracting E:\Codez\zepp-bipupro-wf\5854e8b801a14254cc18d553ea580188\0012.png...
2023-07-09 18:41:23,490 - root - DEBUG - extracting E:\Codez\zepp-bipupro-wf\5854e8b801a14254cc18d553ea580188\0013.png...
2023-07-09 18:41:23,490 - root - DEBUG - extracting E:\Codez\zepp-bipupro-wf\5854e8b801a14254cc18d553ea580188\0014.png...
2023-07-09 18:41:23,490 - root - DEBUG - extracting E:\Codez\zepp-bipupro-wf\5854e8b801a14254cc18d553ea580188\0015.png...
2023-07-09 18:41:23,490 - root - DEBUG - extracting E:\Codez\zepp-bipupro-wf\5854e8b801a14254cc18d553ea580188\0016.png...
2023-07-09 18:41:23,490 - root - DEBUG - extracting E:\Codez\zepp-bipupro-wf\5854e8b801a14254cc18d553ea580188\0017.png...
2023-07-09 18:41:23,490 - root - DEBUG - extracting E:\Codez\zepp-bipupro-wf\5854e8b801a14254cc18d553ea580188\0018.png...
2023-07-09 18:41:23,490 - root - DEBUG - extracting E:\Codez\zepp-bipupro-wf\5854e8b801a14254cc18d553ea580188\0019.png...
2023-07-09 18:41:23,500 - root - DEBUG - extracting E:\Codez\zepp-bipupro-wf\5854e8b801a14254cc18d553ea580188\0020.png...
2023-07-09 18:41:23,500 - root - DEBUG - extracting E:\Codez\zepp-bipupro-wf\5854e8b801a14254cc18d553ea580188\0021.png...
2023-07-09 18:41:23,500 - root - DEBUG - extracting E:\Codez\zepp-bipupro-wf\5854e8b801a14254cc18d553ea580188\0022.png...
2023-07-09 18:41:23,500 - root - DEBUG - extracting E:\Codez\zepp-bipupro-wf\5854e8b801a14254cc18d553ea580188\0023.png...
2023-07-09 18:41:23,500 - root - DEBUG - extracting E:\Codez\zepp-bipupro-wf\5854e8b801a14254cc18d553ea580188\0024.png...
2023-07-09 18:41:23,500 - root - DEBUG - extracting E:\Codez\zepp-bipupro-wf\5854e8b801a14254cc18d553ea580188\0025.png...
2023-07-09 18:41:23,500 - root - DEBUG - extracting E:\Codez\zepp-bipupro-wf\5854e8b801a14254cc18d553ea580188\0026.png...
2023-07-09 18:41:23,500 - root - DEBUG - extracting E:\Codez\zepp-bipupro-wf\5854e8b801a14254cc18d553ea580188\0027.png...
2023-07-09 18:41:23,500 - root - DEBUG - extracting E:\Codez\zepp-bipupro-wf\5854e8b801a14254cc18d553ea580188\0028.png...
2023-07-09 18:41:23,510 - root - DEBUG - extracting E:\Codez\zepp-bipupro-wf\5854e8b801a14254cc18d553ea580188\0029.png...
2023-07-09 18:41:23,510 - root - DEBUG - extracting E:\Codez\zepp-bipupro-wf\5854e8b801a14254cc18d553ea580188\0030.png...
2023-07-09 18:41:23,510 - root - DEBUG - extracting E:\Codez\zepp-bipupro-wf\5854e8b801a14254cc18d553ea580188\0031.png...
2023-07-09 18:41:23,510 - root - DEBUG - extracting E:\Codez\zepp-bipupro-wf\5854e8b801a14254cc18d553ea580188\0032.png...
2023-07-09 18:41:23,516 - root - DEBUG - extracting E:\Codez\zepp-bipupro-wf\5854e8b801a14254cc18d553ea580188\0033.png...
2023-07-09 18:41:23,516 - root - DEBUG - extracting E:\Codez\zepp-bipupro-wf\5854e8b801a14254cc18d553ea580188\0034.png...
2023-07-09 18:41:23,516 - root - DEBUG - extracting E:\Codez\zepp-bipupro-wf\5854e8b801a14254cc18d553ea580188\0035.png...
2023-07-09 18:41:23,520 - root - DEBUG - extracting E:\Codez\zepp-bipupro-wf\5854e8b801a14254cc18d553ea580188\0036.png...
2023-07-09 18:41:23,520 - root - DEBUG - extracting E:\Codez\zepp-bipupro-wf\5854e8b801a14254cc18d553ea580188\0037.png...
2023-07-09 18:41:23,520 - root - DEBUG - extracting E:\Codez\zepp-bipupro-wf\5854e8b801a14254cc18d553ea580188\0038.png...
2023-07-09 18:41:23,520 - root - DEBUG - extracting E:\Codez\zepp-bipupro-wf\5854e8b801a14254cc18d553ea580188\0039.png...
2023-07-09 18:41:23,520 - root - DEBUG - extracting E:\Codez\zepp-bipupro-wf\5854e8b801a14254cc18d553ea580188\0040.png...
2023-07-09 18:41:23,520 - root - DEBUG - extracting E:\Codez\zepp-bipupro-wf\5854e8b801a14254cc18d553ea580188\0041.png...
2023-07-09 18:41:23,520 - root - DEBUG - extracting E:\Codez\zepp-bipupro-wf\5854e8b801a14254cc18d553ea580188\0042.png...
2023-07-09 18:41:23,520 - root - DEBUG - extracting E:\Codez\zepp-bipupro-wf\5854e8b801a14254cc18d553ea580188\0043.png...
2023-07-09 18:41:23,520 - root - DEBUG - extracting E:\Codez\zepp-bipupro-wf\5854e8b801a14254cc18d553ea580188\0044.png...
2023-07-09 18:41:23,520 - root - DEBUG - extracting E:\Codez\zepp-bipupro-wf\5854e8b801a14254cc18d553ea580188\0045.png...
2023-07-09 18:41:23,530 - root - DEBUG - extracting E:\Codez\zepp-bipupro-wf\5854e8b801a14254cc18d553ea580188\0046.png...
2023-07-09 18:41:23,531 - root - DEBUG - extracting E:\Codez\zepp-bipupro-wf\5854e8b801a14254cc18d553ea580188\0047.png...
2023-07-09 18:41:23,531 - root - DEBUG - extracting E:\Codez\zepp-bipupro-wf\5854e8b801a14254cc18d553ea580188\0048.png...
2023-07-09 18:41:23,531 - root - DEBUG - extracting E:\Codez\zepp-bipupro-wf\5854e8b801a14254cc18d553ea580188\0049.png...
2023-07-09 18:41:23,531 - root - DEBUG - extracting E:\Codez\zepp-bipupro-wf\5854e8b801a14254cc18d553ea580188\0050.png...
2023-07-09 18:41:23,531 - root - DEBUG - extracting E:\Codez\zepp-bipupro-wf\5854e8b801a14254cc18d553ea580188\0051.png...
2023-07-09 18:41:23,531 - root - DEBUG - extracting E:\Codez\zepp-bipupro-wf\5854e8b801a14254cc18d553ea580188\0052.png...
2023-07-09 18:41:23,531 - root - DEBUG - extracting E:\Codez\zepp-bipupro-wf\5854e8b801a14254cc18d553ea580188\0053.png...
2023-07-09 18:41:23,531 - root - DEBUG - extracting E:\Codez\zepp-bipupro-wf\5854e8b801a14254cc18d553ea580188\0054.png...
2023-07-09 18:41:23,539 - root - DEBUG - extracting E:\Codez\zepp-bipupro-wf\5854e8b801a14254cc18d553ea580188\0055.png...
2023-07-09 18:41:23,539 - root - DEBUG - extracting E:\Codez\zepp-bipupro-wf\5854e8b801a14254cc18d553ea580188\0056.png...
2023-07-09 18:41:23,539 - root - DEBUG - extracting E:\Codez\zepp-bipupro-wf\5854e8b801a14254cc18d553ea580188\0057.png...
2023-07-09 18:41:23,539 - root - DEBUG - extracting E:\Codez\zepp-bipupro-wf\5854e8b801a14254cc18d553ea580188\0058.png...
2023-07-09 18:41:23,547 - root - DEBUG - extracting E:\Codez\zepp-bipupro-wf\5854e8b801a14254cc18d553ea580188\0059.png...
2023-07-09 18:41:23,554 - root - DEBUG - extracting E:\Codez\zepp-bipupro-wf\5854e8b801a14254cc18d553ea580188\0060.png...
2023-07-09 18:41:23,560 - root - DEBUG - extracting E:\Codez\zepp-bipupro-wf\5854e8b801a14254cc18d553ea580188\0061.png...
2023-07-09 18:41:23,564 - root - DEBUG - extracting E:\Codez\zepp-bipupro-wf\5854e8b801a14254cc18d553ea580188\0062.png...
2023-07-09 18:41:23,570 - root - DEBUG - extracting E:\Codez\zepp-bipupro-wf\5854e8b801a14254cc18d553ea580188\0063.png...
2023-07-09 18:41:23,570 - root - DEBUG - extracting E:\Codez\zepp-bipupro-wf\5854e8b801a14254cc18d553ea580188\0064.png...
2023-07-09 18:41:23,580 - root - DEBUG - extracting E:\Codez\zepp-bipupro-wf\5854e8b801a14254cc18d553ea580188\0065.png...
2023-07-09 18:41:23,580 - root - DEBUG - extracting E:\Codez\zepp-bipupro-wf\5854e8b801a14254cc18d553ea580188\0066.png...
2023-07-09 18:41:23,590 - root - DEBUG - extracting E:\Codez\zepp-bipupro-wf\5854e8b801a14254cc18d553ea580188\0067.png...
2023-07-09 18:41:23,600 - root - DEBUG - extracting E:\Codez\zepp-bipupro-wf\5854e8b801a14254cc18d553ea580188\0068.png...
2023-07-09 18:41:23,600 - root - DEBUG - extracting E:\Codez\zepp-bipupro-wf\5854e8b801a14254cc18d553ea580188\0069.png...
2023-07-09 18:41:23,600 - root - DEBUG - extracting E:\Codez\zepp-bipupro-wf\5854e8b801a14254cc18d553ea580188\0070.png...
2023-07-09 18:41:23,600 - root - DEBUG - extracting E:\Codez\zepp-bipupro-wf\5854e8b801a14254cc18d553ea580188\0071.png...
2023-07-09 18:41:23,600 - root - DEBUG - extracting E:\Codez\zepp-bipupro-wf\5854e8b801a14254cc18d553ea580188\0072.png...
2023-07-09 18:41:23,600 - root - DEBUG - extracting E:\Codez\zepp-bipupro-wf\5854e8b801a14254cc18d553ea580188\0073.png...
2023-07-09 18:41:23,600 - root - DEBUG - extracting E:\Codez\zepp-bipupro-wf\5854e8b801a14254cc18d553ea580188\0074.png...
2023-07-09 18:41:23,600 - root - DEBUG - extracting E:\Codez\zepp-bipupro-wf\5854e8b801a14254cc18d553ea580188\0075.png...
2023-07-09 18:41:23,600 - root - DEBUG - extracting E:\Codez\zepp-bipupro-wf\5854e8b801a14254cc18d553ea580188\0076.png...
2023-07-09 18:41:23,610 - root - DEBUG - extracting E:\Codez\zepp-bipupro-wf\5854e8b801a14254cc18d553ea580188\0077.png...
2023-07-09 18:41:23,610 - root - DEBUG - extracting E:\Codez\zepp-bipupro-wf\5854e8b801a14254cc18d553ea580188\0078.png...
2023-07-09 18:41:23,612 - root - DEBUG - extracting E:\Codez\zepp-bipupro-wf\5854e8b801a14254cc18d553ea580188\0079.png...
2023-07-09 18:41:23,612 - root - DEBUG - extracting E:\Codez\zepp-bipupro-wf\5854e8b801a14254cc18d553ea580188\0080.png...
2023-07-09 18:41:23,620 - root - DEBUG - extracting E:\Codez\zepp-bipupro-wf\5854e8b801a14254cc18d553ea580188\0081.png...
2023-07-09 18:41:23,620 - root - DEBUG - extracting E:\Codez\zepp-bipupro-wf\5854e8b801a14254cc18d553ea580188\0082.png...
2023-07-09 18:41:23,629 - root - DEBUG - extracting E:\Codez\zepp-bipupro-wf\5854e8b801a14254cc18d553ea580188\0083.png...
2023-07-09 18:41:23,629 - root - DEBUG - extracting E:\Codez\zepp-bipupro-wf\5854e8b801a14254cc18d553ea580188\0084.png...
2023-07-09 18:41:23,640 - root - DEBUG - extracting E:\Codez\zepp-bipupro-wf\5854e8b801a14254cc18d553ea580188\0085.png...
2023-07-09 18:41:23,644 - root - DEBUG - extracting E:\Codez\zepp-bipupro-wf\5854e8b801a14254cc18d553ea580188\0086.png...
2023-07-09 18:41:23,650 - root - DEBUG - extracting E:\Codez\zepp-bipupro-wf\5854e8b801a14254cc18d553ea580188\0087.png...
2023-07-09 18:41:23,650 - root - DEBUG - extracting E:\Codez\zepp-bipupro-wf\5854e8b801a14254cc18d553ea580188\0088.png...
2023-07-09 18:41:23,664 - root - DEBUG - extracting E:\Codez\zepp-bipupro-wf\5854e8b801a14254cc18d553ea580188\0089.png...
2023-07-09 18:41:23,664 - root - DEBUG - extracting E:\Codez\zepp-bipupro-wf\5854e8b801a14254cc18d553ea580188\0090.png...
2023-07-09 18:41:23,670 - root - DEBUG - extracting E:\Codez\zepp-bipupro-wf\5854e8b801a14254cc18d553ea580188\0091.png...
2023-07-09 18:41:23,676 - root - DEBUG - extracting E:\Codez\zepp-bipupro-wf\5854e8b801a14254cc18d553ea580188\0092.png...
2023-07-09 18:41:23,680 - root - DEBUG - extracting E:\Codez\zepp-bipupro-wf\5854e8b801a14254cc18d553ea580188\0093.png...
2023-07-09 18:41:23,680 - root - DEBUG - extracting E:\Codez\zepp-bipupro-wf\5854e8b801a14254cc18d553ea580188\0094.png...
2023-07-09 18:41:23,690 - root - DEBUG - extracting E:\Codez\zepp-bipupro-wf\5854e8b801a14254cc18d553ea580188\0095.png...
2023-07-09 18:41:23,692 - root - DEBUG - extracting E:\Codez\zepp-bipupro-wf\5854e8b801a14254cc18d553ea580188\0096.png...
2023-07-09 18:41:23,692 - root - DEBUG - extracting E:\Codez\zepp-bipupro-wf\5854e8b801a14254cc18d553ea580188\0097.png...
2023-07-09 18:41:23,700 - root - DEBUG - extracting E:\Codez\zepp-bipupro-wf\5854e8b801a14254cc18d553ea580188\0098.png...
2023-07-09 18:41:23,708 - root - DEBUG - Exporting config...
