2022-01-06 08:41:25,948 - root - DEBUG - Opening watch face 'E:\Codez\zepp-bipupro-wf\425026f7086c79bd75f71beed101951e.bin'
2022-01-06 08:41:25,964 - root - DEBUG - Reading parameters...
2022-01-06 08:41:25,964 - root - INFO - Reading header...
2022-01-06 08:41:25,964 - root - INFO - Header was read:
2022-01-06 08:41:25,964 - root - INFO - Signature: b'UIHH\x01\x00\xff', Unknown: 114, ParametersSize: 39, isValid: True, deviceId: 71
2022-01-06 08:41:25,964 - root - INFO - Reading parameter offsets...
2022-01-06 08:41:25,964 - root - INFO - Parameter offsets were read from file
2022-01-06 08:41:25,964 - root - INFO - Reading parameters descriptor...
2022-01-06 08:41:25,964 - root - INFO - 1 ( A): 5 bytes
2022-01-06 08:41:25,964 - root - INFO -     1 ( 8): 388 184
2022-01-06 08:41:25,964 - root - INFO -     2 (10): 77 4D
2022-01-06 08:41:25,964 - root - INFO - getParameters descriptor was read:
2022-01-06 08:41:25,964 - root - INFO - ParametersTableLength: 388, ImagesCount: 77
2022-01-06 08:41:25,964 - root - INFO - Reading parameters locations...
2022-01-06 08:41:25,964 - root - INFO - 2 (12): 4 bytes
2022-01-06 08:41:25,964 - root - INFO -     1 ( 8): 0  0
2022-01-06 08:41:25,964 - root - INFO -     2 (10): 32 20
2022-01-06 08:41:25,964 - root - INFO - 3 (1A): 4 bytes
2022-01-06 08:41:25,964 - root - INFO -     1 ( 8): 32 20
2022-01-06 08:41:25,964 - root - INFO -     2 (10): 78 4E
2022-01-06 08:41:25,964 - root - INFO - 4 (22): 5 bytes
2022-01-06 08:41:25,964 - root - INFO -     1 ( 8): 165 A5
2022-01-06 08:41:25,964 - root - INFO -     2 (10): 114 72
2022-01-06 08:41:25,964 - root - INFO - 5 (2A): 4 bytes
2022-01-06 08:41:25,964 - root - INFO -     1 ( 8): 110 6E
2022-01-06 08:41:25,964 - root - INFO -     2 (10): 55 37
2022-01-06 08:41:25,964 - root - INFO - 9 (4A): 5 bytes
2022-01-06 08:41:25,964 - root - INFO -     1 ( 8): 279 117
2022-01-06 08:41:25,964 - root - INFO -     2 (10): 109 6D
2022-01-06 08:41:25,964 - root - INFO - Watch face parameters locations were read:
2022-01-06 08:41:25,964 - root - INFO - Reading descriptor for parameter 2
2022-01-06 08:41:25,964 - root - INFO - Descriptor offset: 0, Descriptor length: 32
2022-01-06 08:41:25,964 - root - INFO - Parsing descriptor for parameter 2...
2022-01-06 08:41:25,964 - root - INFO - 1 ( A): 6 bytes
2022-01-06 08:41:25,964 - root - INFO -     1 ( 8): 0  0
2022-01-06 08:41:25,964 - root - INFO -     2 (10): 0  0
2022-01-06 08:41:25,964 - root - INFO -     3 (18): 1  1
2022-01-06 08:41:25,964 - root - INFO - 3 (1A): 6 bytes
2022-01-06 08:41:25,964 - root - INFO -     1 ( 8): 0  0
2022-01-06 08:41:25,964 - root - INFO -     2 (10): 0  0
2022-01-06 08:41:25,964 - root - INFO -     3 (18): 0  0
2022-01-06 08:41:25,964 - root - INFO - 4 (22): 6 bytes
2022-01-06 08:41:25,964 - root - INFO -     1 ( 8): 0  0
2022-01-06 08:41:25,964 - root - INFO -     2 (10): 0  0
2022-01-06 08:41:25,964 - root - INFO -     3 (18): 0  0
2022-01-06 08:41:25,964 - root - INFO - 5 (2A): 6 bytes
2022-01-06 08:41:25,964 - root - INFO -     1 ( 8): 0  0
2022-01-06 08:41:25,964 - root - INFO -     2 (10): 0  0
2022-01-06 08:41:25,964 - root - INFO -     3 (18): 0  0
2022-01-06 08:41:25,964 - root - INFO - Reading descriptor for parameter 3
2022-01-06 08:41:25,964 - root - INFO - Descriptor offset: 32, Descriptor length: 78
2022-01-06 08:41:25,964 - root - INFO - Parsing descriptor for parameter 3...
2022-01-06 08:41:25,964 - root - INFO - 1 ( A): 76 bytes
2022-01-06 08:41:25,964 - root - INFO -     1 ( A): 20 bytes
2022-01-06 08:41:25,964 - root - INFO -         1 ( A): 8 bytes
2022-01-06 08:41:25,964 - root - INFO -             1 ( 8): 16 10
2022-01-06 08:41:25,964 - root - INFO -             2 (10): 123 7B
2022-01-06 08:41:25,964 - root - INFO -             3 (18): 2  2
2022-01-06 08:41:25,964 - root - INFO -             4 (20): 10  A
2022-01-06 08:41:25,964 - root - INFO -         2 (12): 8 bytes
2022-01-06 08:41:25,964 - root - INFO -             1 ( 8): 69 45
2022-01-06 08:41:25,964 - root - INFO -             2 (10): 123 7B
2022-01-06 08:41:25,964 - root - INFO -             3 (18): 2  2
2022-01-06 08:41:25,964 - root - INFO -             4 (20): 10  A
2022-01-06 08:41:25,964 - root - INFO -     2 (12): 22 bytes
2022-01-06 08:41:25,964 - root - INFO -         1 ( A): 9 bytes
2022-01-06 08:41:25,964 - root - INFO -             1 ( 8): 148 94
2022-01-06 08:41:25,964 - root - INFO -             2 (10): 123 7B
2022-01-06 08:41:25,964 - root - INFO -             3 (18): 2  2
2022-01-06 08:41:25,964 - root - INFO -             4 (20): 10  A
2022-01-06 08:41:25,964 - root - INFO -         2 (12): 9 bytes
2022-01-06 08:41:25,964 - root - INFO -             1 ( 8): 201 C9
2022-01-06 08:41:25,964 - root - INFO -             2 (10): 123 7B
2022-01-06 08:41:25,964 - root - INFO -             3 (18): 2  2
2022-01-06 08:41:25,964 - root - INFO -             4 (20): 10  A
2022-01-06 08:41:25,964 - root - INFO -     3 (1A): 24 bytes
2022-01-06 08:41:25,964 - root - INFO -         1 ( A): 10 bytes
2022-01-06 08:41:25,964 - root - INFO -             1 ( 8): 256 100
2022-01-06 08:41:25,964 - root - INFO -             2 (10): 175 AF
2022-01-06 08:41:25,964 - root - INFO -             3 (18): 12  C
2022-01-06 08:41:25,964 - root - INFO -             4 (20): 10  A
2022-01-06 08:41:25,964 - root - INFO -         2 (12): 10 bytes
2022-01-06 08:41:25,964 - root - INFO -             1 ( 8): 271 10F
2022-01-06 08:41:25,964 - root - INFO -             2 (10): 175 AF
2022-01-06 08:41:25,964 - root - INFO -             3 (18): 12  C
2022-01-06 08:41:25,964 - root - INFO -             4 (20): 10  A
2022-01-06 08:41:25,964 - root - INFO -     7 (38): 0  0
2022-01-06 08:41:25,964 - root - INFO -     8 (40): 1  1
2022-01-06 08:41:25,964 - root - INFO - Reading descriptor for parameter 4
2022-01-06 08:41:25,964 - root - INFO - Descriptor offset: 165, Descriptor length: 114
2022-01-06 08:41:25,964 - root - INFO - Parsing descriptor for parameter 4...
2022-01-06 08:41:25,964 - root - INFO - 1 ( A): 22 bytes
2022-01-06 08:41:25,979 - root - INFO -     1 ( A): 20 bytes
2022-01-06 08:41:25,979 - root - INFO -         1 ( 8): 45 2D
2022-01-06 08:41:25,979 - root - INFO -         2 (10): 286 11E
2022-01-06 08:41:25,979 - root - INFO -         3 (18): 105 69
2022-01-06 08:41:25,979 - root - INFO -         4 (20): 308 134
2022-01-06 08:41:25,979 - root - INFO -         5 (28): 24 18
2022-01-06 08:41:25,979 - root - INFO -         6 (30): 0  0
2022-01-06 08:41:25,979 - root - INFO -         7 (38): 0  0
2022-01-06 08:41:25,979 - root - INFO -         8 (40): 42 2A
2022-01-06 08:41:25,979 - root - INFO -         9 (48): 10  A
2022-01-06 08:41:25,979 - root - INFO - 3 (1A): 22 bytes
2022-01-06 08:41:25,979 - root - INFO -     1 ( A): 20 bytes
2022-01-06 08:41:25,979 - root - INFO -         1 ( 8): 202 CA
2022-01-06 08:41:25,979 - root - INFO -         2 (10): 35 23
2022-01-06 08:41:25,979 - root - INFO -         3 (18): 250 FA
2022-01-06 08:41:25,979 - root - INFO -         4 (20): 57 39
2022-01-06 08:41:25,979 - root - INFO -         5 (28): 20 14
2022-01-06 08:41:25,979 - root - INFO -         6 (30): 0  0
2022-01-06 08:41:25,979 - root - INFO -         7 (38): 0  0
2022-01-06 08:41:25,979 - root - INFO -         8 (40): 42 2A
2022-01-06 08:41:25,979 - root - INFO -         9 (48): 10  A
2022-01-06 08:41:25,979 - root - INFO - 4 (22): 22 bytes
2022-01-06 08:41:25,979 - root - INFO -     1 ( A): 18 bytes
2022-01-06 08:41:25,979 - root - INFO -         1 ( 8): 64 40
2022-01-06 08:41:25,979 - root - INFO -         2 (10): 35 23
2022-01-06 08:41:25,979 - root - INFO -         3 (18): 100 64
2022-01-06 08:41:25,979 - root - INFO -         4 (20): 57 39
2022-01-06 08:41:25,979 - root - INFO -         5 (28): 20 14
2022-01-06 08:41:25,979 - root - INFO -         6 (30): 0  0
2022-01-06 08:41:25,979 - root - INFO -         7 (38): 0  0
2022-01-06 08:41:25,979 - root - INFO -         8 (40): 42 2A
2022-01-06 08:41:25,979 - root - INFO -         9 (48): 10  A
2022-01-06 08:41:25,979 - root - INFO -     3 (18): 52 34
2022-01-06 08:41:25,979 - root - INFO - 5 (2A): 38 bytes
2022-01-06 08:41:25,979 - root - INFO -     1 ( A): 22 bytes
2022-01-06 08:41:25,979 - root - INFO -         1 ( 8): 209 D1
2022-01-06 08:41:25,979 - root - INFO -         2 (10): 286 11E
2022-01-06 08:41:25,979 - root - INFO -         3 (18): 249 F9
2022-01-06 08:41:25,979 - root - INFO -         4 (20): 308 134
2022-01-06 08:41:25,979 - root - INFO -         5 (28): 24 18
2022-01-06 08:41:25,979 - root - INFO -         6 (30): 0  0
2022-01-06 08:41:25,979 - root - INFO -         7 (38): 0  0
2022-01-06 08:41:25,979 - root - INFO -         8 (40): 42 2A
2022-01-06 08:41:25,979 - root - INFO -         9 (48): 10  A
2022-01-06 08:41:25,979 - root - INFO -     2 (10): 53 35
2022-01-06 08:41:25,979 - root - INFO -     3 (18): 54 36
2022-01-06 08:41:25,979 - root - INFO -     4 (20): 55 37
2022-01-06 08:41:25,979 - root - INFO -     8 (42): 6 bytes
2022-01-06 08:41:25,979 - root - INFO -         1 ( 8): 175 AF
2022-01-06 08:41:25,979 - root - INFO -         2 (10): 263 107
2022-01-06 08:41:25,979 - root - INFO - 7 (38): 0  0
2022-01-06 08:41:25,979 - root - INFO - Reading descriptor for parameter 5
2022-01-06 08:41:25,979 - root - INFO - Descriptor offset: 110, Descriptor length: 55
2022-01-06 08:41:25,979 - root - INFO - Parsing descriptor for parameter 5...
2022-01-06 08:41:25,979 - root - INFO - 1 ( A): 31 bytes
2022-01-06 08:41:25,979 - root - INFO -     3 (1A): 23 bytes
2022-01-06 08:41:25,979 - root - INFO -         1 ( A): 19 bytes
2022-01-06 08:41:25,979 - root - INFO -             1 ( 8): 19 13
2022-01-06 08:41:25,979 - root - INFO -             2 (10): 76 4C
2022-01-06 08:41:25,979 - root - INFO -             3 (18): 142 8E
2022-01-06 08:41:25,979 - root - INFO -             4 (20): 96 60
2022-01-06 08:41:25,979 - root - INFO -             5 (28): 18 12
2022-01-06 08:41:25,979 - root - INFO -             6 (30): 1  1
2022-01-06 08:41:25,979 - root - INFO -             7 (38): 0  0
2022-01-06 08:41:25,979 - root - INFO -             8 (40): 22 16
2022-01-06 08:41:25,979 - root - INFO -             9 (48): 10  A
2022-01-06 08:41:25,979 - root - INFO -         2 (10): 32 20
2022-01-06 08:41:25,979 - root - INFO -     4 (20): 1  1
2022-01-06 08:41:25,979 - root - INFO -     5 (28): 1  1
2022-01-06 08:41:25,979 - root - INFO -     6 (30): 0  0
2022-01-06 08:41:25,979 - root - INFO - 2 (12): 9 bytes
2022-01-06 08:41:25,979 - root - INFO -     1 ( 8): 256 100
2022-01-06 08:41:25,979 - root - INFO -     2 (10): 126 7E
2022-01-06 08:41:25,979 - root - INFO -     5 (28): 40 28
2022-01-06 08:41:25,979 - root - INFO -     6 (30): 41 29
2022-01-06 08:41:25,979 - root - INFO - 4 (22): 9 bytes
2022-01-06 08:41:25,979 - root - INFO -     1 ( 8): 157 9D
2022-01-06 08:41:25,979 - root - INFO -     2 (10): 76 4C
2022-01-06 08:41:25,979 - root - INFO -     3 (18): 33 21
2022-01-06 08:41:25,979 - root - INFO -     4 (20): 7  7
2022-01-06 08:41:25,979 - root - INFO - Reading descriptor for parameter 9
2022-01-06 08:41:25,979 - root - INFO - Descriptor offset: 279, Descriptor length: 109
2022-01-06 08:41:25,979 - root - INFO - Parsing descriptor for parameter 9...
2022-01-06 08:41:25,979 - root - INFO - 1 ( A): 26 bytes
2022-01-06 08:41:25,979 - root - INFO -     1 ( A): 22 bytes
2022-01-06 08:41:25,979 - root - INFO -         1 ( 8): 229 E5
2022-01-06 08:41:25,979 - root - INFO -         2 (10): 223 DF
2022-01-06 08:41:25,979 - root - INFO -         3 (18): 284 11C
2022-01-06 08:41:25,979 - root - INFO -         4 (20): 243 F3
2022-01-06 08:41:25,979 - root - INFO -         5 (28): 20 14
2022-01-06 08:41:25,979 - root - INFO -         6 (30): 1  1
2022-01-06 08:41:25,979 - root - INFO -         7 (38): 0  0
2022-01-06 08:41:25,979 - root - INFO -         8 (40): 56 38
2022-01-06 08:41:25,979 - root - INFO -         9 (48): 10  A
2022-01-06 08:41:25,979 - root - INFO -     4 (20): 66 42
2022-01-06 08:41:25,979 - root - INFO - 3 (1A): 79 bytes
2022-01-06 08:41:25,979 - root - INFO -     1 ( 8): 67 43
2022-01-06 08:41:25,979 - root - INFO -     2 (12): 6 bytes
2022-01-06 08:41:25,979 - root - INFO -         1 ( 8): 212 D4
2022-01-06 08:41:25,979 - root - INFO -         2 (10): 231 E7
2022-01-06 08:41:25,979 - root - INFO -     2 (12): 6 bytes
2022-01-06 08:41:25,979 - root - INFO -         1 ( 8): 199 C7
2022-01-06 08:41:25,979 - root - INFO -         2 (10): 231 E7
2022-01-06 08:41:25,979 - root - INFO -     2 (12): 6 bytes
2022-01-06 08:41:25,979 - root - INFO -         1 ( 8): 186 BA
2022-01-06 08:41:25,979 - root - INFO -         2 (10): 231 E7
2022-01-06 08:41:25,979 - root - INFO -     2 (12): 6 bytes
2022-01-06 08:41:25,979 - root - INFO -         1 ( 8): 173 AD
2022-01-06 08:41:25,979 - root - INFO -         2 (10): 231 E7
2022-01-06 08:41:25,979 - root - INFO -     2 (12): 6 bytes
2022-01-06 08:41:25,979 - root - INFO -         1 ( 8): 160 A0
2022-01-06 08:41:25,979 - root - INFO -         2 (10): 231 E7
2022-01-06 08:41:25,979 - root - INFO -     2 (12): 6 bytes
2022-01-06 08:41:25,979 - root - INFO -         1 ( 8): 147 93
2022-01-06 08:41:25,979 - root - INFO -         2 (10): 231 E7
2022-01-06 08:41:25,979 - root - INFO -     2 (12): 6 bytes
2022-01-06 08:41:25,979 - root - INFO -         1 ( 8): 134 86
2022-01-06 08:41:25,979 - root - INFO -         2 (10): 231 E7
2022-01-06 08:41:25,979 - root - INFO -     2 (12): 5 bytes
2022-01-06 08:41:25,979 - root - INFO -         1 ( 8): 121 79
2022-01-06 08:41:25,979 - root - INFO -         2 (10): 231 E7
2022-01-06 08:41:25,979 - root - INFO -     2 (12): 5 bytes
2022-01-06 08:41:25,979 - root - INFO -         1 ( 8): 108 6C
2022-01-06 08:41:25,979 - root - INFO -         2 (10): 231 E7
2022-01-06 08:41:25,979 - root - INFO -     2 (12): 5 bytes
2022-01-06 08:41:25,979 - root - INFO -         1 ( 8): 95 5F
2022-01-06 08:41:25,979 - root - INFO -         2 (10): 231 E7
2022-01-06 08:41:25,979 - root - INFO - Reading resources offsets table with 77 elements (308 bytes)
2022-01-06 08:41:25,995 - root - INFO - Resource 0 offset: 822, length: 86472...
2022-01-06 08:41:25,995 - root - DEBUG - Reading resource 0...
2022-01-06 08:41:26,026 - root - INFO - The image is bmc.
2022-01-06 08:41:26,026 - root - INFO - Reading image header(readHeader16C)...
2022-01-06 08:41:26,026 - root - INFO - Image header was read:
2022-01-06 08:41:26,026 - root - INFO - Width: 202, Height: 214, RowLength: 404
2022-01-06 08:41:26,026 - root - INFO - _step: 2, unknown2: 0,
2022-01-06 08:41:26,026 - root - INFO - BPP: 16, Transparency: False
2022-01-06 08:41:26,198 - root - INFO - Resource 1 offset: 87294, length: 193296...
2022-01-06 08:41:26,198 - root - DEBUG - Reading resource 1...
2022-01-06 08:41:26,198 - root - INFO - The image is bmc.
2022-01-06 08:41:26,198 - root - INFO - Reading image header(readHeader16C)...
2022-01-06 08:41:26,198 - root - INFO - Image header was read:
2022-01-06 08:41:26,198 - root - INFO - Width: 302, Height: 320, RowLength: 604
2022-01-06 08:41:26,198 - root - INFO - _step: 2, unknown2: 0,
2022-01-06 08:41:26,198 - root - INFO - BPP: 16, Transparency: False
2022-01-06 08:41:26,573 - root - INFO - Resource 2 offset: 280590, length: 4218...
2022-01-06 08:41:26,573 - root - DEBUG - Reading resource 2...
2022-01-06 08:41:26,573 - root - INFO - The image is bme.
2022-01-06 08:41:26,573 - root - INFO - Reading image header(readHeader16E)...
2022-01-06 08:41:26,573 - root - INFO - Image header was read:
2022-01-06 08:41:26,573 - root - INFO - Width: 48, Height: 74, RowLength: 96
2022-01-06 08:41:26,573 - root - INFO - datalength: 4202, _step: 2
2022-01-06 08:41:26,573 - root - INFO - BPP: 16, Transparency: False
2022-01-06 08:41:26,573 - root - INFO - Resource 3 offset: 284808, length: 4206...
2022-01-06 08:41:26,589 - root - DEBUG - Reading resource 3...
2022-01-06 08:41:26,589 - root - INFO - The image is bme.
2022-01-06 08:41:26,589 - root - INFO - Reading image header(readHeader16E)...
2022-01-06 08:41:26,589 - root - INFO - Image header was read:
2022-01-06 08:41:26,589 - root - INFO - Width: 48, Height: 74, RowLength: 96
2022-01-06 08:41:26,589 - root - INFO - datalength: 4190, _step: 2
2022-01-06 08:41:26,589 - root - INFO - BPP: 16, Transparency: False
2022-01-06 08:41:26,589 - root - INFO - Resource 4 offset: 289014, length: 4792...
2022-01-06 08:41:26,589 - root - DEBUG - Reading resource 4...
2022-01-06 08:41:26,589 - root - INFO - The image is bme.
2022-01-06 08:41:26,589 - root - INFO - Reading image header(readHeader16E)...
2022-01-06 08:41:26,589 - root - INFO - Image header was read:
2022-01-06 08:41:26,589 - root - INFO - Width: 48, Height: 74, RowLength: 96
2022-01-06 08:41:26,589 - root - INFO - datalength: 4776, _step: 2
2022-01-06 08:41:26,589 - root - INFO - BPP: 16, Transparency: False
2022-01-06 08:41:26,604 - root - INFO - Resource 5 offset: 293806, length: 4800...
2022-01-06 08:41:26,604 - root - DEBUG - Reading resource 5...
2022-01-06 08:41:26,604 - root - INFO - The image is bme.
2022-01-06 08:41:26,604 - root - INFO - Reading image header(readHeader16E)...
2022-01-06 08:41:26,604 - root - INFO - Image header was read:
2022-01-06 08:41:26,604 - root - INFO - Width: 48, Height: 74, RowLength: 96
2022-01-06 08:41:26,604 - root - INFO - datalength: 4784, _step: 2
2022-01-06 08:41:26,604 - root - INFO - BPP: 16, Transparency: False
2022-01-06 08:41:26,604 - root - INFO - Resource 6 offset: 298606, length: 4796...
2022-01-06 08:41:26,604 - root - DEBUG - Reading resource 6...
2022-01-06 08:41:26,604 - root - INFO - The image is bme.
2022-01-06 08:41:26,604 - root - INFO - Reading image header(readHeader16E)...
2022-01-06 08:41:26,604 - root - INFO - Image header was read:
2022-01-06 08:41:26,604 - root - INFO - Width: 48, Height: 74, RowLength: 96
2022-01-06 08:41:26,604 - root - INFO - datalength: 4780, _step: 2
2022-01-06 08:41:26,604 - root - INFO - BPP: 16, Transparency: False
2022-01-06 08:41:26,620 - root - INFO - Resource 7 offset: 303402, length: 4800...
2022-01-06 08:41:26,620 - root - DEBUG - Reading resource 7...
2022-01-06 08:41:26,620 - root - INFO - The image is bme.
2022-01-06 08:41:26,620 - root - INFO - Reading image header(readHeader16E)...
2022-01-06 08:41:26,620 - root - INFO - Image header was read:
2022-01-06 08:41:26,620 - root - INFO - Width: 48, Height: 74, RowLength: 96
2022-01-06 08:41:26,620 - root - INFO - datalength: 4784, _step: 2
2022-01-06 08:41:26,620 - root - INFO - BPP: 16, Transparency: False
2022-01-06 08:41:26,620 - root - INFO - Resource 8 offset: 308202, length: 4804...
2022-01-06 08:41:26,620 - root - DEBUG - Reading resource 8...
2022-01-06 08:41:26,620 - root - INFO - The image is bme.
2022-01-06 08:41:26,620 - root - INFO - Reading image header(readHeader16E)...
2022-01-06 08:41:26,620 - root - INFO - Image header was read:
2022-01-06 08:41:26,620 - root - INFO - Width: 48, Height: 74, RowLength: 96
2022-01-06 08:41:26,620 - root - INFO - datalength: 4788, _step: 2
2022-01-06 08:41:26,620 - root - INFO - BPP: 16, Transparency: False
2022-01-06 08:41:26,636 - root - INFO - Resource 9 offset: 313006, length: 4208...
2022-01-06 08:41:26,636 - root - DEBUG - Reading resource 9...
2022-01-06 08:41:26,636 - root - INFO - The image is bme.
2022-01-06 08:41:26,636 - root - INFO - Reading image header(readHeader16E)...
2022-01-06 08:41:26,636 - root - INFO - Image header was read:
2022-01-06 08:41:26,636 - root - INFO - Width: 48, Height: 74, RowLength: 96
2022-01-06 08:41:26,636 - root - INFO - datalength: 4192, _step: 2
2022-01-06 08:41:26,636 - root - INFO - BPP: 16, Transparency: False
2022-01-06 08:41:26,636 - root - INFO - Resource 10 offset: 317214, length: 4806...
2022-01-06 08:41:26,636 - root - DEBUG - Reading resource 10...
2022-01-06 08:41:26,636 - root - INFO - The image is bme.
2022-01-06 08:41:26,636 - root - INFO - Reading image header(readHeader16E)...
2022-01-06 08:41:26,636 - root - INFO - Image header was read:
2022-01-06 08:41:26,636 - root - INFO - Width: 48, Height: 74, RowLength: 96
2022-01-06 08:41:26,636 - root - INFO - datalength: 4790, _step: 2
2022-01-06 08:41:26,636 - root - INFO - BPP: 16, Transparency: False
2022-01-06 08:41:26,651 - root - INFO - Resource 11 offset: 322020, length: 4802...
2022-01-06 08:41:26,651 - root - DEBUG - Reading resource 11...
2022-01-06 08:41:26,651 - root - INFO - The image is bme.
2022-01-06 08:41:26,651 - root - INFO - Reading image header(readHeader16E)...
2022-01-06 08:41:26,651 - root - INFO - Image header was read:
2022-01-06 08:41:26,651 - root - INFO - Width: 48, Height: 74, RowLength: 96
2022-01-06 08:41:26,651 - root - INFO - datalength: 4786, _step: 2
2022-01-06 08:41:26,651 - root - INFO - BPP: 16, Transparency: False
2022-01-06 08:41:26,667 - root - INFO - Resource 12 offset: 326822, length: 464...
2022-01-06 08:41:26,667 - root - DEBUG - Reading resource 12...
2022-01-06 08:41:26,667 - root - INFO - The image is bme.
2022-01-06 08:41:26,667 - root - INFO - Reading image header(readHeader16E)...
2022-01-06 08:41:26,667 - root - INFO - Image header was read:
2022-01-06 08:41:26,667 - root - INFO - Width: 13, Height: 20, RowLength: 26
2022-01-06 08:41:26,667 - root - INFO - datalength: 448, _step: 2
2022-01-06 08:41:26,667 - root - INFO - BPP: 16, Transparency: False
2022-01-06 08:41:26,667 - root - INFO - Resource 13 offset: 327286, length: 464...
2022-01-06 08:41:26,667 - root - DEBUG - Reading resource 13...
2022-01-06 08:41:26,667 - root - INFO - The image is bme.
2022-01-06 08:41:26,667 - root - INFO - Reading image header(readHeader16E)...
2022-01-06 08:41:26,667 - root - INFO - Image header was read:
2022-01-06 08:41:26,667 - root - INFO - Width: 13, Height: 20, RowLength: 26
2022-01-06 08:41:26,667 - root - INFO - datalength: 448, _step: 2
2022-01-06 08:41:26,667 - root - INFO - BPP: 16, Transparency: False
2022-01-06 08:41:26,667 - root - INFO - Resource 14 offset: 327750, length: 488...
2022-01-06 08:41:26,667 - root - DEBUG - Reading resource 14...
2022-01-06 08:41:26,667 - root - INFO - The image is bme.
2022-01-06 08:41:26,667 - root - INFO - Reading image header(readHeader16E)...
2022-01-06 08:41:26,667 - root - INFO - Image header was read:
2022-01-06 08:41:26,667 - root - INFO - Width: 13, Height: 20, RowLength: 26
2022-01-06 08:41:26,667 - root - INFO - datalength: 472, _step: 2
2022-01-06 08:41:26,667 - root - INFO - BPP: 16, Transparency: False
2022-01-06 08:41:26,667 - root - INFO - Resource 15 offset: 328238, length: 488...
2022-01-06 08:41:26,667 - root - DEBUG - Reading resource 15...
2022-01-06 08:41:26,667 - root - INFO - The image is bme.
2022-01-06 08:41:26,667 - root - INFO - Reading image header(readHeader16E)...
2022-01-06 08:41:26,667 - root - INFO - Image header was read:
2022-01-06 08:41:26,667 - root - INFO - Width: 13, Height: 20, RowLength: 26
2022-01-06 08:41:26,667 - root - INFO - datalength: 472, _step: 2
2022-01-06 08:41:26,667 - root - INFO - BPP: 16, Transparency: False
2022-01-06 08:41:26,667 - root - INFO - Resource 16 offset: 328726, length: 488...
2022-01-06 08:41:26,667 - root - DEBUG - Reading resource 16...
2022-01-06 08:41:26,667 - root - INFO - The image is bme.
2022-01-06 08:41:26,667 - root - INFO - Reading image header(readHeader16E)...
2022-01-06 08:41:26,667 - root - INFO - Image header was read:
2022-01-06 08:41:26,667 - root - INFO - Width: 13, Height: 20, RowLength: 26
2022-01-06 08:41:26,667 - root - INFO - datalength: 472, _step: 2
2022-01-06 08:41:26,667 - root - INFO - BPP: 16, Transparency: False
2022-01-06 08:41:26,667 - root - INFO - Resource 17 offset: 329214, length: 488...
2022-01-06 08:41:26,667 - root - DEBUG - Reading resource 17...
2022-01-06 08:41:26,667 - root - INFO - The image is bme.
2022-01-06 08:41:26,667 - root - INFO - Reading image header(readHeader16E)...
2022-01-06 08:41:26,667 - root - INFO - Image header was read:
2022-01-06 08:41:26,667 - root - INFO - Width: 13, Height: 20, RowLength: 26
2022-01-06 08:41:26,667 - root - INFO - datalength: 472, _step: 2
2022-01-06 08:41:26,667 - root - INFO - BPP: 16, Transparency: False
2022-01-06 08:41:26,667 - root - INFO - Resource 18 offset: 329702, length: 488...
2022-01-06 08:41:26,667 - root - DEBUG - Reading resource 18...
2022-01-06 08:41:26,667 - root - INFO - The image is bme.
2022-01-06 08:41:26,667 - root - INFO - Reading image header(readHeader16E)...
2022-01-06 08:41:26,667 - root - INFO - Image header was read:
2022-01-06 08:41:26,667 - root - INFO - Width: 13, Height: 20, RowLength: 26
2022-01-06 08:41:26,667 - root - INFO - datalength: 472, _step: 2
2022-01-06 08:41:26,667 - root - INFO - BPP: 16, Transparency: False
2022-01-06 08:41:26,667 - root - INFO - Resource 19 offset: 330190, length: 464...
2022-01-06 08:41:26,667 - root - DEBUG - Reading resource 19...
2022-01-06 08:41:26,667 - root - INFO - The image is bme.
2022-01-06 08:41:26,667 - root - INFO - Reading image header(readHeader16E)...
2022-01-06 08:41:26,667 - root - INFO - Image header was read:
2022-01-06 08:41:26,667 - root - INFO - Width: 13, Height: 20, RowLength: 26
2022-01-06 08:41:26,667 - root - INFO - datalength: 448, _step: 2
2022-01-06 08:41:26,667 - root - INFO - BPP: 16, Transparency: False
2022-01-06 08:41:26,667 - root - INFO - Resource 20 offset: 330654, length: 488...
2022-01-06 08:41:26,667 - root - DEBUG - Reading resource 20...
2022-01-06 08:41:26,667 - root - INFO - The image is bme.
2022-01-06 08:41:26,667 - root - INFO - Reading image header(readHeader16E)...
2022-01-06 08:41:26,667 - root - INFO - Image header was read:
2022-01-06 08:41:26,667 - root - INFO - Width: 13, Height: 20, RowLength: 26
2022-01-06 08:41:26,667 - root - INFO - datalength: 472, _step: 2
2022-01-06 08:41:26,667 - root - INFO - BPP: 16, Transparency: False
2022-01-06 08:41:26,667 - root - INFO - Resource 21 offset: 331142, length: 488...
2022-01-06 08:41:26,667 - root - DEBUG - Reading resource 21...
2022-01-06 08:41:26,667 - root - INFO - The image is bme.
2022-01-06 08:41:26,667 - root - INFO - Reading image header(readHeader16E)...
2022-01-06 08:41:26,667 - root - INFO - Image header was read:
2022-01-06 08:41:26,667 - root - INFO - Width: 13, Height: 20, RowLength: 26
2022-01-06 08:41:26,667 - root - INFO - datalength: 472, _step: 2
2022-01-06 08:41:26,667 - root - INFO - BPP: 16, Transparency: False
2022-01-06 08:41:26,667 - root - INFO - Resource 22 offset: 331630, length: 464...
2022-01-06 08:41:26,667 - root - DEBUG - Reading resource 22...
2022-01-06 08:41:26,667 - root - INFO - The image is bme.
2022-01-06 08:41:26,667 - root - INFO - Reading image header(readHeader16E)...
2022-01-06 08:41:26,667 - root - INFO - Image header was read:
2022-01-06 08:41:26,667 - root - INFO - Width: 13, Height: 20, RowLength: 26
2022-01-06 08:41:26,667 - root - INFO - datalength: 448, _step: 2
2022-01-06 08:41:26,667 - root - INFO - BPP: 16, Transparency: False
2022-01-06 08:41:26,667 - root - INFO - Resource 23 offset: 332094, length: 464...
2022-01-06 08:41:26,667 - root - DEBUG - Reading resource 23...
2022-01-06 08:41:26,667 - root - INFO - The image is bme.
2022-01-06 08:41:26,667 - root - INFO - Reading image header(readHeader16E)...
2022-01-06 08:41:26,667 - root - INFO - Image header was read:
2022-01-06 08:41:26,667 - root - INFO - Width: 13, Height: 20, RowLength: 26
2022-01-06 08:41:26,667 - root - INFO - datalength: 448, _step: 2
2022-01-06 08:41:26,667 - root - INFO - BPP: 16, Transparency: False
2022-01-06 08:41:26,682 - root - INFO - Resource 24 offset: 332558, length: 488...
2022-01-06 08:41:26,682 - root - DEBUG - Reading resource 24...
2022-01-06 08:41:26,682 - root - INFO - The image is bme.
2022-01-06 08:41:26,682 - root - INFO - Reading image header(readHeader16E)...
2022-01-06 08:41:26,682 - root - INFO - Image header was read:
2022-01-06 08:41:26,682 - root - INFO - Width: 13, Height: 20, RowLength: 26
2022-01-06 08:41:26,682 - root - INFO - datalength: 472, _step: 2
2022-01-06 08:41:26,682 - root - INFO - BPP: 16, Transparency: False
2022-01-06 08:41:26,682 - root - INFO - Resource 25 offset: 333046, length: 488...
2022-01-06 08:41:26,682 - root - DEBUG - Reading resource 25...
2022-01-06 08:41:26,682 - root - INFO - The image is bme.
2022-01-06 08:41:26,682 - root - INFO - Reading image header(readHeader16E)...
2022-01-06 08:41:26,682 - root - INFO - Image header was read:
2022-01-06 08:41:26,682 - root - INFO - Width: 13, Height: 20, RowLength: 26
2022-01-06 08:41:26,682 - root - INFO - datalength: 472, _step: 2
2022-01-06 08:41:26,682 - root - INFO - BPP: 16, Transparency: False
2022-01-06 08:41:26,682 - root - INFO - Resource 26 offset: 333534, length: 488...
2022-01-06 08:41:26,682 - root - DEBUG - Reading resource 26...
2022-01-06 08:41:26,682 - root - INFO - The image is bme.
2022-01-06 08:41:26,682 - root - INFO - Reading image header(readHeader16E)...
2022-01-06 08:41:26,682 - root - INFO - Image header was read:
2022-01-06 08:41:26,682 - root - INFO - Width: 13, Height: 20, RowLength: 26
2022-01-06 08:41:26,682 - root - INFO - datalength: 472, _step: 2
2022-01-06 08:41:26,682 - root - INFO - BPP: 16, Transparency: False
2022-01-06 08:41:26,682 - root - INFO - Resource 27 offset: 334022, length: 488...
2022-01-06 08:41:26,682 - root - DEBUG - Reading resource 27...
2022-01-06 08:41:26,682 - root - INFO - The image is bme.
2022-01-06 08:41:26,682 - root - INFO - Reading image header(readHeader16E)...
2022-01-06 08:41:26,682 - root - INFO - Image header was read:
2022-01-06 08:41:26,682 - root - INFO - Width: 13, Height: 20, RowLength: 26
2022-01-06 08:41:26,682 - root - INFO - datalength: 472, _step: 2
2022-01-06 08:41:26,682 - root - INFO - BPP: 16, Transparency: False
2022-01-06 08:41:26,682 - root - INFO - Resource 28 offset: 334510, length: 488...
2022-01-06 08:41:26,682 - root - DEBUG - Reading resource 28...
2022-01-06 08:41:26,682 - root - INFO - The image is bme.
2022-01-06 08:41:26,682 - root - INFO - Reading image header(readHeader16E)...
2022-01-06 08:41:26,682 - root - INFO - Image header was read:
2022-01-06 08:41:26,682 - root - INFO - Width: 13, Height: 20, RowLength: 26
2022-01-06 08:41:26,682 - root - INFO - datalength: 472, _step: 2
2022-01-06 08:41:26,682 - root - INFO - BPP: 16, Transparency: False
2022-01-06 08:41:26,682 - root - INFO - Resource 29 offset: 334998, length: 464...
2022-01-06 08:41:26,682 - root - DEBUG - Reading resource 29...
2022-01-06 08:41:26,682 - root - INFO - The image is bme.
2022-01-06 08:41:26,682 - root - INFO - Reading image header(readHeader16E)...
2022-01-06 08:41:26,682 - root - INFO - Image header was read:
2022-01-06 08:41:26,682 - root - INFO - Width: 13, Height: 20, RowLength: 26
2022-01-06 08:41:26,682 - root - INFO - datalength: 448, _step: 2
2022-01-06 08:41:26,682 - root - INFO - BPP: 16, Transparency: False
2022-01-06 08:41:26,682 - root - INFO - Resource 30 offset: 335462, length: 488...
2022-01-06 08:41:26,682 - root - DEBUG - Reading resource 30...
2022-01-06 08:41:26,682 - root - INFO - The image is bme.
2022-01-06 08:41:26,682 - root - INFO - Reading image header(readHeader16E)...
2022-01-06 08:41:26,682 - root - INFO - Image header was read:
2022-01-06 08:41:26,682 - root - INFO - Width: 13, Height: 20, RowLength: 26
2022-01-06 08:41:26,682 - root - INFO - datalength: 472, _step: 2
2022-01-06 08:41:26,682 - root - INFO - BPP: 16, Transparency: False
2022-01-06 08:41:26,682 - root - INFO - Resource 31 offset: 335950, length: 488...
2022-01-06 08:41:26,682 - root - DEBUG - Reading resource 31...
2022-01-06 08:41:26,682 - root - INFO - The image is bme.
2022-01-06 08:41:26,682 - root - INFO - Reading image header(readHeader16E)...
2022-01-06 08:41:26,682 - root - INFO - Image header was read:
2022-01-06 08:41:26,682 - root - INFO - Width: 13, Height: 20, RowLength: 26
2022-01-06 08:41:26,682 - root - INFO - datalength: 472, _step: 2
2022-01-06 08:41:26,682 - root - INFO - BPP: 16, Transparency: False
2022-01-06 08:41:26,682 - root - INFO - Resource 32 offset: 336438, length: 52...
2022-01-06 08:41:26,682 - root - DEBUG - Reading resource 32...
2022-01-06 08:41:26,682 - root - INFO - The image is bme.
2022-01-06 08:41:26,682 - root - INFO - Reading image header(readHeader16E)...
2022-01-06 08:41:26,682 - root - INFO - Image header was read:
2022-01-06 08:41:26,682 - root - INFO - Width: 5, Height: 20, RowLength: 10
2022-01-06 08:41:26,682 - root - INFO - datalength: 36, _step: 2
2022-01-06 08:41:26,682 - root - INFO - BPP: 16, Transparency: False
2022-01-06 08:41:26,682 - root - INFO - Resource 33 offset: 336490, length: 4216...
2022-01-06 08:41:26,682 - root - DEBUG - Reading resource 33...
2022-01-06 08:41:26,682 - root - INFO - The image is bme.
2022-01-06 08:41:26,682 - root - INFO - Reading image header(readHeader16E)...
2022-01-06 08:41:26,682 - root - INFO - Image header was read:
2022-01-06 08:41:26,682 - root - INFO - Width: 125, Height: 20, RowLength: 250
2022-01-06 08:41:26,682 - root - INFO - datalength: 4200, _step: 2
2022-01-06 08:41:26,682 - root - INFO - BPP: 16, Transparency: False
2022-01-06 08:41:26,698 - root - INFO - Resource 34 offset: 340706, length: 4304...
2022-01-06 08:41:26,698 - root - DEBUG - Reading resource 34...
2022-01-06 08:41:26,698 - root - INFO - The image is bme.
2022-01-06 08:41:26,698 - root - INFO - Reading image header(readHeader16E)...
2022-01-06 08:41:26,698 - root - INFO - Image header was read:
2022-01-06 08:41:26,698 - root - INFO - Width: 125, Height: 20, RowLength: 250
2022-01-06 08:41:26,698 - root - INFO - datalength: 4288, _step: 2
2022-01-06 08:41:26,698 - root - INFO - BPP: 16, Transparency: False
2022-01-06 08:41:26,698 - root - INFO - Resource 35 offset: 345010, length: 4288...
2022-01-06 08:41:26,698 - root - DEBUG - Reading resource 35...
2022-01-06 08:41:26,698 - root - INFO - The image is bme.
2022-01-06 08:41:26,698 - root - INFO - Reading image header(readHeader16E)...
2022-01-06 08:41:26,698 - root - INFO - Image header was read:
2022-01-06 08:41:26,698 - root - INFO - Width: 125, Height: 20, RowLength: 250
2022-01-06 08:41:26,698 - root - INFO - datalength: 4272, _step: 2
2022-01-06 08:41:26,698 - root - INFO - BPP: 16, Transparency: False
2022-01-06 08:41:26,714 - root - INFO - Resource 36 offset: 349298, length: 4330...
2022-01-06 08:41:26,714 - root - DEBUG - Reading resource 36...
2022-01-06 08:41:26,714 - root - INFO - The image is bme.
2022-01-06 08:41:26,714 - root - INFO - Reading image header(readHeader16E)...
2022-01-06 08:41:26,714 - root - INFO - Image header was read:
2022-01-06 08:41:26,714 - root - INFO - Width: 125, Height: 20, RowLength: 250
2022-01-06 08:41:26,714 - root - INFO - datalength: 4314, _step: 2
2022-01-06 08:41:26,714 - root - INFO - BPP: 16, Transparency: False
2022-01-06 08:41:26,714 - root - INFO - Resource 37 offset: 353628, length: 4170...
2022-01-06 08:41:26,714 - root - DEBUG - Reading resource 37...
2022-01-06 08:41:26,714 - root - INFO - The image is bme.
2022-01-06 08:41:26,714 - root - INFO - Reading image header(readHeader16E)...
2022-01-06 08:41:26,714 - root - INFO - Image header was read:
2022-01-06 08:41:26,714 - root - INFO - Width: 125, Height: 20, RowLength: 250
2022-01-06 08:41:26,714 - root - INFO - datalength: 4154, _step: 2
2022-01-06 08:41:26,714 - root - INFO - BPP: 16, Transparency: False
2022-01-06 08:41:26,714 - root - INFO - Resource 38 offset: 357798, length: 4330...
2022-01-06 08:41:26,714 - root - DEBUG - Reading resource 38...
2022-01-06 08:41:26,714 - root - INFO - The image is bme.
2022-01-06 08:41:26,714 - root - INFO - Reading image header(readHeader16E)...
2022-01-06 08:41:26,714 - root - INFO - Image header was read:
2022-01-06 08:41:26,714 - root - INFO - Width: 125, Height: 20, RowLength: 250
2022-01-06 08:41:26,714 - root - INFO - datalength: 4314, _step: 2
2022-01-06 08:41:26,714 - root - INFO - BPP: 16, Transparency: False
2022-01-06 08:41:26,729 - root - INFO - Resource 39 offset: 362128, length: 4138...
2022-01-06 08:41:26,729 - root - DEBUG - Reading resource 39...
2022-01-06 08:41:26,729 - root - INFO - The image is bme.
2022-01-06 08:41:26,729 - root - INFO - Reading image header(readHeader16E)...
2022-01-06 08:41:26,729 - root - INFO - Image header was read:
2022-01-06 08:41:26,729 - root - INFO - Width: 125, Height: 20, RowLength: 250
2022-01-06 08:41:26,729 - root - INFO - datalength: 4122, _step: 2
2022-01-06 08:41:26,729 - root - INFO - BPP: 16, Transparency: False
2022-01-06 08:41:26,729 - root - INFO - Resource 40 offset: 366266, length: 1038...
2022-01-06 08:41:26,729 - root - DEBUG - Reading resource 40...
2022-01-06 08:41:26,729 - root - INFO - The image is bme.
2022-01-06 08:41:26,729 - root - INFO - Reading image header(readHeader16E)...
2022-01-06 08:41:26,729 - root - INFO - Image header was read:
2022-01-06 08:41:26,729 - root - INFO - Width: 28, Height: 20, RowLength: 56
2022-01-06 08:41:26,729 - root - INFO - datalength: 1022, _step: 2
2022-01-06 08:41:26,729 - root - INFO - BPP: 16, Transparency: False
2022-01-06 08:41:26,729 - root - INFO - Resource 41 offset: 367304, length: 1038...
2022-01-06 08:41:26,729 - root - DEBUG - Reading resource 41...
2022-01-06 08:41:26,729 - root - INFO - The image is bme.
2022-01-06 08:41:26,729 - root - INFO - Reading image header(readHeader16E)...
2022-01-06 08:41:26,729 - root - INFO - Image header was read:
2022-01-06 08:41:26,729 - root - INFO - Width: 28, Height: 20, RowLength: 56
2022-01-06 08:41:26,729 - root - INFO - datalength: 1022, _step: 2
2022-01-06 08:41:26,729 - root - INFO - BPP: 16, Transparency: False
2022-01-06 08:41:26,745 - root - INFO - Resource 42 offset: 368342, length: 356...
2022-01-06 08:41:26,745 - root - DEBUG - Reading resource 42...
2022-01-06 08:41:26,745 - root - INFO - The image is bme.
2022-01-06 08:41:26,745 - root - INFO - Reading image header(readHeader16E)...
2022-01-06 08:41:26,745 - root - INFO - Image header was read:
2022-01-06 08:41:26,745 - root - INFO - Width: 12, Height: 22, RowLength: 24
2022-01-06 08:41:26,745 - root - INFO - datalength: 340, _step: 2
2022-01-06 08:41:26,745 - root - INFO - BPP: 16, Transparency: False
2022-01-06 08:41:26,745 - root - INFO - Resource 43 offset: 368698, length: 356...
2022-01-06 08:41:26,745 - root - DEBUG - Reading resource 43...
2022-01-06 08:41:26,745 - root - INFO - The image is bme.
2022-01-06 08:41:26,745 - root - INFO - Reading image header(readHeader16E)...
2022-01-06 08:41:26,745 - root - INFO - Image header was read:
2022-01-06 08:41:26,745 - root - INFO - Width: 12, Height: 22, RowLength: 24
2022-01-06 08:41:26,745 - root - INFO - datalength: 340, _step: 2
2022-01-06 08:41:26,745 - root - INFO - BPP: 16, Transparency: False
2022-01-06 08:41:26,745 - root - INFO - Resource 44 offset: 369054, length: 372...
2022-01-06 08:41:26,745 - root - DEBUG - Reading resource 44...
2022-01-06 08:41:26,745 - root - INFO - The image is bme.
2022-01-06 08:41:26,745 - root - INFO - Reading image header(readHeader16E)...
2022-01-06 08:41:26,745 - root - INFO - Image header was read:
2022-01-06 08:41:26,745 - root - INFO - Width: 12, Height: 22, RowLength: 24
2022-01-06 08:41:26,745 - root - INFO - datalength: 356, _step: 2
2022-01-06 08:41:26,745 - root - INFO - BPP: 16, Transparency: False
2022-01-06 08:41:26,745 - root - INFO - Resource 45 offset: 369426, length: 372...
2022-01-06 08:41:26,745 - root - DEBUG - Reading resource 45...
2022-01-06 08:41:26,745 - root - INFO - The image is bme.
2022-01-06 08:41:26,745 - root - INFO - Reading image header(readHeader16E)...
2022-01-06 08:41:26,745 - root - INFO - Image header was read:
2022-01-06 08:41:26,745 - root - INFO - Width: 12, Height: 22, RowLength: 24
2022-01-06 08:41:26,745 - root - INFO - datalength: 356, _step: 2
2022-01-06 08:41:26,745 - root - INFO - BPP: 16, Transparency: False
2022-01-06 08:41:26,745 - root - INFO - Resource 46 offset: 369798, length: 372...
2022-01-06 08:41:26,745 - root - DEBUG - Reading resource 46...
2022-01-06 08:41:26,745 - root - INFO - The image is bme.
2022-01-06 08:41:26,745 - root - INFO - Reading image header(readHeader16E)...
2022-01-06 08:41:26,745 - root - INFO - Image header was read:
2022-01-06 08:41:26,745 - root - INFO - Width: 12, Height: 22, RowLength: 24
2022-01-06 08:41:26,745 - root - INFO - datalength: 356, _step: 2
2022-01-06 08:41:26,745 - root - INFO - BPP: 16, Transparency: False
2022-01-06 08:41:26,745 - root - INFO - Resource 47 offset: 370170, length: 372...
2022-01-06 08:41:26,745 - root - DEBUG - Reading resource 47...
2022-01-06 08:41:26,745 - root - INFO - The image is bme.
2022-01-06 08:41:26,745 - root - INFO - Reading image header(readHeader16E)...
2022-01-06 08:41:26,745 - root - INFO - Image header was read:
2022-01-06 08:41:26,745 - root - INFO - Width: 12, Height: 22, RowLength: 24
2022-01-06 08:41:26,745 - root - INFO - datalength: 356, _step: 2
2022-01-06 08:41:26,745 - root - INFO - BPP: 16, Transparency: False
2022-01-06 08:41:26,745 - root - INFO - Resource 48 offset: 370542, length: 372...
2022-01-06 08:41:26,745 - root - DEBUG - Reading resource 48...
2022-01-06 08:41:26,745 - root - INFO - The image is bme.
2022-01-06 08:41:26,745 - root - INFO - Reading image header(readHeader16E)...
2022-01-06 08:41:26,745 - root - INFO - Image header was read:
2022-01-06 08:41:26,745 - root - INFO - Width: 12, Height: 22, RowLength: 24
2022-01-06 08:41:26,745 - root - INFO - datalength: 356, _step: 2
2022-01-06 08:41:26,745 - root - INFO - BPP: 16, Transparency: False
2022-01-06 08:41:26,745 - root - INFO - Resource 49 offset: 370914, length: 356...
2022-01-06 08:41:26,745 - root - DEBUG - Reading resource 49...
2022-01-06 08:41:26,745 - root - INFO - The image is bme.
2022-01-06 08:41:26,745 - root - INFO - Reading image header(readHeader16E)...
2022-01-06 08:41:26,745 - root - INFO - Image header was read:
2022-01-06 08:41:26,745 - root - INFO - Width: 12, Height: 22, RowLength: 24
2022-01-06 08:41:26,745 - root - INFO - datalength: 340, _step: 2
2022-01-06 08:41:26,745 - root - INFO - BPP: 16, Transparency: False
2022-01-06 08:41:26,745 - root - INFO - Resource 50 offset: 371270, length: 372...
2022-01-06 08:41:26,745 - root - DEBUG - Reading resource 50...
2022-01-06 08:41:26,745 - root - INFO - The image is bme.
2022-01-06 08:41:26,745 - root - INFO - Reading image header(readHeader16E)...
2022-01-06 08:41:26,745 - root - INFO - Image header was read:
2022-01-06 08:41:26,745 - root - INFO - Width: 12, Height: 22, RowLength: 24
2022-01-06 08:41:26,745 - root - INFO - datalength: 356, _step: 2
2022-01-06 08:41:26,745 - root - INFO - BPP: 16, Transparency: False
2022-01-06 08:41:26,745 - root - INFO - Resource 51 offset: 371642, length: 372...
2022-01-06 08:41:26,745 - root - DEBUG - Reading resource 51...
2022-01-06 08:41:26,745 - root - INFO - The image is bme.
2022-01-06 08:41:26,745 - root - INFO - Reading image header(readHeader16E)...
2022-01-06 08:41:26,745 - root - INFO - Image header was read:
2022-01-06 08:41:26,745 - root - INFO - Width: 12, Height: 22, RowLength: 24
2022-01-06 08:41:26,745 - root - INFO - datalength: 356, _step: 2
2022-01-06 08:41:26,745 - root - INFO - BPP: 16, Transparency: False
2022-01-06 08:41:26,745 - root - INFO - Resource 52 offset: 372014, length: 728...
2022-01-06 08:41:26,745 - root - DEBUG - Reading resource 52...
2022-01-06 08:41:26,745 - root - INFO - The image is bme.
2022-01-06 08:41:26,745 - root - INFO - Reading image header(readHeader16E)...
2022-01-06 08:41:26,745 - root - INFO - Image header was read:
2022-01-06 08:41:26,745 - root - INFO - Width: 24, Height: 22, RowLength: 48
2022-01-06 08:41:26,745 - root - INFO - datalength: 712, _step: 2
2022-01-06 08:41:26,745 - root - INFO - BPP: 16, Transparency: False
2022-01-06 08:41:26,745 - root - INFO - Resource 53 offset: 372742, length: 2764...
2022-01-06 08:41:26,745 - root - DEBUG - Reading resource 53...
2022-01-06 08:41:26,745 - root - INFO - The image is bme.
2022-01-06 08:41:26,745 - root - INFO - Reading image header(readHeader16E)...
2022-01-06 08:41:26,745 - root - INFO - Image header was read:
2022-01-06 08:41:26,745 - root - INFO - Width: 110, Height: 22, RowLength: 220
2022-01-06 08:41:26,745 - root - INFO - datalength: 2748, _step: 2
2022-01-06 08:41:26,745 - root - INFO - BPP: 16, Transparency: False
2022-01-06 08:41:26,761 - root - INFO - Resource 54 offset: 375506, length: 36...
2022-01-06 08:41:26,761 - root - DEBUG - Reading resource 54...
2022-01-06 08:41:26,761 - root - INFO - The image is bme.
2022-01-06 08:41:26,761 - root - INFO - Reading image header(readHeader16E)...
2022-01-06 08:41:26,761 - root - INFO - Image header was read:
2022-01-06 08:41:26,761 - root - INFO - Width: 4, Height: 22, RowLength: 8
2022-01-06 08:41:26,761 - root - INFO - datalength: 20, _step: 2
2022-01-06 08:41:26,761 - root - INFO - BPP: 16, Transparency: False
2022-01-06 08:41:26,761 - root - INFO - Resource 55 offset: 375542, length: 2644...
2022-01-06 08:41:26,761 - root - DEBUG - Reading resource 55...
2022-01-06 08:41:26,761 - root - INFO - The image is bme.
2022-01-06 08:41:26,761 - root - INFO - Reading image header(readHeader16E)...
2022-01-06 08:41:26,761 - root - INFO - Image header was read:
2022-01-06 08:41:26,761 - root - INFO - Width: 110, Height: 22, RowLength: 220
2022-01-06 08:41:26,761 - root - INFO - datalength: 2628, _step: 2
2022-01-06 08:41:26,761 - root - INFO - BPP: 16, Transparency: False
2022-01-06 08:41:26,761 - root - INFO - Resource 56 offset: 378186, length: 464...
2022-01-06 08:41:26,761 - root - DEBUG - Reading resource 56...
2022-01-06 08:41:26,761 - root - INFO - The image is bme.
2022-01-06 08:41:26,761 - root - INFO - Reading image header(readHeader16E)...
2022-01-06 08:41:26,761 - root - INFO - Image header was read:
2022-01-06 08:41:26,761 - root - INFO - Width: 13, Height: 20, RowLength: 26
2022-01-06 08:41:26,761 - root - INFO - datalength: 448, _step: 2
2022-01-06 08:41:26,761 - root - INFO - BPP: 16, Transparency: False
2022-01-06 08:41:26,761 - root - INFO - Resource 57 offset: 378650, length: 464...
2022-01-06 08:41:26,761 - root - DEBUG - Reading resource 57...
2022-01-06 08:41:26,761 - root - INFO - The image is bme.
2022-01-06 08:41:26,761 - root - INFO - Reading image header(readHeader16E)...
2022-01-06 08:41:26,761 - root - INFO - Image header was read:
2022-01-06 08:41:26,761 - root - INFO - Width: 13, Height: 20, RowLength: 26
2022-01-06 08:41:26,761 - root - INFO - datalength: 448, _step: 2
2022-01-06 08:41:26,761 - root - INFO - BPP: 16, Transparency: False
2022-01-06 08:41:26,761 - root - INFO - Resource 58 offset: 379114, length: 488...
2022-01-06 08:41:26,761 - root - DEBUG - Reading resource 58...
2022-01-06 08:41:26,761 - root - INFO - The image is bme.
2022-01-06 08:41:26,761 - root - INFO - Reading image header(readHeader16E)...
2022-01-06 08:41:26,761 - root - INFO - Image header was read:
2022-01-06 08:41:26,761 - root - INFO - Width: 13, Height: 20, RowLength: 26
2022-01-06 08:41:26,761 - root - INFO - datalength: 472, _step: 2
2022-01-06 08:41:26,761 - root - INFO - BPP: 16, Transparency: False
2022-01-06 08:41:26,761 - root - INFO - Resource 59 offset: 379602, length: 488...
2022-01-06 08:41:26,761 - root - DEBUG - Reading resource 59...
2022-01-06 08:41:26,761 - root - INFO - The image is bme.
2022-01-06 08:41:26,761 - root - INFO - Reading image header(readHeader16E)...
2022-01-06 08:41:26,761 - root - INFO - Image header was read:
2022-01-06 08:41:26,761 - root - INFO - Width: 13, Height: 20, RowLength: 26
2022-01-06 08:41:26,761 - root - INFO - datalength: 472, _step: 2
2022-01-06 08:41:26,761 - root - INFO - BPP: 16, Transparency: False
2022-01-06 08:41:26,761 - root - INFO - Resource 60 offset: 380090, length: 488...
2022-01-06 08:41:26,761 - root - DEBUG - Reading resource 60...
2022-01-06 08:41:26,761 - root - INFO - The image is bme.
2022-01-06 08:41:26,761 - root - INFO - Reading image header(readHeader16E)...
2022-01-06 08:41:26,761 - root - INFO - Image header was read:
2022-01-06 08:41:26,761 - root - INFO - Width: 13, Height: 20, RowLength: 26
2022-01-06 08:41:26,761 - root - INFO - datalength: 472, _step: 2
2022-01-06 08:41:26,761 - root - INFO - BPP: 16, Transparency: False
2022-01-06 08:41:26,761 - root - INFO - Resource 61 offset: 380578, length: 488...
2022-01-06 08:41:26,761 - root - DEBUG - Reading resource 61...
2022-01-06 08:41:26,761 - root - INFO - The image is bme.
2022-01-06 08:41:26,761 - root - INFO - Reading image header(readHeader16E)...
2022-01-06 08:41:26,761 - root - INFO - Image header was read:
2022-01-06 08:41:26,761 - root - INFO - Width: 13, Height: 20, RowLength: 26
2022-01-06 08:41:26,761 - root - INFO - datalength: 472, _step: 2
2022-01-06 08:41:26,761 - root - INFO - BPP: 16, Transparency: False
2022-01-06 08:41:26,776 - root - INFO - Resource 62 offset: 381066, length: 488...
2022-01-06 08:41:26,776 - root - DEBUG - Reading resource 62...
2022-01-06 08:41:26,776 - root - INFO - The image is bme.
2022-01-06 08:41:26,776 - root - INFO - Reading image header(readHeader16E)...
2022-01-06 08:41:26,776 - root - INFO - Image header was read:
2022-01-06 08:41:26,776 - root - INFO - Width: 13, Height: 20, RowLength: 26
2022-01-06 08:41:26,776 - root - INFO - datalength: 472, _step: 2
2022-01-06 08:41:26,776 - root - INFO - BPP: 16, Transparency: False
2022-01-06 08:41:26,776 - root - INFO - Resource 63 offset: 381554, length: 464...
2022-01-06 08:41:26,776 - root - DEBUG - Reading resource 63...
2022-01-06 08:41:26,776 - root - INFO - The image is bme.
2022-01-06 08:41:26,776 - root - INFO - Reading image header(readHeader16E)...
2022-01-06 08:41:26,776 - root - INFO - Image header was read:
2022-01-06 08:41:26,776 - root - INFO - Width: 13, Height: 20, RowLength: 26
2022-01-06 08:41:26,776 - root - INFO - datalength: 448, _step: 2
2022-01-06 08:41:26,776 - root - INFO - BPP: 16, Transparency: False
2022-01-06 08:41:26,776 - root - INFO - Resource 64 offset: 382018, length: 488...
2022-01-06 08:41:26,776 - root - DEBUG - Reading resource 64...
2022-01-06 08:41:26,776 - root - INFO - The image is bme.
2022-01-06 08:41:26,776 - root - INFO - Reading image header(readHeader16E)...
2022-01-06 08:41:26,776 - root - INFO - Image header was read:
2022-01-06 08:41:26,776 - root - INFO - Width: 13, Height: 20, RowLength: 26
2022-01-06 08:41:26,776 - root - INFO - datalength: 472, _step: 2
2022-01-06 08:41:26,776 - root - INFO - BPP: 16, Transparency: False
2022-01-06 08:41:26,776 - root - INFO - Resource 65 offset: 382506, length: 488...
2022-01-06 08:41:26,776 - root - DEBUG - Reading resource 65...
2022-01-06 08:41:26,776 - root - INFO - The image is bme.
2022-01-06 08:41:26,776 - root - INFO - Reading image header(readHeader16E)...
2022-01-06 08:41:26,776 - root - INFO - Image header was read:
2022-01-06 08:41:26,776 - root - INFO - Width: 13, Height: 20, RowLength: 26
2022-01-06 08:41:26,776 - root - INFO - datalength: 472, _step: 2
2022-01-06 08:41:26,776 - root - INFO - BPP: 16, Transparency: False
2022-01-06 08:41:26,776 - root - INFO - Resource 66 offset: 382994, length: 402...
2022-01-06 08:41:26,776 - root - DEBUG - Reading resource 66...
2022-01-06 08:41:26,776 - root - INFO - The image is bme.
2022-01-06 08:41:26,776 - root - INFO - Reading image header(readHeader16E)...
2022-01-06 08:41:26,776 - root - INFO - Image header was read:
2022-01-06 08:41:26,776 - root - INFO - Width: 15, Height: 20, RowLength: 30
2022-01-06 08:41:26,776 - root - INFO - datalength: 386, _step: 2
2022-01-06 08:41:26,776 - root - INFO - BPP: 16, Transparency: False
2022-01-06 08:41:26,776 - root - INFO - Resource 67 offset: 383396, length: 172...
2022-01-06 08:41:26,776 - root - DEBUG - Reading resource 67...
2022-01-06 08:41:26,776 - root - INFO - The image is bme.
2022-01-06 08:41:26,776 - root - INFO - Reading image header(readHeader16E)...
2022-01-06 08:41:26,776 - root - INFO - Image header was read:
2022-01-06 08:41:26,776 - root - INFO - Width: 10, Height: 6, RowLength: 20
2022-01-06 08:41:26,776 - root - INFO - datalength: 156, _step: 2
2022-01-06 08:41:26,776 - root - INFO - BPP: 16, Transparency: False
2022-01-06 08:41:26,776 - root - INFO - Resource 68 offset: 383568, length: 172...
2022-01-06 08:41:26,776 - root - DEBUG - Reading resource 68...
2022-01-06 08:41:26,776 - root - INFO - The image is bme.
2022-01-06 08:41:26,776 - root - INFO - Reading image header(readHeader16E)...
2022-01-06 08:41:26,776 - root - INFO - Image header was read:
2022-01-06 08:41:26,776 - root - INFO - Width: 10, Height: 6, RowLength: 20
2022-01-06 08:41:26,776 - root - INFO - datalength: 156, _step: 2
2022-01-06 08:41:26,776 - root - INFO - BPP: 16, Transparency: False
2022-01-06 08:41:26,776 - root - INFO - Resource 69 offset: 383740, length: 172...
2022-01-06 08:41:26,776 - root - DEBUG - Reading resource 69...
2022-01-06 08:41:26,776 - root - INFO - The image is bme.
2022-01-06 08:41:26,776 - root - INFO - Reading image header(readHeader16E)...
2022-01-06 08:41:26,776 - root - INFO - Image header was read:
2022-01-06 08:41:26,776 - root - INFO - Width: 10, Height: 6, RowLength: 20
2022-01-06 08:41:26,776 - root - INFO - datalength: 156, _step: 2
2022-01-06 08:41:26,776 - root - INFO - BPP: 16, Transparency: False
2022-01-06 08:41:26,776 - root - INFO - Resource 70 offset: 383912, length: 172...
2022-01-06 08:41:26,776 - root - DEBUG - Reading resource 70...
2022-01-06 08:41:26,776 - root - INFO - The image is bme.
2022-01-06 08:41:26,776 - root - INFO - Reading image header(readHeader16E)...
2022-01-06 08:41:26,776 - root - INFO - Image header was read:
2022-01-06 08:41:26,776 - root - INFO - Width: 10, Height: 6, RowLength: 20
2022-01-06 08:41:26,776 - root - INFO - datalength: 156, _step: 2
2022-01-06 08:41:26,776 - root - INFO - BPP: 16, Transparency: False
2022-01-06 08:41:26,776 - root - INFO - Resource 71 offset: 384084, length: 172...
2022-01-06 08:41:26,776 - root - DEBUG - Reading resource 71...
2022-01-06 08:41:26,776 - root - INFO - The image is bme.
2022-01-06 08:41:26,776 - root - INFO - Reading image header(readHeader16E)...
2022-01-06 08:41:26,776 - root - INFO - Image header was read:
2022-01-06 08:41:26,776 - root - INFO - Width: 10, Height: 6, RowLength: 20
2022-01-06 08:41:26,776 - root - INFO - datalength: 156, _step: 2
2022-01-06 08:41:26,776 - root - INFO - BPP: 16, Transparency: False
2022-01-06 08:41:26,776 - root - INFO - Resource 72 offset: 384256, length: 172...
2022-01-06 08:41:26,776 - root - DEBUG - Reading resource 72...
2022-01-06 08:41:26,776 - root - INFO - The image is bme.
2022-01-06 08:41:26,776 - root - INFO - Reading image header(readHeader16E)...
2022-01-06 08:41:26,776 - root - INFO - Image header was read:
2022-01-06 08:41:26,776 - root - INFO - Width: 10, Height: 6, RowLength: 20
2022-01-06 08:41:26,776 - root - INFO - datalength: 156, _step: 2
2022-01-06 08:41:26,776 - root - INFO - BPP: 16, Transparency: False
2022-01-06 08:41:26,776 - root - INFO - Resource 73 offset: 384428, length: 172...
2022-01-06 08:41:26,776 - root - DEBUG - Reading resource 73...
2022-01-06 08:41:26,776 - root - INFO - The image is bme.
2022-01-06 08:41:26,776 - root - INFO - Reading image header(readHeader16E)...
2022-01-06 08:41:26,776 - root - INFO - Image header was read:
2022-01-06 08:41:26,776 - root - INFO - Width: 10, Height: 6, RowLength: 20
2022-01-06 08:41:26,776 - root - INFO - datalength: 156, _step: 2
2022-01-06 08:41:26,776 - root - INFO - BPP: 16, Transparency: False
2022-01-06 08:41:26,776 - root - INFO - Resource 74 offset: 384600, length: 172...
2022-01-06 08:41:26,776 - root - DEBUG - Reading resource 74...
2022-01-06 08:41:26,776 - root - INFO - The image is bme.
2022-01-06 08:41:26,776 - root - INFO - Reading image header(readHeader16E)...
2022-01-06 08:41:26,776 - root - INFO - Image header was read:
2022-01-06 08:41:26,776 - root - INFO - Width: 10, Height: 6, RowLength: 20
2022-01-06 08:41:26,776 - root - INFO - datalength: 156, _step: 2
2022-01-06 08:41:26,776 - root - INFO - BPP: 16, Transparency: False
2022-01-06 08:41:26,776 - root - INFO - Resource 75 offset: 384772, length: 172...
2022-01-06 08:41:26,776 - root - DEBUG - Reading resource 75...
2022-01-06 08:41:26,776 - root - INFO - The image is bme.
2022-01-06 08:41:26,776 - root - INFO - Reading image header(readHeader16E)...
2022-01-06 08:41:26,776 - root - INFO - Image header was read:
2022-01-06 08:41:26,776 - root - INFO - Width: 10, Height: 6, RowLength: 20
2022-01-06 08:41:26,776 - root - INFO - datalength: 156, _step: 2
2022-01-06 08:41:26,776 - root - INFO - BPP: 16, Transparency: False
2022-01-06 08:41:26,776 - root - INFO - Resource 76 offset: 384944, length: 172...
2022-01-06 08:41:26,776 - root - DEBUG - Reading resource 76...
2022-01-06 08:41:26,776 - root - INFO - The image is bme.
2022-01-06 08:41:26,776 - root - INFO - Reading image header(readHeader16E)...
2022-01-06 08:41:26,776 - root - INFO - Image header was read:
2022-01-06 08:41:26,776 - root - INFO - Width: 10, Height: 6, RowLength: 20
2022-01-06 08:41:26,776 - root - INFO - datalength: 156, _step: 2
2022-01-06 08:41:26,776 - root - INFO - BPP: 16, Transparency: False
2022-01-06 08:41:26,776 - root - DEBUG - Parsing parameters...
2022-01-06 08:41:26,839 - root - DEBUG - 0 Value: None
2022-01-06 08:41:26,839 - root - DEBUG - 0.1 Value: 71
2022-01-06 08:41:26,839 - root - DEBUG - 2 Value: None
2022-01-06 08:41:26,839 - root - DEBUG - 2.1 Value: None
2022-01-06 08:41:26,839 - root - DEBUG - 2.1.1 Value: 0
2022-01-06 08:41:26,839 - root - DEBUG - 2.1.2 Value: 0
2022-01-06 08:41:26,839 - root - DEBUG - 2.1.3 Value: 1
2022-01-06 08:41:26,839 - root - DEBUG - 2.3 Value: None
2022-01-06 08:41:26,839 - root - DEBUG - 2.3.1 Value: 0
2022-01-06 08:41:26,839 - root - DEBUG - 2.3.2 Value: 0
2022-01-06 08:41:26,839 - root - DEBUG - 2.3.3 Value: 0
2022-01-06 08:41:26,839 - root - DEBUG - 2.4 Value: None
2022-01-06 08:41:26,839 - root - DEBUG - 2.4.1 Value: 0
2022-01-06 08:41:26,839 - root - DEBUG - 2.4.2 Value: 0
2022-01-06 08:41:26,839 - root - DEBUG - 2.4.3 Value: 0
2022-01-06 08:41:26,839 - root - DEBUG - 2.5 Value: None
2022-01-06 08:41:26,839 - root - DEBUG - 2.5.1 Value: 0
2022-01-06 08:41:26,839 - root - DEBUG - 2.5.2 Value: 0
2022-01-06 08:41:26,839 - root - DEBUG - 2.5.3 Value: 0
2022-01-06 08:41:26,839 - root - DEBUG - 3 Value: None
2022-01-06 08:41:26,839 - root - DEBUG - 3.1 Value: None
2022-01-06 08:41:26,839 - root - DEBUG - 3.1.1 Value: None
2022-01-06 08:41:26,839 - root - DEBUG - 3.1.1.1 Value: None
2022-01-06 08:41:26,839 - root - DEBUG - 3.1.1.1.1 Value: 16
2022-01-06 08:41:26,854 - root - DEBUG - 3.1.1.1.2 Value: 123
2022-01-06 08:41:26,854 - root - DEBUG - 3.1.1.1.3 Value: 2
2022-01-06 08:41:26,854 - root - DEBUG - 3.1.1.1.4 Value: 10
2022-01-06 08:41:26,854 - root - DEBUG - 3.1.1.2 Value: None
2022-01-06 08:41:26,854 - root - DEBUG - 3.1.1.2.1 Value: 69
2022-01-06 08:41:26,854 - root - DEBUG - 3.1.1.2.2 Value: 123
2022-01-06 08:41:26,854 - root - DEBUG - 3.1.1.2.3 Value: 2
2022-01-06 08:41:26,854 - root - DEBUG - 3.1.1.2.4 Value: 10
2022-01-06 08:41:26,854 - root - DEBUG - 3.1.2 Value: None
2022-01-06 08:41:26,854 - root - DEBUG - 3.1.2.1 Value: None
2022-01-06 08:41:26,854 - root - DEBUG - 3.1.2.1.1 Value: 148
2022-01-06 08:41:26,854 - root - DEBUG - 3.1.2.1.2 Value: 123
2022-01-06 08:41:26,854 - root - DEBUG - 3.1.2.1.3 Value: 2
2022-01-06 08:41:26,854 - root - DEBUG - 3.1.2.1.4 Value: 10
2022-01-06 08:41:26,854 - root - DEBUG - 3.1.2.2 Value: None
2022-01-06 08:41:26,854 - root - DEBUG - 3.1.2.2.1 Value: 201
2022-01-06 08:41:26,854 - root - DEBUG - 3.1.2.2.2 Value: 123
2022-01-06 08:41:26,854 - root - DEBUG - 3.1.2.2.3 Value: 2
2022-01-06 08:41:26,854 - root - DEBUG - 3.1.2.2.4 Value: 10
2022-01-06 08:41:26,854 - root - DEBUG - 3.1.3 Value: None
2022-01-06 08:41:26,854 - root - DEBUG - 3.1.3.1 Value: None
2022-01-06 08:41:26,854 - root - DEBUG - 3.1.3.1.1 Value: 256
2022-01-06 08:41:26,854 - root - DEBUG - 3.1.3.1.2 Value: 175
2022-01-06 08:41:26,854 - root - DEBUG - 3.1.3.1.3 Value: 12
2022-01-06 08:41:26,854 - root - DEBUG - 3.1.3.1.4 Value: 10
2022-01-06 08:41:26,854 - root - DEBUG - 3.1.3.2 Value: None
2022-01-06 08:41:26,854 - root - DEBUG - 3.1.3.2.1 Value: 271
2022-01-06 08:41:26,854 - root - DEBUG - 3.1.3.2.2 Value: 175
2022-01-06 08:41:26,854 - root - DEBUG - 3.1.3.2.3 Value: 12
2022-01-06 08:41:26,854 - root - DEBUG - 3.1.3.2.4 Value: 10
2022-01-06 08:41:26,854 - root - DEBUG - 3.1.7 Value: 0
2022-01-06 08:41:26,854 - root - DEBUG - 3.1.8 Value: 1
2022-01-06 08:41:26,854 - root - DEBUG - 4 Value: None
2022-01-06 08:41:26,854 - root - DEBUG - 4.1 Value: None
2022-01-06 08:41:26,854 - root - DEBUG - 4.1.1 Value: None
2022-01-06 08:41:26,854 - root - DEBUG - 4.1.1.1 Value: 45
2022-01-06 08:41:26,854 - root - DEBUG - 4.1.1.2 Value: 286
2022-01-06 08:41:26,854 - root - DEBUG - 4.1.1.3 Value: 105
2022-01-06 08:41:26,854 - root - DEBUG - 4.1.1.4 Value: 308
2022-01-06 08:41:26,854 - root - DEBUG - 4.1.1.5 Value: 24
2022-01-06 08:41:26,854 - root - DEBUG - 4.1.1.6 Value: 0
2022-01-06 08:41:26,854 - root - DEBUG - 4.1.1.7 Value: 0
2022-01-06 08:41:26,854 - root - DEBUG - 4.1.1.8 Value: 42
2022-01-06 08:41:26,854 - root - DEBUG - 4.1.1.9 Value: 10
2022-01-06 08:41:26,854 - root - DEBUG - 4.3 Value: None
2022-01-06 08:41:26,854 - root - DEBUG - 4.3.1 Value: None
2022-01-06 08:41:26,854 - root - DEBUG - 4.3.1.1 Value: 202
2022-01-06 08:41:26,854 - root - DEBUG - 4.3.1.2 Value: 35
2022-01-06 08:41:26,854 - root - DEBUG - 4.3.1.3 Value: 250
2022-01-06 08:41:26,854 - root - DEBUG - 4.3.1.4 Value: 57
2022-01-06 08:41:26,854 - root - DEBUG - 4.3.1.5 Value: 20
2022-01-06 08:41:26,854 - root - DEBUG - 4.3.1.6 Value: 0
2022-01-06 08:41:26,854 - root - DEBUG - 4.3.1.7 Value: 0
2022-01-06 08:41:26,854 - root - DEBUG - 4.3.1.8 Value: 42
2022-01-06 08:41:26,854 - root - DEBUG - 4.3.1.9 Value: 10
2022-01-06 08:41:26,854 - root - DEBUG - 4.4 Value: None
2022-01-06 08:41:26,854 - root - DEBUG - 4.4.1 Value: None
2022-01-06 08:41:26,854 - root - DEBUG - 4.4.1.1 Value: 64
2022-01-06 08:41:26,854 - root - DEBUG - 4.4.1.2 Value: 35
2022-01-06 08:41:26,854 - root - DEBUG - 4.4.1.3 Value: 100
2022-01-06 08:41:26,854 - root - DEBUG - 4.4.1.4 Value: 57
2022-01-06 08:41:26,854 - root - DEBUG - 4.4.1.5 Value: 20
2022-01-06 08:41:26,854 - root - DEBUG - 4.4.1.6 Value: 0
2022-01-06 08:41:26,854 - root - DEBUG - 4.4.1.7 Value: 0
2022-01-06 08:41:26,854 - root - DEBUG - 4.4.1.8 Value: 42
2022-01-06 08:41:26,854 - root - DEBUG - 4.4.1.9 Value: 10
2022-01-06 08:41:26,854 - root - DEBUG - 4.4.3 Value: 52
2022-01-06 08:41:26,854 - root - DEBUG - 4.5 Value: None
2022-01-06 08:41:26,854 - root - DEBUG - 4.5.1 Value: None
2022-01-06 08:41:26,854 - root - DEBUG - 4.5.1.1 Value: 209
2022-01-06 08:41:26,854 - root - DEBUG - 4.5.1.2 Value: 286
2022-01-06 08:41:26,854 - root - DEBUG - 4.5.1.3 Value: 249
2022-01-06 08:41:26,854 - root - DEBUG - 4.5.1.4 Value: 308
2022-01-06 08:41:26,854 - root - DEBUG - 4.5.1.5 Value: 24
2022-01-06 08:41:26,854 - root - DEBUG - 4.5.1.6 Value: 0
2022-01-06 08:41:26,854 - root - DEBUG - 4.5.1.7 Value: 0
2022-01-06 08:41:26,854 - root - DEBUG - 4.5.1.8 Value: 42
2022-01-06 08:41:26,854 - root - DEBUG - 4.5.1.9 Value: 10
2022-01-06 08:41:26,854 - root - DEBUG - 4.5.2 Value: 53
2022-01-06 08:41:26,854 - root - DEBUG - 4.5.3 Value: 54
2022-01-06 08:41:26,854 - root - DEBUG - 4.5.4 Value: 55
2022-01-06 08:41:26,854 - root - DEBUG - 4.5.8 Value: None
2022-01-06 08:41:26,854 - root - DEBUG - 4.5.8.1 Value: 175
2022-01-06 08:41:26,854 - root - DEBUG - 4.5.8.2 Value: 263
2022-01-06 08:41:26,854 - root - DEBUG - 4.7 Value: 0
2022-01-06 08:41:26,854 - root - DEBUG - 5 Value: None
2022-01-06 08:41:26,854 - root - DEBUG - 5.1 Value: None
2022-01-06 08:41:26,854 - root - DEBUG - 5.1.3 Value: None
2022-01-06 08:41:26,854 - root - DEBUG - 5.1.3.1 Value: None
2022-01-06 08:41:26,854 - root - DEBUG - 5.1.3.1.1 Value: 19
2022-01-06 08:41:26,854 - root - DEBUG - 5.1.3.1.2 Value: 76
2022-01-06 08:41:26,854 - root - DEBUG - 5.1.3.1.3 Value: 142
2022-01-06 08:41:26,854 - root - DEBUG - 5.1.3.1.4 Value: 96
2022-01-06 08:41:26,854 - root - DEBUG - 5.1.3.1.5 Value: 18
2022-01-06 08:41:26,854 - root - DEBUG - 5.1.3.1.6 Value: 1
2022-01-06 08:41:26,854 - root - DEBUG - 5.1.3.1.7 Value: 0
2022-01-06 08:41:26,854 - root - DEBUG - 5.1.3.1.8 Value: 22
2022-01-06 08:41:26,854 - root - DEBUG - 5.1.3.1.9 Value: 10
2022-01-06 08:41:26,854 - root - DEBUG - 5.1.3.2 Value: 32
2022-01-06 08:41:26,854 - root - DEBUG - 5.1.4 Value: 1
2022-01-06 08:41:26,854 - root - DEBUG - 5.1.5 Value: 1
2022-01-06 08:41:26,854 - root - DEBUG - 5.1.6 Value: 0
2022-01-06 08:41:26,854 - root - DEBUG - 5.2 Value: None
2022-01-06 08:41:26,854 - root - DEBUG - 5.2.1 Value: 256
2022-01-06 08:41:26,854 - root - DEBUG - 5.2.2 Value: 126
2022-01-06 08:41:26,854 - root - DEBUG - 5.2.5 Value: 40
2022-01-06 08:41:26,854 - root - DEBUG - 5.2.6 Value: 41
2022-01-06 08:41:26,854 - root - DEBUG - 5.4 Value: None
2022-01-06 08:41:26,854 - root - DEBUG - 5.4.1 Value: 157
2022-01-06 08:41:26,854 - root - DEBUG - 5.4.2 Value: 76
2022-01-06 08:41:26,854 - root - DEBUG - 5.4.3 Value: 33
2022-01-06 08:41:26,854 - root - DEBUG - 5.4.4 Value: 7
2022-01-06 08:41:26,854 - root - DEBUG - 9 Value: None
2022-01-06 08:41:26,854 - root - DEBUG - 9.1 Value: None
2022-01-06 08:41:26,854 - root - DEBUG - 9.1.1 Value: None
2022-01-06 08:41:26,854 - root - DEBUG - 9.1.1.1 Value: 229
2022-01-06 08:41:26,854 - root - DEBUG - 9.1.1.2 Value: 223
2022-01-06 08:41:26,854 - root - DEBUG - 9.1.1.3 Value: 284
2022-01-06 08:41:26,854 - root - DEBUG - 9.1.1.4 Value: 243
2022-01-06 08:41:26,854 - root - DEBUG - 9.1.1.5 Value: 20
2022-01-06 08:41:26,854 - root - DEBUG - 9.1.1.6 Value: 1
2022-01-06 08:41:26,854 - root - DEBUG - 9.1.1.7 Value: 0
2022-01-06 08:41:26,854 - root - DEBUG - 9.1.1.8 Value: 56
2022-01-06 08:41:26,854 - root - DEBUG - 9.1.1.9 Value: 10
2022-01-06 08:41:26,854 - root - DEBUG - 9.1.4 Value: 66
2022-01-06 08:41:26,854 - root - DEBUG - 9.3 Value: None
2022-01-06 08:41:26,854 - root - DEBUG - 9.3.1 Value: 67
2022-01-06 08:41:26,854 - root - DEBUG - 9.3.2 Value: None
2022-01-06 08:41:26,854 - root - DEBUG - 9.3.2.1 Value: 212
2022-01-06 08:41:26,854 - root - DEBUG - 9.3.2.2 Value: 231
2022-01-06 08:41:26,854 - root - DEBUG - 9.3.2 Value: None
2022-01-06 08:41:26,854 - root - DEBUG - 9.3.2.1 Value: 199
2022-01-06 08:41:26,854 - root - DEBUG - 9.3.2.2 Value: 231
2022-01-06 08:41:26,854 - root - DEBUG - 9.3.2 Value: None
2022-01-06 08:41:26,854 - root - DEBUG - 9.3.2.1 Value: 186
2022-01-06 08:41:26,854 - root - DEBUG - 9.3.2.2 Value: 231
2022-01-06 08:41:26,854 - root - DEBUG - 9.3.2 Value: None
2022-01-06 08:41:26,854 - root - DEBUG - 9.3.2.1 Value: 173
2022-01-06 08:41:26,854 - root - DEBUG - 9.3.2.2 Value: 231
2022-01-06 08:41:26,854 - root - DEBUG - 9.3.2 Value: None
2022-01-06 08:41:26,854 - root - DEBUG - 9.3.2.1 Value: 160
2022-01-06 08:41:26,854 - root - DEBUG - 9.3.2.2 Value: 231
2022-01-06 08:41:26,854 - root - DEBUG - 9.3.2 Value: None
2022-01-06 08:41:26,854 - root - DEBUG - 9.3.2.1 Value: 147
2022-01-06 08:41:26,854 - root - DEBUG - 9.3.2.2 Value: 231
2022-01-06 08:41:26,854 - root - DEBUG - 9.3.2 Value: None
2022-01-06 08:41:26,854 - root - DEBUG - 9.3.2.1 Value: 134
2022-01-06 08:41:26,854 - root - DEBUG - 9.3.2.2 Value: 231
2022-01-06 08:41:26,854 - root - DEBUG - 9.3.2 Value: None
2022-01-06 08:41:26,854 - root - DEBUG - 9.3.2.1 Value: 121
2022-01-06 08:41:26,854 - root - DEBUG - 9.3.2.2 Value: 231
2022-01-06 08:41:26,854 - root - DEBUG - 9.3.2 Value: None
2022-01-06 08:41:26,854 - root - DEBUG - 9.3.2.1 Value: 108
2022-01-06 08:41:26,854 - root - DEBUG - 9.3.2.2 Value: 231
2022-01-06 08:41:26,854 - root - DEBUG - 9.3.2 Value: None
2022-01-06 08:41:26,854 - root - DEBUG - 9.3.2.1 Value: 95
2022-01-06 08:41:26,854 - root - DEBUG - 9.3.2.2 Value: 231
2022-01-06 08:41:26,854 - root - DEBUG - 0-Info
2022-01-06 08:41:26,854 - root - DEBUG - 0.1-DeviceId
2022-01-06 08:41:26,854 - root - DEBUG - 2-Background
2022-01-06 08:41:26,854 - root - DEBUG - 2.1-Image
2022-01-06 08:41:26,854 - root - DEBUG - 2.1.1-X
2022-01-06 08:41:26,854 - root - DEBUG - 2.1.2-Y
2022-01-06 08:41:26,854 - root - DEBUG - 2.1.3-ImageIndex
2022-01-06 08:41:26,854 - root - DEBUG - 2.3-Preview
2022-01-06 08:41:26,854 - root - DEBUG - 2.3.1-X
2022-01-06 08:41:26,854 - root - DEBUG - 2.3.2-Y
2022-01-06 08:41:26,854 - root - DEBUG - 2.3.3-ImageIndex
2022-01-06 08:41:26,854 - root - DEBUG - 2.4-PreviewTradChinese
2022-01-06 08:41:26,854 - root - DEBUG - 2.4.1-X
2022-01-06 08:41:26,854 - root - DEBUG - 2.4.2-Y
2022-01-06 08:41:26,854 - root - DEBUG - 2.4.3-ImageIndex
2022-01-06 08:41:26,854 - root - DEBUG - 2.5-PreviewChinese
2022-01-06 08:41:26,854 - root - DEBUG - 2.5.1-X
2022-01-06 08:41:26,854 - root - DEBUG - 2.5.2-Y
2022-01-06 08:41:26,854 - root - DEBUG - 2.5.3-ImageIndex
2022-01-06 08:41:26,854 - root - DEBUG - 3-TimeExtended
2022-01-06 08:41:26,854 - root - DEBUG - 3.1-TimeSeparateDigits
2022-01-06 08:41:26,854 - root - DEBUG - 3.1.1-Hours
2022-01-06 08:41:26,854 - root - DEBUG - 3.1.1.1-Tens
2022-01-06 08:41:26,854 - root - DEBUG - 3.1.1.1.1-X
2022-01-06 08:41:26,854 - root - DEBUG - 3.1.1.1.2-Y
2022-01-06 08:41:26,854 - root - DEBUG - 3.1.1.1.3-ImageIndex
2022-01-06 08:41:26,854 - root - DEBUG - 3.1.1.1.4-ImagesCount
2022-01-06 08:41:26,854 - root - DEBUG - 3.1.1.2-Ones
2022-01-06 08:41:26,854 - root - DEBUG - 3.1.1.2.1-X
2022-01-06 08:41:26,870 - root - DEBUG - 3.1.1.2.2-Y
2022-01-06 08:41:26,870 - root - DEBUG - 3.1.1.2.3-ImageIndex
2022-01-06 08:41:26,870 - root - DEBUG - 3.1.1.2.4-ImagesCount
2022-01-06 08:41:26,870 - root - DEBUG - 3.1.2-Minutes
2022-01-06 08:41:26,870 - root - DEBUG - 3.1.2.1-Tens
2022-01-06 08:41:26,870 - root - DEBUG - 3.1.2.1.1-X
2022-01-06 08:41:26,870 - root - DEBUG - 3.1.2.1.2-Y
2022-01-06 08:41:26,870 - root - DEBUG - 3.1.2.1.3-ImageIndex
2022-01-06 08:41:26,870 - root - DEBUG - 3.1.2.1.4-ImagesCount
2022-01-06 08:41:26,870 - root - DEBUG - 3.1.2.2-Ones
2022-01-06 08:41:26,870 - root - DEBUG - 3.1.2.2.1-X
2022-01-06 08:41:26,870 - root - DEBUG - 3.1.2.2.2-Y
2022-01-06 08:41:26,870 - root - DEBUG - 3.1.2.2.3-ImageIndex
2022-01-06 08:41:26,870 - root - DEBUG - 3.1.2.2.4-ImagesCount
2022-01-06 08:41:26,870 - root - DEBUG - 3.1.3-Seconds
2022-01-06 08:41:26,870 - root - DEBUG - 3.1.3.1-Tens
2022-01-06 08:41:26,870 - root - DEBUG - 3.1.3.1.1-X
2022-01-06 08:41:26,870 - root - DEBUG - 3.1.3.1.2-Y
2022-01-06 08:41:26,870 - root - DEBUG - 3.1.3.1.3-ImageIndex
2022-01-06 08:41:26,870 - root - DEBUG - 3.1.3.1.4-ImagesCount
2022-01-06 08:41:26,870 - root - DEBUG - 3.1.3.2-Ones
2022-01-06 08:41:26,870 - root - DEBUG - 3.1.3.2.1-X
2022-01-06 08:41:26,870 - root - DEBUG - 3.1.3.2.2-Y
2022-01-06 08:41:26,870 - root - DEBUG - 3.1.3.2.3-ImageIndex
2022-01-06 08:41:26,870 - root - DEBUG - 3.1.3.2.4-ImagesCount
2022-01-06 08:41:26,870 - root - DEBUG - 3.1.7-PaddingZeroHours
2022-01-06 08:41:26,870 - root - DEBUG - 3.1.8-PaddingZeroMinutes
2022-01-06 08:41:26,870 - root - DEBUG - 4-Activity
2022-01-06 08:41:26,870 - root - DEBUG - 4.1-Steps
2022-01-06 08:41:26,870 - root - DEBUG - 4.1.1-ImageNumber
2022-01-06 08:41:26,870 - root - DEBUG - 4.1.1.1-TopLeftX
2022-01-06 08:41:26,870 - root - DEBUG - 4.1.1.2-TopLeftY
2022-01-06 08:41:26,870 - root - DEBUG - 4.1.1.3-BottomRightX
2022-01-06 08:41:26,870 - root - DEBUG - 4.1.1.4-BottomRightY
2022-01-06 08:41:26,870 - root - DEBUG - 4.1.1.5-Alignment
2022-01-06 08:41:26,870 - root - DEBUG - 4.1.1.6-Spacing
2022-01-06 08:41:26,870 - root - DEBUG - 4.1.1.7-VerticalOffset
2022-01-06 08:41:26,870 - root - DEBUG - 4.1.1.8-ImageIndex
2022-01-06 08:41:26,870 - root - DEBUG - 4.1.1.9-ImagesCount
2022-01-06 08:41:26,870 - root - DEBUG - 4.3-Calories
2022-01-06 08:41:26,870 - root - DEBUG - 4.3.1-ImageNumber
2022-01-06 08:41:26,870 - root - DEBUG - 4.3.1.1-TopLeftX
2022-01-06 08:41:26,870 - root - DEBUG - 4.3.1.2-TopLeftY
2022-01-06 08:41:26,870 - root - DEBUG - 4.3.1.3-BottomRightX
2022-01-06 08:41:26,870 - root - DEBUG - 4.3.1.4-BottomRightY
2022-01-06 08:41:26,870 - root - DEBUG - 4.3.1.5-Alignment
2022-01-06 08:41:26,870 - root - DEBUG - 4.3.1.6-Spacing
2022-01-06 08:41:26,870 - root - DEBUG - 4.3.1.7-VerticalOffset
2022-01-06 08:41:26,870 - root - DEBUG - 4.3.1.8-ImageIndex
2022-01-06 08:41:26,870 - root - DEBUG - 4.3.1.9-ImagesCount
2022-01-06 08:41:26,870 - root - DEBUG - 4.4-HeartRate
2022-01-06 08:41:26,870 - root - DEBUG - 4.4.1-ImageNumber
2022-01-06 08:41:26,870 - root - DEBUG - 4.4.1.1-TopLeftX
2022-01-06 08:41:26,870 - root - DEBUG - 4.4.1.2-TopLeftY
2022-01-06 08:41:26,870 - root - DEBUG - 4.4.1.3-BottomRightX
2022-01-06 08:41:26,870 - root - DEBUG - 4.4.1.4-BottomRightY
2022-01-06 08:41:26,870 - root - DEBUG - 4.4.1.5-Alignment
2022-01-06 08:41:26,870 - root - DEBUG - 4.4.1.6-Spacing
2022-01-06 08:41:26,870 - root - DEBUG - 4.4.1.7-VerticalOffset
2022-01-06 08:41:26,870 - root - DEBUG - 4.4.1.8-ImageIndex
2022-01-06 08:41:26,870 - root - DEBUG - 4.4.1.9-ImagesCount
2022-01-06 08:41:26,870 - root - DEBUG - 4.4.3-NoDataImageIndex
2022-01-06 08:41:26,870 - root - DEBUG - 4.5-Distance
2022-01-06 08:41:26,870 - root - DEBUG - 4.5.1-ImageNumber
2022-01-06 08:41:26,870 - root - DEBUG - 4.5.1.1-TopLeftX
2022-01-06 08:41:26,870 - root - DEBUG - 4.5.1.2-TopLeftY
2022-01-06 08:41:26,870 - root - DEBUG - 4.5.1.3-BottomRightX
2022-01-06 08:41:26,870 - root - DEBUG - 4.5.1.4-BottomRightY
2022-01-06 08:41:26,870 - root - DEBUG - 4.5.1.5-Alignment
2022-01-06 08:41:26,870 - root - DEBUG - 4.5.1.6-Spacing
2022-01-06 08:41:26,870 - root - DEBUG - 4.5.1.7-VerticalOffset
2022-01-06 08:41:26,870 - root - DEBUG - 4.5.1.8-ImageIndex
2022-01-06 08:41:26,870 - root - DEBUG - 4.5.1.9-ImagesCount
2022-01-06 08:41:26,870 - root - DEBUG - 4.5.2-SuffixKMImageIndex
2022-01-06 08:41:26,870 - root - DEBUG - 4.5.3-DecimalPointImageIndex
2022-01-06 08:41:26,870 - root - DEBUG - 4.5.4-SuffixMIImageIndex
2022-01-06 08:41:26,870 - root - DEBUG - 4.5.8-SuffixImageCoordinates
2022-01-06 08:41:26,870 - root - DEBUG - 4.5.8.1-X
2022-01-06 08:41:26,870 - root - DEBUG - 4.5.8.2-Y
2022-01-06 08:41:26,870 - root - DEBUG - 4.7-UnknownLongValue7
2022-01-06 08:41:26,870 - root - DEBUG - 5-DateBlock
2022-01-06 08:41:26,870 - root - DEBUG - 5.1-Date
2022-01-06 08:41:26,870 - root - DEBUG - 5.1.3-OneLineYearMonthAndDay
2022-01-06 08:41:26,870 - root - DEBUG - 5.1.3.1-Number
2022-01-06 08:41:26,870 - root - DEBUG - 5.1.3.1.1-TopLeftX
2022-01-06 08:41:26,870 - root - DEBUG - 5.1.3.1.2-TopLeftY
2022-01-06 08:41:26,870 - root - DEBUG - 5.1.3.1.3-BottomRightX
2022-01-06 08:41:26,870 - root - DEBUG - 5.1.3.1.4-BottomRightY
2022-01-06 08:41:26,870 - root - DEBUG - 5.1.3.1.5-Alignment
2022-01-06 08:41:26,870 - root - DEBUG - 5.1.3.1.6-Spacing
2022-01-06 08:41:26,870 - root - DEBUG - 5.1.3.1.7-VerticalOffset
2022-01-06 08:41:26,870 - root - DEBUG - 5.1.3.1.8-ImageIndex
2022-01-06 08:41:26,870 - root - DEBUG - 5.1.3.1.9-ImagesCount
2022-01-06 08:41:26,870 - root - DEBUG - 5.1.3.2-DelimiterImageIndex
2022-01-06 08:41:26,870 - root - DEBUG - 5.1.4-PaddingZeroMonth
2022-01-06 08:41:26,870 - root - DEBUG - 5.1.5-PaddingZeroDay
2022-01-06 08:41:26,870 - root - DEBUG - 5.1.6-UnknownBoolean6
2022-01-06 08:41:26,870 - root - DEBUG - 5.2-AmPm
2022-01-06 08:41:26,870 - root - DEBUG - 5.2.1-CommonX
2022-01-06 08:41:26,870 - root - DEBUG - 5.2.2-CommonY
2022-01-06 08:41:26,870 - root - DEBUG - 5.2.5-AmImageIndexEN
2022-01-06 08:41:26,870 - root - DEBUG - 5.2.6-PmImageIndexEN
2022-01-06 08:41:26,870 - root - DEBUG - 5.4-Weekday
2022-01-06 08:41:26,870 - root - DEBUG - 5.4.1-X
2022-01-06 08:41:26,870 - root - DEBUG - 5.4.2-Y
2022-01-06 08:41:26,870 - root - DEBUG - 5.4.3-ImageIndex
2022-01-06 08:41:26,870 - root - DEBUG - 5.4.4-ImagesCount
2022-01-06 08:41:26,870 - root - DEBUG - 9-Battery
2022-01-06 08:41:26,870 - root - DEBUG - 9.1-BatteryText
2022-01-06 08:41:26,870 - root - DEBUG - 9.1.1-ImageNumber
2022-01-06 08:41:26,870 - root - DEBUG - 9.1.1.1-TopLeftX
2022-01-06 08:41:26,870 - root - DEBUG - 9.1.1.2-TopLeftY
2022-01-06 08:41:26,870 - root - DEBUG - 9.1.1.3-BottomRightX
2022-01-06 08:41:26,870 - root - DEBUG - 9.1.1.4-BottomRightY
2022-01-06 08:41:26,870 - root - DEBUG - 9.1.1.5-Alignment
2022-01-06 08:41:26,870 - root - DEBUG - 9.1.1.6-Spacing
2022-01-06 08:41:26,870 - root - DEBUG - 9.1.1.7-VerticalOffset
2022-01-06 08:41:26,870 - root - DEBUG - 9.1.1.8-ImageIndex
2022-01-06 08:41:26,870 - root - DEBUG - 9.1.1.9-ImagesCount
2022-01-06 08:41:26,870 - root - DEBUG - 9.1.4-SuffixImageIndex
2022-01-06 08:41:26,870 - root - DEBUG - 9.3-IconSetProgress
2022-01-06 08:41:26,870 - root - DEBUG - 9.3.1-ImageIndex
2022-01-06 08:41:26,870 - root - DEBUG - 9.3.2-Coordinates
2022-01-06 08:41:26,870 - root - DEBUG - 9.3.2.1-X
2022-01-06 08:41:26,870 - root - DEBUG - 9.3.2.2-Y
2022-01-06 08:41:26,870 - root - DEBUG - 9.3.2-Coordinates
2022-01-06 08:41:26,870 - root - DEBUG - 9.3.2.1-X
2022-01-06 08:41:26,870 - root - DEBUG - 9.3.2.2-Y
2022-01-06 08:41:26,870 - root - DEBUG - 9.3.2-Coordinates
2022-01-06 08:41:26,870 - root - DEBUG - 9.3.2.1-X
2022-01-06 08:41:26,870 - root - DEBUG - 9.3.2.2-Y
2022-01-06 08:41:26,870 - root - DEBUG - 9.3.2-Coordinates
2022-01-06 08:41:26,870 - root - DEBUG - 9.3.2.1-X
2022-01-06 08:41:26,870 - root - DEBUG - 9.3.2.2-Y
2022-01-06 08:41:26,870 - root - DEBUG - 9.3.2-Coordinates
2022-01-06 08:41:26,870 - root - DEBUG - 9.3.2.1-X
2022-01-06 08:41:26,870 - root - DEBUG - 9.3.2.2-Y
2022-01-06 08:41:26,870 - root - DEBUG - 9.3.2-Coordinates
2022-01-06 08:41:26,870 - root - DEBUG - 9.3.2.1-X
2022-01-06 08:41:26,870 - root - DEBUG - 9.3.2.2-Y
2022-01-06 08:41:26,870 - root - DEBUG - 9.3.2-Coordinates
2022-01-06 08:41:26,870 - root - DEBUG - 9.3.2.1-X
2022-01-06 08:41:26,870 - root - DEBUG - 9.3.2.2-Y
2022-01-06 08:41:26,870 - root - DEBUG - 9.3.2-Coordinates
2022-01-06 08:41:26,870 - root - DEBUG - 9.3.2.1-X
2022-01-06 08:41:26,870 - root - DEBUG - 9.3.2.2-Y
2022-01-06 08:41:26,886 - root - DEBUG - 9.3.2-Coordinates
2022-01-06 08:41:26,886 - root - DEBUG - 9.3.2.1-X
2022-01-06 08:41:26,886 - root - DEBUG - 9.3.2.2-Y
2022-01-06 08:41:26,886 - root - DEBUG - 9.3.2-Coordinates
2022-01-06 08:41:26,886 - root - DEBUG - 9.3.2.1-X
2022-01-06 08:41:26,886 - root - DEBUG - 9.3.2.2-Y
2022-01-06 08:41:26,886 - root - DEBUG - generatePreviews
2022-01-06 08:41:26,886 - root - DEBUG - Generating previews...
2022-01-06 08:41:26,886 - root - DEBUG - Generating states done...
2022-01-06 08:41:26,886 - root - DEBUG - >>>>>>>>>>>> 0 <watchFaceParser.models.parameter.Parameter object at 0x000002AEEDE873C8>
2022-01-06 08:41:26,886 - root - DEBUG - >>>>>>>>>>>> 2 <watchFaceParser.models.parameter.Parameter object at 0x000002AEEDE72DC8>
2022-01-06 08:41:26,901 - root - DEBUG - >>>>>>>>>>>> 3 <watchFaceParser.models.parameter.Parameter object at 0x000002AEEDE7E9C8>
2022-01-06 08:41:26,901 - root - DEBUG - >>>>>>>>>>>> 4 <watchFaceParser.models.parameter.Parameter object at 0x000002AEEDE81C88>
2022-01-06 08:41:26,917 - root - DEBUG - >>>>>>>>>>>> 5 <watchFaceParser.models.parameter.Parameter object at 0x000002AEEDE81D08>
2022-01-06 08:41:26,917 - root - DEBUG - >>>>>>>>>>>> 9 <watchFaceParser.models.parameter.Parameter object at 0x000002AEEDE834C8>
2022-01-06 08:41:26,948 - root - DEBUG - Generating static preview gen done...
2022-01-06 08:41:26,995 - root - DEBUG - Generating static preview save done...
2022-01-06 08:41:26,995 - root - DEBUG - Generating anim preview gen done...
2022-01-06 08:41:26,995 - root - DEBUG - >>>>>>>>>>>> 0 <watchFaceParser.models.parameter.Parameter object at 0x000002AEEDE873C8>
2022-01-06 08:41:26,995 - root - DEBUG - >>>>>>>>>>>> 2 <watchFaceParser.models.parameter.Parameter object at 0x000002AEEDE72DC8>
2022-01-06 08:41:26,995 - root - DEBUG - >>>>>>>>>>>> 3 <watchFaceParser.models.parameter.Parameter object at 0x000002AEEDE7E9C8>
2022-01-06 08:41:26,995 - root - DEBUG - >>>>>>>>>>>> 4 <watchFaceParser.models.parameter.Parameter object at 0x000002AEEDE81C88>
2022-01-06 08:41:26,995 - root - DEBUG - >>>>>>>>>>>> 5 <watchFaceParser.models.parameter.Parameter object at 0x000002AEEDE81D08>
2022-01-06 08:41:26,995 - root - DEBUG - >>>>>>>>>>>> 9 <watchFaceParser.models.parameter.Parameter object at 0x000002AEEDE834C8>
2022-01-06 08:41:27,104 - root - DEBUG - generatePreviews done
2022-01-06 08:41:27,104 - root - DEBUG - Exporting resources to 'E:\Codez\zepp-bipupro-wf\425026f7086c79bd75f71beed101951e'
2022-01-06 08:41:27,104 - root - DEBUG - extracting E:\Codez\zepp-bipupro-wf\425026f7086c79bd75f71beed101951e\0000.png...
2022-01-06 08:41:27,120 - root - DEBUG - extracting E:\Codez\zepp-bipupro-wf\425026f7086c79bd75f71beed101951e\0001.png...
2022-01-06 08:41:27,120 - root - DEBUG - extracting E:\Codez\zepp-bipupro-wf\425026f7086c79bd75f71beed101951e\0002.png...
2022-01-06 08:41:27,120 - root - DEBUG - extracting E:\Codez\zepp-bipupro-wf\425026f7086c79bd75f71beed101951e\0003.png...
2022-01-06 08:41:27,120 - root - DEBUG - extracting E:\Codez\zepp-bipupro-wf\425026f7086c79bd75f71beed101951e\0004.png...
2022-01-06 08:41:27,136 - root - DEBUG - extracting E:\Codez\zepp-bipupro-wf\425026f7086c79bd75f71beed101951e\0005.png...
2022-01-06 08:41:27,136 - root - DEBUG - extracting E:\Codez\zepp-bipupro-wf\425026f7086c79bd75f71beed101951e\0006.png...
2022-01-06 08:41:27,136 - root - DEBUG - extracting E:\Codez\zepp-bipupro-wf\425026f7086c79bd75f71beed101951e\0007.png...
2022-01-06 08:41:27,136 - root - DEBUG - extracting E:\Codez\zepp-bipupro-wf\425026f7086c79bd75f71beed101951e\0008.png...
2022-01-06 08:41:27,136 - root - DEBUG - extracting E:\Codez\zepp-bipupro-wf\425026f7086c79bd75f71beed101951e\0009.png...
2022-01-06 08:41:27,136 - root - DEBUG - extracting E:\Codez\zepp-bipupro-wf\425026f7086c79bd75f71beed101951e\0010.png...
2022-01-06 08:41:27,136 - root - DEBUG - extracting E:\Codez\zepp-bipupro-wf\425026f7086c79bd75f71beed101951e\0011.png...
2022-01-06 08:41:27,136 - root - DEBUG - extracting E:\Codez\zepp-bipupro-wf\425026f7086c79bd75f71beed101951e\0012.png...
2022-01-06 08:41:27,136 - root - DEBUG - extracting E:\Codez\zepp-bipupro-wf\425026f7086c79bd75f71beed101951e\0013.png...
2022-01-06 08:41:27,136 - root - DEBUG - extracting E:\Codez\zepp-bipupro-wf\425026f7086c79bd75f71beed101951e\0014.png...
2022-01-06 08:41:27,136 - root - DEBUG - extracting E:\Codez\zepp-bipupro-wf\425026f7086c79bd75f71beed101951e\0015.png...
2022-01-06 08:41:27,136 - root - DEBUG - extracting E:\Codez\zepp-bipupro-wf\425026f7086c79bd75f71beed101951e\0016.png...
2022-01-06 08:41:27,136 - root - DEBUG - extracting E:\Codez\zepp-bipupro-wf\425026f7086c79bd75f71beed101951e\0017.png...
2022-01-06 08:41:27,136 - root - DEBUG - extracting E:\Codez\zepp-bipupro-wf\425026f7086c79bd75f71beed101951e\0018.png...
2022-01-06 08:41:27,136 - root - DEBUG - extracting E:\Codez\zepp-bipupro-wf\425026f7086c79bd75f71beed101951e\0019.png...
2022-01-06 08:41:27,136 - root - DEBUG - extracting E:\Codez\zepp-bipupro-wf\425026f7086c79bd75f71beed101951e\0020.png...
2022-01-06 08:41:27,136 - root - DEBUG - extracting E:\Codez\zepp-bipupro-wf\425026f7086c79bd75f71beed101951e\0021.png...
2022-01-06 08:41:27,136 - root - DEBUG - extracting E:\Codez\zepp-bipupro-wf\425026f7086c79bd75f71beed101951e\0022.png...
2022-01-06 08:41:27,151 - root - DEBUG - extracting E:\Codez\zepp-bipupro-wf\425026f7086c79bd75f71beed101951e\0023.png...
2022-01-06 08:41:27,151 - root - DEBUG - extracting E:\Codez\zepp-bipupro-wf\425026f7086c79bd75f71beed101951e\0024.png...
2022-01-06 08:41:27,151 - root - DEBUG - extracting E:\Codez\zepp-bipupro-wf\425026f7086c79bd75f71beed101951e\0025.png...
2022-01-06 08:41:27,151 - root - DEBUG - extracting E:\Codez\zepp-bipupro-wf\425026f7086c79bd75f71beed101951e\0026.png...
2022-01-06 08:41:27,151 - root - DEBUG - extracting E:\Codez\zepp-bipupro-wf\425026f7086c79bd75f71beed101951e\0027.png...
2022-01-06 08:41:27,151 - root - DEBUG - extracting E:\Codez\zepp-bipupro-wf\425026f7086c79bd75f71beed101951e\0028.png...
2022-01-06 08:41:27,151 - root - DEBUG - extracting E:\Codez\zepp-bipupro-wf\425026f7086c79bd75f71beed101951e\0029.png...
2022-01-06 08:41:27,151 - root - DEBUG - extracting E:\Codez\zepp-bipupro-wf\425026f7086c79bd75f71beed101951e\0030.png...
2022-01-06 08:41:27,151 - root - DEBUG - extracting E:\Codez\zepp-bipupro-wf\425026f7086c79bd75f71beed101951e\0031.png...
2022-01-06 08:41:27,151 - root - DEBUG - extracting E:\Codez\zepp-bipupro-wf\425026f7086c79bd75f71beed101951e\0032.png...
2022-01-06 08:41:27,151 - root - DEBUG - extracting E:\Codez\zepp-bipupro-wf\425026f7086c79bd75f71beed101951e\0033.png...
2022-01-06 08:41:27,151 - root - DEBUG - extracting E:\Codez\zepp-bipupro-wf\425026f7086c79bd75f71beed101951e\0034.png...
2022-01-06 08:41:27,151 - root - DEBUG - extracting E:\Codez\zepp-bipupro-wf\425026f7086c79bd75f71beed101951e\0035.png...
2022-01-06 08:41:27,151 - root - DEBUG - extracting E:\Codez\zepp-bipupro-wf\425026f7086c79bd75f71beed101951e\0036.png...
2022-01-06 08:41:27,151 - root - DEBUG - extracting E:\Codez\zepp-bipupro-wf\425026f7086c79bd75f71beed101951e\0037.png...
2022-01-06 08:41:27,151 - root - DEBUG - extracting E:\Codez\zepp-bipupro-wf\425026f7086c79bd75f71beed101951e\0038.png...
2022-01-06 08:41:27,151 - root - DEBUG - extracting E:\Codez\zepp-bipupro-wf\425026f7086c79bd75f71beed101951e\0039.png...
2022-01-06 08:41:27,151 - root - DEBUG - extracting E:\Codez\zepp-bipupro-wf\425026f7086c79bd75f71beed101951e\0040.png...
2022-01-06 08:41:27,167 - root - DEBUG - extracting E:\Codez\zepp-bipupro-wf\425026f7086c79bd75f71beed101951e\0041.png...
2022-01-06 08:41:27,167 - root - DEBUG - extracting E:\Codez\zepp-bipupro-wf\425026f7086c79bd75f71beed101951e\0042.png...
2022-01-06 08:41:27,167 - root - DEBUG - extracting E:\Codez\zepp-bipupro-wf\425026f7086c79bd75f71beed101951e\0043.png...
2022-01-06 08:41:27,167 - root - DEBUG - extracting E:\Codez\zepp-bipupro-wf\425026f7086c79bd75f71beed101951e\0044.png...
2022-01-06 08:41:27,167 - root - DEBUG - extracting E:\Codez\zepp-bipupro-wf\425026f7086c79bd75f71beed101951e\0045.png...
2022-01-06 08:41:27,167 - root - DEBUG - extracting E:\Codez\zepp-bipupro-wf\425026f7086c79bd75f71beed101951e\0046.png...
2022-01-06 08:41:27,167 - root - DEBUG - extracting E:\Codez\zepp-bipupro-wf\425026f7086c79bd75f71beed101951e\0047.png...
2022-01-06 08:41:27,167 - root - DEBUG - extracting E:\Codez\zepp-bipupro-wf\425026f7086c79bd75f71beed101951e\0048.png...
2022-01-06 08:41:27,167 - root - DEBUG - extracting E:\Codez\zepp-bipupro-wf\425026f7086c79bd75f71beed101951e\0049.png...
2022-01-06 08:41:27,167 - root - DEBUG - extracting E:\Codez\zepp-bipupro-wf\425026f7086c79bd75f71beed101951e\0050.png...
2022-01-06 08:41:27,167 - root - DEBUG - extracting E:\Codez\zepp-bipupro-wf\425026f7086c79bd75f71beed101951e\0051.png...
2022-01-06 08:41:27,167 - root - DEBUG - extracting E:\Codez\zepp-bipupro-wf\425026f7086c79bd75f71beed101951e\0052.png...
2022-01-06 08:41:27,167 - root - DEBUG - extracting E:\Codez\zepp-bipupro-wf\425026f7086c79bd75f71beed101951e\0053.png...
2022-01-06 08:41:27,167 - root - DEBUG - extracting E:\Codez\zepp-bipupro-wf\425026f7086c79bd75f71beed101951e\0054.png...
2022-01-06 08:41:27,167 - root - DEBUG - extracting E:\Codez\zepp-bipupro-wf\425026f7086c79bd75f71beed101951e\0055.png...
2022-01-06 08:41:27,167 - root - DEBUG - extracting E:\Codez\zepp-bipupro-wf\425026f7086c79bd75f71beed101951e\0056.png...
2022-01-06 08:41:27,167 - root - DEBUG - extracting E:\Codez\zepp-bipupro-wf\425026f7086c79bd75f71beed101951e\0057.png...
2022-01-06 08:41:27,167 - root - DEBUG - extracting E:\Codez\zepp-bipupro-wf\425026f7086c79bd75f71beed101951e\0058.png...
2022-01-06 08:41:27,167 - root - DEBUG - extracting E:\Codez\zepp-bipupro-wf\425026f7086c79bd75f71beed101951e\0059.png...
2022-01-06 08:41:27,167 - root - DEBUG - extracting E:\Codez\zepp-bipupro-wf\425026f7086c79bd75f71beed101951e\0060.png...
2022-01-06 08:41:27,182 - root - DEBUG - extracting E:\Codez\zepp-bipupro-wf\425026f7086c79bd75f71beed101951e\0061.png...
2022-01-06 08:41:27,182 - root - DEBUG - extracting E:\Codez\zepp-bipupro-wf\425026f7086c79bd75f71beed101951e\0062.png...
2022-01-06 08:41:27,182 - root - DEBUG - extracting E:\Codez\zepp-bipupro-wf\425026f7086c79bd75f71beed101951e\0063.png...
2022-01-06 08:41:27,182 - root - DEBUG - extracting E:\Codez\zepp-bipupro-wf\425026f7086c79bd75f71beed101951e\0064.png...
2022-01-06 08:41:27,182 - root - DEBUG - extracting E:\Codez\zepp-bipupro-wf\425026f7086c79bd75f71beed101951e\0065.png...
2022-01-06 08:41:27,182 - root - DEBUG - extracting E:\Codez\zepp-bipupro-wf\425026f7086c79bd75f71beed101951e\0066.png...
2022-01-06 08:41:27,182 - root - DEBUG - extracting E:\Codez\zepp-bipupro-wf\425026f7086c79bd75f71beed101951e\0067.png...
2022-01-06 08:41:27,182 - root - DEBUG - extracting E:\Codez\zepp-bipupro-wf\425026f7086c79bd75f71beed101951e\0068.png...
2022-01-06 08:41:27,182 - root - DEBUG - extracting E:\Codez\zepp-bipupro-wf\425026f7086c79bd75f71beed101951e\0069.png...
2022-01-06 08:41:27,182 - root - DEBUG - extracting E:\Codez\zepp-bipupro-wf\425026f7086c79bd75f71beed101951e\0070.png...
2022-01-06 08:41:27,182 - root - DEBUG - extracting E:\Codez\zepp-bipupro-wf\425026f7086c79bd75f71beed101951e\0071.png...
2022-01-06 08:41:27,182 - root - DEBUG - extracting E:\Codez\zepp-bipupro-wf\425026f7086c79bd75f71beed101951e\0072.png...
2022-01-06 08:41:27,182 - root - DEBUG - extracting E:\Codez\zepp-bipupro-wf\425026f7086c79bd75f71beed101951e\0073.png...
2022-01-06 08:41:27,182 - root - DEBUG - extracting E:\Codez\zepp-bipupro-wf\425026f7086c79bd75f71beed101951e\0074.png...
2022-01-06 08:41:27,182 - root - DEBUG - extracting E:\Codez\zepp-bipupro-wf\425026f7086c79bd75f71beed101951e\0075.png...
2022-01-06 08:41:27,182 - root - DEBUG - extracting E:\Codez\zepp-bipupro-wf\425026f7086c79bd75f71beed101951e\0076.png...
2022-01-06 08:41:27,182 - root - DEBUG - Exporting config...
