2022-01-06 08:42:01,269 - root - DEBUG - Opening watch face 'E:\Codez\zepp-bipupro-wf\5a3c02db5d285cb03f453ebe1d41b46b.bin'
2022-01-06 08:42:01,284 - root - DEBUG - Reading parameters...
2022-01-06 08:42:01,284 - root - INFO - Reading header...
2022-01-06 08:42:01,284 - root - INFO - Header was read:
2022-01-06 08:42:01,284 - root - INFO - Signature: b'UIHH\x01\x00\xff', Unknown: 82, ParametersSize: 46, isValid: True, deviceId: 71
2022-01-06 08:42:01,284 - root - INFO - Reading parameter offsets...
2022-01-06 08:42:01,284 - root - INFO - Parameter offsets were read from file
2022-01-06 08:42:01,284 - root - INFO - Reading parameters descriptor...
2022-01-06 08:42:01,284 - root - INFO - 1 ( A): 5 bytes
2022-01-06 08:42:01,284 - root - INFO -     1 ( 8): 267 10B
2022-01-06 08:42:01,284 - root - INFO -     2 (10): 96 60
2022-01-06 08:42:01,284 - root - INFO - getParameters descriptor was read:
2022-01-06 08:42:01,284 - root - INFO - ParametersTableLength: 267, ImagesCount: 96
2022-01-06 08:42:01,284 - root - INFO - Reading parameters locations...
2022-01-06 08:42:01,284 - root - INFO - 2 (12): 4 bytes
2022-01-06 08:42:01,284 - root - INFO -     1 ( 8): 0  0
2022-01-06 08:42:01,284 - root - INFO -     2 (10): 32 20
2022-01-06 08:42:01,284 - root - INFO - 3 (1A): 4 bytes
2022-01-06 08:42:01,284 - root - INFO -     1 ( 8): 32 20
2022-01-06 08:42:01,284 - root - INFO -     2 (10): 76 4C
2022-01-06 08:42:01,284 - root - INFO - 4 (22): 5 bytes
2022-01-06 08:42:01,284 - root - INFO -     1 ( 8): 190 BE
2022-01-06 08:42:01,284 - root - INFO -     2 (10): 29 1D
2022-01-06 08:42:01,284 - root - INFO - 5 (2A): 4 bytes
2022-01-06 08:42:01,284 - root - INFO -     1 ( 8): 108 6C
2022-01-06 08:42:01,284 - root - INFO -     2 (10): 82 52
2022-01-06 08:42:01,284 - root - INFO - 7 (3A): 5 bytes
2022-01-06 08:42:01,284 - root - INFO -     1 ( 8): 219 DB
2022-01-06 08:42:01,284 - root - INFO -     2 (10): 11  B
2022-01-06 08:42:01,284 - root - INFO - 9 (4A): 5 bytes
2022-01-06 08:42:01,284 - root - INFO -     1 ( 8): 230 E6
2022-01-06 08:42:01,284 - root - INFO -     2 (10): 37 25
2022-01-06 08:42:01,284 - root - INFO - Watch face parameters locations were read:
2022-01-06 08:42:01,284 - root - INFO - Reading descriptor for parameter 2
2022-01-06 08:42:01,284 - root - INFO - Descriptor offset: 0, Descriptor length: 32
2022-01-06 08:42:01,284 - root - INFO - Parsing descriptor for parameter 2...
2022-01-06 08:42:01,284 - root - INFO - 1 ( A): 6 bytes
2022-01-06 08:42:01,284 - root - INFO -     1 ( 8): 0  0
2022-01-06 08:42:01,284 - root - INFO -     2 (10): 0  0
2022-01-06 08:42:01,284 - root - INFO -     3 (18): 1  1
2022-01-06 08:42:01,284 - root - INFO - 3 (1A): 6 bytes
2022-01-06 08:42:01,284 - root - INFO -     1 ( 8): 0  0
2022-01-06 08:42:01,284 - root - INFO -     2 (10): 0  0
2022-01-06 08:42:01,284 - root - INFO -     3 (18): 0  0
2022-01-06 08:42:01,284 - root - INFO - 4 (22): 6 bytes
2022-01-06 08:42:01,284 - root - INFO -     1 ( 8): 0  0
2022-01-06 08:42:01,284 - root - INFO -     2 (10): 0  0
2022-01-06 08:42:01,284 - root - INFO -     3 (18): 0  0
2022-01-06 08:42:01,284 - root - INFO - 5 (2A): 6 bytes
2022-01-06 08:42:01,284 - root - INFO -     1 ( 8): 0  0
2022-01-06 08:42:01,284 - root - INFO -     2 (10): 0  0
2022-01-06 08:42:01,284 - root - INFO -     3 (18): 0  0
2022-01-06 08:42:01,284 - root - INFO - Reading descriptor for parameter 3
2022-01-06 08:42:01,284 - root - INFO - Descriptor offset: 32, Descriptor length: 76
2022-01-06 08:42:01,284 - root - INFO - Parsing descriptor for parameter 3...
2022-01-06 08:42:01,284 - root - INFO - 1 ( A): 74 bytes
2022-01-06 08:42:01,284 - root - INFO -     1 ( A): 20 bytes
2022-01-06 08:42:01,284 - root - INFO -         1 ( A): 8 bytes
2022-01-06 08:42:01,284 - root - INFO -             1 ( 8): 4  4
2022-01-06 08:42:01,284 - root - INFO -             2 (10): 108 6C
2022-01-06 08:42:01,284 - root - INFO -             3 (18): 2  2
2022-01-06 08:42:01,284 - root - INFO -             4 (20): 10  A
2022-01-06 08:42:01,284 - root - INFO -         2 (12): 8 bytes
2022-01-06 08:42:01,284 - root - INFO -             1 ( 8): 83 53
2022-01-06 08:42:01,284 - root - INFO -             2 (10): 108 6C
2022-01-06 08:42:01,284 - root - INFO -             3 (18): 2  2
2022-01-06 08:42:01,284 - root - INFO -             4 (20): 10  A
2022-01-06 08:42:01,284 - root - INFO -     2 (12): 22 bytes
2022-01-06 08:42:01,284 - root - INFO -         1 ( A): 9 bytes
2022-01-06 08:42:01,284 - root - INFO -             1 ( 8): 162 A2
2022-01-06 08:42:01,284 - root - INFO -             2 (10): 108 6C
2022-01-06 08:42:01,284 - root - INFO -             3 (18): 12  C
2022-01-06 08:42:01,284 - root - INFO -             4 (20): 10  A
2022-01-06 08:42:01,284 - root - INFO -         2 (12): 9 bytes
2022-01-06 08:42:01,284 - root - INFO -             1 ( 8): 204 CC
2022-01-06 08:42:01,300 - root - INFO -             2 (10): 108 6C
2022-01-06 08:42:01,300 - root - INFO -             3 (18): 12  C
2022-01-06 08:42:01,300 - root - INFO -             4 (20): 10  A
2022-01-06 08:42:01,300 - root - INFO -     3 (1A): 22 bytes
2022-01-06 08:42:01,300 - root - INFO -         1 ( A): 9 bytes
2022-01-06 08:42:01,300 - root - INFO -             1 ( 8): 252 FC
2022-01-06 08:42:01,300 - root - INFO -             2 (10): 110 6E
2022-01-06 08:42:01,300 - root - INFO -             3 (18): 22 16
2022-01-06 08:42:01,300 - root - INFO -             4 (20): 10  A
2022-01-06 08:42:01,300 - root - INFO -         2 (12): 9 bytes
2022-01-06 08:42:01,300 - root - INFO -             1 ( 8): 272 110
2022-01-06 08:42:01,300 - root - INFO -             2 (10): 110 6E
2022-01-06 08:42:01,300 - root - INFO -             3 (18): 22 16
2022-01-06 08:42:01,300 - root - INFO -             4 (20): 10  A
2022-01-06 08:42:01,300 - root - INFO -     7 (38): 0  0
2022-01-06 08:42:01,300 - root - INFO -     8 (40): 1  1
2022-01-06 08:42:01,300 - root - INFO - Reading descriptor for parameter 4
2022-01-06 08:42:01,300 - root - INFO - Descriptor offset: 190, Descriptor length: 29
2022-01-06 08:42:01,300 - root - INFO - Parsing descriptor for parameter 4...
2022-01-06 08:42:01,300 - root - INFO - 1 ( A): 25 bytes
2022-01-06 08:42:01,300 - root - INFO -     1 ( A): 21 bytes
2022-01-06 08:42:01,300 - root - INFO -         1 ( 8): 83 53
2022-01-06 08:42:01,300 - root - INFO -         2 (10): 251 FB
2022-01-06 08:42:01,300 - root - INFO -         3 (18): 219 DB
2022-01-06 08:42:01,300 - root - INFO -         4 (20): 279 117
2022-01-06 08:42:01,300 - root - INFO -         5 (28): 40 28
2022-01-06 08:42:01,300 - root - INFO -         6 (30): 0  0
2022-01-06 08:42:01,300 - root - INFO -         7 (38): 0  0
2022-01-06 08:42:01,300 - root - INFO -         8 (40): 63 3F
2022-01-06 08:42:01,300 - root - INFO -         9 (48): 10  A
2022-01-06 08:42:01,300 - root - INFO -     2 (10): 73 49
2022-01-06 08:42:01,300 - root - INFO - 7 (38): 0  0
2022-01-06 08:42:01,300 - root - INFO - Reading descriptor for parameter 5
2022-01-06 08:42:01,300 - root - INFO - Descriptor offset: 108, Descriptor length: 82
2022-01-06 08:42:01,300 - root - INFO - Parsing descriptor for parameter 5...
2022-01-06 08:42:01,300 - root - INFO - 1 ( A): 56 bytes
2022-01-06 08:42:01,300 - root - INFO -     1 ( A): 48 bytes
2022-01-06 08:42:01,300 - root - INFO -         2 (12): 10 bytes
2022-01-06 08:42:01,300 - root - INFO -             1 ( 8): 162 A2
2022-01-06 08:42:01,300 - root - INFO -             2 (10): 189 BD
2022-01-06 08:42:01,300 - root - INFO -             3 (18): 32 20
2022-01-06 08:42:01,300 - root - INFO -             4 (20): 12  C
2022-01-06 08:42:01,300 - root - INFO -         3 (1A): 10 bytes
2022-01-06 08:42:01,300 - root - INFO -             1 ( 8): 162 A2
2022-01-06 08:42:01,300 - root - INFO -             2 (10): 189 BD
2022-01-06 08:42:01,300 - root - INFO -             3 (18): 32 20
2022-01-06 08:42:01,300 - root - INFO -             4 (20): 12  C
2022-01-06 08:42:01,300 - root - INFO -         4 (22): 22 bytes
2022-01-06 08:42:01,300 - root - INFO -             1 ( 8): 218 DA
2022-01-06 08:42:01,300 - root - INFO -             2 (10): 189 BD
2022-01-06 08:42:01,300 - root - INFO -             3 (18): 250 FA
2022-01-06 08:42:01,300 - root - INFO -             4 (20): 210 D2
2022-01-06 08:42:01,300 - root - INFO -             5 (28): 18 12
2022-01-06 08:42:01,300 - root - INFO -             6 (30): 0  0
2022-01-06 08:42:01,300 - root - INFO -             7 (38): 0  0
2022-01-06 08:42:01,300 - root - INFO -             8 (40): 44 2C
2022-01-06 08:42:01,300 - root - INFO -             9 (48): 10  A
2022-01-06 08:42:01,300 - root - INFO -     4 (20): 1  1
2022-01-06 08:42:01,300 - root - INFO -     5 (28): 1  1
2022-01-06 08:42:01,300 - root - INFO -     6 (30): 0  0
2022-01-06 08:42:01,300 - root - INFO - 2 (12): 10 bytes
2022-01-06 08:42:01,300 - root - INFO -     1 ( 8): 252 FC
2022-01-06 08:42:01,300 - root - INFO -     2 (10): 141 8D
2022-01-06 08:42:01,300 - root - INFO -     5 (28): 61 3D
2022-01-06 08:42:01,300 - root - INFO -     6 (30): 62 3E
2022-01-06 08:42:01,300 - root - INFO - 4 (22): 10 bytes
2022-01-06 08:42:01,300 - root - INFO -     1 ( 8): 162 A2
2022-01-06 08:42:01,300 - root - INFO -     2 (10): 169 A9
2022-01-06 08:42:01,300 - root - INFO -     3 (18): 54 36
2022-01-06 08:42:01,300 - root - INFO -     4 (20): 7  7
2022-01-06 08:42:01,300 - root - INFO - Reading descriptor for parameter 7
2022-01-06 08:42:01,300 - root - INFO - Descriptor offset: 219, Descriptor length: 11
2022-01-06 08:42:01,300 - root - INFO - Parsing descriptor for parameter 7...
2022-01-06 08:42:01,300 - root - INFO - 2 (12): 9 bytes
2022-01-06 08:42:01,300 - root - INFO -     1 ( 8): 10  A
2022-01-06 08:42:01,300 - root - INFO -     2 (10): 253 FD
2022-01-06 08:42:01,300 - root - INFO -     3 (18): 74 4A
2022-01-06 08:42:01,300 - root - INFO -     4 (20): 10  A
2022-01-06 08:42:01,300 - root - INFO - Reading descriptor for parameter 9
2022-01-06 08:42:01,300 - root - INFO - Descriptor offset: 230, Descriptor length: 37
2022-01-06 08:42:01,300 - root - INFO - Parsing descriptor for parameter 9...
2022-01-06 08:42:01,300 - root - INFO - 1 ( A): 25 bytes
2022-01-06 08:42:01,300 - root - INFO -     1 ( A): 19 bytes
2022-01-06 08:42:01,300 - root - INFO -         1 ( 8): 93 5D
2022-01-06 08:42:01,300 - root - INFO -         2 (10): 39 27
2022-01-06 08:42:01,300 - root - INFO -         3 (18): 209 D1
2022-01-06 08:42:01,300 - root - INFO -         4 (20): 66 42
2022-01-06 08:42:01,300 - root - INFO -         5 (28): 40 28
2022-01-06 08:42:01,300 - root - INFO -         6 (30): 0  0
2022-01-06 08:42:01,300 - root - INFO -         7 (38): 0  0
2022-01-06 08:42:01,300 - root - INFO -         8 (40): 63 3F
2022-01-06 08:42:01,300 - root - INFO -         9 (48): 10  A
2022-01-06 08:42:01,300 - root - INFO -     3 (18): 85 55
2022-01-06 08:42:01,300 - root - INFO -     4 (20): 84 54
2022-01-06 08:42:01,300 - root - INFO - 2 (12): 8 bytes
2022-01-06 08:42:01,300 - root - INFO -     1 ( 8): 10  A
2022-01-06 08:42:01,300 - root - INFO -     2 (10): 9  9
2022-01-06 08:42:01,300 - root - INFO -     3 (18): 86 56
2022-01-06 08:42:01,300 - root - INFO -     4 (20): 10  A
2022-01-06 08:42:01,300 - root - INFO - Reading resources offsets table with 96 elements (384 bytes)
2022-01-06 08:42:01,300 - root - INFO - Resource 0 offset: 784, length: 86472...
2022-01-06 08:42:01,300 - root - DEBUG - Reading resource 0...
2022-01-06 08:42:01,347 - root - INFO - The image is bmc.
2022-01-06 08:42:01,347 - root - INFO - Reading image header(readHeader16C)...
2022-01-06 08:42:01,347 - root - INFO - Image header was read:
2022-01-06 08:42:01,347 - root - INFO - Width: 202, Height: 214, RowLength: 404
2022-01-06 08:42:01,347 - root - INFO - _step: 2, unknown2: 0,
2022-01-06 08:42:01,347 - root - INFO - BPP: 16, Transparency: False
2022-01-06 08:42:01,503 - root - INFO - Resource 1 offset: 87256, length: 193296...
2022-01-06 08:42:01,503 - root - DEBUG - Reading resource 1...
2022-01-06 08:42:01,503 - root - INFO - The image is bmc.
2022-01-06 08:42:01,503 - root - INFO - Reading image header(readHeader16C)...
2022-01-06 08:42:01,503 - root - INFO - Image header was read:
2022-01-06 08:42:01,503 - root - INFO - Width: 302, Height: 320, RowLength: 604
2022-01-06 08:42:01,503 - root - INFO - _step: 2, unknown2: 0,
2022-01-06 08:42:01,503 - root - INFO - BPP: 16, Transparency: False
2022-01-06 08:42:01,878 - root - INFO - Resource 2 offset: 280552, length: 9452...
2022-01-06 08:42:01,878 - root - DEBUG - Reading resource 2...
2022-01-06 08:42:01,878 - root - INFO - The image is bme.
2022-01-06 08:42:01,878 - root - INFO - Reading image header(readHeader16E)...
2022-01-06 08:42:01,878 - root - INFO - Image header was read:
2022-01-06 08:42:01,878 - root - INFO - Width: 76, Height: 104, RowLength: 152
2022-01-06 08:42:01,878 - root - INFO - datalength: 9436, _step: 2
2022-01-06 08:42:01,878 - root - INFO - BPP: 16, Transparency: False
2022-01-06 08:42:01,894 - root - INFO - Resource 3 offset: 290004, length: 5996...
2022-01-06 08:42:01,894 - root - DEBUG - Reading resource 3...
2022-01-06 08:42:01,894 - root - INFO - The image is bme.
2022-01-06 08:42:01,894 - root - INFO - Reading image header(readHeader16E)...
2022-01-06 08:42:01,894 - root - INFO - Image header was read:
2022-01-06 08:42:01,894 - root - INFO - Width: 76, Height: 104, RowLength: 152
2022-01-06 08:42:01,894 - root - INFO - datalength: 5980, _step: 2
2022-01-06 08:42:01,894 - root - INFO - BPP: 16, Transparency: False
2022-01-06 08:42:01,909 - root - INFO - Resource 4 offset: 296000, length: 8448...
2022-01-06 08:42:01,909 - root - DEBUG - Reading resource 4...
2022-01-06 08:42:01,909 - root - INFO - The image is bme.
2022-01-06 08:42:01,909 - root - INFO - Reading image header(readHeader16E)...
2022-01-06 08:42:01,909 - root - INFO - Image header was read:
2022-01-06 08:42:01,909 - root - INFO - Width: 76, Height: 104, RowLength: 152
2022-01-06 08:42:01,909 - root - INFO - datalength: 8432, _step: 2
2022-01-06 08:42:01,909 - root - INFO - BPP: 16, Transparency: False
2022-01-06 08:42:01,925 - root - INFO - Resource 5 offset: 304448, length: 7432...
2022-01-06 08:42:01,925 - root - DEBUG - Reading resource 5...
2022-01-06 08:42:01,925 - root - INFO - The image is bme.
2022-01-06 08:42:01,925 - root - INFO - Reading image header(readHeader16E)...
2022-01-06 08:42:01,925 - root - INFO - Image header was read:
2022-01-06 08:42:01,925 - root - INFO - Width: 76, Height: 104, RowLength: 152
2022-01-06 08:42:01,925 - root - INFO - datalength: 7416, _step: 2
2022-01-06 08:42:01,925 - root - INFO - BPP: 16, Transparency: False
2022-01-06 08:42:01,941 - root - INFO - Resource 6 offset: 311880, length: 7646...
2022-01-06 08:42:01,941 - root - DEBUG - Reading resource 6...
2022-01-06 08:42:01,941 - root - INFO - The image is bme.
2022-01-06 08:42:01,941 - root - INFO - Reading image header(readHeader16E)...
2022-01-06 08:42:01,941 - root - INFO - Image header was read:
2022-01-06 08:42:01,941 - root - INFO - Width: 76, Height: 104, RowLength: 152
2022-01-06 08:42:01,941 - root - INFO - datalength: 7630, _step: 2
2022-01-06 08:42:01,941 - root - INFO - BPP: 16, Transparency: False
2022-01-06 08:42:01,941 - root - INFO - Resource 7 offset: 319526, length: 9224...
2022-01-06 08:42:01,956 - root - DEBUG - Reading resource 7...
2022-01-06 08:42:01,956 - root - INFO - The image is bme.
2022-01-06 08:42:01,956 - root - INFO - Reading image header(readHeader16E)...
2022-01-06 08:42:01,956 - root - INFO - Image header was read:
2022-01-06 08:42:01,956 - root - INFO - Width: 76, Height: 104, RowLength: 152
2022-01-06 08:42:01,956 - root - INFO - datalength: 9208, _step: 2
2022-01-06 08:42:01,956 - root - INFO - BPP: 16, Transparency: False
2022-01-06 08:42:01,972 - root - INFO - Resource 8 offset: 328750, length: 7916...
2022-01-06 08:42:01,972 - root - DEBUG - Reading resource 8...
2022-01-06 08:42:01,972 - root - INFO - The image is bme.
2022-01-06 08:42:01,972 - root - INFO - Reading image header(readHeader16E)...
2022-01-06 08:42:01,972 - root - INFO - Image header was read:
2022-01-06 08:42:01,972 - root - INFO - Width: 76, Height: 104, RowLength: 152
2022-01-06 08:42:01,972 - root - INFO - datalength: 7900, _step: 2
2022-01-06 08:42:01,972 - root - INFO - BPP: 16, Transparency: False
2022-01-06 08:42:01,988 - root - INFO - Resource 9 offset: 336666, length: 7068...
2022-01-06 08:42:01,988 - root - DEBUG - Reading resource 9...
2022-01-06 08:42:01,988 - root - INFO - The image is bme.
2022-01-06 08:42:01,988 - root - INFO - Reading image header(readHeader16E)...
2022-01-06 08:42:01,988 - root - INFO - Image header was read:
2022-01-06 08:42:01,988 - root - INFO - Width: 76, Height: 104, RowLength: 152
2022-01-06 08:42:01,988 - root - INFO - datalength: 7052, _step: 2
2022-01-06 08:42:01,988 - root - INFO - BPP: 16, Transparency: False
2022-01-06 08:42:02,003 - root - INFO - Resource 10 offset: 343734, length: 9382...
2022-01-06 08:42:02,003 - root - DEBUG - Reading resource 10...
2022-01-06 08:42:02,003 - root - INFO - The image is bme.
2022-01-06 08:42:02,003 - root - INFO - Reading image header(readHeader16E)...
2022-01-06 08:42:02,003 - root - INFO - Image header was read:
2022-01-06 08:42:02,003 - root - INFO - Width: 76, Height: 104, RowLength: 152
2022-01-06 08:42:02,003 - root - INFO - datalength: 9366, _step: 2
2022-01-06 08:42:02,003 - root - INFO - BPP: 16, Transparency: False
2022-01-06 08:42:02,019 - root - INFO - Resource 11 offset: 353116, length: 7926...
2022-01-06 08:42:02,019 - root - DEBUG - Reading resource 11...
2022-01-06 08:42:02,019 - root - INFO - The image is bme.
2022-01-06 08:42:02,019 - root - INFO - Reading image header(readHeader16E)...
2022-01-06 08:42:02,019 - root - INFO - Image header was read:
2022-01-06 08:42:02,019 - root - INFO - Width: 76, Height: 104, RowLength: 152
2022-01-06 08:42:02,019 - root - INFO - datalength: 7910, _step: 2
2022-01-06 08:42:02,019 - root - INFO - BPP: 16, Transparency: False
2022-01-06 08:42:02,035 - root - INFO - Resource 12 offset: 361042, length: 3000...
2022-01-06 08:42:02,035 - root - DEBUG - Reading resource 12...
2022-01-06 08:42:02,035 - root - INFO - The image is bme.
2022-01-06 08:42:02,035 - root - INFO - Reading image header(readHeader16E)...
2022-01-06 08:42:02,035 - root - INFO - Image header was read:
2022-01-06 08:42:02,035 - root - INFO - Width: 42, Height: 55, RowLength: 84
2022-01-06 08:42:02,035 - root - INFO - datalength: 2984, _step: 2
2022-01-06 08:42:02,035 - root - INFO - BPP: 16, Transparency: False
2022-01-06 08:42:02,035 - root - INFO - Resource 13 offset: 364042, length: 1942...
2022-01-06 08:42:02,035 - root - DEBUG - Reading resource 13...
2022-01-06 08:42:02,035 - root - INFO - The image is bme.
2022-01-06 08:42:02,035 - root - INFO - Reading image header(readHeader16E)...
2022-01-06 08:42:02,035 - root - INFO - Image header was read:
2022-01-06 08:42:02,035 - root - INFO - Width: 42, Height: 55, RowLength: 84
2022-01-06 08:42:02,035 - root - INFO - datalength: 1926, _step: 2
2022-01-06 08:42:02,035 - root - INFO - BPP: 16, Transparency: False
2022-01-06 08:42:02,035 - root - INFO - Resource 14 offset: 365984, length: 2666...
2022-01-06 08:42:02,035 - root - DEBUG - Reading resource 14...
2022-01-06 08:42:02,035 - root - INFO - The image is bme.
2022-01-06 08:42:02,035 - root - INFO - Reading image header(readHeader16E)...
2022-01-06 08:42:02,035 - root - INFO - Image header was read:
2022-01-06 08:42:02,035 - root - INFO - Width: 42, Height: 55, RowLength: 84
2022-01-06 08:42:02,035 - root - INFO - datalength: 2650, _step: 2
2022-01-06 08:42:02,035 - root - INFO - BPP: 16, Transparency: False
2022-01-06 08:42:02,050 - root - INFO - Resource 15 offset: 368650, length: 2410...
2022-01-06 08:42:02,050 - root - DEBUG - Reading resource 15...
2022-01-06 08:42:02,050 - root - INFO - The image is bme.
2022-01-06 08:42:02,050 - root - INFO - Reading image header(readHeader16E)...
2022-01-06 08:42:02,050 - root - INFO - Image header was read:
2022-01-06 08:42:02,050 - root - INFO - Width: 42, Height: 55, RowLength: 84
2022-01-06 08:42:02,050 - root - INFO - datalength: 2394, _step: 2
2022-01-06 08:42:02,050 - root - INFO - BPP: 16, Transparency: False
2022-01-06 08:42:02,050 - root - INFO - Resource 16 offset: 371060, length: 2434...
2022-01-06 08:42:02,050 - root - DEBUG - Reading resource 16...
2022-01-06 08:42:02,050 - root - INFO - The image is bme.
2022-01-06 08:42:02,050 - root - INFO - Reading image header(readHeader16E)...
2022-01-06 08:42:02,050 - root - INFO - Image header was read:
2022-01-06 08:42:02,050 - root - INFO - Width: 42, Height: 55, RowLength: 84
2022-01-06 08:42:02,050 - root - INFO - datalength: 2418, _step: 2
2022-01-06 08:42:02,050 - root - INFO - BPP: 16, Transparency: False
2022-01-06 08:42:02,050 - root - INFO - Resource 17 offset: 373494, length: 2868...
2022-01-06 08:42:02,050 - root - DEBUG - Reading resource 17...
2022-01-06 08:42:02,050 - root - INFO - The image is bme.
2022-01-06 08:42:02,050 - root - INFO - Reading image header(readHeader16E)...
2022-01-06 08:42:02,050 - root - INFO - Image header was read:
2022-01-06 08:42:02,050 - root - INFO - Width: 42, Height: 55, RowLength: 84
2022-01-06 08:42:02,050 - root - INFO - datalength: 2852, _step: 2
2022-01-06 08:42:02,050 - root - INFO - BPP: 16, Transparency: False
2022-01-06 08:42:02,066 - root - INFO - Resource 18 offset: 376362, length: 2488...
2022-01-06 08:42:02,066 - root - DEBUG - Reading resource 18...
2022-01-06 08:42:02,066 - root - INFO - The image is bme.
2022-01-06 08:42:02,066 - root - INFO - Reading image header(readHeader16E)...
2022-01-06 08:42:02,066 - root - INFO - Image header was read:
2022-01-06 08:42:02,066 - root - INFO - Width: 42, Height: 55, RowLength: 84
2022-01-06 08:42:02,066 - root - INFO - datalength: 2472, _step: 2
2022-01-06 08:42:02,066 - root - INFO - BPP: 16, Transparency: False
2022-01-06 08:42:02,066 - root - INFO - Resource 19 offset: 378850, length: 2246...
2022-01-06 08:42:02,066 - root - DEBUG - Reading resource 19...
2022-01-06 08:42:02,066 - root - INFO - The image is bme.
2022-01-06 08:42:02,066 - root - INFO - Reading image header(readHeader16E)...
2022-01-06 08:42:02,066 - root - INFO - Image header was read:
2022-01-06 08:42:02,066 - root - INFO - Width: 42, Height: 55, RowLength: 84
2022-01-06 08:42:02,066 - root - INFO - datalength: 2230, _step: 2
2022-01-06 08:42:02,066 - root - INFO - BPP: 16, Transparency: False
2022-01-06 08:42:02,081 - root - INFO - Resource 20 offset: 381096, length: 2954...
2022-01-06 08:42:02,081 - root - DEBUG - Reading resource 20...
2022-01-06 08:42:02,081 - root - INFO - The image is bme.
2022-01-06 08:42:02,081 - root - INFO - Reading image header(readHeader16E)...
2022-01-06 08:42:02,081 - root - INFO - Image header was read:
2022-01-06 08:42:02,081 - root - INFO - Width: 42, Height: 55, RowLength: 84
2022-01-06 08:42:02,081 - root - INFO - datalength: 2938, _step: 2
2022-01-06 08:42:02,081 - root - INFO - BPP: 16, Transparency: False
2022-01-06 08:42:02,081 - root - INFO - Resource 21 offset: 384050, length: 2486...
2022-01-06 08:42:02,081 - root - DEBUG - Reading resource 21...
2022-01-06 08:42:02,081 - root - INFO - The image is bme.
2022-01-06 08:42:02,081 - root - INFO - Reading image header(readHeader16E)...
2022-01-06 08:42:02,081 - root - INFO - Image header was read:
2022-01-06 08:42:02,081 - root - INFO - Width: 42, Height: 55, RowLength: 84
2022-01-06 08:42:02,081 - root - INFO - datalength: 2470, _step: 2
2022-01-06 08:42:02,081 - root - INFO - BPP: 16, Transparency: False
2022-01-06 08:42:02,081 - root - INFO - Resource 22 offset: 386536, length: 768...
2022-01-06 08:42:02,081 - root - DEBUG - Reading resource 22...
2022-01-06 08:42:02,081 - root - INFO - The image is bme.
2022-01-06 08:42:02,081 - root - INFO - Reading image header(readHeader16E)...
2022-01-06 08:42:02,081 - root - INFO - Image header was read:
2022-01-06 08:42:02,081 - root - INFO - Width: 20, Height: 26, RowLength: 40
2022-01-06 08:42:02,081 - root - INFO - datalength: 752, _step: 2
2022-01-06 08:42:02,081 - root - INFO - BPP: 16, Transparency: False
2022-01-06 08:42:02,081 - root - INFO - Resource 23 offset: 387304, length: 444...
2022-01-06 08:42:02,081 - root - DEBUG - Reading resource 23...
2022-01-06 08:42:02,081 - root - INFO - The image is bme.
2022-01-06 08:42:02,081 - root - INFO - Reading image header(readHeader16E)...
2022-01-06 08:42:02,081 - root - INFO - Image header was read:
2022-01-06 08:42:02,081 - root - INFO - Width: 20, Height: 26, RowLength: 40
2022-01-06 08:42:02,081 - root - INFO - datalength: 428, _step: 2
2022-01-06 08:42:02,081 - root - INFO - BPP: 16, Transparency: False
2022-01-06 08:42:02,081 - root - INFO - Resource 24 offset: 387748, length: 626...
2022-01-06 08:42:02,081 - root - DEBUG - Reading resource 24...
2022-01-06 08:42:02,081 - root - INFO - The image is bme.
2022-01-06 08:42:02,081 - root - INFO - Reading image header(readHeader16E)...
2022-01-06 08:42:02,081 - root - INFO - Image header was read:
2022-01-06 08:42:02,081 - root - INFO - Width: 20, Height: 26, RowLength: 40
2022-01-06 08:42:02,081 - root - INFO - datalength: 610, _step: 2
2022-01-06 08:42:02,081 - root - INFO - BPP: 16, Transparency: False
2022-01-06 08:42:02,097 - root - INFO - Resource 25 offset: 388374, length: 658...
2022-01-06 08:42:02,097 - root - DEBUG - Reading resource 25...
2022-01-06 08:42:02,097 - root - INFO - The image is bme.
2022-01-06 08:42:02,097 - root - INFO - Reading image header(readHeader16E)...
2022-01-06 08:42:02,097 - root - INFO - Image header was read:
2022-01-06 08:42:02,097 - root - INFO - Width: 20, Height: 26, RowLength: 40
2022-01-06 08:42:02,097 - root - INFO - datalength: 642, _step: 2
2022-01-06 08:42:02,097 - root - INFO - BPP: 16, Transparency: False
2022-01-06 08:42:02,097 - root - INFO - Resource 26 offset: 389032, length: 618...
2022-01-06 08:42:02,097 - root - DEBUG - Reading resource 26...
2022-01-06 08:42:02,097 - root - INFO - The image is bme.
2022-01-06 08:42:02,097 - root - INFO - Reading image header(readHeader16E)...
2022-01-06 08:42:02,097 - root - INFO - Image header was read:
2022-01-06 08:42:02,097 - root - INFO - Width: 20, Height: 26, RowLength: 40
2022-01-06 08:42:02,097 - root - INFO - datalength: 602, _step: 2
2022-01-06 08:42:02,097 - root - INFO - BPP: 16, Transparency: False
2022-01-06 08:42:02,097 - root - INFO - Resource 27 offset: 389650, length: 672...
2022-01-06 08:42:02,097 - root - DEBUG - Reading resource 27...
2022-01-06 08:42:02,097 - root - INFO - The image is bme.
2022-01-06 08:42:02,097 - root - INFO - Reading image header(readHeader16E)...
2022-01-06 08:42:02,097 - root - INFO - Image header was read:
2022-01-06 08:42:02,097 - root - INFO - Width: 20, Height: 26, RowLength: 40
2022-01-06 08:42:02,097 - root - INFO - datalength: 656, _step: 2
2022-01-06 08:42:02,097 - root - INFO - BPP: 16, Transparency: False
2022-01-06 08:42:02,097 - root - INFO - Resource 28 offset: 390322, length: 726...
2022-01-06 08:42:02,097 - root - DEBUG - Reading resource 28...
2022-01-06 08:42:02,097 - root - INFO - The image is bme.
2022-01-06 08:42:02,097 - root - INFO - Reading image header(readHeader16E)...
2022-01-06 08:42:02,097 - root - INFO - Image header was read:
2022-01-06 08:42:02,097 - root - INFO - Width: 20, Height: 26, RowLength: 40
2022-01-06 08:42:02,097 - root - INFO - datalength: 710, _step: 2
2022-01-06 08:42:02,097 - root - INFO - BPP: 16, Transparency: False
2022-01-06 08:42:02,097 - root - INFO - Resource 29 offset: 391048, length: 516...
2022-01-06 08:42:02,097 - root - DEBUG - Reading resource 29...
2022-01-06 08:42:02,097 - root - INFO - The image is bme.
2022-01-06 08:42:02,097 - root - INFO - Reading image header(readHeader16E)...
2022-01-06 08:42:02,097 - root - INFO - Image header was read:
2022-01-06 08:42:02,097 - root - INFO - Width: 20, Height: 26, RowLength: 40
2022-01-06 08:42:02,097 - root - INFO - datalength: 500, _step: 2
2022-01-06 08:42:02,097 - root - INFO - BPP: 16, Transparency: False
2022-01-06 08:42:02,097 - root - INFO - Resource 30 offset: 391564, length: 756...
2022-01-06 08:42:02,097 - root - DEBUG - Reading resource 30...
2022-01-06 08:42:02,097 - root - INFO - The image is bme.
2022-01-06 08:42:02,097 - root - INFO - Reading image header(readHeader16E)...
2022-01-06 08:42:02,097 - root - INFO - Image header was read:
2022-01-06 08:42:02,097 - root - INFO - Width: 20, Height: 26, RowLength: 40
2022-01-06 08:42:02,097 - root - INFO - datalength: 740, _step: 2
2022-01-06 08:42:02,097 - root - INFO - BPP: 16, Transparency: False
2022-01-06 08:42:02,097 - root - INFO - Resource 31 offset: 392320, length: 704...
2022-01-06 08:42:02,097 - root - DEBUG - Reading resource 31...
2022-01-06 08:42:02,097 - root - INFO - The image is bme.
2022-01-06 08:42:02,097 - root - INFO - Reading image header(readHeader16E)...
2022-01-06 08:42:02,097 - root - INFO - Image header was read:
2022-01-06 08:42:02,097 - root - INFO - Width: 20, Height: 26, RowLength: 40
2022-01-06 08:42:02,097 - root - INFO - datalength: 688, _step: 2
2022-01-06 08:42:02,097 - root - INFO - BPP: 16, Transparency: False
2022-01-06 08:42:02,097 - root - INFO - Resource 32 offset: 393024, length: 1524...
2022-01-06 08:42:02,097 - root - DEBUG - Reading resource 32...
2022-01-06 08:42:02,097 - root - INFO - The image is bme.
2022-01-06 08:42:02,097 - root - INFO - Reading image header(readHeader16E)...
2022-01-06 08:42:02,097 - root - INFO - Image header was read:
2022-01-06 08:42:02,097 - root - INFO - Width: 56, Height: 22, RowLength: 112
2022-01-06 08:42:02,097 - root - INFO - datalength: 1508, _step: 2
2022-01-06 08:42:02,097 - root - INFO - BPP: 16, Transparency: False
2022-01-06 08:42:02,097 - root - INFO - Resource 33 offset: 394548, length: 1416...
2022-01-06 08:42:02,097 - root - DEBUG - Reading resource 33...
2022-01-06 08:42:02,097 - root - INFO - The image is bme.
2022-01-06 08:42:02,097 - root - INFO - Reading image header(readHeader16E)...
2022-01-06 08:42:02,097 - root - INFO - Image header was read:
2022-01-06 08:42:02,097 - root - INFO - Width: 56, Height: 22, RowLength: 112
2022-01-06 08:42:02,097 - root - INFO - datalength: 1400, _step: 2
2022-01-06 08:42:02,097 - root - INFO - BPP: 16, Transparency: False
2022-01-06 08:42:02,113 - root - INFO - Resource 34 offset: 395964, length: 1842...
2022-01-06 08:42:02,113 - root - DEBUG - Reading resource 34...
2022-01-06 08:42:02,113 - root - INFO - The image is bme.
2022-01-06 08:42:02,113 - root - INFO - Reading image header(readHeader16E)...
2022-01-06 08:42:02,113 - root - INFO - Image header was read:
2022-01-06 08:42:02,113 - root - INFO - Width: 56, Height: 22, RowLength: 112
2022-01-06 08:42:02,113 - root - INFO - datalength: 1826, _step: 2
2022-01-06 08:42:02,113 - root - INFO - BPP: 16, Transparency: False
2022-01-06 08:42:02,113 - root - INFO - Resource 35 offset: 397806, length: 1520...
2022-01-06 08:42:02,113 - root - DEBUG - Reading resource 35...
2022-01-06 08:42:02,113 - root - INFO - The image is bme.
2022-01-06 08:42:02,113 - root - INFO - Reading image header(readHeader16E)...
2022-01-06 08:42:02,113 - root - INFO - Image header was read:
2022-01-06 08:42:02,113 - root - INFO - Width: 56, Height: 22, RowLength: 112
2022-01-06 08:42:02,113 - root - INFO - datalength: 1504, _step: 2
2022-01-06 08:42:02,113 - root - INFO - BPP: 16, Transparency: False
2022-01-06 08:42:02,113 - root - INFO - Resource 36 offset: 399326, length: 1726...
2022-01-06 08:42:02,113 - root - DEBUG - Reading resource 36...
2022-01-06 08:42:02,113 - root - INFO - The image is bme.
2022-01-06 08:42:02,113 - root - INFO - Reading image header(readHeader16E)...
2022-01-06 08:42:02,113 - root - INFO - Image header was read:
2022-01-06 08:42:02,113 - root - INFO - Width: 56, Height: 22, RowLength: 112
2022-01-06 08:42:02,113 - root - INFO - datalength: 1710, _step: 2
2022-01-06 08:42:02,113 - root - INFO - BPP: 16, Transparency: False
2022-01-06 08:42:02,113 - root - INFO - Resource 37 offset: 401052, length: 1624...
2022-01-06 08:42:02,113 - root - DEBUG - Reading resource 37...
2022-01-06 08:42:02,113 - root - INFO - The image is bme.
2022-01-06 08:42:02,113 - root - INFO - Reading image header(readHeader16E)...
2022-01-06 08:42:02,113 - root - INFO - Image header was read:
2022-01-06 08:42:02,113 - root - INFO - Width: 56, Height: 22, RowLength: 112
2022-01-06 08:42:02,113 - root - INFO - datalength: 1608, _step: 2
2022-01-06 08:42:02,113 - root - INFO - BPP: 16, Transparency: False
2022-01-06 08:42:02,113 - root - INFO - Resource 38 offset: 402676, length: 1316...
2022-01-06 08:42:02,113 - root - DEBUG - Reading resource 38...
2022-01-06 08:42:02,113 - root - INFO - The image is bme.
2022-01-06 08:42:02,113 - root - INFO - Reading image header(readHeader16E)...
2022-01-06 08:42:02,113 - root - INFO - Image header was read:
2022-01-06 08:42:02,113 - root - INFO - Width: 56, Height: 22, RowLength: 112
2022-01-06 08:42:02,113 - root - INFO - datalength: 1300, _step: 2
2022-01-06 08:42:02,113 - root - INFO - BPP: 16, Transparency: False
2022-01-06 08:42:02,128 - root - INFO - Resource 39 offset: 403992, length: 1654...
2022-01-06 08:42:02,128 - root - DEBUG - Reading resource 39...
2022-01-06 08:42:02,128 - root - INFO - The image is bme.
2022-01-06 08:42:02,128 - root - INFO - Reading image header(readHeader16E)...
2022-01-06 08:42:02,128 - root - INFO - Image header was read:
2022-01-06 08:42:02,128 - root - INFO - Width: 56, Height: 22, RowLength: 112
2022-01-06 08:42:02,128 - root - INFO - datalength: 1638, _step: 2
2022-01-06 08:42:02,128 - root - INFO - BPP: 16, Transparency: False
2022-01-06 08:42:02,128 - root - INFO - Resource 40 offset: 405646, length: 1444...
2022-01-06 08:42:02,128 - root - DEBUG - Reading resource 40...
2022-01-06 08:42:02,128 - root - INFO - The image is bme.
2022-01-06 08:42:02,128 - root - INFO - Reading image header(readHeader16E)...
2022-01-06 08:42:02,128 - root - INFO - Image header was read:
2022-01-06 08:42:02,128 - root - INFO - Width: 56, Height: 22, RowLength: 112
2022-01-06 08:42:02,128 - root - INFO - datalength: 1428, _step: 2
2022-01-06 08:42:02,128 - root - INFO - BPP: 16, Transparency: False
2022-01-06 08:42:02,128 - root - INFO - Resource 41 offset: 407090, length: 1408...
2022-01-06 08:42:02,128 - root - DEBUG - Reading resource 41...
2022-01-06 08:42:02,128 - root - INFO - The image is bme.
2022-01-06 08:42:02,128 - root - INFO - Reading image header(readHeader16E)...
2022-01-06 08:42:02,128 - root - INFO - Image header was read:
2022-01-06 08:42:02,128 - root - INFO - Width: 56, Height: 22, RowLength: 112
2022-01-06 08:42:02,128 - root - INFO - datalength: 1392, _step: 2
2022-01-06 08:42:02,128 - root - INFO - BPP: 16, Transparency: False
2022-01-06 08:42:02,128 - root - INFO - Resource 42 offset: 408498, length: 1712...
2022-01-06 08:42:02,128 - root - DEBUG - Reading resource 42...
2022-01-06 08:42:02,128 - root - INFO - The image is bme.
2022-01-06 08:42:02,128 - root - INFO - Reading image header(readHeader16E)...
2022-01-06 08:42:02,128 - root - INFO - Image header was read:
2022-01-06 08:42:02,128 - root - INFO - Width: 56, Height: 22, RowLength: 112
2022-01-06 08:42:02,128 - root - INFO - datalength: 1696, _step: 2
2022-01-06 08:42:02,128 - root - INFO - BPP: 16, Transparency: False
2022-01-06 08:42:02,128 - root - INFO - Resource 43 offset: 410210, length: 1498...
2022-01-06 08:42:02,128 - root - DEBUG - Reading resource 43...
2022-01-06 08:42:02,128 - root - INFO - The image is bme.
2022-01-06 08:42:02,128 - root - INFO - Reading image header(readHeader16E)...
2022-01-06 08:42:02,128 - root - INFO - Image header was read:
2022-01-06 08:42:02,128 - root - INFO - Width: 56, Height: 22, RowLength: 112
2022-01-06 08:42:02,128 - root - INFO - datalength: 1482, _step: 2
2022-01-06 08:42:02,128 - root - INFO - BPP: 16, Transparency: False
2022-01-06 08:42:02,144 - root - INFO - Resource 44 offset: 411708, length: 552...
2022-01-06 08:42:02,144 - root - DEBUG - Reading resource 44...
2022-01-06 08:42:02,144 - root - INFO - The image is bme.
2022-01-06 08:42:02,144 - root - INFO - Reading image header(readHeader16E)...
2022-01-06 08:42:02,144 - root - INFO - Image header was read:
2022-01-06 08:42:02,144 - root - INFO - Width: 16, Height: 21, RowLength: 32
2022-01-06 08:42:02,144 - root - INFO - datalength: 536, _step: 2
2022-01-06 08:42:02,144 - root - INFO - BPP: 16, Transparency: False
2022-01-06 08:42:02,144 - root - INFO - Resource 45 offset: 412260, length: 330...
2022-01-06 08:42:02,144 - root - DEBUG - Reading resource 45...
2022-01-06 08:42:02,144 - root - INFO - The image is bme.
2022-01-06 08:42:02,144 - root - INFO - Reading image header(readHeader16E)...
2022-01-06 08:42:02,144 - root - INFO - Image header was read:
2022-01-06 08:42:02,144 - root - INFO - Width: 16, Height: 21, RowLength: 32
2022-01-06 08:42:02,144 - root - INFO - datalength: 314, _step: 2
2022-01-06 08:42:02,144 - root - INFO - BPP: 16, Transparency: False
2022-01-06 08:42:02,144 - root - INFO - Resource 46 offset: 412590, length: 456...
2022-01-06 08:42:02,144 - root - DEBUG - Reading resource 46...
2022-01-06 08:42:02,144 - root - INFO - The image is bme.
2022-01-06 08:42:02,144 - root - INFO - Reading image header(readHeader16E)...
2022-01-06 08:42:02,144 - root - INFO - Image header was read:
2022-01-06 08:42:02,144 - root - INFO - Width: 16, Height: 21, RowLength: 32
2022-01-06 08:42:02,144 - root - INFO - datalength: 440, _step: 2
2022-01-06 08:42:02,144 - root - INFO - BPP: 16, Transparency: False
2022-01-06 08:42:02,144 - root - INFO - Resource 47 offset: 413046, length: 484...
2022-01-06 08:42:02,144 - root - DEBUG - Reading resource 47...
2022-01-06 08:42:02,144 - root - INFO - The image is bme.
2022-01-06 08:42:02,144 - root - INFO - Reading image header(readHeader16E)...
2022-01-06 08:42:02,144 - root - INFO - Image header was read:
2022-01-06 08:42:02,144 - root - INFO - Width: 16, Height: 21, RowLength: 32
2022-01-06 08:42:02,144 - root - INFO - datalength: 468, _step: 2
2022-01-06 08:42:02,144 - root - INFO - BPP: 16, Transparency: False
2022-01-06 08:42:02,144 - root - INFO - Resource 48 offset: 413530, length: 438...
2022-01-06 08:42:02,144 - root - DEBUG - Reading resource 48...
2022-01-06 08:42:02,144 - root - INFO - The image is bme.
2022-01-06 08:42:02,144 - root - INFO - Reading image header(readHeader16E)...
2022-01-06 08:42:02,144 - root - INFO - Image header was read:
2022-01-06 08:42:02,144 - root - INFO - Width: 16, Height: 21, RowLength: 32
2022-01-06 08:42:02,144 - root - INFO - datalength: 422, _step: 2
2022-01-06 08:42:02,144 - root - INFO - BPP: 16, Transparency: False
2022-01-06 08:42:02,144 - root - INFO - Resource 49 offset: 413968, length: 494...
2022-01-06 08:42:02,144 - root - DEBUG - Reading resource 49...
2022-01-06 08:42:02,144 - root - INFO - The image is bme.
2022-01-06 08:42:02,144 - root - INFO - Reading image header(readHeader16E)...
2022-01-06 08:42:02,144 - root - INFO - Image header was read:
2022-01-06 08:42:02,144 - root - INFO - Width: 16, Height: 21, RowLength: 32
2022-01-06 08:42:02,144 - root - INFO - datalength: 478, _step: 2
2022-01-06 08:42:02,144 - root - INFO - BPP: 16, Transparency: False
2022-01-06 08:42:02,144 - root - INFO - Resource 50 offset: 414462, length: 528...
2022-01-06 08:42:02,144 - root - DEBUG - Reading resource 50...
2022-01-06 08:42:02,144 - root - INFO - The image is bme.
2022-01-06 08:42:02,144 - root - INFO - Reading image header(readHeader16E)...
2022-01-06 08:42:02,144 - root - INFO - Image header was read:
2022-01-06 08:42:02,144 - root - INFO - Width: 16, Height: 21, RowLength: 32
2022-01-06 08:42:02,144 - root - INFO - datalength: 512, _step: 2
2022-01-06 08:42:02,144 - root - INFO - BPP: 16, Transparency: False
2022-01-06 08:42:02,144 - root - INFO - Resource 51 offset: 414990, length: 372...
2022-01-06 08:42:02,144 - root - DEBUG - Reading resource 51...
2022-01-06 08:42:02,144 - root - INFO - The image is bme.
2022-01-06 08:42:02,144 - root - INFO - Reading image header(readHeader16E)...
2022-01-06 08:42:02,144 - root - INFO - Image header was read:
2022-01-06 08:42:02,144 - root - INFO - Width: 16, Height: 21, RowLength: 32
2022-01-06 08:42:02,144 - root - INFO - datalength: 356, _step: 2
2022-01-06 08:42:02,144 - root - INFO - BPP: 16, Transparency: False
2022-01-06 08:42:02,144 - root - INFO - Resource 52 offset: 415362, length: 552...
2022-01-06 08:42:02,144 - root - DEBUG - Reading resource 52...
2022-01-06 08:42:02,144 - root - INFO - The image is bme.
2022-01-06 08:42:02,144 - root - INFO - Reading image header(readHeader16E)...
2022-01-06 08:42:02,144 - root - INFO - Image header was read:
2022-01-06 08:42:02,144 - root - INFO - Width: 16, Height: 21, RowLength: 32
2022-01-06 08:42:02,144 - root - INFO - datalength: 536, _step: 2
2022-01-06 08:42:02,144 - root - INFO - BPP: 16, Transparency: False
2022-01-06 08:42:02,144 - root - INFO - Resource 53 offset: 415914, length: 512...
2022-01-06 08:42:02,144 - root - DEBUG - Reading resource 53...
2022-01-06 08:42:02,144 - root - INFO - The image is bme.
2022-01-06 08:42:02,144 - root - INFO - Reading image header(readHeader16E)...
2022-01-06 08:42:02,144 - root - INFO - Image header was read:
2022-01-06 08:42:02,144 - root - INFO - Width: 16, Height: 21, RowLength: 32
2022-01-06 08:42:02,144 - root - INFO - datalength: 496, _step: 2
2022-01-06 08:42:02,144 - root - INFO - BPP: 16, Transparency: False
2022-01-06 08:42:02,144 - root - INFO - Resource 54 offset: 416426, length: 2034...
2022-01-06 08:42:02,144 - root - DEBUG - Reading resource 54...
2022-01-06 08:42:02,144 - root - INFO - The image is bme.
2022-01-06 08:42:02,144 - root - INFO - Reading image header(readHeader16E)...
2022-01-06 08:42:02,144 - root - INFO - Image header was read:
2022-01-06 08:42:02,144 - root - INFO - Width: 57, Height: 20, RowLength: 114
2022-01-06 08:42:02,144 - root - INFO - datalength: 2018, _step: 2
2022-01-06 08:42:02,144 - root - INFO - BPP: 16, Transparency: False
2022-01-06 08:42:02,160 - root - INFO - Resource 55 offset: 418460, length: 1380...
2022-01-06 08:42:02,160 - root - DEBUG - Reading resource 55...
2022-01-06 08:42:02,160 - root - INFO - The image is bme.
2022-01-06 08:42:02,160 - root - INFO - Reading image header(readHeader16E)...
2022-01-06 08:42:02,160 - root - INFO - Image header was read:
2022-01-06 08:42:02,160 - root - INFO - Width: 57, Height: 20, RowLength: 114
2022-01-06 08:42:02,160 - root - INFO - datalength: 1364, _step: 2
2022-01-06 08:42:02,160 - root - INFO - BPP: 16, Transparency: False
2022-01-06 08:42:02,160 - root - INFO - Resource 56 offset: 419840, length: 1780...
2022-01-06 08:42:02,160 - root - DEBUG - Reading resource 56...
2022-01-06 08:42:02,160 - root - INFO - The image is bme.
2022-01-06 08:42:02,160 - root - INFO - Reading image header(readHeader16E)...
2022-01-06 08:42:02,160 - root - INFO - Image header was read:
2022-01-06 08:42:02,160 - root - INFO - Width: 57, Height: 20, RowLength: 114
2022-01-06 08:42:02,160 - root - INFO - datalength: 1764, _step: 2
2022-01-06 08:42:02,160 - root - INFO - BPP: 16, Transparency: False
2022-01-06 08:42:02,160 - root - INFO - Resource 57 offset: 421620, length: 1520...
2022-01-06 08:42:02,160 - root - DEBUG - Reading resource 57...
2022-01-06 08:42:02,160 - root - INFO - The image is bme.
2022-01-06 08:42:02,160 - root - INFO - Reading image header(readHeader16E)...
2022-01-06 08:42:02,160 - root - INFO - Image header was read:
2022-01-06 08:42:02,160 - root - INFO - Width: 57, Height: 20, RowLength: 114
2022-01-06 08:42:02,160 - root - INFO - datalength: 1504, _step: 2
2022-01-06 08:42:02,160 - root - INFO - BPP: 16, Transparency: False
2022-01-06 08:42:02,160 - root - INFO - Resource 58 offset: 423140, length: 1234...
2022-01-06 08:42:02,160 - root - DEBUG - Reading resource 58...
2022-01-06 08:42:02,160 - root - INFO - The image is bme.
2022-01-06 08:42:02,160 - root - INFO - Reading image header(readHeader16E)...
2022-01-06 08:42:02,160 - root - INFO - Image header was read:
2022-01-06 08:42:02,160 - root - INFO - Width: 57, Height: 20, RowLength: 114
2022-01-06 08:42:02,160 - root - INFO - datalength: 1218, _step: 2
2022-01-06 08:42:02,160 - root - INFO - BPP: 16, Transparency: False
2022-01-06 08:42:02,160 - root - INFO - Resource 59 offset: 424374, length: 1348...
2022-01-06 08:42:02,160 - root - DEBUG - Reading resource 59...
2022-01-06 08:42:02,160 - root - INFO - The image is bme.
2022-01-06 08:42:02,160 - root - INFO - Reading image header(readHeader16E)...
2022-01-06 08:42:02,160 - root - INFO - Image header was read:
2022-01-06 08:42:02,160 - root - INFO - Width: 57, Height: 20, RowLength: 114
2022-01-06 08:42:02,160 - root - INFO - datalength: 1332, _step: 2
2022-01-06 08:42:02,160 - root - INFO - BPP: 16, Transparency: False
2022-01-06 08:42:02,175 - root - INFO - Resource 60 offset: 425722, length: 1746...
2022-01-06 08:42:02,175 - root - DEBUG - Reading resource 60...
2022-01-06 08:42:02,175 - root - INFO - The image is bme.
2022-01-06 08:42:02,175 - root - INFO - Reading image header(readHeader16E)...
2022-01-06 08:42:02,175 - root - INFO - Image header was read:
2022-01-06 08:42:02,175 - root - INFO - Width: 57, Height: 20, RowLength: 114
2022-01-06 08:42:02,175 - root - INFO - datalength: 1730, _step: 2
2022-01-06 08:42:02,175 - root - INFO - BPP: 16, Transparency: False
2022-01-06 08:42:02,175 - root - INFO - Resource 61 offset: 427468, length: 1362...
2022-01-06 08:42:02,175 - root - DEBUG - Reading resource 61...
2022-01-06 08:42:02,175 - root - INFO - The image is bme.
2022-01-06 08:42:02,175 - root - INFO - Reading image header(readHeader16E)...
2022-01-06 08:42:02,175 - root - INFO - Image header was read:
2022-01-06 08:42:02,175 - root - INFO - Width: 44, Height: 22, RowLength: 88
2022-01-06 08:42:02,175 - root - INFO - datalength: 1346, _step: 2
2022-01-06 08:42:02,175 - root - INFO - BPP: 16, Transparency: False
2022-01-06 08:42:02,175 - root - INFO - Resource 62 offset: 428830, length: 1348...
2022-01-06 08:42:02,175 - root - DEBUG - Reading resource 62...
2022-01-06 08:42:02,175 - root - INFO - The image is bme.
2022-01-06 08:42:02,175 - root - INFO - Reading image header(readHeader16E)...
2022-01-06 08:42:02,175 - root - INFO - Image header was read:
2022-01-06 08:42:02,175 - root - INFO - Width: 44, Height: 22, RowLength: 88
2022-01-06 08:42:02,175 - root - INFO - datalength: 1332, _step: 2
2022-01-06 08:42:02,175 - root - INFO - BPP: 16, Transparency: False
2022-01-06 08:42:02,175 - root - INFO - Resource 63 offset: 430178, length: 684...
2022-01-06 08:42:02,175 - root - DEBUG - Reading resource 63...
2022-01-06 08:42:02,175 - root - INFO - The image is bme.
2022-01-06 08:42:02,175 - root - INFO - Reading image header(readHeader16E)...
2022-01-06 08:42:02,175 - root - INFO - Image header was read:
2022-01-06 08:42:02,175 - root - INFO - Width: 20, Height: 25, RowLength: 40
2022-01-06 08:42:02,175 - root - INFO - datalength: 668, _step: 2
2022-01-06 08:42:02,175 - root - INFO - BPP: 16, Transparency: False
2022-01-06 08:42:02,175 - root - INFO - Resource 64 offset: 430862, length: 380...
2022-01-06 08:42:02,175 - root - DEBUG - Reading resource 64...
2022-01-06 08:42:02,175 - root - INFO - The image is bme.
2022-01-06 08:42:02,175 - root - INFO - Reading image header(readHeader16E)...
2022-01-06 08:42:02,175 - root - INFO - Image header was read:
2022-01-06 08:42:02,175 - root - INFO - Width: 20, Height: 25, RowLength: 40
2022-01-06 08:42:02,175 - root - INFO - datalength: 364, _step: 2
2022-01-06 08:42:02,175 - root - INFO - BPP: 16, Transparency: False
2022-01-06 08:42:02,175 - root - INFO - Resource 65 offset: 431242, length: 526...
2022-01-06 08:42:02,175 - root - DEBUG - Reading resource 65...
2022-01-06 08:42:02,175 - root - INFO - The image is bme.
2022-01-06 08:42:02,175 - root - INFO - Reading image header(readHeader16E)...
2022-01-06 08:42:02,175 - root - INFO - Image header was read:
2022-01-06 08:42:02,175 - root - INFO - Width: 20, Height: 25, RowLength: 40
2022-01-06 08:42:02,175 - root - INFO - datalength: 510, _step: 2
2022-01-06 08:42:02,175 - root - INFO - BPP: 16, Transparency: False
2022-01-06 08:42:02,175 - root - INFO - Resource 66 offset: 431768, length: 596...
2022-01-06 08:42:02,175 - root - DEBUG - Reading resource 66...
2022-01-06 08:42:02,175 - root - INFO - The image is bme.
2022-01-06 08:42:02,175 - root - INFO - Reading image header(readHeader16E)...
2022-01-06 08:42:02,191 - root - INFO - Image header was read:
2022-01-06 08:42:02,191 - root - INFO - Width: 20, Height: 25, RowLength: 40
2022-01-06 08:42:02,191 - root - INFO - datalength: 580, _step: 2
2022-01-06 08:42:02,191 - root - INFO - BPP: 16, Transparency: False
2022-01-06 08:42:02,191 - root - INFO - Resource 67 offset: 432364, length: 560...
2022-01-06 08:42:02,191 - root - DEBUG - Reading resource 67...
2022-01-06 08:42:02,191 - root - INFO - The image is bme.
2022-01-06 08:42:02,191 - root - INFO - Reading image header(readHeader16E)...
2022-01-06 08:42:02,191 - root - INFO - Image header was read:
2022-01-06 08:42:02,191 - root - INFO - Width: 20, Height: 25, RowLength: 40
2022-01-06 08:42:02,191 - root - INFO - datalength: 544, _step: 2
2022-01-06 08:42:02,191 - root - INFO - BPP: 16, Transparency: False
2022-01-06 08:42:02,191 - root - INFO - Resource 68 offset: 432924, length: 596...
2022-01-06 08:42:02,191 - root - DEBUG - Reading resource 68...
2022-01-06 08:42:02,191 - root - INFO - The image is bme.
2022-01-06 08:42:02,191 - root - INFO - Reading image header(readHeader16E)...
2022-01-06 08:42:02,191 - root - INFO - Image header was read:
2022-01-06 08:42:02,191 - root - INFO - Width: 20, Height: 25, RowLength: 40
2022-01-06 08:42:02,191 - root - INFO - datalength: 580, _step: 2
2022-01-06 08:42:02,191 - root - INFO - BPP: 16, Transparency: False
2022-01-06 08:42:02,191 - root - INFO - Resource 69 offset: 433520, length: 630...
2022-01-06 08:42:02,191 - root - DEBUG - Reading resource 69...
2022-01-06 08:42:02,191 - root - INFO - The image is bme.
2022-01-06 08:42:02,191 - root - INFO - Reading image header(readHeader16E)...
2022-01-06 08:42:02,191 - root - INFO - Image header was read:
2022-01-06 08:42:02,191 - root - INFO - Width: 20, Height: 25, RowLength: 40
2022-01-06 08:42:02,191 - root - INFO - datalength: 614, _step: 2
2022-01-06 08:42:02,191 - root - INFO - BPP: 16, Transparency: False
2022-01-06 08:42:02,191 - root - INFO - Resource 70 offset: 434150, length: 438...
2022-01-06 08:42:02,191 - root - DEBUG - Reading resource 70...
2022-01-06 08:42:02,191 - root - INFO - The image is bme.
2022-01-06 08:42:02,191 - root - INFO - Reading image header(readHeader16E)...
2022-01-06 08:42:02,191 - root - INFO - Image header was read:
2022-01-06 08:42:02,191 - root - INFO - Width: 20, Height: 25, RowLength: 40
2022-01-06 08:42:02,191 - root - INFO - datalength: 422, _step: 2
2022-01-06 08:42:02,191 - root - INFO - BPP: 16, Transparency: False
2022-01-06 08:42:02,191 - root - INFO - Resource 71 offset: 434588, length: 690...
2022-01-06 08:42:02,191 - root - DEBUG - Reading resource 71...
2022-01-06 08:42:02,191 - root - INFO - The image is bme.
2022-01-06 08:42:02,191 - root - INFO - Reading image header(readHeader16E)...
2022-01-06 08:42:02,191 - root - INFO - Image header was read:
2022-01-06 08:42:02,191 - root - INFO - Width: 20, Height: 25, RowLength: 40
2022-01-06 08:42:02,191 - root - INFO - datalength: 674, _step: 2
2022-01-06 08:42:02,191 - root - INFO - BPP: 16, Transparency: False
2022-01-06 08:42:02,191 - root - INFO - Resource 72 offset: 435278, length: 644...
2022-01-06 08:42:02,191 - root - DEBUG - Reading resource 72...
2022-01-06 08:42:02,191 - root - INFO - The image is bme.
2022-01-06 08:42:02,191 - root - INFO - Reading image header(readHeader16E)...
2022-01-06 08:42:02,191 - root - INFO - Image header was read:
2022-01-06 08:42:02,191 - root - INFO - Width: 20, Height: 25, RowLength: 40
2022-01-06 08:42:02,191 - root - INFO - datalength: 628, _step: 2
2022-01-06 08:42:02,191 - root - INFO - BPP: 16, Transparency: False
2022-01-06 08:42:02,191 - root - INFO - Resource 73 offset: 435922, length: 782...
2022-01-06 08:42:02,191 - root - DEBUG - Reading resource 73...
2022-01-06 08:42:02,191 - root - INFO - The image is bme.
2022-01-06 08:42:02,191 - root - INFO - Reading image header(readHeader16E)...
2022-01-06 08:42:02,191 - root - INFO - Image header was read:
2022-01-06 08:42:02,191 - root - INFO - Width: 30, Height: 30, RowLength: 60
2022-01-06 08:42:02,191 - root - INFO - datalength: 766, _step: 2
2022-01-06 08:42:02,191 - root - INFO - BPP: 16, Transparency: False
2022-01-06 08:42:02,191 - root - INFO - Resource 74 offset: 436704, length: 1088...
2022-01-06 08:42:02,191 - root - DEBUG - Reading resource 74...
2022-01-06 08:42:02,191 - root - INFO - The image is bme.
2022-01-06 08:42:02,191 - root - INFO - Reading image header(readHeader16E)...
2022-01-06 08:42:02,191 - root - INFO - Image header was read:
2022-01-06 08:42:02,191 - root - INFO - Width: 282, Height: 58, RowLength: 564
2022-01-06 08:42:02,191 - root - INFO - datalength: 1072, _step: 2
2022-01-06 08:42:02,191 - root - INFO - BPP: 16, Transparency: False
2022-01-06 08:42:02,191 - root - INFO - Resource 75 offset: 437792, length: 1888...
2022-01-06 08:42:02,191 - root - DEBUG - Reading resource 75...
2022-01-06 08:42:02,191 - root - INFO - The image is bme.
2022-01-06 08:42:02,191 - root - INFO - Reading image header(readHeader16E)...
2022-01-06 08:42:02,191 - root - INFO - Image header was read:
2022-01-06 08:42:02,191 - root - INFO - Width: 282, Height: 58, RowLength: 564
2022-01-06 08:42:02,191 - root - INFO - datalength: 1872, _step: 2
2022-01-06 08:42:02,191 - root - INFO - BPP: 16, Transparency: False
2022-01-06 08:42:02,206 - root - INFO - Resource 76 offset: 439680, length: 2658...
2022-01-06 08:42:02,206 - root - DEBUG - Reading resource 76...
2022-01-06 08:42:02,206 - root - INFO - The image is bme.
2022-01-06 08:42:02,206 - root - INFO - Reading image header(readHeader16E)...
2022-01-06 08:42:02,206 - root - INFO - Image header was read:
2022-01-06 08:42:02,206 - root - INFO - Width: 282, Height: 58, RowLength: 564
2022-01-06 08:42:02,206 - root - INFO - datalength: 2642, _step: 2
2022-01-06 08:42:02,206 - root - INFO - BPP: 16, Transparency: False
2022-01-06 08:42:02,206 - root - INFO - Resource 77 offset: 442338, length: 3406...
2022-01-06 08:42:02,206 - root - DEBUG - Reading resource 77...
2022-01-06 08:42:02,206 - root - INFO - The image is bme.
2022-01-06 08:42:02,206 - root - INFO - Reading image header(readHeader16E)...
2022-01-06 08:42:02,206 - root - INFO - Image header was read:
2022-01-06 08:42:02,206 - root - INFO - Width: 282, Height: 58, RowLength: 564
2022-01-06 08:42:02,206 - root - INFO - datalength: 3390, _step: 2
2022-01-06 08:42:02,206 - root - INFO - BPP: 16, Transparency: False
2022-01-06 08:42:02,222 - root - INFO - Resource 78 offset: 445744, length: 4118...
2022-01-06 08:42:02,222 - root - DEBUG - Reading resource 78...
2022-01-06 08:42:02,222 - root - INFO - The image is bme.
2022-01-06 08:42:02,222 - root - INFO - Reading image header(readHeader16E)...
2022-01-06 08:42:02,222 - root - INFO - Image header was read:
2022-01-06 08:42:02,222 - root - INFO - Width: 282, Height: 58, RowLength: 564
2022-01-06 08:42:02,222 - root - INFO - datalength: 4102, _step: 2
2022-01-06 08:42:02,222 - root - INFO - BPP: 16, Transparency: False
2022-01-06 08:42:02,222 - root - INFO - Resource 79 offset: 449862, length: 4862...
2022-01-06 08:42:02,222 - root - DEBUG - Reading resource 79...
2022-01-06 08:42:02,222 - root - INFO - The image is bme.
2022-01-06 08:42:02,222 - root - INFO - Reading image header(readHeader16E)...
2022-01-06 08:42:02,222 - root - INFO - Image header was read:
2022-01-06 08:42:02,222 - root - INFO - Width: 282, Height: 58, RowLength: 564
2022-01-06 08:42:02,222 - root - INFO - datalength: 4846, _step: 2
2022-01-06 08:42:02,222 - root - INFO - BPP: 16, Transparency: False
2022-01-06 08:42:02,238 - root - INFO - Resource 80 offset: 454724, length: 5608...
2022-01-06 08:42:02,238 - root - DEBUG - Reading resource 80...
2022-01-06 08:42:02,238 - root - INFO - The image is bme.
2022-01-06 08:42:02,238 - root - INFO - Reading image header(readHeader16E)...
2022-01-06 08:42:02,238 - root - INFO - Image header was read:
2022-01-06 08:42:02,238 - root - INFO - Width: 282, Height: 58, RowLength: 564
2022-01-06 08:42:02,238 - root - INFO - datalength: 5592, _step: 2
2022-01-06 08:42:02,238 - root - INFO - BPP: 16, Transparency: False
2022-01-06 08:42:02,238 - root - INFO - Resource 81 offset: 460332, length: 6380...
2022-01-06 08:42:02,238 - root - DEBUG - Reading resource 81...
2022-01-06 08:42:02,238 - root - INFO - The image is bme.
2022-01-06 08:42:02,238 - root - INFO - Reading image header(readHeader16E)...
2022-01-06 08:42:02,253 - root - INFO - Image header was read:
2022-01-06 08:42:02,253 - root - INFO - Width: 282, Height: 58, RowLength: 564
2022-01-06 08:42:02,253 - root - INFO - datalength: 6364, _step: 2
2022-01-06 08:42:02,253 - root - INFO - BPP: 16, Transparency: False
2022-01-06 08:42:02,253 - root - INFO - Resource 82 offset: 466712, length: 7174...
2022-01-06 08:42:02,253 - root - DEBUG - Reading resource 82...
2022-01-06 08:42:02,253 - root - INFO - The image is bme.
2022-01-06 08:42:02,253 - root - INFO - Reading image header(readHeader16E)...
2022-01-06 08:42:02,253 - root - INFO - Image header was read:
2022-01-06 08:42:02,253 - root - INFO - Width: 282, Height: 58, RowLength: 564
2022-01-06 08:42:02,253 - root - INFO - datalength: 7158, _step: 2
2022-01-06 08:42:02,253 - root - INFO - BPP: 16, Transparency: False
2022-01-06 08:42:02,269 - root - INFO - Resource 83 offset: 473886, length: 8148...
2022-01-06 08:42:02,269 - root - DEBUG - Reading resource 83...
2022-01-06 08:42:02,269 - root - INFO - The image is bme.
2022-01-06 08:42:02,269 - root - INFO - Reading image header(readHeader16E)...
2022-01-06 08:42:02,269 - root - INFO - Image header was read:
2022-01-06 08:42:02,269 - root - INFO - Width: 282, Height: 58, RowLength: 564
2022-01-06 08:42:02,269 - root - INFO - datalength: 8132, _step: 2
2022-01-06 08:42:02,269 - root - INFO - BPP: 16, Transparency: False
2022-01-06 08:42:02,284 - root - INFO - Resource 84 offset: 482034, length: 758...
2022-01-06 08:42:02,284 - root - DEBUG - Reading resource 84...
2022-01-06 08:42:02,284 - root - INFO - The image is bme.
2022-01-06 08:42:02,284 - root - INFO - Reading image header(readHeader16E)...
2022-01-06 08:42:02,284 - root - INFO - Image header was read:
2022-01-06 08:42:02,284 - root - INFO - Width: 20, Height: 25, RowLength: 40
2022-01-06 08:42:02,284 - root - INFO - datalength: 742, _step: 2
2022-01-06 08:42:02,284 - root - INFO - BPP: 16, Transparency: False
2022-01-06 08:42:02,284 - root - INFO - Resource 85 offset: 482792, length: 540...
2022-01-06 08:42:02,284 - root - DEBUG - Reading resource 85...
2022-01-06 08:42:02,284 - root - INFO - The image is bme.
2022-01-06 08:42:02,284 - root - INFO - Reading image header(readHeader16E)...
2022-01-06 08:42:02,284 - root - INFO - Image header was read:
2022-01-06 08:42:02,284 - root - INFO - Width: 30, Height: 30, RowLength: 60
2022-01-06 08:42:02,284 - root - INFO - datalength: 524, _step: 2
2022-01-06 08:42:02,284 - root - INFO - BPP: 16, Transparency: False
2022-01-06 08:42:02,300 - root - INFO - Resource 86 offset: 483332, length: 1054...
2022-01-06 08:42:02,300 - root - DEBUG - Reading resource 86...
2022-01-06 08:42:02,300 - root - INFO - The image is bme.
2022-01-06 08:42:02,300 - root - INFO - Reading image header(readHeader16E)...
2022-01-06 08:42:02,300 - root - INFO - Image header was read:
2022-01-06 08:42:02,300 - root - INFO - Width: 282, Height: 58, RowLength: 564
2022-01-06 08:42:02,300 - root - INFO - datalength: 1038, _step: 2
2022-01-06 08:42:02,300 - root - INFO - BPP: 16, Transparency: False
2022-01-06 08:42:02,300 - root - INFO - Resource 87 offset: 484386, length: 1866...
2022-01-06 08:42:02,300 - root - DEBUG - Reading resource 87...
2022-01-06 08:42:02,300 - root - INFO - The image is bme.
2022-01-06 08:42:02,300 - root - INFO - Reading image header(readHeader16E)...
2022-01-06 08:42:02,300 - root - INFO - Image header was read:
2022-01-06 08:42:02,300 - root - INFO - Width: 282, Height: 58, RowLength: 564
2022-01-06 08:42:02,300 - root - INFO - datalength: 1850, _step: 2
2022-01-06 08:42:02,300 - root - INFO - BPP: 16, Transparency: False
2022-01-06 08:42:02,300 - root - INFO - Resource 88 offset: 486252, length: 2656...
2022-01-06 08:42:02,300 - root - DEBUG - Reading resource 88...
2022-01-06 08:42:02,300 - root - INFO - The image is bme.
2022-01-06 08:42:02,300 - root - INFO - Reading image header(readHeader16E)...
2022-01-06 08:42:02,300 - root - INFO - Image header was read:
2022-01-06 08:42:02,300 - root - INFO - Width: 282, Height: 58, RowLength: 564
2022-01-06 08:42:02,300 - root - INFO - datalength: 2640, _step: 2
2022-01-06 08:42:02,300 - root - INFO - BPP: 16, Transparency: False
2022-01-06 08:42:02,300 - root - INFO - Resource 89 offset: 488908, length: 3400...
2022-01-06 08:42:02,300 - root - DEBUG - Reading resource 89...
2022-01-06 08:42:02,300 - root - INFO - The image is bme.
2022-01-06 08:42:02,300 - root - INFO - Reading image header(readHeader16E)...
2022-01-06 08:42:02,300 - root - INFO - Image header was read:
2022-01-06 08:42:02,300 - root - INFO - Width: 282, Height: 58, RowLength: 564
2022-01-06 08:42:02,300 - root - INFO - datalength: 3384, _step: 2
2022-01-06 08:42:02,300 - root - INFO - BPP: 16, Transparency: False
2022-01-06 08:42:02,316 - root - INFO - Resource 90 offset: 492308, length: 4120...
2022-01-06 08:42:02,316 - root - DEBUG - Reading resource 90...
2022-01-06 08:42:02,316 - root - INFO - The image is bme.
2022-01-06 08:42:02,316 - root - INFO - Reading image header(readHeader16E)...
2022-01-06 08:42:02,316 - root - INFO - Image header was read:
2022-01-06 08:42:02,316 - root - INFO - Width: 282, Height: 58, RowLength: 564
2022-01-06 08:42:02,316 - root - INFO - datalength: 4104, _step: 2
2022-01-06 08:42:02,316 - root - INFO - BPP: 16, Transparency: False
2022-01-06 08:42:02,316 - root - INFO - Resource 91 offset: 496428, length: 4868...
2022-01-06 08:42:02,316 - root - DEBUG - Reading resource 91...
2022-01-06 08:42:02,316 - root - INFO - The image is bme.
2022-01-06 08:42:02,316 - root - INFO - Reading image header(readHeader16E)...
2022-01-06 08:42:02,316 - root - INFO - Image header was read:
2022-01-06 08:42:02,316 - root - INFO - Width: 282, Height: 58, RowLength: 564
2022-01-06 08:42:02,316 - root - INFO - datalength: 4852, _step: 2
2022-01-06 08:42:02,316 - root - INFO - BPP: 16, Transparency: False
2022-01-06 08:42:02,331 - root - INFO - Resource 92 offset: 501296, length: 5630...
2022-01-06 08:42:02,331 - root - DEBUG - Reading resource 92...
2022-01-06 08:42:02,331 - root - INFO - The image is bme.
2022-01-06 08:42:02,331 - root - INFO - Reading image header(readHeader16E)...
2022-01-06 08:42:02,331 - root - INFO - Image header was read:
2022-01-06 08:42:02,331 - root - INFO - Width: 282, Height: 58, RowLength: 564
2022-01-06 08:42:02,331 - root - INFO - datalength: 5614, _step: 2
2022-01-06 08:42:02,331 - root - INFO - BPP: 16, Transparency: False
2022-01-06 08:42:02,347 - root - INFO - Resource 93 offset: 506926, length: 6406...
2022-01-06 08:42:02,347 - root - DEBUG - Reading resource 93...
2022-01-06 08:42:02,347 - root - INFO - The image is bme.
2022-01-06 08:42:02,347 - root - INFO - Reading image header(readHeader16E)...
2022-01-06 08:42:02,347 - root - INFO - Image header was read:
2022-01-06 08:42:02,347 - root - INFO - Width: 282, Height: 58, RowLength: 564
2022-01-06 08:42:02,347 - root - INFO - datalength: 6390, _step: 2
2022-01-06 08:42:02,347 - root - INFO - BPP: 16, Transparency: False
2022-01-06 08:42:02,363 - root - INFO - Resource 94 offset: 513332, length: 7204...
2022-01-06 08:42:02,363 - root - DEBUG - Reading resource 94...
2022-01-06 08:42:02,363 - root - INFO - The image is bme.
2022-01-06 08:42:02,363 - root - INFO - Reading image header(readHeader16E)...
2022-01-06 08:42:02,363 - root - INFO - Image header was read:
2022-01-06 08:42:02,363 - root - INFO - Width: 282, Height: 58, RowLength: 564
2022-01-06 08:42:02,363 - root - INFO - datalength: 7188, _step: 2
2022-01-06 08:42:02,363 - root - INFO - BPP: 16, Transparency: False
2022-01-06 08:42:02,378 - root - INFO - Resource 95 offset: 520536, length: 8154...
2022-01-06 08:42:02,378 - root - DEBUG - Reading resource 95...
2022-01-06 08:42:02,378 - root - INFO - The image is bme.
2022-01-06 08:42:02,378 - root - INFO - Reading image header(readHeader16E)...
2022-01-06 08:42:02,378 - root - INFO - Image header was read:
2022-01-06 08:42:02,378 - root - INFO - Width: 282, Height: 58, RowLength: 564
2022-01-06 08:42:02,378 - root - INFO - datalength: 8138, _step: 2
2022-01-06 08:42:02,378 - root - INFO - BPP: 16, Transparency: False
2022-01-06 08:42:02,394 - root - DEBUG - Parsing parameters...
2022-01-06 08:42:02,456 - root - DEBUG - 0 Value: None
2022-01-06 08:42:02,456 - root - DEBUG - 0.1 Value: 71
2022-01-06 08:42:02,456 - root - DEBUG - 2 Value: None
2022-01-06 08:42:02,456 - root - DEBUG - 2.1 Value: None
2022-01-06 08:42:02,456 - root - DEBUG - 2.1.1 Value: 0
2022-01-06 08:42:02,456 - root - DEBUG - 2.1.2 Value: 0
2022-01-06 08:42:02,456 - root - DEBUG - 2.1.3 Value: 1
2022-01-06 08:42:02,456 - root - DEBUG - 2.3 Value: None
2022-01-06 08:42:02,456 - root - DEBUG - 2.3.1 Value: 0
2022-01-06 08:42:02,456 - root - DEBUG - 2.3.2 Value: 0
2022-01-06 08:42:02,456 - root - DEBUG - 2.3.3 Value: 0
2022-01-06 08:42:02,456 - root - DEBUG - 2.4 Value: None
2022-01-06 08:42:02,456 - root - DEBUG - 2.4.1 Value: 0
2022-01-06 08:42:02,456 - root - DEBUG - 2.4.2 Value: 0
2022-01-06 08:42:02,456 - root - DEBUG - 2.4.3 Value: 0
2022-01-06 08:42:02,456 - root - DEBUG - 2.5 Value: None
2022-01-06 08:42:02,456 - root - DEBUG - 2.5.1 Value: 0
2022-01-06 08:42:02,456 - root - DEBUG - 2.5.2 Value: 0
2022-01-06 08:42:02,456 - root - DEBUG - 2.5.3 Value: 0
2022-01-06 08:42:02,456 - root - DEBUG - 3 Value: None
2022-01-06 08:42:02,456 - root - DEBUG - 3.1 Value: None
2022-01-06 08:42:02,456 - root - DEBUG - 3.1.1 Value: None
2022-01-06 08:42:02,456 - root - DEBUG - 3.1.1.1 Value: None
2022-01-06 08:42:02,456 - root - DEBUG - 3.1.1.1.1 Value: 4
2022-01-06 08:42:02,456 - root - DEBUG - 3.1.1.1.2 Value: 108
2022-01-06 08:42:02,456 - root - DEBUG - 3.1.1.1.3 Value: 2
2022-01-06 08:42:02,456 - root - DEBUG - 3.1.1.1.4 Value: 10
2022-01-06 08:42:02,456 - root - DEBUG - 3.1.1.2 Value: None
2022-01-06 08:42:02,456 - root - DEBUG - 3.1.1.2.1 Value: 83
2022-01-06 08:42:02,456 - root - DEBUG - 3.1.1.2.2 Value: 108
2022-01-06 08:42:02,456 - root - DEBUG - 3.1.1.2.3 Value: 2
2022-01-06 08:42:02,456 - root - DEBUG - 3.1.1.2.4 Value: 10
2022-01-06 08:42:02,456 - root - DEBUG - 3.1.2 Value: None
2022-01-06 08:42:02,456 - root - DEBUG - 3.1.2.1 Value: None
2022-01-06 08:42:02,456 - root - DEBUG - 3.1.2.1.1 Value: 162
2022-01-06 08:42:02,456 - root - DEBUG - 3.1.2.1.2 Value: 108
2022-01-06 08:42:02,456 - root - DEBUG - 3.1.2.1.3 Value: 12
2022-01-06 08:42:02,456 - root - DEBUG - 3.1.2.1.4 Value: 10
2022-01-06 08:42:02,456 - root - DEBUG - 3.1.2.2 Value: None
2022-01-06 08:42:02,456 - root - DEBUG - 3.1.2.2.1 Value: 204
2022-01-06 08:42:02,456 - root - DEBUG - 3.1.2.2.2 Value: 108
2022-01-06 08:42:02,456 - root - DEBUG - 3.1.2.2.3 Value: 12
2022-01-06 08:42:02,456 - root - DEBUG - 3.1.2.2.4 Value: 10
2022-01-06 08:42:02,456 - root - DEBUG - 3.1.3 Value: None
2022-01-06 08:42:02,456 - root - DEBUG - 3.1.3.1 Value: None
2022-01-06 08:42:02,456 - root - DEBUG - 3.1.3.1.1 Value: 252
2022-01-06 08:42:02,456 - root - DEBUG - 3.1.3.1.2 Value: 110
2022-01-06 08:42:02,456 - root - DEBUG - 3.1.3.1.3 Value: 22
2022-01-06 08:42:02,456 - root - DEBUG - 3.1.3.1.4 Value: 10
2022-01-06 08:42:02,456 - root - DEBUG - 3.1.3.2 Value: None
2022-01-06 08:42:02,456 - root - DEBUG - 3.1.3.2.1 Value: 272
2022-01-06 08:42:02,456 - root - DEBUG - 3.1.3.2.2 Value: 110
2022-01-06 08:42:02,456 - root - DEBUG - 3.1.3.2.3 Value: 22
2022-01-06 08:42:02,456 - root - DEBUG - 3.1.3.2.4 Value: 10
2022-01-06 08:42:02,456 - root - DEBUG - 3.1.7 Value: 0
2022-01-06 08:42:02,456 - root - DEBUG - 3.1.8 Value: 1
2022-01-06 08:42:02,456 - root - DEBUG - 4 Value: None
2022-01-06 08:42:02,456 - root - DEBUG - 4.1 Value: None
2022-01-06 08:42:02,456 - root - DEBUG - 4.1.1 Value: None
2022-01-06 08:42:02,456 - root - DEBUG - 4.1.1.1 Value: 83
2022-01-06 08:42:02,456 - root - DEBUG - 4.1.1.2 Value: 251
2022-01-06 08:42:02,456 - root - DEBUG - 4.1.1.3 Value: 219
2022-01-06 08:42:02,456 - root - DEBUG - 4.1.1.4 Value: 279
2022-01-06 08:42:02,456 - root - DEBUG - 4.1.1.5 Value: 40
2022-01-06 08:42:02,456 - root - DEBUG - 4.1.1.6 Value: 0
2022-01-06 08:42:02,456 - root - DEBUG - 4.1.1.7 Value: 0
2022-01-06 08:42:02,456 - root - DEBUG - 4.1.1.8 Value: 63
2022-01-06 08:42:02,456 - root - DEBUG - 4.1.1.9 Value: 10
2022-01-06 08:42:02,456 - root - DEBUG - 4.1.2 Value: 73
2022-01-06 08:42:02,456 - root - DEBUG - 4.7 Value: 0
2022-01-06 08:42:02,456 - root - DEBUG - 5 Value: None
2022-01-06 08:42:02,456 - root - DEBUG - 5.1 Value: None
2022-01-06 08:42:02,456 - root - DEBUG - 5.1.1 Value: None
2022-01-06 08:42:02,456 - root - DEBUG - 5.1.1.2 Value: None
2022-01-06 08:42:02,456 - root - DEBUG - 5.1.1.2.1 Value: 162
2022-01-06 08:42:02,456 - root - DEBUG - 5.1.1.2.2 Value: 189
2022-01-06 08:42:02,456 - root - DEBUG - 5.1.1.2.3 Value: 32
2022-01-06 08:42:02,456 - root - DEBUG - 5.1.1.2.4 Value: 12
2022-01-06 08:42:02,456 - root - DEBUG - 5.1.1.3 Value: None
2022-01-06 08:42:02,456 - root - DEBUG - 5.1.1.3.1 Value: 162
2022-01-06 08:42:02,456 - root - DEBUG - 5.1.1.3.2 Value: 189
2022-01-06 08:42:02,456 - root - DEBUG - 5.1.1.3.3 Value: 32
2022-01-06 08:42:02,456 - root - DEBUG - 5.1.1.3.4 Value: 12
2022-01-06 08:42:02,456 - root - DEBUG - 5.1.1.4 Value: None
2022-01-06 08:42:02,456 - root - DEBUG - 5.1.1.4.1 Value: 218
2022-01-06 08:42:02,456 - root - DEBUG - 5.1.1.4.2 Value: 189
2022-01-06 08:42:02,456 - root - DEBUG - 5.1.1.4.3 Value: 250
2022-01-06 08:42:02,456 - root - DEBUG - 5.1.1.4.4 Value: 210
2022-01-06 08:42:02,456 - root - DEBUG - 5.1.1.4.5 Value: 18
2022-01-06 08:42:02,456 - root - DEBUG - 5.1.1.4.6 Value: 0
2022-01-06 08:42:02,456 - root - DEBUG - 5.1.1.4.7 Value: 0
2022-01-06 08:42:02,456 - root - DEBUG - 5.1.1.4.8 Value: 44
2022-01-06 08:42:02,456 - root - DEBUG - 5.1.1.4.9 Value: 10
2022-01-06 08:42:02,456 - root - DEBUG - 5.1.4 Value: 1
2022-01-06 08:42:02,456 - root - DEBUG - 5.1.5 Value: 1
2022-01-06 08:42:02,456 - root - DEBUG - 5.1.6 Value: 0
2022-01-06 08:42:02,456 - root - DEBUG - 5.2 Value: None
2022-01-06 08:42:02,456 - root - DEBUG - 5.2.1 Value: 252
2022-01-06 08:42:02,456 - root - DEBUG - 5.2.2 Value: 141
2022-01-06 08:42:02,456 - root - DEBUG - 5.2.5 Value: 61
2022-01-06 08:42:02,456 - root - DEBUG - 5.2.6 Value: 62
2022-01-06 08:42:02,456 - root - DEBUG - 5.4 Value: None
2022-01-06 08:42:02,456 - root - DEBUG - 5.4.1 Value: 162
2022-01-06 08:42:02,456 - root - DEBUG - 5.4.2 Value: 169
2022-01-06 08:42:02,456 - root - DEBUG - 5.4.3 Value: 54
2022-01-06 08:42:02,456 - root - DEBUG - 5.4.4 Value: 7
2022-01-06 08:42:02,456 - root - DEBUG - 7 Value: None
2022-01-06 08:42:02,456 - root - DEBUG - 7.2 Value: None
2022-01-06 08:42:02,456 - root - DEBUG - 7.2.1 Value: 10
2022-01-06 08:42:02,456 - root - DEBUG - 7.2.2 Value: 253
2022-01-06 08:42:02,456 - root - DEBUG - 7.2.3 Value: 74
2022-01-06 08:42:02,456 - root - DEBUG - 7.2.4 Value: 10
2022-01-06 08:42:02,456 - root - DEBUG - 9 Value: None
2022-01-06 08:42:02,456 - root - DEBUG - 9.1 Value: None
2022-01-06 08:42:02,456 - root - DEBUG - 9.1.1 Value: None
2022-01-06 08:42:02,456 - root - DEBUG - 9.1.1.1 Value: 93
2022-01-06 08:42:02,456 - root - DEBUG - 9.1.1.2 Value: 39
2022-01-06 08:42:02,456 - root - DEBUG - 9.1.1.3 Value: 209
2022-01-06 08:42:02,456 - root - DEBUG - 9.1.1.4 Value: 66
2022-01-06 08:42:02,456 - root - DEBUG - 9.1.1.5 Value: 40
2022-01-06 08:42:02,456 - root - DEBUG - 9.1.1.6 Value: 0
2022-01-06 08:42:02,456 - root - DEBUG - 9.1.1.7 Value: 0
2022-01-06 08:42:02,456 - root - DEBUG - 9.1.1.8 Value: 63
2022-01-06 08:42:02,456 - root - DEBUG - 9.1.1.9 Value: 10
2022-01-06 08:42:02,456 - root - DEBUG - 9.1.3 Value: 85
2022-01-06 08:42:02,456 - root - DEBUG - 9.1.4 Value: 84
2022-01-06 08:42:02,456 - root - DEBUG - 9.2 Value: None
2022-01-06 08:42:02,456 - root - DEBUG - 9.2.1 Value: 10
2022-01-06 08:42:02,456 - root - DEBUG - 9.2.2 Value: 9
2022-01-06 08:42:02,456 - root - DEBUG - 9.2.3 Value: 86
2022-01-06 08:42:02,456 - root - DEBUG - 9.2.4 Value: 10
2022-01-06 08:42:02,456 - root - DEBUG - 0-Info
2022-01-06 08:42:02,456 - root - DEBUG - 0.1-DeviceId
2022-01-06 08:42:02,456 - root - DEBUG - 2-Background
2022-01-06 08:42:02,456 - root - DEBUG - 2.1-Image
2022-01-06 08:42:02,456 - root - DEBUG - 2.1.1-X
2022-01-06 08:42:02,456 - root - DEBUG - 2.1.2-Y
2022-01-06 08:42:02,456 - root - DEBUG - 2.1.3-ImageIndex
2022-01-06 08:42:02,456 - root - DEBUG - 2.3-Preview
2022-01-06 08:42:02,456 - root - DEBUG - 2.3.1-X
2022-01-06 08:42:02,456 - root - DEBUG - 2.3.2-Y
2022-01-06 08:42:02,456 - root - DEBUG - 2.3.3-ImageIndex
2022-01-06 08:42:02,456 - root - DEBUG - 2.4-PreviewTradChinese
2022-01-06 08:42:02,456 - root - DEBUG - 2.4.1-X
2022-01-06 08:42:02,456 - root - DEBUG - 2.4.2-Y
2022-01-06 08:42:02,456 - root - DEBUG - 2.4.3-ImageIndex
2022-01-06 08:42:02,456 - root - DEBUG - 2.5-PreviewChinese
2022-01-06 08:42:02,456 - root - DEBUG - 2.5.1-X
2022-01-06 08:42:02,456 - root - DEBUG - 2.5.2-Y
2022-01-06 08:42:02,456 - root - DEBUG - 2.5.3-ImageIndex
2022-01-06 08:42:02,456 - root - DEBUG - 3-TimeExtended
2022-01-06 08:42:02,456 - root - DEBUG - 3.1-TimeSeparateDigits
2022-01-06 08:42:02,456 - root - DEBUG - 3.1.1-Hours
2022-01-06 08:42:02,456 - root - DEBUG - 3.1.1.1-Tens
2022-01-06 08:42:02,456 - root - DEBUG - 3.1.1.1.1-X
2022-01-06 08:42:02,456 - root - DEBUG - 3.1.1.1.2-Y
2022-01-06 08:42:02,456 - root - DEBUG - 3.1.1.1.3-ImageIndex
2022-01-06 08:42:02,456 - root - DEBUG - 3.1.1.1.4-ImagesCount
2022-01-06 08:42:02,456 - root - DEBUG - 3.1.1.2-Ones
2022-01-06 08:42:02,456 - root - DEBUG - 3.1.1.2.1-X
2022-01-06 08:42:02,456 - root - DEBUG - 3.1.1.2.2-Y
2022-01-06 08:42:02,472 - root - DEBUG - 3.1.1.2.3-ImageIndex
2022-01-06 08:42:02,472 - root - DEBUG - 3.1.1.2.4-ImagesCount
2022-01-06 08:42:02,472 - root - DEBUG - 3.1.2-Minutes
2022-01-06 08:42:02,472 - root - DEBUG - 3.1.2.1-Tens
2022-01-06 08:42:02,472 - root - DEBUG - 3.1.2.1.1-X
2022-01-06 08:42:02,472 - root - DEBUG - 3.1.2.1.2-Y
2022-01-06 08:42:02,472 - root - DEBUG - 3.1.2.1.3-ImageIndex
2022-01-06 08:42:02,472 - root - DEBUG - 3.1.2.1.4-ImagesCount
2022-01-06 08:42:02,472 - root - DEBUG - 3.1.2.2-Ones
2022-01-06 08:42:02,472 - root - DEBUG - 3.1.2.2.1-X
2022-01-06 08:42:02,472 - root - DEBUG - 3.1.2.2.2-Y
2022-01-06 08:42:02,472 - root - DEBUG - 3.1.2.2.3-ImageIndex
2022-01-06 08:42:02,472 - root - DEBUG - 3.1.2.2.4-ImagesCount
2022-01-06 08:42:02,472 - root - DEBUG - 3.1.3-Seconds
2022-01-06 08:42:02,472 - root - DEBUG - 3.1.3.1-Tens
2022-01-06 08:42:02,472 - root - DEBUG - 3.1.3.1.1-X
2022-01-06 08:42:02,472 - root - DEBUG - 3.1.3.1.2-Y
2022-01-06 08:42:02,472 - root - DEBUG - 3.1.3.1.3-ImageIndex
2022-01-06 08:42:02,472 - root - DEBUG - 3.1.3.1.4-ImagesCount
2022-01-06 08:42:02,472 - root - DEBUG - 3.1.3.2-Ones
2022-01-06 08:42:02,472 - root - DEBUG - 3.1.3.2.1-X
2022-01-06 08:42:02,472 - root - DEBUG - 3.1.3.2.2-Y
2022-01-06 08:42:02,472 - root - DEBUG - 3.1.3.2.3-ImageIndex
2022-01-06 08:42:02,472 - root - DEBUG - 3.1.3.2.4-ImagesCount
2022-01-06 08:42:02,472 - root - DEBUG - 3.1.7-PaddingZeroHours
2022-01-06 08:42:02,472 - root - DEBUG - 3.1.8-PaddingZeroMinutes
2022-01-06 08:42:02,472 - root - DEBUG - 4-Activity
2022-01-06 08:42:02,472 - root - DEBUG - 4.1-Steps
2022-01-06 08:42:02,472 - root - DEBUG - 4.1.1-ImageNumber
2022-01-06 08:42:02,472 - root - DEBUG - 4.1.1.1-TopLeftX
2022-01-06 08:42:02,472 - root - DEBUG - 4.1.1.2-TopLeftY
2022-01-06 08:42:02,472 - root - DEBUG - 4.1.1.3-BottomRightX
2022-01-06 08:42:02,472 - root - DEBUG - 4.1.1.4-BottomRightY
2022-01-06 08:42:02,472 - root - DEBUG - 4.1.1.5-Alignment
2022-01-06 08:42:02,472 - root - DEBUG - 4.1.1.6-Spacing
2022-01-06 08:42:02,472 - root - DEBUG - 4.1.1.7-VerticalOffset
2022-01-06 08:42:02,472 - root - DEBUG - 4.1.1.8-ImageIndex
2022-01-06 08:42:02,472 - root - DEBUG - 4.1.1.9-ImagesCount
2022-01-06 08:42:02,472 - root - DEBUG - 4.1.2-PrefixImageIndex
2022-01-06 08:42:02,472 - root - DEBUG - 4.7-UnknownLongValue7
2022-01-06 08:42:02,472 - root - DEBUG - 5-DateBlock
2022-01-06 08:42:02,472 - root - DEBUG - 5.1-Date
2022-01-06 08:42:02,472 - root - DEBUG - 5.1.1-MonthAndDayAlt
2022-01-06 08:42:02,472 - root - DEBUG - 5.1.1.2-MonthName
2022-01-06 08:42:02,472 - root - DEBUG - 5.1.1.2.1-X
2022-01-06 08:42:02,472 - root - DEBUG - 5.1.1.2.2-Y
2022-01-06 08:42:02,472 - root - DEBUG - 5.1.1.2.3-ImageIndex
2022-01-06 08:42:02,472 - root - DEBUG - 5.1.1.2.4-ImagesCount
2022-01-06 08:42:02,472 - root - DEBUG - 5.1.1.3-MonthNameChinese
2022-01-06 08:42:02,472 - root - DEBUG - 5.1.1.3.1-X
2022-01-06 08:42:02,472 - root - DEBUG - 5.1.1.3.2-Y
2022-01-06 08:42:02,472 - root - DEBUG - 5.1.1.3.3-ImageIndex
2022-01-06 08:42:02,472 - root - DEBUG - 5.1.1.3.4-ImagesCount
2022-01-06 08:42:02,472 - root - DEBUG - 5.1.1.4-Day
2022-01-06 08:42:02,472 - root - DEBUG - 5.1.1.4.1-TopLeftX
2022-01-06 08:42:02,472 - root - DEBUG - 5.1.1.4.2-TopLeftY
2022-01-06 08:42:02,472 - root - DEBUG - 5.1.1.4.3-BottomRightX
2022-01-06 08:42:02,472 - root - DEBUG - 5.1.1.4.4-BottomRightY
2022-01-06 08:42:02,472 - root - DEBUG - 5.1.1.4.5-Alignment
2022-01-06 08:42:02,472 - root - DEBUG - 5.1.1.4.6-Spacing
2022-01-06 08:42:02,472 - root - DEBUG - 5.1.1.4.7-VerticalOffset
2022-01-06 08:42:02,472 - root - DEBUG - 5.1.1.4.8-ImageIndex
2022-01-06 08:42:02,472 - root - DEBUG - 5.1.1.4.9-ImagesCount
2022-01-06 08:42:02,472 - root - DEBUG - 5.1.4-PaddingZeroMonth
2022-01-06 08:42:02,472 - root - DEBUG - 5.1.5-PaddingZeroDay
2022-01-06 08:42:02,472 - root - DEBUG - 5.1.6-UnknownBoolean6
2022-01-06 08:42:02,472 - root - DEBUG - 5.2-AmPm
2022-01-06 08:42:02,472 - root - DEBUG - 5.2.1-CommonX
2022-01-06 08:42:02,472 - root - DEBUG - 5.2.2-CommonY
2022-01-06 08:42:02,472 - root - DEBUG - 5.2.5-AmImageIndexEN
2022-01-06 08:42:02,472 - root - DEBUG - 5.2.6-PmImageIndexEN
2022-01-06 08:42:02,472 - root - DEBUG - 5.4-Weekday
2022-01-06 08:42:02,472 - root - DEBUG - 5.4.1-X
2022-01-06 08:42:02,472 - root - DEBUG - 5.4.2-Y
2022-01-06 08:42:02,472 - root - DEBUG - 5.4.3-ImageIndex
2022-01-06 08:42:02,472 - root - DEBUG - 5.4.4-ImagesCount
2022-01-06 08:42:02,472 - root - DEBUG - 7-StepProgress
2022-01-06 08:42:02,472 - root - DEBUG - 7.2-ImageProgress
2022-01-06 08:42:02,472 - root - DEBUG - 7.2.1-X
2022-01-06 08:42:02,472 - root - DEBUG - 7.2.2-Y
2022-01-06 08:42:02,472 - root - DEBUG - 7.2.3-ImageIndex
2022-01-06 08:42:02,472 - root - DEBUG - 7.2.4-ImagesCount
2022-01-06 08:42:02,472 - root - DEBUG - 9-Battery
2022-01-06 08:42:02,472 - root - DEBUG - 9.1-BatteryText
2022-01-06 08:42:02,472 - root - DEBUG - 9.1.1-ImageNumber
2022-01-06 08:42:02,472 - root - DEBUG - 9.1.1.1-TopLeftX
2022-01-06 08:42:02,472 - root - DEBUG - 9.1.1.2-TopLeftY
2022-01-06 08:42:02,472 - root - DEBUG - 9.1.1.3-BottomRightX
2022-01-06 08:42:02,472 - root - DEBUG - 9.1.1.4-BottomRightY
2022-01-06 08:42:02,472 - root - DEBUG - 9.1.1.5-Alignment
2022-01-06 08:42:02,472 - root - DEBUG - 9.1.1.6-Spacing
2022-01-06 08:42:02,472 - root - DEBUG - 9.1.1.7-VerticalOffset
2022-01-06 08:42:02,472 - root - DEBUG - 9.1.1.8-ImageIndex
2022-01-06 08:42:02,472 - root - DEBUG - 9.1.1.9-ImagesCount
2022-01-06 08:42:02,472 - root - DEBUG - 9.1.3-NoDataImageIndex
2022-01-06 08:42:02,472 - root - DEBUG - 9.1.4-SuffixImageIndex
2022-01-06 08:42:02,472 - root - DEBUG - 9.2-ImageProgress
2022-01-06 08:42:02,472 - root - DEBUG - 9.2.1-X
2022-01-06 08:42:02,472 - root - DEBUG - 9.2.2-Y
2022-01-06 08:42:02,472 - root - DEBUG - 9.2.3-ImageIndex
2022-01-06 08:42:02,472 - root - DEBUG - 9.2.4-ImagesCount
2022-01-06 08:42:02,472 - root - DEBUG - generatePreviews
2022-01-06 08:42:02,472 - root - DEBUG - Generating previews...
2022-01-06 08:42:02,472 - root - DEBUG - Generating states done...
2022-01-06 08:42:02,488 - root - DEBUG - >>>>>>>>>>>> 0 <watchFaceParser.models.parameter.Parameter object at 0x000001EFA6F14088>
2022-01-06 08:42:02,488 - root - DEBUG - >>>>>>>>>>>> 2 <watchFaceParser.models.parameter.Parameter object at 0x000001EFA6F02CC8>
2022-01-06 08:42:02,488 - root - DEBUG - >>>>>>>>>>>> 3 <watchFaceParser.models.parameter.Parameter object at 0x000001EFA6F0E988>
2022-01-06 08:42:02,488 - root - DEBUG - >>>>>>>>>>>> 4 <watchFaceParser.models.parameter.Parameter object at 0x000001EFA6F0ED88>
2022-01-06 08:42:02,503 - root - DEBUG - >>>>>>>>>>>> 5 <watchFaceParser.models.parameter.Parameter object at 0x000001EFA6F0E388>
2022-01-06 08:42:02,503 - root - DEBUG - >>>>>>>>>>>> 7 <watchFaceParser.models.parameter.Parameter object at 0x000001EFA6F11D08>
2022-01-06 08:42:02,503 - root - DEBUG - >>>>>>>>>>>> 9 <watchFaceParser.models.parameter.Parameter object at 0x000001EFA6F11F08>
2022-01-06 08:42:02,519 - root - DEBUG - Generating static preview gen done...
2022-01-06 08:42:02,566 - root - DEBUG - Generating static preview save done...
2022-01-06 08:42:02,566 - root - DEBUG - Generating anim preview gen done...
2022-01-06 08:42:02,566 - root - DEBUG - >>>>>>>>>>>> 0 <watchFaceParser.models.parameter.Parameter object at 0x000001EFA6F14088>
2022-01-06 08:42:02,566 - root - DEBUG - >>>>>>>>>>>> 2 <watchFaceParser.models.parameter.Parameter object at 0x000001EFA6F02CC8>
2022-01-06 08:42:02,566 - root - DEBUG - >>>>>>>>>>>> 3 <watchFaceParser.models.parameter.Parameter object at 0x000001EFA6F0E988>
2022-01-06 08:42:02,566 - root - DEBUG - >>>>>>>>>>>> 4 <watchFaceParser.models.parameter.Parameter object at 0x000001EFA6F0ED88>
2022-01-06 08:42:02,566 - root - DEBUG - >>>>>>>>>>>> 5 <watchFaceParser.models.parameter.Parameter object at 0x000001EFA6F0E388>
2022-01-06 08:42:02,566 - root - DEBUG - >>>>>>>>>>>> 7 <watchFaceParser.models.parameter.Parameter object at 0x000001EFA6F11D08>
2022-01-06 08:42:02,566 - root - DEBUG - >>>>>>>>>>>> 9 <watchFaceParser.models.parameter.Parameter object at 0x000001EFA6F11F08>
2022-01-06 08:42:02,659 - root - DEBUG - generatePreviews done
2022-01-06 08:42:02,659 - root - DEBUG - Exporting resources to 'E:\Codez\zepp-bipupro-wf\5a3c02db5d285cb03f453ebe1d41b46b'
2022-01-06 08:42:02,675 - root - DEBUG - extracting E:\Codez\zepp-bipupro-wf\5a3c02db5d285cb03f453ebe1d41b46b\0000.png...
2022-01-06 08:42:02,675 - root - DEBUG - extracting E:\Codez\zepp-bipupro-wf\5a3c02db5d285cb03f453ebe1d41b46b\0001.png...
2022-01-06 08:42:02,675 - root - DEBUG - extracting E:\Codez\zepp-bipupro-wf\5a3c02db5d285cb03f453ebe1d41b46b\0002.png...
2022-01-06 08:42:02,691 - root - DEBUG - extracting E:\Codez\zepp-bipupro-wf\5a3c02db5d285cb03f453ebe1d41b46b\0003.png...
2022-01-06 08:42:02,691 - root - DEBUG - extracting E:\Codez\zepp-bipupro-wf\5a3c02db5d285cb03f453ebe1d41b46b\0004.png...
2022-01-06 08:42:02,691 - root - DEBUG - extracting E:\Codez\zepp-bipupro-wf\5a3c02db5d285cb03f453ebe1d41b46b\0005.png...
2022-01-06 08:42:02,691 - root - DEBUG - extracting E:\Codez\zepp-bipupro-wf\5a3c02db5d285cb03f453ebe1d41b46b\0006.png...
2022-01-06 08:42:02,691 - root - DEBUG - extracting E:\Codez\zepp-bipupro-wf\5a3c02db5d285cb03f453ebe1d41b46b\0007.png...
2022-01-06 08:42:02,691 - root - DEBUG - extracting E:\Codez\zepp-bipupro-wf\5a3c02db5d285cb03f453ebe1d41b46b\0008.png...
2022-01-06 08:42:02,691 - root - DEBUG - extracting E:\Codez\zepp-bipupro-wf\5a3c02db5d285cb03f453ebe1d41b46b\0009.png...
2022-01-06 08:42:02,691 - root - DEBUG - extracting E:\Codez\zepp-bipupro-wf\5a3c02db5d285cb03f453ebe1d41b46b\0010.png...
2022-01-06 08:42:02,691 - root - DEBUG - extracting E:\Codez\zepp-bipupro-wf\5a3c02db5d285cb03f453ebe1d41b46b\0011.png...
2022-01-06 08:42:02,691 - root - DEBUG - extracting E:\Codez\zepp-bipupro-wf\5a3c02db5d285cb03f453ebe1d41b46b\0012.png...
2022-01-06 08:42:02,706 - root - DEBUG - extracting E:\Codez\zepp-bipupro-wf\5a3c02db5d285cb03f453ebe1d41b46b\0013.png...
2022-01-06 08:42:02,706 - root - DEBUG - extracting E:\Codez\zepp-bipupro-wf\5a3c02db5d285cb03f453ebe1d41b46b\0014.png...
2022-01-06 08:42:02,706 - root - DEBUG - extracting E:\Codez\zepp-bipupro-wf\5a3c02db5d285cb03f453ebe1d41b46b\0015.png...
2022-01-06 08:42:02,706 - root - DEBUG - extracting E:\Codez\zepp-bipupro-wf\5a3c02db5d285cb03f453ebe1d41b46b\0016.png...
2022-01-06 08:42:02,706 - root - DEBUG - extracting E:\Codez\zepp-bipupro-wf\5a3c02db5d285cb03f453ebe1d41b46b\0017.png...
2022-01-06 08:42:02,706 - root - DEBUG - extracting E:\Codez\zepp-bipupro-wf\5a3c02db5d285cb03f453ebe1d41b46b\0018.png...
2022-01-06 08:42:02,706 - root - DEBUG - extracting E:\Codez\zepp-bipupro-wf\5a3c02db5d285cb03f453ebe1d41b46b\0019.png...
2022-01-06 08:42:02,706 - root - DEBUG - extracting E:\Codez\zepp-bipupro-wf\5a3c02db5d285cb03f453ebe1d41b46b\0020.png...
2022-01-06 08:42:02,706 - root - DEBUG - extracting E:\Codez\zepp-bipupro-wf\5a3c02db5d285cb03f453ebe1d41b46b\0021.png...
2022-01-06 08:42:02,706 - root - DEBUG - extracting E:\Codez\zepp-bipupro-wf\5a3c02db5d285cb03f453ebe1d41b46b\0022.png...
2022-01-06 08:42:02,706 - root - DEBUG - extracting E:\Codez\zepp-bipupro-wf\5a3c02db5d285cb03f453ebe1d41b46b\0023.png...
2022-01-06 08:42:02,706 - root - DEBUG - extracting E:\Codez\zepp-bipupro-wf\5a3c02db5d285cb03f453ebe1d41b46b\0024.png...
2022-01-06 08:42:02,706 - root - DEBUG - extracting E:\Codez\zepp-bipupro-wf\5a3c02db5d285cb03f453ebe1d41b46b\0025.png...
2022-01-06 08:42:02,706 - root - DEBUG - extracting E:\Codez\zepp-bipupro-wf\5a3c02db5d285cb03f453ebe1d41b46b\0026.png...
2022-01-06 08:42:02,706 - root - DEBUG - extracting E:\Codez\zepp-bipupro-wf\5a3c02db5d285cb03f453ebe1d41b46b\0027.png...
2022-01-06 08:42:02,706 - root - DEBUG - extracting E:\Codez\zepp-bipupro-wf\5a3c02db5d285cb03f453ebe1d41b46b\0028.png...
2022-01-06 08:42:02,706 - root - DEBUG - extracting E:\Codez\zepp-bipupro-wf\5a3c02db5d285cb03f453ebe1d41b46b\0029.png...
2022-01-06 08:42:02,706 - root - DEBUG - extracting E:\Codez\zepp-bipupro-wf\5a3c02db5d285cb03f453ebe1d41b46b\0030.png...
2022-01-06 08:42:02,706 - root - DEBUG - extracting E:\Codez\zepp-bipupro-wf\5a3c02db5d285cb03f453ebe1d41b46b\0031.png...
2022-01-06 08:42:02,722 - root - DEBUG - extracting E:\Codez\zepp-bipupro-wf\5a3c02db5d285cb03f453ebe1d41b46b\0032.png...
2022-01-06 08:42:02,722 - root - DEBUG - extracting E:\Codez\zepp-bipupro-wf\5a3c02db5d285cb03f453ebe1d41b46b\0033.png...
2022-01-06 08:42:02,722 - root - DEBUG - extracting E:\Codez\zepp-bipupro-wf\5a3c02db5d285cb03f453ebe1d41b46b\0034.png...
2022-01-06 08:42:02,722 - root - DEBUG - extracting E:\Codez\zepp-bipupro-wf\5a3c02db5d285cb03f453ebe1d41b46b\0035.png...
2022-01-06 08:42:02,722 - root - DEBUG - extracting E:\Codez\zepp-bipupro-wf\5a3c02db5d285cb03f453ebe1d41b46b\0036.png...
2022-01-06 08:42:02,722 - root - DEBUG - extracting E:\Codez\zepp-bipupro-wf\5a3c02db5d285cb03f453ebe1d41b46b\0037.png...
2022-01-06 08:42:02,722 - root - DEBUG - extracting E:\Codez\zepp-bipupro-wf\5a3c02db5d285cb03f453ebe1d41b46b\0038.png...
2022-01-06 08:42:02,722 - root - DEBUG - extracting E:\Codez\zepp-bipupro-wf\5a3c02db5d285cb03f453ebe1d41b46b\0039.png...
2022-01-06 08:42:02,722 - root - DEBUG - extracting E:\Codez\zepp-bipupro-wf\5a3c02db5d285cb03f453ebe1d41b46b\0040.png...
2022-01-06 08:42:02,722 - root - DEBUG - extracting E:\Codez\zepp-bipupro-wf\5a3c02db5d285cb03f453ebe1d41b46b\0041.png...
2022-01-06 08:42:02,722 - root - DEBUG - extracting E:\Codez\zepp-bipupro-wf\5a3c02db5d285cb03f453ebe1d41b46b\0042.png...
2022-01-06 08:42:02,722 - root - DEBUG - extracting E:\Codez\zepp-bipupro-wf\5a3c02db5d285cb03f453ebe1d41b46b\0043.png...
2022-01-06 08:42:02,722 - root - DEBUG - extracting E:\Codez\zepp-bipupro-wf\5a3c02db5d285cb03f453ebe1d41b46b\0044.png...
2022-01-06 08:42:02,722 - root - DEBUG - extracting E:\Codez\zepp-bipupro-wf\5a3c02db5d285cb03f453ebe1d41b46b\0045.png...
2022-01-06 08:42:02,722 - root - DEBUG - extracting E:\Codez\zepp-bipupro-wf\5a3c02db5d285cb03f453ebe1d41b46b\0046.png...
2022-01-06 08:42:02,722 - root - DEBUG - extracting E:\Codez\zepp-bipupro-wf\5a3c02db5d285cb03f453ebe1d41b46b\0047.png...
2022-01-06 08:42:02,722 - root - DEBUG - extracting E:\Codez\zepp-bipupro-wf\5a3c02db5d285cb03f453ebe1d41b46b\0048.png...
2022-01-06 08:42:02,722 - root - DEBUG - extracting E:\Codez\zepp-bipupro-wf\5a3c02db5d285cb03f453ebe1d41b46b\0049.png...
2022-01-06 08:42:02,722 - root - DEBUG - extracting E:\Codez\zepp-bipupro-wf\5a3c02db5d285cb03f453ebe1d41b46b\0050.png...
2022-01-06 08:42:02,722 - root - DEBUG - extracting E:\Codez\zepp-bipupro-wf\5a3c02db5d285cb03f453ebe1d41b46b\0051.png...
2022-01-06 08:42:02,738 - root - DEBUG - extracting E:\Codez\zepp-bipupro-wf\5a3c02db5d285cb03f453ebe1d41b46b\0052.png...
2022-01-06 08:42:02,738 - root - DEBUG - extracting E:\Codez\zepp-bipupro-wf\5a3c02db5d285cb03f453ebe1d41b46b\0053.png...
2022-01-06 08:42:02,738 - root - DEBUG - extracting E:\Codez\zepp-bipupro-wf\5a3c02db5d285cb03f453ebe1d41b46b\0054.png...
2022-01-06 08:42:02,738 - root - DEBUG - extracting E:\Codez\zepp-bipupro-wf\5a3c02db5d285cb03f453ebe1d41b46b\0055.png...
2022-01-06 08:42:02,738 - root - DEBUG - extracting E:\Codez\zepp-bipupro-wf\5a3c02db5d285cb03f453ebe1d41b46b\0056.png...
2022-01-06 08:42:02,738 - root - DEBUG - extracting E:\Codez\zepp-bipupro-wf\5a3c02db5d285cb03f453ebe1d41b46b\0057.png...
2022-01-06 08:42:02,738 - root - DEBUG - extracting E:\Codez\zepp-bipupro-wf\5a3c02db5d285cb03f453ebe1d41b46b\0058.png...
2022-01-06 08:42:02,738 - root - DEBUG - extracting E:\Codez\zepp-bipupro-wf\5a3c02db5d285cb03f453ebe1d41b46b\0059.png...
2022-01-06 08:42:02,738 - root - DEBUG - extracting E:\Codez\zepp-bipupro-wf\5a3c02db5d285cb03f453ebe1d41b46b\0060.png...
2022-01-06 08:42:02,738 - root - DEBUG - extracting E:\Codez\zepp-bipupro-wf\5a3c02db5d285cb03f453ebe1d41b46b\0061.png...
2022-01-06 08:42:02,738 - root - DEBUG - extracting E:\Codez\zepp-bipupro-wf\5a3c02db5d285cb03f453ebe1d41b46b\0062.png...
2022-01-06 08:42:02,738 - root - DEBUG - extracting E:\Codez\zepp-bipupro-wf\5a3c02db5d285cb03f453ebe1d41b46b\0063.png...
2022-01-06 08:42:02,738 - root - DEBUG - extracting E:\Codez\zepp-bipupro-wf\5a3c02db5d285cb03f453ebe1d41b46b\0064.png...
2022-01-06 08:42:02,738 - root - DEBUG - extracting E:\Codez\zepp-bipupro-wf\5a3c02db5d285cb03f453ebe1d41b46b\0065.png...
2022-01-06 08:42:02,738 - root - DEBUG - extracting E:\Codez\zepp-bipupro-wf\5a3c02db5d285cb03f453ebe1d41b46b\0066.png...
2022-01-06 08:42:02,738 - root - DEBUG - extracting E:\Codez\zepp-bipupro-wf\5a3c02db5d285cb03f453ebe1d41b46b\0067.png...
2022-01-06 08:42:02,738 - root - DEBUG - extracting E:\Codez\zepp-bipupro-wf\5a3c02db5d285cb03f453ebe1d41b46b\0068.png...
2022-01-06 08:42:02,738 - root - DEBUG - extracting E:\Codez\zepp-bipupro-wf\5a3c02db5d285cb03f453ebe1d41b46b\0069.png...
2022-01-06 08:42:02,738 - root - DEBUG - extracting E:\Codez\zepp-bipupro-wf\5a3c02db5d285cb03f453ebe1d41b46b\0070.png...
2022-01-06 08:42:02,738 - root - DEBUG - extracting E:\Codez\zepp-bipupro-wf\5a3c02db5d285cb03f453ebe1d41b46b\0071.png...
2022-01-06 08:42:02,738 - root - DEBUG - extracting E:\Codez\zepp-bipupro-wf\5a3c02db5d285cb03f453ebe1d41b46b\0072.png...
2022-01-06 08:42:02,738 - root - DEBUG - extracting E:\Codez\zepp-bipupro-wf\5a3c02db5d285cb03f453ebe1d41b46b\0073.png...
2022-01-06 08:42:02,753 - root - DEBUG - extracting E:\Codez\zepp-bipupro-wf\5a3c02db5d285cb03f453ebe1d41b46b\0074.png...
2022-01-06 08:42:02,753 - root - DEBUG - extracting E:\Codez\zepp-bipupro-wf\5a3c02db5d285cb03f453ebe1d41b46b\0075.png...
2022-01-06 08:42:02,753 - root - DEBUG - extracting E:\Codez\zepp-bipupro-wf\5a3c02db5d285cb03f453ebe1d41b46b\0076.png...
2022-01-06 08:42:02,753 - root - DEBUG - extracting E:\Codez\zepp-bipupro-wf\5a3c02db5d285cb03f453ebe1d41b46b\0077.png...
2022-01-06 08:42:02,753 - root - DEBUG - extracting E:\Codez\zepp-bipupro-wf\5a3c02db5d285cb03f453ebe1d41b46b\0078.png...
2022-01-06 08:42:02,753 - root - DEBUG - extracting E:\Codez\zepp-bipupro-wf\5a3c02db5d285cb03f453ebe1d41b46b\0079.png...
2022-01-06 08:42:02,753 - root - DEBUG - extracting E:\Codez\zepp-bipupro-wf\5a3c02db5d285cb03f453ebe1d41b46b\0080.png...
2022-01-06 08:42:02,753 - root - DEBUG - extracting E:\Codez\zepp-bipupro-wf\5a3c02db5d285cb03f453ebe1d41b46b\0081.png...
2022-01-06 08:42:02,769 - root - DEBUG - extracting E:\Codez\zepp-bipupro-wf\5a3c02db5d285cb03f453ebe1d41b46b\0082.png...
2022-01-06 08:42:02,769 - root - DEBUG - extracting E:\Codez\zepp-bipupro-wf\5a3c02db5d285cb03f453ebe1d41b46b\0083.png...
2022-01-06 08:42:02,769 - root - DEBUG - extracting E:\Codez\zepp-bipupro-wf\5a3c02db5d285cb03f453ebe1d41b46b\0084.png...
2022-01-06 08:42:02,769 - root - DEBUG - extracting E:\Codez\zepp-bipupro-wf\5a3c02db5d285cb03f453ebe1d41b46b\0085.png...
2022-01-06 08:42:02,769 - root - DEBUG - extracting E:\Codez\zepp-bipupro-wf\5a3c02db5d285cb03f453ebe1d41b46b\0086.png...
2022-01-06 08:42:02,769 - root - DEBUG - extracting E:\Codez\zepp-bipupro-wf\5a3c02db5d285cb03f453ebe1d41b46b\0087.png...
2022-01-06 08:42:02,769 - root - DEBUG - extracting E:\Codez\zepp-bipupro-wf\5a3c02db5d285cb03f453ebe1d41b46b\0088.png...
2022-01-06 08:42:02,769 - root - DEBUG - extracting E:\Codez\zepp-bipupro-wf\5a3c02db5d285cb03f453ebe1d41b46b\0089.png...
2022-01-06 08:42:02,785 - root - DEBUG - extracting E:\Codez\zepp-bipupro-wf\5a3c02db5d285cb03f453ebe1d41b46b\0090.png...
2022-01-06 08:42:02,785 - root - DEBUG - extracting E:\Codez\zepp-bipupro-wf\5a3c02db5d285cb03f453ebe1d41b46b\0091.png...
2022-01-06 08:42:02,785 - root - DEBUG - extracting E:\Codez\zepp-bipupro-wf\5a3c02db5d285cb03f453ebe1d41b46b\0092.png...
2022-01-06 08:42:02,785 - root - DEBUG - extracting E:\Codez\zepp-bipupro-wf\5a3c02db5d285cb03f453ebe1d41b46b\0093.png...
2022-01-06 08:42:02,785 - root - DEBUG - extracting E:\Codez\zepp-bipupro-wf\5a3c02db5d285cb03f453ebe1d41b46b\0094.png...
2022-01-06 08:42:02,785 - root - DEBUG - extracting E:\Codez\zepp-bipupro-wf\5a3c02db5d285cb03f453ebe1d41b46b\0095.png...
2022-01-06 08:42:02,785 - root - DEBUG - Exporting config...
