2023-07-09 18:42:52,583 - root - DEBUG - Opening watch face 'E:\Codez\zepp-bipupro-wf\e7fb2653e13c8747e82ce500ec321d65.bin'
2023-07-09 18:42:52,594 - root - DEBUG - Reading parameters...
2023-07-09 18:42:52,594 - root - INFO - Reading header...
2023-07-09 18:42:52,594 - root - INFO - Header was read:
2023-07-09 18:42:52,594 - root - INFO - Signature: b'UIHH\x01\x00\xff', Unknown: 109, ParametersSize: 32, isValid: True, deviceId: 71
2023-07-09 18:42:52,594 - root - INFO - Reading parameter offsets...
2023-07-09 18:42:52,594 - root - INFO - Parameter offsets were read from file
2023-07-09 18:42:52,594 - root - INFO - Reading parameters descriptor...
2023-07-09 18:42:52,594 - root - INFO - 1 ( A): 5 bytes
2023-07-09 18:42:52,594 - root - INFO -     1 ( 8): 301 12D
2023-07-09 18:42:52,594 - root - INFO -     2 (10): 87 57
2023-07-09 18:42:52,594 - root - INFO - getParameters descriptor was read:
2023-07-09 18:42:52,594 - root - INFO - ParametersTableLength: 301, ImagesCount: 87
2023-07-09 18:42:52,594 - root - INFO - Reading parameters locations...
2023-07-09 18:42:52,594 - root - INFO - 2 (12): 4 bytes
2023-07-09 18:42:52,594 - root - INFO -     1 ( 8): 0  0
2023-07-09 18:42:52,602 - root - INFO -     2 (10): 32 20
2023-07-09 18:42:52,602 - root - INFO - 3 (1A): 4 bytes
2023-07-09 18:42:52,602 - root - INFO -     1 ( 8): 32 20
2023-07-09 18:42:52,602 - root - INFO -     2 (10): 84 54
2023-07-09 18:42:52,602 - root - INFO - 4 (22): 5 bytes
2023-07-09 18:42:52,602 - root - INFO -     1 ( 8): 225 E1
2023-07-09 18:42:52,602 - root - INFO -     2 (10): 76 4C
2023-07-09 18:42:52,602 - root - INFO - 5 (2A): 4 bytes
2023-07-09 18:42:52,602 - root - INFO -     1 ( 8): 116 74
2023-07-09 18:42:52,602 - root - INFO -     2 (10): 109 6D
2023-07-09 18:42:52,602 - root - INFO - Watch face parameters locations were read:
2023-07-09 18:42:52,602 - root - INFO - Reading descriptor for parameter 2
2023-07-09 18:42:52,602 - root - INFO - Descriptor offset: 0, Descriptor length: 32
2023-07-09 18:42:52,602 - root - INFO - Parsing descriptor for parameter 2...
2023-07-09 18:42:52,602 - root - INFO - 1 ( A): 6 bytes
2023-07-09 18:42:52,602 - root - INFO -     1 ( 8): 0  0
2023-07-09 18:42:52,602 - root - INFO -     2 (10): 0  0
2023-07-09 18:42:52,602 - root - INFO -     3 (18): 2  2
2023-07-09 18:42:52,602 - root - INFO - 3 (1A): 6 bytes
2023-07-09 18:42:52,602 - root - INFO -     1 ( 8): 0  0
2023-07-09 18:42:52,602 - root - INFO -     2 (10): 0  0
2023-07-09 18:42:52,602 - root - INFO -     3 (18): 1  1
2023-07-09 18:42:52,602 - root - INFO - 4 (22): 6 bytes
2023-07-09 18:42:52,602 - root - INFO -     1 ( 8): 0  0
2023-07-09 18:42:52,602 - root - INFO -     2 (10): 0  0
2023-07-09 18:42:52,602 - root - INFO -     3 (18): 0  0
2023-07-09 18:42:52,602 - root - INFO - 5 (2A): 6 bytes
2023-07-09 18:42:52,602 - root - INFO -     1 ( 8): 0  0
2023-07-09 18:42:52,602 - root - INFO -     2 (10): 0  0
2023-07-09 18:42:52,602 - root - INFO -     3 (18): 0  0
2023-07-09 18:42:52,602 - root - INFO - Reading descriptor for parameter 3
2023-07-09 18:42:52,602 - root - INFO - Descriptor offset: 32, Descriptor length: 84
2023-07-09 18:42:52,602 - root - INFO - Parsing descriptor for parameter 3...
2023-07-09 18:42:52,602 - root - INFO - 1 ( A): 82 bytes
2023-07-09 18:42:52,602 - root - INFO -     1 ( A): 21 bytes
2023-07-09 18:42:52,602 - root - INFO -         1 ( A): 8 bytes
2023-07-09 18:42:52,602 - root - INFO -             1 ( 8): 87 57
2023-07-09 18:42:52,602 - root - INFO -             2 (10): 39 27
2023-07-09 18:42:52,602 - root - INFO -             3 (18): 3  3
2023-07-09 18:42:52,602 - root - INFO -             4 (20): 10  A
2023-07-09 18:42:52,602 - root - INFO -         2 (12): 9 bytes
2023-07-09 18:42:52,602 - root - INFO -             1 ( 8): 133 85
2023-07-09 18:42:52,602 - root - INFO -             2 (10): 39 27
2023-07-09 18:42:52,602 - root - INFO -             3 (18): 3  3
2023-07-09 18:42:52,602 - root - INFO -             4 (20): 10  A
2023-07-09 18:42:52,602 - root - INFO -     2 (12): 22 bytes
2023-07-09 18:42:52,610 - root - INFO -         1 ( A): 9 bytes
2023-07-09 18:42:52,610 - root - INFO -             1 ( 8): 205 CD
2023-07-09 18:42:52,610 - root - INFO -             2 (10): 39 27
2023-07-09 18:42:52,610 - root - INFO -             3 (18): 3  3
2023-07-09 18:42:52,610 - root - INFO -             4 (20): 10  A
2023-07-09 18:42:52,610 - root - INFO -         2 (12): 9 bytes
2023-07-09 18:42:52,610 - root - INFO -             1 ( 8): 251 FB
2023-07-09 18:42:52,610 - root - INFO -             2 (10): 39 27
2023-07-09 18:42:52,610 - root - INFO -             3 (18): 3  3
2023-07-09 18:42:52,610 - root - INFO -             4 (20): 10  A
2023-07-09 18:42:52,610 - root - INFO -     3 (1A): 20 bytes
2023-07-09 18:42:52,610 - root - INFO -         1 ( A): 8 bytes
2023-07-09 18:42:52,610 - root - INFO -             1 ( 8): 91 5B
2023-07-09 18:42:52,610 - root - INFO -             2 (10): 7  7
2023-07-09 18:42:52,610 - root - INFO -             3 (18): 13  D
2023-07-09 18:42:52,610 - root - INFO -             4 (20): 10  A
2023-07-09 18:42:52,610 - root - INFO -         2 (12): 8 bytes
2023-07-09 18:42:52,612 - root - INFO -             1 ( 8): 110 6E
2023-07-09 18:42:52,612 - root - INFO -             2 (10): 7  7
2023-07-09 18:42:52,612 - root - INFO -             3 (18): 13  D
2023-07-09 18:42:52,612 - root - INFO -             4 (20): 10  A
2023-07-09 18:42:52,612 - root - INFO -     5 (2A): 7 bytes
2023-07-09 18:42:52,612 - root - INFO -         1 ( 8): 179 B3
2023-07-09 18:42:52,612 - root - INFO -         2 (10): 39 27
2023-07-09 18:42:52,612 - root - INFO -         3 (18): 23 17
2023-07-09 18:42:52,612 - root - INFO -     7 (38): 0  0
2023-07-09 18:42:52,612 - root - INFO -     8 (40): 1  1
2023-07-09 18:42:52,612 - root - INFO - Reading descriptor for parameter 4
2023-07-09 18:42:52,612 - root - INFO - Descriptor offset: 225, Descriptor length: 76
2023-07-09 18:42:52,612 - root - INFO - Parsing descriptor for parameter 4...
2023-07-09 18:42:52,612 - root - INFO - 1 ( A): 24 bytes
2023-07-09 18:42:52,612 - root - INFO -     1 ( A): 22 bytes
2023-07-09 18:42:52,612 - root - INFO -         1 ( 8): 128 80
2023-07-09 18:42:52,612 - root - INFO -         2 (10): 251 FB
2023-07-09 18:42:52,612 - root - INFO -         3 (18): 222 DE
2023-07-09 18:42:52,612 - root - INFO -         4 (20): 279 117
2023-07-09 18:42:52,612 - root - INFO -         5 (28): 20 14
2023-07-09 18:42:52,612 - root - INFO -         6 (30): 1  1
2023-07-09 18:42:52,612 - root - INFO -         7 (38): 0  0
2023-07-09 18:42:52,612 - root - INFO -         8 (40): 13  D
2023-07-09 18:42:52,612 - root - INFO -         9 (48): 10  A
2023-07-09 18:42:52,612 - root - INFO - 4 (22): 24 bytes
2023-07-09 18:42:52,612 - root - INFO -     1 ( A): 20 bytes
2023-07-09 18:42:52,612 - root - INFO -         1 ( 8): 16 10
2023-07-09 18:42:52,612 - root - INFO -         2 (10): 128 80
2023-07-09 18:42:52,612 - root - INFO -         3 (18): 72 48
2023-07-09 18:42:52,612 - root - INFO -         4 (20): 156 9C
2023-07-09 18:42:52,612 - root - INFO -         5 (28): 20 14
2023-07-09 18:42:52,612 - root - INFO -         6 (30): 1  1
2023-07-09 18:42:52,612 - root - INFO -         7 (38): 0  0
2023-07-09 18:42:52,612 - root - INFO -         8 (40): 13  D
2023-07-09 18:42:52,612 - root - INFO -         9 (48): 10  A
2023-07-09 18:42:52,612 - root - INFO -     3 (18): 76 4C
2023-07-09 18:42:52,612 - root - INFO - 6 (32): 20 bytes
2023-07-09 18:42:52,612 - root - INFO -     1 ( A): 18 bytes
2023-07-09 18:42:52,612 - root - INFO -         1 ( 8): 16 10
2023-07-09 18:42:52,612 - root - INFO -         2 (10): 39 27
2023-07-09 18:42:52,612 - root - INFO -         3 (18): 72 48
2023-07-09 18:42:52,612 - root - INFO -         4 (20): 67 43
2023-07-09 18:42:52,612 - root - INFO -         5 (28): 20 14
2023-07-09 18:42:52,612 - root - INFO -         6 (30): 1  1
2023-07-09 18:42:52,612 - root - INFO -         7 (38): 0  0
2023-07-09 18:42:52,612 - root - INFO -         8 (40): 77 4D
2023-07-09 18:42:52,612 - root - INFO -         9 (48): 10  A
2023-07-09 18:42:52,612 - root - INFO - 7 (38): 0  0
2023-07-09 18:42:52,612 - root - INFO - Reading descriptor for parameter 5
2023-07-09 18:42:52,612 - root - INFO - Descriptor offset: 116, Descriptor length: 109
2023-07-09 18:42:52,612 - root - INFO - Parsing descriptor for parameter 5...
2023-07-09 18:42:52,612 - root - INFO - 1 ( A): 56 bytes
2023-07-09 18:42:52,612 - root - INFO -     9 (4A): 48 bytes
2023-07-09 18:42:52,612 - root - INFO -         3 (1A): 20 bytes
2023-07-09 18:42:52,612 - root - INFO -             1 ( 8): 34 22
2023-07-09 18:42:52,612 - root - INFO -             2 (10): 195 C3
2023-07-09 18:42:52,612 - root - INFO -             3 (18): 71 47
2023-07-09 18:42:52,612 - root - INFO -             4 (20): 223 DF
2023-07-09 18:42:52,612 - root - INFO -             5 (28): 18 12
2023-07-09 18:42:52,612 - root - INFO -             6 (30): 1  1
2023-07-09 18:42:52,612 - root - INFO -             7 (38): 0  0
2023-07-09 18:42:52,612 - root - INFO -             8 (40): 24 18
2023-07-09 18:42:52,612 - root - INFO -             9 (48): 10  A
2023-07-09 18:42:52,612 - root - INFO -         4 (20): 0  0
2023-07-09 18:42:52,612 - root - INFO -         5 (28): 0  0
2023-07-09 18:42:52,622 - root - INFO -         6 (32): 9 bytes
2023-07-09 18:42:52,622 - root - INFO -             1 ( 8): 7  7
2023-07-09 18:42:52,622 - root - INFO -             2 (10): 165 A5
2023-07-09 18:42:52,622 - root - INFO -             3 (18): 34 22
2023-07-09 18:42:52,622 - root - INFO -             4 (20): 12  C
2023-07-09 18:42:52,622 - root - INFO -         7 (3A): 9 bytes
2023-07-09 18:42:52,622 - root - INFO -             1 ( 8): 7  7
2023-07-09 18:42:52,622 - root - INFO -             2 (10): 165 A5
2023-07-09 18:42:52,622 - root - INFO -             3 (18): 46 2E
2023-07-09 18:42:52,622 - root - INFO -             4 (20): 12  C
2023-07-09 18:42:52,622 - root - INFO -     4 (20): 1  1
2023-07-09 18:42:52,622 - root - INFO -     5 (28): 1  1
2023-07-09 18:42:52,622 - root - INFO -     6 (30): 0  0
2023-07-09 18:42:52,622 - root - INFO - 2 (12): 13 bytes
2023-07-09 18:42:52,622 - root - INFO -     1 ( 8): 159 9F
2023-07-09 18:42:52,622 - root - INFO -     2 (10): 5  5
2023-07-09 18:42:52,622 - root - INFO -     3 (18): 72 48
2023-07-09 18:42:52,622 - root - INFO -     4 (20): 73 49
2023-07-09 18:42:52,622 - root - INFO -     5 (28): 74 4A
2023-07-09 18:42:52,622 - root - INFO -     6 (30): 75 4B
2023-07-09 18:42:52,622 - root - INFO - 4 (22): 10 bytes
2023-07-09 18:42:52,622 - root - INFO -     1 ( 8): 207 CF
2023-07-09 18:42:52,625 - root - INFO -     2 (10): 190 BE
2023-07-09 18:42:52,625 - root - INFO -     3 (18): 58 3A
2023-07-09 18:42:52,625 - root - INFO -     4 (20): 7  7
2023-07-09 18:42:52,625 - root - INFO - 5 (2A): 10 bytes
2023-07-09 18:42:52,625 - root - INFO -     1 ( 8): 207 CF
2023-07-09 18:42:52,625 - root - INFO -     2 (10): 190 BE
2023-07-09 18:42:52,625 - root - INFO -     3 (18): 65 41
2023-07-09 18:42:52,625 - root - INFO -     4 (20): 7  7
2023-07-09 18:42:52,625 - root - INFO - 6 (32): 10 bytes
2023-07-09 18:42:52,625 - root - INFO -     1 ( 8): 207 CF
2023-07-09 18:42:52,625 - root - INFO -     2 (10): 190 BE
2023-07-09 18:42:52,625 - root - INFO -     3 (18): 65 41
2023-07-09 18:42:52,625 - root - INFO -     4 (20): 7  7
2023-07-09 18:42:52,632 - root - INFO - Reading resources offsets table with 87 elements (348 bytes)
2023-07-09 18:42:52,632 - root - INFO - Resource 0 offset: 768, length: 86556...
2023-07-09 18:42:52,632 - root - DEBUG - Reading resource 0...
2023-07-09 18:42:52,689 - root - INFO - The image is bme.
2023-07-09 18:42:52,689 - root - INFO - Reading image header(readHeader16E)...
2023-07-09 18:42:52,689 - root - INFO - Image header was read:
2023-07-09 18:42:52,689 - root - INFO - Width: 202, Height: 214, RowLength: 404
2023-07-09 18:42:52,689 - root - INFO - datalength: 86540, _step: 2
2023-07-09 18:42:52,689 - root - INFO - BPP: 16, Transparency: False
2023-07-09 18:42:52,982 - root - INFO - Resource 1 offset: 87324, length: 86556...
2023-07-09 18:42:52,982 - root - DEBUG - Reading resource 1...
2023-07-09 18:42:52,982 - root - INFO - The image is bme.
2023-07-09 18:42:52,982 - root - INFO - Reading image header(readHeader16E)...
2023-07-09 18:42:52,982 - root - INFO - Image header was read:
2023-07-09 18:42:52,982 - root - INFO - Width: 202, Height: 214, RowLength: 404
2023-07-09 18:42:52,982 - root - INFO - datalength: 86540, _step: 2
2023-07-09 18:42:52,982 - root - INFO - BPP: 16, Transparency: False
2023-07-09 18:42:53,272 - root - INFO - Resource 2 offset: 173880, length: 192288...
2023-07-09 18:42:53,272 - root - DEBUG - Reading resource 2...
2023-07-09 18:42:53,272 - root - INFO - The image is bme.
2023-07-09 18:42:53,272 - root - INFO - Reading image header(readHeader16E)...
2023-07-09 18:42:53,272 - root - INFO - Image header was read:
2023-07-09 18:42:53,272 - root - INFO - Width: 302, Height: 320, RowLength: 604
2023-07-09 18:42:53,272 - root - INFO - datalength: 192272, _step: 2
2023-07-09 18:42:53,272 - root - INFO - BPP: 16, Transparency: False
2023-07-09 18:42:54,308 - root - INFO - Resource 3 offset: 366168, length: 3306...
2023-07-09 18:42:54,309 - root - DEBUG - Reading resource 3...
2023-07-09 18:42:54,309 - root - INFO - The image is bme.
2023-07-09 18:42:54,309 - root - INFO - Reading image header(readHeader16E)...
2023-07-09 18:42:54,309 - root - INFO - Image header was read:
2023-07-09 18:42:54,309 - root - INFO - Width: 46, Height: 59, RowLength: 92
2023-07-09 18:42:54,310 - root - INFO - datalength: 3290, _step: 2
2023-07-09 18:42:54,310 - root - INFO - BPP: 16, Transparency: False
2023-07-09 18:42:54,337 - root - INFO - Resource 4 offset: 369474, length: 1980...
2023-07-09 18:42:54,337 - root - DEBUG - Reading resource 4...
2023-07-09 18:42:54,337 - root - INFO - The image is bme.
2023-07-09 18:42:54,338 - root - INFO - Reading image header(readHeader16E)...
2023-07-09 18:42:54,338 - root - INFO - Image header was read:
2023-07-09 18:42:54,338 - root - INFO - Width: 46, Height: 59, RowLength: 92
2023-07-09 18:42:54,338 - root - INFO - datalength: 1964, _step: 2
2023-07-09 18:42:54,339 - root - INFO - BPP: 16, Transparency: False
2023-07-09 18:42:54,346 - root - INFO - Resource 5 offset: 371454, length: 3442...
2023-07-09 18:42:54,346 - root - DEBUG - Reading resource 5...
2023-07-09 18:42:54,346 - root - INFO - The image is bme.
2023-07-09 18:42:54,346 - root - INFO - Reading image header(readHeader16E)...
2023-07-09 18:42:54,347 - root - INFO - Image header was read:
2023-07-09 18:42:54,347 - root - INFO - Width: 50, Height: 59, RowLength: 100
2023-07-09 18:42:54,347 - root - INFO - datalength: 3426, _step: 2
2023-07-09 18:42:54,347 - root - INFO - BPP: 16, Transparency: False
2023-07-09 18:42:54,360 - root - INFO - Resource 6 offset: 374896, length: 3424...
2023-07-09 18:42:54,361 - root - DEBUG - Reading resource 6...
2023-07-09 18:42:54,361 - root - INFO - The image is bme.
2023-07-09 18:42:54,361 - root - INFO - Reading image header(readHeader16E)...
2023-07-09 18:42:54,361 - root - INFO - Image header was read:
2023-07-09 18:42:54,361 - root - INFO - Width: 50, Height: 59, RowLength: 100
2023-07-09 18:42:54,361 - root - INFO - datalength: 3408, _step: 2
2023-07-09 18:42:54,361 - root - INFO - BPP: 16, Transparency: False
2023-07-09 18:42:54,373 - root - INFO - Resource 7 offset: 378320, length: 3128...
2023-07-09 18:42:54,373 - root - DEBUG - Reading resource 7...
2023-07-09 18:42:54,374 - root - INFO - The image is bme.
2023-07-09 18:42:54,374 - root - INFO - Reading image header(readHeader16E)...
2023-07-09 18:42:54,374 - root - INFO - Image header was read:
2023-07-09 18:42:54,374 - root - INFO - Width: 50, Height: 59, RowLength: 100
2023-07-09 18:42:54,374 - root - INFO - datalength: 3112, _step: 2
2023-07-09 18:42:54,374 - root - INFO - BPP: 16, Transparency: False
2023-07-09 18:42:54,384 - root - INFO - Resource 8 offset: 381448, length: 3540...
2023-07-09 18:42:54,384 - root - DEBUG - Reading resource 8...
2023-07-09 18:42:54,384 - root - INFO - The image is bme.
2023-07-09 18:42:54,384 - root - INFO - Reading image header(readHeader16E)...
2023-07-09 18:42:54,384 - root - INFO - Image header was read:
2023-07-09 18:42:54,385 - root - INFO - Width: 50, Height: 59, RowLength: 100
2023-07-09 18:42:54,385 - root - INFO - datalength: 3524, _step: 2
2023-07-09 18:42:54,385 - root - INFO - BPP: 16, Transparency: False
2023-07-09 18:42:54,397 - root - INFO - Resource 9 offset: 384988, length: 3712...
2023-07-09 18:42:54,397 - root - DEBUG - Reading resource 9...
2023-07-09 18:42:54,397 - root - INFO - The image is bme.
2023-07-09 18:42:54,397 - root - INFO - Reading image header(readHeader16E)...
2023-07-09 18:42:54,397 - root - INFO - Image header was read:
2023-07-09 18:42:54,397 - root - INFO - Width: 50, Height: 59, RowLength: 100
2023-07-09 18:42:54,398 - root - INFO - datalength: 3696, _step: 2
2023-07-09 18:42:54,398 - root - INFO - BPP: 16, Transparency: False
2023-07-09 18:42:54,412 - root - INFO - Resource 10 offset: 388700, length: 2440...
2023-07-09 18:42:54,412 - root - DEBUG - Reading resource 10...
2023-07-09 18:42:54,412 - root - INFO - The image is bme.
2023-07-09 18:42:54,412 - root - INFO - Reading image header(readHeader16E)...
2023-07-09 18:42:54,412 - root - INFO - Image header was read:
2023-07-09 18:42:54,412 - root - INFO - Width: 50, Height: 59, RowLength: 100
2023-07-09 18:42:54,412 - root - INFO - datalength: 2424, _step: 2
2023-07-09 18:42:54,413 - root - INFO - BPP: 16, Transparency: False
2023-07-09 18:42:54,420 - root - INFO - Resource 11 offset: 391140, length: 3828...
2023-07-09 18:42:54,420 - root - DEBUG - Reading resource 11...
2023-07-09 18:42:54,421 - root - INFO - The image is bme.
2023-07-09 18:42:54,421 - root - INFO - Reading image header(readHeader16E)...
2023-07-09 18:42:54,421 - root - INFO - Image header was read:
2023-07-09 18:42:54,421 - root - INFO - Width: 50, Height: 59, RowLength: 100
2023-07-09 18:42:54,421 - root - INFO - datalength: 3812, _step: 2
2023-07-09 18:42:54,421 - root - INFO - BPP: 16, Transparency: False
2023-07-09 18:42:54,435 - root - INFO - Resource 12 offset: 394968, length: 3492...
2023-07-09 18:42:54,435 - root - DEBUG - Reading resource 12...
2023-07-09 18:42:54,436 - root - INFO - The image is bme.
2023-07-09 18:42:54,436 - root - INFO - Reading image header(readHeader16E)...
2023-07-09 18:42:54,436 - root - INFO - Image header was read:
2023-07-09 18:42:54,436 - root - INFO - Width: 46, Height: 59, RowLength: 92
2023-07-09 18:42:54,436 - root - INFO - datalength: 3476, _step: 2
2023-07-09 18:42:54,436 - root - INFO - BPP: 16, Transparency: False
2023-07-09 18:42:54,447 - root - INFO - Resource 13 offset: 398460, length: 1528...
2023-07-09 18:42:54,447 - root - DEBUG - Reading resource 13...
2023-07-09 18:42:54,447 - root - INFO - The image is bmc.
2023-07-09 18:42:54,448 - root - INFO - Reading image header(readHeader16C)...
2023-07-09 18:42:54,448 - root - INFO - Image header was read:
2023-07-09 18:42:54,448 - root - INFO - Width: 18, Height: 28, RowLength: 54
2023-07-09 18:42:54,448 - root - INFO - _step: 3, unknown2: 0,
2023-07-09 18:42:54,448 - root - INFO - BPP: 24, Transparency: False
2023-07-09 18:42:54,451 - root - INFO - Resource 14 offset: 399988, length: 1528...
2023-07-09 18:42:54,451 - root - DEBUG - Reading resource 14...
2023-07-09 18:42:54,451 - root - INFO - The image is bmc.
2023-07-09 18:42:54,451 - root - INFO - Reading image header(readHeader16C)...
2023-07-09 18:42:54,451 - root - INFO - Image header was read:
2023-07-09 18:42:54,451 - root - INFO - Width: 18, Height: 28, RowLength: 54
2023-07-09 18:42:54,452 - root - INFO - _step: 3, unknown2: 0,
2023-07-09 18:42:54,452 - root - INFO - BPP: 24, Transparency: False
2023-07-09 18:42:54,455 - root - INFO - Resource 15 offset: 401516, length: 1528...
2023-07-09 18:42:54,455 - root - DEBUG - Reading resource 15...
2023-07-09 18:42:54,455 - root - INFO - The image is bmc.
2023-07-09 18:42:54,456 - root - INFO - Reading image header(readHeader16C)...
2023-07-09 18:42:54,456 - root - INFO - Image header was read:
2023-07-09 18:42:54,456 - root - INFO - Width: 18, Height: 28, RowLength: 54
2023-07-09 18:42:54,456 - root - INFO - _step: 3, unknown2: 0,
2023-07-09 18:42:54,456 - root - INFO - BPP: 24, Transparency: False
2023-07-09 18:42:54,460 - root - INFO - Resource 16 offset: 403044, length: 1528...
2023-07-09 18:42:54,460 - root - DEBUG - Reading resource 16...
2023-07-09 18:42:54,460 - root - INFO - The image is bmc.
2023-07-09 18:42:54,460 - root - INFO - Reading image header(readHeader16C)...
2023-07-09 18:42:54,460 - root - INFO - Image header was read:
2023-07-09 18:42:54,460 - root - INFO - Width: 18, Height: 28, RowLength: 54
2023-07-09 18:42:54,461 - root - INFO - _step: 3, unknown2: 0,
2023-07-09 18:42:54,461 - root - INFO - BPP: 24, Transparency: False
2023-07-09 18:42:54,464 - root - INFO - Resource 17 offset: 404572, length: 1528...
2023-07-09 18:42:54,465 - root - DEBUG - Reading resource 17...
2023-07-09 18:42:54,465 - root - INFO - The image is bmc.
2023-07-09 18:42:54,465 - root - INFO - Reading image header(readHeader16C)...
2023-07-09 18:42:54,465 - root - INFO - Image header was read:
2023-07-09 18:42:54,465 - root - INFO - Width: 18, Height: 28, RowLength: 54
2023-07-09 18:42:54,465 - root - INFO - _step: 3, unknown2: 0,
2023-07-09 18:42:54,465 - root - INFO - BPP: 24, Transparency: False
2023-07-09 18:42:54,469 - root - INFO - Resource 18 offset: 406100, length: 1528...
2023-07-09 18:42:54,469 - root - DEBUG - Reading resource 18...
2023-07-09 18:42:54,469 - root - INFO - The image is bmc.
2023-07-09 18:42:54,469 - root - INFO - Reading image header(readHeader16C)...
2023-07-09 18:42:54,469 - root - INFO - Image header was read:
2023-07-09 18:42:54,469 - root - INFO - Width: 18, Height: 28, RowLength: 54
2023-07-09 18:42:54,470 - root - INFO - _step: 3, unknown2: 0,
2023-07-09 18:42:54,470 - root - INFO - BPP: 24, Transparency: False
2023-07-09 18:42:54,472 - root - INFO - Resource 19 offset: 407628, length: 1528...
2023-07-09 18:42:54,473 - root - DEBUG - Reading resource 19...
2023-07-09 18:42:54,473 - root - INFO - The image is bmc.
2023-07-09 18:42:54,473 - root - INFO - Reading image header(readHeader16C)...
2023-07-09 18:42:54,473 - root - INFO - Image header was read:
2023-07-09 18:42:54,473 - root - INFO - Width: 18, Height: 28, RowLength: 54
2023-07-09 18:42:54,473 - root - INFO - _step: 3, unknown2: 0,
2023-07-09 18:42:54,473 - root - INFO - BPP: 24, Transparency: False
2023-07-09 18:42:54,477 - root - INFO - Resource 20 offset: 409156, length: 1528...
2023-07-09 18:42:54,478 - root - DEBUG - Reading resource 20...
2023-07-09 18:42:54,478 - root - INFO - The image is bmc.
2023-07-09 18:42:54,478 - root - INFO - Reading image header(readHeader16C)...
2023-07-09 18:42:54,478 - root - INFO - Image header was read:
2023-07-09 18:42:54,478 - root - INFO - Width: 18, Height: 28, RowLength: 54
2023-07-09 18:42:54,478 - root - INFO - _step: 3, unknown2: 0,
2023-07-09 18:42:54,478 - root - INFO - BPP: 24, Transparency: False
2023-07-09 18:42:54,482 - root - INFO - Resource 21 offset: 410684, length: 1528...
2023-07-09 18:42:54,482 - root - DEBUG - Reading resource 21...
2023-07-09 18:42:54,482 - root - INFO - The image is bmc.
2023-07-09 18:42:54,482 - root - INFO - Reading image header(readHeader16C)...
2023-07-09 18:42:54,482 - root - INFO - Image header was read:
2023-07-09 18:42:54,482 - root - INFO - Width: 18, Height: 28, RowLength: 54
2023-07-09 18:42:54,483 - root - INFO - _step: 3, unknown2: 0,
2023-07-09 18:42:54,483 - root - INFO - BPP: 24, Transparency: False
2023-07-09 18:42:54,486 - root - INFO - Resource 22 offset: 412212, length: 1528...
2023-07-09 18:42:54,486 - root - DEBUG - Reading resource 22...
2023-07-09 18:42:54,486 - root - INFO - The image is bmc.
2023-07-09 18:42:54,486 - root - INFO - Reading image header(readHeader16C)...
2023-07-09 18:42:54,486 - root - INFO - Image header was read:
2023-07-09 18:42:54,486 - root - INFO - Width: 18, Height: 28, RowLength: 54
2023-07-09 18:42:54,486 - root - INFO - _step: 3, unknown2: 0,
2023-07-09 18:42:54,486 - root - INFO - BPP: 24, Transparency: False
2023-07-09 18:42:54,490 - root - INFO - Resource 23 offset: 413740, length: 968...
2023-07-09 18:42:54,490 - root - DEBUG - Reading resource 23...
2023-07-09 18:42:54,490 - root - INFO - The image is bme.
2023-07-09 18:42:54,490 - root - INFO - Reading image header(readHeader16E)...
2023-07-09 18:42:54,490 - root - INFO - Image header was read:
2023-07-09 18:42:54,490 - root - INFO - Width: 26, Height: 59, RowLength: 52
2023-07-09 18:42:54,490 - root - INFO - datalength: 952, _step: 2
2023-07-09 18:42:54,491 - root - INFO - BPP: 16, Transparency: False
2023-07-09 18:42:54,494 - root - INFO - Resource 24 offset: 414708, length: 658...
2023-07-09 18:42:54,494 - root - DEBUG - Reading resource 24...
2023-07-09 18:42:54,494 - root - INFO - The image is bme.
2023-07-09 18:42:54,494 - root - INFO - Reading image header(readHeader16E)...
2023-07-09 18:42:54,494 - root - INFO - Image header was read:
2023-07-09 18:42:54,494 - root - INFO - Width: 18, Height: 28, RowLength: 36
2023-07-09 18:42:54,495 - root - INFO - datalength: 642, _step: 2
2023-07-09 18:42:54,495 - root - INFO - BPP: 16, Transparency: False
2023-07-09 18:42:54,496 - root - INFO - Resource 25 offset: 415366, length: 408...
2023-07-09 18:42:54,496 - root - DEBUG - Reading resource 25...
2023-07-09 18:42:54,497 - root - INFO - The image is bme.
2023-07-09 18:42:54,497 - root - INFO - Reading image header(readHeader16E)...
2023-07-09 18:42:54,497 - root - INFO - Image header was read:
2023-07-09 18:42:54,497 - root - INFO - Width: 18, Height: 28, RowLength: 36
2023-07-09 18:42:54,497 - root - INFO - datalength: 392, _step: 2
2023-07-09 18:42:54,497 - root - INFO - BPP: 16, Transparency: False
2023-07-09 18:42:54,498 - root - INFO - Resource 26 offset: 415774, length: 646...
2023-07-09 18:42:54,499 - root - DEBUG - Reading resource 26...
2023-07-09 18:42:54,499 - root - INFO - The image is bme.
2023-07-09 18:42:54,499 - root - INFO - Reading image header(readHeader16E)...
2023-07-09 18:42:54,499 - root - INFO - Image header was read:
2023-07-09 18:42:54,499 - root - INFO - Width: 18, Height: 28, RowLength: 36
2023-07-09 18:42:54,499 - root - INFO - datalength: 630, _step: 2
2023-07-09 18:42:54,499 - root - INFO - BPP: 16, Transparency: False
2023-07-09 18:42:54,501 - root - INFO - Resource 27 offset: 416420, length: 646...
2023-07-09 18:42:54,501 - root - DEBUG - Reading resource 27...
2023-07-09 18:42:54,501 - root - INFO - The image is bme.
2023-07-09 18:42:54,501 - root - INFO - Reading image header(readHeader16E)...
2023-07-09 18:42:54,501 - root - INFO - Image header was read:
2023-07-09 18:42:54,501 - root - INFO - Width: 18, Height: 28, RowLength: 36
2023-07-09 18:42:54,501 - root - INFO - datalength: 630, _step: 2
2023-07-09 18:42:54,501 - root - INFO - BPP: 16, Transparency: False
2023-07-09 18:42:54,504 - root - INFO - Resource 28 offset: 417066, length: 580...
2023-07-09 18:42:54,504 - root - DEBUG - Reading resource 28...
2023-07-09 18:42:54,504 - root - INFO - The image is bme.
2023-07-09 18:42:54,505 - root - INFO - Reading image header(readHeader16E)...
2023-07-09 18:42:54,505 - root - INFO - Image header was read:
2023-07-09 18:42:54,505 - root - INFO - Width: 18, Height: 28, RowLength: 36
2023-07-09 18:42:54,505 - root - INFO - datalength: 564, _step: 2
2023-07-09 18:42:54,505 - root - INFO - BPP: 16, Transparency: False
2023-07-09 18:42:54,507 - root - INFO - Resource 29 offset: 417646, length: 658...
2023-07-09 18:42:54,507 - root - DEBUG - Reading resource 29...
2023-07-09 18:42:54,507 - root - INFO - The image is bme.
2023-07-09 18:42:54,507 - root - INFO - Reading image header(readHeader16E)...
2023-07-09 18:42:54,507 - root - INFO - Image header was read:
2023-07-09 18:42:54,507 - root - INFO - Width: 18, Height: 28, RowLength: 36
2023-07-09 18:42:54,507 - root - INFO - datalength: 642, _step: 2
2023-07-09 18:42:54,508 - root - INFO - BPP: 16, Transparency: False
2023-07-09 18:42:54,509 - root - INFO - Resource 30 offset: 418304, length: 680...
2023-07-09 18:42:54,510 - root - DEBUG - Reading resource 30...
2023-07-09 18:42:54,510 - root - INFO - The image is bme.
2023-07-09 18:42:54,510 - root - INFO - Reading image header(readHeader16E)...
2023-07-09 18:42:54,510 - root - INFO - Image header was read:
2023-07-09 18:42:54,510 - root - INFO - Width: 18, Height: 28, RowLength: 36
2023-07-09 18:42:54,510 - root - INFO - datalength: 664, _step: 2
2023-07-09 18:42:54,510 - root - INFO - BPP: 16, Transparency: False
2023-07-09 18:42:54,512 - root - INFO - Resource 31 offset: 418984, length: 448...
2023-07-09 18:42:54,512 - root - DEBUG - Reading resource 31...
2023-07-09 18:42:54,512 - root - INFO - The image is bme.
2023-07-09 18:42:54,513 - root - INFO - Reading image header(readHeader16E)...
2023-07-09 18:42:54,513 - root - INFO - Image header was read:
2023-07-09 18:42:54,513 - root - INFO - Width: 18, Height: 28, RowLength: 36
2023-07-09 18:42:54,513 - root - INFO - datalength: 432, _step: 2
2023-07-09 18:42:54,513 - root - INFO - BPP: 16, Transparency: False
2023-07-09 18:42:54,514 - root - INFO - Resource 32 offset: 419432, length: 684...
2023-07-09 18:42:54,514 - root - DEBUG - Reading resource 32...
2023-07-09 18:42:54,514 - root - INFO - The image is bme.
2023-07-09 18:42:54,515 - root - INFO - Reading image header(readHeader16E)...
2023-07-09 18:42:54,515 - root - INFO - Image header was read:
2023-07-09 18:42:54,515 - root - INFO - Width: 18, Height: 28, RowLength: 36
2023-07-09 18:42:54,515 - root - INFO - datalength: 668, _step: 2
2023-07-09 18:42:54,515 - root - INFO - BPP: 16, Transparency: False
2023-07-09 18:42:54,517 - root - INFO - Resource 33 offset: 420116, length: 682...
2023-07-09 18:42:54,517 - root - DEBUG - Reading resource 33...
2023-07-09 18:42:54,518 - root - INFO - The image is bme.
2023-07-09 18:42:54,518 - root - INFO - Reading image header(readHeader16E)...
2023-07-09 18:42:54,518 - root - INFO - Image header was read:
2023-07-09 18:42:54,518 - root - INFO - Width: 18, Height: 28, RowLength: 36
2023-07-09 18:42:54,518 - root - INFO - datalength: 666, _step: 2
2023-07-09 18:42:54,518 - root - INFO - BPP: 16, Transparency: False
2023-07-09 18:42:54,520 - root - INFO - Resource 34 offset: 420798, length: 2024...
2023-07-09 18:42:54,520 - root - DEBUG - Reading resource 34...
2023-07-09 18:42:54,520 - root - INFO - The image is bme.
2023-07-09 18:42:54,520 - root - INFO - Reading image header(readHeader16E)...
2023-07-09 18:42:54,521 - root - INFO - Image header was read:
2023-07-09 18:42:54,521 - root - INFO - Width: 64, Height: 28, RowLength: 128
2023-07-09 18:42:54,521 - root - INFO - datalength: 2008, _step: 2
2023-07-09 18:42:54,521 - root - INFO - BPP: 16, Transparency: False
2023-07-09 18:42:54,526 - root - INFO - Resource 35 offset: 422822, length: 2008...
2023-07-09 18:42:54,526 - root - DEBUG - Reading resource 35...
2023-07-09 18:42:54,526 - root - INFO - The image is bme.
2023-07-09 18:42:54,526 - root - INFO - Reading image header(readHeader16E)...
2023-07-09 18:42:54,526 - root - INFO - Image header was read:
2023-07-09 18:42:54,526 - root - INFO - Width: 64, Height: 28, RowLength: 128
2023-07-09 18:42:54,526 - root - INFO - datalength: 1992, _step: 2
2023-07-09 18:42:54,527 - root - INFO - BPP: 16, Transparency: False
2023-07-09 18:42:54,533 - root - INFO - Resource 36 offset: 424830, length: 2502...
2023-07-09 18:42:54,533 - root - DEBUG - Reading resource 36...
2023-07-09 18:42:54,533 - root - INFO - The image is bme.
2023-07-09 18:42:54,533 - root - INFO - Reading image header(readHeader16E)...
2023-07-09 18:42:54,534 - root - INFO - Image header was read:
2023-07-09 18:42:54,534 - root - INFO - Width: 64, Height: 28, RowLength: 128
2023-07-09 18:42:54,534 - root - INFO - datalength: 2486, _step: 2
2023-07-09 18:42:54,534 - root - INFO - BPP: 16, Transparency: False
2023-07-09 18:42:54,541 - root - INFO - Resource 37 offset: 427332, length: 2094...
2023-07-09 18:42:54,541 - root - DEBUG - Reading resource 37...
2023-07-09 18:42:54,541 - root - INFO - The image is bme.
2023-07-09 18:42:54,541 - root - INFO - Reading image header(readHeader16E)...
2023-07-09 18:42:54,541 - root - INFO - Image header was read:
2023-07-09 18:42:54,541 - root - INFO - Width: 64, Height: 28, RowLength: 128
2023-07-09 18:42:54,541 - root - INFO - datalength: 2078, _step: 2
2023-07-09 18:42:54,541 - root - INFO - BPP: 16, Transparency: False
2023-07-09 18:42:54,548 - root - INFO - Resource 38 offset: 429426, length: 2280...
2023-07-09 18:42:54,548 - root - DEBUG - Reading resource 38...
2023-07-09 18:42:54,549 - root - INFO - The image is bme.
2023-07-09 18:42:54,549 - root - INFO - Reading image header(readHeader16E)...
2023-07-09 18:42:54,549 - root - INFO - Image header was read:
2023-07-09 18:42:54,549 - root - INFO - Width: 64, Height: 28, RowLength: 128
2023-07-09 18:42:54,549 - root - INFO - datalength: 2264, _step: 2
2023-07-09 18:42:54,549 - root - INFO - BPP: 16, Transparency: False
2023-07-09 18:42:54,555 - root - INFO - Resource 39 offset: 431706, length: 2110...
2023-07-09 18:42:54,555 - root - DEBUG - Reading resource 39...
2023-07-09 18:42:54,555 - root - INFO - The image is bme.
2023-07-09 18:42:54,555 - root - INFO - Reading image header(readHeader16E)...
2023-07-09 18:42:54,555 - root - INFO - Image header was read:
2023-07-09 18:42:54,556 - root - INFO - Width: 64, Height: 28, RowLength: 128
2023-07-09 18:42:54,556 - root - INFO - datalength: 2094, _step: 2
2023-07-09 18:42:54,556 - root - INFO - BPP: 16, Transparency: False
2023-07-09 18:42:54,561 - root - INFO - Resource 40 offset: 433816, length: 1698...
2023-07-09 18:42:54,561 - root - DEBUG - Reading resource 40...
2023-07-09 18:42:54,562 - root - INFO - The image is bme.
2023-07-09 18:42:54,562 - root - INFO - Reading image header(readHeader16E)...
2023-07-09 18:42:54,562 - root - INFO - Image header was read:
2023-07-09 18:42:54,562 - root - INFO - Width: 64, Height: 28, RowLength: 128
2023-07-09 18:42:54,562 - root - INFO - datalength: 1682, _step: 2
2023-07-09 18:42:54,563 - root - INFO - BPP: 16, Transparency: False
2023-07-09 18:42:54,567 - root - INFO - Resource 41 offset: 435514, length: 2284...
2023-07-09 18:42:54,567 - root - DEBUG - Reading resource 41...
2023-07-09 18:42:54,567 - root - INFO - The image is bme.
2023-07-09 18:42:54,567 - root - INFO - Reading image header(readHeader16E)...
2023-07-09 18:42:54,568 - root - INFO - Image header was read:
2023-07-09 18:42:54,568 - root - INFO - Width: 64, Height: 28, RowLength: 128
2023-07-09 18:42:54,568 - root - INFO - datalength: 2268, _step: 2
2023-07-09 18:42:54,568 - root - INFO - BPP: 16, Transparency: False
2023-07-09 18:42:54,574 - root - INFO - Resource 42 offset: 437798, length: 2110...
2023-07-09 18:42:54,575 - root - DEBUG - Reading resource 42...
2023-07-09 18:42:54,575 - root - INFO - The image is bme.
2023-07-09 18:42:54,575 - root - INFO - Reading image header(readHeader16E)...
2023-07-09 18:42:54,575 - root - INFO - Image header was read:
2023-07-09 18:42:54,575 - root - INFO - Width: 64, Height: 28, RowLength: 128
2023-07-09 18:42:54,575 - root - INFO - datalength: 2094, _step: 2
2023-07-09 18:42:54,575 - root - INFO - BPP: 16, Transparency: False
2023-07-09 18:42:54,581 - root - INFO - Resource 43 offset: 439908, length: 1966...
2023-07-09 18:42:54,581 - root - DEBUG - Reading resource 43...
2023-07-09 18:42:54,581 - root - INFO - The image is bme.
2023-07-09 18:42:54,581 - root - INFO - Reading image header(readHeader16E)...
2023-07-09 18:42:54,582 - root - INFO - Image header was read:
2023-07-09 18:42:54,582 - root - INFO - Width: 64, Height: 28, RowLength: 128
2023-07-09 18:42:54,582 - root - INFO - datalength: 1950, _step: 2
2023-07-09 18:42:54,582 - root - INFO - BPP: 16, Transparency: False
2023-07-09 18:42:54,588 - root - INFO - Resource 44 offset: 441874, length: 2310...
2023-07-09 18:42:54,588 - root - DEBUG - Reading resource 44...
2023-07-09 18:42:54,589 - root - INFO - The image is bme.
2023-07-09 18:42:54,589 - root - INFO - Reading image header(readHeader16E)...
2023-07-09 18:42:54,589 - root - INFO - Image header was read:
2023-07-09 18:42:54,589 - root - INFO - Width: 64, Height: 28, RowLength: 128
2023-07-09 18:42:54,589 - root - INFO - datalength: 2294, _step: 2
2023-07-09 18:42:54,589 - root - INFO - BPP: 16, Transparency: False
2023-07-09 18:42:54,595 - root - INFO - Resource 45 offset: 444184, length: 2194...
2023-07-09 18:42:54,595 - root - DEBUG - Reading resource 45...
2023-07-09 18:42:54,595 - root - INFO - The image is bme.
2023-07-09 18:42:54,595 - root - INFO - Reading image header(readHeader16E)...
2023-07-09 18:42:54,595 - root - INFO - Image header was read:
2023-07-09 18:42:54,595 - root - INFO - Width: 64, Height: 28, RowLength: 128
2023-07-09 18:42:54,595 - root - INFO - datalength: 2178, _step: 2
2023-07-09 18:42:54,596 - root - INFO - BPP: 16, Transparency: False
2023-07-09 18:42:54,603 - root - INFO - Resource 46 offset: 446378, length: 1452...
2023-07-09 18:42:54,603 - root - DEBUG - Reading resource 46...
2023-07-09 18:42:54,603 - root - INFO - The image is bme.
2023-07-09 18:42:54,603 - root - INFO - Reading image header(readHeader16E)...
2023-07-09 18:42:54,603 - root - INFO - Image header was read:
2023-07-09 18:42:54,603 - root - INFO - Width: 64, Height: 28, RowLength: 128
2023-07-09 18:42:54,603 - root - INFO - datalength: 1436, _step: 2
2023-07-09 18:42:54,603 - root - INFO - BPP: 16, Transparency: False
2023-07-09 18:42:54,608 - root - INFO - Resource 47 offset: 447830, length: 1682...
2023-07-09 18:42:54,608 - root - DEBUG - Reading resource 47...
2023-07-09 18:42:54,608 - root - INFO - The image is bme.
2023-07-09 18:42:54,608 - root - INFO - Reading image header(readHeader16E)...
2023-07-09 18:42:54,608 - root - INFO - Image header was read:
2023-07-09 18:42:54,608 - root - INFO - Width: 64, Height: 28, RowLength: 128
2023-07-09 18:42:54,608 - root - INFO - datalength: 1666, _step: 2
2023-07-09 18:42:54,608 - root - INFO - BPP: 16, Transparency: False
2023-07-09 18:42:54,613 - root - INFO - Resource 48 offset: 449512, length: 1690...
2023-07-09 18:42:54,613 - root - DEBUG - Reading resource 48...
2023-07-09 18:42:54,613 - root - INFO - The image is bme.
2023-07-09 18:42:54,613 - root - INFO - Reading image header(readHeader16E)...
2023-07-09 18:42:54,614 - root - INFO - Image header was read:
2023-07-09 18:42:54,614 - root - INFO - Width: 64, Height: 28, RowLength: 128
2023-07-09 18:42:54,614 - root - INFO - datalength: 1674, _step: 2
2023-07-09 18:42:54,614 - root - INFO - BPP: 16, Transparency: False
2023-07-09 18:42:54,621 - root - INFO - Resource 49 offset: 451202, length: 1626...
2023-07-09 18:42:54,621 - root - DEBUG - Reading resource 49...
2023-07-09 18:42:54,621 - root - INFO - The image is bme.
2023-07-09 18:42:54,621 - root - INFO - Reading image header(readHeader16E)...
2023-07-09 18:42:54,621 - root - INFO - Image header was read:
2023-07-09 18:42:54,621 - root - INFO - Width: 64, Height: 28, RowLength: 128
2023-07-09 18:42:54,621 - root - INFO - datalength: 1610, _step: 2
2023-07-09 18:42:54,622 - root - INFO - BPP: 16, Transparency: False
2023-07-09 18:42:54,627 - root - INFO - Resource 50 offset: 452828, length: 1654...
2023-07-09 18:42:54,627 - root - DEBUG - Reading resource 50...
2023-07-09 18:42:54,628 - root - INFO - The image is bme.
2023-07-09 18:42:54,628 - root - INFO - Reading image header(readHeader16E)...
2023-07-09 18:42:54,628 - root - INFO - Image header was read:
2023-07-09 18:42:54,628 - root - INFO - Width: 64, Height: 28, RowLength: 128
2023-07-09 18:42:54,628 - root - INFO - datalength: 1638, _step: 2
2023-07-09 18:42:54,628 - root - INFO - BPP: 16, Transparency: False
2023-07-09 18:42:54,636 - root - INFO - Resource 51 offset: 454482, length: 1686...
2023-07-09 18:42:54,637 - root - DEBUG - Reading resource 51...
2023-07-09 18:42:54,637 - root - INFO - The image is bme.
2023-07-09 18:42:54,637 - root - INFO - Reading image header(readHeader16E)...
2023-07-09 18:42:54,637 - root - INFO - Image header was read:
2023-07-09 18:42:54,637 - root - INFO - Width: 64, Height: 28, RowLength: 128
2023-07-09 18:42:54,638 - root - INFO - datalength: 1670, _step: 2
2023-07-09 18:42:54,638 - root - INFO - BPP: 16, Transparency: False
2023-07-09 18:42:54,643 - root - INFO - Resource 52 offset: 456168, length: 1486...
2023-07-09 18:42:54,644 - root - DEBUG - Reading resource 52...
2023-07-09 18:42:54,644 - root - INFO - The image is bme.
2023-07-09 18:42:54,644 - root - INFO - Reading image header(readHeader16E)...
2023-07-09 18:42:54,644 - root - INFO - Image header was read:
2023-07-09 18:42:54,644 - root - INFO - Width: 64, Height: 28, RowLength: 128
2023-07-09 18:42:54,644 - root - INFO - datalength: 1470, _step: 2
2023-07-09 18:42:54,644 - root - INFO - BPP: 16, Transparency: False
2023-07-09 18:42:54,652 - root - INFO - Resource 53 offset: 457654, length: 1746...
2023-07-09 18:42:54,652 - root - DEBUG - Reading resource 53...
2023-07-09 18:42:54,653 - root - INFO - The image is bme.
2023-07-09 18:42:54,653 - root - INFO - Reading image header(readHeader16E)...
2023-07-09 18:42:54,653 - root - INFO - Image header was read:
2023-07-09 18:42:54,653 - root - INFO - Width: 64, Height: 28, RowLength: 128
2023-07-09 18:42:54,653 - root - INFO - datalength: 1730, _step: 2
2023-07-09 18:42:54,654 - root - INFO - BPP: 16, Transparency: False
2023-07-09 18:42:54,661 - root - INFO - Resource 54 offset: 459400, length: 1684...
2023-07-09 18:42:54,661 - root - DEBUG - Reading resource 54...
2023-07-09 18:42:54,661 - root - INFO - The image is bme.
2023-07-09 18:42:54,662 - root - INFO - Reading image header(readHeader16E)...
2023-07-09 18:42:54,662 - root - INFO - Image header was read:
2023-07-09 18:42:54,662 - root - INFO - Width: 64, Height: 28, RowLength: 128
2023-07-09 18:42:54,662 - root - INFO - datalength: 1668, _step: 2
2023-07-09 18:42:54,662 - root - INFO - BPP: 16, Transparency: False
2023-07-09 18:42:54,669 - root - INFO - Resource 55 offset: 461084, length: 2076...
2023-07-09 18:42:54,669 - root - DEBUG - Reading resource 55...
2023-07-09 18:42:54,669 - root - INFO - The image is bme.
2023-07-09 18:42:54,669 - root - INFO - Reading image header(readHeader16E)...
2023-07-09 18:42:54,669 - root - INFO - Image header was read:
2023-07-09 18:42:54,670 - root - INFO - Width: 64, Height: 28, RowLength: 128
2023-07-09 18:42:54,670 - root - INFO - datalength: 2060, _step: 2
2023-07-09 18:42:54,670 - root - INFO - BPP: 16, Transparency: False
2023-07-09 18:42:54,680 - root - INFO - Resource 56 offset: 463160, length: 1826...
2023-07-09 18:42:54,680 - root - DEBUG - Reading resource 56...
2023-07-09 18:42:54,680 - root - INFO - The image is bme.
2023-07-09 18:42:54,681 - root - INFO - Reading image header(readHeader16E)...
2023-07-09 18:42:54,681 - root - INFO - Image header was read:
2023-07-09 18:42:54,681 - root - INFO - Width: 64, Height: 28, RowLength: 128
2023-07-09 18:42:54,681 - root - INFO - datalength: 1810, _step: 2
2023-07-09 18:42:54,687 - root - INFO - BPP: 16, Transparency: False
2023-07-09 18:42:54,697 - root - INFO - Resource 57 offset: 464986, length: 2034...
2023-07-09 18:42:54,697 - root - DEBUG - Reading resource 57...
2023-07-09 18:42:54,697 - root - INFO - The image is bme.
2023-07-09 18:42:54,698 - root - INFO - Reading image header(readHeader16E)...
2023-07-09 18:42:54,698 - root - INFO - Image header was read:
2023-07-09 18:42:54,701 - root - INFO - Width: 64, Height: 28, RowLength: 128
2023-07-09 18:42:54,701 - root - INFO - datalength: 2018, _step: 2
2023-07-09 18:42:54,701 - root - INFO - BPP: 16, Transparency: False
2023-07-09 18:42:54,708 - root - INFO - Resource 58 offset: 467020, length: 2696...
2023-07-09 18:42:54,708 - root - DEBUG - Reading resource 58...
2023-07-09 18:42:54,708 - root - INFO - The image is bme.
2023-07-09 18:42:54,708 - root - INFO - Reading image header(readHeader16E)...
2023-07-09 18:42:54,709 - root - INFO - Image header was read:
2023-07-09 18:42:54,709 - root - INFO - Width: 89, Height: 32, RowLength: 178
2023-07-09 18:42:54,709 - root - INFO - datalength: 2680, _step: 2
2023-07-09 18:42:54,709 - root - INFO - BPP: 16, Transparency: False
2023-07-09 18:42:54,727 - root - INFO - Resource 59 offset: 469716, length: 1948...
2023-07-09 18:42:54,727 - root - DEBUG - Reading resource 59...
2023-07-09 18:42:54,728 - root - INFO - The image is bme.
2023-07-09 18:42:54,728 - root - INFO - Reading image header(readHeader16E)...
2023-07-09 18:42:54,728 - root - INFO - Image header was read:
2023-07-09 18:42:54,729 - root - INFO - Width: 89, Height: 32, RowLength: 178
2023-07-09 18:42:54,729 - root - INFO - datalength: 1932, _step: 2
2023-07-09 18:42:54,729 - root - INFO - BPP: 16, Transparency: False
2023-07-09 18:42:54,744 - root - INFO - Resource 60 offset: 471664, length: 2506...
2023-07-09 18:42:54,744 - root - DEBUG - Reading resource 60...
2023-07-09 18:42:54,744 - root - INFO - The image is bme.
2023-07-09 18:42:54,744 - root - INFO - Reading image header(readHeader16E)...
2023-07-09 18:42:54,744 - root - INFO - Image header was read:
2023-07-09 18:42:54,744 - root - INFO - Width: 89, Height: 32, RowLength: 178
2023-07-09 18:42:54,744 - root - INFO - datalength: 2490, _step: 2
2023-07-09 18:42:54,745 - root - INFO - BPP: 16, Transparency: False
2023-07-09 18:42:54,757 - root - INFO - Resource 61 offset: 474170, length: 2048...
2023-07-09 18:42:54,757 - root - DEBUG - Reading resource 61...
2023-07-09 18:42:54,757 - root - INFO - The image is bme.
2023-07-09 18:42:54,758 - root - INFO - Reading image header(readHeader16E)...
2023-07-09 18:42:54,758 - root - INFO - Image header was read:
2023-07-09 18:42:54,758 - root - INFO - Width: 89, Height: 32, RowLength: 178
2023-07-09 18:42:54,758 - root - INFO - datalength: 2032, _step: 2
2023-07-09 18:42:54,758 - root - INFO - BPP: 16, Transparency: False
2023-07-09 18:42:54,764 - root - INFO - Resource 62 offset: 476218, length: 1732...
2023-07-09 18:42:54,768 - root - DEBUG - Reading resource 62...
2023-07-09 18:42:54,768 - root - INFO - The image is bme.
2023-07-09 18:42:54,768 - root - INFO - Reading image header(readHeader16E)...
2023-07-09 18:42:54,768 - root - INFO - Image header was read:
2023-07-09 18:42:54,769 - root - INFO - Width: 89, Height: 32, RowLength: 178
2023-07-09 18:42:54,770 - root - INFO - datalength: 1716, _step: 2
2023-07-09 18:42:54,770 - root - INFO - BPP: 16, Transparency: False
2023-07-09 18:42:54,778 - root - INFO - Resource 63 offset: 477950, length: 1898...
2023-07-09 18:42:54,779 - root - DEBUG - Reading resource 63...
2023-07-09 18:42:54,779 - root - INFO - The image is bme.
2023-07-09 18:42:54,779 - root - INFO - Reading image header(readHeader16E)...
2023-07-09 18:42:54,779 - root - INFO - Image header was read:
2023-07-09 18:42:54,779 - root - INFO - Width: 89, Height: 32, RowLength: 178
2023-07-09 18:42:54,779 - root - INFO - datalength: 1882, _step: 2
2023-07-09 18:42:54,779 - root - INFO - BPP: 16, Transparency: False
2023-07-09 18:42:54,806 - root - INFO - Resource 64 offset: 479848, length: 2320...
2023-07-09 18:42:54,807 - root - DEBUG - Reading resource 64...
2023-07-09 18:42:54,807 - root - INFO - The image is bme.
2023-07-09 18:42:54,807 - root - INFO - Reading image header(readHeader16E)...
2023-07-09 18:42:54,807 - root - INFO - Image header was read:
2023-07-09 18:42:54,808 - root - INFO - Width: 89, Height: 32, RowLength: 178
2023-07-09 18:42:54,808 - root - INFO - datalength: 2304, _step: 2
2023-07-09 18:42:54,808 - root - INFO - BPP: 16, Transparency: False
2023-07-09 18:42:54,849 - root - INFO - Resource 65 offset: 482168, length: 3164...
2023-07-09 18:42:54,849 - root - DEBUG - Reading resource 65...
2023-07-09 18:42:54,849 - root - INFO - The image is bme.
2023-07-09 18:42:54,849 - root - INFO - Reading image header(readHeader16E)...
2023-07-09 18:42:54,849 - root - INFO - Image header was read:
2023-07-09 18:42:54,850 - root - INFO - Width: 89, Height: 32, RowLength: 178
2023-07-09 18:42:54,850 - root - INFO - datalength: 3148, _step: 2
2023-07-09 18:42:54,850 - root - INFO - BPP: 16, Transparency: False
2023-07-09 18:42:54,863 - root - INFO - Resource 66 offset: 485332, length: 3454...
2023-07-09 18:42:54,863 - root - DEBUG - Reading resource 66...
2023-07-09 18:42:54,863 - root - INFO - The image is bme.
2023-07-09 18:42:54,863 - root - INFO - Reading image header(readHeader16E)...
2023-07-09 18:42:54,864 - root - INFO - Image header was read:
2023-07-09 18:42:54,864 - root - INFO - Width: 89, Height: 32, RowLength: 178
2023-07-09 18:42:54,864 - root - INFO - datalength: 3438, _step: 2
2023-07-09 18:42:54,864 - root - INFO - BPP: 16, Transparency: False
2023-07-09 18:42:54,879 - root - INFO - Resource 67 offset: 488786, length: 3556...
2023-07-09 18:42:54,880 - root - DEBUG - Reading resource 67...
2023-07-09 18:42:54,880 - root - INFO - The image is bme.
2023-07-09 18:42:54,880 - root - INFO - Reading image header(readHeader16E)...
2023-07-09 18:42:54,880 - root - INFO - Image header was read:
2023-07-09 18:42:54,880 - root - INFO - Width: 89, Height: 32, RowLength: 178
2023-07-09 18:42:54,880 - root - INFO - datalength: 3540, _step: 2
2023-07-09 18:42:54,880 - root - INFO - BPP: 16, Transparency: False
2023-07-09 18:42:54,892 - root - INFO - Resource 68 offset: 492342, length: 4138...
2023-07-09 18:42:54,892 - root - DEBUG - Reading resource 68...
2023-07-09 18:42:54,892 - root - INFO - The image is bme.
2023-07-09 18:42:54,892 - root - INFO - Reading image header(readHeader16E)...
2023-07-09 18:42:54,892 - root - INFO - Image header was read:
2023-07-09 18:42:54,892 - root - INFO - Width: 89, Height: 32, RowLength: 178
2023-07-09 18:42:54,893 - root - INFO - datalength: 4122, _step: 2
2023-07-09 18:42:54,893 - root - INFO - BPP: 16, Transparency: False
2023-07-09 18:42:54,908 - root - INFO - Resource 69 offset: 496480, length: 3816...
2023-07-09 18:42:54,908 - root - DEBUG - Reading resource 69...
2023-07-09 18:42:54,908 - root - INFO - The image is bme.
2023-07-09 18:42:54,908 - root - INFO - Reading image header(readHeader16E)...
2023-07-09 18:42:54,908 - root - INFO - Image header was read:
2023-07-09 18:42:54,908 - root - INFO - Width: 89, Height: 32, RowLength: 178
2023-07-09 18:42:54,908 - root - INFO - datalength: 3800, _step: 2
2023-07-09 18:42:54,909 - root - INFO - BPP: 16, Transparency: False
2023-07-09 18:42:54,922 - root - INFO - Resource 70 offset: 500296, length: 3764...
2023-07-09 18:42:54,923 - root - DEBUG - Reading resource 70...
2023-07-09 18:42:54,923 - root - INFO - The image is bme.
2023-07-09 18:42:54,923 - root - INFO - Reading image header(readHeader16E)...
2023-07-09 18:42:54,923 - root - INFO - Image header was read:
2023-07-09 18:42:54,923 - root - INFO - Width: 89, Height: 32, RowLength: 178
2023-07-09 18:42:54,923 - root - INFO - datalength: 3748, _step: 2
2023-07-09 18:42:54,923 - root - INFO - BPP: 16, Transparency: False
2023-07-09 18:42:54,939 - root - INFO - Resource 71 offset: 504060, length: 3948...
2023-07-09 18:42:54,939 - root - DEBUG - Reading resource 71...
2023-07-09 18:42:54,940 - root - INFO - The image is bme.
2023-07-09 18:42:54,940 - root - INFO - Reading image header(readHeader16E)...
2023-07-09 18:42:54,940 - root - INFO - Image header was read:
2023-07-09 18:42:54,940 - root - INFO - Width: 89, Height: 32, RowLength: 178
2023-07-09 18:42:54,940 - root - INFO - datalength: 3932, _step: 2
2023-07-09 18:42:54,940 - root - INFO - BPP: 16, Transparency: False
2023-07-09 18:42:54,965 - root - INFO - Resource 72 offset: 508008, length: 1464...
2023-07-09 18:42:54,973 - root - DEBUG - Reading resource 72...
2023-07-09 18:42:54,973 - root - INFO - The image is bme.
2023-07-09 18:42:54,974 - root - INFO - Reading image header(readHeader16E)...
2023-07-09 18:42:54,974 - root - INFO - Image header was read:
2023-07-09 18:42:54,975 - root - INFO - Width: 64, Height: 32, RowLength: 128
2023-07-09 18:42:54,975 - root - INFO - datalength: 1448, _step: 2
2023-07-09 18:42:54,975 - root - INFO - BPP: 16, Transparency: False
2023-07-09 18:42:54,980 - root - INFO - Resource 73 offset: 509472, length: 1500...
2023-07-09 18:42:54,980 - root - DEBUG - Reading resource 73...
2023-07-09 18:42:54,980 - root - INFO - The image is bme.
2023-07-09 18:42:54,980 - root - INFO - Reading image header(readHeader16E)...
2023-07-09 18:42:54,980 - root - INFO - Image header was read:
2023-07-09 18:42:54,980 - root - INFO - Width: 64, Height: 32, RowLength: 128
2023-07-09 18:42:54,981 - root - INFO - datalength: 1484, _step: 2
2023-07-09 18:42:54,981 - root - INFO - BPP: 16, Transparency: False
2023-07-09 18:42:54,995 - root - INFO - Resource 74 offset: 510972, length: 1738...
2023-07-09 18:42:54,995 - root - DEBUG - Reading resource 74...
2023-07-09 18:42:54,995 - root - INFO - The image is bme.
2023-07-09 18:42:54,995 - root - INFO - Reading image header(readHeader16E)...
2023-07-09 18:42:54,996 - root - INFO - Image header was read:
2023-07-09 18:42:54,996 - root - INFO - Width: 64, Height: 32, RowLength: 128
2023-07-09 18:42:54,996 - root - INFO - datalength: 1722, _step: 2
2023-07-09 18:42:54,996 - root - INFO - BPP: 16, Transparency: False
2023-07-09 18:42:55,021 - root - INFO - Resource 75 offset: 512710, length: 1730...
2023-07-09 18:42:55,021 - root - DEBUG - Reading resource 75...
2023-07-09 18:42:55,025 - root - INFO - The image is bme.
2023-07-09 18:42:55,028 - root - INFO - Reading image header(readHeader16E)...
2023-07-09 18:42:55,028 - root - INFO - Image header was read:
2023-07-09 18:42:55,028 - root - INFO - Width: 64, Height: 32, RowLength: 128
2023-07-09 18:42:55,028 - root - INFO - datalength: 1714, _step: 2
2023-07-09 18:42:55,029 - root - INFO - BPP: 16, Transparency: False
2023-07-09 18:42:55,039 - root - INFO - Resource 76 offset: 514440, length: 2200...
2023-07-09 18:42:55,044 - root - DEBUG - Reading resource 76...
2023-07-09 18:42:55,045 - root - INFO - The image is bmc.
2023-07-09 18:42:55,045 - root - INFO - Reading image header(readHeader16C)...
2023-07-09 18:42:55,046 - root - INFO - Image header was read:
2023-07-09 18:42:55,046 - root - INFO - Width: 26, Height: 28, RowLength: 78
2023-07-09 18:42:55,046 - root - INFO - _step: 3, unknown2: 0,
2023-07-09 18:42:55,046 - root - INFO - BPP: 24, Transparency: False
2023-07-09 18:42:55,056 - root - INFO - Resource 77 offset: 516640, length: 1528...
2023-07-09 18:42:55,064 - root - DEBUG - Reading resource 77...
2023-07-09 18:42:55,064 - root - INFO - The image is bmc.
2023-07-09 18:42:55,064 - root - INFO - Reading image header(readHeader16C)...
2023-07-09 18:42:55,065 - root - INFO - Image header was read:
2023-07-09 18:42:55,065 - root - INFO - Width: 18, Height: 28, RowLength: 54
2023-07-09 18:42:55,066 - root - INFO - _step: 3, unknown2: 0,
2023-07-09 18:42:55,066 - root - INFO - BPP: 24, Transparency: False
2023-07-09 18:42:55,071 - root - INFO - Resource 78 offset: 518168, length: 1528...
2023-07-09 18:42:55,071 - root - DEBUG - Reading resource 78...
2023-07-09 18:42:55,071 - root - INFO - The image is bmc.
2023-07-09 18:42:55,071 - root - INFO - Reading image header(readHeader16C)...
2023-07-09 18:42:55,071 - root - INFO - Image header was read:
2023-07-09 18:42:55,071 - root - INFO - Width: 18, Height: 28, RowLength: 54
2023-07-09 18:42:55,071 - root - INFO - _step: 3, unknown2: 0,
2023-07-09 18:42:55,071 - root - INFO - BPP: 24, Transparency: False
2023-07-09 18:42:55,081 - root - INFO - Resource 79 offset: 519696, length: 1528...
2023-07-09 18:42:55,081 - root - DEBUG - Reading resource 79...
2023-07-09 18:42:55,081 - root - INFO - The image is bmc.
2023-07-09 18:42:55,083 - root - INFO - Reading image header(readHeader16C)...
2023-07-09 18:42:55,083 - root - INFO - Image header was read:
2023-07-09 18:42:55,083 - root - INFO - Width: 18, Height: 28, RowLength: 54
2023-07-09 18:42:55,084 - root - INFO - _step: 3, unknown2: 0,
2023-07-09 18:42:55,084 - root - INFO - BPP: 24, Transparency: False
2023-07-09 18:42:55,087 - root - INFO - Resource 80 offset: 521224, length: 1528...
2023-07-09 18:42:55,087 - root - DEBUG - Reading resource 80...
2023-07-09 18:42:55,088 - root - INFO - The image is bmc.
2023-07-09 18:42:55,088 - root - INFO - Reading image header(readHeader16C)...
2023-07-09 18:42:55,088 - root - INFO - Image header was read:
2023-07-09 18:42:55,088 - root - INFO - Width: 18, Height: 28, RowLength: 54
2023-07-09 18:42:55,088 - root - INFO - _step: 3, unknown2: 0,
2023-07-09 18:42:55,088 - root - INFO - BPP: 24, Transparency: False
2023-07-09 18:42:55,097 - root - INFO - Resource 81 offset: 522752, length: 1528...
2023-07-09 18:42:55,097 - root - DEBUG - Reading resource 81...
2023-07-09 18:42:55,097 - root - INFO - The image is bmc.
2023-07-09 18:42:55,098 - root - INFO - Reading image header(readHeader16C)...
2023-07-09 18:42:55,098 - root - INFO - Image header was read:
2023-07-09 18:42:55,098 - root - INFO - Width: 18, Height: 28, RowLength: 54
2023-07-09 18:42:55,098 - root - INFO - _step: 3, unknown2: 0,
2023-07-09 18:42:55,098 - root - INFO - BPP: 24, Transparency: False
2023-07-09 18:42:55,104 - root - INFO - Resource 82 offset: 524280, length: 1528...
2023-07-09 18:42:55,104 - root - DEBUG - Reading resource 82...
2023-07-09 18:42:55,104 - root - INFO - The image is bmc.
2023-07-09 18:42:55,104 - root - INFO - Reading image header(readHeader16C)...
2023-07-09 18:42:55,105 - root - INFO - Image header was read:
2023-07-09 18:42:55,105 - root - INFO - Width: 18, Height: 28, RowLength: 54
2023-07-09 18:42:55,105 - root - INFO - _step: 3, unknown2: 0,
2023-07-09 18:42:55,105 - root - INFO - BPP: 24, Transparency: False
2023-07-09 18:42:55,112 - root - INFO - Resource 83 offset: 525808, length: 1528...
2023-07-09 18:42:55,113 - root - DEBUG - Reading resource 83...
2023-07-09 18:42:55,113 - root - INFO - The image is bmc.
2023-07-09 18:42:55,113 - root - INFO - Reading image header(readHeader16C)...
2023-07-09 18:42:55,114 - root - INFO - Image header was read:
2023-07-09 18:42:55,115 - root - INFO - Width: 18, Height: 28, RowLength: 54
2023-07-09 18:42:55,115 - root - INFO - _step: 3, unknown2: 0,
2023-07-09 18:42:55,115 - root - INFO - BPP: 24, Transparency: False
2023-07-09 18:42:55,120 - root - INFO - Resource 84 offset: 527336, length: 1528...
2023-07-09 18:42:55,120 - root - DEBUG - Reading resource 84...
2023-07-09 18:42:55,120 - root - INFO - The image is bmc.
2023-07-09 18:42:55,120 - root - INFO - Reading image header(readHeader16C)...
2023-07-09 18:42:55,120 - root - INFO - Image header was read:
2023-07-09 18:42:55,120 - root - INFO - Width: 18, Height: 28, RowLength: 54
2023-07-09 18:42:55,121 - root - INFO - _step: 3, unknown2: 0,
2023-07-09 18:42:55,121 - root - INFO - BPP: 24, Transparency: False
2023-07-09 18:42:55,125 - root - INFO - Resource 85 offset: 528864, length: 1528...
2023-07-09 18:42:55,125 - root - DEBUG - Reading resource 85...
2023-07-09 18:42:55,125 - root - INFO - The image is bmc.
2023-07-09 18:42:55,125 - root - INFO - Reading image header(readHeader16C)...
2023-07-09 18:42:55,126 - root - INFO - Image header was read:
2023-07-09 18:42:55,127 - root - INFO - Width: 18, Height: 28, RowLength: 54
2023-07-09 18:42:55,127 - root - INFO - _step: 3, unknown2: 0,
2023-07-09 18:42:55,127 - root - INFO - BPP: 24, Transparency: False
2023-07-09 18:42:55,131 - root - INFO - Resource 86 offset: 530392, length: 1528...
2023-07-09 18:42:55,132 - root - DEBUG - Reading resource 86...
2023-07-09 18:42:55,132 - root - INFO - The image is bmc.
2023-07-09 18:42:55,132 - root - INFO - Reading image header(readHeader16C)...
2023-07-09 18:42:55,132 - root - INFO - Image header was read:
2023-07-09 18:42:55,132 - root - INFO - Width: 18, Height: 28, RowLength: 54
2023-07-09 18:42:55,132 - root - INFO - _step: 3, unknown2: 0,
2023-07-09 18:42:55,132 - root - INFO - BPP: 24, Transparency: False
2023-07-09 18:42:55,136 - root - DEBUG - Parsing parameters...
2023-07-09 18:42:55,316 - root - DEBUG - 0 Value: None
2023-07-09 18:42:55,316 - root - DEBUG - 0.1 Value: 71
2023-07-09 18:42:55,316 - root - DEBUG - 2 Value: None
2023-07-09 18:42:55,316 - root - DEBUG - 2.1 Value: None
2023-07-09 18:42:55,317 - root - DEBUG - 2.1.1 Value: 0
2023-07-09 18:42:55,317 - root - DEBUG - 2.1.2 Value: 0
2023-07-09 18:42:55,317 - root - DEBUG - 2.1.3 Value: 2
2023-07-09 18:42:55,317 - root - DEBUG - 2.3 Value: None
2023-07-09 18:42:55,317 - root - DEBUG - 2.3.1 Value: 0
2023-07-09 18:42:55,317 - root - DEBUG - 2.3.2 Value: 0
2023-07-09 18:42:55,318 - root - DEBUG - 2.3.3 Value: 1
2023-07-09 18:42:55,318 - root - DEBUG - 2.4 Value: None
2023-07-09 18:42:55,318 - root - DEBUG - 2.4.1 Value: 0
2023-07-09 18:42:55,318 - root - DEBUG - 2.4.2 Value: 0
2023-07-09 18:42:55,318 - root - DEBUG - 2.4.3 Value: 0
2023-07-09 18:42:55,318 - root - DEBUG - 2.5 Value: None
2023-07-09 18:42:55,318 - root - DEBUG - 2.5.1 Value: 0
2023-07-09 18:42:55,319 - root - DEBUG - 2.5.2 Value: 0
2023-07-09 18:42:55,319 - root - DEBUG - 2.5.3 Value: 0
2023-07-09 18:42:55,319 - root - DEBUG - 3 Value: None
2023-07-09 18:42:55,319 - root - DEBUG - 3.1 Value: None
2023-07-09 18:42:55,319 - root - DEBUG - 3.1.1 Value: None
2023-07-09 18:42:55,319 - root - DEBUG - 3.1.1.1 Value: None
2023-07-09 18:42:55,320 - root - DEBUG - 3.1.1.1.1 Value: 87
2023-07-09 18:42:55,320 - root - DEBUG - 3.1.1.1.2 Value: 39
2023-07-09 18:42:55,320 - root - DEBUG - 3.1.1.1.3 Value: 3
2023-07-09 18:42:55,320 - root - DEBUG - 3.1.1.1.4 Value: 10
2023-07-09 18:42:55,320 - root - DEBUG - 3.1.1.2 Value: None
2023-07-09 18:42:55,320 - root - DEBUG - 3.1.1.2.1 Value: 133
2023-07-09 18:42:55,321 - root - DEBUG - 3.1.1.2.2 Value: 39
2023-07-09 18:42:55,321 - root - DEBUG - 3.1.1.2.3 Value: 3
2023-07-09 18:42:55,321 - root - DEBUG - 3.1.1.2.4 Value: 10
2023-07-09 18:42:55,322 - root - DEBUG - 3.1.2 Value: None
2023-07-09 18:42:55,322 - root - DEBUG - 3.1.2.1 Value: None
2023-07-09 18:42:55,323 - root - DEBUG - 3.1.2.1.1 Value: 205
2023-07-09 18:42:55,324 - root - DEBUG - 3.1.2.1.2 Value: 39
2023-07-09 18:42:55,324 - root - DEBUG - 3.1.2.1.3 Value: 3
2023-07-09 18:42:55,324 - root - DEBUG - 3.1.2.1.4 Value: 10
2023-07-09 18:42:55,325 - root - DEBUG - 3.1.2.2 Value: None
2023-07-09 18:42:55,325 - root - DEBUG - 3.1.2.2.1 Value: 251
2023-07-09 18:42:55,325 - root - DEBUG - 3.1.2.2.2 Value: 39
2023-07-09 18:42:55,325 - root - DEBUG - 3.1.2.2.3 Value: 3
2023-07-09 18:42:55,325 - root - DEBUG - 3.1.2.2.4 Value: 10
2023-07-09 18:42:55,326 - root - DEBUG - 3.1.3 Value: None
2023-07-09 18:42:55,326 - root - DEBUG - 3.1.3.1 Value: None
2023-07-09 18:42:55,326 - root - DEBUG - 3.1.3.1.1 Value: 91
2023-07-09 18:42:55,326 - root - DEBUG - 3.1.3.1.2 Value: 7
2023-07-09 18:42:55,326 - root - DEBUG - 3.1.3.1.3 Value: 13
2023-07-09 18:42:55,327 - root - DEBUG - 3.1.3.1.4 Value: 10
2023-07-09 18:42:55,327 - root - DEBUG - 3.1.3.2 Value: None
2023-07-09 18:42:55,327 - root - DEBUG - 3.1.3.2.1 Value: 110
2023-07-09 18:42:55,327 - root - DEBUG - 3.1.3.2.2 Value: 7
2023-07-09 18:42:55,327 - root - DEBUG - 3.1.3.2.3 Value: 13
2023-07-09 18:42:55,327 - root - DEBUG - 3.1.3.2.4 Value: 10
2023-07-09 18:42:55,328 - root - DEBUG - 3.1.5 Value: None
2023-07-09 18:42:55,328 - root - DEBUG - 3.1.5.1 Value: 179
2023-07-09 18:42:55,328 - root - DEBUG - 3.1.5.2 Value: 39
2023-07-09 18:42:55,328 - root - DEBUG - 3.1.5.3 Value: 23
2023-07-09 18:42:55,328 - root - DEBUG - 3.1.7 Value: 0
2023-07-09 18:42:55,328 - root - DEBUG - 3.1.8 Value: 1
2023-07-09 18:42:55,328 - root - DEBUG - 4 Value: None
2023-07-09 18:42:55,329 - root - DEBUG - 4.1 Value: None
2023-07-09 18:42:55,329 - root - DEBUG - 4.1.1 Value: None
2023-07-09 18:42:55,329 - root - DEBUG - 4.1.1.1 Value: 128
2023-07-09 18:42:55,329 - root - DEBUG - 4.1.1.2 Value: 251
2023-07-09 18:42:55,329 - root - DEBUG - 4.1.1.3 Value: 222
2023-07-09 18:42:55,329 - root - DEBUG - 4.1.1.4 Value: 279
2023-07-09 18:42:55,330 - root - DEBUG - 4.1.1.5 Value: 20
2023-07-09 18:42:55,330 - root - DEBUG - 4.1.1.6 Value: 1
2023-07-09 18:42:55,330 - root - DEBUG - 4.1.1.7 Value: 0
2023-07-09 18:42:55,330 - root - DEBUG - 4.1.1.8 Value: 13
2023-07-09 18:42:55,330 - root - DEBUG - 4.1.1.9 Value: 10
2023-07-09 18:42:55,330 - root - DEBUG - 4.4 Value: None
2023-07-09 18:42:55,331 - root - DEBUG - 4.4.1 Value: None
2023-07-09 18:42:55,331 - root - DEBUG - 4.4.1.1 Value: 16
2023-07-09 18:42:55,331 - root - DEBUG - 4.4.1.2 Value: 128
2023-07-09 18:42:55,331 - root - DEBUG - 4.4.1.3 Value: 72
2023-07-09 18:42:55,332 - root - DEBUG - 4.4.1.4 Value: 156
2023-07-09 18:42:55,332 - root - DEBUG - 4.4.1.5 Value: 20
2023-07-09 18:42:55,332 - root - DEBUG - 4.4.1.6 Value: 1
2023-07-09 18:42:55,332 - root - DEBUG - 4.4.1.7 Value: 0
2023-07-09 18:42:55,333 - root - DEBUG - 4.4.1.8 Value: 13
2023-07-09 18:42:55,333 - root - DEBUG - 4.4.1.9 Value: 10
2023-07-09 18:42:55,333 - root - DEBUG - 4.4.3 Value: 76
2023-07-09 18:42:55,333 - root - DEBUG - 4.6 Value: None
2023-07-09 18:42:55,334 - root - DEBUG - 4.6.1 Value: None
2023-07-09 18:42:55,334 - root - DEBUG - 4.6.1.1 Value: 16
2023-07-09 18:42:55,334 - root - DEBUG - 4.6.1.2 Value: 39
2023-07-09 18:42:55,334 - root - DEBUG - 4.6.1.3 Value: 72
2023-07-09 18:42:55,334 - root - DEBUG - 4.6.1.4 Value: 67
2023-07-09 18:42:55,334 - root - DEBUG - 4.6.1.5 Value: 20
2023-07-09 18:42:55,334 - root - DEBUG - 4.6.1.6 Value: 1
2023-07-09 18:42:55,335 - root - DEBUG - 4.6.1.7 Value: 0
2023-07-09 18:42:55,335 - root - DEBUG - 4.6.1.8 Value: 77
2023-07-09 18:42:55,335 - root - DEBUG - 4.6.1.9 Value: 10
2023-07-09 18:42:55,335 - root - DEBUG - 4.7 Value: 0
2023-07-09 18:42:55,335 - root - DEBUG - 5 Value: None
2023-07-09 18:42:55,335 - root - DEBUG - 5.1 Value: None
2023-07-09 18:42:55,336 - root - DEBUG - 5.1.9 Value: None
2023-07-09 18:42:55,336 - root - DEBUG - 5.1.9.3 Value: None
2023-07-09 18:42:55,336 - root - DEBUG - 5.1.9.3.1 Value: 34
2023-07-09 18:42:55,336 - root - DEBUG - 5.1.9.3.2 Value: 195
2023-07-09 18:42:55,336 - root - DEBUG - 5.1.9.3.3 Value: 71
2023-07-09 18:42:55,336 - root - DEBUG - 5.1.9.3.4 Value: 223
2023-07-09 18:42:55,337 - root - DEBUG - 5.1.9.3.5 Value: 18
2023-07-09 18:42:55,337 - root - DEBUG - 5.1.9.3.6 Value: 1
2023-07-09 18:42:55,337 - root - DEBUG - 5.1.9.3.7 Value: 0
2023-07-09 18:42:55,337 - root - DEBUG - 5.1.9.3.8 Value: 24
2023-07-09 18:42:55,337 - root - DEBUG - 5.1.9.3.9 Value: 10
2023-07-09 18:42:55,337 - root - DEBUG - 5.1.9.4 Value: 0
2023-07-09 18:42:55,337 - root - DEBUG - 5.1.9.5 Value: 0
2023-07-09 18:42:55,338 - root - DEBUG - 5.1.9.6 Value: None
2023-07-09 18:42:55,339 - root - DEBUG - 5.1.9.6.1 Value: 7
2023-07-09 18:42:55,339 - root - DEBUG - 5.1.9.6.2 Value: 165
2023-07-09 18:42:55,339 - root - DEBUG - 5.1.9.6.3 Value: 34
2023-07-09 18:42:55,339 - root - DEBUG - 5.1.9.6.4 Value: 12
2023-07-09 18:42:55,339 - root - DEBUG - 5.1.9.7 Value: None
2023-07-09 18:42:55,340 - root - DEBUG - 5.1.9.7.1 Value: 7
2023-07-09 18:42:55,341 - root - DEBUG - 5.1.9.7.2 Value: 165
2023-07-09 18:42:55,341 - root - DEBUG - 5.1.9.7.3 Value: 46
2023-07-09 18:42:55,341 - root - DEBUG - 5.1.9.7.4 Value: 12
2023-07-09 18:42:55,342 - root - DEBUG - 5.1.4 Value: 1
2023-07-09 18:42:55,342 - root - DEBUG - 5.1.5 Value: 1
2023-07-09 18:42:55,342 - root - DEBUG - 5.1.6 Value: 0
2023-07-09 18:42:55,342 - root - DEBUG - 5.2 Value: None
2023-07-09 18:42:55,342 - root - DEBUG - 5.2.1 Value: 159
2023-07-09 18:42:55,342 - root - DEBUG - 5.2.2 Value: 5
2023-07-09 18:42:55,343 - root - DEBUG - 5.2.3 Value: 72
2023-07-09 18:42:55,343 - root - DEBUG - 5.2.4 Value: 73
2023-07-09 18:42:55,343 - root - DEBUG - 5.2.5 Value: 74
2023-07-09 18:42:55,343 - root - DEBUG - 5.2.6 Value: 75
2023-07-09 18:42:55,343 - root - DEBUG - 5.4 Value: None
2023-07-09 18:42:55,343 - root - DEBUG - 5.4.1 Value: 207
2023-07-09 18:42:55,343 - root - DEBUG - 5.4.2 Value: 190
2023-07-09 18:42:55,343 - root - DEBUG - 5.4.3 Value: 58
2023-07-09 18:42:55,343 - root - DEBUG - 5.4.4 Value: 7
2023-07-09 18:42:55,344 - root - DEBUG - 5.5 Value: None
2023-07-09 18:42:55,344 - root - DEBUG - 5.5.1 Value: 207
2023-07-09 18:42:55,344 - root - DEBUG - 5.5.2 Value: 190
2023-07-09 18:42:55,344 - root - DEBUG - 5.5.3 Value: 65
2023-07-09 18:42:55,344 - root - DEBUG - 5.5.4 Value: 7
2023-07-09 18:42:55,344 - root - DEBUG - 5.6 Value: None
2023-07-09 18:42:55,345 - root - DEBUG - 5.6.1 Value: 207
2023-07-09 18:42:55,345 - root - DEBUG - 5.6.2 Value: 190
2023-07-09 18:42:55,345 - root - DEBUG - 5.6.3 Value: 65
2023-07-09 18:42:55,345 - root - DEBUG - 5.6.4 Value: 7
2023-07-09 18:42:55,345 - root - DEBUG - 0-Info
2023-07-09 18:42:55,345 - root - DEBUG - 0.1-DeviceId
2023-07-09 18:42:55,345 - root - DEBUG - 2-Background
2023-07-09 18:42:55,345 - root - DEBUG - 2.1-Image
2023-07-09 18:42:55,346 - root - DEBUG - 2.1.1-X
2023-07-09 18:42:55,346 - root - DEBUG - 2.1.2-Y
2023-07-09 18:42:55,346 - root - DEBUG - 2.1.3-ImageIndex
2023-07-09 18:42:55,346 - root - DEBUG - 2.3-Preview
2023-07-09 18:42:55,346 - root - DEBUG - 2.3.1-X
2023-07-09 18:42:55,347 - root - DEBUG - 2.3.2-Y
2023-07-09 18:42:55,347 - root - DEBUG - 2.3.3-ImageIndex
2023-07-09 18:42:55,347 - root - DEBUG - 2.4-PreviewTradChinese
2023-07-09 18:42:55,347 - root - DEBUG - 2.4.1-X
2023-07-09 18:42:55,347 - root - DEBUG - 2.4.2-Y
2023-07-09 18:42:55,347 - root - DEBUG - 2.4.3-ImageIndex
2023-07-09 18:42:55,348 - root - DEBUG - 2.5-PreviewChinese
2023-07-09 18:42:55,348 - root - DEBUG - 2.5.1-X
2023-07-09 18:42:55,348 - root - DEBUG - 2.5.2-Y
2023-07-09 18:42:55,349 - root - DEBUG - 2.5.3-ImageIndex
2023-07-09 18:42:55,349 - root - DEBUG - 3-TimeExtended
2023-07-09 18:42:55,349 - root - DEBUG - 3.1-TimeSeparateDigits
2023-07-09 18:42:55,349 - root - DEBUG - 3.1.1-Hours
2023-07-09 18:42:55,350 - root - DEBUG - 3.1.1.1-Tens
2023-07-09 18:42:55,350 - root - DEBUG - 3.1.1.1.1-X
2023-07-09 18:42:55,350 - root - DEBUG - 3.1.1.1.2-Y
2023-07-09 18:42:55,350 - root - DEBUG - 3.1.1.1.3-ImageIndex
2023-07-09 18:42:55,350 - root - DEBUG - 3.1.1.1.4-ImagesCount
2023-07-09 18:42:55,350 - root - DEBUG - 3.1.1.2-Ones
2023-07-09 18:42:55,351 - root - DEBUG - 3.1.1.2.1-X
2023-07-09 18:42:55,351 - root - DEBUG - 3.1.1.2.2-Y
2023-07-09 18:42:55,351 - root - DEBUG - 3.1.1.2.3-ImageIndex
2023-07-09 18:42:55,351 - root - DEBUG - 3.1.1.2.4-ImagesCount
2023-07-09 18:42:55,351 - root - DEBUG - 3.1.2-Minutes
2023-07-09 18:42:55,352 - root - DEBUG - 3.1.2.1-Tens
2023-07-09 18:42:55,352 - root - DEBUG - 3.1.2.1.1-X
2023-07-09 18:42:55,352 - root - DEBUG - 3.1.2.1.2-Y
2023-07-09 18:42:55,353 - root - DEBUG - 3.1.2.1.3-ImageIndex
2023-07-09 18:42:55,353 - root - DEBUG - 3.1.2.1.4-ImagesCount
2023-07-09 18:42:55,353 - root - DEBUG - 3.1.2.2-Ones
2023-07-09 18:42:55,353 - root - DEBUG - 3.1.2.2.1-X
2023-07-09 18:42:55,354 - root - DEBUG - 3.1.2.2.2-Y
2023-07-09 18:42:55,354 - root - DEBUG - 3.1.2.2.3-ImageIndex
2023-07-09 18:42:55,354 - root - DEBUG - 3.1.2.2.4-ImagesCount
2023-07-09 18:42:55,354 - root - DEBUG - 3.1.3-Seconds
2023-07-09 18:42:55,354 - root - DEBUG - 3.1.3.1-Tens
2023-07-09 18:42:55,355 - root - DEBUG - 3.1.3.1.1-X
2023-07-09 18:42:55,355 - root - DEBUG - 3.1.3.1.2-Y
2023-07-09 18:42:55,355 - root - DEBUG - 3.1.3.1.3-ImageIndex
2023-07-09 18:42:55,355 - root - DEBUG - 3.1.3.1.4-ImagesCount
2023-07-09 18:42:55,356 - root - DEBUG - 3.1.3.2-Ones
2023-07-09 18:42:55,356 - root - DEBUG - 3.1.3.2.1-X
2023-07-09 18:42:55,356 - root - DEBUG - 3.1.3.2.2-Y
2023-07-09 18:42:55,356 - root - DEBUG - 3.1.3.2.3-ImageIndex
2023-07-09 18:42:55,356 - root - DEBUG - 3.1.3.2.4-ImagesCount
2023-07-09 18:42:55,357 - root - DEBUG - 3.1.5-SeparatorHours
2023-07-09 18:42:55,358 - root - DEBUG - 3.1.5.1-X
2023-07-09 18:42:55,358 - root - DEBUG - 3.1.5.2-Y
2023-07-09 18:42:55,358 - root - DEBUG - 3.1.5.3-ImageIndex
2023-07-09 18:42:55,358 - root - DEBUG - 3.1.7-UnknowBoolean7
2023-07-09 18:42:55,359 - root - DEBUG - 3.1.8-PaddingZeroMinutes
2023-07-09 18:42:55,359 - root - DEBUG - 4-Activity
2023-07-09 18:42:55,359 - root - DEBUG - 4.1-Steps
2023-07-09 18:42:55,359 - root - DEBUG - 4.1.1-ImageNumber
2023-07-09 18:42:55,359 - root - DEBUG - 4.1.1.1-TopLeftX
2023-07-09 18:42:55,359 - root - DEBUG - 4.1.1.2-TopLeftY
2023-07-09 18:42:55,360 - root - DEBUG - 4.1.1.3-BottomRightX
2023-07-09 18:42:55,360 - root - DEBUG - 4.1.1.4-BottomRightY
2023-07-09 18:42:55,360 - root - DEBUG - 4.1.1.5-Alignment
2023-07-09 18:42:55,360 - root - DEBUG - 4.1.1.6-Spacing
2023-07-09 18:42:55,360 - root - DEBUG - 4.1.1.7-VerticalOffset
2023-07-09 18:42:55,361 - root - DEBUG - 4.1.1.8-ImageIndex
2023-07-09 18:42:55,361 - root - DEBUG - 4.1.1.9-ImagesCount
2023-07-09 18:42:55,361 - root - DEBUG - 4.4-HeartRate
2023-07-09 18:42:55,361 - root - DEBUG - 4.4.1-ImageNumber
2023-07-09 18:42:55,361 - root - DEBUG - 4.4.1.1-TopLeftX
2023-07-09 18:42:55,362 - root - DEBUG - 4.4.1.2-TopLeftY
2023-07-09 18:42:55,362 - root - DEBUG - 4.4.1.3-BottomRightX
2023-07-09 18:42:55,362 - root - DEBUG - 4.4.1.4-BottomRightY
2023-07-09 18:42:55,362 - root - DEBUG - 4.4.1.5-Alignment
2023-07-09 18:42:55,362 - root - DEBUG - 4.4.1.6-Spacing
2023-07-09 18:42:55,364 - root - DEBUG - 4.4.1.7-VerticalOffset
2023-07-09 18:42:55,364 - root - DEBUG - 4.4.1.8-ImageIndex
2023-07-09 18:42:55,364 - root - DEBUG - 4.4.1.9-ImagesCount
2023-07-09 18:42:55,364 - root - DEBUG - 4.4.3-NoDataImageIndex
2023-07-09 18:42:55,364 - root - DEBUG - 4.6-PAI
2023-07-09 18:42:55,364 - root - DEBUG - 4.6.1-ImageNumber
2023-07-09 18:42:55,365 - root - DEBUG - 4.6.1.1-TopLeftX
2023-07-09 18:42:55,365 - root - DEBUG - 4.6.1.2-TopLeftY
2023-07-09 18:42:55,365 - root - DEBUG - 4.6.1.3-BottomRightX
2023-07-09 18:42:55,366 - root - DEBUG - 4.6.1.4-BottomRightY
2023-07-09 18:42:55,366 - root - DEBUG - 4.6.1.5-Alignment
2023-07-09 18:42:55,366 - root - DEBUG - 4.6.1.6-Spacing
2023-07-09 18:42:55,366 - root - DEBUG - 4.6.1.7-VerticalOffset
2023-07-09 18:42:55,367 - root - DEBUG - 4.6.1.8-ImageIndex
2023-07-09 18:42:55,367 - root - DEBUG - 4.6.1.9-ImagesCount
2023-07-09 18:42:55,367 - root - DEBUG - 4.7-UnknownLongValue7
2023-07-09 18:42:55,367 - root - DEBUG - 5-DateBlock
2023-07-09 18:42:55,367 - root - DEBUG - 5.1-Date
2023-07-09 18:42:55,368 - root - DEBUG - 5.1.9-YearMonthAndDay
2023-07-09 18:42:55,368 - root - DEBUG - 5.1.9.3-Day
2023-07-09 18:42:55,368 - root - DEBUG - 5.1.9.3.1-TopLeftX
2023-07-09 18:42:55,368 - root - DEBUG - 5.1.9.3.2-TopLeftY
2023-07-09 18:42:55,368 - root - DEBUG - 5.1.9.3.3-BottomRightX
2023-07-09 18:42:55,369 - root - DEBUG - 5.1.9.3.4-BottomRightY
2023-07-09 18:42:55,369 - root - DEBUG - 5.1.9.3.5-Alignment
2023-07-09 18:42:55,369 - root - DEBUG - 5.1.9.3.6-Spacing
2023-07-09 18:42:55,369 - root - DEBUG - 5.1.9.3.7-VerticalOffset
2023-07-09 18:42:55,369 - root - DEBUG - 5.1.9.3.8-ImageIndex
2023-07-09 18:42:55,370 - root - DEBUG - 5.1.9.3.9-ImagesCount
2023-07-09 18:42:55,370 - root - DEBUG - 5.1.9.4-MonthFollowsYear
2023-07-09 18:42:55,370 - root - DEBUG - 5.1.9.5-DayFollowsMonth
2023-07-09 18:42:55,370 - root - DEBUG - 5.1.9.6-MonthAsWord
2023-07-09 18:42:55,370 - root - DEBUG - 5.1.9.6.1-X
2023-07-09 18:42:55,371 - root - DEBUG - 5.1.9.6.2-Y
2023-07-09 18:42:55,371 - root - DEBUG - 5.1.9.6.3-ImageIndex
2023-07-09 18:42:55,371 - root - DEBUG - 5.1.9.6.4-ImagesCount
2023-07-09 18:42:55,371 - root - DEBUG - 5.1.9.7-MonthAsWordChinese
2023-07-09 18:42:55,372 - root - DEBUG - 5.1.9.7.1-X
2023-07-09 18:42:55,372 - root - DEBUG - 5.1.9.7.2-Y
2023-07-09 18:42:55,372 - root - DEBUG - 5.1.9.7.3-ImageIndex
2023-07-09 18:42:55,372 - root - DEBUG - 5.1.9.7.4-ImagesCount
2023-07-09 18:42:55,372 - root - DEBUG - 5.1.4-PaddingZeroMonth
2023-07-09 18:42:55,372 - root - DEBUG - 5.1.5-PaddingZeroDay
2023-07-09 18:42:55,373 - root - DEBUG - 5.1.6-UnknownBoolean6
2023-07-09 18:42:55,373 - root - DEBUG - 5.2-AmPm
2023-07-09 18:42:55,373 - root - DEBUG - 5.2.1-CommonX
2023-07-09 18:42:55,373 - root - DEBUG - 5.2.2-CommonY
2023-07-09 18:42:55,373 - root - DEBUG - 5.2.3-ImageIndexAMCN
2023-07-09 18:42:55,373 - root - DEBUG - 5.2.4-ImageIndexPMCN
2023-07-09 18:42:55,373 - root - DEBUG - 5.2.5-AmImageIndexEN
2023-07-09 18:42:55,373 - root - DEBUG - 5.2.6-PmImageIndexEN
2023-07-09 18:42:55,374 - root - DEBUG - 5.4-Weekday
2023-07-09 18:42:55,374 - root - DEBUG - 5.4.1-X
2023-07-09 18:42:55,374 - root - DEBUG - 5.4.2-Y
2023-07-09 18:42:55,374 - root - DEBUG - 5.4.3-ImageIndex
2023-07-09 18:42:55,374 - root - DEBUG - 5.4.4-ImagesCount
2023-07-09 18:42:55,375 - root - DEBUG - 5.5-WeekdayChinese
2023-07-09 18:42:55,375 - root - DEBUG - 5.5.1-X
2023-07-09 18:42:55,375 - root - DEBUG - 5.5.2-Y
2023-07-09 18:42:55,375 - root - DEBUG - 5.5.3-ImageIndex
2023-07-09 18:42:55,376 - root - DEBUG - 5.5.4-ImagesCount
2023-07-09 18:42:55,376 - root - DEBUG - 5.6-WeekdayTradChinese
2023-07-09 18:42:55,376 - root - DEBUG - 5.6.1-X
2023-07-09 18:42:55,376 - root - DEBUG - 5.6.2-Y
2023-07-09 18:42:55,376 - root - DEBUG - 5.6.3-ImageIndex
2023-07-09 18:42:55,376 - root - DEBUG - 5.6.4-ImagesCount
2023-07-09 18:42:55,377 - root - DEBUG - generatePreviews
2023-07-09 18:42:55,377 - root - DEBUG - Generating previews...
2023-07-09 18:42:55,380 - root - DEBUG - Generating states done...
2023-07-09 18:42:55,391 - root - DEBUG - >>>>>>>>>>>> 0 <watchFaceParser.models.parameter.Parameter object at 0x00000197A95CFEB0>
2023-07-09 18:42:55,391 - root - DEBUG - >>>>>>>>>>>> 2 <watchFaceParser.models.parameter.Parameter object at 0x00000197A95C19A0>
2023-07-09 18:42:55,400 - root - DEBUG - >>>>>>>>>>>> 3 <watchFaceParser.models.parameter.Parameter object at 0x00000197A95C93A0>
2023-07-09 18:42:55,410 - root - DEBUG - >>>>>>>>>>>> 4 <watchFaceParser.models.parameter.Parameter object at 0x00000197A95CBD00>
2023-07-09 18:42:55,425 - root - DEBUG - >>>>>>>>>>>> 5 <watchFaceParser.models.parameter.Parameter object at 0x00000197A95A97C0>
2023-07-09 18:42:55,444 - root - DEBUG - Generating static preview gen done...
2023-07-09 18:42:55,544 - root - DEBUG - Generating static preview save done...
2023-07-09 18:42:55,545 - root - DEBUG - Generating anim preview gen done...
2023-07-09 18:42:55,545 - root - DEBUG - >>>>>>>>>>>> 0 <watchFaceParser.models.parameter.Parameter object at 0x00000197A95CFEB0>
2023-07-09 18:42:55,545 - root - DEBUG - >>>>>>>>>>>> 2 <watchFaceParser.models.parameter.Parameter object at 0x00000197A95C19A0>
2023-07-09 18:42:55,545 - root - DEBUG - >>>>>>>>>>>> 3 <watchFaceParser.models.parameter.Parameter object at 0x00000197A95C93A0>
2023-07-09 18:42:55,546 - root - DEBUG - >>>>>>>>>>>> 4 <watchFaceParser.models.parameter.Parameter object at 0x00000197A95CBD00>
2023-07-09 18:42:55,546 - root - DEBUG - >>>>>>>>>>>> 5 <watchFaceParser.models.parameter.Parameter object at 0x00000197A95A97C0>
2023-07-09 18:42:55,716 - root - DEBUG - generatePreviews done
2023-07-09 18:42:55,716 - root - DEBUG - Exporting resources to 'E:\Codez\zepp-bipupro-wf\e7fb2653e13c8747e82ce500ec321d65'
2023-07-09 18:42:55,719 - root - DEBUG - extracting E:\Codez\zepp-bipupro-wf\e7fb2653e13c8747e82ce500ec321d65\0000.png...
2023-07-09 18:42:55,732 - root - DEBUG - extracting E:\Codez\zepp-bipupro-wf\e7fb2653e13c8747e82ce500ec321d65\0001.png...
2023-07-09 18:42:55,744 - root - DEBUG - extracting E:\Codez\zepp-bipupro-wf\e7fb2653e13c8747e82ce500ec321d65\0002.png...
2023-07-09 18:42:55,762 - root - DEBUG - extracting E:\Codez\zepp-bipupro-wf\e7fb2653e13c8747e82ce500ec321d65\0003.png...
2023-07-09 18:42:55,763 - root - DEBUG - extracting E:\Codez\zepp-bipupro-wf\e7fb2653e13c8747e82ce500ec321d65\0004.png...
2023-07-09 18:42:55,766 - root - DEBUG - extracting E:\Codez\zepp-bipupro-wf\e7fb2653e13c8747e82ce500ec321d65\0005.png...
2023-07-09 18:42:55,767 - root - DEBUG - extracting E:\Codez\zepp-bipupro-wf\e7fb2653e13c8747e82ce500ec321d65\0006.png...
2023-07-09 18:42:55,769 - root - DEBUG - extracting E:\Codez\zepp-bipupro-wf\e7fb2653e13c8747e82ce500ec321d65\0007.png...
2023-07-09 18:42:55,770 - root - DEBUG - extracting E:\Codez\zepp-bipupro-wf\e7fb2653e13c8747e82ce500ec321d65\0008.png...
2023-07-09 18:42:55,772 - root - DEBUG - extracting E:\Codez\zepp-bipupro-wf\e7fb2653e13c8747e82ce500ec321d65\0009.png...
2023-07-09 18:42:55,773 - root - DEBUG - extracting E:\Codez\zepp-bipupro-wf\e7fb2653e13c8747e82ce500ec321d65\0010.png...
2023-07-09 18:42:55,775 - root - DEBUG - extracting E:\Codez\zepp-bipupro-wf\e7fb2653e13c8747e82ce500ec321d65\0011.png...
2023-07-09 18:42:55,776 - root - DEBUG - extracting E:\Codez\zepp-bipupro-wf\e7fb2653e13c8747e82ce500ec321d65\0012.png...
2023-07-09 18:42:55,778 - root - DEBUG - extracting E:\Codez\zepp-bipupro-wf\e7fb2653e13c8747e82ce500ec321d65\0013.png...
2023-07-09 18:42:55,779 - root - DEBUG - extracting E:\Codez\zepp-bipupro-wf\e7fb2653e13c8747e82ce500ec321d65\0014.png...
2023-07-09 18:42:55,780 - root - DEBUG - extracting E:\Codez\zepp-bipupro-wf\e7fb2653e13c8747e82ce500ec321d65\0015.png...
2023-07-09 18:42:55,781 - root - DEBUG - extracting E:\Codez\zepp-bipupro-wf\e7fb2653e13c8747e82ce500ec321d65\0016.png...
2023-07-09 18:42:55,783 - root - DEBUG - extracting E:\Codez\zepp-bipupro-wf\e7fb2653e13c8747e82ce500ec321d65\0017.png...
2023-07-09 18:42:55,784 - root - DEBUG - extracting E:\Codez\zepp-bipupro-wf\e7fb2653e13c8747e82ce500ec321d65\0018.png...
2023-07-09 18:42:55,786 - root - DEBUG - extracting E:\Codez\zepp-bipupro-wf\e7fb2653e13c8747e82ce500ec321d65\0019.png...
2023-07-09 18:42:55,787 - root - DEBUG - extracting E:\Codez\zepp-bipupro-wf\e7fb2653e13c8747e82ce500ec321d65\0020.png...
2023-07-09 18:42:55,788 - root - DEBUG - extracting E:\Codez\zepp-bipupro-wf\e7fb2653e13c8747e82ce500ec321d65\0021.png...
2023-07-09 18:42:55,789 - root - DEBUG - extracting E:\Codez\zepp-bipupro-wf\e7fb2653e13c8747e82ce500ec321d65\0022.png...
2023-07-09 18:42:55,790 - root - DEBUG - extracting E:\Codez\zepp-bipupro-wf\e7fb2653e13c8747e82ce500ec321d65\0023.png...
2023-07-09 18:42:55,791 - root - DEBUG - extracting E:\Codez\zepp-bipupro-wf\e7fb2653e13c8747e82ce500ec321d65\0024.png...
2023-07-09 18:42:55,792 - root - DEBUG - extracting E:\Codez\zepp-bipupro-wf\e7fb2653e13c8747e82ce500ec321d65\0025.png...
2023-07-09 18:42:55,793 - root - DEBUG - extracting E:\Codez\zepp-bipupro-wf\e7fb2653e13c8747e82ce500ec321d65\0026.png...
2023-07-09 18:42:55,794 - root - DEBUG - extracting E:\Codez\zepp-bipupro-wf\e7fb2653e13c8747e82ce500ec321d65\0027.png...
2023-07-09 18:42:55,795 - root - DEBUG - extracting E:\Codez\zepp-bipupro-wf\e7fb2653e13c8747e82ce500ec321d65\0028.png...
2023-07-09 18:42:55,796 - root - DEBUG - extracting E:\Codez\zepp-bipupro-wf\e7fb2653e13c8747e82ce500ec321d65\0029.png...
2023-07-09 18:42:55,797 - root - DEBUG - extracting E:\Codez\zepp-bipupro-wf\e7fb2653e13c8747e82ce500ec321d65\0030.png...
2023-07-09 18:42:55,798 - root - DEBUG - extracting E:\Codez\zepp-bipupro-wf\e7fb2653e13c8747e82ce500ec321d65\0031.png...
2023-07-09 18:42:55,800 - root - DEBUG - extracting E:\Codez\zepp-bipupro-wf\e7fb2653e13c8747e82ce500ec321d65\0032.png...
2023-07-09 18:42:55,802 - root - DEBUG - extracting E:\Codez\zepp-bipupro-wf\e7fb2653e13c8747e82ce500ec321d65\0033.png...
2023-07-09 18:42:55,803 - root - DEBUG - extracting E:\Codez\zepp-bipupro-wf\e7fb2653e13c8747e82ce500ec321d65\0034.png...
2023-07-09 18:42:55,804 - root - DEBUG - extracting E:\Codez\zepp-bipupro-wf\e7fb2653e13c8747e82ce500ec321d65\0035.png...
2023-07-09 18:42:55,805 - root - DEBUG - extracting E:\Codez\zepp-bipupro-wf\e7fb2653e13c8747e82ce500ec321d65\0036.png...
2023-07-09 18:42:55,807 - root - DEBUG - extracting E:\Codez\zepp-bipupro-wf\e7fb2653e13c8747e82ce500ec321d65\0037.png...
2023-07-09 18:42:55,808 - root - DEBUG - extracting E:\Codez\zepp-bipupro-wf\e7fb2653e13c8747e82ce500ec321d65\0038.png...
2023-07-09 18:42:55,809 - root - DEBUG - extracting E:\Codez\zepp-bipupro-wf\e7fb2653e13c8747e82ce500ec321d65\0039.png...
2023-07-09 18:42:55,811 - root - DEBUG - extracting E:\Codez\zepp-bipupro-wf\e7fb2653e13c8747e82ce500ec321d65\0040.png...
2023-07-09 18:42:55,812 - root - DEBUG - extracting E:\Codez\zepp-bipupro-wf\e7fb2653e13c8747e82ce500ec321d65\0041.png...
2023-07-09 18:42:55,813 - root - DEBUG - extracting E:\Codez\zepp-bipupro-wf\e7fb2653e13c8747e82ce500ec321d65\0042.png...
2023-07-09 18:42:55,814 - root - DEBUG - extracting E:\Codez\zepp-bipupro-wf\e7fb2653e13c8747e82ce500ec321d65\0043.png...
2023-07-09 18:42:55,816 - root - DEBUG - extracting E:\Codez\zepp-bipupro-wf\e7fb2653e13c8747e82ce500ec321d65\0044.png...
2023-07-09 18:42:55,817 - root - DEBUG - extracting E:\Codez\zepp-bipupro-wf\e7fb2653e13c8747e82ce500ec321d65\0045.png...
2023-07-09 18:42:55,819 - root - DEBUG - extracting E:\Codez\zepp-bipupro-wf\e7fb2653e13c8747e82ce500ec321d65\0046.png...
2023-07-09 18:42:55,821 - root - DEBUG - extracting E:\Codez\zepp-bipupro-wf\e7fb2653e13c8747e82ce500ec321d65\0047.png...
2023-07-09 18:42:55,821 - root - DEBUG - extracting E:\Codez\zepp-bipupro-wf\e7fb2653e13c8747e82ce500ec321d65\0048.png...
2023-07-09 18:42:55,823 - root - DEBUG - extracting E:\Codez\zepp-bipupro-wf\e7fb2653e13c8747e82ce500ec321d65\0049.png...
2023-07-09 18:42:55,824 - root - DEBUG - extracting E:\Codez\zepp-bipupro-wf\e7fb2653e13c8747e82ce500ec321d65\0050.png...
2023-07-09 18:42:55,825 - root - DEBUG - extracting E:\Codez\zepp-bipupro-wf\e7fb2653e13c8747e82ce500ec321d65\0051.png...
2023-07-09 18:42:55,827 - root - DEBUG - extracting E:\Codez\zepp-bipupro-wf\e7fb2653e13c8747e82ce500ec321d65\0052.png...
2023-07-09 18:42:55,828 - root - DEBUG - extracting E:\Codez\zepp-bipupro-wf\e7fb2653e13c8747e82ce500ec321d65\0053.png...
2023-07-09 18:42:55,830 - root - DEBUG - extracting E:\Codez\zepp-bipupro-wf\e7fb2653e13c8747e82ce500ec321d65\0054.png...
2023-07-09 18:42:55,831 - root - DEBUG - extracting E:\Codez\zepp-bipupro-wf\e7fb2653e13c8747e82ce500ec321d65\0055.png...
2023-07-09 18:42:55,833 - root - DEBUG - extracting E:\Codez\zepp-bipupro-wf\e7fb2653e13c8747e82ce500ec321d65\0056.png...
2023-07-09 18:42:55,835 - root - DEBUG - extracting E:\Codez\zepp-bipupro-wf\e7fb2653e13c8747e82ce500ec321d65\0057.png...
2023-07-09 18:42:55,836 - root - DEBUG - extracting E:\Codez\zepp-bipupro-wf\e7fb2653e13c8747e82ce500ec321d65\0058.png...
2023-07-09 18:42:55,837 - root - DEBUG - extracting E:\Codez\zepp-bipupro-wf\e7fb2653e13c8747e82ce500ec321d65\0059.png...
2023-07-09 18:42:55,839 - root - DEBUG - extracting E:\Codez\zepp-bipupro-wf\e7fb2653e13c8747e82ce500ec321d65\0060.png...
2023-07-09 18:42:55,841 - root - DEBUG - extracting E:\Codez\zepp-bipupro-wf\e7fb2653e13c8747e82ce500ec321d65\0061.png...
2023-07-09 18:42:55,843 - root - DEBUG - extracting E:\Codez\zepp-bipupro-wf\e7fb2653e13c8747e82ce500ec321d65\0062.png...
2023-07-09 18:42:55,844 - root - DEBUG - extracting E:\Codez\zepp-bipupro-wf\e7fb2653e13c8747e82ce500ec321d65\0063.png...
2023-07-09 18:42:55,845 - root - DEBUG - extracting E:\Codez\zepp-bipupro-wf\e7fb2653e13c8747e82ce500ec321d65\0064.png...
2023-07-09 18:42:55,847 - root - DEBUG - extracting E:\Codez\zepp-bipupro-wf\e7fb2653e13c8747e82ce500ec321d65\0065.png...
2023-07-09 18:42:55,848 - root - DEBUG - extracting E:\Codez\zepp-bipupro-wf\e7fb2653e13c8747e82ce500ec321d65\0066.png...
2023-07-09 18:42:55,850 - root - DEBUG - extracting E:\Codez\zepp-bipupro-wf\e7fb2653e13c8747e82ce500ec321d65\0067.png...
2023-07-09 18:42:55,852 - root - DEBUG - extracting E:\Codez\zepp-bipupro-wf\e7fb2653e13c8747e82ce500ec321d65\0068.png...
2023-07-09 18:42:55,853 - root - DEBUG - extracting E:\Codez\zepp-bipupro-wf\e7fb2653e13c8747e82ce500ec321d65\0069.png...
2023-07-09 18:42:55,856 - root - DEBUG - extracting E:\Codez\zepp-bipupro-wf\e7fb2653e13c8747e82ce500ec321d65\0070.png...
2023-07-09 18:42:55,857 - root - DEBUG - extracting E:\Codez\zepp-bipupro-wf\e7fb2653e13c8747e82ce500ec321d65\0071.png...
2023-07-09 18:42:55,859 - root - DEBUG - extracting E:\Codez\zepp-bipupro-wf\e7fb2653e13c8747e82ce500ec321d65\0072.png...
2023-07-09 18:42:55,861 - root - DEBUG - extracting E:\Codez\zepp-bipupro-wf\e7fb2653e13c8747e82ce500ec321d65\0073.png...
2023-07-09 18:42:55,862 - root - DEBUG - extracting E:\Codez\zepp-bipupro-wf\e7fb2653e13c8747e82ce500ec321d65\0074.png...
2023-07-09 18:42:55,863 - root - DEBUG - extracting E:\Codez\zepp-bipupro-wf\e7fb2653e13c8747e82ce500ec321d65\0075.png...
2023-07-09 18:42:55,864 - root - DEBUG - extracting E:\Codez\zepp-bipupro-wf\e7fb2653e13c8747e82ce500ec321d65\0076.png...
2023-07-09 18:42:55,866 - root - DEBUG - extracting E:\Codez\zepp-bipupro-wf\e7fb2653e13c8747e82ce500ec321d65\0077.png...
2023-07-09 18:42:55,867 - root - DEBUG - extracting E:\Codez\zepp-bipupro-wf\e7fb2653e13c8747e82ce500ec321d65\0078.png...
2023-07-09 18:42:55,868 - root - DEBUG - extracting E:\Codez\zepp-bipupro-wf\e7fb2653e13c8747e82ce500ec321d65\0079.png...
2023-07-09 18:42:55,869 - root - DEBUG - extracting E:\Codez\zepp-bipupro-wf\e7fb2653e13c8747e82ce500ec321d65\0080.png...
2023-07-09 18:42:55,870 - root - DEBUG - extracting E:\Codez\zepp-bipupro-wf\e7fb2653e13c8747e82ce500ec321d65\0081.png...
2023-07-09 18:42:55,871 - root - DEBUG - extracting E:\Codez\zepp-bipupro-wf\e7fb2653e13c8747e82ce500ec321d65\0082.png...
2023-07-09 18:42:55,872 - root - DEBUG - extracting E:\Codez\zepp-bipupro-wf\e7fb2653e13c8747e82ce500ec321d65\0083.png...
2023-07-09 18:42:55,873 - root - DEBUG - extracting E:\Codez\zepp-bipupro-wf\e7fb2653e13c8747e82ce500ec321d65\0084.png...
2023-07-09 18:42:55,875 - root - DEBUG - extracting E:\Codez\zepp-bipupro-wf\e7fb2653e13c8747e82ce500ec321d65\0085.png...
2023-07-09 18:42:55,876 - root - DEBUG - extracting E:\Codez\zepp-bipupro-wf\e7fb2653e13c8747e82ce500ec321d65\0086.png...
2023-07-09 18:42:55,877 - root - DEBUG - Exporting config...
