2023-07-09 18:41:52,742 - root - DEBUG - Opening watch face 'E:\Codez\zepp-bipupro-wf\7902d1d81370aac143a40a081dbcde52.bin'
2023-07-09 18:41:52,758 - root - DEBUG - Reading parameters...
2023-07-09 18:41:52,758 - root - INFO - Reading header...
2023-07-09 18:41:52,760 - root - INFO - Header was read:
2023-07-09 18:41:52,760 - root - INFO - Signature: b'UIHH\x01\x00\xff', Unknown: 68, ParametersSize: 68, isValid: True, deviceId: 71
2023-07-09 18:41:52,760 - root - INFO - Reading parameter offsets...
2023-07-09 18:41:52,760 - root - INFO - Parameter offsets were read from file
2023-07-09 18:41:52,760 - root - INFO - Reading parameters descriptor...
2023-07-09 18:41:52,760 - root - INFO - 1 ( A): 5 bytes
2023-07-09 18:41:52,760 - root - INFO -     1 ( 8): 225 E1
2023-07-09 18:41:52,760 - root - INFO -     2 (10): 92 5C
2023-07-09 18:41:52,760 - root - INFO - getParameters descriptor was read:
2023-07-09 18:41:52,760 - root - INFO - ParametersTableLength: 225, ImagesCount: 92
2023-07-09 18:41:52,760 - root - INFO - Reading parameters locations...
2023-07-09 18:41:52,760 - root - INFO - 2 (12): 4 bytes
2023-07-09 18:41:52,760 - root - INFO -     1 ( 8): 0  0
2023-07-09 18:41:52,760 - root - INFO -     2 (10): 32 20
2023-07-09 18:41:52,760 - root - INFO - 3 (1A): 4 bytes
2023-07-09 18:41:52,760 - root - INFO -     1 ( 8): 32 20
2023-07-09 18:41:52,760 - root - INFO -     2 (10): 54 36
2023-07-09 18:41:52,760 - root - INFO - 4 (22): 4 bytes
2023-07-09 18:41:52,760 - root - INFO -     1 ( 8): 106 6A
2023-07-09 18:41:52,760 - root - INFO -     2 (10): 26 1A
2023-07-09 18:41:52,760 - root - INFO - 5 (2A): 4 bytes
2023-07-09 18:41:52,760 - root - INFO -     1 ( 8): 86 56
2023-07-09 18:41:52,760 - root - INFO -     2 (10): 20 14
2023-07-09 18:41:52,760 - root - INFO - 7 (3A): 5 bytes
2023-07-09 18:41:52,760 - root - INFO -     1 ( 8): 132 84
2023-07-09 18:41:52,760 - root - INFO -     2 (10): 12  C
2023-07-09 18:41:52,760 - root - INFO - 12 (62): 5 bytes
2023-07-09 18:41:52,760 - root - INFO -     1 ( 8): 144 90
2023-07-09 18:41:52,760 - root - INFO -     2 (10): 47 2F
2023-07-09 18:41:52,760 - root - INFO - 15 (7A): 5 bytes
2023-07-09 18:41:52,760 - root - INFO -     1 ( 8): 191 BF
2023-07-09 18:41:52,760 - root - INFO -     2 (10): 12  C
2023-07-09 18:41:52,760 - root - INFO - 23 (BA): 5 bytes
2023-07-09 18:41:52,760 - root - INFO -     1 ( 8): 203 CB
2023-07-09 18:41:52,760 - root - INFO -     2 (10): 10  A
2023-07-09 18:41:52,760 - root - INFO - 24 (C2): 5 bytes
2023-07-09 18:41:52,760 - root - INFO -     1 ( 8): 213 D5
2023-07-09 18:41:52,760 - root - INFO -     2 (10): 12  C
2023-07-09 18:41:52,760 - root - INFO - Watch face parameters locations were read:
2023-07-09 18:41:52,760 - root - INFO - Reading descriptor for parameter 2
2023-07-09 18:41:52,760 - root - INFO - Descriptor offset: 0, Descriptor length: 32
2023-07-09 18:41:52,760 - root - INFO - Parsing descriptor for parameter 2...
2023-07-09 18:41:52,760 - root - INFO - 1 ( A): 6 bytes
2023-07-09 18:41:52,760 - root - INFO -     1 ( 8): 0  0
2023-07-09 18:41:52,760 - root - INFO -     2 (10): 0  0
2023-07-09 18:41:52,760 - root - INFO -     3 (18): 0  0
2023-07-09 18:41:52,760 - root - INFO - 3 (1A): 6 bytes
2023-07-09 18:41:52,760 - root - INFO -     1 ( 8): 18 12
2023-07-09 18:41:52,760 - root - INFO -     2 (10): 17 11
2023-07-09 18:41:52,760 - root - INFO -     3 (18): 1  1
2023-07-09 18:41:52,760 - root - INFO - 4 (22): 6 bytes
2023-07-09 18:41:52,760 - root - INFO -     1 ( 8): 18 12
2023-07-09 18:41:52,760 - root - INFO -     2 (10): 17 11
2023-07-09 18:41:52,760 - root - INFO -     3 (18): 1  1
2023-07-09 18:41:52,760 - root - INFO - 5 (2A): 6 bytes
2023-07-09 18:41:52,760 - root - INFO -     1 ( 8): 18 12
2023-07-09 18:41:52,760 - root - INFO -     2 (10): 17 11
2023-07-09 18:41:52,760 - root - INFO -     3 (18): 1  1
2023-07-09 18:41:52,770 - root - INFO - Reading descriptor for parameter 3
2023-07-09 18:41:52,770 - root - INFO - Descriptor offset: 32, Descriptor length: 54
2023-07-09 18:41:52,770 - root - INFO - Parsing descriptor for parameter 3...
2023-07-09 18:41:52,770 - root - INFO - 1 ( A): 52 bytes
2023-07-09 18:41:52,770 - root - INFO -     1 ( A): 22 bytes
2023-07-09 18:41:52,770 - root - INFO -         1 ( A): 9 bytes
2023-07-09 18:41:52,770 - root - INFO -             1 ( 8): 30 1E
2023-07-09 18:41:52,770 - root - INFO -             2 (10): 261 105
2023-07-09 18:41:52,770 - root - INFO -             3 (18): 2  2
2023-07-09 18:41:52,770 - root - INFO -             4 (20): 10  A
2023-07-09 18:41:52,770 - root - INFO -         2 (12): 9 bytes
2023-07-09 18:41:52,770 - root - INFO -             1 ( 8): 54 36
2023-07-09 18:41:52,770 - root - INFO -             2 (10): 261 105
2023-07-09 18:41:52,770 - root - INFO -             3 (18): 2  2
2023-07-09 18:41:52,770 - root - INFO -             4 (20): 10  A
2023-07-09 18:41:52,770 - root - INFO -     2 (12): 22 bytes
2023-07-09 18:41:52,770 - root - INFO -         1 ( A): 9 bytes
2023-07-09 18:41:52,770 - root - INFO -             1 ( 8): 80 50
2023-07-09 18:41:52,770 - root - INFO -             2 (10): 261 105
2023-07-09 18:41:52,770 - root - INFO -             3 (18): 12  C
2023-07-09 18:41:52,770 - root - INFO -             4 (20): 10  A
2023-07-09 18:41:52,770 - root - INFO -         2 (12): 9 bytes
2023-07-09 18:41:52,770 - root - INFO -             1 ( 8): 104 68
2023-07-09 18:41:52,774 - root - INFO -             2 (10): 261 105
2023-07-09 18:41:52,774 - root - INFO -             3 (18): 12  C
2023-07-09 18:41:52,774 - root - INFO -             4 (20): 10  A
2023-07-09 18:41:52,774 - root - INFO -     7 (38): 0  0
2023-07-09 18:41:52,774 - root - INFO -     8 (40): 1  1
2023-07-09 18:41:52,774 - root - INFO - Reading descriptor for parameter 4
2023-07-09 18:41:52,774 - root - INFO - Descriptor offset: 106, Descriptor length: 26
2023-07-09 18:41:52,774 - root - INFO - Parsing descriptor for parameter 4...
2023-07-09 18:41:52,774 - root - INFO - 6 (32): 22 bytes
2023-07-09 18:41:52,774 - root - INFO -     1 ( A): 20 bytes
2023-07-09 18:41:52,774 - root - INFO -         1 ( 8): 76 4C
2023-07-09 18:41:52,774 - root - INFO -         2 (10): 87 57
2023-07-09 18:41:52,774 - root - INFO -         3 (18): 174 AE
2023-07-09 18:41:52,774 - root - INFO -         4 (20): 138 8A
2023-07-09 18:41:52,774 - root - INFO -         5 (28): 24 18
2023-07-09 18:41:52,774 - root - INFO -         6 (30): 4  4
2023-07-09 18:41:52,774 - root - INFO -         7 (38): 0  0
2023-07-09 18:41:52,774 - root - INFO -         8 (40): 24 18
2023-07-09 18:41:52,774 - root - INFO -         9 (48): 10  A
2023-07-09 18:41:52,774 - root - INFO - 7 (38): 0  0
2023-07-09 18:41:52,774 - root - INFO - Reading descriptor for parameter 5
2023-07-09 18:41:52,774 - root - INFO - Descriptor offset: 86, Descriptor length: 20
2023-07-09 18:41:52,774 - root - INFO - Parsing descriptor for parameter 5...
2023-07-09 18:41:52,774 - root - INFO - 1 ( A): 6 bytes
2023-07-09 18:41:52,774 - root - INFO -     4 (20): 1  1
2023-07-09 18:41:52,774 - root - INFO -     5 (28): 1  1
2023-07-09 18:41:52,774 - root - INFO -     6 (30): 0  0
2023-07-09 18:41:52,774 - root - INFO - 2 (12): 10 bytes
2023-07-09 18:41:52,774 - root - INFO -     1 ( 8): 130 82
2023-07-09 18:41:52,774 - root - INFO -     2 (10): 280 118
2023-07-09 18:41:52,774 - root - INFO -     5 (28): 22 16
2023-07-09 18:41:52,774 - root - INFO -     6 (30): 23 17
2023-07-09 18:41:52,774 - root - INFO - Reading descriptor for parameter 7
2023-07-09 18:41:52,774 - root - INFO - Descriptor offset: 132, Descriptor length: 12
2023-07-09 18:41:52,774 - root - INFO - Parsing descriptor for parameter 7...
2023-07-09 18:41:52,774 - root - INFO - 2 (12): 10 bytes
2023-07-09 18:41:52,774 - root - INFO -     1 ( 8): 218 DA
2023-07-09 18:41:52,774 - root - INFO -     2 (10): 232 E8
2023-07-09 18:41:52,774 - root - INFO -     3 (18): 34 22
2023-07-09 18:41:52,774 - root - INFO -     4 (20): 10  A
2023-07-09 18:41:52,781 - root - INFO - Reading descriptor for parameter 12
2023-07-09 18:41:52,781 - root - INFO - Descriptor offset: 144, Descriptor length: 47
2023-07-09 18:41:52,781 - root - INFO - Parsing descriptor for parameter 12...
2023-07-09 18:41:52,781 - root - INFO - 3 (1A): 45 bytes
2023-07-09 18:41:52,781 - root - INFO -     1 ( 8): 44 2C
2023-07-09 18:41:52,781 - root - INFO -     2 (12): 5 bytes
2023-07-09 18:41:52,781 - root - INFO -         1 ( 8): 254 FE
2023-07-09 18:41:52,781 - root - INFO -         2 (10): 67 43
2023-07-09 18:41:52,781 - root - INFO -     2 (12): 5 bytes
2023-07-09 18:41:52,781 - root - INFO -         1 ( 8): 254 FE
2023-07-09 18:41:52,781 - root - INFO -         2 (10): 82 52
2023-07-09 18:41:52,781 - root - INFO -     2 (12): 5 bytes
2023-07-09 18:41:52,781 - root - INFO -         1 ( 8): 254 FE
2023-07-09 18:41:52,781 - root - INFO -         2 (10): 96 60
2023-07-09 18:41:52,781 - root - INFO -     2 (12): 5 bytes
2023-07-09 18:41:52,781 - root - INFO -         1 ( 8): 254 FE
2023-07-09 18:41:52,781 - root - INFO -         2 (10): 110 6E
2023-07-09 18:41:52,781 - root - INFO -     2 (12): 5 bytes
2023-07-09 18:41:52,781 - root - INFO -         1 ( 8): 254 FE
2023-07-09 18:41:52,781 - root - INFO -         2 (10): 124 7C
2023-07-09 18:41:52,781 - root - INFO -     2 (12): 6 bytes
2023-07-09 18:41:52,781 - root - INFO -         1 ( 8): 254 FE
2023-07-09 18:41:52,781 - root - INFO -         2 (10): 138 8A
2023-07-09 18:41:52,781 - root - INFO - Reading descriptor for parameter 15
2023-07-09 18:41:52,781 - root - INFO - Descriptor offset: 191, Descriptor length: 12
2023-07-09 18:41:52,781 - root - INFO - Parsing descriptor for parameter 15...
2023-07-09 18:41:52,781 - root - INFO - 2 (12): 10 bytes
2023-07-09 18:41:52,781 - root - INFO -     1 ( 8): 207 CF
2023-07-09 18:41:52,781 - root - INFO -     2 (10): 221 DD
2023-07-09 18:41:52,781 - root - INFO -     3 (18): 50 32
2023-07-09 18:41:52,781 - root - INFO -     4 (20): 20 14
2023-07-09 18:41:52,781 - root - INFO - Reading descriptor for parameter 23
2023-07-09 18:41:52,781 - root - INFO - Descriptor offset: 203, Descriptor length: 10
2023-07-09 18:41:52,781 - root - INFO - Parsing descriptor for parameter 23...
2023-07-09 18:41:52,781 - root - INFO - 2 (12): 8 bytes
2023-07-09 18:41:52,781 - root - INFO -     1 ( 8): 16 10
2023-07-09 18:41:52,781 - root - INFO -     2 (10): 18 12
2023-07-09 18:41:52,781 - root - INFO -     3 (18): 70 46
2023-07-09 18:41:52,781 - root - INFO -     4 (20): 10  A
2023-07-09 18:41:52,781 - root - INFO - Reading descriptor for parameter 24
2023-07-09 18:41:52,781 - root - INFO - Descriptor offset: 213, Descriptor length: 12
2023-07-09 18:41:52,788 - root - INFO - Parsing descriptor for parameter 24...
2023-07-09 18:41:52,788 - root - INFO - 2 (12): 10 bytes
2023-07-09 18:41:52,788 - root - INFO -     1 ( 8): 228 E4
2023-07-09 18:41:52,788 - root - INFO -     2 (10): 242 F2
2023-07-09 18:41:52,788 - root - INFO -     3 (18): 80 50
2023-07-09 18:41:52,788 - root - INFO -     4 (20): 12  C
2023-07-09 18:41:52,791 - root - INFO - Reading resources offsets table with 92 elements (368 bytes)
2023-07-09 18:41:52,791 - root - INFO - Resource 0 offset: 748, length: 22686...
2023-07-09 18:41:52,791 - root - DEBUG - Reading resource 0...
2023-07-09 18:41:52,840 - root - INFO - The image is bme.
2023-07-09 18:41:52,851 - root - INFO - Reading image header(readHeader16E)...
2023-07-09 18:41:52,851 - root - INFO - Image header was read:
2023-07-09 18:41:52,851 - root - INFO - Width: 302, Height: 320, RowLength: 604
2023-07-09 18:41:52,851 - root - INFO - datalength: 22670, _step: 2
2023-07-09 18:41:52,851 - root - INFO - BPP: 16, Transparency: False
2023-07-09 18:41:52,902 - root - INFO - Resource 1 offset: 23434, length: 19626...
2023-07-09 18:41:52,902 - root - DEBUG - Reading resource 1...
2023-07-09 18:41:52,902 - root - INFO - The image is bme.
2023-07-09 18:41:52,902 - root - INFO - Reading image header(readHeader16E)...
2023-07-09 18:41:52,902 - root - INFO - Image header was read:
2023-07-09 18:41:52,902 - root - INFO - Width: 202, Height: 215, RowLength: 404
2023-07-09 18:41:52,902 - root - INFO - datalength: 19610, _step: 2
2023-07-09 18:41:52,902 - root - INFO - BPP: 16, Transparency: False
2023-07-09 18:41:52,950 - root - INFO - Resource 2 offset: 43060, length: 1012...
2023-07-09 18:41:52,950 - root - DEBUG - Reading resource 2...
2023-07-09 18:41:52,950 - root - INFO - The image is bme.
2023-07-09 18:41:52,950 - root - INFO - Reading image header(readHeader16E)...
2023-07-09 18:41:52,950 - root - INFO - Image header was read:
2023-07-09 18:41:52,950 - root - INFO - Width: 22, Height: 32, RowLength: 44
2023-07-09 18:41:52,950 - root - INFO - datalength: 996, _step: 2
2023-07-09 18:41:52,950 - root - INFO - BPP: 16, Transparency: False
2023-07-09 18:41:52,961 - root - INFO - Resource 3 offset: 44072, length: 592...
2023-07-09 18:41:52,961 - root - DEBUG - Reading resource 3...
2023-07-09 18:41:52,961 - root - INFO - The image is bme.
2023-07-09 18:41:52,961 - root - INFO - Reading image header(readHeader16E)...
2023-07-09 18:41:52,961 - root - INFO - Image header was read:
2023-07-09 18:41:52,961 - root - INFO - Width: 22, Height: 32, RowLength: 44
2023-07-09 18:41:52,961 - root - INFO - datalength: 576, _step: 2
2023-07-09 18:41:52,961 - root - INFO - BPP: 16, Transparency: False
2023-07-09 18:41:52,965 - root - INFO - Resource 4 offset: 44664, length: 868...
2023-07-09 18:41:52,965 - root - DEBUG - Reading resource 4...
2023-07-09 18:41:52,965 - root - INFO - The image is bme.
2023-07-09 18:41:52,965 - root - INFO - Reading image header(readHeader16E)...
2023-07-09 18:41:52,965 - root - INFO - Image header was read:
2023-07-09 18:41:52,965 - root - INFO - Width: 22, Height: 32, RowLength: 44
2023-07-09 18:41:52,965 - root - INFO - datalength: 852, _step: 2
2023-07-09 18:41:52,965 - root - INFO - BPP: 16, Transparency: False
2023-07-09 18:41:52,970 - root - INFO - Resource 5 offset: 45532, length: 890...
2023-07-09 18:41:52,970 - root - DEBUG - Reading resource 5...
2023-07-09 18:41:52,970 - root - INFO - The image is bme.
2023-07-09 18:41:52,970 - root - INFO - Reading image header(readHeader16E)...
2023-07-09 18:41:52,970 - root - INFO - Image header was read:
2023-07-09 18:41:52,970 - root - INFO - Width: 22, Height: 32, RowLength: 44
2023-07-09 18:41:52,970 - root - INFO - datalength: 874, _step: 2
2023-07-09 18:41:52,970 - root - INFO - BPP: 16, Transparency: False
2023-07-09 18:41:52,970 - root - INFO - Resource 6 offset: 46422, length: 908...
2023-07-09 18:41:52,970 - root - DEBUG - Reading resource 6...
2023-07-09 18:41:52,970 - root - INFO - The image is bme.
2023-07-09 18:41:52,970 - root - INFO - Reading image header(readHeader16E)...
2023-07-09 18:41:52,970 - root - INFO - Image header was read:
2023-07-09 18:41:52,970 - root - INFO - Width: 22, Height: 32, RowLength: 44
2023-07-09 18:41:52,970 - root - INFO - datalength: 892, _step: 2
2023-07-09 18:41:52,970 - root - INFO - BPP: 16, Transparency: False
2023-07-09 18:41:52,970 - root - INFO - Resource 7 offset: 47330, length: 924...
2023-07-09 18:41:52,970 - root - DEBUG - Reading resource 7...
2023-07-09 18:41:52,970 - root - INFO - The image is bme.
2023-07-09 18:41:52,970 - root - INFO - Reading image header(readHeader16E)...
2023-07-09 18:41:52,970 - root - INFO - Image header was read:
2023-07-09 18:41:52,970 - root - INFO - Width: 22, Height: 32, RowLength: 44
2023-07-09 18:41:52,970 - root - INFO - datalength: 908, _step: 2
2023-07-09 18:41:52,970 - root - INFO - BPP: 16, Transparency: False
2023-07-09 18:41:52,981 - root - INFO - Resource 8 offset: 48254, length: 1028...
2023-07-09 18:41:52,981 - root - DEBUG - Reading resource 8...
2023-07-09 18:41:52,981 - root - INFO - The image is bme.
2023-07-09 18:41:52,981 - root - INFO - Reading image header(readHeader16E)...
2023-07-09 18:41:52,982 - root - INFO - Image header was read:
2023-07-09 18:41:52,982 - root - INFO - Width: 22, Height: 32, RowLength: 44
2023-07-09 18:41:52,982 - root - INFO - datalength: 1012, _step: 2
2023-07-09 18:41:52,982 - root - INFO - BPP: 16, Transparency: False
2023-07-09 18:41:52,985 - root - INFO - Resource 9 offset: 49282, length: 696...
2023-07-09 18:41:52,986 - root - DEBUG - Reading resource 9...
2023-07-09 18:41:52,986 - root - INFO - The image is bme.
2023-07-09 18:41:52,986 - root - INFO - Reading image header(readHeader16E)...
2023-07-09 18:41:52,986 - root - INFO - Image header was read:
2023-07-09 18:41:52,986 - root - INFO - Width: 22, Height: 32, RowLength: 44
2023-07-09 18:41:52,986 - root - INFO - datalength: 680, _step: 2
2023-07-09 18:41:52,986 - root - INFO - BPP: 16, Transparency: False
2023-07-09 18:41:52,989 - root - INFO - Resource 10 offset: 49978, length: 1058...
2023-07-09 18:41:52,989 - root - DEBUG - Reading resource 10...
2023-07-09 18:41:52,989 - root - INFO - The image is bme.
2023-07-09 18:41:52,989 - root - INFO - Reading image header(readHeader16E)...
2023-07-09 18:41:52,989 - root - INFO - Image header was read:
2023-07-09 18:41:52,989 - root - INFO - Width: 22, Height: 32, RowLength: 44
2023-07-09 18:41:52,989 - root - INFO - datalength: 1042, _step: 2
2023-07-09 18:41:52,989 - root - INFO - BPP: 16, Transparency: False
2023-07-09 18:41:52,992 - root - INFO - Resource 11 offset: 51036, length: 1032...
2023-07-09 18:41:52,992 - root - DEBUG - Reading resource 11...
2023-07-09 18:41:52,992 - root - INFO - The image is bme.
2023-07-09 18:41:52,992 - root - INFO - Reading image header(readHeader16E)...
2023-07-09 18:41:52,992 - root - INFO - Image header was read:
2023-07-09 18:41:52,992 - root - INFO - Width: 22, Height: 32, RowLength: 44
2023-07-09 18:41:52,993 - root - INFO - datalength: 1016, _step: 2
2023-07-09 18:41:52,993 - root - INFO - BPP: 16, Transparency: False
2023-07-09 18:41:52,995 - root - INFO - Resource 12 offset: 52068, length: 994...
2023-07-09 18:41:52,996 - root - DEBUG - Reading resource 12...
2023-07-09 18:41:52,996 - root - INFO - The image is bme.
2023-07-09 18:41:52,996 - root - INFO - Reading image header(readHeader16E)...
2023-07-09 18:41:52,996 - root - INFO - Image header was read:
2023-07-09 18:41:52,996 - root - INFO - Width: 22, Height: 32, RowLength: 44
2023-07-09 18:41:52,996 - root - INFO - datalength: 978, _step: 2
2023-07-09 18:41:52,997 - root - INFO - BPP: 16, Transparency: False
2023-07-09 18:41:53,001 - root - INFO - Resource 13 offset: 53062, length: 592...
2023-07-09 18:41:53,001 - root - DEBUG - Reading resource 13...
2023-07-09 18:41:53,001 - root - INFO - The image is bme.
2023-07-09 18:41:53,001 - root - INFO - Reading image header(readHeader16E)...
2023-07-09 18:41:53,001 - root - INFO - Image header was read:
2023-07-09 18:41:53,001 - root - INFO - Width: 22, Height: 32, RowLength: 44
2023-07-09 18:41:53,001 - root - INFO - datalength: 576, _step: 2
2023-07-09 18:41:53,001 - root - INFO - BPP: 16, Transparency: False
2023-07-09 18:41:53,003 - root - INFO - Resource 14 offset: 53654, length: 840...
2023-07-09 18:41:53,003 - root - DEBUG - Reading resource 14...
2023-07-09 18:41:53,003 - root - INFO - The image is bme.
2023-07-09 18:41:53,003 - root - INFO - Reading image header(readHeader16E)...
2023-07-09 18:41:53,003 - root - INFO - Image header was read:
2023-07-09 18:41:53,003 - root - INFO - Width: 22, Height: 32, RowLength: 44
2023-07-09 18:41:53,003 - root - INFO - datalength: 824, _step: 2
2023-07-09 18:41:53,004 - root - INFO - BPP: 16, Transparency: False
2023-07-09 18:41:53,006 - root - INFO - Resource 15 offset: 54494, length: 874...
2023-07-09 18:41:53,006 - root - DEBUG - Reading resource 15...
2023-07-09 18:41:53,006 - root - INFO - The image is bme.
2023-07-09 18:41:53,006 - root - INFO - Reading image header(readHeader16E)...
2023-07-09 18:41:53,006 - root - INFO - Image header was read:
2023-07-09 18:41:53,006 - root - INFO - Width: 22, Height: 32, RowLength: 44
2023-07-09 18:41:53,007 - root - INFO - datalength: 858, _step: 2
2023-07-09 18:41:53,007 - root - INFO - BPP: 16, Transparency: False
2023-07-09 18:41:53,009 - root - INFO - Resource 16 offset: 55368, length: 908...
2023-07-09 18:41:53,009 - root - DEBUG - Reading resource 16...
2023-07-09 18:41:53,009 - root - INFO - The image is bme.
2023-07-09 18:41:53,009 - root - INFO - Reading image header(readHeader16E)...
2023-07-09 18:41:53,009 - root - INFO - Image header was read:
2023-07-09 18:41:53,009 - root - INFO - Width: 22, Height: 32, RowLength: 44
2023-07-09 18:41:53,009 - root - INFO - datalength: 892, _step: 2
2023-07-09 18:41:53,009 - root - INFO - BPP: 16, Transparency: False
2023-07-09 18:41:53,013 - root - INFO - Resource 17 offset: 56276, length: 916...
2023-07-09 18:41:53,013 - root - DEBUG - Reading resource 17...
2023-07-09 18:41:53,013 - root - INFO - The image is bme.
2023-07-09 18:41:53,014 - root - INFO - Reading image header(readHeader16E)...
2023-07-09 18:41:53,014 - root - INFO - Image header was read:
2023-07-09 18:41:53,014 - root - INFO - Width: 22, Height: 32, RowLength: 44
2023-07-09 18:41:53,014 - root - INFO - datalength: 900, _step: 2
2023-07-09 18:41:53,014 - root - INFO - BPP: 16, Transparency: False
2023-07-09 18:41:53,017 - root - INFO - Resource 18 offset: 57192, length: 1014...
2023-07-09 18:41:53,017 - root - DEBUG - Reading resource 18...
2023-07-09 18:41:53,017 - root - INFO - The image is bme.
2023-07-09 18:41:53,017 - root - INFO - Reading image header(readHeader16E)...
2023-07-09 18:41:53,017 - root - INFO - Image header was read:
2023-07-09 18:41:53,017 - root - INFO - Width: 22, Height: 32, RowLength: 44
2023-07-09 18:41:53,018 - root - INFO - datalength: 998, _step: 2
2023-07-09 18:41:53,018 - root - INFO - BPP: 16, Transparency: False
2023-07-09 18:41:53,020 - root - INFO - Resource 19 offset: 58206, length: 690...
2023-07-09 18:41:53,020 - root - DEBUG - Reading resource 19...
2023-07-09 18:41:53,021 - root - INFO - The image is bme.
2023-07-09 18:41:53,021 - root - INFO - Reading image header(readHeader16E)...
2023-07-09 18:41:53,021 - root - INFO - Image header was read:
2023-07-09 18:41:53,021 - root - INFO - Width: 22, Height: 32, RowLength: 44
2023-07-09 18:41:53,021 - root - INFO - datalength: 674, _step: 2
2023-07-09 18:41:53,021 - root - INFO - BPP: 16, Transparency: False
2023-07-09 18:41:53,023 - root - INFO - Resource 20 offset: 58896, length: 1044...
2023-07-09 18:41:53,023 - root - DEBUG - Reading resource 20...
2023-07-09 18:41:53,023 - root - INFO - The image is bme.
2023-07-09 18:41:53,023 - root - INFO - Reading image header(readHeader16E)...
2023-07-09 18:41:53,023 - root - INFO - Image header was read:
2023-07-09 18:41:53,023 - root - INFO - Width: 22, Height: 32, RowLength: 44
2023-07-09 18:41:53,023 - root - INFO - datalength: 1028, _step: 2
2023-07-09 18:41:53,023 - root - INFO - BPP: 16, Transparency: False
2023-07-09 18:41:53,026 - root - INFO - Resource 21 offset: 59940, length: 1022...
2023-07-09 18:41:53,026 - root - DEBUG - Reading resource 21...
2023-07-09 18:41:53,026 - root - INFO - The image is bme.
2023-07-09 18:41:53,027 - root - INFO - Reading image header(readHeader16E)...
2023-07-09 18:41:53,027 - root - INFO - Image header was read:
2023-07-09 18:41:53,027 - root - INFO - Width: 22, Height: 32, RowLength: 44
2023-07-09 18:41:53,027 - root - INFO - datalength: 1006, _step: 2
2023-07-09 18:41:53,027 - root - INFO - BPP: 16, Transparency: False
2023-07-09 18:41:53,031 - root - INFO - Resource 22 offset: 60962, length: 532...
2023-07-09 18:41:53,031 - root - DEBUG - Reading resource 22...
2023-07-09 18:41:53,031 - root - INFO - The image is bme.
2023-07-09 18:41:53,031 - root - INFO - Reading image header(readHeader16E)...
2023-07-09 18:41:53,031 - root - INFO - Image header was read:
2023-07-09 18:41:53,031 - root - INFO - Width: 23, Height: 13, RowLength: 46
2023-07-09 18:41:53,032 - root - INFO - datalength: 516, _step: 2
2023-07-09 18:41:53,032 - root - INFO - BPP: 16, Transparency: False
2023-07-09 18:41:53,033 - root - INFO - Resource 23 offset: 61494, length: 504...
2023-07-09 18:41:53,033 - root - DEBUG - Reading resource 23...
2023-07-09 18:41:53,033 - root - INFO - The image is bme.
2023-07-09 18:41:53,033 - root - INFO - Reading image header(readHeader16E)...
2023-07-09 18:41:53,033 - root - INFO - Image header was read:
2023-07-09 18:41:53,033 - root - INFO - Width: 22, Height: 13, RowLength: 44
2023-07-09 18:41:53,034 - root - INFO - datalength: 488, _step: 2
2023-07-09 18:41:53,034 - root - INFO - BPP: 16, Transparency: False
2023-07-09 18:41:53,034 - root - INFO - Resource 24 offset: 61998, length: 2282...
2023-07-09 18:41:53,034 - root - DEBUG - Reading resource 24...
2023-07-09 18:41:53,034 - root - INFO - The image is bme.
2023-07-09 18:41:53,034 - root - INFO - Reading image header(readHeader16E)...
2023-07-09 18:41:53,034 - root - INFO - Image header was read:
2023-07-09 18:41:53,034 - root - INFO - Width: 30, Height: 51, RowLength: 60
2023-07-09 18:41:53,034 - root - INFO - datalength: 2266, _step: 2
2023-07-09 18:41:53,034 - root - INFO - BPP: 16, Transparency: False
2023-07-09 18:41:53,040 - root - INFO - Resource 25 offset: 64280, length: 1206...
2023-07-09 18:41:53,040 - root - DEBUG - Reading resource 25...
2023-07-09 18:41:53,040 - root - INFO - The image is bme.
2023-07-09 18:41:53,040 - root - INFO - Reading image header(readHeader16E)...
2023-07-09 18:41:53,040 - root - INFO - Image header was read:
2023-07-09 18:41:53,040 - root - INFO - Width: 30, Height: 51, RowLength: 60
2023-07-09 18:41:53,040 - root - INFO - datalength: 1190, _step: 2
2023-07-09 18:41:53,040 - root - INFO - BPP: 16, Transparency: False
2023-07-09 18:41:53,045 - root - INFO - Resource 26 offset: 65486, length: 1940...
2023-07-09 18:41:53,045 - root - DEBUG - Reading resource 26...
2023-07-09 18:41:53,045 - root - INFO - The image is bme.
2023-07-09 18:41:53,045 - root - INFO - Reading image header(readHeader16E)...
2023-07-09 18:41:53,045 - root - INFO - Image header was read:
2023-07-09 18:41:53,045 - root - INFO - Width: 30, Height: 51, RowLength: 60
2023-07-09 18:41:53,045 - root - INFO - datalength: 1924, _step: 2
2023-07-09 18:41:53,045 - root - INFO - BPP: 16, Transparency: False
2023-07-09 18:41:53,050 - root - INFO - Resource 27 offset: 67426, length: 1926...
2023-07-09 18:41:53,050 - root - DEBUG - Reading resource 27...
2023-07-09 18:41:53,050 - root - INFO - The image is bme.
2023-07-09 18:41:53,050 - root - INFO - Reading image header(readHeader16E)...
2023-07-09 18:41:53,050 - root - INFO - Image header was read:
2023-07-09 18:41:53,050 - root - INFO - Width: 30, Height: 51, RowLength: 60
2023-07-09 18:41:53,050 - root - INFO - datalength: 1910, _step: 2
2023-07-09 18:41:53,050 - root - INFO - BPP: 16, Transparency: False
2023-07-09 18:41:53,055 - root - INFO - Resource 28 offset: 69352, length: 1770...
2023-07-09 18:41:53,055 - root - DEBUG - Reading resource 28...
2023-07-09 18:41:53,055 - root - INFO - The image is bme.
2023-07-09 18:41:53,055 - root - INFO - Reading image header(readHeader16E)...
2023-07-09 18:41:53,055 - root - INFO - Image header was read:
2023-07-09 18:41:53,055 - root - INFO - Width: 30, Height: 51, RowLength: 60
2023-07-09 18:41:53,055 - root - INFO - datalength: 1754, _step: 2
2023-07-09 18:41:53,055 - root - INFO - BPP: 16, Transparency: False
2023-07-09 18:41:53,060 - root - INFO - Resource 29 offset: 71122, length: 2172...
2023-07-09 18:41:53,060 - root - DEBUG - Reading resource 29...
2023-07-09 18:41:53,065 - root - INFO - The image is bme.
2023-07-09 18:41:53,065 - root - INFO - Reading image header(readHeader16E)...
2023-07-09 18:41:53,065 - root - INFO - Image header was read:
2023-07-09 18:41:53,065 - root - INFO - Width: 30, Height: 51, RowLength: 60
2023-07-09 18:41:53,065 - root - INFO - datalength: 2156, _step: 2
2023-07-09 18:41:53,065 - root - INFO - BPP: 16, Transparency: False
2023-07-09 18:41:53,071 - root - INFO - Resource 30 offset: 73294, length: 2294...
2023-07-09 18:41:53,071 - root - DEBUG - Reading resource 30...
2023-07-09 18:41:53,071 - root - INFO - The image is bme.
2023-07-09 18:41:53,071 - root - INFO - Reading image header(readHeader16E)...
2023-07-09 18:41:53,071 - root - INFO - Image header was read:
2023-07-09 18:41:53,071 - root - INFO - Width: 30, Height: 51, RowLength: 60
2023-07-09 18:41:53,071 - root - INFO - datalength: 2278, _step: 2
2023-07-09 18:41:53,071 - root - INFO - BPP: 16, Transparency: False
2023-07-09 18:41:53,076 - root - INFO - Resource 31 offset: 75588, length: 1702...
2023-07-09 18:41:53,076 - root - DEBUG - Reading resource 31...
2023-07-09 18:41:53,076 - root - INFO - The image is bme.
2023-07-09 18:41:53,076 - root - INFO - Reading image header(readHeader16E)...
2023-07-09 18:41:53,076 - root - INFO - Image header was read:
2023-07-09 18:41:53,080 - root - INFO - Width: 30, Height: 51, RowLength: 60
2023-07-09 18:41:53,080 - root - INFO - datalength: 1686, _step: 2
2023-07-09 18:41:53,080 - root - INFO - BPP: 16, Transparency: False
2023-07-09 18:41:53,080 - root - INFO - Resource 32 offset: 77290, length: 2342...
2023-07-09 18:41:53,080 - root - DEBUG - Reading resource 32...
2023-07-09 18:41:53,080 - root - INFO - The image is bme.
2023-07-09 18:41:53,080 - root - INFO - Reading image header(readHeader16E)...
2023-07-09 18:41:53,080 - root - INFO - Image header was read:
2023-07-09 18:41:53,080 - root - INFO - Width: 30, Height: 51, RowLength: 60
2023-07-09 18:41:53,080 - root - INFO - datalength: 2326, _step: 2
2023-07-09 18:41:53,080 - root - INFO - BPP: 16, Transparency: False
2023-07-09 18:41:53,091 - root - INFO - Resource 33 offset: 79632, length: 2290...
2023-07-09 18:41:53,091 - root - DEBUG - Reading resource 33...
2023-07-09 18:41:53,091 - root - INFO - The image is bme.
2023-07-09 18:41:53,091 - root - INFO - Reading image header(readHeader16E)...
2023-07-09 18:41:53,091 - root - INFO - Image header was read:
2023-07-09 18:41:53,091 - root - INFO - Width: 30, Height: 51, RowLength: 60
2023-07-09 18:41:53,091 - root - INFO - datalength: 2274, _step: 2
2023-07-09 18:41:53,091 - root - INFO - BPP: 16, Transparency: False
2023-07-09 18:41:53,100 - root - INFO - Resource 34 offset: 81922, length: 2400...
2023-07-09 18:41:53,100 - root - DEBUG - Reading resource 34...
2023-07-09 18:41:53,100 - root - INFO - The image is bme.
2023-07-09 18:41:53,100 - root - INFO - Reading image header(readHeader16E)...
2023-07-09 18:41:53,100 - root - INFO - Image header was read:
2023-07-09 18:41:53,100 - root - INFO - Width: 54, Height: 54, RowLength: 108
2023-07-09 18:41:53,100 - root - INFO - datalength: 2384, _step: 2
2023-07-09 18:41:53,100 - root - INFO - BPP: 16, Transparency: False
2023-07-09 18:41:53,105 - root - INFO - Resource 35 offset: 84322, length: 324...
2023-07-09 18:41:53,105 - root - DEBUG - Reading resource 35...
2023-07-09 18:41:53,105 - root - INFO - The image is bme.
2023-07-09 18:41:53,105 - root - INFO - Reading image header(readHeader16E)...
2023-07-09 18:41:53,105 - root - INFO - Image header was read:
2023-07-09 18:41:53,105 - root - INFO - Width: 54, Height: 54, RowLength: 108
2023-07-09 18:41:53,105 - root - INFO - datalength: 308, _step: 2
2023-07-09 18:41:53,105 - root - INFO - BPP: 16, Transparency: False
2023-07-09 18:41:53,105 - root - INFO - Resource 36 offset: 84646, length: 574...
2023-07-09 18:41:53,105 - root - DEBUG - Reading resource 36...
2023-07-09 18:41:53,105 - root - INFO - The image is bme.
2023-07-09 18:41:53,105 - root - INFO - Reading image header(readHeader16E)...
2023-07-09 18:41:53,105 - root - INFO - Image header was read:
2023-07-09 18:41:53,105 - root - INFO - Width: 54, Height: 54, RowLength: 108
2023-07-09 18:41:53,110 - root - INFO - datalength: 558, _step: 2
2023-07-09 18:41:53,110 - root - INFO - BPP: 16, Transparency: False
2023-07-09 18:41:53,112 - root - INFO - Resource 37 offset: 85220, length: 834...
2023-07-09 18:41:53,112 - root - DEBUG - Reading resource 37...
2023-07-09 18:41:53,112 - root - INFO - The image is bme.
2023-07-09 18:41:53,112 - root - INFO - Reading image header(readHeader16E)...
2023-07-09 18:41:53,112 - root - INFO - Image header was read:
2023-07-09 18:41:53,112 - root - INFO - Width: 54, Height: 54, RowLength: 108
2023-07-09 18:41:53,112 - root - INFO - datalength: 818, _step: 2
2023-07-09 18:41:53,112 - root - INFO - BPP: 16, Transparency: False
2023-07-09 18:41:53,112 - root - INFO - Resource 38 offset: 86054, length: 1086...
2023-07-09 18:41:53,112 - root - DEBUG - Reading resource 38...
2023-07-09 18:41:53,112 - root - INFO - The image is bme.
2023-07-09 18:41:53,112 - root - INFO - Reading image header(readHeader16E)...
2023-07-09 18:41:53,112 - root - INFO - Image header was read:
2023-07-09 18:41:53,112 - root - INFO - Width: 54, Height: 54, RowLength: 108
2023-07-09 18:41:53,112 - root - INFO - datalength: 1070, _step: 2
2023-07-09 18:41:53,112 - root - INFO - BPP: 16, Transparency: False
2023-07-09 18:41:53,112 - root - INFO - Resource 39 offset: 87140, length: 1300...
2023-07-09 18:41:53,112 - root - DEBUG - Reading resource 39...
2023-07-09 18:41:53,112 - root - INFO - The image is bme.
2023-07-09 18:41:53,112 - root - INFO - Reading image header(readHeader16E)...
2023-07-09 18:41:53,112 - root - INFO - Image header was read:
2023-07-09 18:41:53,112 - root - INFO - Width: 54, Height: 54, RowLength: 108
2023-07-09 18:41:53,112 - root - INFO - datalength: 1284, _step: 2
2023-07-09 18:41:53,121 - root - INFO - BPP: 16, Transparency: False
2023-07-09 18:41:53,121 - root - INFO - Resource 40 offset: 88440, length: 1502...
2023-07-09 18:41:53,121 - root - DEBUG - Reading resource 40...
2023-07-09 18:41:53,121 - root - INFO - The image is bme.
2023-07-09 18:41:53,121 - root - INFO - Reading image header(readHeader16E)...
2023-07-09 18:41:53,121 - root - INFO - Image header was read:
2023-07-09 18:41:53,121 - root - INFO - Width: 54, Height: 54, RowLength: 108
2023-07-09 18:41:53,121 - root - INFO - datalength: 1486, _step: 2
2023-07-09 18:41:53,121 - root - INFO - BPP: 16, Transparency: False
2023-07-09 18:41:53,128 - root - INFO - Resource 41 offset: 89942, length: 1754...
2023-07-09 18:41:53,128 - root - DEBUG - Reading resource 41...
2023-07-09 18:41:53,128 - root - INFO - The image is bme.
2023-07-09 18:41:53,128 - root - INFO - Reading image header(readHeader16E)...
2023-07-09 18:41:53,128 - root - INFO - Image header was read:
2023-07-09 18:41:53,128 - root - INFO - Width: 54, Height: 54, RowLength: 108
2023-07-09 18:41:53,128 - root - INFO - datalength: 1738, _step: 2
2023-07-09 18:41:53,128 - root - INFO - BPP: 16, Transparency: False
2023-07-09 18:41:53,135 - root - INFO - Resource 42 offset: 91696, length: 2026...
2023-07-09 18:41:53,135 - root - DEBUG - Reading resource 42...
2023-07-09 18:41:53,135 - root - INFO - The image is bme.
2023-07-09 18:41:53,135 - root - INFO - Reading image header(readHeader16E)...
2023-07-09 18:41:53,135 - root - INFO - Image header was read:
2023-07-09 18:41:53,135 - root - INFO - Width: 54, Height: 54, RowLength: 108
2023-07-09 18:41:53,135 - root - INFO - datalength: 2010, _step: 2
2023-07-09 18:41:53,135 - root - INFO - BPP: 16, Transparency: False
2023-07-09 18:41:53,140 - root - INFO - Resource 43 offset: 93722, length: 2286...
2023-07-09 18:41:53,140 - root - DEBUG - Reading resource 43...
2023-07-09 18:41:53,140 - root - INFO - The image is bme.
2023-07-09 18:41:53,140 - root - INFO - Reading image header(readHeader16E)...
2023-07-09 18:41:53,140 - root - INFO - Image header was read:
2023-07-09 18:41:53,140 - root - INFO - Width: 54, Height: 54, RowLength: 108
2023-07-09 18:41:53,140 - root - INFO - datalength: 2270, _step: 2
2023-07-09 18:41:53,140 - root - INFO - BPP: 16, Transparency: False
2023-07-09 18:41:53,144 - root - INFO - Resource 44 offset: 96008, length: 116...
2023-07-09 18:41:53,144 - root - DEBUG - Reading resource 44...
2023-07-09 18:41:53,144 - root - INFO - The image is bme.
2023-07-09 18:41:53,144 - root - INFO - Reading image header(readHeader16E)...
2023-07-09 18:41:53,144 - root - INFO - Image header was read:
2023-07-09 18:41:53,144 - root - INFO - Width: 8, Height: 8, RowLength: 16
2023-07-09 18:41:53,144 - root - INFO - datalength: 100, _step: 2
2023-07-09 18:41:53,144 - root - INFO - BPP: 16, Transparency: False
2023-07-09 18:41:53,144 - root - INFO - Resource 45 offset: 96124, length: 116...
2023-07-09 18:41:53,144 - root - DEBUG - Reading resource 45...
2023-07-09 18:41:53,150 - root - INFO - The image is bme.
2023-07-09 18:41:53,150 - root - INFO - Reading image header(readHeader16E)...
2023-07-09 18:41:53,150 - root - INFO - Image header was read:
2023-07-09 18:41:53,150 - root - INFO - Width: 8, Height: 8, RowLength: 16
2023-07-09 18:41:53,150 - root - INFO - datalength: 100, _step: 2
2023-07-09 18:41:53,150 - root - INFO - BPP: 16, Transparency: False
2023-07-09 18:41:53,150 - root - INFO - Resource 46 offset: 96240, length: 116...
2023-07-09 18:41:53,150 - root - DEBUG - Reading resource 46...
2023-07-09 18:41:53,150 - root - INFO - The image is bme.
2023-07-09 18:41:53,150 - root - INFO - Reading image header(readHeader16E)...
2023-07-09 18:41:53,150 - root - INFO - Image header was read:
2023-07-09 18:41:53,150 - root - INFO - Width: 8, Height: 8, RowLength: 16
2023-07-09 18:41:53,150 - root - INFO - datalength: 100, _step: 2
2023-07-09 18:41:53,150 - root - INFO - BPP: 16, Transparency: False
2023-07-09 18:41:53,150 - root - INFO - Resource 47 offset: 96356, length: 116...
2023-07-09 18:41:53,150 - root - DEBUG - Reading resource 47...
2023-07-09 18:41:53,150 - root - INFO - The image is bme.
2023-07-09 18:41:53,150 - root - INFO - Reading image header(readHeader16E)...
2023-07-09 18:41:53,150 - root - INFO - Image header was read:
2023-07-09 18:41:53,150 - root - INFO - Width: 8, Height: 8, RowLength: 16
2023-07-09 18:41:53,150 - root - INFO - datalength: 100, _step: 2
2023-07-09 18:41:53,150 - root - INFO - BPP: 16, Transparency: False
2023-07-09 18:41:53,150 - root - INFO - Resource 48 offset: 96472, length: 116...
2023-07-09 18:41:53,150 - root - DEBUG - Reading resource 48...
2023-07-09 18:41:53,150 - root - INFO - The image is bme.
2023-07-09 18:41:53,150 - root - INFO - Reading image header(readHeader16E)...
2023-07-09 18:41:53,150 - root - INFO - Image header was read:
2023-07-09 18:41:53,150 - root - INFO - Width: 8, Height: 8, RowLength: 16
2023-07-09 18:41:53,150 - root - INFO - datalength: 100, _step: 2
2023-07-09 18:41:53,150 - root - INFO - BPP: 16, Transparency: False
2023-07-09 18:41:53,150 - root - INFO - Resource 49 offset: 96588, length: 116...
2023-07-09 18:41:53,150 - root - DEBUG - Reading resource 49...
2023-07-09 18:41:53,155 - root - INFO - The image is bme.
2023-07-09 18:41:53,155 - root - INFO - Reading image header(readHeader16E)...
2023-07-09 18:41:53,155 - root - INFO - Image header was read:
2023-07-09 18:41:53,155 - root - INFO - Width: 8, Height: 8, RowLength: 16
2023-07-09 18:41:53,155 - root - INFO - datalength: 100, _step: 2
2023-07-09 18:41:53,155 - root - INFO - BPP: 16, Transparency: False
2023-07-09 18:41:53,155 - root - INFO - Resource 50 offset: 96704, length: 1796...
2023-07-09 18:41:53,155 - root - DEBUG - Reading resource 50...
2023-07-09 18:41:53,155 - root - INFO - The image is bme.
2023-07-09 18:41:53,155 - root - INFO - Reading image header(readHeader16E)...
2023-07-09 18:41:53,155 - root - INFO - Image header was read:
2023-07-09 18:41:53,155 - root - INFO - Width: 76, Height: 76, RowLength: 152
2023-07-09 18:41:53,155 - root - INFO - datalength: 1780, _step: 2
2023-07-09 18:41:53,155 - root - INFO - BPP: 16, Transparency: False
2023-07-09 18:41:53,161 - root - INFO - Resource 51 offset: 98500, length: 1916...
2023-07-09 18:41:53,161 - root - DEBUG - Reading resource 51...
2023-07-09 18:41:53,161 - root - INFO - The image is bme.
2023-07-09 18:41:53,161 - root - INFO - Reading image header(readHeader16E)...
2023-07-09 18:41:53,161 - root - INFO - Image header was read:
2023-07-09 18:41:53,161 - root - INFO - Width: 76, Height: 76, RowLength: 152
2023-07-09 18:41:53,161 - root - INFO - datalength: 1900, _step: 2
2023-07-09 18:41:53,161 - root - INFO - BPP: 16, Transparency: False
2023-07-09 18:41:53,161 - root - INFO - Resource 52 offset: 100416, length: 2078...
2023-07-09 18:41:53,161 - root - DEBUG - Reading resource 52...
2023-07-09 18:41:53,161 - root - INFO - The image is bme.
2023-07-09 18:41:53,161 - root - INFO - Reading image header(readHeader16E)...
2023-07-09 18:41:53,161 - root - INFO - Image header was read:
2023-07-09 18:41:53,161 - root - INFO - Width: 76, Height: 76, RowLength: 152
2023-07-09 18:41:53,161 - root - INFO - datalength: 2062, _step: 2
2023-07-09 18:41:53,161 - root - INFO - BPP: 16, Transparency: False
2023-07-09 18:41:53,170 - root - INFO - Resource 53 offset: 102494, length: 2260...
2023-07-09 18:41:53,175 - root - DEBUG - Reading resource 53...
2023-07-09 18:41:53,175 - root - INFO - The image is bme.
2023-07-09 18:41:53,175 - root - INFO - Reading image header(readHeader16E)...
2023-07-09 18:41:53,175 - root - INFO - Image header was read:
2023-07-09 18:41:53,175 - root - INFO - Width: 76, Height: 76, RowLength: 152
2023-07-09 18:41:53,175 - root - INFO - datalength: 2244, _step: 2
2023-07-09 18:41:53,175 - root - INFO - BPP: 16, Transparency: False
2023-07-09 18:41:53,180 - root - INFO - Resource 54 offset: 104754, length: 2440...
2023-07-09 18:41:53,180 - root - DEBUG - Reading resource 54...
2023-07-09 18:41:53,180 - root - INFO - The image is bme.
2023-07-09 18:41:53,180 - root - INFO - Reading image header(readHeader16E)...
2023-07-09 18:41:53,180 - root - INFO - Image header was read:
2023-07-09 18:41:53,180 - root - INFO - Width: 76, Height: 76, RowLength: 152
2023-07-09 18:41:53,180 - root - INFO - datalength: 2424, _step: 2
2023-07-09 18:41:53,180 - root - INFO - BPP: 16, Transparency: False
2023-07-09 18:41:53,190 - root - INFO - Resource 55 offset: 107194, length: 2636...
2023-07-09 18:41:53,190 - root - DEBUG - Reading resource 55...
2023-07-09 18:41:53,190 - root - INFO - The image is bme.
2023-07-09 18:41:53,190 - root - INFO - Reading image header(readHeader16E)...
2023-07-09 18:41:53,190 - root - INFO - Image header was read:
2023-07-09 18:41:53,190 - root - INFO - Width: 76, Height: 76, RowLength: 152
2023-07-09 18:41:53,190 - root - INFO - datalength: 2620, _step: 2
2023-07-09 18:41:53,190 - root - INFO - BPP: 16, Transparency: False
2023-07-09 18:41:53,196 - root - INFO - Resource 56 offset: 109830, length: 2816...
2023-07-09 18:41:53,196 - root - DEBUG - Reading resource 56...
2023-07-09 18:41:53,196 - root - INFO - The image is bme.
2023-07-09 18:41:53,196 - root - INFO - Reading image header(readHeader16E)...
2023-07-09 18:41:53,196 - root - INFO - Image header was read:
2023-07-09 18:41:53,196 - root - INFO - Width: 76, Height: 76, RowLength: 152
2023-07-09 18:41:53,196 - root - INFO - datalength: 2800, _step: 2
2023-07-09 18:41:53,196 - root - INFO - BPP: 16, Transparency: False
2023-07-09 18:41:53,207 - root - INFO - Resource 57 offset: 112646, length: 3010...
2023-07-09 18:41:53,207 - root - DEBUG - Reading resource 57...
2023-07-09 18:41:53,207 - root - INFO - The image is bme.
2023-07-09 18:41:53,207 - root - INFO - Reading image header(readHeader16E)...
2023-07-09 18:41:53,207 - root - INFO - Image header was read:
2023-07-09 18:41:53,207 - root - INFO - Width: 76, Height: 76, RowLength: 152
2023-07-09 18:41:53,207 - root - INFO - datalength: 2994, _step: 2
2023-07-09 18:41:53,207 - root - INFO - BPP: 16, Transparency: False
2023-07-09 18:41:53,210 - root - INFO - Resource 58 offset: 115656, length: 3194...
2023-07-09 18:41:53,210 - root - DEBUG - Reading resource 58...
2023-07-09 18:41:53,210 - root - INFO - The image is bme.
2023-07-09 18:41:53,210 - root - INFO - Reading image header(readHeader16E)...
2023-07-09 18:41:53,210 - root - INFO - Image header was read:
2023-07-09 18:41:53,210 - root - INFO - Width: 76, Height: 76, RowLength: 152
2023-07-09 18:41:53,210 - root - INFO - datalength: 3178, _step: 2
2023-07-09 18:41:53,210 - root - INFO - BPP: 16, Transparency: False
2023-07-09 18:41:53,223 - root - INFO - Resource 59 offset: 118850, length: 3342...
2023-07-09 18:41:53,223 - root - DEBUG - Reading resource 59...
2023-07-09 18:41:53,223 - root - INFO - The image is bme.
2023-07-09 18:41:53,223 - root - INFO - Reading image header(readHeader16E)...
2023-07-09 18:41:53,223 - root - INFO - Image header was read:
2023-07-09 18:41:53,223 - root - INFO - Width: 76, Height: 76, RowLength: 152
2023-07-09 18:41:53,223 - root - INFO - datalength: 3326, _step: 2
2023-07-09 18:41:53,223 - root - INFO - BPP: 16, Transparency: False
2023-07-09 18:41:53,230 - root - INFO - Resource 60 offset: 122192, length: 256...
2023-07-09 18:41:53,230 - root - DEBUG - Reading resource 60...
2023-07-09 18:41:53,230 - root - INFO - The image is bme.
2023-07-09 18:41:53,230 - root - INFO - Reading image header(readHeader16E)...
2023-07-09 18:41:53,230 - root - INFO - Image header was read:
2023-07-09 18:41:53,230 - root - INFO - Width: 76, Height: 76, RowLength: 152
2023-07-09 18:41:53,230 - root - INFO - datalength: 240, _step: 2
2023-07-09 18:41:53,230 - root - INFO - BPP: 16, Transparency: False
2023-07-09 18:41:53,230 - root - INFO - Resource 61 offset: 122448, length: 3376...
2023-07-09 18:41:53,230 - root - DEBUG - Reading resource 61...
2023-07-09 18:41:53,230 - root - INFO - The image is bme.
2023-07-09 18:41:53,230 - root - INFO - Reading image header(readHeader16E)...
2023-07-09 18:41:53,230 - root - INFO - Image header was read:
2023-07-09 18:41:53,230 - root - INFO - Width: 76, Height: 76, RowLength: 152
2023-07-09 18:41:53,230 - root - INFO - datalength: 3360, _step: 2
2023-07-09 18:41:53,230 - root - INFO - BPP: 16, Transparency: False
2023-07-09 18:41:53,241 - root - INFO - Resource 62 offset: 125824, length: 412...
2023-07-09 18:41:53,241 - root - DEBUG - Reading resource 62...
2023-07-09 18:41:53,241 - root - INFO - The image is bme.
2023-07-09 18:41:53,241 - root - INFO - Reading image header(readHeader16E)...
2023-07-09 18:41:53,241 - root - INFO - Image header was read:
2023-07-09 18:41:53,241 - root - INFO - Width: 76, Height: 76, RowLength: 152
2023-07-09 18:41:53,241 - root - INFO - datalength: 396, _step: 2
2023-07-09 18:41:53,241 - root - INFO - BPP: 16, Transparency: False
2023-07-09 18:41:53,241 - root - INFO - Resource 63 offset: 126236, length: 588...
2023-07-09 18:41:53,241 - root - DEBUG - Reading resource 63...
2023-07-09 18:41:53,241 - root - INFO - The image is bme.
2023-07-09 18:41:53,241 - root - INFO - Reading image header(readHeader16E)...
2023-07-09 18:41:53,251 - root - INFO - Image header was read:
2023-07-09 18:41:53,251 - root - INFO - Width: 76, Height: 76, RowLength: 152
2023-07-09 18:41:53,251 - root - INFO - datalength: 572, _step: 2
2023-07-09 18:41:53,251 - root - INFO - BPP: 16, Transparency: False
2023-07-09 18:41:53,251 - root - INFO - Resource 64 offset: 126824, length: 770...
2023-07-09 18:41:53,251 - root - DEBUG - Reading resource 64...
2023-07-09 18:41:53,251 - root - INFO - The image is bme.
2023-07-09 18:41:53,251 - root - INFO - Reading image header(readHeader16E)...
2023-07-09 18:41:53,251 - root - INFO - Image header was read:
2023-07-09 18:41:53,251 - root - INFO - Width: 76, Height: 76, RowLength: 152
2023-07-09 18:41:53,251 - root - INFO - datalength: 754, _step: 2
2023-07-09 18:41:53,251 - root - INFO - BPP: 16, Transparency: False
2023-07-09 18:41:53,255 - root - INFO - Resource 65 offset: 127594, length: 956...
2023-07-09 18:41:53,255 - root - DEBUG - Reading resource 65...
2023-07-09 18:41:53,255 - root - INFO - The image is bme.
2023-07-09 18:41:53,255 - root - INFO - Reading image header(readHeader16E)...
2023-07-09 18:41:53,255 - root - INFO - Image header was read:
2023-07-09 18:41:53,255 - root - INFO - Width: 76, Height: 76, RowLength: 152
2023-07-09 18:41:53,255 - root - INFO - datalength: 940, _step: 2
2023-07-09 18:41:53,255 - root - INFO - BPP: 16, Transparency: False
2023-07-09 18:41:53,255 - root - INFO - Resource 66 offset: 128550, length: 1136...
2023-07-09 18:41:53,255 - root - DEBUG - Reading resource 66...
2023-07-09 18:41:53,255 - root - INFO - The image is bme.
2023-07-09 18:41:53,255 - root - INFO - Reading image header(readHeader16E)...
2023-07-09 18:41:53,255 - root - INFO - Image header was read:
2023-07-09 18:41:53,255 - root - INFO - Width: 76, Height: 76, RowLength: 152
2023-07-09 18:41:53,255 - root - INFO - datalength: 1120, _step: 2
2023-07-09 18:41:53,255 - root - INFO - BPP: 16, Transparency: False
2023-07-09 18:41:53,260 - root - INFO - Resource 67 offset: 129686, length: 1324...
2023-07-09 18:41:53,260 - root - DEBUG - Reading resource 67...
2023-07-09 18:41:53,260 - root - INFO - The image is bme.
2023-07-09 18:41:53,260 - root - INFO - Reading image header(readHeader16E)...
2023-07-09 18:41:53,260 - root - INFO - Image header was read:
2023-07-09 18:41:53,260 - root - INFO - Width: 76, Height: 76, RowLength: 152
2023-07-09 18:41:53,260 - root - INFO - datalength: 1308, _step: 2
2023-07-09 18:41:53,260 - root - INFO - BPP: 16, Transparency: False
2023-07-09 18:41:53,260 - root - INFO - Resource 68 offset: 131010, length: 1496...
2023-07-09 18:41:53,260 - root - DEBUG - Reading resource 68...
2023-07-09 18:41:53,260 - root - INFO - The image is bme.
2023-07-09 18:41:53,260 - root - INFO - Reading image header(readHeader16E)...
2023-07-09 18:41:53,260 - root - INFO - Image header was read:
2023-07-09 18:41:53,260 - root - INFO - Width: 76, Height: 76, RowLength: 152
2023-07-09 18:41:53,260 - root - INFO - datalength: 1480, _step: 2
2023-07-09 18:41:53,260 - root - INFO - BPP: 16, Transparency: False
2023-07-09 18:41:53,271 - root - INFO - Resource 69 offset: 132506, length: 1652...
2023-07-09 18:41:53,271 - root - DEBUG - Reading resource 69...
2023-07-09 18:41:53,271 - root - INFO - The image is bme.
2023-07-09 18:41:53,271 - root - INFO - Reading image header(readHeader16E)...
2023-07-09 18:41:53,271 - root - INFO - Image header was read:
2023-07-09 18:41:53,271 - root - INFO - Width: 76, Height: 76, RowLength: 152
2023-07-09 18:41:53,271 - root - INFO - datalength: 1636, _step: 2
2023-07-09 18:41:53,271 - root - INFO - BPP: 16, Transparency: False
2023-07-09 18:41:53,271 - root - INFO - Resource 70 offset: 134158, length: 21748...
2023-07-09 18:41:53,271 - root - DEBUG - Reading resource 70...
2023-07-09 18:41:53,271 - root - INFO - The image is bme.
2023-07-09 18:41:53,271 - root - INFO - Reading image header(readHeader16E)...
2023-07-09 18:41:53,271 - root - INFO - Image header was read:
2023-07-09 18:41:53,271 - root - INFO - Width: 218, Height: 218, RowLength: 436
2023-07-09 18:41:53,271 - root - INFO - datalength: 21732, _step: 2
2023-07-09 18:41:53,271 - root - INFO - BPP: 16, Transparency: False
2023-07-09 18:41:53,340 - root - INFO - Resource 71 offset: 155906, length: 2414...
2023-07-09 18:41:53,340 - root - DEBUG - Reading resource 71...
2023-07-09 18:41:53,340 - root - INFO - The image is bme.
2023-07-09 18:41:53,340 - root - INFO - Reading image header(readHeader16E)...
2023-07-09 18:41:53,345 - root - INFO - Image header was read:
2023-07-09 18:41:53,345 - root - INFO - Width: 218, Height: 218, RowLength: 436
2023-07-09 18:41:53,345 - root - INFO - datalength: 2398, _step: 2
2023-07-09 18:41:53,345 - root - INFO - BPP: 16, Transparency: False
2023-07-09 18:41:53,351 - root - INFO - Resource 72 offset: 158320, length: 4654...
2023-07-09 18:41:53,351 - root - DEBUG - Reading resource 72...
2023-07-09 18:41:53,351 - root - INFO - The image is bme.
2023-07-09 18:41:53,351 - root - INFO - Reading image header(readHeader16E)...
2023-07-09 18:41:53,351 - root - INFO - Image header was read:
2023-07-09 18:41:53,351 - root - INFO - Width: 218, Height: 218, RowLength: 436
2023-07-09 18:41:53,351 - root - INFO - datalength: 4638, _step: 2
2023-07-09 18:41:53,351 - root - INFO - BPP: 16, Transparency: False
2023-07-09 18:41:53,364 - root - INFO - Resource 73 offset: 162974, length: 6984...
2023-07-09 18:41:53,364 - root - DEBUG - Reading resource 73...
2023-07-09 18:41:53,364 - root - INFO - The image is bme.
2023-07-09 18:41:53,364 - root - INFO - Reading image header(readHeader16E)...
2023-07-09 18:41:53,364 - root - INFO - Image header was read:
2023-07-09 18:41:53,364 - root - INFO - Width: 218, Height: 218, RowLength: 436
2023-07-09 18:41:53,364 - root - INFO - datalength: 6968, _step: 2
2023-07-09 18:41:53,364 - root - INFO - BPP: 16, Transparency: False
2023-07-09 18:41:53,391 - root - INFO - Resource 74 offset: 169958, length: 9252...
2023-07-09 18:41:53,391 - root - DEBUG - Reading resource 74...
2023-07-09 18:41:53,391 - root - INFO - The image is bme.
2023-07-09 18:41:53,391 - root - INFO - Reading image header(readHeader16E)...
2023-07-09 18:41:53,391 - root - INFO - Image header was read:
2023-07-09 18:41:53,391 - root - INFO - Width: 218, Height: 218, RowLength: 436
2023-07-09 18:41:53,391 - root - INFO - datalength: 9236, _step: 2
2023-07-09 18:41:53,391 - root - INFO - BPP: 16, Transparency: False
2023-07-09 18:41:53,413 - root - INFO - Resource 75 offset: 179210, length: 11266...
2023-07-09 18:41:53,413 - root - DEBUG - Reading resource 75...
2023-07-09 18:41:53,413 - root - INFO - The image is bme.
2023-07-09 18:41:53,413 - root - INFO - Reading image header(readHeader16E)...
2023-07-09 18:41:53,413 - root - INFO - Image header was read:
2023-07-09 18:41:53,420 - root - INFO - Width: 218, Height: 218, RowLength: 436
2023-07-09 18:41:53,420 - root - INFO - datalength: 11250, _step: 2
2023-07-09 18:41:53,420 - root - INFO - BPP: 16, Transparency: False
2023-07-09 18:41:53,451 - root - INFO - Resource 76 offset: 190476, length: 13280...
2023-07-09 18:41:53,451 - root - DEBUG - Reading resource 76...
2023-07-09 18:41:53,451 - root - INFO - The image is bme.
2023-07-09 18:41:53,451 - root - INFO - Reading image header(readHeader16E)...
2023-07-09 18:41:53,451 - root - INFO - Image header was read:
2023-07-09 18:41:53,451 - root - INFO - Width: 218, Height: 218, RowLength: 436
2023-07-09 18:41:53,451 - root - INFO - datalength: 13264, _step: 2
2023-07-09 18:41:53,451 - root - INFO - BPP: 16, Transparency: False
2023-07-09 18:41:53,495 - root - INFO - Resource 77 offset: 203756, length: 15518...
2023-07-09 18:41:53,495 - root - DEBUG - Reading resource 77...
2023-07-09 18:41:53,495 - root - INFO - The image is bme.
2023-07-09 18:41:53,495 - root - INFO - Reading image header(readHeader16E)...
2023-07-09 18:41:53,495 - root - INFO - Image header was read:
2023-07-09 18:41:53,495 - root - INFO - Width: 218, Height: 218, RowLength: 436
2023-07-09 18:41:53,495 - root - INFO - datalength: 15502, _step: 2
2023-07-09 18:41:53,495 - root - INFO - BPP: 16, Transparency: False
2023-07-09 18:41:53,546 - root - INFO - Resource 78 offset: 219274, length: 17762...
2023-07-09 18:41:53,546 - root - DEBUG - Reading resource 78...
2023-07-09 18:41:53,546 - root - INFO - The image is bme.
2023-07-09 18:41:53,547 - root - INFO - Reading image header(readHeader16E)...
2023-07-09 18:41:53,547 - root - INFO - Image header was read:
2023-07-09 18:41:53,547 - root - INFO - Width: 218, Height: 218, RowLength: 436
2023-07-09 18:41:53,547 - root - INFO - datalength: 17746, _step: 2
2023-07-09 18:41:53,547 - root - INFO - BPP: 16, Transparency: False
2023-07-09 18:41:53,601 - root - INFO - Resource 79 offset: 237036, length: 19986...
2023-07-09 18:41:53,601 - root - DEBUG - Reading resource 79...
2023-07-09 18:41:53,601 - root - INFO - The image is bme.
2023-07-09 18:41:53,601 - root - INFO - Reading image header(readHeader16E)...
2023-07-09 18:41:53,601 - root - INFO - Image header was read:
2023-07-09 18:41:53,601 - root - INFO - Width: 218, Height: 218, RowLength: 436
2023-07-09 18:41:53,601 - root - INFO - datalength: 19970, _step: 2
2023-07-09 18:41:53,601 - root - INFO - BPP: 16, Transparency: False
2023-07-09 18:41:53,660 - root - INFO - Resource 80 offset: 257022, length: 1206...
2023-07-09 18:41:53,660 - root - DEBUG - Reading resource 80...
2023-07-09 18:41:53,660 - root - INFO - The image is bme.
2023-07-09 18:41:53,660 - root - INFO - Reading image header(readHeader16E)...
2023-07-09 18:41:53,660 - root - INFO - Image header was read:
2023-07-09 18:41:53,660 - root - INFO - Width: 34, Height: 34, RowLength: 68
2023-07-09 18:41:53,660 - root - INFO - datalength: 1190, _step: 2
2023-07-09 18:41:53,660 - root - INFO - BPP: 16, Transparency: False
2023-07-09 18:41:53,660 - root - INFO - Resource 81 offset: 258228, length: 1316...
2023-07-09 18:41:53,660 - root - DEBUG - Reading resource 81...
2023-07-09 18:41:53,660 - root - INFO - The image is bme.
2023-07-09 18:41:53,660 - root - INFO - Reading image header(readHeader16E)...
2023-07-09 18:41:53,660 - root - INFO - Image header was read:
2023-07-09 18:41:53,660 - root - INFO - Width: 34, Height: 34, RowLength: 68
2023-07-09 18:41:53,660 - root - INFO - datalength: 1300, _step: 2
2023-07-09 18:41:53,660 - root - INFO - BPP: 16, Transparency: False
2023-07-09 18:41:53,660 - root - INFO - Resource 82 offset: 259544, length: 1312...
2023-07-09 18:41:53,671 - root - DEBUG - Reading resource 82...
2023-07-09 18:41:53,671 - root - INFO - The image is bme.
2023-07-09 18:41:53,671 - root - INFO - Reading image header(readHeader16E)...
2023-07-09 18:41:53,671 - root - INFO - Image header was read:
2023-07-09 18:41:53,671 - root - INFO - Width: 34, Height: 34, RowLength: 68
2023-07-09 18:41:53,671 - root - INFO - datalength: 1296, _step: 2
2023-07-09 18:41:53,671 - root - INFO - BPP: 16, Transparency: False
2023-07-09 18:41:53,671 - root - INFO - Resource 83 offset: 260856, length: 210...
2023-07-09 18:41:53,671 - root - DEBUG - Reading resource 83...
2023-07-09 18:41:53,671 - root - INFO - The image is bme.
2023-07-09 18:41:53,671 - root - INFO - Reading image header(readHeader16E)...
2023-07-09 18:41:53,671 - root - INFO - Image header was read:
2023-07-09 18:41:53,671 - root - INFO - Width: 34, Height: 34, RowLength: 68
2023-07-09 18:41:53,676 - root - INFO - datalength: 194, _step: 2
2023-07-09 18:41:53,676 - root - INFO - BPP: 16, Transparency: False
2023-07-09 18:41:53,676 - root - INFO - Resource 84 offset: 261066, length: 316...
2023-07-09 18:41:53,676 - root - DEBUG - Reading resource 84...
2023-07-09 18:41:53,676 - root - INFO - The image is bme.
2023-07-09 18:41:53,676 - root - INFO - Reading image header(readHeader16E)...
2023-07-09 18:41:53,676 - root - INFO - Image header was read:
2023-07-09 18:41:53,676 - root - INFO - Width: 34, Height: 34, RowLength: 68
2023-07-09 18:41:53,676 - root - INFO - datalength: 300, _step: 2
2023-07-09 18:41:53,676 - root - INFO - BPP: 16, Transparency: False
2023-07-09 18:41:53,676 - root - INFO - Resource 85 offset: 261382, length: 432...
2023-07-09 18:41:53,676 - root - DEBUG - Reading resource 85...
2023-07-09 18:41:53,676 - root - INFO - The image is bme.
2023-07-09 18:41:53,676 - root - INFO - Reading image header(readHeader16E)...
2023-07-09 18:41:53,676 - root - INFO - Image header was read:
2023-07-09 18:41:53,676 - root - INFO - Width: 34, Height: 34, RowLength: 68
2023-07-09 18:41:53,676 - root - INFO - datalength: 416, _step: 2
2023-07-09 18:41:53,676 - root - INFO - BPP: 16, Transparency: False
2023-07-09 18:41:53,680 - root - INFO - Resource 86 offset: 261814, length: 546...
2023-07-09 18:41:53,680 - root - DEBUG - Reading resource 86...
2023-07-09 18:41:53,680 - root - INFO - The image is bme.
2023-07-09 18:41:53,680 - root - INFO - Reading image header(readHeader16E)...
2023-07-09 18:41:53,680 - root - INFO - Image header was read:
2023-07-09 18:41:53,680 - root - INFO - Width: 34, Height: 34, RowLength: 68
2023-07-09 18:41:53,680 - root - INFO - datalength: 530, _step: 2
2023-07-09 18:41:53,680 - root - INFO - BPP: 16, Transparency: False
2023-07-09 18:41:53,680 - root - INFO - Resource 87 offset: 262360, length: 658...
2023-07-09 18:41:53,680 - root - DEBUG - Reading resource 87...
2023-07-09 18:41:53,680 - root - INFO - The image is bme.
2023-07-09 18:41:53,680 - root - INFO - Reading image header(readHeader16E)...
2023-07-09 18:41:53,680 - root - INFO - Image header was read:
2023-07-09 18:41:53,680 - root - INFO - Width: 34, Height: 34, RowLength: 68
2023-07-09 18:41:53,680 - root - INFO - datalength: 642, _step: 2
2023-07-09 18:41:53,680 - root - INFO - BPP: 16, Transparency: False
2023-07-09 18:41:53,685 - root - INFO - Resource 88 offset: 263018, length: 756...
2023-07-09 18:41:53,685 - root - DEBUG - Reading resource 88...
2023-07-09 18:41:53,685 - root - INFO - The image is bme.
2023-07-09 18:41:53,685 - root - INFO - Reading image header(readHeader16E)...
2023-07-09 18:41:53,685 - root - INFO - Image header was read:
2023-07-09 18:41:53,685 - root - INFO - Width: 34, Height: 34, RowLength: 68
2023-07-09 18:41:53,685 - root - INFO - datalength: 740, _step: 2
2023-07-09 18:41:53,687 - root - INFO - BPP: 16, Transparency: False
2023-07-09 18:41:53,689 - root - INFO - Resource 89 offset: 263774, length: 838...
2023-07-09 18:41:53,689 - root - DEBUG - Reading resource 89...
2023-07-09 18:41:53,689 - root - INFO - The image is bme.
2023-07-09 18:41:53,689 - root - INFO - Reading image header(readHeader16E)...
2023-07-09 18:41:53,689 - root - INFO - Image header was read:
2023-07-09 18:41:53,689 - root - INFO - Width: 34, Height: 34, RowLength: 68
2023-07-09 18:41:53,689 - root - INFO - datalength: 822, _step: 2
2023-07-09 18:41:53,689 - root - INFO - BPP: 16, Transparency: False
2023-07-09 18:41:53,691 - root - INFO - Resource 90 offset: 264612, length: 950...
2023-07-09 18:41:53,691 - root - DEBUG - Reading resource 90...
2023-07-09 18:41:53,691 - root - INFO - The image is bme.
2023-07-09 18:41:53,691 - root - INFO - Reading image header(readHeader16E)...
2023-07-09 18:41:53,691 - root - INFO - Image header was read:
2023-07-09 18:41:53,691 - root - INFO - Width: 34, Height: 34, RowLength: 68
2023-07-09 18:41:53,691 - root - INFO - datalength: 934, _step: 2
2023-07-09 18:41:53,691 - root - INFO - BPP: 16, Transparency: False
2023-07-09 18:41:53,691 - root - INFO - Resource 91 offset: 265562, length: 1080...
2023-07-09 18:41:53,691 - root - DEBUG - Reading resource 91...
2023-07-09 18:41:53,691 - root - INFO - The image is bme.
2023-07-09 18:41:53,691 - root - INFO - Reading image header(readHeader16E)...
2023-07-09 18:41:53,691 - root - INFO - Image header was read:
2023-07-09 18:41:53,691 - root - INFO - Width: 34, Height: 34, RowLength: 68
2023-07-09 18:41:53,691 - root - INFO - datalength: 1064, _step: 2
2023-07-09 18:41:53,691 - root - INFO - BPP: 16, Transparency: False
2023-07-09 18:41:53,691 - root - DEBUG - Parsing parameters...
2023-07-09 18:41:53,811 - root - DEBUG - 0 Value: None
2023-07-09 18:41:53,811 - root - DEBUG - 0.1 Value: 71
2023-07-09 18:41:53,811 - root - DEBUG - 2 Value: None
2023-07-09 18:41:53,811 - root - DEBUG - 2.1 Value: None
2023-07-09 18:41:53,811 - root - DEBUG - 2.1.1 Value: 0
2023-07-09 18:41:53,811 - root - DEBUG - 2.1.2 Value: 0
2023-07-09 18:41:53,811 - root - DEBUG - 2.1.3 Value: 0
2023-07-09 18:41:53,811 - root - DEBUG - 2.3 Value: None
2023-07-09 18:41:53,811 - root - DEBUG - 2.3.1 Value: 18
2023-07-09 18:41:53,811 - root - DEBUG - 2.3.2 Value: 17
2023-07-09 18:41:53,811 - root - DEBUG - 2.3.3 Value: 1
2023-07-09 18:41:53,811 - root - DEBUG - 2.4 Value: None
2023-07-09 18:41:53,811 - root - DEBUG - 2.4.1 Value: 18
2023-07-09 18:41:53,811 - root - DEBUG - 2.4.2 Value: 17
2023-07-09 18:41:53,811 - root - DEBUG - 2.4.3 Value: 1
2023-07-09 18:41:53,811 - root - DEBUG - 2.5 Value: None
2023-07-09 18:41:53,811 - root - DEBUG - 2.5.1 Value: 18
2023-07-09 18:41:53,811 - root - DEBUG - 2.5.2 Value: 17
2023-07-09 18:41:53,811 - root - DEBUG - 2.5.3 Value: 1
2023-07-09 18:41:53,811 - root - DEBUG - 3 Value: None
2023-07-09 18:41:53,811 - root - DEBUG - 3.1 Value: None
2023-07-09 18:41:53,811 - root - DEBUG - 3.1.1 Value: None
2023-07-09 18:41:53,811 - root - DEBUG - 3.1.1.1 Value: None
2023-07-09 18:41:53,815 - root - DEBUG - 3.1.1.1.1 Value: 30
2023-07-09 18:41:53,815 - root - DEBUG - 3.1.1.1.2 Value: 261
2023-07-09 18:41:53,815 - root - DEBUG - 3.1.1.1.3 Value: 2
2023-07-09 18:41:53,815 - root - DEBUG - 3.1.1.1.4 Value: 10
2023-07-09 18:41:53,815 - root - DEBUG - 3.1.1.2 Value: None
2023-07-09 18:41:53,815 - root - DEBUG - 3.1.1.2.1 Value: 54
2023-07-09 18:41:53,815 - root - DEBUG - 3.1.1.2.2 Value: 261
2023-07-09 18:41:53,815 - root - DEBUG - 3.1.1.2.3 Value: 2
2023-07-09 18:41:53,815 - root - DEBUG - 3.1.1.2.4 Value: 10
2023-07-09 18:41:53,815 - root - DEBUG - 3.1.2 Value: None
2023-07-09 18:41:53,815 - root - DEBUG - 3.1.2.1 Value: None
2023-07-09 18:41:53,815 - root - DEBUG - 3.1.2.1.1 Value: 80
2023-07-09 18:41:53,815 - root - DEBUG - 3.1.2.1.2 Value: 261
2023-07-09 18:41:53,815 - root - DEBUG - 3.1.2.1.3 Value: 12
2023-07-09 18:41:53,815 - root - DEBUG - 3.1.2.1.4 Value: 10
2023-07-09 18:41:53,815 - root - DEBUG - 3.1.2.2 Value: None
2023-07-09 18:41:53,815 - root - DEBUG - 3.1.2.2.1 Value: 104
2023-07-09 18:41:53,815 - root - DEBUG - 3.1.2.2.2 Value: 261
2023-07-09 18:41:53,815 - root - DEBUG - 3.1.2.2.3 Value: 12
2023-07-09 18:41:53,815 - root - DEBUG - 3.1.2.2.4 Value: 10
2023-07-09 18:41:53,815 - root - DEBUG - 3.1.7 Value: 0
2023-07-09 18:41:53,815 - root - DEBUG - 3.1.8 Value: 1
2023-07-09 18:41:53,815 - root - DEBUG - 4 Value: None
2023-07-09 18:41:53,815 - root - DEBUG - 4.6 Value: None
2023-07-09 18:41:53,815 - root - DEBUG - 4.6.1 Value: None
2023-07-09 18:41:53,815 - root - DEBUG - 4.6.1.1 Value: 76
2023-07-09 18:41:53,815 - root - DEBUG - 4.6.1.2 Value: 87
2023-07-09 18:41:53,815 - root - DEBUG - 4.6.1.3 Value: 174
2023-07-09 18:41:53,815 - root - DEBUG - 4.6.1.4 Value: 138
2023-07-09 18:41:53,815 - root - DEBUG - 4.6.1.5 Value: 24
2023-07-09 18:41:53,815 - root - DEBUG - 4.6.1.6 Value: 4
2023-07-09 18:41:53,815 - root - DEBUG - 4.6.1.7 Value: 0
2023-07-09 18:41:53,815 - root - DEBUG - 4.6.1.8 Value: 24
2023-07-09 18:41:53,815 - root - DEBUG - 4.6.1.9 Value: 10
2023-07-09 18:41:53,815 - root - DEBUG - 4.7 Value: 0
2023-07-09 18:41:53,815 - root - DEBUG - 5 Value: None
2023-07-09 18:41:53,815 - root - DEBUG - 5.1 Value: None
2023-07-09 18:41:53,815 - root - DEBUG - 5.1.4 Value: 1
2023-07-09 18:41:53,815 - root - DEBUG - 5.1.5 Value: 1
2023-07-09 18:41:53,815 - root - DEBUG - 5.1.6 Value: 0
2023-07-09 18:41:53,815 - root - DEBUG - 5.2 Value: None
2023-07-09 18:41:53,815 - root - DEBUG - 5.2.1 Value: 130
2023-07-09 18:41:53,815 - root - DEBUG - 5.2.2 Value: 280
2023-07-09 18:41:53,815 - root - DEBUG - 5.2.5 Value: 22
2023-07-09 18:41:53,821 - root - DEBUG - 5.2.6 Value: 23
2023-07-09 18:41:53,821 - root - DEBUG - 7 Value: None
2023-07-09 18:41:53,821 - root - DEBUG - 7.2 Value: None
2023-07-09 18:41:53,821 - root - DEBUG - 7.2.1 Value: 218
2023-07-09 18:41:53,821 - root - DEBUG - 7.2.2 Value: 232
2023-07-09 18:41:53,821 - root - DEBUG - 7.2.3 Value: 34
2023-07-09 18:41:53,821 - root - DEBUG - 7.2.4 Value: 10
2023-07-09 18:41:53,821 - root - DEBUG - 12 Value: None
2023-07-09 18:41:53,821 - root - DEBUG - 12.3 Value: None
2023-07-09 18:41:53,821 - root - DEBUG - 12.3.1 Value: 44
2023-07-09 18:41:53,821 - root - DEBUG - 12.3.2 Value: None
2023-07-09 18:41:53,821 - root - DEBUG - 12.3.2.1 Value: 254
2023-07-09 18:41:53,821 - root - DEBUG - 12.3.2.2 Value: 67
2023-07-09 18:41:53,821 - root - DEBUG - 12.3.2 Value: None
2023-07-09 18:41:53,821 - root - DEBUG - 12.3.2.1 Value: 254
2023-07-09 18:41:53,821 - root - DEBUG - 12.3.2.2 Value: 82
2023-07-09 18:41:53,821 - root - DEBUG - 12.3.2 Value: None
2023-07-09 18:41:53,821 - root - DEBUG - 12.3.2.1 Value: 254
2023-07-09 18:41:53,821 - root - DEBUG - 12.3.2.2 Value: 96
2023-07-09 18:41:53,821 - root - DEBUG - 12.3.2 Value: None
2023-07-09 18:41:53,821 - root - DEBUG - 12.3.2.1 Value: 254
2023-07-09 18:41:53,821 - root - DEBUG - 12.3.2.2 Value: 110
2023-07-09 18:41:53,821 - root - DEBUG - 12.3.2 Value: None
2023-07-09 18:41:53,821 - root - DEBUG - 12.3.2.1 Value: 254
2023-07-09 18:41:53,821 - root - DEBUG - 12.3.2.2 Value: 124
2023-07-09 18:41:53,821 - root - DEBUG - 12.3.2 Value: None
2023-07-09 18:41:53,821 - root - DEBUG - 12.3.2.1 Value: 254
2023-07-09 18:41:53,821 - root - DEBUG - 12.3.2.2 Value: 138
2023-07-09 18:41:53,821 - root - DEBUG - 15 Value: None
2023-07-09 18:41:53,821 - root - DEBUG - 15.2 Value: None
2023-07-09 18:41:53,821 - root - DEBUG - 15.2.1 Value: 207
2023-07-09 18:41:53,821 - root - DEBUG - 15.2.2 Value: 221
2023-07-09 18:41:53,821 - root - DEBUG - 15.2.3 Value: 50
2023-07-09 18:41:53,821 - root - DEBUG - 15.2.4 Value: 20
2023-07-09 18:41:53,821 - root - DEBUG - 23 Value: None
2023-07-09 18:41:53,821 - root - DEBUG - 23.2 Value: None
2023-07-09 18:41:53,821 - root - DEBUG - 23.2.1 Value: 16
2023-07-09 18:41:53,821 - root - DEBUG - 23.2.2 Value: 18
2023-07-09 18:41:53,821 - root - DEBUG - 23.2.3 Value: 70
2023-07-09 18:41:53,821 - root - DEBUG - 23.2.4 Value: 10
2023-07-09 18:41:53,821 - root - DEBUG - 24 Value: None
2023-07-09 18:41:53,821 - root - DEBUG - 24.2 Value: None
2023-07-09 18:41:53,821 - root - DEBUG - 24.2.1 Value: 228
2023-07-09 18:41:53,821 - root - DEBUG - 24.2.2 Value: 242
2023-07-09 18:41:53,821 - root - DEBUG - 24.2.3 Value: 80
2023-07-09 18:41:53,821 - root - DEBUG - 24.2.4 Value: 12
2023-07-09 18:41:53,821 - root - DEBUG - 0-Info
2023-07-09 18:41:53,821 - root - DEBUG - 0.1-DeviceId
2023-07-09 18:41:53,821 - root - DEBUG - 2-Background
2023-07-09 18:41:53,821 - root - DEBUG - 2.1-Image
2023-07-09 18:41:53,821 - root - DEBUG - 2.1.1-X
2023-07-09 18:41:53,821 - root - DEBUG - 2.1.2-Y
2023-07-09 18:41:53,821 - root - DEBUG - 2.1.3-ImageIndex
2023-07-09 18:41:53,821 - root - DEBUG - 2.3-Preview
2023-07-09 18:41:53,821 - root - DEBUG - 2.3.1-X
2023-07-09 18:41:53,821 - root - DEBUG - 2.3.2-Y
2023-07-09 18:41:53,821 - root - DEBUG - 2.3.3-ImageIndex
2023-07-09 18:41:53,821 - root - DEBUG - 2.4-PreviewTradChinese
2023-07-09 18:41:53,821 - root - DEBUG - 2.4.1-X
2023-07-09 18:41:53,821 - root - DEBUG - 2.4.2-Y
2023-07-09 18:41:53,821 - root - DEBUG - 2.4.3-ImageIndex
2023-07-09 18:41:53,821 - root - DEBUG - 2.5-PreviewChinese
2023-07-09 18:41:53,821 - root - DEBUG - 2.5.1-X
2023-07-09 18:41:53,821 - root - DEBUG - 2.5.2-Y
2023-07-09 18:41:53,821 - root - DEBUG - 2.5.3-ImageIndex
2023-07-09 18:41:53,821 - root - DEBUG - 3-TimeExtended
2023-07-09 18:41:53,821 - root - DEBUG - 3.1-TimeSeparateDigits
2023-07-09 18:41:53,821 - root - DEBUG - 3.1.1-Hours
2023-07-09 18:41:53,821 - root - DEBUG - 3.1.1.1-Tens
2023-07-09 18:41:53,821 - root - DEBUG - 3.1.1.1.1-X
2023-07-09 18:41:53,821 - root - DEBUG - 3.1.1.1.2-Y
2023-07-09 18:41:53,831 - root - DEBUG - 3.1.1.1.3-ImageIndex
2023-07-09 18:41:53,831 - root - DEBUG - 3.1.1.1.4-ImagesCount
2023-07-09 18:41:53,831 - root - DEBUG - 3.1.1.2-Ones
2023-07-09 18:41:53,831 - root - DEBUG - 3.1.1.2.1-X
2023-07-09 18:41:53,831 - root - DEBUG - 3.1.1.2.2-Y
2023-07-09 18:41:53,831 - root - DEBUG - 3.1.1.2.3-ImageIndex
2023-07-09 18:41:53,831 - root - DEBUG - 3.1.1.2.4-ImagesCount
2023-07-09 18:41:53,831 - root - DEBUG - 3.1.2-Minutes
2023-07-09 18:41:53,831 - root - DEBUG - 3.1.2.1-Tens
2023-07-09 18:41:53,831 - root - DEBUG - 3.1.2.1.1-X
2023-07-09 18:41:53,831 - root - DEBUG - 3.1.2.1.2-Y
2023-07-09 18:41:53,831 - root - DEBUG - 3.1.2.1.3-ImageIndex
2023-07-09 18:41:53,831 - root - DEBUG - 3.1.2.1.4-ImagesCount
2023-07-09 18:41:53,831 - root - DEBUG - 3.1.2.2-Ones
2023-07-09 18:41:53,831 - root - DEBUG - 3.1.2.2.1-X
2023-07-09 18:41:53,831 - root - DEBUG - 3.1.2.2.2-Y
2023-07-09 18:41:53,831 - root - DEBUG - 3.1.2.2.3-ImageIndex
2023-07-09 18:41:53,831 - root - DEBUG - 3.1.2.2.4-ImagesCount
2023-07-09 18:41:53,831 - root - DEBUG - 3.1.7-UnknowBoolean7
2023-07-09 18:41:53,831 - root - DEBUG - 3.1.8-PaddingZeroMinutes
2023-07-09 18:41:53,831 - root - DEBUG - 4-Activity
2023-07-09 18:41:53,831 - root - DEBUG - 4.6-PAI
2023-07-09 18:41:53,831 - root - DEBUG - 4.6.1-ImageNumber
2023-07-09 18:41:53,831 - root - DEBUG - 4.6.1.1-TopLeftX
2023-07-09 18:41:53,831 - root - DEBUG - 4.6.1.2-TopLeftY
2023-07-09 18:41:53,835 - root - DEBUG - 4.6.1.3-BottomRightX
2023-07-09 18:41:53,835 - root - DEBUG - 4.6.1.4-BottomRightY
2023-07-09 18:41:53,835 - root - DEBUG - 4.6.1.5-Alignment
2023-07-09 18:41:53,835 - root - DEBUG - 4.6.1.6-Spacing
2023-07-09 18:41:53,835 - root - DEBUG - 4.6.1.7-VerticalOffset
2023-07-09 18:41:53,835 - root - DEBUG - 4.6.1.8-ImageIndex
2023-07-09 18:41:53,835 - root - DEBUG - 4.6.1.9-ImagesCount
2023-07-09 18:41:53,835 - root - DEBUG - 4.7-UnknownLongValue7
2023-07-09 18:41:53,835 - root - DEBUG - 5-DateBlock
2023-07-09 18:41:53,835 - root - DEBUG - 5.1-Date
2023-07-09 18:41:53,835 - root - DEBUG - 5.1.4-PaddingZeroMonth
2023-07-09 18:41:53,835 - root - DEBUG - 5.1.5-PaddingZeroDay
2023-07-09 18:41:53,835 - root - DEBUG - 5.1.6-UnknownBoolean6
2023-07-09 18:41:53,835 - root - DEBUG - 5.2-AmPm
2023-07-09 18:41:53,835 - root - DEBUG - 5.2.1-CommonX
2023-07-09 18:41:53,835 - root - DEBUG - 5.2.2-CommonY
2023-07-09 18:41:53,835 - root - DEBUG - 5.2.5-AmImageIndexEN
2023-07-09 18:41:53,835 - root - DEBUG - 5.2.6-PmImageIndexEN
2023-07-09 18:41:53,835 - root - DEBUG - 7-StepProgress
2023-07-09 18:41:53,835 - root - DEBUG - 7.2-ImageProgress
2023-07-09 18:41:53,835 - root - DEBUG - 7.2.1-X
2023-07-09 18:41:53,835 - root - DEBUG - 7.2.2-Y
2023-07-09 18:41:53,835 - root - DEBUG - 7.2.3-ImageIndex
2023-07-09 18:41:53,835 - root - DEBUG - 7.2.4-ImagesCount
2023-07-09 18:41:53,835 - root - DEBUG - 12-HeartProgress
2023-07-09 18:41:53,835 - root - DEBUG - 12.3-IconSetProgress
2023-07-09 18:41:53,835 - root - DEBUG - 12.3.1-ImageIndex
2023-07-09 18:41:53,835 - root - DEBUG - 12.3.2-Coordinates
2023-07-09 18:41:53,840 - root - DEBUG - 12.3.2.1-X
2023-07-09 18:41:53,840 - root - DEBUG - 12.3.2.2-Y
2023-07-09 18:41:53,840 - root - DEBUG - 12.3.2-Coordinates
2023-07-09 18:41:53,840 - root - DEBUG - 12.3.2.1-X
2023-07-09 18:41:53,840 - root - DEBUG - 12.3.2.2-Y
2023-07-09 18:41:53,840 - root - DEBUG - 12.3.2-Coordinates
2023-07-09 18:41:53,840 - root - DEBUG - 12.3.2.1-X
2023-07-09 18:41:53,840 - root - DEBUG - 12.3.2.2-Y
2023-07-09 18:41:53,840 - root - DEBUG - 12.3.2-Coordinates
2023-07-09 18:41:53,840 - root - DEBUG - 12.3.2.1-X
2023-07-09 18:41:53,840 - root - DEBUG - 12.3.2.2-Y
2023-07-09 18:41:53,840 - root - DEBUG - 12.3.2-Coordinates
2023-07-09 18:41:53,840 - root - DEBUG - 12.3.2.1-X
2023-07-09 18:41:53,840 - root - DEBUG - 12.3.2.2-Y
2023-07-09 18:41:53,840 - root - DEBUG - 12.3.2-Coordinates
2023-07-09 18:41:53,840 - root - DEBUG - 12.3.2.1-X
2023-07-09 18:41:53,840 - root - DEBUG - 12.3.2.2-Y
2023-07-09 18:41:53,840 - root - DEBUG - 15-CaloriesProgress
2023-07-09 18:41:53,840 - root - DEBUG - 15.2-ImageProgress
2023-07-09 18:41:53,840 - root - DEBUG - 15.2.1-X
2023-07-09 18:41:53,840 - root - DEBUG - 15.2.2-Y
2023-07-09 18:41:53,840 - root - DEBUG - 15.2.3-ImageIndex
2023-07-09 18:41:53,840 - root - DEBUG - 15.2.4-ImagesCount
2023-07-09 18:41:53,840 - root - DEBUG - 23-PaiProgress
2023-07-09 18:41:53,840 - root - DEBUG - 23.2-ImageProgress
2023-07-09 18:41:53,840 - root - DEBUG - 23.2.1-X
2023-07-09 18:41:53,840 - root - DEBUG - 23.2.2-Y
2023-07-09 18:41:53,840 - root - DEBUG - 23.2.3-ImageIndex
2023-07-09 18:41:53,840 - root - DEBUG - 23.2.4-ImagesCount
2023-07-09 18:41:53,840 - root - DEBUG - 24-StandUpProgress
2023-07-09 18:41:53,845 - root - DEBUG - 24.2-ImageProgress
2023-07-09 18:41:53,845 - root - DEBUG - 24.2.1-X
2023-07-09 18:41:53,845 - root - DEBUG - 24.2.2-Y
2023-07-09 18:41:53,845 - root - DEBUG - 24.2.3-ImageIndex
2023-07-09 18:41:53,845 - root - DEBUG - 24.2.4-ImagesCount
2023-07-09 18:41:53,845 - root - DEBUG - generatePreviews
2023-07-09 18:41:53,846 - root - DEBUG - Generating previews...
2023-07-09 18:41:53,846 - root - DEBUG - Generating states done...
2023-07-09 18:41:53,856 - root - DEBUG - >>>>>>>>>>>> 0 <watchFaceParser.models.parameter.Parameter object at 0x000001DF0241EC40>
2023-07-09 18:41:53,856 - root - DEBUG - >>>>>>>>>>>> 2 <watchFaceParser.models.parameter.Parameter object at 0x000001DF02419AF0>
2023-07-09 18:41:53,862 - root - DEBUG - >>>>>>>>>>>> 3 <watchFaceParser.models.parameter.Parameter object at 0x000001DF02419130>
2023-07-09 18:41:53,870 - root - DEBUG - >>>>>>>>>>>> 4 <watchFaceParser.models.parameter.Parameter object at 0x000001DF0241BD60>
2023-07-09 18:41:53,889 - root - DEBUG - >>>>>>>>>>>> 5 <watchFaceParser.models.parameter.Parameter object at 0x000001DF0241C400>
2023-07-09 18:41:53,894 - root - DEBUG - >>>>>>>>>>>> 7 <watchFaceParser.models.parameter.Parameter object at 0x000001DF0241C8B0>
2023-07-09 18:41:53,894 - root - DEBUG - >>>>>>>>>>>> 12 <watchFaceParser.models.parameter.Parameter object at 0x000001DF0241C3D0>
2023-07-09 18:41:53,911 - root - DEBUG - >>>>>>>>>>>> 15 <watchFaceParser.models.parameter.Parameter object at 0x000001DF0241E4C0>
2023-07-09 18:41:53,920 - root - DEBUG - >>>>>>>>>>>> 23 <watchFaceParser.models.parameter.Parameter object at 0x000001DF0241CC10>
2023-07-09 18:41:53,920 - root - DEBUG - >>>>>>>>>>>> 24 <watchFaceParser.models.parameter.Parameter object at 0x000001DF0241E9D0>
2023-07-09 18:41:53,931 - root - DEBUG - Generating static preview gen done...
2023-07-09 18:41:54,011 - root - DEBUG - Generating static preview save done...
2023-07-09 18:41:54,011 - root - DEBUG - Generating anim preview gen done...
2023-07-09 18:41:54,011 - root - DEBUG - >>>>>>>>>>>> 0 <watchFaceParser.models.parameter.Parameter object at 0x000001DF0241EC40>
2023-07-09 18:41:54,011 - root - DEBUG - >>>>>>>>>>>> 2 <watchFaceParser.models.parameter.Parameter object at 0x000001DF02419AF0>
2023-07-09 18:41:54,011 - root - DEBUG - >>>>>>>>>>>> 3 <watchFaceParser.models.parameter.Parameter object at 0x000001DF02419130>
2023-07-09 18:41:54,011 - root - DEBUG - >>>>>>>>>>>> 4 <watchFaceParser.models.parameter.Parameter object at 0x000001DF0241BD60>
2023-07-09 18:41:54,011 - root - DEBUG - >>>>>>>>>>>> 5 <watchFaceParser.models.parameter.Parameter object at 0x000001DF0241C400>
2023-07-09 18:41:54,011 - root - DEBUG - >>>>>>>>>>>> 7 <watchFaceParser.models.parameter.Parameter object at 0x000001DF0241C8B0>
2023-07-09 18:41:54,011 - root - DEBUG - >>>>>>>>>>>> 12 <watchFaceParser.models.parameter.Parameter object at 0x000001DF0241C3D0>
2023-07-09 18:41:54,011 - root - DEBUG - >>>>>>>>>>>> 15 <watchFaceParser.models.parameter.Parameter object at 0x000001DF0241E4C0>
2023-07-09 18:41:54,011 - root - DEBUG - >>>>>>>>>>>> 23 <watchFaceParser.models.parameter.Parameter object at 0x000001DF0241CC10>
2023-07-09 18:41:54,011 - root - DEBUG - >>>>>>>>>>>> 24 <watchFaceParser.models.parameter.Parameter object at 0x000001DF0241E9D0>
2023-07-09 18:41:54,150 - root - DEBUG - generatePreviews done
2023-07-09 18:41:54,150 - root - DEBUG - Exporting resources to 'E:\Codez\zepp-bipupro-wf\7902d1d81370aac143a40a081dbcde52'
2023-07-09 18:41:54,155 - root - DEBUG - extracting E:\Codez\zepp-bipupro-wf\7902d1d81370aac143a40a081dbcde52\0000.png...
2023-07-09 18:41:54,171 - root - DEBUG - extracting E:\Codez\zepp-bipupro-wf\7902d1d81370aac143a40a081dbcde52\0001.png...
2023-07-09 18:41:54,181 - root - DEBUG - extracting E:\Codez\zepp-bipupro-wf\7902d1d81370aac143a40a081dbcde52\0002.png...
2023-07-09 18:41:54,181 - root - DEBUG - extracting E:\Codez\zepp-bipupro-wf\7902d1d81370aac143a40a081dbcde52\0003.png...
2023-07-09 18:41:54,181 - root - DEBUG - extracting E:\Codez\zepp-bipupro-wf\7902d1d81370aac143a40a081dbcde52\0004.png...
2023-07-09 18:41:54,187 - root - DEBUG - extracting E:\Codez\zepp-bipupro-wf\7902d1d81370aac143a40a081dbcde52\0005.png...
2023-07-09 18:41:54,189 - root - DEBUG - extracting E:\Codez\zepp-bipupro-wf\7902d1d81370aac143a40a081dbcde52\0006.png...
2023-07-09 18:41:54,191 - root - DEBUG - extracting E:\Codez\zepp-bipupro-wf\7902d1d81370aac143a40a081dbcde52\0007.png...
2023-07-09 18:41:54,191 - root - DEBUG - extracting E:\Codez\zepp-bipupro-wf\7902d1d81370aac143a40a081dbcde52\0008.png...
2023-07-09 18:41:54,191 - root - DEBUG - extracting E:\Codez\zepp-bipupro-wf\7902d1d81370aac143a40a081dbcde52\0009.png...
2023-07-09 18:41:54,191 - root - DEBUG - extracting E:\Codez\zepp-bipupro-wf\7902d1d81370aac143a40a081dbcde52\0010.png...
2023-07-09 18:41:54,191 - root - DEBUG - extracting E:\Codez\zepp-bipupro-wf\7902d1d81370aac143a40a081dbcde52\0011.png...
2023-07-09 18:41:54,191 - root - DEBUG - extracting E:\Codez\zepp-bipupro-wf\7902d1d81370aac143a40a081dbcde52\0012.png...
2023-07-09 18:41:54,191 - root - DEBUG - extracting E:\Codez\zepp-bipupro-wf\7902d1d81370aac143a40a081dbcde52\0013.png...
2023-07-09 18:41:54,201 - root - DEBUG - extracting E:\Codez\zepp-bipupro-wf\7902d1d81370aac143a40a081dbcde52\0014.png...
2023-07-09 18:41:54,201 - root - DEBUG - extracting E:\Codez\zepp-bipupro-wf\7902d1d81370aac143a40a081dbcde52\0015.png...
2023-07-09 18:41:54,203 - root - DEBUG - extracting E:\Codez\zepp-bipupro-wf\7902d1d81370aac143a40a081dbcde52\0016.png...
2023-07-09 18:41:54,203 - root - DEBUG - extracting E:\Codez\zepp-bipupro-wf\7902d1d81370aac143a40a081dbcde52\0017.png...
2023-07-09 18:41:54,203 - root - DEBUG - extracting E:\Codez\zepp-bipupro-wf\7902d1d81370aac143a40a081dbcde52\0018.png...
2023-07-09 18:41:54,203 - root - DEBUG - extracting E:\Codez\zepp-bipupro-wf\7902d1d81370aac143a40a081dbcde52\0019.png...
2023-07-09 18:41:54,203 - root - DEBUG - extracting E:\Codez\zepp-bipupro-wf\7902d1d81370aac143a40a081dbcde52\0020.png...
2023-07-09 18:41:54,203 - root - DEBUG - extracting E:\Codez\zepp-bipupro-wf\7902d1d81370aac143a40a081dbcde52\0021.png...
2023-07-09 18:41:54,211 - root - DEBUG - extracting E:\Codez\zepp-bipupro-wf\7902d1d81370aac143a40a081dbcde52\0022.png...
2023-07-09 18:41:54,211 - root - DEBUG - extracting E:\Codez\zepp-bipupro-wf\7902d1d81370aac143a40a081dbcde52\0023.png...
2023-07-09 18:41:54,211 - root - DEBUG - extracting E:\Codez\zepp-bipupro-wf\7902d1d81370aac143a40a081dbcde52\0024.png...
2023-07-09 18:41:54,211 - root - DEBUG - extracting E:\Codez\zepp-bipupro-wf\7902d1d81370aac143a40a081dbcde52\0025.png...
2023-07-09 18:41:54,211 - root - DEBUG - extracting E:\Codez\zepp-bipupro-wf\7902d1d81370aac143a40a081dbcde52\0026.png...
2023-07-09 18:41:54,211 - root - DEBUG - extracting E:\Codez\zepp-bipupro-wf\7902d1d81370aac143a40a081dbcde52\0027.png...
2023-07-09 18:41:54,218 - root - DEBUG - extracting E:\Codez\zepp-bipupro-wf\7902d1d81370aac143a40a081dbcde52\0028.png...
2023-07-09 18:41:54,220 - root - DEBUG - extracting E:\Codez\zepp-bipupro-wf\7902d1d81370aac143a40a081dbcde52\0029.png...
2023-07-09 18:41:54,220 - root - DEBUG - extracting E:\Codez\zepp-bipupro-wf\7902d1d81370aac143a40a081dbcde52\0030.png...
2023-07-09 18:41:54,220 - root - DEBUG - extracting E:\Codez\zepp-bipupro-wf\7902d1d81370aac143a40a081dbcde52\0031.png...
2023-07-09 18:41:54,220 - root - DEBUG - extracting E:\Codez\zepp-bipupro-wf\7902d1d81370aac143a40a081dbcde52\0032.png...
2023-07-09 18:41:54,220 - root - DEBUG - extracting E:\Codez\zepp-bipupro-wf\7902d1d81370aac143a40a081dbcde52\0033.png...
2023-07-09 18:41:54,220 - root - DEBUG - extracting E:\Codez\zepp-bipupro-wf\7902d1d81370aac143a40a081dbcde52\0034.png...
2023-07-09 18:41:54,220 - root - DEBUG - extracting E:\Codez\zepp-bipupro-wf\7902d1d81370aac143a40a081dbcde52\0035.png...
2023-07-09 18:41:54,231 - root - DEBUG - extracting E:\Codez\zepp-bipupro-wf\7902d1d81370aac143a40a081dbcde52\0036.png...
2023-07-09 18:41:54,231 - root - DEBUG - extracting E:\Codez\zepp-bipupro-wf\7902d1d81370aac143a40a081dbcde52\0037.png...
2023-07-09 18:41:54,231 - root - DEBUG - extracting E:\Codez\zepp-bipupro-wf\7902d1d81370aac143a40a081dbcde52\0038.png...
2023-07-09 18:41:54,234 - root - DEBUG - extracting E:\Codez\zepp-bipupro-wf\7902d1d81370aac143a40a081dbcde52\0039.png...
2023-07-09 18:41:54,234 - root - DEBUG - extracting E:\Codez\zepp-bipupro-wf\7902d1d81370aac143a40a081dbcde52\0040.png...
2023-07-09 18:41:54,234 - root - DEBUG - extracting E:\Codez\zepp-bipupro-wf\7902d1d81370aac143a40a081dbcde52\0041.png...
2023-07-09 18:41:54,234 - root - DEBUG - extracting E:\Codez\zepp-bipupro-wf\7902d1d81370aac143a40a081dbcde52\0042.png...
2023-07-09 18:41:54,241 - root - DEBUG - extracting E:\Codez\zepp-bipupro-wf\7902d1d81370aac143a40a081dbcde52\0043.png...
2023-07-09 18:41:54,241 - root - DEBUG - extracting E:\Codez\zepp-bipupro-wf\7902d1d81370aac143a40a081dbcde52\0044.png...
2023-07-09 18:41:54,241 - root - DEBUG - extracting E:\Codez\zepp-bipupro-wf\7902d1d81370aac143a40a081dbcde52\0045.png...
2023-07-09 18:41:54,241 - root - DEBUG - extracting E:\Codez\zepp-bipupro-wf\7902d1d81370aac143a40a081dbcde52\0046.png...
2023-07-09 18:41:54,241 - root - DEBUG - extracting E:\Codez\zepp-bipupro-wf\7902d1d81370aac143a40a081dbcde52\0047.png...
2023-07-09 18:41:54,241 - root - DEBUG - extracting E:\Codez\zepp-bipupro-wf\7902d1d81370aac143a40a081dbcde52\0048.png...
2023-07-09 18:41:54,241 - root - DEBUG - extracting E:\Codez\zepp-bipupro-wf\7902d1d81370aac143a40a081dbcde52\0049.png...
2023-07-09 18:41:54,241 - root - DEBUG - extracting E:\Codez\zepp-bipupro-wf\7902d1d81370aac143a40a081dbcde52\0050.png...
2023-07-09 18:41:54,250 - root - DEBUG - extracting E:\Codez\zepp-bipupro-wf\7902d1d81370aac143a40a081dbcde52\0051.png...
2023-07-09 18:41:54,250 - root - DEBUG - extracting E:\Codez\zepp-bipupro-wf\7902d1d81370aac143a40a081dbcde52\0052.png...
2023-07-09 18:41:54,250 - root - DEBUG - extracting E:\Codez\zepp-bipupro-wf\7902d1d81370aac143a40a081dbcde52\0053.png...
2023-07-09 18:41:54,250 - root - DEBUG - extracting E:\Codez\zepp-bipupro-wf\7902d1d81370aac143a40a081dbcde52\0054.png...
2023-07-09 18:41:54,250 - root - DEBUG - extracting E:\Codez\zepp-bipupro-wf\7902d1d81370aac143a40a081dbcde52\0055.png...
2023-07-09 18:41:54,261 - root - DEBUG - extracting E:\Codez\zepp-bipupro-wf\7902d1d81370aac143a40a081dbcde52\0056.png...
2023-07-09 18:41:54,261 - root - DEBUG - extracting E:\Codez\zepp-bipupro-wf\7902d1d81370aac143a40a081dbcde52\0057.png...
2023-07-09 18:41:54,266 - root - DEBUG - extracting E:\Codez\zepp-bipupro-wf\7902d1d81370aac143a40a081dbcde52\0058.png...
2023-07-09 18:41:54,266 - root - DEBUG - extracting E:\Codez\zepp-bipupro-wf\7902d1d81370aac143a40a081dbcde52\0059.png...
2023-07-09 18:41:54,266 - root - DEBUG - extracting E:\Codez\zepp-bipupro-wf\7902d1d81370aac143a40a081dbcde52\0060.png...
2023-07-09 18:41:54,271 - root - DEBUG - extracting E:\Codez\zepp-bipupro-wf\7902d1d81370aac143a40a081dbcde52\0061.png...
2023-07-09 18:41:54,271 - root - DEBUG - extracting E:\Codez\zepp-bipupro-wf\7902d1d81370aac143a40a081dbcde52\0062.png...
2023-07-09 18:41:54,271 - root - DEBUG - extracting E:\Codez\zepp-bipupro-wf\7902d1d81370aac143a40a081dbcde52\0063.png...
2023-07-09 18:41:54,271 - root - DEBUG - extracting E:\Codez\zepp-bipupro-wf\7902d1d81370aac143a40a081dbcde52\0064.png...
2023-07-09 18:41:54,271 - root - DEBUG - extracting E:\Codez\zepp-bipupro-wf\7902d1d81370aac143a40a081dbcde52\0065.png...
2023-07-09 18:41:54,271 - root - DEBUG - extracting E:\Codez\zepp-bipupro-wf\7902d1d81370aac143a40a081dbcde52\0066.png...
2023-07-09 18:41:54,281 - root - DEBUG - extracting E:\Codez\zepp-bipupro-wf\7902d1d81370aac143a40a081dbcde52\0067.png...
2023-07-09 18:41:54,281 - root - DEBUG - extracting E:\Codez\zepp-bipupro-wf\7902d1d81370aac143a40a081dbcde52\0068.png...
2023-07-09 18:41:54,281 - root - DEBUG - extracting E:\Codez\zepp-bipupro-wf\7902d1d81370aac143a40a081dbcde52\0069.png...
2023-07-09 18:41:54,281 - root - DEBUG - extracting E:\Codez\zepp-bipupro-wf\7902d1d81370aac143a40a081dbcde52\0070.png...
2023-07-09 18:41:54,297 - root - DEBUG - extracting E:\Codez\zepp-bipupro-wf\7902d1d81370aac143a40a081dbcde52\0071.png...
2023-07-09 18:41:54,300 - root - DEBUG - extracting E:\Codez\zepp-bipupro-wf\7902d1d81370aac143a40a081dbcde52\0072.png...
2023-07-09 18:41:54,310 - root - DEBUG - extracting E:\Codez\zepp-bipupro-wf\7902d1d81370aac143a40a081dbcde52\0073.png...
2023-07-09 18:41:54,313 - root - DEBUG - extracting E:\Codez\zepp-bipupro-wf\7902d1d81370aac143a40a081dbcde52\0074.png...
2023-07-09 18:41:54,321 - root - DEBUG - extracting E:\Codez\zepp-bipupro-wf\7902d1d81370aac143a40a081dbcde52\0075.png...
2023-07-09 18:41:54,336 - root - DEBUG - extracting E:\Codez\zepp-bipupro-wf\7902d1d81370aac143a40a081dbcde52\0076.png...
2023-07-09 18:41:54,345 - root - DEBUG - extracting E:\Codez\zepp-bipupro-wf\7902d1d81370aac143a40a081dbcde52\0077.png...
2023-07-09 18:41:54,350 - root - DEBUG - extracting E:\Codez\zepp-bipupro-wf\7902d1d81370aac143a40a081dbcde52\0078.png...
2023-07-09 18:41:54,361 - root - DEBUG - extracting E:\Codez\zepp-bipupro-wf\7902d1d81370aac143a40a081dbcde52\0079.png...
2023-07-09 18:41:54,371 - root - DEBUG - extracting E:\Codez\zepp-bipupro-wf\7902d1d81370aac143a40a081dbcde52\0080.png...
2023-07-09 18:41:54,371 - root - DEBUG - extracting E:\Codez\zepp-bipupro-wf\7902d1d81370aac143a40a081dbcde52\0081.png...
2023-07-09 18:41:54,376 - root - DEBUG - extracting E:\Codez\zepp-bipupro-wf\7902d1d81370aac143a40a081dbcde52\0082.png...
2023-07-09 18:41:54,376 - root - DEBUG - extracting E:\Codez\zepp-bipupro-wf\7902d1d81370aac143a40a081dbcde52\0083.png...
2023-07-09 18:41:54,376 - root - DEBUG - extracting E:\Codez\zepp-bipupro-wf\7902d1d81370aac143a40a081dbcde52\0084.png...
2023-07-09 18:41:54,380 - root - DEBUG - extracting E:\Codez\zepp-bipupro-wf\7902d1d81370aac143a40a081dbcde52\0085.png...
2023-07-09 18:41:54,380 - root - DEBUG - extracting E:\Codez\zepp-bipupro-wf\7902d1d81370aac143a40a081dbcde52\0086.png...
2023-07-09 18:41:54,380 - root - DEBUG - extracting E:\Codez\zepp-bipupro-wf\7902d1d81370aac143a40a081dbcde52\0087.png...
2023-07-09 18:41:54,380 - root - DEBUG - extracting E:\Codez\zepp-bipupro-wf\7902d1d81370aac143a40a081dbcde52\0088.png...
2023-07-09 18:41:54,380 - root - DEBUG - extracting E:\Codez\zepp-bipupro-wf\7902d1d81370aac143a40a081dbcde52\0089.png...
2023-07-09 18:41:54,380 - root - DEBUG - extracting E:\Codez\zepp-bipupro-wf\7902d1d81370aac143a40a081dbcde52\0090.png...
2023-07-09 18:41:54,380 - root - DEBUG - extracting E:\Codez\zepp-bipupro-wf\7902d1d81370aac143a40a081dbcde52\0091.png...
2023-07-09 18:41:54,389 - root - DEBUG - Exporting config...
