2023-07-09 18:39:39,875 - root - DEBUG - Opening watch face 'E:\Codez\zepp-bipupro-wf\154ecef64217a4c3acf18e8c3f58174a.bin'
2023-07-09 18:39:39,885 - root - DEBUG - Reading parameters...
2023-07-09 18:39:39,886 - root - INFO - Reading header...
2023-07-09 18:39:39,888 - root - INFO - Header was read:
2023-07-09 18:39:39,888 - root - INFO - Signature: b'UIHH\x01\x00\xff', Unknown: 59, ParametersSize: 32, isValid: True, deviceId: 71
2023-07-09 18:39:39,888 - root - INFO - Reading parameter offsets...
2023-07-09 18:39:39,888 - root - INFO - Parameter offsets were read from file
2023-07-09 18:39:39,888 - root - INFO - Reading parameters descriptor...
2023-07-09 18:39:39,888 - root - INFO - 1 ( A): 5 bytes
2023-07-09 18:39:39,889 - root - INFO -     1 ( 8): 130 82
2023-07-09 18:39:39,889 - root - INFO -     2 (10): 28 1C
2023-07-09 18:39:39,889 - root - INFO - getParameters descriptor was read:
2023-07-09 18:39:39,889 - root - INFO - ParametersTableLength: 130, ImagesCount: 28
2023-07-09 18:39:39,889 - root - INFO - Reading parameters locations...
2023-07-09 18:39:39,889 - root - INFO - 2 (12): 4 bytes
2023-07-09 18:39:39,889 - root - INFO -     1 ( 8): 0  0
2023-07-09 18:39:39,889 - root - INFO -     2 (10): 32 20
2023-07-09 18:39:39,890 - root - INFO - 4 (22): 4 bytes
2023-07-09 18:39:39,890 - root - INFO -     1 ( 8): 40 28
2023-07-09 18:39:39,890 - root - INFO -     2 (10): 59 3B
2023-07-09 18:39:39,890 - root - INFO - 5 (2A): 4 bytes
2023-07-09 18:39:39,890 - root - INFO -     1 ( 8): 32 20
2023-07-09 18:39:39,890 - root - INFO -     2 (10): 8  8
2023-07-09 18:39:39,890 - root - INFO - 20 (A2): 4 bytes
2023-07-09 18:39:39,891 - root - INFO -     1 ( 8): 99 63
2023-07-09 18:39:39,891 - root - INFO -     2 (10): 31 1F
2023-07-09 18:39:39,891 - root - INFO - Watch face parameters locations were read:
2023-07-09 18:39:39,892 - root - INFO - Reading descriptor for parameter 2
2023-07-09 18:39:39,892 - root - INFO - Descriptor offset: 0, Descriptor length: 32
2023-07-09 18:39:39,892 - root - INFO - Parsing descriptor for parameter 2...
2023-07-09 18:39:39,892 - root - INFO - 1 ( A): 6 bytes
2023-07-09 18:39:39,892 - root - INFO -     1 ( 8): 0  0
2023-07-09 18:39:39,892 - root - INFO -     2 (10): 0  0
2023-07-09 18:39:39,893 - root - INFO -     3 (18): 0  0
2023-07-09 18:39:39,893 - root - INFO - 3 (1A): 6 bytes
2023-07-09 18:39:39,893 - root - INFO -     1 ( 8): 18 12
2023-07-09 18:39:39,893 - root - INFO -     2 (10): 17 11
2023-07-09 18:39:39,893 - root - INFO -     3 (18): 1  1
2023-07-09 18:39:39,893 - root - INFO - 4 (22): 6 bytes
2023-07-09 18:39:39,894 - root - INFO -     1 ( 8): 18 12
2023-07-09 18:39:39,894 - root - INFO -     2 (10): 17 11
2023-07-09 18:39:39,894 - root - INFO -     3 (18): 1  1
2023-07-09 18:39:39,894 - root - INFO - 5 (2A): 6 bytes
2023-07-09 18:39:39,894 - root - INFO -     1 ( 8): 18 12
2023-07-09 18:39:39,894 - root - INFO -     2 (10): 17 11
2023-07-09 18:39:39,894 - root - INFO -     3 (18): 1  1
2023-07-09 18:39:39,895 - root - INFO - Reading descriptor for parameter 4
2023-07-09 18:39:39,895 - root - INFO - Descriptor offset: 40, Descriptor length: 59
2023-07-09 18:39:39,895 - root - INFO - Parsing descriptor for parameter 4...
2023-07-09 18:39:39,895 - root - INFO - 1 ( A): 26 bytes
2023-07-09 18:39:39,896 - root - INFO -     1 ( A): 22 bytes
2023-07-09 18:39:39,896 - root - INFO -         1 ( 8): 174 AE
2023-07-09 18:39:39,896 - root - INFO -         2 (10): 217 D9
2023-07-09 18:39:39,896 - root - INFO -         3 (18): 248 F8
2023-07-09 18:39:39,896 - root - INFO -         4 (20): 233 E9
2023-07-09 18:39:39,896 - root - INFO -         5 (28): 72 48
2023-07-09 18:39:39,897 - root - INFO -         6 (30): 0  0
2023-07-09 18:39:39,897 - root - INFO -         7 (38): 0  0
2023-07-09 18:39:39,897 - root - INFO -         8 (40): 2  2
2023-07-09 18:39:39,897 - root - INFO -         9 (48): 10  A
2023-07-09 18:39:39,897 - root - INFO -     2 (10): 12  C
2023-07-09 18:39:39,897 - root - INFO - 4 (22): 27 bytes
2023-07-09 18:39:39,898 - root - INFO -     1 ( A): 21 bytes
2023-07-09 18:39:39,898 - root - INFO -         1 ( 8): 54 36
2023-07-09 18:39:39,898 - root - INFO -         2 (10): 217 D9
2023-07-09 18:39:39,898 - root - INFO -         3 (18): 128 80
2023-07-09 18:39:39,898 - root - INFO -         4 (20): 233 E9
2023-07-09 18:39:39,898 - root - INFO -         5 (28): 72 48
2023-07-09 18:39:39,899 - root - INFO -         6 (30): 0  0
2023-07-09 18:39:39,899 - root - INFO -         7 (38): 0  0
2023-07-09 18:39:39,899 - root - INFO -         8 (40): 13  D
2023-07-09 18:39:39,899 - root - INFO -         9 (48): 10  A
2023-07-09 18:39:39,899 - root - INFO -     2 (10): 23 17
2023-07-09 18:39:39,899 - root - INFO -     3 (18): 24 18
2023-07-09 18:39:39,899 - root - INFO - 7 (38): 0  0
2023-07-09 18:39:39,900 - root - INFO - Reading descriptor for parameter 5
2023-07-09 18:39:39,900 - root - INFO - Descriptor offset: 32, Descriptor length: 8
2023-07-09 18:39:39,900 - root - INFO - Parsing descriptor for parameter 5...
2023-07-09 18:39:39,900 - root - INFO - 1 ( A): 6 bytes
2023-07-09 18:39:39,901 - root - INFO -     4 (20): 1  1
2023-07-09 18:39:39,901 - root - INFO -     5 (28): 1  1
2023-07-09 18:39:39,901 - root - INFO -     6 (30): 0  0
2023-07-09 18:39:39,901 - root - INFO - Reading descriptor for parameter 20
2023-07-09 18:39:39,901 - root - INFO - Descriptor offset: 99, Descriptor length: 31
2023-07-09 18:39:39,902 - root - INFO - Parsing descriptor for parameter 20...
2023-07-09 18:39:39,902 - root - INFO - 2 (12): 6 bytes
2023-07-09 18:39:39,902 - root - INFO -     1 ( 8): 151 97
2023-07-09 18:39:39,902 - root - INFO -     2 (10): 160 A0
2023-07-09 18:39:39,902 - root - INFO - 3 (1A): 4 bytes
2023-07-09 18:39:39,902 - root - INFO -     1 ( 8): 25 19
2023-07-09 18:39:39,902 - root - INFO -     2 (10): 105 69
2023-07-09 18:39:39,903 - root - INFO - 4 (22): 15 bytes
2023-07-09 18:39:39,903 - root - INFO -     1 ( 8): 26 1A
2023-07-09 18:39:39,903 - root - INFO -     2 (10): 143 8F
2023-07-09 18:39:39,903 - root - INFO -     4 (22): 8 bytes
2023-07-09 18:39:39,904 - root - INFO -         1 ( 8): 135 87
2023-07-09 18:39:39,904 - root - INFO -         2 (10): 143 8F
2023-07-09 18:39:39,904 - root - INFO -         3 (18): 27 1B
2023-07-09 18:39:39,910 - root - INFO - Reading resources offsets table with 28 elements (112 bytes)
2023-07-09 18:39:39,910 - root - INFO - Resource 0 offset: 361, length: 193296...
2023-07-09 18:39:39,910 - root - DEBUG - Reading resource 0...
2023-07-09 18:39:39,973 - root - INFO - The image is bmc.
2023-07-09 18:39:39,973 - root - INFO - Reading image header(readHeader16C)...
2023-07-09 18:39:39,974 - root - INFO - Image header was read:
2023-07-09 18:39:39,974 - root - INFO - Width: 302, Height: 320, RowLength: 604
2023-07-09 18:39:39,974 - root - INFO - _step: 2, unknown2: 0,
2023-07-09 18:39:39,974 - root - INFO - BPP: 16, Transparency: False
2023-07-09 18:39:40,566 - root - INFO - Resource 1 offset: 193657, length: 86472...
2023-07-09 18:39:40,566 - root - DEBUG - Reading resource 1...
2023-07-09 18:39:40,566 - root - INFO - The image is bmc.
2023-07-09 18:39:40,566 - root - INFO - Reading image header(readHeader16C)...
2023-07-09 18:39:40,566 - root - INFO - Image header was read:
2023-07-09 18:39:40,566 - root - INFO - Width: 202, Height: 214, RowLength: 404
2023-07-09 18:39:40,566 - root - INFO - _step: 2, unknown2: 0,
2023-07-09 18:39:40,566 - root - INFO - BPP: 16, Transparency: False
2023-07-09 18:39:40,826 - root - INFO - Resource 2 offset: 280129, length: 312...
2023-07-09 18:39:40,826 - root - DEBUG - Reading resource 2...
2023-07-09 18:39:40,826 - root - INFO - The image is bme.
2023-07-09 18:39:40,826 - root - INFO - Reading image header(readHeader16E)...
2023-07-09 18:39:40,826 - root - INFO - Image header was read:
2023-07-09 18:39:40,826 - root - INFO - Width: 11, Height: 16, RowLength: 22
2023-07-09 18:39:40,826 - root - INFO - datalength: 296, _step: 2
2023-07-09 18:39:40,832 - root - INFO - BPP: 16, Transparency: False
2023-07-09 18:39:40,832 - root - INFO - Resource 3 offset: 280441, length: 168...
2023-07-09 18:39:40,832 - root - DEBUG - Reading resource 3...
2023-07-09 18:39:40,832 - root - INFO - The image is bme.
2023-07-09 18:39:40,832 - root - INFO - Reading image header(readHeader16E)...
2023-07-09 18:39:40,832 - root - INFO - Image header was read:
2023-07-09 18:39:40,832 - root - INFO - Width: 11, Height: 16, RowLength: 22
2023-07-09 18:39:40,832 - root - INFO - datalength: 152, _step: 2
2023-07-09 18:39:40,832 - root - INFO - BPP: 16, Transparency: False
2023-07-09 18:39:40,832 - root - INFO - Resource 4 offset: 280609, length: 240...
2023-07-09 18:39:40,832 - root - DEBUG - Reading resource 4...
2023-07-09 18:39:40,832 - root - INFO - The image is bme.
2023-07-09 18:39:40,832 - root - INFO - Reading image header(readHeader16E)...
2023-07-09 18:39:40,835 - root - INFO - Image header was read:
2023-07-09 18:39:40,835 - root - INFO - Width: 11, Height: 16, RowLength: 22
2023-07-09 18:39:40,835 - root - INFO - datalength: 224, _step: 2
2023-07-09 18:39:40,835 - root - INFO - BPP: 16, Transparency: False
2023-07-09 18:39:40,835 - root - INFO - Resource 5 offset: 280849, length: 240...
2023-07-09 18:39:40,835 - root - DEBUG - Reading resource 5...
2023-07-09 18:39:40,835 - root - INFO - The image is bme.
2023-07-09 18:39:40,835 - root - INFO - Reading image header(readHeader16E)...
2023-07-09 18:39:40,835 - root - INFO - Image header was read:
2023-07-09 18:39:40,837 - root - INFO - Width: 11, Height: 16, RowLength: 22
2023-07-09 18:39:40,837 - root - INFO - datalength: 224, _step: 2
2023-07-09 18:39:40,837 - root - INFO - BPP: 16, Transparency: False
2023-07-09 18:39:40,837 - root - INFO - Resource 6 offset: 281089, length: 244...
2023-07-09 18:39:40,837 - root - DEBUG - Reading resource 6...
2023-07-09 18:39:40,837 - root - INFO - The image is bme.
2023-07-09 18:39:40,837 - root - INFO - Reading image header(readHeader16E)...
2023-07-09 18:39:40,837 - root - INFO - Image header was read:
2023-07-09 18:39:40,837 - root - INFO - Width: 11, Height: 16, RowLength: 22
2023-07-09 18:39:40,837 - root - INFO - datalength: 228, _step: 2
2023-07-09 18:39:40,837 - root - INFO - BPP: 16, Transparency: False
2023-07-09 18:39:40,837 - root - INFO - Resource 7 offset: 281333, length: 240...
2023-07-09 18:39:40,837 - root - DEBUG - Reading resource 7...
2023-07-09 18:39:40,837 - root - INFO - The image is bme.
2023-07-09 18:39:40,837 - root - INFO - Reading image header(readHeader16E)...
2023-07-09 18:39:40,837 - root - INFO - Image header was read:
2023-07-09 18:39:40,837 - root - INFO - Width: 11, Height: 16, RowLength: 22
2023-07-09 18:39:40,837 - root - INFO - datalength: 224, _step: 2
2023-07-09 18:39:40,837 - root - INFO - BPP: 16, Transparency: False
2023-07-09 18:39:40,837 - root - INFO - Resource 8 offset: 281573, length: 280...
2023-07-09 18:39:40,837 - root - DEBUG - Reading resource 8...
2023-07-09 18:39:40,837 - root - INFO - The image is bme.
2023-07-09 18:39:40,837 - root - INFO - Reading image header(readHeader16E)...
2023-07-09 18:39:40,837 - root - INFO - Image header was read:
2023-07-09 18:39:40,837 - root - INFO - Width: 11, Height: 16, RowLength: 22
2023-07-09 18:39:40,837 - root - INFO - datalength: 264, _step: 2
2023-07-09 18:39:40,837 - root - INFO - BPP: 16, Transparency: False
2023-07-09 18:39:40,837 - root - INFO - Resource 9 offset: 281853, length: 184...
2023-07-09 18:39:40,837 - root - DEBUG - Reading resource 9...
2023-07-09 18:39:40,837 - root - INFO - The image is bme.
2023-07-09 18:39:40,837 - root - INFO - Reading image header(readHeader16E)...
2023-07-09 18:39:40,837 - root - INFO - Image header was read:
2023-07-09 18:39:40,837 - root - INFO - Width: 11, Height: 16, RowLength: 22
2023-07-09 18:39:40,837 - root - INFO - datalength: 168, _step: 2
2023-07-09 18:39:40,837 - root - INFO - BPP: 16, Transparency: False
2023-07-09 18:39:40,837 - root - INFO - Resource 10 offset: 282037, length: 320...
2023-07-09 18:39:40,837 - root - DEBUG - Reading resource 10...
2023-07-09 18:39:40,837 - root - INFO - The image is bme.
2023-07-09 18:39:40,837 - root - INFO - Reading image header(readHeader16E)...
2023-07-09 18:39:40,837 - root - INFO - Image header was read:
2023-07-09 18:39:40,837 - root - INFO - Width: 11, Height: 16, RowLength: 22
2023-07-09 18:39:40,837 - root - INFO - datalength: 304, _step: 2
2023-07-09 18:39:40,837 - root - INFO - BPP: 16, Transparency: False
2023-07-09 18:39:40,837 - root - INFO - Resource 11 offset: 282357, length: 280...
2023-07-09 18:39:40,837 - root - DEBUG - Reading resource 11...
2023-07-09 18:39:40,837 - root - INFO - The image is bme.
2023-07-09 18:39:40,837 - root - INFO - Reading image header(readHeader16E)...
2023-07-09 18:39:40,837 - root - INFO - Image header was read:
2023-07-09 18:39:40,837 - root - INFO - Width: 11, Height: 16, RowLength: 22
2023-07-09 18:39:40,837 - root - INFO - datalength: 264, _step: 2
2023-07-09 18:39:40,837 - root - INFO - BPP: 16, Transparency: False
2023-07-09 18:39:40,846 - root - INFO - Resource 12 offset: 282637, length: 374...
2023-07-09 18:39:40,846 - root - DEBUG - Reading resource 12...
2023-07-09 18:39:40,846 - root - INFO - The image is bme.
2023-07-09 18:39:40,846 - root - INFO - Reading image header(readHeader16E)...
2023-07-09 18:39:40,846 - root - INFO - Image header was read:
2023-07-09 18:39:40,846 - root - INFO - Width: 16, Height: 14, RowLength: 32
2023-07-09 18:39:40,846 - root - INFO - datalength: 358, _step: 2
2023-07-09 18:39:40,846 - root - INFO - BPP: 16, Transparency: False
2023-07-09 18:39:40,848 - root - INFO - Resource 13 offset: 283011, length: 312...
2023-07-09 18:39:40,848 - root - DEBUG - Reading resource 13...
2023-07-09 18:39:40,848 - root - INFO - The image is bme.
2023-07-09 18:39:40,848 - root - INFO - Reading image header(readHeader16E)...
2023-07-09 18:39:40,848 - root - INFO - Image header was read:
2023-07-09 18:39:40,848 - root - INFO - Width: 11, Height: 16, RowLength: 22
2023-07-09 18:39:40,848 - root - INFO - datalength: 296, _step: 2
2023-07-09 18:39:40,848 - root - INFO - BPP: 16, Transparency: False
2023-07-09 18:39:40,848 - root - INFO - Resource 14 offset: 283323, length: 168...
2023-07-09 18:39:40,848 - root - DEBUG - Reading resource 14...
2023-07-09 18:39:40,848 - root - INFO - The image is bme.
2023-07-09 18:39:40,848 - root - INFO - Reading image header(readHeader16E)...
2023-07-09 18:39:40,848 - root - INFO - Image header was read:
2023-07-09 18:39:40,848 - root - INFO - Width: 11, Height: 16, RowLength: 22
2023-07-09 18:39:40,848 - root - INFO - datalength: 152, _step: 2
2023-07-09 18:39:40,848 - root - INFO - BPP: 16, Transparency: False
2023-07-09 18:39:40,848 - root - INFO - Resource 15 offset: 283491, length: 240...
2023-07-09 18:39:40,848 - root - DEBUG - Reading resource 15...
2023-07-09 18:39:40,848 - root - INFO - The image is bme.
2023-07-09 18:39:40,848 - root - INFO - Reading image header(readHeader16E)...
2023-07-09 18:39:40,848 - root - INFO - Image header was read:
2023-07-09 18:39:40,848 - root - INFO - Width: 11, Height: 16, RowLength: 22
2023-07-09 18:39:40,848 - root - INFO - datalength: 224, _step: 2
2023-07-09 18:39:40,848 - root - INFO - BPP: 16, Transparency: False
2023-07-09 18:39:40,848 - root - INFO - Resource 16 offset: 283731, length: 240...
2023-07-09 18:39:40,848 - root - DEBUG - Reading resource 16...
2023-07-09 18:39:40,848 - root - INFO - The image is bme.
2023-07-09 18:39:40,848 - root - INFO - Reading image header(readHeader16E)...
2023-07-09 18:39:40,848 - root - INFO - Image header was read:
2023-07-09 18:39:40,848 - root - INFO - Width: 11, Height: 16, RowLength: 22
2023-07-09 18:39:40,848 - root - INFO - datalength: 224, _step: 2
2023-07-09 18:39:40,848 - root - INFO - BPP: 16, Transparency: False
2023-07-09 18:39:40,848 - root - INFO - Resource 17 offset: 283971, length: 244...
2023-07-09 18:39:40,848 - root - DEBUG - Reading resource 17...
2023-07-09 18:39:40,848 - root - INFO - The image is bme.
2023-07-09 18:39:40,848 - root - INFO - Reading image header(readHeader16E)...
2023-07-09 18:39:40,848 - root - INFO - Image header was read:
2023-07-09 18:39:40,848 - root - INFO - Width: 11, Height: 16, RowLength: 22
2023-07-09 18:39:40,848 - root - INFO - datalength: 228, _step: 2
2023-07-09 18:39:40,848 - root - INFO - BPP: 16, Transparency: False
2023-07-09 18:39:40,848 - root - INFO - Resource 18 offset: 284215, length: 240...
2023-07-09 18:39:40,848 - root - DEBUG - Reading resource 18...
2023-07-09 18:39:40,848 - root - INFO - The image is bme.
2023-07-09 18:39:40,848 - root - INFO - Reading image header(readHeader16E)...
2023-07-09 18:39:40,848 - root - INFO - Image header was read:
2023-07-09 18:39:40,856 - root - INFO - Width: 11, Height: 16, RowLength: 22
2023-07-09 18:39:40,857 - root - INFO - datalength: 224, _step: 2
2023-07-09 18:39:40,857 - root - INFO - BPP: 16, Transparency: False
2023-07-09 18:39:40,857 - root - INFO - Resource 19 offset: 284455, length: 280...
2023-07-09 18:39:40,857 - root - DEBUG - Reading resource 19...
2023-07-09 18:39:40,857 - root - INFO - The image is bme.
2023-07-09 18:39:40,857 - root - INFO - Reading image header(readHeader16E)...
2023-07-09 18:39:40,857 - root - INFO - Image header was read:
2023-07-09 18:39:40,857 - root - INFO - Width: 11, Height: 16, RowLength: 22
2023-07-09 18:39:40,857 - root - INFO - datalength: 264, _step: 2
2023-07-09 18:39:40,857 - root - INFO - BPP: 16, Transparency: False
2023-07-09 18:39:40,857 - root - INFO - Resource 20 offset: 284735, length: 184...
2023-07-09 18:39:40,857 - root - DEBUG - Reading resource 20...
2023-07-09 18:39:40,857 - root - INFO - The image is bme.
2023-07-09 18:39:40,857 - root - INFO - Reading image header(readHeader16E)...
2023-07-09 18:39:40,857 - root - INFO - Image header was read:
2023-07-09 18:39:40,857 - root - INFO - Width: 11, Height: 16, RowLength: 22
2023-07-09 18:39:40,857 - root - INFO - datalength: 168, _step: 2
2023-07-09 18:39:40,857 - root - INFO - BPP: 16, Transparency: False
2023-07-09 18:39:40,857 - root - INFO - Resource 21 offset: 284919, length: 320...
2023-07-09 18:39:40,857 - root - DEBUG - Reading resource 21...
2023-07-09 18:39:40,857 - root - INFO - The image is bme.
2023-07-09 18:39:40,857 - root - INFO - Reading image header(readHeader16E)...
2023-07-09 18:39:40,857 - root - INFO - Image header was read:
2023-07-09 18:39:40,857 - root - INFO - Width: 11, Height: 16, RowLength: 22
2023-07-09 18:39:40,857 - root - INFO - datalength: 304, _step: 2
2023-07-09 18:39:40,857 - root - INFO - BPP: 16, Transparency: False
2023-07-09 18:39:40,857 - root - INFO - Resource 22 offset: 285239, length: 280...
2023-07-09 18:39:40,857 - root - DEBUG - Reading resource 22...
2023-07-09 18:39:40,857 - root - INFO - The image is bme.
2023-07-09 18:39:40,857 - root - INFO - Reading image header(readHeader16E)...
2023-07-09 18:39:40,857 - root - INFO - Image header was read:
2023-07-09 18:39:40,857 - root - INFO - Width: 11, Height: 16, RowLength: 22
2023-07-09 18:39:40,857 - root - INFO - datalength: 264, _step: 2
2023-07-09 18:39:40,857 - root - INFO - BPP: 16, Transparency: False
2023-07-09 18:39:40,857 - root - INFO - Resource 23 offset: 285519, length: 300...
2023-07-09 18:39:40,857 - root - DEBUG - Reading resource 23...
2023-07-09 18:39:40,857 - root - INFO - The image is bme.
2023-07-09 18:39:40,857 - root - INFO - Reading image header(readHeader16E)...
2023-07-09 18:39:40,857 - root - INFO - Image header was read:
2023-07-09 18:39:40,857 - root - INFO - Width: 16, Height: 14, RowLength: 32
2023-07-09 18:39:40,864 - root - INFO - datalength: 284, _step: 2
2023-07-09 18:39:40,864 - root - INFO - BPP: 16, Transparency: False
2023-07-09 18:39:40,864 - root - INFO - Resource 24 offset: 285819, length: 96...
2023-07-09 18:39:40,864 - root - DEBUG - Reading resource 24...
2023-07-09 18:39:40,864 - root - INFO - The image is bme.
2023-07-09 18:39:40,864 - root - INFO - Reading image header(readHeader16E)...
2023-07-09 18:39:40,864 - root - INFO - Image header was read:
2023-07-09 18:39:40,864 - root - INFO - Width: 20, Height: 16, RowLength: 40
2023-07-09 18:39:40,866 - root - INFO - datalength: 80, _step: 2
2023-07-09 18:39:40,866 - root - INFO - BPP: 16, Transparency: False
2023-07-09 18:39:40,866 - root - INFO - Resource 25 offset: 285915, length: 19546...
2023-07-09 18:39:40,866 - root - DEBUG - Reading resource 25...
2023-07-09 18:39:40,866 - root - INFO - The image is bmc.
2023-07-09 18:39:40,866 - root - INFO - Reading image header(readHeader16C)...
2023-07-09 18:39:40,866 - root - INFO - Image header was read:
2023-07-09 18:39:40,866 - root - INFO - Width: 62, Height: 105, RowLength: 186
2023-07-09 18:39:40,866 - root - INFO - _step: 3, unknown2: 0,
2023-07-09 18:39:40,866 - root - INFO - BPP: 24, Transparency: False
2023-07-09 18:39:40,906 - root - INFO - Resource 26 offset: 305461, length: 26614...
2023-07-09 18:39:40,906 - root - DEBUG - Reading resource 26...
2023-07-09 18:39:40,906 - root - INFO - The image is bmc.
2023-07-09 18:39:40,906 - root - INFO - Reading image header(readHeader16C)...
2023-07-09 18:39:40,906 - root - INFO - Image header was read:
2023-07-09 18:39:40,906 - root - INFO - Width: 62, Height: 143, RowLength: 186
2023-07-09 18:39:40,906 - root - INFO - _step: 3, unknown2: 0,
2023-07-09 18:39:40,906 - root - INFO - BPP: 24, Transparency: False
2023-07-09 18:39:40,960 - root - INFO - Resource 27 offset: 332075, length: 1920...
2023-07-09 18:39:40,960 - root - DEBUG - Reading resource 27...
2023-07-09 18:39:40,960 - root - INFO - The image is bme.
2023-07-09 18:39:40,960 - root - INFO - Reading image header(readHeader16E)...
2023-07-09 18:39:40,960 - root - INFO - Image header was read:
2023-07-09 18:39:40,960 - root - INFO - Width: 34, Height: 34, RowLength: 68
2023-07-09 18:39:40,960 - root - INFO - datalength: 1904, _step: 2
2023-07-09 18:39:40,960 - root - INFO - BPP: 16, Transparency: False
2023-07-09 18:39:40,966 - root - DEBUG - Parsing parameters...
2023-07-09 18:39:41,076 - root - DEBUG - 0 Value: None
2023-07-09 18:39:41,076 - root - DEBUG - 0.1 Value: 71
2023-07-09 18:39:41,076 - root - DEBUG - 2 Value: None
2023-07-09 18:39:41,076 - root - DEBUG - 2.1 Value: None
2023-07-09 18:39:41,076 - root - DEBUG - 2.1.1 Value: 0
2023-07-09 18:39:41,076 - root - DEBUG - 2.1.2 Value: 0
2023-07-09 18:39:41,076 - root - DEBUG - 2.1.3 Value: 0
2023-07-09 18:39:41,076 - root - DEBUG - 2.3 Value: None
2023-07-09 18:39:41,076 - root - DEBUG - 2.3.1 Value: 18
2023-07-09 18:39:41,076 - root - DEBUG - 2.3.2 Value: 17
2023-07-09 18:39:41,076 - root - DEBUG - 2.3.3 Value: 1
2023-07-09 18:39:41,076 - root - DEBUG - 2.4 Value: None
2023-07-09 18:39:41,076 - root - DEBUG - 2.4.1 Value: 18
2023-07-09 18:39:41,076 - root - DEBUG - 2.4.2 Value: 17
2023-07-09 18:39:41,076 - root - DEBUG - 2.4.3 Value: 1
2023-07-09 18:39:41,076 - root - DEBUG - 2.5 Value: None
2023-07-09 18:39:41,076 - root - DEBUG - 2.5.1 Value: 18
2023-07-09 18:39:41,076 - root - DEBUG - 2.5.2 Value: 17
2023-07-09 18:39:41,076 - root - DEBUG - 2.5.3 Value: 1
2023-07-09 18:39:41,076 - root - DEBUG - 4 Value: None
2023-07-09 18:39:41,076 - root - DEBUG - 4.1 Value: None
2023-07-09 18:39:41,076 - root - DEBUG - 4.1.1 Value: None
2023-07-09 18:39:41,076 - root - DEBUG - 4.1.1.1 Value: 174
2023-07-09 18:39:41,076 - root - DEBUG - 4.1.1.2 Value: 217
2023-07-09 18:39:41,076 - root - DEBUG - 4.1.1.3 Value: 248
2023-07-09 18:39:41,076 - root - DEBUG - 4.1.1.4 Value: 233
2023-07-09 18:39:41,086 - root - DEBUG - 4.1.1.5 Value: 72
2023-07-09 18:39:41,086 - root - DEBUG - 4.1.1.6 Value: 0
2023-07-09 18:39:41,086 - root - DEBUG - 4.1.1.7 Value: 0
2023-07-09 18:39:41,086 - root - DEBUG - 4.1.1.8 Value: 2
2023-07-09 18:39:41,086 - root - DEBUG - 4.1.1.9 Value: 10
2023-07-09 18:39:41,086 - root - DEBUG - 4.1.2 Value: 12
2023-07-09 18:39:41,086 - root - DEBUG - 4.4 Value: None
2023-07-09 18:39:41,086 - root - DEBUG - 4.4.1 Value: None
2023-07-09 18:39:41,086 - root - DEBUG - 4.4.1.1 Value: 54
2023-07-09 18:39:41,087 - root - DEBUG - 4.4.1.2 Value: 217
2023-07-09 18:39:41,087 - root - DEBUG - 4.4.1.3 Value: 128
2023-07-09 18:39:41,087 - root - DEBUG - 4.4.1.4 Value: 233
2023-07-09 18:39:41,087 - root - DEBUG - 4.4.1.5 Value: 72
2023-07-09 18:39:41,087 - root - DEBUG - 4.4.1.6 Value: 0
2023-07-09 18:39:41,087 - root - DEBUG - 4.4.1.7 Value: 0
2023-07-09 18:39:41,087 - root - DEBUG - 4.4.1.8 Value: 13
2023-07-09 18:39:41,087 - root - DEBUG - 4.4.1.9 Value: 10
2023-07-09 18:39:41,087 - root - DEBUG - 4.4.2 Value: 23
2023-07-09 18:39:41,087 - root - DEBUG - 4.4.3 Value: 24
2023-07-09 18:39:41,087 - root - DEBUG - 4.7 Value: 0
2023-07-09 18:39:41,087 - root - DEBUG - 5 Value: None
2023-07-09 18:39:41,087 - root - DEBUG - 5.1 Value: None
2023-07-09 18:39:41,087 - root - DEBUG - 5.1.4 Value: 1
2023-07-09 18:39:41,087 - root - DEBUG - 5.1.5 Value: 1
2023-07-09 18:39:41,087 - root - DEBUG - 5.1.6 Value: 0
2023-07-09 18:39:41,087 - root - DEBUG - 20 Value: None
2023-07-09 18:39:41,087 - root - DEBUG - 20.2 Value: None
2023-07-09 18:39:41,087 - root - DEBUG - 20.2.1 Value: 151
2023-07-09 18:39:41,087 - root - DEBUG - 20.2.2 Value: 160
2023-07-09 18:39:41,087 - root - DEBUG - 20.3 Value: None
2023-07-09 18:39:41,087 - root - DEBUG - 20.3.1 Value: 25
2023-07-09 18:39:41,087 - root - DEBUG - 20.3.2 Value: 105
2023-07-09 18:39:41,087 - root - DEBUG - 20.4 Value: None
2023-07-09 18:39:41,087 - root - DEBUG - 20.4.1 Value: 26
2023-07-09 18:39:41,087 - root - DEBUG - 20.4.2 Value: 143
2023-07-09 18:39:41,087 - root - DEBUG - 20.4.4 Value: None
2023-07-09 18:39:41,087 - root - DEBUG - 20.4.4.1 Value: 135
2023-07-09 18:39:41,087 - root - DEBUG - 20.4.4.2 Value: 143
2023-07-09 18:39:41,087 - root - DEBUG - 20.4.4.3 Value: 27
2023-07-09 18:39:41,087 - root - DEBUG - 0-Info
2023-07-09 18:39:41,087 - root - DEBUG - 0.1-DeviceId
2023-07-09 18:39:41,087 - root - DEBUG - 2-Background
2023-07-09 18:39:41,087 - root - DEBUG - 2.1-Image
2023-07-09 18:39:41,087 - root - DEBUG - 2.1.1-X
2023-07-09 18:39:41,087 - root - DEBUG - 2.1.2-Y
2023-07-09 18:39:41,087 - root - DEBUG - 2.1.3-ImageIndex
2023-07-09 18:39:41,087 - root - DEBUG - 2.3-Preview
2023-07-09 18:39:41,087 - root - DEBUG - 2.3.1-X
2023-07-09 18:39:41,087 - root - DEBUG - 2.3.2-Y
2023-07-09 18:39:41,087 - root - DEBUG - 2.3.3-ImageIndex
2023-07-09 18:39:41,087 - root - DEBUG - 2.4-PreviewTradChinese
2023-07-09 18:39:41,087 - root - DEBUG - 2.4.1-X
2023-07-09 18:39:41,087 - root - DEBUG - 2.4.2-Y
2023-07-09 18:39:41,087 - root - DEBUG - 2.4.3-ImageIndex
2023-07-09 18:39:41,087 - root - DEBUG - 2.5-PreviewChinese
2023-07-09 18:39:41,087 - root - DEBUG - 2.5.1-X
2023-07-09 18:39:41,087 - root - DEBUG - 2.5.2-Y
2023-07-09 18:39:41,087 - root - DEBUG - 2.5.3-ImageIndex
2023-07-09 18:39:41,087 - root - DEBUG - 4-Activity
2023-07-09 18:39:41,087 - root - DEBUG - 4.1-Steps
2023-07-09 18:39:41,087 - root - DEBUG - 4.1.1-ImageNumber
2023-07-09 18:39:41,087 - root - DEBUG - 4.1.1.1-TopLeftX
2023-07-09 18:39:41,087 - root - DEBUG - 4.1.1.2-TopLeftY
2023-07-09 18:39:41,087 - root - DEBUG - 4.1.1.3-BottomRightX
2023-07-09 18:39:41,087 - root - DEBUG - 4.1.1.4-BottomRightY
2023-07-09 18:39:41,087 - root - DEBUG - 4.1.1.5-Alignment
2023-07-09 18:39:41,087 - root - DEBUG - 4.1.1.6-Spacing
2023-07-09 18:39:41,096 - root - DEBUG - 4.1.1.7-VerticalOffset
2023-07-09 18:39:41,096 - root - DEBUG - 4.1.1.8-ImageIndex
2023-07-09 18:39:41,096 - root - DEBUG - 4.1.1.9-ImagesCount
2023-07-09 18:39:41,096 - root - DEBUG - 4.1.2-PrefixImageIndex
2023-07-09 18:39:41,096 - root - DEBUG - 4.4-HeartRate
2023-07-09 18:39:41,096 - root - DEBUG - 4.4.1-ImageNumber
2023-07-09 18:39:41,096 - root - DEBUG - 4.4.1.1-TopLeftX
2023-07-09 18:39:41,096 - root - DEBUG - 4.4.1.2-TopLeftY
2023-07-09 18:39:41,096 - root - DEBUG - 4.4.1.3-BottomRightX
2023-07-09 18:39:41,096 - root - DEBUG - 4.4.1.4-BottomRightY
2023-07-09 18:39:41,096 - root - DEBUG - 4.4.1.5-Alignment
2023-07-09 18:39:41,096 - root - DEBUG - 4.4.1.6-Spacing
2023-07-09 18:39:41,096 - root - DEBUG - 4.4.1.7-VerticalOffset
2023-07-09 18:39:41,096 - root - DEBUG - 4.4.1.8-ImageIndex
2023-07-09 18:39:41,096 - root - DEBUG - 4.4.1.9-ImagesCount
2023-07-09 18:39:41,096 - root - DEBUG - 4.4.2-PrefixImageIndex
2023-07-09 18:39:41,096 - root - DEBUG - 4.4.3-NoDataImageIndex
2023-07-09 18:39:41,096 - root - DEBUG - 4.7-UnknownLongValue7
2023-07-09 18:39:41,096 - root - DEBUG - 5-DateBlock
2023-07-09 18:39:41,096 - root - DEBUG - 5.1-Date
2023-07-09 18:39:41,096 - root - DEBUG - 5.1.4-PaddingZeroMonth
2023-07-09 18:39:41,096 - root - DEBUG - 5.1.5-PaddingZeroDay
2023-07-09 18:39:41,096 - root - DEBUG - 5.1.6-UnknownBoolean6
2023-07-09 18:39:41,096 - root - DEBUG - 20-TimeAnalog
2023-07-09 18:39:41,096 - root - DEBUG - 20.2-CommonCenterCoordinates
2023-07-09 18:39:41,096 - root - DEBUG - 20.2.1-X
2023-07-09 18:39:41,096 - root - DEBUG - 20.2.2-Y
2023-07-09 18:39:41,096 - root - DEBUG - 20.3-Hours
2023-07-09 18:39:41,102 - root - DEBUG - 20.3.1-ImageIndex
2023-07-09 18:39:41,102 - root - DEBUG - 20.3.2-PointerCenterOfRotationY
2023-07-09 18:39:41,102 - root - DEBUG - 20.4-Minutes
2023-07-09 18:39:41,102 - root - DEBUG - 20.4.1-ImageIndex
2023-07-09 18:39:41,102 - root - DEBUG - 20.4.2-PointerCenterOfRotationY
2023-07-09 18:39:41,102 - root - DEBUG - 20.4.4-CoverImage
2023-07-09 18:39:41,102 - root - DEBUG - 20.4.4.1-X
2023-07-09 18:39:41,102 - root - DEBUG - 20.4.4.2-Y
2023-07-09 18:39:41,102 - root - DEBUG - 20.4.4.3-ImageIndex
2023-07-09 18:39:41,102 - root - DEBUG - generatePreviews
2023-07-09 18:39:41,102 - root - DEBUG - Generating previews...
2023-07-09 18:39:41,106 - root - DEBUG - Generating states done...
2023-07-09 18:39:41,116 - root - DEBUG - >>>>>>>>>>>> 0 <watchFaceParser.models.parameter.Parameter object at 0x000001C06FF6BD30>
2023-07-09 18:39:41,116 - root - DEBUG - >>>>>>>>>>>> 2 <watchFaceParser.models.parameter.Parameter object at 0x000001C06FF69340>
2023-07-09 18:39:41,126 - root - DEBUG - >>>>>>>>>>>> 4 <watchFaceParser.models.parameter.Parameter object at 0x000001C06FF69520>
2023-07-09 18:39:41,137 - root - DEBUG - >>>>>>>>>>>> 5 <watchFaceParser.models.parameter.Parameter object at 0x000001C06FF6B7F0>
2023-07-09 18:39:41,137 - root - DEBUG - >>>>>>>>>>>> 20 <watchFaceParser.models.parameter.Parameter object at 0x000001C06FF6BCD0>
2023-07-09 18:39:41,199 - root - DEBUG - Generating static preview gen done...
2023-07-09 18:39:41,286 - root - DEBUG - Generating static preview save done...
2023-07-09 18:39:41,286 - root - DEBUG - Generating anim preview gen done...
2023-07-09 18:39:41,286 - root - DEBUG - >>>>>>>>>>>> 0 <watchFaceParser.models.parameter.Parameter object at 0x000001C06FF6BD30>
2023-07-09 18:39:41,286 - root - DEBUG - >>>>>>>>>>>> 2 <watchFaceParser.models.parameter.Parameter object at 0x000001C06FF69340>
2023-07-09 18:39:41,286 - root - DEBUG - >>>>>>>>>>>> 4 <watchFaceParser.models.parameter.Parameter object at 0x000001C06FF69520>
2023-07-09 18:39:41,286 - root - DEBUG - >>>>>>>>>>>> 5 <watchFaceParser.models.parameter.Parameter object at 0x000001C06FF6B7F0>
2023-07-09 18:39:41,286 - root - DEBUG - >>>>>>>>>>>> 20 <watchFaceParser.models.parameter.Parameter object at 0x000001C06FF6BCD0>
2023-07-09 18:39:41,880 - root - DEBUG - generatePreviews done
2023-07-09 18:39:41,880 - root - DEBUG - Exporting resources to 'E:\Codez\zepp-bipupro-wf\154ecef64217a4c3acf18e8c3f58174a'
2023-07-09 18:39:41,880 - root - DEBUG - extracting E:\Codez\zepp-bipupro-wf\154ecef64217a4c3acf18e8c3f58174a\0000.png...
2023-07-09 18:39:41,896 - root - DEBUG - extracting E:\Codez\zepp-bipupro-wf\154ecef64217a4c3acf18e8c3f58174a\0001.png...
2023-07-09 18:39:41,907 - root - DEBUG - extracting E:\Codez\zepp-bipupro-wf\154ecef64217a4c3acf18e8c3f58174a\0002.png...
2023-07-09 18:39:41,907 - root - DEBUG - extracting E:\Codez\zepp-bipupro-wf\154ecef64217a4c3acf18e8c3f58174a\0003.png...
2023-07-09 18:39:41,911 - root - DEBUG - extracting E:\Codez\zepp-bipupro-wf\154ecef64217a4c3acf18e8c3f58174a\0004.png...
2023-07-09 18:39:41,911 - root - DEBUG - extracting E:\Codez\zepp-bipupro-wf\154ecef64217a4c3acf18e8c3f58174a\0005.png...
2023-07-09 18:39:41,911 - root - DEBUG - extracting E:\Codez\zepp-bipupro-wf\154ecef64217a4c3acf18e8c3f58174a\0006.png...
2023-07-09 18:39:41,911 - root - DEBUG - extracting E:\Codez\zepp-bipupro-wf\154ecef64217a4c3acf18e8c3f58174a\0007.png...
2023-07-09 18:39:41,911 - root - DEBUG - extracting E:\Codez\zepp-bipupro-wf\154ecef64217a4c3acf18e8c3f58174a\0008.png...
2023-07-09 18:39:41,916 - root - DEBUG - extracting E:\Codez\zepp-bipupro-wf\154ecef64217a4c3acf18e8c3f58174a\0009.png...
2023-07-09 18:39:41,916 - root - DEBUG - extracting E:\Codez\zepp-bipupro-wf\154ecef64217a4c3acf18e8c3f58174a\0010.png...
2023-07-09 18:39:41,916 - root - DEBUG - extracting E:\Codez\zepp-bipupro-wf\154ecef64217a4c3acf18e8c3f58174a\0011.png...
2023-07-09 18:39:41,916 - root - DEBUG - extracting E:\Codez\zepp-bipupro-wf\154ecef64217a4c3acf18e8c3f58174a\0012.png...
2023-07-09 18:39:41,916 - root - DEBUG - extracting E:\Codez\zepp-bipupro-wf\154ecef64217a4c3acf18e8c3f58174a\0013.png...
2023-07-09 18:39:41,916 - root - DEBUG - extracting E:\Codez\zepp-bipupro-wf\154ecef64217a4c3acf18e8c3f58174a\0014.png...
2023-07-09 18:39:41,916 - root - DEBUG - extracting E:\Codez\zepp-bipupro-wf\154ecef64217a4c3acf18e8c3f58174a\0015.png...
2023-07-09 18:39:41,916 - root - DEBUG - extracting E:\Codez\zepp-bipupro-wf\154ecef64217a4c3acf18e8c3f58174a\0016.png...
2023-07-09 18:39:41,916 - root - DEBUG - extracting E:\Codez\zepp-bipupro-wf\154ecef64217a4c3acf18e8c3f58174a\0017.png...
2023-07-09 18:39:41,916 - root - DEBUG - extracting E:\Codez\zepp-bipupro-wf\154ecef64217a4c3acf18e8c3f58174a\0018.png...
2023-07-09 18:39:41,926 - root - DEBUG - extracting E:\Codez\zepp-bipupro-wf\154ecef64217a4c3acf18e8c3f58174a\0019.png...
2023-07-09 18:39:41,927 - root - DEBUG - extracting E:\Codez\zepp-bipupro-wf\154ecef64217a4c3acf18e8c3f58174a\0020.png...
2023-07-09 18:39:41,927 - root - DEBUG - extracting E:\Codez\zepp-bipupro-wf\154ecef64217a4c3acf18e8c3f58174a\0021.png...
2023-07-09 18:39:41,927 - root - DEBUG - extracting E:\Codez\zepp-bipupro-wf\154ecef64217a4c3acf18e8c3f58174a\0022.png...
2023-07-09 18:39:41,927 - root - DEBUG - extracting E:\Codez\zepp-bipupro-wf\154ecef64217a4c3acf18e8c3f58174a\0023.png...
2023-07-09 18:39:41,927 - root - DEBUG - extracting E:\Codez\zepp-bipupro-wf\154ecef64217a4c3acf18e8c3f58174a\0024.png...
2023-07-09 18:39:41,927 - root - DEBUG - extracting E:\Codez\zepp-bipupro-wf\154ecef64217a4c3acf18e8c3f58174a\0025.png...
2023-07-09 18:39:41,927 - root - DEBUG - extracting E:\Codez\zepp-bipupro-wf\154ecef64217a4c3acf18e8c3f58174a\0026.png...
2023-07-09 18:39:41,937 - root - DEBUG - extracting E:\Codez\zepp-bipupro-wf\154ecef64217a4c3acf18e8c3f58174a\0027.png...
2023-07-09 18:39:41,937 - root - DEBUG - Exporting config...
