2021-12-28 10:54:33,960 - root - DEBUG - Opening watch face 'E:\Codez\zepp-bipupro-wf\4feee05286a6631c6b4ba9da3492fda8.bin'
2021-12-28 10:54:33,975 - root - DEBUG - Reading parameters...
2021-12-28 10:54:33,975 - root - INFO - Reading header...
2021-12-28 10:54:33,976 - root - INFO - Header was read:
2021-12-28 10:54:33,977 - root - INFO - Signature: b'UIHH\x01\x00\xff', Unknown: 125, ParametersSize: 55, isValid: True, deviceId: 71
2021-12-28 10:54:33,977 - root - INFO - Reading parameter offsets...
2021-12-28 10:54:33,977 - root - INFO - Parameter offsets were read from file
2021-12-28 10:54:33,977 - root - INFO - Reading parameters descriptor...
2021-12-28 10:54:33,977 - root - INFO - 1 ( A): 5 bytes
2021-12-28 10:54:33,977 - root - INFO -     1 ( 8): 319 13F
2021-12-28 10:54:33,977 - root - INFO -     2 (10): 73 49
2021-12-28 10:54:33,977 - root - INFO - getParameters descriptor was read:
2021-12-28 10:54:33,977 - root - INFO - ParametersTableLength: 319, ImagesCount: 73
2021-12-28 10:54:33,977 - root - INFO - Reading parameters locations...
2021-12-28 10:54:33,977 - root - INFO - 2 (12): 4 bytes
2021-12-28 10:54:33,978 - root - INFO -     1 ( 8): 0  0
2021-12-28 10:54:33,978 - root - INFO -     2 (10): 24 18
2021-12-28 10:54:33,978 - root - INFO - 4 (22): 4 bytes
2021-12-28 10:54:33,978 - root - INFO -     1 ( 8): 60 3C
2021-12-28 10:54:33,978 - root - INFO -     2 (10): 125 7D
2021-12-28 10:54:33,978 - root - INFO - 5 (2A): 4 bytes
2021-12-28 10:54:33,978 - root - INFO -     1 ( 8): 24 18
2021-12-28 10:54:33,978 - root - INFO -     2 (10): 36 24
2021-12-28 10:54:33,978 - root - INFO - 9 (4A): 5 bytes
2021-12-28 10:54:33,979 - root - INFO -     1 ( 8): 197 C5
2021-12-28 10:54:33,979 - root - INFO -     2 (10): 27 1B
2021-12-28 10:54:33,979 - root - INFO - 12 (62): 5 bytes
2021-12-28 10:54:33,979 - root - INFO -     1 ( 8): 185 B9
2021-12-28 10:54:33,979 - root - INFO -     2 (10): 12  C
2021-12-28 10:54:33,979 - root - INFO - 21 (AA): 5 bytes
2021-12-28 10:54:33,979 - root - INFO -     1 ( 8): 224 E0
2021-12-28 10:54:33,979 - root - INFO -     2 (10): 84 54
2021-12-28 10:54:33,979 - root - INFO - 23 (BA): 5 bytes
2021-12-28 10:54:33,979 - root - INFO -     1 ( 8): 308 134
2021-12-28 10:54:33,979 - root - INFO -     2 (10): 11  B
2021-12-28 10:54:33,979 - root - INFO - Watch face parameters locations were read:
2021-12-28 10:54:33,981 - root - INFO - Reading descriptor for parameter 2
2021-12-28 10:54:33,981 - root - INFO - Descriptor offset: 0, Descriptor length: 24
2021-12-28 10:54:33,981 - root - INFO - Parsing descriptor for parameter 2...
2021-12-28 10:54:33,981 - root - INFO - 1 ( A): 6 bytes
2021-12-28 10:54:33,981 - root - INFO -     1 ( 8): 0  0
2021-12-28 10:54:33,981 - root - INFO -     2 (10): 0  0
2021-12-28 10:54:33,982 - root - INFO -     3 (18): 0  0
2021-12-28 10:54:33,982 - root - INFO - 3 (1A): 6 bytes
2021-12-28 10:54:33,982 - root - INFO -     1 ( 8): 0  0
2021-12-28 10:54:33,982 - root - INFO -     2 (10): 0  0
2021-12-28 10:54:33,982 - root - INFO -     3 (18): 1  1
2021-12-28 10:54:33,982 - root - INFO - 5 (2A): 6 bytes
2021-12-28 10:54:33,982 - root - INFO -     1 ( 8): 0  0
2021-12-28 10:54:33,982 - root - INFO -     2 (10): 0  0
2021-12-28 10:54:33,982 - root - INFO -     3 (18): 2  2
2021-12-28 10:54:33,983 - root - INFO - Reading descriptor for parameter 4
2021-12-28 10:54:33,983 - root - INFO - Descriptor offset: 60, Descriptor length: 125
2021-12-28 10:54:33,983 - root - INFO - Parsing descriptor for parameter 4...
2021-12-28 10:54:33,983 - root - INFO - 1 ( A): 21 bytes
2021-12-28 10:54:33,983 - root - INFO -     1 ( A): 19 bytes
2021-12-28 10:54:33,983 - root - INFO -         1 ( 8): 75 4B
2021-12-28 10:54:33,984 - root - INFO -         2 (10): 30 1E
2021-12-28 10:54:33,984 - root - INFO -         3 (18): 143 8F
2021-12-28 10:54:33,984 - root - INFO -         4 (20): 50 32
2021-12-28 10:54:33,984 - root - INFO -         5 (28): 68 44
2021-12-28 10:54:33,984 - root - INFO -         6 (30): 2  2
2021-12-28 10:54:33,984 - root - INFO -         7 (38): 0  0
2021-12-28 10:54:33,984 - root - INFO -         8 (40): 7  7
2021-12-28 10:54:33,984 - root - INFO -         9 (48): 10  A
2021-12-28 10:54:33,984 - root - INFO - 3 (1A): 21 bytes
2021-12-28 10:54:33,985 - root - INFO -     1 ( A): 19 bytes
2021-12-28 10:54:33,985 - root - INFO -         1 ( 8): 89 59
2021-12-28 10:54:33,985 - root - INFO -         2 (10): 64 40
2021-12-28 10:54:33,985 - root - INFO -         3 (18): 143 8F
2021-12-28 10:54:33,985 - root - INFO -         4 (20): 84 54
2021-12-28 10:54:33,985 - root - INFO -         5 (28): 68 44
2021-12-28 10:54:33,985 - root - INFO -         6 (30): 2  2
2021-12-28 10:54:33,985 - root - INFO -         7 (38): 0  0
2021-12-28 10:54:33,985 - root - INFO -         8 (40): 7  7
2021-12-28 10:54:33,985 - root - INFO -         9 (48): 10  A
2021-12-28 10:54:33,986 - root - INFO - 4 (22): 26 bytes
2021-12-28 10:54:33,986 - root - INFO -     1 ( A): 22 bytes
2021-12-28 10:54:33,986 - root - INFO -         1 ( 8): 215 D7
2021-12-28 10:54:33,987 - root - INFO -         2 (10): 249 F9
2021-12-28 10:54:33,987 - root - INFO -         3 (18): 250 FA
2021-12-28 10:54:33,987 - root - INFO -         4 (20): 266 10A
2021-12-28 10:54:33,987 - root - INFO -         5 (28): 72 48
2021-12-28 10:54:33,987 - root - INFO -         6 (30): 1  1
2021-12-28 10:54:33,987 - root - INFO -         7 (38): 0  0
2021-12-28 10:54:33,987 - root - INFO -         8 (40): 7  7
2021-12-28 10:54:33,987 - root - INFO -         9 (48): 10  A
2021-12-28 10:54:33,987 - root - INFO -     3 (18): 17 11
2021-12-28 10:54:33,987 - root - INFO - 6 (32): 22 bytes
2021-12-28 10:54:33,988 - root - INFO -     1 ( A): 20 bytes
2021-12-28 10:54:33,988 - root - INFO -         1 ( 8): 215 D7
2021-12-28 10:54:33,988 - root - INFO -         2 (10): 43 2B
2021-12-28 10:54:33,988 - root - INFO -         3 (18): 250 FA
2021-12-28 10:54:33,988 - root - INFO -         4 (20): 60 3C
2021-12-28 10:54:33,988 - root - INFO -         5 (28): 72 48
2021-12-28 10:54:33,988 - root - INFO -         6 (30): 1  1
2021-12-28 10:54:33,988 - root - INFO -         7 (38): 0  0
2021-12-28 10:54:33,988 - root - INFO -         8 (40): 7  7
2021-12-28 10:54:33,988 - root - INFO -         9 (48): 10  A
2021-12-28 10:54:33,989 - root - INFO - 7 (38): 0  0
2021-12-28 10:54:33,989 - root - INFO - 8 (42): 23 bytes
2021-12-28 10:54:33,989 - root - INFO -     1 ( A): 21 bytes
2021-12-28 10:54:33,989 - root - INFO -         1 ( 8): 117 75
2021-12-28 10:54:33,989 - root - INFO -         2 (10): 236 EC
2021-12-28 10:54:33,989 - root - INFO -         3 (18): 143 8F
2021-12-28 10:54:33,989 - root - INFO -         4 (20): 256 100
2021-12-28 10:54:33,989 - root - INFO -         5 (28): 68 44
2021-12-28 10:54:33,990 - root - INFO -         6 (30): 2  2
2021-12-28 10:54:33,990 - root - INFO -         7 (38): 0  0
2021-12-28 10:54:33,990 - root - INFO -         8 (40): 7  7
2021-12-28 10:54:33,990 - root - INFO -         9 (48): 10  A
2021-12-28 10:54:33,991 - root - INFO - Reading descriptor for parameter 5
2021-12-28 10:54:33,991 - root - INFO - Descriptor offset: 24, Descriptor length: 36
2021-12-28 10:54:33,991 - root - INFO - Parsing descriptor for parameter 5...
2021-12-28 10:54:33,991 - root - INFO - 1 ( A): 6 bytes
2021-12-28 10:54:33,991 - root - INFO -     4 (20): 1  1
2021-12-28 10:54:33,991 - root - INFO -     5 (28): 1  1
2021-12-28 10:54:33,991 - root - INFO -     6 (30): 0  0
2021-12-28 10:54:33,991 - root - INFO - 2 (12): 26 bytes
2021-12-28 10:54:33,992 - root - INFO -     1 ( 8): 0  0
2021-12-28 10:54:33,992 - root - INFO -     2 (10): 0  0
2021-12-28 10:54:33,992 - root - INFO -     3 (18): 3  3
2021-12-28 10:54:33,992 - root - INFO -     4 (20): 5  5
2021-12-28 10:54:33,992 - root - INFO -     5 (28): 4  4
2021-12-28 10:54:33,992 - root - INFO -     6 (30): 6  6
2021-12-28 10:54:33,992 - root - INFO -     8 (42): 5 bytes
2021-12-28 10:54:33,992 - root - INFO -         1 ( 8): 2  2
2021-12-28 10:54:33,992 - root - INFO -         2 (10): 180 B4
2021-12-28 10:54:33,992 - root - INFO -     9 (4A): 5 bytes
2021-12-28 10:54:33,992 - root - INFO -         1 ( 8): 2  2
2021-12-28 10:54:33,993 - root - INFO -         2 (10): 180 B4
2021-12-28 10:54:33,993 - root - INFO - Reading descriptor for parameter 9
2021-12-28 10:54:33,993 - root - INFO - Descriptor offset: 197, Descriptor length: 27
2021-12-28 10:54:33,993 - root - INFO - Parsing descriptor for parameter 9...
2021-12-28 10:54:33,993 - root - INFO - 1 ( A): 25 bytes
2021-12-28 10:54:33,994 - root - INFO -     1 ( A): 21 bytes
2021-12-28 10:54:33,994 - root - INFO -         1 ( 8): 89 59
2021-12-28 10:54:33,994 - root - INFO -         2 (10): 270 10E
2021-12-28 10:54:33,994 - root - INFO -         3 (18): 143 8F
2021-12-28 10:54:33,994 - root - INFO -         4 (20): 290 122
2021-12-28 10:54:33,994 - root - INFO -         5 (28): 68 44
2021-12-28 10:54:33,995 - root - INFO -         6 (30): 2  2
2021-12-28 10:54:33,995 - root - INFO -         7 (38): 0  0
2021-12-28 10:54:33,995 - root - INFO -         8 (40): 7  7
2021-12-28 10:54:33,995 - root - INFO -         9 (48): 10  A
2021-12-28 10:54:33,995 - root - INFO -     4 (20): 30 1E
2021-12-28 10:54:33,996 - root - INFO - Reading descriptor for parameter 12
2021-12-28 10:54:33,996 - root - INFO - Descriptor offset: 185, Descriptor length: 12
2021-12-28 10:54:33,996 - root - INFO - Parsing descriptor for parameter 12...
2021-12-28 10:54:33,996 - root - INFO - 2 (12): 10 bytes
2021-12-28 10:54:33,996 - root - INFO -     1 ( 8): 198 C6
2021-12-28 10:54:33,996 - root - INFO -     2 (10): 229 E5
2021-12-28 10:54:33,997 - root - INFO -     3 (18): 18 12
2021-12-28 10:54:33,997 - root - INFO -     4 (20): 12  C
2021-12-28 10:54:33,997 - root - INFO - Reading descriptor for parameter 21
2021-12-28 10:54:33,997 - root - INFO - Descriptor offset: 224, Descriptor length: 84
2021-12-28 10:54:33,998 - root - INFO - Parsing descriptor for parameter 21...
2021-12-28 10:54:33,998 - root - INFO - 1 ( A): 20 bytes
2021-12-28 10:54:33,998 - root - INFO -     1 ( 8): 38 26
2021-12-28 10:54:33,998 - root - INFO -     2 (10): 116 74
2021-12-28 10:54:33,998 - root - INFO -     3 (18): 144 90
2021-12-28 10:54:33,998 - root - INFO -     4 (20): 204 CC
2021-12-28 10:54:33,998 - root - INFO -     5 (28): 72 48
2021-12-28 10:54:33,998 - root - INFO -     6 (30): 4  4
2021-12-28 10:54:33,998 - root - INFO -     7 (38): 0  0
2021-12-28 10:54:33,998 - root - INFO -     8 (40): 31 1F
2021-12-28 10:54:33,999 - root - INFO -     9 (48): 10  A
2021-12-28 10:54:33,999 - root - INFO - 3 (18): 1  1
2021-12-28 10:54:33,999 - root - INFO - 6 (30): 0  0
2021-12-28 10:54:33,999 - root - INFO - 8 (42): 56 bytes
2021-12-28 10:54:33,999 - root - INFO -     1 ( 8): 1  1
2021-12-28 10:54:33,999 - root - INFO -     2 (12): 21 bytes
2021-12-28 10:54:33,999 - root - INFO -         1 ( 8): 164 A4
2021-12-28 10:54:33,999 - root - INFO -         2 (10): 116 74
2021-12-28 10:54:33,999 - root - INFO -         3 (18): 270 10E
2021-12-28 10:54:33,999 - root - INFO -         4 (20): 204 CC
2021-12-28 10:54:33,999 - root - INFO -         5 (28): 72 48
2021-12-28 10:54:34,000 - root - INFO -         6 (30): 4  4
2021-12-28 10:54:34,000 - root - INFO -         7 (38): 0  0
2021-12-28 10:54:34,000 - root - INFO -         8 (40): 41 29
2021-12-28 10:54:34,000 - root - INFO -         9 (48): 10  A
2021-12-28 10:54:34,000 - root - INFO -     3 (1A): 21 bytes
2021-12-28 10:54:34,000 - root - INFO -         1 ( 8): 274 112
2021-12-28 10:54:34,000 - root - INFO -         2 (10): 117 75
2021-12-28 10:54:34,000 - root - INFO -         3 (18): 299 12B
2021-12-28 10:54:34,000 - root - INFO -         4 (20): 137 89
2021-12-28 10:54:34,000 - root - INFO -         5 (28): 72 48
2021-12-28 10:54:34,000 - root - INFO -         6 (30): 1  1
2021-12-28 10:54:34,000 - root - INFO -         7 (38): 0  0
2021-12-28 10:54:34,001 - root - INFO -         8 (40): 51 33
2021-12-28 10:54:34,001 - root - INFO -         9 (48): 10  A
2021-12-28 10:54:34,001 - root - INFO -     4 (20): 1  1
2021-12-28 10:54:34,001 - root - INFO -     5 (28): 1  1
2021-12-28 10:54:34,001 - root - INFO -     8 (40): 0  0
2021-12-28 10:54:34,001 - root - INFO -     9 (48): 0  0
2021-12-28 10:54:34,002 - root - INFO - Reading descriptor for parameter 23
2021-12-28 10:54:34,002 - root - INFO - Descriptor offset: 308, Descriptor length: 11
2021-12-28 10:54:34,002 - root - INFO - Parsing descriptor for parameter 23...
2021-12-28 10:54:34,002 - root - INFO - 2 (12): 9 bytes
2021-12-28 10:54:34,004 - root - INFO -     1 ( 8): 198 C6
2021-12-28 10:54:34,004 - root - INFO -     2 (10): 23 17
2021-12-28 10:54:34,004 - root - INFO -     3 (18): 61 3D
2021-12-28 10:54:34,005 - root - INFO -     4 (20): 12  C
2021-12-28 10:54:34,008 - root - INFO - Reading resources offsets table with 73 elements (292 bytes)
2021-12-28 10:54:34,008 - root - INFO - Resource 0 offset: 753, length: 192288...
2021-12-28 10:54:34,008 - root - DEBUG - Reading resource 0...
2021-12-28 10:54:34,066 - root - INFO - The image is bme.
2021-12-28 10:54:34,066 - root - INFO - Reading image header(readHeader16E)...
2021-12-28 10:54:34,066 - root - INFO - Image header was read:
2021-12-28 10:54:34,066 - root - INFO - Width: 302, Height: 320, RowLength: 604
2021-12-28 10:54:34,066 - root - INFO - datalength: 192272, _step: 2
2021-12-28 10:54:34,066 - root - INFO - BPP: 16, Transparency: False
2021-12-28 10:54:34,507 - root - INFO - Resource 1 offset: 193041, length: 86572...
2021-12-28 10:54:34,507 - root - DEBUG - Reading resource 1...
2021-12-28 10:54:34,507 - root - INFO - The image is bme.
2021-12-28 10:54:34,507 - root - INFO - Reading image header(readHeader16E)...
2021-12-28 10:54:34,508 - root - INFO - Image header was read:
2021-12-28 10:54:34,508 - root - INFO - Width: 202, Height: 214, RowLength: 404
2021-12-28 10:54:34,508 - root - INFO - datalength: 86556, _step: 2
2021-12-28 10:54:34,508 - root - INFO - BPP: 16, Transparency: False
2021-12-28 10:54:34,691 - root - INFO - Resource 2 offset: 279613, length: 86572...
2021-12-28 10:54:34,691 - root - DEBUG - Reading resource 2...
2021-12-28 10:54:34,691 - root - INFO - The image is bme.
2021-12-28 10:54:34,691 - root - INFO - Reading image header(readHeader16E)...
2021-12-28 10:54:34,691 - root - INFO - Image header was read:
2021-12-28 10:54:34,691 - root - INFO - Width: 202, Height: 214, RowLength: 404
2021-12-28 10:54:34,691 - root - INFO - datalength: 86556, _step: 2
2021-12-28 10:54:34,691 - root - INFO - BPP: 16, Transparency: False
2021-12-28 10:54:34,877 - root - INFO - Resource 3 offset: 366185, length: 692...
2021-12-28 10:54:34,877 - root - DEBUG - Reading resource 3...
2021-12-28 10:54:34,877 - root - INFO - The image is bme.
2021-12-28 10:54:34,877 - root - INFO - Reading image header(readHeader16E)...
2021-12-28 10:54:34,877 - root - INFO - Image header was read:
2021-12-28 10:54:34,877 - root - INFO - Width: 36, Height: 25, RowLength: 72
2021-12-28 10:54:34,877 - root - INFO - datalength: 676, _step: 2
2021-12-28 10:54:34,877 - root - INFO - BPP: 16, Transparency: False
2021-12-28 10:54:34,879 - root - INFO - Resource 4 offset: 366877, length: 926...
2021-12-28 10:54:34,879 - root - DEBUG - Reading resource 4...
2021-12-28 10:54:34,879 - root - INFO - The image is bme.
2021-12-28 10:54:34,879 - root - INFO - Reading image header(readHeader16E)...
2021-12-28 10:54:34,879 - root - INFO - Image header was read:
2021-12-28 10:54:34,879 - root - INFO - Width: 36, Height: 25, RowLength: 72
2021-12-28 10:54:34,879 - root - INFO - datalength: 910, _step: 2
2021-12-28 10:54:34,879 - root - INFO - BPP: 16, Transparency: False
2021-12-28 10:54:34,880 - root - INFO - Resource 5 offset: 367803, length: 732...
2021-12-28 10:54:34,881 - root - DEBUG - Reading resource 5...
2021-12-28 10:54:34,881 - root - INFO - The image is bme.
2021-12-28 10:54:34,881 - root - INFO - Reading image header(readHeader16E)...
2021-12-28 10:54:34,881 - root - INFO - Image header was read:
2021-12-28 10:54:34,881 - root - INFO - Width: 36, Height: 25, RowLength: 72
2021-12-28 10:54:34,881 - root - INFO - datalength: 716, _step: 2
2021-12-28 10:54:34,881 - root - INFO - BPP: 16, Transparency: False
2021-12-28 10:54:34,882 - root - INFO - Resource 6 offset: 368535, length: 886...
2021-12-28 10:54:34,882 - root - DEBUG - Reading resource 6...
2021-12-28 10:54:34,883 - root - INFO - The image is bme.
2021-12-28 10:54:34,883 - root - INFO - Reading image header(readHeader16E)...
2021-12-28 10:54:34,883 - root - INFO - Image header was read:
2021-12-28 10:54:34,883 - root - INFO - Width: 36, Height: 25, RowLength: 72
2021-12-28 10:54:34,883 - root - INFO - datalength: 870, _step: 2
2021-12-28 10:54:34,883 - root - INFO - BPP: 16, Transparency: False
2021-12-28 10:54:34,884 - root - INFO - Resource 7 offset: 369421, length: 484...
2021-12-28 10:54:34,884 - root - DEBUG - Reading resource 7...
2021-12-28 10:54:34,884 - root - INFO - The image is bme.
2021-12-28 10:54:34,885 - root - INFO - Reading image header(readHeader16E)...
2021-12-28 10:54:34,885 - root - INFO - Image header was read:
2021-12-28 10:54:34,885 - root - INFO - Width: 12, Height: 20, RowLength: 24
2021-12-28 10:54:34,885 - root - INFO - datalength: 468, _step: 2
2021-12-28 10:54:34,885 - root - INFO - BPP: 16, Transparency: False
2021-12-28 10:54:34,886 - root - INFO - Resource 8 offset: 369905, length: 322...
2021-12-28 10:54:34,886 - root - DEBUG - Reading resource 8...
2021-12-28 10:54:34,886 - root - INFO - The image is bme.
2021-12-28 10:54:34,886 - root - INFO - Reading image header(readHeader16E)...
2021-12-28 10:54:34,886 - root - INFO - Image header was read:
2021-12-28 10:54:34,886 - root - INFO - Width: 12, Height: 20, RowLength: 24
2021-12-28 10:54:34,886 - root - INFO - datalength: 306, _step: 2
2021-12-28 10:54:34,886 - root - INFO - BPP: 16, Transparency: False
2021-12-28 10:54:34,887 - root - INFO - Resource 9 offset: 370227, length: 416...
2021-12-28 10:54:34,887 - root - DEBUG - Reading resource 9...
2021-12-28 10:54:34,887 - root - INFO - The image is bme.
2021-12-28 10:54:34,887 - root - INFO - Reading image header(readHeader16E)...
2021-12-28 10:54:34,887 - root - INFO - Image header was read:
2021-12-28 10:54:34,887 - root - INFO - Width: 12, Height: 20, RowLength: 24
2021-12-28 10:54:34,887 - root - INFO - datalength: 400, _step: 2
2021-12-28 10:54:34,887 - root - INFO - BPP: 16, Transparency: False
2021-12-28 10:54:34,888 - root - INFO - Resource 10 offset: 370643, length: 378...
2021-12-28 10:54:34,888 - root - DEBUG - Reading resource 10...
2021-12-28 10:54:34,888 - root - INFO - The image is bme.
2021-12-28 10:54:34,888 - root - INFO - Reading image header(readHeader16E)...
2021-12-28 10:54:34,888 - root - INFO - Image header was read:
2021-12-28 10:54:34,888 - root - INFO - Width: 12, Height: 20, RowLength: 24
2021-12-28 10:54:34,888 - root - INFO - datalength: 362, _step: 2
2021-12-28 10:54:34,889 - root - INFO - BPP: 16, Transparency: False
2021-12-28 10:54:34,889 - root - INFO - Resource 11 offset: 371021, length: 402...
2021-12-28 10:54:34,889 - root - DEBUG - Reading resource 11...
2021-12-28 10:54:34,889 - root - INFO - The image is bme.
2021-12-28 10:54:34,889 - root - INFO - Reading image header(readHeader16E)...
2021-12-28 10:54:34,889 - root - INFO - Image header was read:
2021-12-28 10:54:34,890 - root - INFO - Width: 12, Height: 20, RowLength: 24
2021-12-28 10:54:34,890 - root - INFO - datalength: 386, _step: 2
2021-12-28 10:54:34,890 - root - INFO - BPP: 16, Transparency: False
2021-12-28 10:54:34,890 - root - INFO - Resource 12 offset: 371423, length: 430...
2021-12-28 10:54:34,890 - root - DEBUG - Reading resource 12...
2021-12-28 10:54:34,891 - root - INFO - The image is bme.
2021-12-28 10:54:34,891 - root - INFO - Reading image header(readHeader16E)...
2021-12-28 10:54:34,891 - root - INFO - Image header was read:
2021-12-28 10:54:34,891 - root - INFO - Width: 12, Height: 20, RowLength: 24
2021-12-28 10:54:34,891 - root - INFO - datalength: 414, _step: 2
2021-12-28 10:54:34,891 - root - INFO - BPP: 16, Transparency: False
2021-12-28 10:54:34,892 - root - INFO - Resource 13 offset: 371853, length: 462...
2021-12-28 10:54:34,892 - root - DEBUG - Reading resource 13...
2021-12-28 10:54:34,892 - root - INFO - The image is bme.
2021-12-28 10:54:34,892 - root - INFO - Reading image header(readHeader16E)...
2021-12-28 10:54:34,892 - root - INFO - Image header was read:
2021-12-28 10:54:34,892 - root - INFO - Width: 12, Height: 20, RowLength: 24
2021-12-28 10:54:34,892 - root - INFO - datalength: 446, _step: 2
2021-12-28 10:54:34,892 - root - INFO - BPP: 16, Transparency: False
2021-12-28 10:54:34,893 - root - INFO - Resource 14 offset: 372315, length: 400...
2021-12-28 10:54:34,893 - root - DEBUG - Reading resource 14...
2021-12-28 10:54:34,893 - root - INFO - The image is bme.
2021-12-28 10:54:34,893 - root - INFO - Reading image header(readHeader16E)...
2021-12-28 10:54:34,893 - root - INFO - Image header was read:
2021-12-28 10:54:34,893 - root - INFO - Width: 12, Height: 20, RowLength: 24
2021-12-28 10:54:34,893 - root - INFO - datalength: 384, _step: 2
2021-12-28 10:54:34,893 - root - INFO - BPP: 16, Transparency: False
2021-12-28 10:54:34,894 - root - INFO - Resource 15 offset: 372715, length: 456...
2021-12-28 10:54:34,894 - root - DEBUG - Reading resource 15...
2021-12-28 10:54:34,894 - root - INFO - The image is bme.
2021-12-28 10:54:34,894 - root - INFO - Reading image header(readHeader16E)...
2021-12-28 10:54:34,894 - root - INFO - Image header was read:
2021-12-28 10:54:34,894 - root - INFO - Width: 12, Height: 20, RowLength: 24
2021-12-28 10:54:34,895 - root - INFO - datalength: 440, _step: 2
2021-12-28 10:54:34,895 - root - INFO - BPP: 16, Transparency: False
2021-12-28 10:54:34,895 - root - INFO - Resource 16 offset: 373171, length: 462...
2021-12-28 10:54:34,895 - root - DEBUG - Reading resource 16...
2021-12-28 10:54:34,896 - root - INFO - The image is bme.
2021-12-28 10:54:34,896 - root - INFO - Reading image header(readHeader16E)...
2021-12-28 10:54:34,896 - root - INFO - Image header was read:
2021-12-28 10:54:34,896 - root - INFO - Width: 12, Height: 20, RowLength: 24
2021-12-28 10:54:34,896 - root - INFO - datalength: 446, _step: 2
2021-12-28 10:54:34,896 - root - INFO - BPP: 16, Transparency: False
2021-12-28 10:54:34,897 - root - INFO - Resource 17 offset: 373633, length: 176...
2021-12-28 10:54:34,897 - root - DEBUG - Reading resource 17...
2021-12-28 10:54:34,897 - root - INFO - The image is bme.
2021-12-28 10:54:34,897 - root - INFO - Reading image header(readHeader16E)...
2021-12-28 10:54:34,897 - root - INFO - Image header was read:
2021-12-28 10:54:34,897 - root - INFO - Width: 19, Height: 20, RowLength: 38
2021-12-28 10:54:34,897 - root - INFO - datalength: 160, _step: 2
2021-12-28 10:54:34,897 - root - INFO - BPP: 16, Transparency: False
2021-12-28 10:54:34,898 - root - INFO - Resource 18 offset: 373809, length: 194...
2021-12-28 10:54:34,898 - root - DEBUG - Reading resource 18...
2021-12-28 10:54:34,898 - root - INFO - The image is bme.
2021-12-28 10:54:34,898 - root - INFO - Reading image header(readHeader16E)...
2021-12-28 10:54:34,898 - root - INFO - Image header was read:
2021-12-28 10:54:34,898 - root - INFO - Width: 68, Height: 68, RowLength: 136
2021-12-28 10:54:34,898 - root - INFO - datalength: 178, _step: 2
2021-12-28 10:54:34,898 - root - INFO - BPP: 16, Transparency: False
2021-12-28 10:54:34,899 - root - INFO - Resource 19 offset: 374003, length: 366...
2021-12-28 10:54:34,899 - root - DEBUG - Reading resource 19...
2021-12-28 10:54:34,899 - root - INFO - The image is bme.
2021-12-28 10:54:34,899 - root - INFO - Reading image header(readHeader16E)...
2021-12-28 10:54:34,899 - root - INFO - Image header was read:
2021-12-28 10:54:34,899 - root - INFO - Width: 68, Height: 68, RowLength: 136
2021-12-28 10:54:34,899 - root - INFO - datalength: 350, _step: 2
2021-12-28 10:54:34,899 - root - INFO - BPP: 16, Transparency: False
2021-12-28 10:54:34,900 - root - INFO - Resource 20 offset: 374369, length: 566...
2021-12-28 10:54:34,900 - root - DEBUG - Reading resource 20...
2021-12-28 10:54:34,900 - root - INFO - The image is bme.
2021-12-28 10:54:34,900 - root - INFO - Reading image header(readHeader16E)...
2021-12-28 10:54:34,900 - root - INFO - Image header was read:
2021-12-28 10:54:34,900 - root - INFO - Width: 68, Height: 68, RowLength: 136
2021-12-28 10:54:34,900 - root - INFO - datalength: 550, _step: 2
2021-12-28 10:54:34,900 - root - INFO - BPP: 16, Transparency: False
2021-12-28 10:54:34,901 - root - INFO - Resource 21 offset: 374935, length: 786...
2021-12-28 10:54:34,901 - root - DEBUG - Reading resource 21...
2021-12-28 10:54:34,901 - root - INFO - The image is bme.
2021-12-28 10:54:34,902 - root - INFO - Reading image header(readHeader16E)...
2021-12-28 10:54:34,902 - root - INFO - Image header was read:
2021-12-28 10:54:34,902 - root - INFO - Width: 68, Height: 68, RowLength: 136
2021-12-28 10:54:34,902 - root - INFO - datalength: 770, _step: 2
2021-12-28 10:54:34,902 - root - INFO - BPP: 16, Transparency: False
2021-12-28 10:54:34,903 - root - INFO - Resource 22 offset: 375721, length: 970...
2021-12-28 10:54:34,903 - root - DEBUG - Reading resource 22...
2021-12-28 10:54:34,903 - root - INFO - The image is bme.
2021-12-28 10:54:34,903 - root - INFO - Reading image header(readHeader16E)...
2021-12-28 10:54:34,903 - root - INFO - Image header was read:
2021-12-28 10:54:34,904 - root - INFO - Width: 68, Height: 68, RowLength: 136
2021-12-28 10:54:34,904 - root - INFO - datalength: 954, _step: 2
2021-12-28 10:54:34,904 - root - INFO - BPP: 16, Transparency: False
2021-12-28 10:54:34,905 - root - INFO - Resource 23 offset: 376691, length: 1116...
2021-12-28 10:54:34,905 - root - DEBUG - Reading resource 23...
2021-12-28 10:54:34,905 - root - INFO - The image is bme.
2021-12-28 10:54:34,905 - root - INFO - Reading image header(readHeader16E)...
2021-12-28 10:54:34,906 - root - INFO - Image header was read:
2021-12-28 10:54:34,906 - root - INFO - Width: 68, Height: 68, RowLength: 136
2021-12-28 10:54:34,906 - root - INFO - datalength: 1100, _step: 2
2021-12-28 10:54:34,906 - root - INFO - BPP: 16, Transparency: False
2021-12-28 10:54:34,908 - root - INFO - Resource 24 offset: 377807, length: 1270...
2021-12-28 10:54:34,908 - root - DEBUG - Reading resource 24...
2021-12-28 10:54:34,908 - root - INFO - The image is bme.
2021-12-28 10:54:34,908 - root - INFO - Reading image header(readHeader16E)...
2021-12-28 10:54:34,908 - root - INFO - Image header was read:
2021-12-28 10:54:34,908 - root - INFO - Width: 68, Height: 68, RowLength: 136
2021-12-28 10:54:34,908 - root - INFO - datalength: 1254, _step: 2
2021-12-28 10:54:34,908 - root - INFO - BPP: 16, Transparency: False
2021-12-28 10:54:34,910 - root - INFO - Resource 25 offset: 379077, length: 1444...
2021-12-28 10:54:34,910 - root - DEBUG - Reading resource 25...
2021-12-28 10:54:34,910 - root - INFO - The image is bme.
2021-12-28 10:54:34,910 - root - INFO - Reading image header(readHeader16E)...
2021-12-28 10:54:34,911 - root - INFO - Image header was read:
2021-12-28 10:54:34,911 - root - INFO - Width: 68, Height: 68, RowLength: 136
2021-12-28 10:54:34,911 - root - INFO - datalength: 1428, _step: 2
2021-12-28 10:54:34,911 - root - INFO - BPP: 16, Transparency: False
2021-12-28 10:54:34,913 - root - INFO - Resource 26 offset: 380521, length: 1642...
2021-12-28 10:54:34,913 - root - DEBUG - Reading resource 26...
2021-12-28 10:54:34,913 - root - INFO - The image is bme.
2021-12-28 10:54:34,913 - root - INFO - Reading image header(readHeader16E)...
2021-12-28 10:54:34,913 - root - INFO - Image header was read:
2021-12-28 10:54:34,914 - root - INFO - Width: 68, Height: 68, RowLength: 136
2021-12-28 10:54:34,914 - root - INFO - datalength: 1626, _step: 2
2021-12-28 10:54:34,914 - root - INFO - BPP: 16, Transparency: False
2021-12-28 10:54:34,917 - root - INFO - Resource 27 offset: 382163, length: 1862...
2021-12-28 10:54:34,917 - root - DEBUG - Reading resource 27...
2021-12-28 10:54:34,917 - root - INFO - The image is bme.
2021-12-28 10:54:34,917 - root - INFO - Reading image header(readHeader16E)...
2021-12-28 10:54:34,917 - root - INFO - Image header was read:
2021-12-28 10:54:34,917 - root - INFO - Width: 68, Height: 68, RowLength: 136
2021-12-28 10:54:34,917 - root - INFO - datalength: 1846, _step: 2
2021-12-28 10:54:34,917 - root - INFO - BPP: 16, Transparency: False
2021-12-28 10:54:34,920 - root - INFO - Resource 28 offset: 384025, length: 2048...
2021-12-28 10:54:34,920 - root - DEBUG - Reading resource 28...
2021-12-28 10:54:34,920 - root - INFO - The image is bme.
2021-12-28 10:54:34,920 - root - INFO - Reading image header(readHeader16E)...
2021-12-28 10:54:34,921 - root - INFO - Image header was read:
2021-12-28 10:54:34,921 - root - INFO - Width: 68, Height: 68, RowLength: 136
2021-12-28 10:54:34,921 - root - INFO - datalength: 2032, _step: 2
2021-12-28 10:54:34,921 - root - INFO - BPP: 16, Transparency: False
2021-12-28 10:54:34,924 - root - INFO - Resource 29 offset: 386073, length: 2184...
2021-12-28 10:54:34,924 - root - DEBUG - Reading resource 29...
2021-12-28 10:54:34,924 - root - INFO - The image is bme.
2021-12-28 10:54:34,924 - root - INFO - Reading image header(readHeader16E)...
2021-12-28 10:54:34,924 - root - INFO - Image header was read:
2021-12-28 10:54:34,924 - root - INFO - Width: 68, Height: 68, RowLength: 136
2021-12-28 10:54:34,924 - root - INFO - datalength: 2168, _step: 2
2021-12-28 10:54:34,925 - root - INFO - BPP: 16, Transparency: False
2021-12-28 10:54:34,928 - root - INFO - Resource 30 offset: 388257, length: 330...
2021-12-28 10:54:34,928 - root - DEBUG - Reading resource 30...
2021-12-28 10:54:34,928 - root - INFO - The image is bme.
2021-12-28 10:54:34,928 - root - INFO - Reading image header(readHeader16E)...
2021-12-28 10:54:34,928 - root - INFO - Image header was read:
2021-12-28 10:54:34,929 - root - INFO - Width: 11, Height: 21, RowLength: 22
2021-12-28 10:54:34,929 - root - INFO - datalength: 314, _step: 2
2021-12-28 10:54:34,929 - root - INFO - BPP: 16, Transparency: False
2021-12-28 10:54:34,929 - root - INFO - Resource 31 offset: 388587, length: 6176...
2021-12-28 10:54:34,929 - root - DEBUG - Reading resource 31...
2021-12-28 10:54:34,929 - root - INFO - The image is bme.
2021-12-28 10:54:34,929 - root - INFO - Reading image header(readHeader16E)...
2021-12-28 10:54:34,930 - root - INFO - Image header was read:
2021-12-28 10:54:34,930 - root - INFO - Width: 51, Height: 88, RowLength: 102
2021-12-28 10:54:34,930 - root - INFO - datalength: 6160, _step: 2
2021-12-28 10:54:34,930 - root - INFO - BPP: 16, Transparency: False
2021-12-28 10:54:34,942 - root - INFO - Resource 32 offset: 394763, length: 3318...
2021-12-28 10:54:34,942 - root - DEBUG - Reading resource 32...
2021-12-28 10:54:34,942 - root - INFO - The image is bme.
2021-12-28 10:54:34,942 - root - INFO - Reading image header(readHeader16E)...
2021-12-28 10:54:34,942 - root - INFO - Image header was read:
2021-12-28 10:54:34,942 - root - INFO - Width: 51, Height: 88, RowLength: 102
2021-12-28 10:54:34,942 - root - INFO - datalength: 3302, _step: 2
2021-12-28 10:54:34,942 - root - INFO - BPP: 16, Transparency: False
2021-12-28 10:54:34,948 - root - INFO - Resource 33 offset: 398081, length: 5300...
2021-12-28 10:54:34,948 - root - DEBUG - Reading resource 33...
2021-12-28 10:54:34,949 - root - INFO - The image is bme.
2021-12-28 10:54:34,949 - root - INFO - Reading image header(readHeader16E)...
2021-12-28 10:54:34,949 - root - INFO - Image header was read:
2021-12-28 10:54:34,949 - root - INFO - Width: 51, Height: 88, RowLength: 102
2021-12-28 10:54:34,949 - root - INFO - datalength: 5284, _step: 2
2021-12-28 10:54:34,949 - root - INFO - BPP: 16, Transparency: False
2021-12-28 10:54:34,960 - root - INFO - Resource 34 offset: 403381, length: 5252...
2021-12-28 10:54:34,960 - root - DEBUG - Reading resource 34...
2021-12-28 10:54:34,960 - root - INFO - The image is bme.
2021-12-28 10:54:34,960 - root - INFO - Reading image header(readHeader16E)...
2021-12-28 10:54:34,960 - root - INFO - Image header was read:
2021-12-28 10:54:34,960 - root - INFO - Width: 51, Height: 88, RowLength: 102
2021-12-28 10:54:34,960 - root - INFO - datalength: 5236, _step: 2
2021-12-28 10:54:34,961 - root - INFO - BPP: 16, Transparency: False
2021-12-28 10:54:34,972 - root - INFO - Resource 35 offset: 408633, length: 4766...
2021-12-28 10:54:34,972 - root - DEBUG - Reading resource 35...
2021-12-28 10:54:34,972 - root - INFO - The image is bme.
2021-12-28 10:54:34,972 - root - INFO - Reading image header(readHeader16E)...
2021-12-28 10:54:34,972 - root - INFO - Image header was read:
2021-12-28 10:54:34,972 - root - INFO - Width: 51, Height: 88, RowLength: 102
2021-12-28 10:54:34,972 - root - INFO - datalength: 4750, _step: 2
2021-12-28 10:54:34,972 - root - INFO - BPP: 16, Transparency: False
2021-12-28 10:54:34,983 - root - INFO - Resource 36 offset: 413399, length: 5892...
2021-12-28 10:54:34,983 - root - DEBUG - Reading resource 36...
2021-12-28 10:54:34,983 - root - INFO - The image is bme.
2021-12-28 10:54:34,983 - root - INFO - Reading image header(readHeader16E)...
2021-12-28 10:54:34,983 - root - INFO - Image header was read:
2021-12-28 10:54:34,983 - root - INFO - Width: 51, Height: 88, RowLength: 102
2021-12-28 10:54:34,983 - root - INFO - datalength: 5876, _step: 2
2021-12-28 10:54:34,983 - root - INFO - BPP: 16, Transparency: False
2021-12-28 10:54:34,998 - root - INFO - Resource 37 offset: 419291, length: 6026...
2021-12-28 10:54:34,998 - root - DEBUG - Reading resource 37...
2021-12-28 10:54:34,998 - root - INFO - The image is bme.
2021-12-28 10:54:34,998 - root - INFO - Reading image header(readHeader16E)...
2021-12-28 10:54:34,998 - root - INFO - Image header was read:
2021-12-28 10:54:34,999 - root - INFO - Width: 51, Height: 88, RowLength: 102
2021-12-28 10:54:34,999 - root - INFO - datalength: 6010, _step: 2
2021-12-28 10:54:34,999 - root - INFO - BPP: 16, Transparency: False
2021-12-28 10:54:35,015 - root - INFO - Resource 38 offset: 425317, length: 4682...
2021-12-28 10:54:35,015 - root - DEBUG - Reading resource 38...
2021-12-28 10:54:35,015 - root - INFO - The image is bme.
2021-12-28 10:54:35,015 - root - INFO - Reading image header(readHeader16E)...
2021-12-28 10:54:35,015 - root - INFO - Image header was read:
2021-12-28 10:54:35,015 - root - INFO - Width: 51, Height: 88, RowLength: 102
2021-12-28 10:54:35,016 - root - INFO - datalength: 4666, _step: 2
2021-12-28 10:54:35,016 - root - INFO - BPP: 16, Transparency: False
2021-12-28 10:54:35,042 - root - INFO - Resource 39 offset: 429999, length: 6314...
2021-12-28 10:54:35,042 - root - DEBUG - Reading resource 39...
2021-12-28 10:54:35,043 - root - INFO - The image is bme.
2021-12-28 10:54:35,043 - root - INFO - Reading image header(readHeader16E)...
2021-12-28 10:54:35,043 - root - INFO - Image header was read:
2021-12-28 10:54:35,043 - root - INFO - Width: 51, Height: 88, RowLength: 102
2021-12-28 10:54:35,043 - root - INFO - datalength: 6298, _step: 2
2021-12-28 10:54:35,043 - root - INFO - BPP: 16, Transparency: False
2021-12-28 10:54:35,066 - root - INFO - Resource 40 offset: 436313, length: 6030...
2021-12-28 10:54:35,066 - root - DEBUG - Reading resource 40...
2021-12-28 10:54:35,066 - root - INFO - The image is bme.
2021-12-28 10:54:35,066 - root - INFO - Reading image header(readHeader16E)...
2021-12-28 10:54:35,066 - root - INFO - Image header was read:
2021-12-28 10:54:35,067 - root - INFO - Width: 51, Height: 88, RowLength: 102
2021-12-28 10:54:35,067 - root - INFO - datalength: 6014, _step: 2
2021-12-28 10:54:35,067 - root - INFO - BPP: 16, Transparency: False
2021-12-28 10:54:35,081 - root - INFO - Resource 41 offset: 442343, length: 9520...
2021-12-28 10:54:35,082 - root - DEBUG - Reading resource 41...
2021-12-28 10:54:35,082 - root - INFO - The image is bme.
2021-12-28 10:54:35,082 - root - INFO - Reading image header(readHeader16E)...
2021-12-28 10:54:35,082 - root - INFO - Image header was read:
2021-12-28 10:54:35,082 - root - INFO - Width: 51, Height: 88, RowLength: 102
2021-12-28 10:54:35,082 - root - INFO - datalength: 9504, _step: 2
2021-12-28 10:54:35,082 - root - INFO - BPP: 16, Transparency: False
2021-12-28 10:54:35,105 - root - INFO - Resource 42 offset: 451863, length: 9520...
2021-12-28 10:54:35,105 - root - DEBUG - Reading resource 42...
2021-12-28 10:54:35,105 - root - INFO - The image is bme.
2021-12-28 10:54:35,105 - root - INFO - Reading image header(readHeader16E)...
2021-12-28 10:54:35,106 - root - INFO - Image header was read:
2021-12-28 10:54:35,106 - root - INFO - Width: 51, Height: 88, RowLength: 102
2021-12-28 10:54:35,106 - root - INFO - datalength: 9504, _step: 2
2021-12-28 10:54:35,106 - root - INFO - BPP: 16, Transparency: False
2021-12-28 10:54:35,130 - root - INFO - Resource 43 offset: 461383, length: 9520...
2021-12-28 10:54:35,131 - root - DEBUG - Reading resource 43...
2021-12-28 10:54:35,131 - root - INFO - The image is bme.
2021-12-28 10:54:35,131 - root - INFO - Reading image header(readHeader16E)...
2021-12-28 10:54:35,131 - root - INFO - Image header was read:
2021-12-28 10:54:35,131 - root - INFO - Width: 51, Height: 88, RowLength: 102
2021-12-28 10:54:35,131 - root - INFO - datalength: 9504, _step: 2
2021-12-28 10:54:35,131 - root - INFO - BPP: 16, Transparency: False
2021-12-28 10:54:35,154 - root - INFO - Resource 44 offset: 470903, length: 9520...
2021-12-28 10:54:35,155 - root - DEBUG - Reading resource 44...
2021-12-28 10:54:35,155 - root - INFO - The image is bme.
2021-12-28 10:54:35,155 - root - INFO - Reading image header(readHeader16E)...
2021-12-28 10:54:35,155 - root - INFO - Image header was read:
2021-12-28 10:54:35,155 - root - INFO - Width: 51, Height: 88, RowLength: 102
2021-12-28 10:54:35,155 - root - INFO - datalength: 9504, _step: 2
2021-12-28 10:54:35,155 - root - INFO - BPP: 16, Transparency: False
2021-12-28 10:54:35,175 - root - INFO - Resource 45 offset: 480423, length: 9520...
2021-12-28 10:54:35,175 - root - DEBUG - Reading resource 45...
2021-12-28 10:54:35,175 - root - INFO - The image is bme.
2021-12-28 10:54:35,175 - root - INFO - Reading image header(readHeader16E)...
2021-12-28 10:54:35,175 - root - INFO - Image header was read:
2021-12-28 10:54:35,176 - root - INFO - Width: 51, Height: 88, RowLength: 102
2021-12-28 10:54:35,176 - root - INFO - datalength: 9504, _step: 2
2021-12-28 10:54:35,176 - root - INFO - BPP: 16, Transparency: False
2021-12-28 10:54:35,195 - root - INFO - Resource 46 offset: 489943, length: 9520...
2021-12-28 10:54:35,195 - root - DEBUG - Reading resource 46...
2021-12-28 10:54:35,195 - root - INFO - The image is bme.
2021-12-28 10:54:35,195 - root - INFO - Reading image header(readHeader16E)...
2021-12-28 10:54:35,196 - root - INFO - Image header was read:
2021-12-28 10:54:35,196 - root - INFO - Width: 51, Height: 88, RowLength: 102
2021-12-28 10:54:35,196 - root - INFO - datalength: 9504, _step: 2
2021-12-28 10:54:35,196 - root - INFO - BPP: 16, Transparency: False
2021-12-28 10:54:35,215 - root - INFO - Resource 47 offset: 499463, length: 9520...
2021-12-28 10:54:35,215 - root - DEBUG - Reading resource 47...
2021-12-28 10:54:35,216 - root - INFO - The image is bme.
2021-12-28 10:54:35,216 - root - INFO - Reading image header(readHeader16E)...
2021-12-28 10:54:35,216 - root - INFO - Image header was read:
2021-12-28 10:54:35,216 - root - INFO - Width: 51, Height: 88, RowLength: 102
2021-12-28 10:54:35,216 - root - INFO - datalength: 9504, _step: 2
2021-12-28 10:54:35,216 - root - INFO - BPP: 16, Transparency: False
2021-12-28 10:54:35,236 - root - INFO - Resource 48 offset: 508983, length: 9520...
2021-12-28 10:54:35,236 - root - DEBUG - Reading resource 48...
2021-12-28 10:54:35,236 - root - INFO - The image is bme.
2021-12-28 10:54:35,236 - root - INFO - Reading image header(readHeader16E)...
2021-12-28 10:54:35,236 - root - INFO - Image header was read:
2021-12-28 10:54:35,236 - root - INFO - Width: 51, Height: 88, RowLength: 102
2021-12-28 10:54:35,236 - root - INFO - datalength: 9504, _step: 2
2021-12-28 10:54:35,236 - root - INFO - BPP: 16, Transparency: False
2021-12-28 10:54:35,256 - root - INFO - Resource 49 offset: 518503, length: 9520...
2021-12-28 10:54:35,256 - root - DEBUG - Reading resource 49...
2021-12-28 10:54:35,256 - root - INFO - The image is bme.
2021-12-28 10:54:35,256 - root - INFO - Reading image header(readHeader16E)...
2021-12-28 10:54:35,256 - root - INFO - Image header was read:
2021-12-28 10:54:35,257 - root - INFO - Width: 51, Height: 88, RowLength: 102
2021-12-28 10:54:35,257 - root - INFO - datalength: 9504, _step: 2
2021-12-28 10:54:35,257 - root - INFO - BPP: 16, Transparency: False
2021-12-28 10:54:35,276 - root - INFO - Resource 50 offset: 528023, length: 9520...
2021-12-28 10:54:35,276 - root - DEBUG - Reading resource 50...
2021-12-28 10:54:35,276 - root - INFO - The image is bme.
2021-12-28 10:54:35,276 - root - INFO - Reading image header(readHeader16E)...
2021-12-28 10:54:35,277 - root - INFO - Image header was read:
2021-12-28 10:54:35,277 - root - INFO - Width: 51, Height: 88, RowLength: 102
2021-12-28 10:54:35,277 - root - INFO - datalength: 9504, _step: 2
2021-12-28 10:54:35,277 - root - INFO - BPP: 16, Transparency: False
2021-12-28 10:54:35,296 - root - INFO - Resource 51 offset: 537543, length: 616...
2021-12-28 10:54:35,296 - root - DEBUG - Reading resource 51...
2021-12-28 10:54:35,297 - root - INFO - The image is bme.
2021-12-28 10:54:35,297 - root - INFO - Reading image header(readHeader16E)...
2021-12-28 10:54:35,297 - root - INFO - Image header was read:
2021-12-28 10:54:35,297 - root - INFO - Width: 12, Height: 20, RowLength: 24
2021-12-28 10:54:35,297 - root - INFO - datalength: 600, _step: 2
2021-12-28 10:54:35,297 - root - INFO - BPP: 16, Transparency: False
2021-12-28 10:54:35,298 - root - INFO - Resource 52 offset: 538159, length: 616...
2021-12-28 10:54:35,298 - root - DEBUG - Reading resource 52...
2021-12-28 10:54:35,298 - root - INFO - The image is bme.
2021-12-28 10:54:35,298 - root - INFO - Reading image header(readHeader16E)...
2021-12-28 10:54:35,298 - root - INFO - Image header was read:
2021-12-28 10:54:35,298 - root - INFO - Width: 12, Height: 20, RowLength: 24
2021-12-28 10:54:35,298 - root - INFO - datalength: 600, _step: 2
2021-12-28 10:54:35,299 - root - INFO - BPP: 16, Transparency: False
2021-12-28 10:54:35,300 - root - INFO - Resource 53 offset: 538775, length: 616...
2021-12-28 10:54:35,300 - root - DEBUG - Reading resource 53...
2021-12-28 10:54:35,300 - root - INFO - The image is bme.
2021-12-28 10:54:35,300 - root - INFO - Reading image header(readHeader16E)...
2021-12-28 10:54:35,300 - root - INFO - Image header was read:
2021-12-28 10:54:35,300 - root - INFO - Width: 12, Height: 20, RowLength: 24
2021-12-28 10:54:35,300 - root - INFO - datalength: 600, _step: 2
2021-12-28 10:54:35,300 - root - INFO - BPP: 16, Transparency: False
2021-12-28 10:54:35,301 - root - INFO - Resource 54 offset: 539391, length: 616...
2021-12-28 10:54:35,301 - root - DEBUG - Reading resource 54...
2021-12-28 10:54:35,302 - root - INFO - The image is bme.
2021-12-28 10:54:35,302 - root - INFO - Reading image header(readHeader16E)...
2021-12-28 10:54:35,302 - root - INFO - Image header was read:
2021-12-28 10:54:35,302 - root - INFO - Width: 12, Height: 20, RowLength: 24
2021-12-28 10:54:35,302 - root - INFO - datalength: 600, _step: 2
2021-12-28 10:54:35,302 - root - INFO - BPP: 16, Transparency: False
2021-12-28 10:54:35,303 - root - INFO - Resource 55 offset: 540007, length: 616...
2021-12-28 10:54:35,303 - root - DEBUG - Reading resource 55...
2021-12-28 10:54:35,303 - root - INFO - The image is bme.
2021-12-28 10:54:35,303 - root - INFO - Reading image header(readHeader16E)...
2021-12-28 10:54:35,304 - root - INFO - Image header was read:
2021-12-28 10:54:35,304 - root - INFO - Width: 12, Height: 20, RowLength: 24
2021-12-28 10:54:35,304 - root - INFO - datalength: 600, _step: 2
2021-12-28 10:54:35,304 - root - INFO - BPP: 16, Transparency: False
2021-12-28 10:54:35,305 - root - INFO - Resource 56 offset: 540623, length: 616...
2021-12-28 10:54:35,305 - root - DEBUG - Reading resource 56...
2021-12-28 10:54:35,305 - root - INFO - The image is bme.
2021-12-28 10:54:35,305 - root - INFO - Reading image header(readHeader16E)...
2021-12-28 10:54:35,305 - root - INFO - Image header was read:
2021-12-28 10:54:35,305 - root - INFO - Width: 12, Height: 20, RowLength: 24
2021-12-28 10:54:35,305 - root - INFO - datalength: 600, _step: 2
2021-12-28 10:54:35,306 - root - INFO - BPP: 16, Transparency: False
2021-12-28 10:54:35,307 - root - INFO - Resource 57 offset: 541239, length: 616...
2021-12-28 10:54:35,307 - root - DEBUG - Reading resource 57...
2021-12-28 10:54:35,307 - root - INFO - The image is bme.
2021-12-28 10:54:35,307 - root - INFO - Reading image header(readHeader16E)...
2021-12-28 10:54:35,307 - root - INFO - Image header was read:
2021-12-28 10:54:35,307 - root - INFO - Width: 12, Height: 20, RowLength: 24
2021-12-28 10:54:35,307 - root - INFO - datalength: 600, _step: 2
2021-12-28 10:54:35,307 - root - INFO - BPP: 16, Transparency: False
2021-12-28 10:54:35,308 - root - INFO - Resource 58 offset: 541855, length: 616...
2021-12-28 10:54:35,308 - root - DEBUG - Reading resource 58...
2021-12-28 10:54:35,309 - root - INFO - The image is bme.
2021-12-28 10:54:35,309 - root - INFO - Reading image header(readHeader16E)...
2021-12-28 10:54:35,309 - root - INFO - Image header was read:
2021-12-28 10:54:35,309 - root - INFO - Width: 12, Height: 20, RowLength: 24
2021-12-28 10:54:35,309 - root - INFO - datalength: 600, _step: 2
2021-12-28 10:54:35,309 - root - INFO - BPP: 16, Transparency: False
2021-12-28 10:54:35,310 - root - INFO - Resource 59 offset: 542471, length: 616...
2021-12-28 10:54:35,310 - root - DEBUG - Reading resource 59...
2021-12-28 10:54:35,310 - root - INFO - The image is bme.
2021-12-28 10:54:35,310 - root - INFO - Reading image header(readHeader16E)...
2021-12-28 10:54:35,310 - root - INFO - Image header was read:
2021-12-28 10:54:35,310 - root - INFO - Width: 12, Height: 20, RowLength: 24
2021-12-28 10:54:35,311 - root - INFO - datalength: 600, _step: 2
2021-12-28 10:54:35,311 - root - INFO - BPP: 16, Transparency: False
2021-12-28 10:54:35,312 - root - INFO - Resource 60 offset: 543087, length: 616...
2021-12-28 10:54:35,312 - root - DEBUG - Reading resource 60...
2021-12-28 10:54:35,312 - root - INFO - The image is bme.
2021-12-28 10:54:35,312 - root - INFO - Reading image header(readHeader16E)...
2021-12-28 10:54:35,312 - root - INFO - Image header was read:
2021-12-28 10:54:35,312 - root - INFO - Width: 12, Height: 20, RowLength: 24
2021-12-28 10:54:35,312 - root - INFO - datalength: 600, _step: 2
2021-12-28 10:54:35,312 - root - INFO - BPP: 16, Transparency: False
2021-12-28 10:54:35,314 - root - INFO - Resource 61 offset: 543703, length: 194...
2021-12-28 10:54:35,314 - root - DEBUG - Reading resource 61...
2021-12-28 10:54:35,314 - root - INFO - The image is bme.
2021-12-28 10:54:35,314 - root - INFO - Reading image header(readHeader16E)...
2021-12-28 10:54:35,314 - root - INFO - Image header was read:
2021-12-28 10:54:35,314 - root - INFO - Width: 68, Height: 68, RowLength: 136
2021-12-28 10:54:35,314 - root - INFO - datalength: 178, _step: 2
2021-12-28 10:54:35,314 - root - INFO - BPP: 16, Transparency: False
2021-12-28 10:54:35,315 - root - INFO - Resource 62 offset: 543897, length: 366...
2021-12-28 10:54:35,315 - root - DEBUG - Reading resource 62...
2021-12-28 10:54:35,315 - root - INFO - The image is bme.
2021-12-28 10:54:35,315 - root - INFO - Reading image header(readHeader16E)...
2021-12-28 10:54:35,315 - root - INFO - Image header was read:
2021-12-28 10:54:35,315 - root - INFO - Width: 68, Height: 68, RowLength: 136
2021-12-28 10:54:35,315 - root - INFO - datalength: 350, _step: 2
2021-12-28 10:54:35,315 - root - INFO - BPP: 16, Transparency: False
2021-12-28 10:54:35,316 - root - INFO - Resource 63 offset: 544263, length: 566...
2021-12-28 10:54:35,316 - root - DEBUG - Reading resource 63...
2021-12-28 10:54:35,316 - root - INFO - The image is bme.
2021-12-28 10:54:35,316 - root - INFO - Reading image header(readHeader16E)...
2021-12-28 10:54:35,316 - root - INFO - Image header was read:
2021-12-28 10:54:35,316 - root - INFO - Width: 68, Height: 68, RowLength: 136
2021-12-28 10:54:35,316 - root - INFO - datalength: 550, _step: 2
2021-12-28 10:54:35,316 - root - INFO - BPP: 16, Transparency: False
2021-12-28 10:54:35,317 - root - INFO - Resource 64 offset: 544829, length: 786...
2021-12-28 10:54:35,318 - root - DEBUG - Reading resource 64...
2021-12-28 10:54:35,318 - root - INFO - The image is bme.
2021-12-28 10:54:35,318 - root - INFO - Reading image header(readHeader16E)...
2021-12-28 10:54:35,318 - root - INFO - Image header was read:
2021-12-28 10:54:35,318 - root - INFO - Width: 68, Height: 68, RowLength: 136
2021-12-28 10:54:35,318 - root - INFO - datalength: 770, _step: 2
2021-12-28 10:54:35,318 - root - INFO - BPP: 16, Transparency: False
2021-12-28 10:54:35,319 - root - INFO - Resource 65 offset: 545615, length: 970...
2021-12-28 10:54:35,320 - root - DEBUG - Reading resource 65...
2021-12-28 10:54:35,320 - root - INFO - The image is bme.
2021-12-28 10:54:35,320 - root - INFO - Reading image header(readHeader16E)...
2021-12-28 10:54:35,320 - root - INFO - Image header was read:
2021-12-28 10:54:35,320 - root - INFO - Width: 68, Height: 68, RowLength: 136
2021-12-28 10:54:35,320 - root - INFO - datalength: 954, _step: 2
2021-12-28 10:54:35,320 - root - INFO - BPP: 16, Transparency: False
2021-12-28 10:54:35,322 - root - INFO - Resource 66 offset: 546585, length: 1116...
2021-12-28 10:54:35,322 - root - DEBUG - Reading resource 66...
2021-12-28 10:54:35,322 - root - INFO - The image is bme.
2021-12-28 10:54:35,322 - root - INFO - Reading image header(readHeader16E)...
2021-12-28 10:54:35,322 - root - INFO - Image header was read:
2021-12-28 10:54:35,322 - root - INFO - Width: 68, Height: 68, RowLength: 136
2021-12-28 10:54:35,322 - root - INFO - datalength: 1100, _step: 2
2021-12-28 10:54:35,322 - root - INFO - BPP: 16, Transparency: False
2021-12-28 10:54:35,324 - root - INFO - Resource 67 offset: 547701, length: 1270...
2021-12-28 10:54:35,324 - root - DEBUG - Reading resource 67...
2021-12-28 10:54:35,324 - root - INFO - The image is bme.
2021-12-28 10:54:35,324 - root - INFO - Reading image header(readHeader16E)...
2021-12-28 10:54:35,324 - root - INFO - Image header was read:
2021-12-28 10:54:35,324 - root - INFO - Width: 68, Height: 68, RowLength: 136
2021-12-28 10:54:35,324 - root - INFO - datalength: 1254, _step: 2
2021-12-28 10:54:35,324 - root - INFO - BPP: 16, Transparency: False
2021-12-28 10:54:35,327 - root - INFO - Resource 68 offset: 548971, length: 1444...
2021-12-28 10:54:35,327 - root - DEBUG - Reading resource 68...
2021-12-28 10:54:35,327 - root - INFO - The image is bme.
2021-12-28 10:54:35,327 - root - INFO - Reading image header(readHeader16E)...
2021-12-28 10:54:35,327 - root - INFO - Image header was read:
2021-12-28 10:54:35,327 - root - INFO - Width: 68, Height: 68, RowLength: 136
2021-12-28 10:54:35,327 - root - INFO - datalength: 1428, _step: 2
2021-12-28 10:54:35,327 - root - INFO - BPP: 16, Transparency: False
2021-12-28 10:54:35,330 - root - INFO - Resource 69 offset: 550415, length: 1642...
2021-12-28 10:54:35,330 - root - DEBUG - Reading resource 69...
2021-12-28 10:54:35,330 - root - INFO - The image is bme.
2021-12-28 10:54:35,330 - root - INFO - Reading image header(readHeader16E)...
2021-12-28 10:54:35,330 - root - INFO - Image header was read:
2021-12-28 10:54:35,330 - root - INFO - Width: 68, Height: 68, RowLength: 136
2021-12-28 10:54:35,330 - root - INFO - datalength: 1626, _step: 2
2021-12-28 10:54:35,330 - root - INFO - BPP: 16, Transparency: False
2021-12-28 10:54:35,333 - root - INFO - Resource 70 offset: 552057, length: 1862...
2021-12-28 10:54:35,333 - root - DEBUG - Reading resource 70...
2021-12-28 10:54:35,333 - root - INFO - The image is bme.
2021-12-28 10:54:35,333 - root - INFO - Reading image header(readHeader16E)...
2021-12-28 10:54:35,333 - root - INFO - Image header was read:
2021-12-28 10:54:35,333 - root - INFO - Width: 68, Height: 68, RowLength: 136
2021-12-28 10:54:35,333 - root - INFO - datalength: 1846, _step: 2
2021-12-28 10:54:35,333 - root - INFO - BPP: 16, Transparency: False
2021-12-28 10:54:35,336 - root - INFO - Resource 71 offset: 553919, length: 2048...
2021-12-28 10:54:35,337 - root - DEBUG - Reading resource 71...
2021-12-28 10:54:35,337 - root - INFO - The image is bme.
2021-12-28 10:54:35,337 - root - INFO - Reading image header(readHeader16E)...
2021-12-28 10:54:35,337 - root - INFO - Image header was read:
2021-12-28 10:54:35,337 - root - INFO - Width: 68, Height: 68, RowLength: 136
2021-12-28 10:54:35,337 - root - INFO - datalength: 2032, _step: 2
2021-12-28 10:54:35,337 - root - INFO - BPP: 16, Transparency: False
2021-12-28 10:54:35,340 - root - INFO - Resource 72 offset: 555967, length: 2184...
2021-12-28 10:54:35,340 - root - DEBUG - Reading resource 72...
2021-12-28 10:54:35,340 - root - INFO - The image is bme.
2021-12-28 10:54:35,341 - root - INFO - Reading image header(readHeader16E)...
2021-12-28 10:54:35,341 - root - INFO - Image header was read:
2021-12-28 10:54:35,341 - root - INFO - Width: 68, Height: 68, RowLength: 136
2021-12-28 10:54:35,341 - root - INFO - datalength: 2168, _step: 2
2021-12-28 10:54:35,341 - root - INFO - BPP: 16, Transparency: False
2021-12-28 10:54:35,345 - root - DEBUG - Parsing parameters...
2021-12-28 10:54:35,429 - root - DEBUG - 0 Value: None
2021-12-28 10:54:35,429 - root - DEBUG - 0.1 Value: 71
2021-12-28 10:54:35,429 - root - DEBUG - 2 Value: None
2021-12-28 10:54:35,429 - root - DEBUG - 2.1 Value: None
2021-12-28 10:54:35,429 - root - DEBUG - 2.1.1 Value: 0
2021-12-28 10:54:35,429 - root - DEBUG - 2.1.2 Value: 0
2021-12-28 10:54:35,429 - root - DEBUG - 2.1.3 Value: 0
2021-12-28 10:54:35,430 - root - DEBUG - 2.3 Value: None
2021-12-28 10:54:35,430 - root - DEBUG - 2.3.1 Value: 0
2021-12-28 10:54:35,430 - root - DEBUG - 2.3.2 Value: 0
2021-12-28 10:54:35,430 - root - DEBUG - 2.3.3 Value: 1
2021-12-28 10:54:35,430 - root - DEBUG - 2.5 Value: None
2021-12-28 10:54:35,430 - root - DEBUG - 2.5.1 Value: 0
2021-12-28 10:54:35,430 - root - DEBUG - 2.5.2 Value: 0
2021-12-28 10:54:35,430 - root - DEBUG - 2.5.3 Value: 2
2021-12-28 10:54:35,430 - root - DEBUG - 4 Value: None
2021-12-28 10:54:35,430 - root - DEBUG - 4.1 Value: None
2021-12-28 10:54:35,430 - root - DEBUG - 4.1.1 Value: None
2021-12-28 10:54:35,431 - root - DEBUG - 4.1.1.1 Value: 75
2021-12-28 10:54:35,431 - root - DEBUG - 4.1.1.2 Value: 30
2021-12-28 10:54:35,431 - root - DEBUG - 4.1.1.3 Value: 143
2021-12-28 10:54:35,431 - root - DEBUG - 4.1.1.4 Value: 50
2021-12-28 10:54:35,431 - root - DEBUG - 4.1.1.5 Value: 68
2021-12-28 10:54:35,431 - root - DEBUG - 4.1.1.6 Value: 2
2021-12-28 10:54:35,431 - root - DEBUG - 4.1.1.7 Value: 0
2021-12-28 10:54:35,431 - root - DEBUG - 4.1.1.8 Value: 7
2021-12-28 10:54:35,431 - root - DEBUG - 4.1.1.9 Value: 10
2021-12-28 10:54:35,431 - root - DEBUG - 4.3 Value: None
2021-12-28 10:54:35,431 - root - DEBUG - 4.3.1 Value: None
2021-12-28 10:54:35,431 - root - DEBUG - 4.3.1.1 Value: 89
2021-12-28 10:54:35,431 - root - DEBUG - 4.3.1.2 Value: 64
2021-12-28 10:54:35,432 - root - DEBUG - 4.3.1.3 Value: 143
2021-12-28 10:54:35,432 - root - DEBUG - 4.3.1.4 Value: 84
2021-12-28 10:54:35,432 - root - DEBUG - 4.3.1.5 Value: 68
2021-12-28 10:54:35,432 - root - DEBUG - 4.3.1.6 Value: 2
2021-12-28 10:54:35,432 - root - DEBUG - 4.3.1.7 Value: 0
2021-12-28 10:54:35,432 - root - DEBUG - 4.3.1.8 Value: 7
2021-12-28 10:54:35,432 - root - DEBUG - 4.3.1.9 Value: 10
2021-12-28 10:54:35,432 - root - DEBUG - 4.4 Value: None
2021-12-28 10:54:35,432 - root - DEBUG - 4.4.1 Value: None
2021-12-28 10:54:35,432 - root - DEBUG - 4.4.1.1 Value: 215
2021-12-28 10:54:35,432 - root - DEBUG - 4.4.1.2 Value: 249
2021-12-28 10:54:35,432 - root - DEBUG - 4.4.1.3 Value: 250
2021-12-28 10:54:35,433 - root - DEBUG - 4.4.1.4 Value: 266
2021-12-28 10:54:35,433 - root - DEBUG - 4.4.1.5 Value: 72
2021-12-28 10:54:35,433 - root - DEBUG - 4.4.1.6 Value: 1
2021-12-28 10:54:35,433 - root - DEBUG - 4.4.1.7 Value: 0
2021-12-28 10:54:35,433 - root - DEBUG - 4.4.1.8 Value: 7
2021-12-28 10:54:35,433 - root - DEBUG - 4.4.1.9 Value: 10
2021-12-28 10:54:35,433 - root - DEBUG - 4.4.3 Value: 17
2021-12-28 10:54:35,433 - root - DEBUG - 4.6 Value: None
2021-12-28 10:54:35,433 - root - DEBUG - 4.6.1 Value: None
2021-12-28 10:54:35,433 - root - DEBUG - 4.6.1.1 Value: 215
2021-12-28 10:54:35,433 - root - DEBUG - 4.6.1.2 Value: 43
2021-12-28 10:54:35,434 - root - DEBUG - 4.6.1.3 Value: 250
2021-12-28 10:54:35,434 - root - DEBUG - 4.6.1.4 Value: 60
2021-12-28 10:54:35,434 - root - DEBUG - 4.6.1.5 Value: 72
2021-12-28 10:54:35,434 - root - DEBUG - 4.6.1.6 Value: 1
2021-12-28 10:54:35,434 - root - DEBUG - 4.6.1.7 Value: 0
2021-12-28 10:54:35,434 - root - DEBUG - 4.6.1.8 Value: 7
2021-12-28 10:54:35,434 - root - DEBUG - 4.6.1.9 Value: 10
2021-12-28 10:54:35,434 - root - DEBUG - 4.7 Value: 0
2021-12-28 10:54:35,434 - root - DEBUG - 4.8 Value: None
2021-12-28 10:54:35,434 - root - DEBUG - 4.8.1 Value: None
2021-12-28 10:54:35,435 - root - DEBUG - 4.8.1.1 Value: 117
2021-12-28 10:54:35,435 - root - DEBUG - 4.8.1.2 Value: 236
2021-12-28 10:54:35,435 - root - DEBUG - 4.8.1.3 Value: 143
2021-12-28 10:54:35,435 - root - DEBUG - 4.8.1.4 Value: 256
2021-12-28 10:54:35,435 - root - DEBUG - 4.8.1.5 Value: 68
2021-12-28 10:54:35,435 - root - DEBUG - 4.8.1.6 Value: 2
2021-12-28 10:54:35,435 - root - DEBUG - 4.8.1.7 Value: 0
2021-12-28 10:54:35,435 - root - DEBUG - 4.8.1.8 Value: 7
2021-12-28 10:54:35,435 - root - DEBUG - 4.8.1.9 Value: 10
2021-12-28 10:54:35,435 - root - DEBUG - 5 Value: None
2021-12-28 10:54:35,435 - root - DEBUG - 5.1 Value: None
2021-12-28 10:54:35,436 - root - DEBUG - 5.1.4 Value: 1
2021-12-28 10:54:35,436 - root - DEBUG - 5.1.5 Value: 1
2021-12-28 10:54:35,436 - root - DEBUG - 5.1.6 Value: 0
2021-12-28 10:54:35,436 - root - DEBUG - 5.2 Value: None
2021-12-28 10:54:35,436 - root - DEBUG - 5.2.1 Value: 0
2021-12-28 10:54:35,436 - root - DEBUG - 5.2.2 Value: 0
2021-12-28 10:54:35,436 - root - DEBUG - 5.2.3 Value: 3
2021-12-28 10:54:35,437 - root - DEBUG - 5.2.4 Value: 5
2021-12-28 10:54:35,438 - root - DEBUG - 5.2.5 Value: 4
2021-12-28 10:54:35,439 - root - DEBUG - 5.2.6 Value: 6
2021-12-28 10:54:35,439 - root - DEBUG - 5.2.8 Value: None
2021-12-28 10:54:35,439 - root - DEBUG - 5.2.8.1 Value: 2
2021-12-28 10:54:35,439 - root - DEBUG - 5.2.8.2 Value: 180
2021-12-28 10:54:35,439 - root - DEBUG - 5.2.9 Value: None
2021-12-28 10:54:35,439 - root - DEBUG - 5.2.9.1 Value: 2
2021-12-28 10:54:35,439 - root - DEBUG - 5.2.9.2 Value: 180
2021-12-28 10:54:35,439 - root - DEBUG - 9 Value: None
2021-12-28 10:54:35,439 - root - DEBUG - 9.1 Value: None
2021-12-28 10:54:35,439 - root - DEBUG - 9.1.1 Value: None
2021-12-28 10:54:35,439 - root - DEBUG - 9.1.1.1 Value: 89
2021-12-28 10:54:35,440 - root - DEBUG - 9.1.1.2 Value: 270
2021-12-28 10:54:35,440 - root - DEBUG - 9.1.1.3 Value: 143
2021-12-28 10:54:35,440 - root - DEBUG - 9.1.1.4 Value: 290
2021-12-28 10:54:35,440 - root - DEBUG - 9.1.1.5 Value: 68
2021-12-28 10:54:35,440 - root - DEBUG - 9.1.1.6 Value: 2
2021-12-28 10:54:35,440 - root - DEBUG - 9.1.1.7 Value: 0
2021-12-28 10:54:35,440 - root - DEBUG - 9.1.1.8 Value: 7
2021-12-28 10:54:35,440 - root - DEBUG - 9.1.1.9 Value: 10
2021-12-28 10:54:35,440 - root - DEBUG - 9.1.4 Value: 30
2021-12-28 10:54:35,440 - root - DEBUG - 12 Value: None
2021-12-28 10:54:35,441 - root - DEBUG - 12.2 Value: None
2021-12-28 10:54:35,441 - root - DEBUG - 12.2.1 Value: 198
2021-12-28 10:54:35,441 - root - DEBUG - 12.2.2 Value: 229
2021-12-28 10:54:35,441 - root - DEBUG - 12.2.3 Value: 18
2021-12-28 10:54:35,441 - root - DEBUG - 12.2.4 Value: 12
2021-12-28 10:54:35,441 - root - DEBUG - 21 Value: None
2021-12-28 10:54:35,441 - root - DEBUG - 21.1 Value: None
2021-12-28 10:54:35,441 - root - DEBUG - 21.1.1 Value: 38
2021-12-28 10:54:35,441 - root - DEBUG - 21.1.2 Value: 116
2021-12-28 10:54:35,441 - root - DEBUG - 21.1.3 Value: 144
2021-12-28 10:54:35,441 - root - DEBUG - 21.1.4 Value: 204
2021-12-28 10:54:35,441 - root - DEBUG - 21.1.5 Value: 72
2021-12-28 10:54:35,442 - root - DEBUG - 21.1.6 Value: 4
2021-12-28 10:54:35,442 - root - DEBUG - 21.1.7 Value: 0
2021-12-28 10:54:35,442 - root - DEBUG - 21.1.8 Value: 31
2021-12-28 10:54:35,442 - root - DEBUG - 21.1.9 Value: 10
2021-12-28 10:54:35,442 - root - DEBUG - 21.3 Value: 1
2021-12-28 10:54:35,442 - root - DEBUG - 21.6 Value: 0
2021-12-28 10:54:35,442 - root - DEBUG - 21.8 Value: None
2021-12-28 10:54:35,442 - root - DEBUG - 21.8.1 Value: 1
2021-12-28 10:54:35,442 - root - DEBUG - 21.8.2 Value: None
2021-12-28 10:54:35,442 - root - DEBUG - 21.8.2.1 Value: 164
2021-12-28 10:54:35,442 - root - DEBUG - 21.8.2.2 Value: 116
2021-12-28 10:54:35,442 - root - DEBUG - 21.8.2.3 Value: 270
2021-12-28 10:54:35,442 - root - DEBUG - 21.8.2.4 Value: 204
2021-12-28 10:54:35,443 - root - DEBUG - 21.8.2.5 Value: 72
2021-12-28 10:54:35,443 - root - DEBUG - 21.8.2.6 Value: 4
2021-12-28 10:54:35,443 - root - DEBUG - 21.8.2.7 Value: 0
2021-12-28 10:54:35,443 - root - DEBUG - 21.8.2.8 Value: 41
2021-12-28 10:54:35,443 - root - DEBUG - 21.8.2.9 Value: 10
2021-12-28 10:54:35,443 - root - DEBUG - 21.8.3 Value: None
2021-12-28 10:54:35,443 - root - DEBUG - 21.8.3.1 Value: 274
2021-12-28 10:54:35,443 - root - DEBUG - 21.8.3.2 Value: 117
2021-12-28 10:54:35,443 - root - DEBUG - 21.8.3.3 Value: 299
2021-12-28 10:54:35,443 - root - DEBUG - 21.8.3.4 Value: 137
2021-12-28 10:54:35,443 - root - DEBUG - 21.8.3.5 Value: 72
2021-12-28 10:54:35,443 - root - DEBUG - 21.8.3.6 Value: 1
2021-12-28 10:54:35,443 - root - DEBUG - 21.8.3.7 Value: 0
2021-12-28 10:54:35,444 - root - DEBUG - 21.8.3.8 Value: 51
2021-12-28 10:54:35,444 - root - DEBUG - 21.8.3.9 Value: 10
2021-12-28 10:54:35,444 - root - DEBUG - 21.8.4 Value: 1
2021-12-28 10:54:35,444 - root - DEBUG - 21.8.5 Value: 1
2021-12-28 10:54:35,444 - root - DEBUG - 21.8.8 Value: 0
2021-12-28 10:54:35,444 - root - DEBUG - 21.8.9 Value: 0
2021-12-28 10:54:35,444 - root - DEBUG - 23 Value: None
2021-12-28 10:54:35,444 - root - DEBUG - 23.2 Value: None
2021-12-28 10:54:35,444 - root - DEBUG - 23.2.1 Value: 198
2021-12-28 10:54:35,445 - root - DEBUG - 23.2.2 Value: 23
2021-12-28 10:54:35,445 - root - DEBUG - 23.2.3 Value: 61
2021-12-28 10:54:35,445 - root - DEBUG - 23.2.4 Value: 12
2021-12-28 10:54:35,445 - root - DEBUG - 0-Info
2021-12-28 10:54:35,445 - root - DEBUG - 0.1-DeviceId
2021-12-28 10:54:35,445 - root - DEBUG - 2-Background
2021-12-28 10:54:35,445 - root - DEBUG - 2.1-Image
2021-12-28 10:54:35,445 - root - DEBUG - 2.1.1-X
2021-12-28 10:54:35,445 - root - DEBUG - 2.1.2-Y
2021-12-28 10:54:35,445 - root - DEBUG - 2.1.3-ImageIndex
2021-12-28 10:54:35,446 - root - DEBUG - 2.3-Preview
2021-12-28 10:54:35,446 - root - DEBUG - 2.3.1-X
2021-12-28 10:54:35,446 - root - DEBUG - 2.3.2-Y
2021-12-28 10:54:35,446 - root - DEBUG - 2.3.3-ImageIndex
2021-12-28 10:54:35,446 - root - DEBUG - 2.5-PreviewChinese
2021-12-28 10:54:35,446 - root - DEBUG - 2.5.1-X
2021-12-28 10:54:35,446 - root - DEBUG - 2.5.2-Y
2021-12-28 10:54:35,446 - root - DEBUG - 2.5.3-ImageIndex
2021-12-28 10:54:35,446 - root - DEBUG - 4-Activity
2021-12-28 10:54:35,447 - root - DEBUG - 4.1-Steps
2021-12-28 10:54:35,447 - root - DEBUG - 4.1.1-ImageNumber
2021-12-28 10:54:35,447 - root - DEBUG - 4.1.1.1-TopLeftX
2021-12-28 10:54:35,447 - root - DEBUG - 4.1.1.2-TopLeftY
2021-12-28 10:54:35,447 - root - DEBUG - 4.1.1.3-BottomRightX
2021-12-28 10:54:35,447 - root - DEBUG - 4.1.1.4-BottomRightY
2021-12-28 10:54:35,447 - root - DEBUG - 4.1.1.5-Alignment
2021-12-28 10:54:35,447 - root - DEBUG - 4.1.1.6-Spacing
2021-12-28 10:54:35,448 - root - DEBUG - 4.1.1.7-VerticalOffset
2021-12-28 10:54:35,448 - root - DEBUG - 4.1.1.8-ImageIndex
2021-12-28 10:54:35,448 - root - DEBUG - 4.1.1.9-ImagesCount
2021-12-28 10:54:35,448 - root - DEBUG - 4.3-Calories
2021-12-28 10:54:35,448 - root - DEBUG - 4.3.1-ImageNumber
2021-12-28 10:54:35,448 - root - DEBUG - 4.3.1.1-TopLeftX
2021-12-28 10:54:35,448 - root - DEBUG - 4.3.1.2-TopLeftY
2021-12-28 10:54:35,448 - root - DEBUG - 4.3.1.3-BottomRightX
2021-12-28 10:54:35,449 - root - DEBUG - 4.3.1.4-BottomRightY
2021-12-28 10:54:35,449 - root - DEBUG - 4.3.1.5-Alignment
2021-12-28 10:54:35,449 - root - DEBUG - 4.3.1.6-Spacing
2021-12-28 10:54:35,449 - root - DEBUG - 4.3.1.7-VerticalOffset
2021-12-28 10:54:35,449 - root - DEBUG - 4.3.1.8-ImageIndex
2021-12-28 10:54:35,449 - root - DEBUG - 4.3.1.9-ImagesCount
2021-12-28 10:54:35,449 - root - DEBUG - 4.4-HeartRate
2021-12-28 10:54:35,450 - root - DEBUG - 4.4.1-ImageNumber
2021-12-28 10:54:35,450 - root - DEBUG - 4.4.1.1-TopLeftX
2021-12-28 10:54:35,450 - root - DEBUG - 4.4.1.2-TopLeftY
2021-12-28 10:54:35,450 - root - DEBUG - 4.4.1.3-BottomRightX
2021-12-28 10:54:35,450 - root - DEBUG - 4.4.1.4-BottomRightY
2021-12-28 10:54:35,450 - root - DEBUG - 4.4.1.5-Alignment
2021-12-28 10:54:35,451 - root - DEBUG - 4.4.1.6-Spacing
2021-12-28 10:54:35,451 - root - DEBUG - 4.4.1.7-VerticalOffset
2021-12-28 10:54:35,451 - root - DEBUG - 4.4.1.8-ImageIndex
2021-12-28 10:54:35,451 - root - DEBUG - 4.4.1.9-ImagesCount
2021-12-28 10:54:35,451 - root - DEBUG - 4.4.3-NoDataImageIndex
2021-12-28 10:54:35,451 - root - DEBUG - 4.6-PAI
2021-12-28 10:54:35,451 - root - DEBUG - 4.6.1-ImageNumber
2021-12-28 10:54:35,451 - root - DEBUG - 4.6.1.1-TopLeftX
2021-12-28 10:54:35,451 - root - DEBUG - 4.6.1.2-TopLeftY
2021-12-28 10:54:35,452 - root - DEBUG - 4.6.1.3-BottomRightX
2021-12-28 10:54:35,452 - root - DEBUG - 4.6.1.4-BottomRightY
2021-12-28 10:54:35,452 - root - DEBUG - 4.6.1.5-Alignment
2021-12-28 10:54:35,452 - root - DEBUG - 4.6.1.6-Spacing
2021-12-28 10:54:35,452 - root - DEBUG - 4.6.1.7-VerticalOffset
2021-12-28 10:54:35,452 - root - DEBUG - 4.6.1.8-ImageIndex
2021-12-28 10:54:35,452 - root - DEBUG - 4.6.1.9-ImagesCount
2021-12-28 10:54:35,453 - root - DEBUG - 4.7-UnknownLongValue7
2021-12-28 10:54:35,453 - root - DEBUG - 4.8-StandUp
2021-12-28 10:54:35,453 - root - DEBUG - 4.8.1-ImageNumber
2021-12-28 10:54:35,453 - root - DEBUG - 4.8.1.1-TopLeftX
2021-12-28 10:54:35,453 - root - DEBUG - 4.8.1.2-TopLeftY
2021-12-28 10:54:35,455 - root - DEBUG - 4.8.1.3-BottomRightX
2021-12-28 10:54:35,455 - root - DEBUG - 4.8.1.4-BottomRightY
2021-12-28 10:54:35,455 - root - DEBUG - 4.8.1.5-Alignment
2021-12-28 10:54:35,455 - root - DEBUG - 4.8.1.6-Spacing
2021-12-28 10:54:35,455 - root - DEBUG - 4.8.1.7-VerticalOffset
2021-12-28 10:54:35,455 - root - DEBUG - 4.8.1.8-ImageIndex
2021-12-28 10:54:35,455 - root - DEBUG - 4.8.1.9-ImagesCount
2021-12-28 10:54:35,455 - root - DEBUG - 5-DateBlock
2021-12-28 10:54:35,455 - root - DEBUG - 5.1-Date
2021-12-28 10:54:35,456 - root - DEBUG - 5.1.4-PaddingZeroMonth
2021-12-28 10:54:35,456 - root - DEBUG - 5.1.5-PaddingZeroDay
2021-12-28 10:54:35,456 - root - DEBUG - 5.1.6-Unknown6
2021-12-28 10:54:35,456 - root - DEBUG - 5.2-AmPm
2021-12-28 10:54:35,456 - root - DEBUG - 5.2.1-CommonX
2021-12-28 10:54:35,456 - root - DEBUG - 5.2.2-CommonY
2021-12-28 10:54:35,456 - root - DEBUG - 5.2.3-ImageIndexAMCN
2021-12-28 10:54:35,456 - root - DEBUG - 5.2.4-ImageIndexPMCN
2021-12-28 10:54:35,457 - root - DEBUG - 5.2.5-AmImageIndexEN
2021-12-28 10:54:35,457 - root - DEBUG - 5.2.6-PmImageIndexEN
2021-12-28 10:54:35,457 - root - DEBUG - 5.2.8-CoordinatesAM
2021-12-28 10:54:35,457 - root - DEBUG - 5.2.8.1-X
2021-12-28 10:54:35,457 - root - DEBUG - 5.2.8.2-Y
2021-12-28 10:54:35,457 - root - DEBUG - 5.2.9-CoordinatesPM
2021-12-28 10:54:35,457 - root - DEBUG - 5.2.9.1-X
2021-12-28 10:54:35,457 - root - DEBUG - 5.2.9.2-Y
2021-12-28 10:54:35,457 - root - DEBUG - 9-Battery
2021-12-28 10:54:35,458 - root - DEBUG - 9.1-BatteryText
2021-12-28 10:54:35,458 - root - DEBUG - 9.1.1-ImageNumber
2021-12-28 10:54:35,458 - root - DEBUG - 9.1.1.1-TopLeftX
2021-12-28 10:54:35,458 - root - DEBUG - 9.1.1.2-TopLeftY
2021-12-28 10:54:35,458 - root - DEBUG - 9.1.1.3-BottomRightX
2021-12-28 10:54:35,458 - root - DEBUG - 9.1.1.4-BottomRightY
2021-12-28 10:54:35,458 - root - DEBUG - 9.1.1.5-Alignment
2021-12-28 10:54:35,458 - root - DEBUG - 9.1.1.6-Spacing
2021-12-28 10:54:35,458 - root - DEBUG - 9.1.1.7-VerticalOffset
2021-12-28 10:54:35,459 - root - DEBUG - 9.1.1.8-ImageIndex
2021-12-28 10:54:35,459 - root - DEBUG - 9.1.1.9-ImagesCount
2021-12-28 10:54:35,459 - root - DEBUG - 9.1.4-SuffixImageIndex
2021-12-28 10:54:35,459 - root - DEBUG - 12-HearthProgress
2021-12-28 10:54:35,459 - root - DEBUG - 12.2-ImageProgress
2021-12-28 10:54:35,459 - root - DEBUG - 12.2.1-X
2021-12-28 10:54:35,459 - root - DEBUG - 12.2.2-Y
2021-12-28 10:54:35,459 - root - DEBUG - 12.2.3-ImageIndex
2021-12-28 10:54:35,459 - root - DEBUG - 12.2.4-ImagesCount
2021-12-28 10:54:35,460 - root - DEBUG - 21-TimeDigital
2021-12-28 10:54:35,460 - root - DEBUG - 21.1-Hours
2021-12-28 10:54:35,460 - root - DEBUG - 21.1.1-TopLeftX
2021-12-28 10:54:35,460 - root - DEBUG - 21.1.2-TopLeftY
2021-12-28 10:54:35,460 - root - DEBUG - 21.1.3-BottomRightX
2021-12-28 10:54:35,460 - root - DEBUG - 21.1.4-BottomRightY
2021-12-28 10:54:35,460 - root - DEBUG - 21.1.5-Alignment
2021-12-28 10:54:35,460 - root - DEBUG - 21.1.6-Spacing
2021-12-28 10:54:35,460 - root - DEBUG - 21.1.7-VerticalOffset
2021-12-28 10:54:35,461 - root - DEBUG - 21.1.8-ImageIndex
2021-12-28 10:54:35,461 - root - DEBUG - 21.1.9-ImagesCount
2021-12-28 10:54:35,461 - root - DEBUG - 21.3-PaddingZeroHours
2021-12-28 10:54:35,461 - root - DEBUG - 21.6-HoursFollowPosition
2021-12-28 10:54:35,461 - root - DEBUG - 21.8-Time
2021-12-28 10:54:35,461 - root - DEBUG - 21.8.1-Unknown1
2021-12-28 10:54:35,461 - root - DEBUG - 21.8.2-Minutes
2021-12-28 10:54:35,461 - root - DEBUG - 21.8.2.1-TopLeftX
2021-12-28 10:54:35,461 - root - DEBUG - 21.8.2.2-TopLeftY
2021-12-28 10:54:35,462 - root - DEBUG - 21.8.2.3-BottomRightX
2021-12-28 10:54:35,462 - root - DEBUG - 21.8.2.4-BottomRightY
2021-12-28 10:54:35,462 - root - DEBUG - 21.8.2.5-Alignment
2021-12-28 10:54:35,462 - root - DEBUG - 21.8.2.6-Spacing
2021-12-28 10:54:35,462 - root - DEBUG - 21.8.2.7-VerticalOffset
2021-12-28 10:54:35,462 - root - DEBUG - 21.8.2.8-ImageIndex
2021-12-28 10:54:35,462 - root - DEBUG - 21.8.2.9-ImagesCount
2021-12-28 10:54:35,462 - root - DEBUG - 21.8.3-Seconds
2021-12-28 10:54:35,463 - root - DEBUG - 21.8.3.1-TopLeftX
2021-12-28 10:54:35,463 - root - DEBUG - 21.8.3.2-TopLeftY
2021-12-28 10:54:35,463 - root - DEBUG - 21.8.3.3-BottomRightX
2021-12-28 10:54:35,463 - root - DEBUG - 21.8.3.4-BottomRightY
2021-12-28 10:54:35,463 - root - DEBUG - 21.8.3.5-Alignment
2021-12-28 10:54:35,463 - root - DEBUG - 21.8.3.6-Spacing
2021-12-28 10:54:35,463 - root - DEBUG - 21.8.3.7-VerticalOffset
2021-12-28 10:54:35,464 - root - DEBUG - 21.8.3.8-ImageIndex
2021-12-28 10:54:35,464 - root - DEBUG - 21.8.3.9-ImagesCount
2021-12-28 10:54:35,464 - root - DEBUG - 21.8.4-PaddingZeroMinutes
2021-12-28 10:54:35,464 - root - DEBUG - 21.8.5-PaddingZeroSeconds
2021-12-28 10:54:35,464 - root - DEBUG - 21.8.8-MinutesFollowHours
2021-12-28 10:54:35,464 - root - DEBUG - 21.8.9-SecondsFollowMinutes
2021-12-28 10:54:35,464 - root - DEBUG - 23-PaiProgress
2021-12-28 10:54:35,464 - root - DEBUG - 23.2-ImageProgress
2021-12-28 10:54:35,464 - root - DEBUG - 23.2.1-X
2021-12-28 10:54:35,465 - root - DEBUG - 23.2.2-Y
2021-12-28 10:54:35,465 - root - DEBUG - 23.2.3-ImageIndex
2021-12-28 10:54:35,465 - root - DEBUG - 23.2.4-ImagesCount
2021-12-28 10:54:35,465 - root - DEBUG - generatePreviews
2021-12-28 10:54:35,465 - root - DEBUG - Generating previews...
2021-12-28 10:54:35,469 - root - DEBUG - Generating states done...
2021-12-28 10:54:35,477 - root - DEBUG - >>>>>>>>>>>> 0 <watchFaceParser.models.parameter.Parameter object at 0x000002B6C4414808>
2021-12-28 10:54:35,478 - root - DEBUG - >>>>>>>>>>>> 2 <watchFaceParser.models.parameter.Parameter object at 0x000002B6C4405EC8>
2021-12-28 10:54:35,483 - root - DEBUG - >>>>>>>>>>>> 4 <watchFaceParser.models.parameter.Parameter object at 0x000002B6C440F388>
2021-12-28 10:54:35,495 - root - DEBUG - >>>>>>>>>>>> 5 <watchFaceParser.models.parameter.Parameter object at 0x000002B6C440F908>
2021-12-28 10:54:35,499 - root - DEBUG - >>>>>>>>>>>> 9 <watchFaceParser.models.parameter.Parameter object at 0x000002B6C4411708>
2021-12-28 10:54:35,502 - root - DEBUG - >>>>>>>>>>>> 12 <watchFaceParser.models.parameter.Parameter object at 0x000002B6C4411408>
2021-12-28 10:54:35,505 - root - DEBUG - >>>>>>>>>>>> 21 <watchFaceParser.models.parameter.Parameter object at 0x000002B6C4411BC8>
2021-12-28 10:54:35,509 - root - DEBUG - >>>>>>>>>>>> 23 <watchFaceParser.models.parameter.Parameter object at 0x000002B6C4414788>
2021-12-28 10:54:35,521 - root - DEBUG - Generating static preview gen done...
2021-12-28 10:54:35,572 - root - DEBUG - Generating static preview save done...
2021-12-28 10:54:35,572 - root - DEBUG - Generating anim preview gen done...
2021-12-28 10:54:35,572 - root - DEBUG - >>>>>>>>>>>> 0 <watchFaceParser.models.parameter.Parameter object at 0x000002B6C4414808>
2021-12-28 10:54:35,572 - root - DEBUG - >>>>>>>>>>>> 2 <watchFaceParser.models.parameter.Parameter object at 0x000002B6C4405EC8>
2021-12-28 10:54:35,573 - root - DEBUG - >>>>>>>>>>>> 4 <watchFaceParser.models.parameter.Parameter object at 0x000002B6C440F388>
2021-12-28 10:54:35,573 - root - DEBUG - >>>>>>>>>>>> 5 <watchFaceParser.models.parameter.Parameter object at 0x000002B6C440F908>
2021-12-28 10:54:35,573 - root - DEBUG - >>>>>>>>>>>> 9 <watchFaceParser.models.parameter.Parameter object at 0x000002B6C4411708>
2021-12-28 10:54:35,573 - root - DEBUG - >>>>>>>>>>>> 12 <watchFaceParser.models.parameter.Parameter object at 0x000002B6C4411408>
2021-12-28 10:54:35,573 - root - DEBUG - >>>>>>>>>>>> 21 <watchFaceParser.models.parameter.Parameter object at 0x000002B6C4411BC8>
2021-12-28 10:54:35,574 - root - DEBUG - >>>>>>>>>>>> 23 <watchFaceParser.models.parameter.Parameter object at 0x000002B6C4414788>
2021-12-28 10:54:35,679 - root - DEBUG - generatePreviews done
2021-12-28 10:54:35,679 - root - DEBUG - Exporting resources to 'E:\Codez\zepp-bipupro-wf\4feee05286a6631c6b4ba9da3492fda8'
2021-12-28 10:54:35,682 - root - DEBUG - extracting E:\Codez\zepp-bipupro-wf\4feee05286a6631c6b4ba9da3492fda8\0000.png...
2021-12-28 10:54:35,692 - root - DEBUG - extracting E:\Codez\zepp-bipupro-wf\4feee05286a6631c6b4ba9da3492fda8\0001.png...
2021-12-28 10:54:35,699 - root - DEBUG - extracting E:\Codez\zepp-bipupro-wf\4feee05286a6631c6b4ba9da3492fda8\0002.png...
2021-12-28 10:54:35,707 - root - DEBUG - extracting E:\Codez\zepp-bipupro-wf\4feee05286a6631c6b4ba9da3492fda8\0003.png...
2021-12-28 10:54:35,708 - root - DEBUG - extracting E:\Codez\zepp-bipupro-wf\4feee05286a6631c6b4ba9da3492fda8\0004.png...
2021-12-28 10:54:35,709 - root - DEBUG - extracting E:\Codez\zepp-bipupro-wf\4feee05286a6631c6b4ba9da3492fda8\0005.png...
2021-12-28 10:54:35,710 - root - DEBUG - extracting E:\Codez\zepp-bipupro-wf\4feee05286a6631c6b4ba9da3492fda8\0006.png...
2021-12-28 10:54:35,711 - root - DEBUG - extracting E:\Codez\zepp-bipupro-wf\4feee05286a6631c6b4ba9da3492fda8\0007.png...
2021-12-28 10:54:35,711 - root - DEBUG - extracting E:\Codez\zepp-bipupro-wf\4feee05286a6631c6b4ba9da3492fda8\0008.png...
2021-12-28 10:54:35,712 - root - DEBUG - extracting E:\Codez\zepp-bipupro-wf\4feee05286a6631c6b4ba9da3492fda8\0009.png...
2021-12-28 10:54:35,713 - root - DEBUG - extracting E:\Codez\zepp-bipupro-wf\4feee05286a6631c6b4ba9da3492fda8\0010.png...
2021-12-28 10:54:35,713 - root - DEBUG - extracting E:\Codez\zepp-bipupro-wf\4feee05286a6631c6b4ba9da3492fda8\0011.png...
2021-12-28 10:54:35,714 - root - DEBUG - extracting E:\Codez\zepp-bipupro-wf\4feee05286a6631c6b4ba9da3492fda8\0012.png...
2021-12-28 10:54:35,715 - root - DEBUG - extracting E:\Codez\zepp-bipupro-wf\4feee05286a6631c6b4ba9da3492fda8\0013.png...
2021-12-28 10:54:35,716 - root - DEBUG - extracting E:\Codez\zepp-bipupro-wf\4feee05286a6631c6b4ba9da3492fda8\0014.png...
2021-12-28 10:54:35,717 - root - DEBUG - extracting E:\Codez\zepp-bipupro-wf\4feee05286a6631c6b4ba9da3492fda8\0015.png...
2021-12-28 10:54:35,717 - root - DEBUG - extracting E:\Codez\zepp-bipupro-wf\4feee05286a6631c6b4ba9da3492fda8\0016.png...
2021-12-28 10:54:35,718 - root - DEBUG - extracting E:\Codez\zepp-bipupro-wf\4feee05286a6631c6b4ba9da3492fda8\0017.png...
2021-12-28 10:54:35,719 - root - DEBUG - extracting E:\Codez\zepp-bipupro-wf\4feee05286a6631c6b4ba9da3492fda8\0018.png...
2021-12-28 10:54:35,720 - root - DEBUG - extracting E:\Codez\zepp-bipupro-wf\4feee05286a6631c6b4ba9da3492fda8\0019.png...
2021-12-28 10:54:35,721 - root - DEBUG - extracting E:\Codez\zepp-bipupro-wf\4feee05286a6631c6b4ba9da3492fda8\0020.png...
2021-12-28 10:54:35,722 - root - DEBUG - extracting E:\Codez\zepp-bipupro-wf\4feee05286a6631c6b4ba9da3492fda8\0021.png...
2021-12-28 10:54:35,723 - root - DEBUG - extracting E:\Codez\zepp-bipupro-wf\4feee05286a6631c6b4ba9da3492fda8\0022.png...
2021-12-28 10:54:35,724 - root - DEBUG - extracting E:\Codez\zepp-bipupro-wf\4feee05286a6631c6b4ba9da3492fda8\0023.png...
2021-12-28 10:54:35,725 - root - DEBUG - extracting E:\Codez\zepp-bipupro-wf\4feee05286a6631c6b4ba9da3492fda8\0024.png...
2021-12-28 10:54:35,726 - root - DEBUG - extracting E:\Codez\zepp-bipupro-wf\4feee05286a6631c6b4ba9da3492fda8\0025.png...
2021-12-28 10:54:35,727 - root - DEBUG - extracting E:\Codez\zepp-bipupro-wf\4feee05286a6631c6b4ba9da3492fda8\0026.png...
2021-12-28 10:54:35,728 - root - DEBUG - extracting E:\Codez\zepp-bipupro-wf\4feee05286a6631c6b4ba9da3492fda8\0027.png...
2021-12-28 10:54:35,730 - root - DEBUG - extracting E:\Codez\zepp-bipupro-wf\4feee05286a6631c6b4ba9da3492fda8\0028.png...
2021-12-28 10:54:35,731 - root - DEBUG - extracting E:\Codez\zepp-bipupro-wf\4feee05286a6631c6b4ba9da3492fda8\0029.png...
2021-12-28 10:54:35,732 - root - DEBUG - extracting E:\Codez\zepp-bipupro-wf\4feee05286a6631c6b4ba9da3492fda8\0030.png...
2021-12-28 10:54:35,733 - root - DEBUG - extracting E:\Codez\zepp-bipupro-wf\4feee05286a6631c6b4ba9da3492fda8\0031.png...
2021-12-28 10:54:35,734 - root - DEBUG - extracting E:\Codez\zepp-bipupro-wf\4feee05286a6631c6b4ba9da3492fda8\0032.png...
2021-12-28 10:54:35,735 - root - DEBUG - extracting E:\Codez\zepp-bipupro-wf\4feee05286a6631c6b4ba9da3492fda8\0033.png...
2021-12-28 10:54:35,736 - root - DEBUG - extracting E:\Codez\zepp-bipupro-wf\4feee05286a6631c6b4ba9da3492fda8\0034.png...
2021-12-28 10:54:35,738 - root - DEBUG - extracting E:\Codez\zepp-bipupro-wf\4feee05286a6631c6b4ba9da3492fda8\0035.png...
2021-12-28 10:54:35,739 - root - DEBUG - extracting E:\Codez\zepp-bipupro-wf\4feee05286a6631c6b4ba9da3492fda8\0036.png...
2021-12-28 10:54:35,741 - root - DEBUG - extracting E:\Codez\zepp-bipupro-wf\4feee05286a6631c6b4ba9da3492fda8\0037.png...
2021-12-28 10:54:35,742 - root - DEBUG - extracting E:\Codez\zepp-bipupro-wf\4feee05286a6631c6b4ba9da3492fda8\0038.png...
2021-12-28 10:54:35,743 - root - DEBUG - extracting E:\Codez\zepp-bipupro-wf\4feee05286a6631c6b4ba9da3492fda8\0039.png...
2021-12-28 10:54:35,744 - root - DEBUG - extracting E:\Codez\zepp-bipupro-wf\4feee05286a6631c6b4ba9da3492fda8\0040.png...
2021-12-28 10:54:35,746 - root - DEBUG - extracting E:\Codez\zepp-bipupro-wf\4feee05286a6631c6b4ba9da3492fda8\0041.png...
2021-12-28 10:54:35,747 - root - DEBUG - extracting E:\Codez\zepp-bipupro-wf\4feee05286a6631c6b4ba9da3492fda8\0042.png...
2021-12-28 10:54:35,748 - root - DEBUG - extracting E:\Codez\zepp-bipupro-wf\4feee05286a6631c6b4ba9da3492fda8\0043.png...
2021-12-28 10:54:35,750 - root - DEBUG - extracting E:\Codez\zepp-bipupro-wf\4feee05286a6631c6b4ba9da3492fda8\0044.png...
2021-12-28 10:54:35,751 - root - DEBUG - extracting E:\Codez\zepp-bipupro-wf\4feee05286a6631c6b4ba9da3492fda8\0045.png...
2021-12-28 10:54:35,752 - root - DEBUG - extracting E:\Codez\zepp-bipupro-wf\4feee05286a6631c6b4ba9da3492fda8\0046.png...
2021-12-28 10:54:35,754 - root - DEBUG - extracting E:\Codez\zepp-bipupro-wf\4feee05286a6631c6b4ba9da3492fda8\0047.png...
2021-12-28 10:54:35,755 - root - DEBUG - extracting E:\Codez\zepp-bipupro-wf\4feee05286a6631c6b4ba9da3492fda8\0048.png...
2021-12-28 10:54:35,757 - root - DEBUG - extracting E:\Codez\zepp-bipupro-wf\4feee05286a6631c6b4ba9da3492fda8\0049.png...
2021-12-28 10:54:35,758 - root - DEBUG - extracting E:\Codez\zepp-bipupro-wf\4feee05286a6631c6b4ba9da3492fda8\0050.png...
2021-12-28 10:54:35,760 - root - DEBUG - extracting E:\Codez\zepp-bipupro-wf\4feee05286a6631c6b4ba9da3492fda8\0051.png...
2021-12-28 10:54:35,760 - root - DEBUG - extracting E:\Codez\zepp-bipupro-wf\4feee05286a6631c6b4ba9da3492fda8\0052.png...
2021-12-28 10:54:35,761 - root - DEBUG - extracting E:\Codez\zepp-bipupro-wf\4feee05286a6631c6b4ba9da3492fda8\0053.png...
2021-12-28 10:54:35,762 - root - DEBUG - extracting E:\Codez\zepp-bipupro-wf\4feee05286a6631c6b4ba9da3492fda8\0054.png...
2021-12-28 10:54:35,762 - root - DEBUG - extracting E:\Codez\zepp-bipupro-wf\4feee05286a6631c6b4ba9da3492fda8\0055.png...
2021-12-28 10:54:35,763 - root - DEBUG - extracting E:\Codez\zepp-bipupro-wf\4feee05286a6631c6b4ba9da3492fda8\0056.png...
2021-12-28 10:54:35,764 - root - DEBUG - extracting E:\Codez\zepp-bipupro-wf\4feee05286a6631c6b4ba9da3492fda8\0057.png...
2021-12-28 10:54:35,764 - root - DEBUG - extracting E:\Codez\zepp-bipupro-wf\4feee05286a6631c6b4ba9da3492fda8\0058.png...
2021-12-28 10:54:35,765 - root - DEBUG - extracting E:\Codez\zepp-bipupro-wf\4feee05286a6631c6b4ba9da3492fda8\0059.png...
2021-12-28 10:54:35,766 - root - DEBUG - extracting E:\Codez\zepp-bipupro-wf\4feee05286a6631c6b4ba9da3492fda8\0060.png...
2021-12-28 10:54:35,767 - root - DEBUG - extracting E:\Codez\zepp-bipupro-wf\4feee05286a6631c6b4ba9da3492fda8\0061.png...
2021-12-28 10:54:35,768 - root - DEBUG - extracting E:\Codez\zepp-bipupro-wf\4feee05286a6631c6b4ba9da3492fda8\0062.png...
2021-12-28 10:54:35,768 - root - DEBUG - extracting E:\Codez\zepp-bipupro-wf\4feee05286a6631c6b4ba9da3492fda8\0063.png...
2021-12-28 10:54:35,770 - root - DEBUG - extracting E:\Codez\zepp-bipupro-wf\4feee05286a6631c6b4ba9da3492fda8\0064.png...
2021-12-28 10:54:35,771 - root - DEBUG - extracting E:\Codez\zepp-bipupro-wf\4feee05286a6631c6b4ba9da3492fda8\0065.png...
2021-12-28 10:54:35,772 - root - DEBUG - extracting E:\Codez\zepp-bipupro-wf\4feee05286a6631c6b4ba9da3492fda8\0066.png...
2021-12-28 10:54:35,773 - root - DEBUG - extracting E:\Codez\zepp-bipupro-wf\4feee05286a6631c6b4ba9da3492fda8\0067.png...
2021-12-28 10:54:35,774 - root - DEBUG - extracting E:\Codez\zepp-bipupro-wf\4feee05286a6631c6b4ba9da3492fda8\0068.png...
2021-12-28 10:54:35,776 - root - DEBUG - extracting E:\Codez\zepp-bipupro-wf\4feee05286a6631c6b4ba9da3492fda8\0069.png...
2021-12-28 10:54:35,777 - root - DEBUG - extracting E:\Codez\zepp-bipupro-wf\4feee05286a6631c6b4ba9da3492fda8\0070.png...
2021-12-28 10:54:35,778 - root - DEBUG - extracting E:\Codez\zepp-bipupro-wf\4feee05286a6631c6b4ba9da3492fda8\0071.png...
2021-12-28 10:54:35,779 - root - DEBUG - extracting E:\Codez\zepp-bipupro-wf\4feee05286a6631c6b4ba9da3492fda8\0072.png...
2021-12-28 10:54:35,780 - root - DEBUG - Exporting config...
