2021-12-28 10:53:52,625 - root - DEBUG - Opening watch face 'E:\Codez\zepp-bipupro-wf\21f7fc61ce69ea3a03288ebe63ae2e18.bin'
2021-12-28 10:53:52,639 - root - DEBUG - Reading parameters...
2021-12-28 10:53:52,639 - root - INFO - Reading header...
2021-12-28 10:53:52,640 - root - INFO - Header was read:
2021-12-28 10:53:52,640 - root - INFO - Signature: b'UIHH\x01\x00\xff', Unknown: 34, ParametersSize: 25, isValid: True, deviceId: 71
2021-12-28 10:53:52,640 - root - INFO - Reading parameter offsets...
2021-12-28 10:53:52,640 - root - INFO - Parameter offsets were read from file
2021-12-28 10:53:52,640 - root - INFO - Reading parameters descriptor...
2021-12-28 10:53:52,640 - root - INFO - 1 ( A): 4 bytes
2021-12-28 10:53:52,641 - root - INFO -     1 ( 8): 97 61
2021-12-28 10:53:52,641 - root - INFO -     2 (10): 15  F
2021-12-28 10:53:52,641 - root - INFO - getParameters descriptor was read:
2021-12-28 10:53:52,641 - root - INFO - ParametersTableLength: 97, ImagesCount: 15
2021-12-28 10:53:52,641 - root - INFO - Reading parameters locations...
2021-12-28 10:53:52,641 - root - INFO - 2 (12): 4 bytes
2021-12-28 10:53:52,641 - root - INFO -     1 ( 8): 0  0
2021-12-28 10:53:52,641 - root - INFO -     2 (10): 32 20
2021-12-28 10:53:52,641 - root - INFO - 5 (2A): 4 bytes
2021-12-28 10:53:52,641 - root - INFO -     1 ( 8): 32 20
2021-12-28 10:53:52,641 - root - INFO -     2 (10): 34 22
2021-12-28 10:53:52,641 - root - INFO - 20 (A2): 4 bytes
2021-12-28 10:53:52,642 - root - INFO -     1 ( 8): 66 42
2021-12-28 10:53:52,642 - root - INFO -     2 (10): 31 1F
2021-12-28 10:53:52,642 - root - INFO - Watch face parameters locations were read:
2021-12-28 10:53:52,643 - root - INFO - Reading descriptor for parameter 2
2021-12-28 10:53:52,643 - root - INFO - Descriptor offset: 0, Descriptor length: 32
2021-12-28 10:53:52,643 - root - INFO - Parsing descriptor for parameter 2...
2021-12-28 10:53:52,643 - root - INFO - 1 ( A): 6 bytes
2021-12-28 10:53:52,643 - root - INFO -     1 ( 8): 0  0
2021-12-28 10:53:52,644 - root - INFO -     2 (10): 0  0
2021-12-28 10:53:52,644 - root - INFO -     3 (18): 1  1
2021-12-28 10:53:52,644 - root - INFO - 3 (1A): 6 bytes
2021-12-28 10:53:52,644 - root - INFO -     1 ( 8): 0  0
2021-12-28 10:53:52,644 - root - INFO -     2 (10): 0  0
2021-12-28 10:53:52,644 - root - INFO -     3 (18): 0  0
2021-12-28 10:53:52,644 - root - INFO - 4 (22): 6 bytes
2021-12-28 10:53:52,644 - root - INFO -     1 ( 8): 0  0
2021-12-28 10:53:52,644 - root - INFO -     2 (10): 0  0
2021-12-28 10:53:52,644 - root - INFO -     3 (18): 0  0
2021-12-28 10:53:52,644 - root - INFO - 5 (2A): 6 bytes
2021-12-28 10:53:52,645 - root - INFO -     1 ( 8): 0  0
2021-12-28 10:53:52,645 - root - INFO -     2 (10): 0  0
2021-12-28 10:53:52,645 - root - INFO -     3 (18): 0  0
2021-12-28 10:53:52,645 - root - INFO - Reading descriptor for parameter 5
2021-12-28 10:53:52,646 - root - INFO - Descriptor offset: 32, Descriptor length: 34
2021-12-28 10:53:52,646 - root - INFO - Parsing descriptor for parameter 5...
2021-12-28 10:53:52,646 - root - INFO - 1 ( A): 32 bytes
2021-12-28 10:53:52,646 - root - INFO -     1 ( A): 24 bytes
2021-12-28 10:53:52,646 - root - INFO -         4 (22): 22 bytes
2021-12-28 10:53:52,646 - root - INFO -             1 ( 8): 134 86
2021-12-28 10:53:52,646 - root - INFO -             2 (10): 261 105
2021-12-28 10:53:52,646 - root - INFO -             3 (18): 168 A8
2021-12-28 10:53:52,646 - root - INFO -             4 (20): 282 11A
2021-12-28 10:53:52,646 - root - INFO -             5 (28): 18 12
2021-12-28 10:53:52,646 - root - INFO -             6 (30): 0  0
2021-12-28 10:53:52,647 - root - INFO -             7 (38): 0  0
2021-12-28 10:53:52,647 - root - INFO -             8 (40): 2  2
2021-12-28 10:53:52,647 - root - INFO -             9 (48): 10  A
2021-12-28 10:53:52,647 - root - INFO -     4 (20): 1  1
2021-12-28 10:53:52,647 - root - INFO -     5 (28): 1  1
2021-12-28 10:53:52,647 - root - INFO -     6 (30): 0  0
2021-12-28 10:53:52,648 - root - INFO - Reading descriptor for parameter 20
2021-12-28 10:53:52,648 - root - INFO - Descriptor offset: 66, Descriptor length: 31
2021-12-28 10:53:52,648 - root - INFO - Parsing descriptor for parameter 20...
2021-12-28 10:53:52,648 - root - INFO - 2 (12): 6 bytes
2021-12-28 10:53:52,648 - root - INFO -     1 ( 8): 151 97
2021-12-28 10:53:52,648 - root - INFO -     2 (10): 160 A0
2021-12-28 10:53:52,648 - root - INFO - 3 (1A): 4 bytes
2021-12-28 10:53:52,648 - root - INFO -     1 ( 8): 12  C
2021-12-28 10:53:52,648 - root - INFO -     2 (10): 105 69
2021-12-28 10:53:52,649 - root - INFO - 4 (22): 15 bytes
2021-12-28 10:53:52,649 - root - INFO -     1 ( 8): 13  D
2021-12-28 10:53:52,649 - root - INFO -     2 (10): 145 91
2021-12-28 10:53:52,649 - root - INFO -     4 (22): 8 bytes
2021-12-28 10:53:52,649 - root - INFO -         1 ( 8): 133 85
2021-12-28 10:53:52,649 - root - INFO -         2 (10): 142 8E
2021-12-28 10:53:52,649 - root - INFO -         3 (18): 14  E
2021-12-28 10:53:52,652 - root - INFO - Reading resources offsets table with 15 elements (60 bytes)
2021-12-28 10:53:52,653 - root - INFO - Resource 0 offset: 269, length: 86472...
2021-12-28 10:53:52,653 - root - DEBUG - Reading resource 0...
2021-12-28 10:53:52,697 - root - INFO - The image is bmc.
2021-12-28 10:53:52,697 - root - INFO - Reading image header(readHeader16C)...
2021-12-28 10:53:52,697 - root - INFO - Image header was read:
2021-12-28 10:53:52,697 - root - INFO - Width: 202, Height: 214, RowLength: 404
2021-12-28 10:53:52,697 - root - INFO - _step: 2, unknown2: 0,
2021-12-28 10:53:52,698 - root - INFO - BPP: 16, Transparency: False
2021-12-28 10:53:52,877 - root - INFO - Resource 1 offset: 86741, length: 193296...
2021-12-28 10:53:52,877 - root - DEBUG - Reading resource 1...
2021-12-28 10:53:52,877 - root - INFO - The image is bmc.
2021-12-28 10:53:52,877 - root - INFO - Reading image header(readHeader16C)...
2021-12-28 10:53:52,877 - root - INFO - Image header was read:
2021-12-28 10:53:52,877 - root - INFO - Width: 302, Height: 320, RowLength: 604
2021-12-28 10:53:52,877 - root - INFO - _step: 2, unknown2: 0,
2021-12-28 10:53:52,878 - root - INFO - BPP: 16, Transparency: False
2021-12-28 10:53:53,316 - root - INFO - Resource 2 offset: 280037, length: 552...
2021-12-28 10:53:53,317 - root - DEBUG - Reading resource 2...
2021-12-28 10:53:53,317 - root - INFO - The image is bme.
2021-12-28 10:53:53,317 - root - INFO - Reading image header(readHeader16E)...
2021-12-28 10:53:53,317 - root - INFO - Image header was read:
2021-12-28 10:53:53,317 - root - INFO - Width: 17, Height: 21, RowLength: 34
2021-12-28 10:53:53,317 - root - INFO - datalength: 536, _step: 2
2021-12-28 10:53:53,317 - root - INFO - BPP: 16, Transparency: False
2021-12-28 10:53:53,318 - root - INFO - Resource 3 offset: 280589, length: 378...
2021-12-28 10:53:53,318 - root - DEBUG - Reading resource 3...
2021-12-28 10:53:53,318 - root - INFO - The image is bme.
2021-12-28 10:53:53,318 - root - INFO - Reading image header(readHeader16E)...
2021-12-28 10:53:53,318 - root - INFO - Image header was read:
2021-12-28 10:53:53,318 - root - INFO - Width: 17, Height: 21, RowLength: 34
2021-12-28 10:53:53,319 - root - INFO - datalength: 362, _step: 2
2021-12-28 10:53:53,321 - root - INFO - BPP: 16, Transparency: False
2021-12-28 10:53:53,323 - root - INFO - Resource 4 offset: 280967, length: 500...
2021-12-28 10:53:53,323 - root - DEBUG - Reading resource 4...
2021-12-28 10:53:53,323 - root - INFO - The image is bme.
2021-12-28 10:53:53,323 - root - INFO - Reading image header(readHeader16E)...
2021-12-28 10:53:53,324 - root - INFO - Image header was read:
2021-12-28 10:53:53,324 - root - INFO - Width: 17, Height: 21, RowLength: 34
2021-12-28 10:53:53,324 - root - INFO - datalength: 484, _step: 2
2021-12-28 10:53:53,324 - root - INFO - BPP: 16, Transparency: False
2021-12-28 10:53:53,325 - root - INFO - Resource 5 offset: 281467, length: 548...
2021-12-28 10:53:53,326 - root - DEBUG - Reading resource 5...
2021-12-28 10:53:53,326 - root - INFO - The image is bme.
2021-12-28 10:53:53,326 - root - INFO - Reading image header(readHeader16E)...
2021-12-28 10:53:53,326 - root - INFO - Image header was read:
2021-12-28 10:53:53,326 - root - INFO - Width: 17, Height: 21, RowLength: 34
2021-12-28 10:53:53,326 - root - INFO - datalength: 532, _step: 2
2021-12-28 10:53:53,326 - root - INFO - BPP: 16, Transparency: False
2021-12-28 10:53:53,327 - root - INFO - Resource 6 offset: 282015, length: 462...
2021-12-28 10:53:53,327 - root - DEBUG - Reading resource 6...
2021-12-28 10:53:53,328 - root - INFO - The image is bme.
2021-12-28 10:53:53,328 - root - INFO - Reading image header(readHeader16E)...
2021-12-28 10:53:53,328 - root - INFO - Image header was read:
2021-12-28 10:53:53,328 - root - INFO - Width: 17, Height: 21, RowLength: 34
2021-12-28 10:53:53,328 - root - INFO - datalength: 446, _step: 2
2021-12-28 10:53:53,328 - root - INFO - BPP: 16, Transparency: False
2021-12-28 10:53:53,329 - root - INFO - Resource 7 offset: 282477, length: 514...
2021-12-28 10:53:53,329 - root - DEBUG - Reading resource 7...
2021-12-28 10:53:53,329 - root - INFO - The image is bme.
2021-12-28 10:53:53,329 - root - INFO - Reading image header(readHeader16E)...
2021-12-28 10:53:53,329 - root - INFO - Image header was read:
2021-12-28 10:53:53,329 - root - INFO - Width: 17, Height: 21, RowLength: 34
2021-12-28 10:53:53,330 - root - INFO - datalength: 498, _step: 2
2021-12-28 10:53:53,330 - root - INFO - BPP: 16, Transparency: False
2021-12-28 10:53:53,331 - root - INFO - Resource 8 offset: 282991, length: 592...
2021-12-28 10:53:53,331 - root - DEBUG - Reading resource 8...
2021-12-28 10:53:53,331 - root - INFO - The image is bme.
2021-12-28 10:53:53,331 - root - INFO - Reading image header(readHeader16E)...
2021-12-28 10:53:53,331 - root - INFO - Image header was read:
2021-12-28 10:53:53,331 - root - INFO - Width: 17, Height: 21, RowLength: 34
2021-12-28 10:53:53,331 - root - INFO - datalength: 576, _step: 2
2021-12-28 10:53:53,331 - root - INFO - BPP: 16, Transparency: False
2021-12-28 10:53:53,332 - root - INFO - Resource 9 offset: 283583, length: 394...
2021-12-28 10:53:53,332 - root - DEBUG - Reading resource 9...
2021-12-28 10:53:53,332 - root - INFO - The image is bme.
2021-12-28 10:53:53,332 - root - INFO - Reading image header(readHeader16E)...
2021-12-28 10:53:53,333 - root - INFO - Image header was read:
2021-12-28 10:53:53,333 - root - INFO - Width: 17, Height: 21, RowLength: 34
2021-12-28 10:53:53,333 - root - INFO - datalength: 378, _step: 2
2021-12-28 10:53:53,333 - root - INFO - BPP: 16, Transparency: False
2021-12-28 10:53:53,333 - root - INFO - Resource 10 offset: 283977, length: 596...
2021-12-28 10:53:53,334 - root - DEBUG - Reading resource 10...
2021-12-28 10:53:53,334 - root - INFO - The image is bme.
2021-12-28 10:53:53,334 - root - INFO - Reading image header(readHeader16E)...
2021-12-28 10:53:53,334 - root - INFO - Image header was read:
2021-12-28 10:53:53,334 - root - INFO - Width: 17, Height: 21, RowLength: 34
2021-12-28 10:53:53,334 - root - INFO - datalength: 580, _step: 2
2021-12-28 10:53:53,334 - root - INFO - BPP: 16, Transparency: False
2021-12-28 10:53:53,335 - root - INFO - Resource 11 offset: 284573, length: 598...
2021-12-28 10:53:53,335 - root - DEBUG - Reading resource 11...
2021-12-28 10:53:53,336 - root - INFO - The image is bme.
2021-12-28 10:53:53,336 - root - INFO - Reading image header(readHeader16E)...
2021-12-28 10:53:53,338 - root - INFO - Image header was read:
2021-12-28 10:53:53,339 - root - INFO - Width: 17, Height: 21, RowLength: 34
2021-12-28 10:53:53,339 - root - INFO - datalength: 582, _step: 2
2021-12-28 10:53:53,339 - root - INFO - BPP: 16, Transparency: False
2021-12-28 10:53:53,340 - root - INFO - Resource 12 offset: 285171, length: 8521...
2021-12-28 10:53:53,340 - root - DEBUG - Reading resource 12...
2021-12-28 10:53:53,340 - root - INFO - The image is bmc.
2021-12-28 10:53:53,340 - root - INFO - Reading image header(readHeader16C)...
2021-12-28 10:53:53,340 - root - INFO - Image header was read:
2021-12-28 10:53:53,340 - root - INFO - Width: 27, Height: 105, RowLength: 81
2021-12-28 10:53:53,341 - root - INFO - _step: 3, unknown2: 0,
2021-12-28 10:53:53,341 - root - INFO - BPP: 24, Transparency: False
2021-12-28 10:53:53,355 - root - INFO - Resource 13 offset: 293692, length: 11761...
2021-12-28 10:53:53,355 - root - DEBUG - Reading resource 13...
2021-12-28 10:53:53,355 - root - INFO - The image is bmc.
2021-12-28 10:53:53,356 - root - INFO - Reading image header(readHeader16C)...
2021-12-28 10:53:53,356 - root - INFO - Image header was read:
2021-12-28 10:53:53,356 - root - INFO - Width: 27, Height: 145, RowLength: 81
2021-12-28 10:53:53,356 - root - INFO - _step: 3, unknown2: 0,
2021-12-28 10:53:53,356 - root - INFO - BPP: 24, Transparency: False
2021-12-28 10:53:53,382 - root - INFO - Resource 14 offset: 305453, length: 3904...
2021-12-28 10:53:53,382 - root - DEBUG - Reading resource 14...
2021-12-28 10:53:53,382 - root - INFO - The image is bmc.
2021-12-28 10:53:53,382 - root - INFO - Reading image header(readHeader16C)...
2021-12-28 10:53:53,382 - root - INFO - Image header was read:
2021-12-28 10:53:53,382 - root - INFO - Width: 36, Height: 36, RowLength: 108
2021-12-28 10:53:53,382 - root - INFO - _step: 3, unknown2: 0,
2021-12-28 10:53:53,382 - root - INFO - BPP: 24, Transparency: False
2021-12-28 10:53:53,391 - root - DEBUG - Parsing parameters...
2021-12-28 10:53:53,492 - root - DEBUG - 0 Value: None
2021-12-28 10:53:53,492 - root - DEBUG - 0.1 Value: 71
2021-12-28 10:53:53,492 - root - DEBUG - 2 Value: None
2021-12-28 10:53:53,492 - root - DEBUG - 2.1 Value: None
2021-12-28 10:53:53,492 - root - DEBUG - 2.1.1 Value: 0
2021-12-28 10:53:53,492 - root - DEBUG - 2.1.2 Value: 0
2021-12-28 10:53:53,492 - root - DEBUG - 2.1.3 Value: 1
2021-12-28 10:53:53,492 - root - DEBUG - 2.3 Value: None
2021-12-28 10:53:53,493 - root - DEBUG - 2.3.1 Value: 0
2021-12-28 10:53:53,493 - root - DEBUG - 2.3.2 Value: 0
2021-12-28 10:53:53,493 - root - DEBUG - 2.3.3 Value: 0
2021-12-28 10:53:53,493 - root - DEBUG - 2.4 Value: None
2021-12-28 10:53:53,493 - root - DEBUG - 2.4.1 Value: 0
2021-12-28 10:53:53,493 - root - DEBUG - 2.4.2 Value: 0
2021-12-28 10:53:53,493 - root - DEBUG - 2.4.3 Value: 0
2021-12-28 10:53:53,493 - root - DEBUG - 2.5 Value: None
2021-12-28 10:53:53,493 - root - DEBUG - 2.5.1 Value: 0
2021-12-28 10:53:53,493 - root - DEBUG - 2.5.2 Value: 0
2021-12-28 10:53:53,493 - root - DEBUG - 2.5.3 Value: 0
2021-12-28 10:53:53,493 - root - DEBUG - 5 Value: None
2021-12-28 10:53:53,493 - root - DEBUG - 5.1 Value: None
2021-12-28 10:53:53,494 - root - DEBUG - 5.1.1 Value: None
2021-12-28 10:53:53,494 - root - DEBUG - 5.1.1.4 Value: None
2021-12-28 10:53:53,494 - root - DEBUG - 5.1.1.4.1 Value: 134
2021-12-28 10:53:53,494 - root - DEBUG - 5.1.1.4.2 Value: 261
2021-12-28 10:53:53,494 - root - DEBUG - 5.1.1.4.3 Value: 168
2021-12-28 10:53:53,494 - root - DEBUG - 5.1.1.4.4 Value: 282
2021-12-28 10:53:53,494 - root - DEBUG - 5.1.1.4.5 Value: 18
2021-12-28 10:53:53,494 - root - DEBUG - 5.1.1.4.6 Value: 0
2021-12-28 10:53:53,494 - root - DEBUG - 5.1.1.4.7 Value: 0
2021-12-28 10:53:53,494 - root - DEBUG - 5.1.1.4.8 Value: 2
2021-12-28 10:53:53,494 - root - DEBUG - 5.1.1.4.9 Value: 10
2021-12-28 10:53:53,494 - root - DEBUG - 5.1.4 Value: 1
2021-12-28 10:53:53,494 - root - DEBUG - 5.1.5 Value: 1
2021-12-28 10:53:53,495 - root - DEBUG - 5.1.6 Value: 0
2021-12-28 10:53:53,495 - root - DEBUG - 20 Value: None
2021-12-28 10:53:53,495 - root - DEBUG - 20.2 Value: None
2021-12-28 10:53:53,495 - root - DEBUG - 20.2.1 Value: 151
2021-12-28 10:53:53,495 - root - DEBUG - 20.2.2 Value: 160
2021-12-28 10:53:53,495 - root - DEBUG - 20.3 Value: None
2021-12-28 10:53:53,495 - root - DEBUG - 20.3.1 Value: 12
2021-12-28 10:53:53,495 - root - DEBUG - 20.3.2 Value: 105
2021-12-28 10:53:53,495 - root - DEBUG - 20.4 Value: None
2021-12-28 10:53:53,495 - root - DEBUG - 20.4.1 Value: 13
2021-12-28 10:53:53,495 - root - DEBUG - 20.4.2 Value: 145
2021-12-28 10:53:53,495 - root - DEBUG - 20.4.4 Value: None
2021-12-28 10:53:53,496 - root - DEBUG - 20.4.4.1 Value: 133
2021-12-28 10:53:53,496 - root - DEBUG - 20.4.4.2 Value: 142
2021-12-28 10:53:53,496 - root - DEBUG - 20.4.4.3 Value: 14
2021-12-28 10:53:53,496 - root - DEBUG - 0-Info
2021-12-28 10:53:53,496 - root - DEBUG - 0.1-DeviceId
2021-12-28 10:53:53,496 - root - DEBUG - 2-Background
2021-12-28 10:53:53,496 - root - DEBUG - 2.1-Image
2021-12-28 10:53:53,496 - root - DEBUG - 2.1.1-X
2021-12-28 10:53:53,496 - root - DEBUG - 2.1.2-Y
2021-12-28 10:53:53,496 - root - DEBUG - 2.1.3-ImageIndex
2021-12-28 10:53:53,497 - root - DEBUG - 2.3-Preview
2021-12-28 10:53:53,497 - root - DEBUG - 2.3.1-X
2021-12-28 10:53:53,497 - root - DEBUG - 2.3.2-Y
2021-12-28 10:53:53,497 - root - DEBUG - 2.3.3-ImageIndex
2021-12-28 10:53:53,497 - root - DEBUG - 2.4-PreviewKorean
2021-12-28 10:53:53,497 - root - DEBUG - 2.4.1-X
2021-12-28 10:53:53,497 - root - DEBUG - 2.4.2-Y
2021-12-28 10:53:53,497 - root - DEBUG - 2.4.3-ImageIndex
2021-12-28 10:53:53,497 - root - DEBUG - 2.5-PreviewChinese
2021-12-28 10:53:53,498 - root - DEBUG - 2.5.1-X
2021-12-28 10:53:53,498 - root - DEBUG - 2.5.2-Y
2021-12-28 10:53:53,498 - root - DEBUG - 2.5.3-ImageIndex
2021-12-28 10:53:53,498 - root - DEBUG - 5-DateBlock
2021-12-28 10:53:53,498 - root - DEBUG - 5.1-Date
2021-12-28 10:53:53,498 - root - DEBUG - 5.1.1-MonthAndDayAlt
2021-12-28 10:53:53,498 - root - DEBUG - 5.1.1.4-Day
2021-12-28 10:53:53,498 - root - DEBUG - 5.1.1.4.1-TopLeftX
2021-12-28 10:53:53,498 - root - DEBUG - 5.1.1.4.2-TopLeftY
2021-12-28 10:53:53,498 - root - DEBUG - 5.1.1.4.3-BottomRightX
2021-12-28 10:53:53,499 - root - DEBUG - 5.1.1.4.4-BottomRightY
2021-12-28 10:53:53,499 - root - DEBUG - 5.1.1.4.5-Alignment
2021-12-28 10:53:53,499 - root - DEBUG - 5.1.1.4.6-Spacing
2021-12-28 10:53:53,499 - root - DEBUG - 5.1.1.4.7-VerticalOffset
2021-12-28 10:53:53,499 - root - DEBUG - 5.1.1.4.8-ImageIndex
2021-12-28 10:53:53,499 - root - DEBUG - 5.1.1.4.9-ImagesCount
2021-12-28 10:53:53,499 - root - DEBUG - 5.1.4-PaddingZeroMonth
2021-12-28 10:53:53,499 - root - DEBUG - 5.1.5-PaddingZeroDay
2021-12-28 10:53:53,500 - root - DEBUG - 5.1.6-Unknown6
2021-12-28 10:53:53,500 - root - DEBUG - 20-TimeAnalog
2021-12-28 10:53:53,500 - root - DEBUG - 20.2-CommonCenterCoordinates
2021-12-28 10:53:53,500 - root - DEBUG - 20.2.1-X
2021-12-28 10:53:53,500 - root - DEBUG - 20.2.2-Y
2021-12-28 10:53:53,500 - root - DEBUG - 20.3-Hours
2021-12-28 10:53:53,500 - root - DEBUG - 20.3.1-ImageIndex
2021-12-28 10:53:53,500 - root - DEBUG - 20.3.2-PointerCenterOfRotationY
2021-12-28 10:53:53,500 - root - DEBUG - 20.4-Minutes
2021-12-28 10:53:53,500 - root - DEBUG - 20.4.1-ImageIndex
2021-12-28 10:53:53,501 - root - DEBUG - 20.4.2-PointerCenterOfRotationY
2021-12-28 10:53:53,501 - root - DEBUG - 20.4.4-CoverImage
2021-12-28 10:53:53,501 - root - DEBUG - 20.4.4.1-X
2021-12-28 10:53:53,501 - root - DEBUG - 20.4.4.2-Y
2021-12-28 10:53:53,501 - root - DEBUG - 20.4.4.3-ImageIndex
2021-12-28 10:53:53,501 - root - DEBUG - generatePreviews
2021-12-28 10:53:53,501 - root - DEBUG - Generating previews...
2021-12-28 10:53:53,507 - root - DEBUG - Generating states done...
2021-12-28 10:53:53,513 - root - DEBUG - >>>>>>>>>>>> 0 <watchFaceParser.models.parameter.Parameter object at 0x000002589963E2C8>
2021-12-28 10:53:53,514 - root - DEBUG - >>>>>>>>>>>> 2 <watchFaceParser.models.parameter.Parameter object at 0x0000025899635C88>
2021-12-28 10:53:53,519 - root - DEBUG - >>>>>>>>>>>> 5 <watchFaceParser.models.parameter.Parameter object at 0x00000258996355C8>
2021-12-28 10:53:53,528 - root - DEBUG - >>>>>>>>>>>> 20 <watchFaceParser.models.parameter.Parameter object at 0x000002589963E1C8>
2021-12-28 10:53:53,577 - root - DEBUG - Generating static preview gen done...
2021-12-28 10:53:53,667 - root - DEBUG - Generating static preview save done...
2021-12-28 10:53:53,667 - root - DEBUG - Generating anim preview gen done...
2021-12-28 10:53:53,667 - root - DEBUG - >>>>>>>>>>>> 0 <watchFaceParser.models.parameter.Parameter object at 0x000002589963E2C8>
2021-12-28 10:53:53,668 - root - DEBUG - >>>>>>>>>>>> 2 <watchFaceParser.models.parameter.Parameter object at 0x0000025899635C88>
2021-12-28 10:53:53,668 - root - DEBUG - >>>>>>>>>>>> 5 <watchFaceParser.models.parameter.Parameter object at 0x00000258996355C8>
2021-12-28 10:53:53,668 - root - DEBUG - >>>>>>>>>>>> 20 <watchFaceParser.models.parameter.Parameter object at 0x000002589963E1C8>
2021-12-28 10:53:54,075 - root - DEBUG - generatePreviews done
2021-12-28 10:53:54,075 - root - DEBUG - Exporting resources to 'E:\Codez\zepp-bipupro-wf\21f7fc61ce69ea3a03288ebe63ae2e18'
2021-12-28 10:53:54,078 - root - DEBUG - extracting E:\Codez\zepp-bipupro-wf\21f7fc61ce69ea3a03288ebe63ae2e18\0000.png...
2021-12-28 10:53:54,097 - root - DEBUG - extracting E:\Codez\zepp-bipupro-wf\21f7fc61ce69ea3a03288ebe63ae2e18\0001.png...
2021-12-28 10:53:54,141 - root - DEBUG - extracting E:\Codez\zepp-bipupro-wf\21f7fc61ce69ea3a03288ebe63ae2e18\0002.png...
2021-12-28 10:53:54,141 - root - DEBUG - extracting E:\Codez\zepp-bipupro-wf\21f7fc61ce69ea3a03288ebe63ae2e18\0003.png...
2021-12-28 10:53:54,142 - root - DEBUG - extracting E:\Codez\zepp-bipupro-wf\21f7fc61ce69ea3a03288ebe63ae2e18\0004.png...
2021-12-28 10:53:54,143 - root - DEBUG - extracting E:\Codez\zepp-bipupro-wf\21f7fc61ce69ea3a03288ebe63ae2e18\0005.png...
2021-12-28 10:53:54,144 - root - DEBUG - extracting E:\Codez\zepp-bipupro-wf\21f7fc61ce69ea3a03288ebe63ae2e18\0006.png...
2021-12-28 10:53:54,144 - root - DEBUG - extracting E:\Codez\zepp-bipupro-wf\21f7fc61ce69ea3a03288ebe63ae2e18\0007.png...
2021-12-28 10:53:54,145 - root - DEBUG - extracting E:\Codez\zepp-bipupro-wf\21f7fc61ce69ea3a03288ebe63ae2e18\0008.png...
2021-12-28 10:53:54,146 - root - DEBUG - extracting E:\Codez\zepp-bipupro-wf\21f7fc61ce69ea3a03288ebe63ae2e18\0009.png...
2021-12-28 10:53:54,147 - root - DEBUG - extracting E:\Codez\zepp-bipupro-wf\21f7fc61ce69ea3a03288ebe63ae2e18\0010.png...
2021-12-28 10:53:54,147 - root - DEBUG - extracting E:\Codez\zepp-bipupro-wf\21f7fc61ce69ea3a03288ebe63ae2e18\0011.png...
2021-12-28 10:53:54,148 - root - DEBUG - extracting E:\Codez\zepp-bipupro-wf\21f7fc61ce69ea3a03288ebe63ae2e18\0012.png...
2021-12-28 10:53:54,150 - root - DEBUG - extracting E:\Codez\zepp-bipupro-wf\21f7fc61ce69ea3a03288ebe63ae2e18\0013.png...
2021-12-28 10:53:54,151 - root - DEBUG - extracting E:\Codez\zepp-bipupro-wf\21f7fc61ce69ea3a03288ebe63ae2e18\0014.png...
2021-12-28 10:53:54,153 - root - DEBUG - Exporting config...
