2021-12-27 14:53:59,039 - root - DEBUG - Opening watch face 'dbf83056c82053c4cdbc7fc8715ff0e2.bin'
2021-12-27 14:53:59,039 - root - DEBUG - Reading parameters...
2021-12-27 14:53:59,039 - root - INFO - Reading header...
2021-12-27 14:53:59,054 - root - INFO - Header was read:
2021-12-27 14:53:59,054 - root - INFO - Signature: b'UIHH\x01\x00\xff', Unknown: 76, ParametersSize: 46, isValid: True, deviceId: 71
2021-12-27 14:53:59,054 - root - INFO - Reading parameter offsets...
2021-12-27 14:53:59,054 - root - INFO - Parameter offsets were read from file
2021-12-27 14:53:59,054 - root - INFO - Reading parameters descriptor...
2021-12-27 14:53:59,054 - root - INFO - 1 ( A): 5 bytes
2021-12-27 14:53:59,054 - root - INFO -     1 ( 8): 260 104
2021-12-27 14:53:59,054 - root - INFO -     2 (10): 91 5B
2021-12-27 14:53:59,054 - root - INFO - getParameters descriptor was read:
2021-12-27 14:53:59,054 - root - INFO - ParametersTableLength: 260, ImagesCount: 91
2021-12-27 14:53:59,054 - root - INFO - Reading parameters locations...
2021-12-27 14:53:59,054 - root - INFO - 2 (12): 4 bytes
2021-12-27 14:53:59,054 - root - INFO -     1 ( 8): 0  0
2021-12-27 14:53:59,054 - root - INFO -     2 (10): 32 20
2021-12-27 14:53:59,054 - root - INFO - 3 (1A): 4 bytes
2021-12-27 14:53:59,054 - root - INFO -     1 ( 8): 32 20
2021-12-27 14:53:59,054 - root - INFO -     2 (10): 76 4C
2021-12-27 14:53:59,054 - root - INFO - 4 (22): 5 bytes
2021-12-27 14:53:59,054 - root - INFO -     1 ( 8): 161 A1
2021-12-27 14:53:59,054 - root - INFO -     2 (10): 76 4C
2021-12-27 14:53:59,054 - root - INFO - 5 (2A): 4 bytes
2021-12-27 14:53:59,054 - root - INFO -     1 ( 8): 108 6C
2021-12-27 14:53:59,054 - root - INFO -     2 (10): 53 35
2021-12-27 14:53:59,054 - root - INFO - 7 (3A): 5 bytes
2021-12-27 14:53:59,054 - root - INFO -     1 ( 8): 237 ED
2021-12-27 14:53:59,054 - root - INFO -     2 (10): 11  B
2021-12-27 14:53:59,054 - root - INFO - 15 (7A): 5 bytes
2021-12-27 14:53:59,054 - root - INFO -     1 ( 8): 248 F8
2021-12-27 14:53:59,054 - root - INFO -     2 (10): 12  C
2021-12-27 14:53:59,054 - root - INFO - Watch face parameters locations were read:
2021-12-27 14:53:59,054 - root - INFO - Reading descriptor for parameter 2
2021-12-27 14:53:59,054 - root - INFO - Descriptor offset: 0, Descriptor length: 32
2021-12-27 14:53:59,054 - root - INFO - Parsing descriptor for parameter 2...
2021-12-27 14:53:59,054 - root - INFO - 1 ( A): 6 bytes
2021-12-27 14:53:59,054 - root - INFO -     1 ( 8): 0  0
2021-12-27 14:53:59,054 - root - INFO -     2 (10): 0  0
2021-12-27 14:53:59,054 - root - INFO -     3 (18): 1  1
2021-12-27 14:53:59,054 - root - INFO - 3 (1A): 6 bytes
2021-12-27 14:53:59,054 - root - INFO -     1 ( 8): 0  0
2021-12-27 14:53:59,054 - root - INFO -     2 (10): 0  0
2021-12-27 14:53:59,054 - root - INFO -     3 (18): 0  0
2021-12-27 14:53:59,054 - root - INFO - 4 (22): 6 bytes
2021-12-27 14:53:59,054 - root - INFO -     1 ( 8): 0  0
2021-12-27 14:53:59,054 - root - INFO -     2 (10): 0  0
2021-12-27 14:53:59,054 - root - INFO -     3 (18): 0  0
2021-12-27 14:53:59,054 - root - INFO - 5 (2A): 6 bytes
2021-12-27 14:53:59,054 - root - INFO -     1 ( 8): 0  0
2021-12-27 14:53:59,054 - root - INFO -     2 (10): 0  0
2021-12-27 14:53:59,054 - root - INFO -     3 (18): 0  0
2021-12-27 14:53:59,054 - root - INFO - Reading descriptor for parameter 3
2021-12-27 14:53:59,054 - root - INFO - Descriptor offset: 32, Descriptor length: 76
2021-12-27 14:53:59,054 - root - INFO - Parsing descriptor for parameter 3...
2021-12-27 14:53:59,054 - root - INFO - 1 ( A): 74 bytes
2021-12-27 14:53:59,054 - root - INFO -     1 ( A): 20 bytes
2021-12-27 14:53:59,054 - root - INFO -         1 ( A): 8 bytes
2021-12-27 14:53:59,054 - root - INFO -             1 ( 8): 23 17
2021-12-27 14:53:59,054 - root - INFO -             2 (10): 48 30
2021-12-27 14:53:59,054 - root - INFO -             3 (18): 2  2
2021-12-27 14:53:59,054 - root - INFO -             4 (20): 10  A
2021-12-27 14:53:59,054 - root - INFO -         2 (12): 8 bytes
2021-12-27 14:53:59,054 - root - INFO -             1 ( 8): 72 48
2021-12-27 14:53:59,054 - root - INFO -             2 (10): 48 30
2021-12-27 14:53:59,054 - root - INFO -             3 (18): 2  2
2021-12-27 14:53:59,054 - root - INFO -             4 (20): 10  A
2021-12-27 14:53:59,054 - root - INFO -     2 (12): 22 bytes
2021-12-27 14:53:59,054 - root - INFO -         1 ( A): 9 bytes
2021-12-27 14:53:59,054 - root - INFO -             1 ( 8): 144 90
2021-12-27 14:53:59,054 - root - INFO -             2 (10): 48 30
2021-12-27 14:53:59,054 - root - INFO -             3 (18): 2  2
2021-12-27 14:53:59,054 - root - INFO -             4 (20): 10  A
2021-12-27 14:53:59,054 - root - INFO -         2 (12): 9 bytes
2021-12-27 14:53:59,054 - root - INFO -             1 ( 8): 193 C1
2021-12-27 14:53:59,054 - root - INFO -             2 (10): 48 30
2021-12-27 14:53:59,054 - root - INFO -             3 (18): 2  2
2021-12-27 14:53:59,054 - root - INFO -             4 (20): 10  A
2021-12-27 14:53:59,054 - root - INFO -     3 (1A): 22 bytes
2021-12-27 14:53:59,054 - root - INFO -         1 ( A): 9 bytes
2021-12-27 14:53:59,054 - root - INFO -             1 ( 8): 246 F6
2021-12-27 14:53:59,054 - root - INFO -             2 (10): 47 2F
2021-12-27 14:53:59,054 - root - INFO -             3 (18): 12  C
2021-12-27 14:53:59,054 - root - INFO -             4 (20): 10  A
2021-12-27 14:53:59,054 - root - INFO -         2 (12): 9 bytes
2021-12-27 14:53:59,054 - root - INFO -             1 ( 8): 265 109
2021-12-27 14:53:59,054 - root - INFO -             2 (10): 47 2F
2021-12-27 14:53:59,054 - root - INFO -             3 (18): 12  C
2021-12-27 14:53:59,054 - root - INFO -             4 (20): 10  A
2021-12-27 14:53:59,054 - root - INFO -     7 (38): 0  0
2021-12-27 14:53:59,054 - root - INFO -     8 (40): 1  1
2021-12-27 14:53:59,054 - root - INFO - Reading descriptor for parameter 4
2021-12-27 14:53:59,054 - root - INFO - Descriptor offset: 161, Descriptor length: 76
2021-12-27 14:53:59,054 - root - INFO - Parsing descriptor for parameter 4...
2021-12-27 14:53:59,054 - root - INFO - 1 ( A): 22 bytes
2021-12-27 14:53:59,054 - root - INFO -     1 ( A): 20 bytes
2021-12-27 14:53:59,054 - root - INFO -         1 ( 8): 20 14
2021-12-27 14:53:59,054 - root - INFO -         2 (10): 265 109
2021-12-27 14:53:59,054 - root - INFO -         3 (18): 115 73
2021-12-27 14:53:59,054 - root - INFO -         4 (20): 287 11F
2021-12-27 14:53:59,054 - root - INFO -         5 (28): 18 12
2021-12-27 14:53:59,054 - root - INFO -         6 (30): 0  0
2021-12-27 14:53:59,054 - root - INFO -         7 (38): 0  0
2021-12-27 14:53:59,054 - root - INFO -         8 (40): 41 29
2021-12-27 14:53:59,054 - root - INFO -         9 (48): 10  A
2021-12-27 14:53:59,054 - root - INFO - 3 (1A): 22 bytes
2021-12-27 14:53:59,054 - root - INFO -     1 ( A): 20 bytes
2021-12-27 14:53:59,054 - root - INFO -         1 ( 8): 12  C
2021-12-27 14:53:59,054 - root - INFO -         2 (10): 155 9B
2021-12-27 14:53:59,054 - root - INFO -         3 (18): 120 78
2021-12-27 14:53:59,054 - root - INFO -         4 (20): 182 B6
2021-12-27 14:53:59,054 - root - INFO -         5 (28): 20 14
2021-12-27 14:53:59,054 - root - INFO -         6 (30): 0  0
2021-12-27 14:53:59,054 - root - INFO -         7 (38): 0  0
2021-12-27 14:53:59,054 - root - INFO -         8 (40): 51 33
2021-12-27 14:53:59,054 - root - INFO -         9 (48): 10  A
2021-12-27 14:53:59,054 - root - INFO - 4 (22): 24 bytes
2021-12-27 14:53:59,054 - root - INFO -     1 ( A): 22 bytes
2021-12-27 14:53:59,054 - root - INFO -         1 ( 8): 215 D7
2021-12-27 14:53:59,054 - root - INFO -         2 (10): 139 8B
2021-12-27 14:53:59,054 - root - INFO -         3 (18): 287 11F
2021-12-27 14:53:59,054 - root - INFO -         4 (20): 166 A6
2021-12-27 14:53:59,054 - root - INFO -         5 (28): 20 14
2021-12-27 14:53:59,054 - root - INFO -         6 (30): 0  0
2021-12-27 14:53:59,054 - root - INFO -         7 (38): 0  0
2021-12-27 14:53:59,054 - root - INFO -         8 (40): 61 3D
2021-12-27 14:53:59,054 - root - INFO -         9 (48): 10  A
2021-12-27 14:53:59,054 - root - INFO - 7 (38): 0  0
2021-12-27 14:53:59,054 - root - INFO - Reading descriptor for parameter 5
2021-12-27 14:53:59,054 - root - INFO - Descriptor offset: 108, Descriptor length: 53
2021-12-27 14:53:59,054 - root - INFO - Parsing descriptor for parameter 5...
2021-12-27 14:53:59,054 - root - INFO - 1 ( A): 30 bytes
2021-12-27 14:53:59,054 - root - INFO -     1 ( A): 22 bytes
2021-12-27 14:53:59,054 - root - INFO -         4 (22): 20 bytes
2021-12-27 14:53:59,054 - root - INFO -             1 ( 8): 228 E4
2021-12-27 14:53:59,054 - root - INFO -             2 (10): 18 12
2021-12-27 14:53:59,054 - root - INFO -             3 (18): 260 104
2021-12-27 14:53:59,054 - root - INFO -             4 (20): 36 24
2021-12-27 14:53:59,054 - root - INFO -             5 (28): 18 12
2021-12-27 14:53:59,054 - root - INFO -             6 (30): 0  0
2021-12-27 14:53:59,054 - root - INFO -             7 (38): 0  0
2021-12-27 14:53:59,054 - root - INFO -             8 (40): 22 16
2021-12-27 14:53:59,054 - root - INFO -             9 (48): 10  A
2021-12-27 14:53:59,054 - root - INFO -     4 (20): 1  1
2021-12-27 14:53:59,054 - root - INFO -     5 (28): 1  1
2021-12-27 14:53:59,054 - root - INFO -     6 (30): 0  0
2021-12-27 14:53:59,054 - root - INFO - 2 (12): 8 bytes
2021-12-27 14:53:59,054 - root - INFO -     1 ( 8): 92 5C
2021-12-27 14:53:59,054 - root - INFO -     2 (10): 18 12
2021-12-27 14:53:59,054 - root - INFO -     5 (28): 39 27
2021-12-27 14:53:59,054 - root - INFO -     6 (30): 40 28
2021-12-27 14:53:59,054 - root - INFO - 4 (22): 9 bytes
2021-12-27 14:53:59,054 - root - INFO -     1 ( 8): 162 A2
2021-12-27 14:53:59,054 - root - INFO -     2 (10): 18 12
2021-12-27 14:53:59,054 - root - INFO -     3 (18): 32 20
2021-12-27 14:53:59,054 - root - INFO -     4 (20): 7  7
2021-12-27 14:53:59,054 - root - INFO - Reading descriptor for parameter 7
2021-12-27 14:53:59,054 - root - INFO - Descriptor offset: 237, Descriptor length: 11
2021-12-27 14:53:59,054 - root - INFO - Parsing descriptor for parameter 7...
2021-12-27 14:53:59,054 - root - INFO - 2 (12): 9 bytes
2021-12-27 14:53:59,070 - root - INFO -     1 ( 8): 23 17
2021-12-27 14:53:59,070 - root - INFO -     2 (10): 293 125
2021-12-27 14:53:59,070 - root - INFO -     3 (18): 71 47
2021-12-27 14:53:59,070 - root - INFO -     4 (20): 10  A
2021-12-27 14:53:59,070 - root - INFO - Reading descriptor for parameter 15
2021-12-27 14:53:59,070 - root - INFO - Descriptor offset: 248, Descriptor length: 12
2021-12-27 14:53:59,070 - root - INFO - Parsing descriptor for parameter 15...
2021-12-27 14:53:59,070 - root - INFO - 2 (12): 10 bytes
2021-12-27 14:53:59,070 - root - INFO -     1 ( 8): 159 9F
2021-12-27 14:53:59,070 - root - INFO -     2 (10): 176 B0
2021-12-27 14:53:59,070 - root - INFO -     3 (18): 81 51
2021-12-27 14:53:59,070 - root - INFO -     4 (20): 10  A
2021-12-27 14:53:59,070 - root - INFO - Reading resources offsets table with 91 elements (364 bytes)
2021-12-27 14:53:59,070 - root - INFO - Resource 0 offset: 757, length: 86472...
2021-12-27 14:53:59,070 - root - DEBUG - Reading resource 0...
2021-12-27 14:53:59,101 - root - INFO - The image is bmc.
2021-12-27 14:53:59,101 - root - INFO - Reading image header(readHeader16C)...
2021-12-27 14:53:59,101 - root - INFO - Image header was read:
2021-12-27 14:53:59,101 - root - INFO - Width: 202, Height: 214, RowLength: 404
2021-12-27 14:53:59,101 - root - INFO - _step: 2, unknown2: 0,
2021-12-27 14:53:59,101 - root - INFO - BPP: 16, Transparency: False
2021-12-27 14:53:59,273 - root - INFO - Resource 1 offset: 87229, length: 193296...
2021-12-27 14:53:59,273 - root - DEBUG - Reading resource 1...
2021-12-27 14:53:59,273 - root - INFO - The image is bmc.
2021-12-27 14:53:59,273 - root - INFO - Reading image header(readHeader16C)...
2021-12-27 14:53:59,273 - root - INFO - Image header was read:
2021-12-27 14:53:59,273 - root - INFO - Width: 302, Height: 320, RowLength: 604
2021-12-27 14:53:59,273 - root - INFO - _step: 2, unknown2: 0,
2021-12-27 14:53:59,273 - root - INFO - BPP: 16, Transparency: False
2021-12-27 14:53:59,664 - root - INFO - Resource 2 offset: 280525, length: 3230...
2021-12-27 14:53:59,664 - root - DEBUG - Reading resource 2...
2021-12-27 14:53:59,664 - root - INFO - The image is bme.
2021-12-27 14:53:59,664 - root - INFO - Reading image header(readHeader16E)...
2021-12-27 14:53:59,664 - root - INFO - Image header was read:
2021-12-27 14:53:59,664 - root - INFO - Width: 47, Height: 53, RowLength: 94
2021-12-27 14:53:59,664 - root - INFO - datalength: 3214, _step: 2
2021-12-27 14:53:59,664 - root - INFO - BPP: 16, Transparency: False
2021-12-27 14:53:59,664 - root - INFO - Resource 3 offset: 283755, length: 1766...
2021-12-27 14:53:59,664 - root - DEBUG - Reading resource 3...
2021-12-27 14:53:59,664 - root - INFO - The image is bme.
2021-12-27 14:53:59,664 - root - INFO - Reading image header(readHeader16E)...
2021-12-27 14:53:59,664 - root - INFO - Image header was read:
2021-12-27 14:53:59,664 - root - INFO - Width: 47, Height: 53, RowLength: 94
2021-12-27 14:53:59,664 - root - INFO - datalength: 1750, _step: 2
2021-12-27 14:53:59,664 - root - INFO - BPP: 16, Transparency: False
2021-12-27 14:53:59,664 - root - INFO - Resource 4 offset: 285521, length: 2650...
2021-12-27 14:53:59,664 - root - DEBUG - Reading resource 4...
2021-12-27 14:53:59,664 - root - INFO - The image is bme.
2021-12-27 14:53:59,664 - root - INFO - Reading image header(readHeader16E)...
2021-12-27 14:53:59,664 - root - INFO - Image header was read:
2021-12-27 14:53:59,664 - root - INFO - Width: 47, Height: 53, RowLength: 94
2021-12-27 14:53:59,664 - root - INFO - datalength: 2634, _step: 2
2021-12-27 14:53:59,664 - root - INFO - BPP: 16, Transparency: False
2021-12-27 14:53:59,679 - root - INFO - Resource 5 offset: 288171, length: 2750...
2021-12-27 14:53:59,679 - root - DEBUG - Reading resource 5...
2021-12-27 14:53:59,679 - root - INFO - The image is bme.
2021-12-27 14:53:59,679 - root - INFO - Reading image header(readHeader16E)...
2021-12-27 14:53:59,679 - root - INFO - Image header was read:
2021-12-27 14:53:59,679 - root - INFO - Width: 47, Height: 53, RowLength: 94
2021-12-27 14:53:59,679 - root - INFO - datalength: 2734, _step: 2
2021-12-27 14:53:59,679 - root - INFO - BPP: 16, Transparency: False
2021-12-27 14:53:59,679 - root - INFO - Resource 6 offset: 290921, length: 2548...
2021-12-27 14:53:59,679 - root - DEBUG - Reading resource 6...
2021-12-27 14:53:59,679 - root - INFO - The image is bme.
2021-12-27 14:53:59,679 - root - INFO - Reading image header(readHeader16E)...
2021-12-27 14:53:59,679 - root - INFO - Image header was read:
2021-12-27 14:53:59,679 - root - INFO - Width: 47, Height: 53, RowLength: 94
2021-12-27 14:53:59,679 - root - INFO - datalength: 2532, _step: 2
2021-12-27 14:53:59,679 - root - INFO - BPP: 16, Transparency: False
2021-12-27 14:53:59,679 - root - INFO - Resource 7 offset: 293469, length: 2832...
2021-12-27 14:53:59,679 - root - DEBUG - Reading resource 7...
2021-12-27 14:53:59,679 - root - INFO - The image is bme.
2021-12-27 14:53:59,679 - root - INFO - Reading image header(readHeader16E)...
2021-12-27 14:53:59,679 - root - INFO - Image header was read:
2021-12-27 14:53:59,679 - root - INFO - Width: 47, Height: 53, RowLength: 94
2021-12-27 14:53:59,679 - root - INFO - datalength: 2816, _step: 2
2021-12-27 14:53:59,679 - root - INFO - BPP: 16, Transparency: False
2021-12-27 14:53:59,695 - root - INFO - Resource 8 offset: 296301, length: 3142...
2021-12-27 14:53:59,695 - root - DEBUG - Reading resource 8...
2021-12-27 14:53:59,695 - root - INFO - The image is bme.
2021-12-27 14:53:59,695 - root - INFO - Reading image header(readHeader16E)...
2021-12-27 14:53:59,695 - root - INFO - Image header was read:
2021-12-27 14:53:59,695 - root - INFO - Width: 47, Height: 53, RowLength: 94
2021-12-27 14:53:59,695 - root - INFO - datalength: 3126, _step: 2
2021-12-27 14:53:59,695 - root - INFO - BPP: 16, Transparency: False
2021-12-27 14:53:59,695 - root - INFO - Resource 9 offset: 299443, length: 2500...
2021-12-27 14:53:59,695 - root - DEBUG - Reading resource 9...
2021-12-27 14:53:59,695 - root - INFO - The image is bme.
2021-12-27 14:53:59,695 - root - INFO - Reading image header(readHeader16E)...
2021-12-27 14:53:59,695 - root - INFO - Image header was read:
2021-12-27 14:53:59,695 - root - INFO - Width: 47, Height: 53, RowLength: 94
2021-12-27 14:53:59,695 - root - INFO - datalength: 2484, _step: 2
2021-12-27 14:53:59,695 - root - INFO - BPP: 16, Transparency: False
2021-12-27 14:53:59,710 - root - INFO - Resource 10 offset: 301943, length: 3424...
2021-12-27 14:53:59,710 - root - DEBUG - Reading resource 10...
2021-12-27 14:53:59,710 - root - INFO - The image is bme.
2021-12-27 14:53:59,710 - root - INFO - Reading image header(readHeader16E)...
2021-12-27 14:53:59,710 - root - INFO - Image header was read:
2021-12-27 14:53:59,710 - root - INFO - Width: 47, Height: 53, RowLength: 94
2021-12-27 14:53:59,710 - root - INFO - datalength: 3408, _step: 2
2021-12-27 14:53:59,710 - root - INFO - BPP: 16, Transparency: False
2021-12-27 14:53:59,710 - root - INFO - Resource 11 offset: 305367, length: 3140...
2021-12-27 14:53:59,710 - root - DEBUG - Reading resource 11...
2021-12-27 14:53:59,710 - root - INFO - The image is bme.
2021-12-27 14:53:59,710 - root - INFO - Reading image header(readHeader16E)...
2021-12-27 14:53:59,710 - root - INFO - Image header was read:
2021-12-27 14:53:59,710 - root - INFO - Width: 47, Height: 53, RowLength: 94
2021-12-27 14:53:59,710 - root - INFO - datalength: 3124, _step: 2
2021-12-27 14:53:59,710 - root - INFO - BPP: 16, Transparency: False
2021-12-27 14:53:59,710 - root - INFO - Resource 12 offset: 308507, length: 640...
2021-12-27 14:53:59,710 - root - DEBUG - Reading resource 12...
2021-12-27 14:53:59,710 - root - INFO - The image is bme.
2021-12-27 14:53:59,710 - root - INFO - Reading image header(readHeader16E)...
2021-12-27 14:53:59,710 - root - INFO - Image header was read:
2021-12-27 14:53:59,710 - root - INFO - Width: 19, Height: 22, RowLength: 38
2021-12-27 14:53:59,710 - root - INFO - datalength: 624, _step: 2
2021-12-27 14:53:59,710 - root - INFO - BPP: 16, Transparency: False
2021-12-27 14:53:59,726 - root - INFO - Resource 13 offset: 309147, length: 376...
2021-12-27 14:53:59,726 - root - DEBUG - Reading resource 13...
2021-12-27 14:53:59,726 - root - INFO - The image is bme.
2021-12-27 14:53:59,726 - root - INFO - Reading image header(readHeader16E)...
2021-12-27 14:53:59,726 - root - INFO - Image header was read:
2021-12-27 14:53:59,726 - root - INFO - Width: 19, Height: 22, RowLength: 38
2021-12-27 14:53:59,726 - root - INFO - datalength: 360, _step: 2
2021-12-27 14:53:59,726 - root - INFO - BPP: 16, Transparency: False
2021-12-27 14:53:59,726 - root - INFO - Resource 14 offset: 309523, length: 542...
2021-12-27 14:53:59,726 - root - DEBUG - Reading resource 14...
2021-12-27 14:53:59,726 - root - INFO - The image is bme.
2021-12-27 14:53:59,726 - root - INFO - Reading image header(readHeader16E)...
2021-12-27 14:53:59,726 - root - INFO - Image header was read:
2021-12-27 14:53:59,726 - root - INFO - Width: 19, Height: 22, RowLength: 38
2021-12-27 14:53:59,726 - root - INFO - datalength: 526, _step: 2
2021-12-27 14:53:59,726 - root - INFO - BPP: 16, Transparency: False
2021-12-27 14:53:59,726 - root - INFO - Resource 15 offset: 310065, length: 544...
2021-12-27 14:53:59,726 - root - DEBUG - Reading resource 15...
2021-12-27 14:53:59,726 - root - INFO - The image is bme.
2021-12-27 14:53:59,726 - root - INFO - Reading image header(readHeader16E)...
2021-12-27 14:53:59,726 - root - INFO - Image header was read:
2021-12-27 14:53:59,726 - root - INFO - Width: 19, Height: 22, RowLength: 38
2021-12-27 14:53:59,726 - root - INFO - datalength: 528, _step: 2
2021-12-27 14:53:59,726 - root - INFO - BPP: 16, Transparency: False
2021-12-27 14:53:59,726 - root - INFO - Resource 16 offset: 310609, length: 522...
2021-12-27 14:53:59,726 - root - DEBUG - Reading resource 16...
2021-12-27 14:53:59,726 - root - INFO - The image is bme.
2021-12-27 14:53:59,726 - root - INFO - Reading image header(readHeader16E)...
2021-12-27 14:53:59,726 - root - INFO - Image header was read:
2021-12-27 14:53:59,726 - root - INFO - Width: 19, Height: 22, RowLength: 38
2021-12-27 14:53:59,726 - root - INFO - datalength: 506, _step: 2
2021-12-27 14:53:59,726 - root - INFO - BPP: 16, Transparency: False
2021-12-27 14:53:59,726 - root - INFO - Resource 17 offset: 311131, length: 562...
2021-12-27 14:53:59,726 - root - DEBUG - Reading resource 17...
2021-12-27 14:53:59,726 - root - INFO - The image is bme.
2021-12-27 14:53:59,726 - root - INFO - Reading image header(readHeader16E)...
2021-12-27 14:53:59,726 - root - INFO - Image header was read:
2021-12-27 14:53:59,726 - root - INFO - Width: 19, Height: 22, RowLength: 38
2021-12-27 14:53:59,726 - root - INFO - datalength: 546, _step: 2
2021-12-27 14:53:59,726 - root - INFO - BPP: 16, Transparency: False
2021-12-27 14:53:59,726 - root - INFO - Resource 18 offset: 311693, length: 622...
2021-12-27 14:53:59,726 - root - DEBUG - Reading resource 18...
2021-12-27 14:53:59,726 - root - INFO - The image is bme.
2021-12-27 14:53:59,726 - root - INFO - Reading image header(readHeader16E)...
2021-12-27 14:53:59,726 - root - INFO - Image header was read:
2021-12-27 14:53:59,726 - root - INFO - Width: 19, Height: 22, RowLength: 38
2021-12-27 14:53:59,726 - root - INFO - datalength: 606, _step: 2
2021-12-27 14:53:59,726 - root - INFO - BPP: 16, Transparency: False
2021-12-27 14:53:59,726 - root - INFO - Resource 19 offset: 312315, length: 518...
2021-12-27 14:53:59,726 - root - DEBUG - Reading resource 19...
2021-12-27 14:53:59,726 - root - INFO - The image is bme.
2021-12-27 14:53:59,726 - root - INFO - Reading image header(readHeader16E)...
2021-12-27 14:53:59,726 - root - INFO - Image header was read:
2021-12-27 14:53:59,726 - root - INFO - Width: 19, Height: 22, RowLength: 38
2021-12-27 14:53:59,726 - root - INFO - datalength: 502, _step: 2
2021-12-27 14:53:59,726 - root - INFO - BPP: 16, Transparency: False
2021-12-27 14:53:59,726 - root - INFO - Resource 20 offset: 312833, length: 656...
2021-12-27 14:53:59,726 - root - DEBUG - Reading resource 20...
2021-12-27 14:53:59,726 - root - INFO - The image is bme.
2021-12-27 14:53:59,726 - root - INFO - Reading image header(readHeader16E)...
2021-12-27 14:53:59,726 - root - INFO - Image header was read:
2021-12-27 14:53:59,726 - root - INFO - Width: 19, Height: 22, RowLength: 38
2021-12-27 14:53:59,726 - root - INFO - datalength: 640, _step: 2
2021-12-27 14:53:59,726 - root - INFO - BPP: 16, Transparency: False
2021-12-27 14:53:59,726 - root - INFO - Resource 21 offset: 313489, length: 618...
2021-12-27 14:53:59,726 - root - DEBUG - Reading resource 21...
2021-12-27 14:53:59,726 - root - INFO - The image is bme.
2021-12-27 14:53:59,726 - root - INFO - Reading image header(readHeader16E)...
2021-12-27 14:53:59,726 - root - INFO - Image header was read:
2021-12-27 14:53:59,726 - root - INFO - Width: 19, Height: 22, RowLength: 38
2021-12-27 14:53:59,726 - root - INFO - datalength: 602, _step: 2
2021-12-27 14:53:59,726 - root - INFO - BPP: 16, Transparency: False
2021-12-27 14:53:59,726 - root - INFO - Resource 22 offset: 314107, length: 474...
2021-12-27 14:53:59,726 - root - DEBUG - Reading resource 22...
2021-12-27 14:53:59,726 - root - INFO - The image is bme.
2021-12-27 14:53:59,726 - root - INFO - Reading image header(readHeader16E)...
2021-12-27 14:53:59,726 - root - INFO - Image header was read:
2021-12-27 14:53:59,726 - root - INFO - Width: 16, Height: 18, RowLength: 32
2021-12-27 14:53:59,726 - root - INFO - datalength: 458, _step: 2
2021-12-27 14:53:59,726 - root - INFO - BPP: 16, Transparency: False
2021-12-27 14:53:59,742 - root - INFO - Resource 23 offset: 314581, length: 278...
2021-12-27 14:53:59,742 - root - DEBUG - Reading resource 23...
2021-12-27 14:53:59,742 - root - INFO - The image is bme.
2021-12-27 14:53:59,742 - root - INFO - Reading image header(readHeader16E)...
2021-12-27 14:53:59,742 - root - INFO - Image header was read:
2021-12-27 14:53:59,742 - root - INFO - Width: 16, Height: 18, RowLength: 32
2021-12-27 14:53:59,742 - root - INFO - datalength: 262, _step: 2
2021-12-27 14:53:59,742 - root - INFO - BPP: 16, Transparency: False
2021-12-27 14:53:59,742 - root - INFO - Resource 24 offset: 314859, length: 398...
2021-12-27 14:53:59,742 - root - DEBUG - Reading resource 24...
2021-12-27 14:53:59,742 - root - INFO - The image is bme.
2021-12-27 14:53:59,742 - root - INFO - Reading image header(readHeader16E)...
2021-12-27 14:53:59,742 - root - INFO - Image header was read:
2021-12-27 14:53:59,742 - root - INFO - Width: 16, Height: 18, RowLength: 32
2021-12-27 14:53:59,742 - root - INFO - datalength: 382, _step: 2
2021-12-27 14:53:59,742 - root - INFO - BPP: 16, Transparency: False
2021-12-27 14:53:59,742 - root - INFO - Resource 25 offset: 315257, length: 400...
2021-12-27 14:53:59,742 - root - DEBUG - Reading resource 25...
2021-12-27 14:53:59,742 - root - INFO - The image is bme.
2021-12-27 14:53:59,742 - root - INFO - Reading image header(readHeader16E)...
2021-12-27 14:53:59,742 - root - INFO - Image header was read:
2021-12-27 14:53:59,742 - root - INFO - Width: 16, Height: 18, RowLength: 32
2021-12-27 14:53:59,742 - root - INFO - datalength: 384, _step: 2
2021-12-27 14:53:59,742 - root - INFO - BPP: 16, Transparency: False
2021-12-27 14:53:59,742 - root - INFO - Resource 26 offset: 315657, length: 384...
2021-12-27 14:53:59,742 - root - DEBUG - Reading resource 26...
2021-12-27 14:53:59,742 - root - INFO - The image is bme.
2021-12-27 14:53:59,742 - root - INFO - Reading image header(readHeader16E)...
2021-12-27 14:53:59,742 - root - INFO - Image header was read:
2021-12-27 14:53:59,742 - root - INFO - Width: 16, Height: 18, RowLength: 32
2021-12-27 14:53:59,742 - root - INFO - datalength: 368, _step: 2
2021-12-27 14:53:59,742 - root - INFO - BPP: 16, Transparency: False
2021-12-27 14:53:59,742 - root - INFO - Resource 27 offset: 316041, length: 404...
2021-12-27 14:53:59,742 - root - DEBUG - Reading resource 27...
2021-12-27 14:53:59,742 - root - INFO - The image is bme.
2021-12-27 14:53:59,742 - root - INFO - Reading image header(readHeader16E)...
2021-12-27 14:53:59,742 - root - INFO - Image header was read:
2021-12-27 14:53:59,742 - root - INFO - Width: 16, Height: 18, RowLength: 32
2021-12-27 14:53:59,742 - root - INFO - datalength: 388, _step: 2
2021-12-27 14:53:59,742 - root - INFO - BPP: 16, Transparency: False
2021-12-27 14:53:59,742 - root - INFO - Resource 28 offset: 316445, length: 454...
2021-12-27 14:53:59,742 - root - DEBUG - Reading resource 28...
2021-12-27 14:53:59,742 - root - INFO - The image is bme.
2021-12-27 14:53:59,742 - root - INFO - Reading image header(readHeader16E)...
2021-12-27 14:53:59,742 - root - INFO - Image header was read:
2021-12-27 14:53:59,742 - root - INFO - Width: 16, Height: 18, RowLength: 32
2021-12-27 14:53:59,742 - root - INFO - datalength: 438, _step: 2
2021-12-27 14:53:59,742 - root - INFO - BPP: 16, Transparency: False
2021-12-27 14:53:59,742 - root - INFO - Resource 29 offset: 316899, length: 370...
2021-12-27 14:53:59,742 - root - DEBUG - Reading resource 29...
2021-12-27 14:53:59,742 - root - INFO - The image is bme.
2021-12-27 14:53:59,742 - root - INFO - Reading image header(readHeader16E)...
2021-12-27 14:53:59,742 - root - INFO - Image header was read:
2021-12-27 14:53:59,742 - root - INFO - Width: 16, Height: 18, RowLength: 32
2021-12-27 14:53:59,742 - root - INFO - datalength: 354, _step: 2
2021-12-27 14:53:59,742 - root - INFO - BPP: 16, Transparency: False
2021-12-27 14:53:59,742 - root - INFO - Resource 30 offset: 317269, length: 480...
2021-12-27 14:53:59,742 - root - DEBUG - Reading resource 30...
2021-12-27 14:53:59,742 - root - INFO - The image is bme.
2021-12-27 14:53:59,742 - root - INFO - Reading image header(readHeader16E)...
2021-12-27 14:53:59,742 - root - INFO - Image header was read:
2021-12-27 14:53:59,742 - root - INFO - Width: 16, Height: 18, RowLength: 32
2021-12-27 14:53:59,742 - root - INFO - datalength: 464, _step: 2
2021-12-27 14:53:59,742 - root - INFO - BPP: 16, Transparency: False
2021-12-27 14:53:59,742 - root - INFO - Resource 31 offset: 317749, length: 452...
2021-12-27 14:53:59,742 - root - DEBUG - Reading resource 31...
2021-12-27 14:53:59,742 - root - INFO - The image is bme.
2021-12-27 14:53:59,742 - root - INFO - Reading image header(readHeader16E)...
2021-12-27 14:53:59,742 - root - INFO - Image header was read:
2021-12-27 14:53:59,742 - root - INFO - Width: 16, Height: 18, RowLength: 32
2021-12-27 14:53:59,742 - root - INFO - datalength: 436, _step: 2
2021-12-27 14:53:59,742 - root - INFO - BPP: 16, Transparency: False
2021-12-27 14:53:59,742 - root - INFO - Resource 32 offset: 318201, length: 1728...
2021-12-27 14:53:59,742 - root - DEBUG - Reading resource 32...
2021-12-27 14:53:59,742 - root - INFO - The image is bme.
2021-12-27 14:53:59,742 - root - INFO - Reading image header(readHeader16E)...
2021-12-27 14:53:59,742 - root - INFO - Image header was read:
2021-12-27 14:53:59,742 - root - INFO - Width: 60, Height: 18, RowLength: 120
2021-12-27 14:53:59,742 - root - INFO - datalength: 1712, _step: 2
2021-12-27 14:53:59,742 - root - INFO - BPP: 16, Transparency: False
2021-12-27 14:53:59,742 - root - INFO - Resource 33 offset: 319929, length: 1240...
2021-12-27 14:53:59,742 - root - DEBUG - Reading resource 33...
2021-12-27 14:53:59,742 - root - INFO - The image is bme.
2021-12-27 14:53:59,742 - root - INFO - Reading image header(readHeader16E)...
2021-12-27 14:53:59,742 - root - INFO - Image header was read:
2021-12-27 14:53:59,742 - root - INFO - Width: 60, Height: 18, RowLength: 120
2021-12-27 14:53:59,742 - root - INFO - datalength: 1224, _step: 2
2021-12-27 14:53:59,742 - root - INFO - BPP: 16, Transparency: False
2021-12-27 14:53:59,757 - root - INFO - Resource 34 offset: 321169, length: 1704...
2021-12-27 14:53:59,757 - root - DEBUG - Reading resource 34...
2021-12-27 14:53:59,757 - root - INFO - The image is bme.
2021-12-27 14:53:59,757 - root - INFO - Reading image header(readHeader16E)...
2021-12-27 14:53:59,757 - root - INFO - Image header was read:
2021-12-27 14:53:59,757 - root - INFO - Width: 60, Height: 18, RowLength: 120
2021-12-27 14:53:59,757 - root - INFO - datalength: 1688, _step: 2
2021-12-27 14:53:59,757 - root - INFO - BPP: 16, Transparency: False
2021-12-27 14:53:59,757 - root - INFO - Resource 35 offset: 322873, length: 1322...
2021-12-27 14:53:59,757 - root - DEBUG - Reading resource 35...
2021-12-27 14:53:59,757 - root - INFO - The image is bme.
2021-12-27 14:53:59,757 - root - INFO - Reading image header(readHeader16E)...
2021-12-27 14:53:59,757 - root - INFO - Image header was read:
2021-12-27 14:53:59,757 - root - INFO - Width: 60, Height: 18, RowLength: 120
2021-12-27 14:53:59,757 - root - INFO - datalength: 1306, _step: 2
2021-12-27 14:53:59,757 - root - INFO - BPP: 16, Transparency: False
2021-12-27 14:53:59,757 - root - INFO - Resource 36 offset: 324195, length: 1122...
2021-12-27 14:53:59,757 - root - DEBUG - Reading resource 36...
2021-12-27 14:53:59,757 - root - INFO - The image is bme.
2021-12-27 14:53:59,757 - root - INFO - Reading image header(readHeader16E)...
2021-12-27 14:53:59,757 - root - INFO - Image header was read:
2021-12-27 14:53:59,757 - root - INFO - Width: 60, Height: 18, RowLength: 120
2021-12-27 14:53:59,757 - root - INFO - datalength: 1106, _step: 2
2021-12-27 14:53:59,757 - root - INFO - BPP: 16, Transparency: False
2021-12-27 14:53:59,757 - root - INFO - Resource 37 offset: 325317, length: 1180...
2021-12-27 14:53:59,757 - root - DEBUG - Reading resource 37...
2021-12-27 14:53:59,757 - root - INFO - The image is bme.
2021-12-27 14:53:59,757 - root - INFO - Reading image header(readHeader16E)...
2021-12-27 14:53:59,757 - root - INFO - Image header was read:
2021-12-27 14:53:59,757 - root - INFO - Width: 60, Height: 18, RowLength: 120
2021-12-27 14:53:59,757 - root - INFO - datalength: 1164, _step: 2
2021-12-27 14:53:59,757 - root - INFO - BPP: 16, Transparency: False
2021-12-27 14:53:59,757 - root - INFO - Resource 38 offset: 326497, length: 1462...
2021-12-27 14:53:59,757 - root - DEBUG - Reading resource 38...
2021-12-27 14:53:59,757 - root - INFO - The image is bme.
2021-12-27 14:53:59,757 - root - INFO - Reading image header(readHeader16E)...
2021-12-27 14:53:59,757 - root - INFO - Image header was read:
2021-12-27 14:53:59,757 - root - INFO - Width: 60, Height: 18, RowLength: 120
2021-12-27 14:53:59,757 - root - INFO - datalength: 1446, _step: 2
2021-12-27 14:53:59,757 - root - INFO - BPP: 16, Transparency: False
2021-12-27 14:53:59,757 - root - INFO - Resource 39 offset: 327959, length: 1104...
2021-12-27 14:53:59,757 - root - DEBUG - Reading resource 39...
2021-12-27 14:53:59,773 - root - INFO - The image is bme.
2021-12-27 14:53:59,773 - root - INFO - Reading image header(readHeader16E)...
2021-12-27 14:53:59,773 - root - INFO - Image header was read:
2021-12-27 14:53:59,773 - root - INFO - Width: 42, Height: 18, RowLength: 84
2021-12-27 14:53:59,773 - root - INFO - datalength: 1088, _step: 2
2021-12-27 14:53:59,773 - root - INFO - BPP: 16, Transparency: False
2021-12-27 14:53:59,773 - root - INFO - Resource 40 offset: 329063, length: 1092...
2021-12-27 14:53:59,773 - root - DEBUG - Reading resource 40...
2021-12-27 14:53:59,773 - root - INFO - The image is bme.
2021-12-27 14:53:59,773 - root - INFO - Reading image header(readHeader16E)...
2021-12-27 14:53:59,773 - root - INFO - Image header was read:
2021-12-27 14:53:59,773 - root - INFO - Width: 42, Height: 18, RowLength: 84
2021-12-27 14:53:59,773 - root - INFO - datalength: 1076, _step: 2
2021-12-27 14:53:59,773 - root - INFO - BPP: 16, Transparency: False
2021-12-27 14:53:59,773 - root - INFO - Resource 41 offset: 330155, length: 640...
2021-12-27 14:53:59,773 - root - DEBUG - Reading resource 41...
2021-12-27 14:53:59,773 - root - INFO - The image is bme.
2021-12-27 14:53:59,773 - root - INFO - Reading image header(readHeader16E)...
2021-12-27 14:53:59,773 - root - INFO - Image header was read:
2021-12-27 14:53:59,773 - root - INFO - Width: 19, Height: 22, RowLength: 38
2021-12-27 14:53:59,773 - root - INFO - datalength: 624, _step: 2
2021-12-27 14:53:59,773 - root - INFO - BPP: 16, Transparency: False
2021-12-27 14:53:59,773 - root - INFO - Resource 42 offset: 330795, length: 376...
2021-12-27 14:53:59,773 - root - DEBUG - Reading resource 42...
2021-12-27 14:53:59,773 - root - INFO - The image is bme.
2021-12-27 14:53:59,773 - root - INFO - Reading image header(readHeader16E)...
2021-12-27 14:53:59,773 - root - INFO - Image header was read:
2021-12-27 14:53:59,773 - root - INFO - Width: 19, Height: 22, RowLength: 38
2021-12-27 14:53:59,773 - root - INFO - datalength: 360, _step: 2
2021-12-27 14:53:59,773 - root - INFO - BPP: 16, Transparency: False
2021-12-27 14:53:59,773 - root - INFO - Resource 43 offset: 331171, length: 542...
2021-12-27 14:53:59,773 - root - DEBUG - Reading resource 43...
2021-12-27 14:53:59,773 - root - INFO - The image is bme.
2021-12-27 14:53:59,773 - root - INFO - Reading image header(readHeader16E)...
2021-12-27 14:53:59,773 - root - INFO - Image header was read:
2021-12-27 14:53:59,773 - root - INFO - Width: 19, Height: 22, RowLength: 38
2021-12-27 14:53:59,773 - root - INFO - datalength: 526, _step: 2
2021-12-27 14:53:59,773 - root - INFO - BPP: 16, Transparency: False
2021-12-27 14:53:59,773 - root - INFO - Resource 44 offset: 331713, length: 544...
2021-12-27 14:53:59,773 - root - DEBUG - Reading resource 44...
2021-12-27 14:53:59,773 - root - INFO - The image is bme.
2021-12-27 14:53:59,773 - root - INFO - Reading image header(readHeader16E)...
2021-12-27 14:53:59,773 - root - INFO - Image header was read:
2021-12-27 14:53:59,773 - root - INFO - Width: 19, Height: 22, RowLength: 38
2021-12-27 14:53:59,773 - root - INFO - datalength: 528, _step: 2
2021-12-27 14:53:59,773 - root - INFO - BPP: 16, Transparency: False
2021-12-27 14:53:59,773 - root - INFO - Resource 45 offset: 332257, length: 522...
2021-12-27 14:53:59,773 - root - DEBUG - Reading resource 45...
2021-12-27 14:53:59,773 - root - INFO - The image is bme.
2021-12-27 14:53:59,773 - root - INFO - Reading image header(readHeader16E)...
2021-12-27 14:53:59,773 - root - INFO - Image header was read:
2021-12-27 14:53:59,773 - root - INFO - Width: 19, Height: 22, RowLength: 38
2021-12-27 14:53:59,773 - root - INFO - datalength: 506, _step: 2
2021-12-27 14:53:59,773 - root - INFO - BPP: 16, Transparency: False
2021-12-27 14:53:59,773 - root - INFO - Resource 46 offset: 332779, length: 562...
2021-12-27 14:53:59,773 - root - DEBUG - Reading resource 46...
2021-12-27 14:53:59,773 - root - INFO - The image is bme.
2021-12-27 14:53:59,773 - root - INFO - Reading image header(readHeader16E)...
2021-12-27 14:53:59,773 - root - INFO - Image header was read:
2021-12-27 14:53:59,773 - root - INFO - Width: 19, Height: 22, RowLength: 38
2021-12-27 14:53:59,773 - root - INFO - datalength: 546, _step: 2
2021-12-27 14:53:59,773 - root - INFO - BPP: 16, Transparency: False
2021-12-27 14:53:59,773 - root - INFO - Resource 47 offset: 333341, length: 622...
2021-12-27 14:53:59,773 - root - DEBUG - Reading resource 47...
2021-12-27 14:53:59,773 - root - INFO - The image is bme.
2021-12-27 14:53:59,773 - root - INFO - Reading image header(readHeader16E)...
2021-12-27 14:53:59,773 - root - INFO - Image header was read:
2021-12-27 14:53:59,773 - root - INFO - Width: 19, Height: 22, RowLength: 38
2021-12-27 14:53:59,773 - root - INFO - datalength: 606, _step: 2
2021-12-27 14:53:59,773 - root - INFO - BPP: 16, Transparency: False
2021-12-27 14:53:59,773 - root - INFO - Resource 48 offset: 333963, length: 518...
2021-12-27 14:53:59,773 - root - DEBUG - Reading resource 48...
2021-12-27 14:53:59,773 - root - INFO - The image is bme.
2021-12-27 14:53:59,773 - root - INFO - Reading image header(readHeader16E)...
2021-12-27 14:53:59,773 - root - INFO - Image header was read:
2021-12-27 14:53:59,773 - root - INFO - Width: 19, Height: 22, RowLength: 38
2021-12-27 14:53:59,773 - root - INFO - datalength: 502, _step: 2
2021-12-27 14:53:59,773 - root - INFO - BPP: 16, Transparency: False
2021-12-27 14:53:59,789 - root - INFO - Resource 49 offset: 334481, length: 656...
2021-12-27 14:53:59,789 - root - DEBUG - Reading resource 49...
2021-12-27 14:53:59,789 - root - INFO - The image is bme.
2021-12-27 14:53:59,789 - root - INFO - Reading image header(readHeader16E)...
2021-12-27 14:53:59,789 - root - INFO - Image header was read:
2021-12-27 14:53:59,789 - root - INFO - Width: 19, Height: 22, RowLength: 38
2021-12-27 14:53:59,789 - root - INFO - datalength: 640, _step: 2
2021-12-27 14:53:59,789 - root - INFO - BPP: 16, Transparency: False
2021-12-27 14:53:59,789 - root - INFO - Resource 50 offset: 335137, length: 618...
2021-12-27 14:53:59,789 - root - DEBUG - Reading resource 50...
2021-12-27 14:53:59,789 - root - INFO - The image is bme.
2021-12-27 14:53:59,789 - root - INFO - Reading image header(readHeader16E)...
2021-12-27 14:53:59,789 - root - INFO - Image header was read:
2021-12-27 14:53:59,789 - root - INFO - Width: 19, Height: 22, RowLength: 38
2021-12-27 14:53:59,789 - root - INFO - datalength: 602, _step: 2
2021-12-27 14:53:59,789 - root - INFO - BPP: 16, Transparency: False
2021-12-27 14:53:59,789 - root - INFO - Resource 51 offset: 335755, length: 2536...
2021-12-27 14:53:59,789 - root - DEBUG - Reading resource 51...
2021-12-27 14:53:59,789 - root - INFO - The image is bmc.
2021-12-27 14:53:59,789 - root - INFO - Reading image header(readHeader16C)...
2021-12-27 14:53:59,789 - root - INFO - Image header was read:
2021-12-27 14:53:59,789 - root - INFO - Width: 28, Height: 30, RowLength: 84
2021-12-27 14:53:59,789 - root - INFO - _step: 3, unknown2: 0,
2021-12-27 14:53:59,789 - root - INFO - BPP: 24, Transparency: False
2021-12-27 14:53:59,789 - root - INFO - Resource 52 offset: 338291, length: 2446...
2021-12-27 14:53:59,789 - root - DEBUG - Reading resource 52...
2021-12-27 14:53:59,789 - root - INFO - The image is bmc.
2021-12-27 14:53:59,789 - root - INFO - Reading image header(readHeader16C)...
2021-12-27 14:53:59,789 - root - INFO - Image header was read:
2021-12-27 14:53:59,789 - root - INFO - Width: 27, Height: 30, RowLength: 81
2021-12-27 14:53:59,789 - root - INFO - _step: 3, unknown2: 0,
2021-12-27 14:53:59,789 - root - INFO - BPP: 24, Transparency: False
2021-12-27 14:53:59,789 - root - INFO - Resource 53 offset: 340737, length: 2536...
2021-12-27 14:53:59,789 - root - DEBUG - Reading resource 53...
2021-12-27 14:53:59,789 - root - INFO - The image is bmc.
2021-12-27 14:53:59,789 - root - INFO - Reading image header(readHeader16C)...
2021-12-27 14:53:59,789 - root - INFO - Image header was read:
2021-12-27 14:53:59,789 - root - INFO - Width: 28, Height: 30, RowLength: 84
2021-12-27 14:53:59,789 - root - INFO - _step: 3, unknown2: 0,
2021-12-27 14:53:59,789 - root - INFO - BPP: 24, Transparency: False
2021-12-27 14:53:59,789 - root - INFO - Resource 54 offset: 343273, length: 2446...
2021-12-27 14:53:59,789 - root - DEBUG - Reading resource 54...
2021-12-27 14:53:59,789 - root - INFO - The image is bmc.
2021-12-27 14:53:59,789 - root - INFO - Reading image header(readHeader16C)...
2021-12-27 14:53:59,789 - root - INFO - Image header was read:
2021-12-27 14:53:59,789 - root - INFO - Width: 27, Height: 30, RowLength: 81
2021-12-27 14:53:59,789 - root - INFO - _step: 3, unknown2: 0,
2021-12-27 14:53:59,804 - root - INFO - BPP: 24, Transparency: False
2021-12-27 14:53:59,804 - root - INFO - Resource 55 offset: 345719, length: 2446...
2021-12-27 14:53:59,804 - root - DEBUG - Reading resource 55...
2021-12-27 14:53:59,804 - root - INFO - The image is bmc.
2021-12-27 14:53:59,804 - root - INFO - Reading image header(readHeader16C)...
2021-12-27 14:53:59,804 - root - INFO - Image header was read:
2021-12-27 14:53:59,804 - root - INFO - Width: 27, Height: 30, RowLength: 81
2021-12-27 14:53:59,804 - root - INFO - _step: 3, unknown2: 0,
2021-12-27 14:53:59,804 - root - INFO - BPP: 24, Transparency: False
2021-12-27 14:53:59,804 - root - INFO - Resource 56 offset: 348165, length: 2536...
2021-12-27 14:53:59,804 - root - DEBUG - Reading resource 56...
2021-12-27 14:53:59,804 - root - INFO - The image is bmc.
2021-12-27 14:53:59,804 - root - INFO - Reading image header(readHeader16C)...
2021-12-27 14:53:59,804 - root - INFO - Image header was read:
2021-12-27 14:53:59,804 - root - INFO - Width: 28, Height: 30, RowLength: 84
2021-12-27 14:53:59,804 - root - INFO - _step: 3, unknown2: 0,
2021-12-27 14:53:59,804 - root - INFO - BPP: 24, Transparency: False
2021-12-27 14:53:59,804 - root - INFO - Resource 57 offset: 350701, length: 2446...
2021-12-27 14:53:59,804 - root - DEBUG - Reading resource 57...
2021-12-27 14:53:59,804 - root - INFO - The image is bmc.
2021-12-27 14:53:59,804 - root - INFO - Reading image header(readHeader16C)...
2021-12-27 14:53:59,804 - root - INFO - Image header was read:
2021-12-27 14:53:59,804 - root - INFO - Width: 27, Height: 30, RowLength: 81
2021-12-27 14:53:59,804 - root - INFO - _step: 3, unknown2: 0,
2021-12-27 14:53:59,804 - root - INFO - BPP: 24, Transparency: False
2021-12-27 14:53:59,804 - root - INFO - Resource 58 offset: 353147, length: 2536...
2021-12-27 14:53:59,804 - root - DEBUG - Reading resource 58...
2021-12-27 14:53:59,804 - root - INFO - The image is bmc.
2021-12-27 14:53:59,804 - root - INFO - Reading image header(readHeader16C)...
2021-12-27 14:53:59,804 - root - INFO - Image header was read:
2021-12-27 14:53:59,804 - root - INFO - Width: 28, Height: 30, RowLength: 84
2021-12-27 14:53:59,804 - root - INFO - _step: 3, unknown2: 0,
2021-12-27 14:53:59,804 - root - INFO - BPP: 24, Transparency: False
2021-12-27 14:53:59,820 - root - INFO - Resource 59 offset: 355683, length: 2446...
2021-12-27 14:53:59,820 - root - DEBUG - Reading resource 59...
2021-12-27 14:53:59,820 - root - INFO - The image is bmc.
2021-12-27 14:53:59,820 - root - INFO - Reading image header(readHeader16C)...
2021-12-27 14:53:59,820 - root - INFO - Image header was read:
2021-12-27 14:53:59,820 - root - INFO - Width: 27, Height: 30, RowLength: 81
2021-12-27 14:53:59,820 - root - INFO - _step: 3, unknown2: 0,
2021-12-27 14:53:59,820 - root - INFO - BPP: 24, Transparency: False
2021-12-27 14:53:59,820 - root - INFO - Resource 60 offset: 358129, length: 2446...
2021-12-27 14:53:59,820 - root - DEBUG - Reading resource 60...
2021-12-27 14:53:59,820 - root - INFO - The image is bmc.
2021-12-27 14:53:59,820 - root - INFO - Reading image header(readHeader16C)...
2021-12-27 14:53:59,820 - root - INFO - Image header was read:
2021-12-27 14:53:59,820 - root - INFO - Width: 27, Height: 30, RowLength: 81
2021-12-27 14:53:59,820 - root - INFO - _step: 3, unknown2: 0,
2021-12-27 14:53:59,820 - root - INFO - BPP: 24, Transparency: False
2021-12-27 14:53:59,820 - root - INFO - Resource 61 offset: 360575, length: 962...
2021-12-27 14:53:59,820 - root - DEBUG - Reading resource 61...
2021-12-27 14:53:59,820 - root - INFO - The image is bme.
2021-12-27 14:53:59,820 - root - INFO - Reading image header(readHeader16E)...
2021-12-27 14:53:59,820 - root - INFO - Image header was read:
2021-12-27 14:53:59,820 - root - INFO - Width: 24, Height: 27, RowLength: 48
2021-12-27 14:53:59,820 - root - INFO - datalength: 946, _step: 2
2021-12-27 14:53:59,820 - root - INFO - BPP: 16, Transparency: False
2021-12-27 14:53:59,820 - root - INFO - Resource 62 offset: 361537, length: 534...
2021-12-27 14:53:59,820 - root - DEBUG - Reading resource 62...
2021-12-27 14:53:59,820 - root - INFO - The image is bme.
2021-12-27 14:53:59,820 - root - INFO - Reading image header(readHeader16E)...
2021-12-27 14:53:59,820 - root - INFO - Image header was read:
2021-12-27 14:53:59,820 - root - INFO - Width: 24, Height: 27, RowLength: 48
2021-12-27 14:53:59,820 - root - INFO - datalength: 518, _step: 2
2021-12-27 14:53:59,820 - root - INFO - BPP: 16, Transparency: False
2021-12-27 14:53:59,820 - root - INFO - Resource 63 offset: 362071, length: 810...
2021-12-27 14:53:59,820 - root - DEBUG - Reading resource 63...
2021-12-27 14:53:59,820 - root - INFO - The image is bme.
2021-12-27 14:53:59,820 - root - INFO - Reading image header(readHeader16E)...
2021-12-27 14:53:59,820 - root - INFO - Image header was read:
2021-12-27 14:53:59,820 - root - INFO - Width: 24, Height: 27, RowLength: 48
2021-12-27 14:53:59,820 - root - INFO - datalength: 794, _step: 2
2021-12-27 14:53:59,820 - root - INFO - BPP: 16, Transparency: False
2021-12-27 14:53:59,835 - root - INFO - Resource 64 offset: 362881, length: 784...
2021-12-27 14:53:59,835 - root - DEBUG - Reading resource 64...
2021-12-27 14:53:59,835 - root - INFO - The image is bme.
2021-12-27 14:53:59,835 - root - INFO - Reading image header(readHeader16E)...
2021-12-27 14:53:59,835 - root - INFO - Image header was read:
2021-12-27 14:53:59,835 - root - INFO - Width: 24, Height: 27, RowLength: 48
2021-12-27 14:53:59,835 - root - INFO - datalength: 768, _step: 2
2021-12-27 14:53:59,835 - root - INFO - BPP: 16, Transparency: False
2021-12-27 14:53:59,835 - root - INFO - Resource 65 offset: 363665, length: 778...
2021-12-27 14:53:59,835 - root - DEBUG - Reading resource 65...
2021-12-27 14:53:59,835 - root - INFO - The image is bme.
2021-12-27 14:53:59,835 - root - INFO - Reading image header(readHeader16E)...
2021-12-27 14:53:59,835 - root - INFO - Image header was read:
2021-12-27 14:53:59,835 - root - INFO - Width: 24, Height: 27, RowLength: 48
2021-12-27 14:53:59,835 - root - INFO - datalength: 762, _step: 2
2021-12-27 14:53:59,835 - root - INFO - BPP: 16, Transparency: False
2021-12-27 14:53:59,835 - root - INFO - Resource 66 offset: 364443, length: 802...
2021-12-27 14:53:59,835 - root - DEBUG - Reading resource 66...
2021-12-27 14:53:59,835 - root - INFO - The image is bme.
2021-12-27 14:53:59,835 - root - INFO - Reading image header(readHeader16E)...
2021-12-27 14:53:59,835 - root - INFO - Image header was read:
2021-12-27 14:53:59,835 - root - INFO - Width: 24, Height: 27, RowLength: 48
2021-12-27 14:53:59,835 - root - INFO - datalength: 786, _step: 2
2021-12-27 14:53:59,835 - root - INFO - BPP: 16, Transparency: False
2021-12-27 14:53:59,835 - root - INFO - Resource 67 offset: 365245, length: 926...
2021-12-27 14:53:59,835 - root - DEBUG - Reading resource 67...
2021-12-27 14:53:59,835 - root - INFO - The image is bme.
2021-12-27 14:53:59,835 - root - INFO - Reading image header(readHeader16E)...
2021-12-27 14:53:59,835 - root - INFO - Image header was read:
2021-12-27 14:53:59,835 - root - INFO - Width: 24, Height: 27, RowLength: 48
2021-12-27 14:53:59,835 - root - INFO - datalength: 910, _step: 2
2021-12-27 14:53:59,835 - root - INFO - BPP: 16, Transparency: False
2021-12-27 14:53:59,835 - root - INFO - Resource 68 offset: 366171, length: 742...
2021-12-27 14:53:59,835 - root - DEBUG - Reading resource 68...
2021-12-27 14:53:59,835 - root - INFO - The image is bme.
2021-12-27 14:53:59,835 - root - INFO - Reading image header(readHeader16E)...
2021-12-27 14:53:59,835 - root - INFO - Image header was read:
2021-12-27 14:53:59,835 - root - INFO - Width: 24, Height: 27, RowLength: 48
2021-12-27 14:53:59,835 - root - INFO - datalength: 726, _step: 2
2021-12-27 14:53:59,835 - root - INFO - BPP: 16, Transparency: False
2021-12-27 14:53:59,835 - root - INFO - Resource 69 offset: 366913, length: 992...
2021-12-27 14:53:59,835 - root - DEBUG - Reading resource 69...
2021-12-27 14:53:59,835 - root - INFO - The image is bme.
2021-12-27 14:53:59,835 - root - INFO - Reading image header(readHeader16E)...
2021-12-27 14:53:59,835 - root - INFO - Image header was read:
2021-12-27 14:53:59,835 - root - INFO - Width: 24, Height: 27, RowLength: 48
2021-12-27 14:53:59,835 - root - INFO - datalength: 976, _step: 2
2021-12-27 14:53:59,835 - root - INFO - BPP: 16, Transparency: False
2021-12-27 14:53:59,835 - root - INFO - Resource 70 offset: 367905, length: 920...
2021-12-27 14:53:59,835 - root - DEBUG - Reading resource 70...
2021-12-27 14:53:59,835 - root - INFO - The image is bme.
2021-12-27 14:53:59,835 - root - INFO - Reading image header(readHeader16E)...
2021-12-27 14:53:59,835 - root - INFO - Image header was read:
2021-12-27 14:53:59,835 - root - INFO - Width: 24, Height: 27, RowLength: 48
2021-12-27 14:53:59,835 - root - INFO - datalength: 904, _step: 2
2021-12-27 14:53:59,835 - root - INFO - BPP: 16, Transparency: False
2021-12-27 14:53:59,835 - root - INFO - Resource 71 offset: 368825, length: 336...
2021-12-27 14:53:59,835 - root - DEBUG - Reading resource 71...
2021-12-27 14:53:59,835 - root - INFO - The image is bme.
2021-12-27 14:53:59,835 - root - INFO - Reading image header(readHeader16E)...
2021-12-27 14:53:59,835 - root - INFO - Image header was read:
2021-12-27 14:53:59,835 - root - INFO - Width: 125, Height: 12, RowLength: 250
2021-12-27 14:53:59,835 - root - INFO - datalength: 320, _step: 2
2021-12-27 14:53:59,835 - root - INFO - BPP: 16, Transparency: False
2021-12-27 14:53:59,851 - root - INFO - Resource 72 offset: 369161, length: 576...
2021-12-27 14:53:59,851 - root - DEBUG - Reading resource 72...
2021-12-27 14:53:59,851 - root - INFO - The image is bme.
2021-12-27 14:53:59,851 - root - INFO - Reading image header(readHeader16E)...
2021-12-27 14:53:59,851 - root - INFO - Image header was read:
2021-12-27 14:53:59,851 - root - INFO - Width: 125, Height: 12, RowLength: 250
2021-12-27 14:53:59,851 - root - INFO - datalength: 560, _step: 2
2021-12-27 14:53:59,851 - root - INFO - BPP: 16, Transparency: False
2021-12-27 14:53:59,851 - root - INFO - Resource 73 offset: 369737, length: 816...
2021-12-27 14:53:59,851 - root - DEBUG - Reading resource 73...
2021-12-27 14:53:59,851 - root - INFO - The image is bme.
2021-12-27 14:53:59,851 - root - INFO - Reading image header(readHeader16E)...
2021-12-27 14:53:59,851 - root - INFO - Image header was read:
2021-12-27 14:53:59,851 - root - INFO - Width: 125, Height: 12, RowLength: 250
2021-12-27 14:53:59,851 - root - INFO - datalength: 800, _step: 2
2021-12-27 14:53:59,851 - root - INFO - BPP: 16, Transparency: False
2021-12-27 14:53:59,851 - root - INFO - Resource 74 offset: 370553, length: 1056...
2021-12-27 14:53:59,851 - root - DEBUG - Reading resource 74...
2021-12-27 14:53:59,851 - root - INFO - The image is bme.
2021-12-27 14:53:59,851 - root - INFO - Reading image header(readHeader16E)...
2021-12-27 14:53:59,851 - root - INFO - Image header was read:
2021-12-27 14:53:59,851 - root - INFO - Width: 125, Height: 12, RowLength: 250
2021-12-27 14:53:59,851 - root - INFO - datalength: 1040, _step: 2
2021-12-27 14:53:59,851 - root - INFO - BPP: 16, Transparency: False
2021-12-27 14:53:59,851 - root - INFO - Resource 75 offset: 371609, length: 1296...
2021-12-27 14:53:59,851 - root - DEBUG - Reading resource 75...
2021-12-27 14:53:59,851 - root - INFO - The image is bme.
2021-12-27 14:53:59,851 - root - INFO - Reading image header(readHeader16E)...
2021-12-27 14:53:59,851 - root - INFO - Image header was read:
2021-12-27 14:53:59,851 - root - INFO - Width: 125, Height: 12, RowLength: 250
2021-12-27 14:53:59,851 - root - INFO - datalength: 1280, _step: 2
2021-12-27 14:53:59,851 - root - INFO - BPP: 16, Transparency: False
2021-12-27 14:53:59,851 - root - INFO - Resource 76 offset: 372905, length: 1536...
2021-12-27 14:53:59,851 - root - DEBUG - Reading resource 76...
2021-12-27 14:53:59,851 - root - INFO - The image is bme.
2021-12-27 14:53:59,851 - root - INFO - Reading image header(readHeader16E)...
2021-12-27 14:53:59,851 - root - INFO - Image header was read:
2021-12-27 14:53:59,851 - root - INFO - Width: 125, Height: 12, RowLength: 250
2021-12-27 14:53:59,851 - root - INFO - datalength: 1520, _step: 2
2021-12-27 14:53:59,851 - root - INFO - BPP: 16, Transparency: False
2021-12-27 14:53:59,851 - root - INFO - Resource 77 offset: 374441, length: 1776...
2021-12-27 14:53:59,851 - root - DEBUG - Reading resource 77...
2021-12-27 14:53:59,851 - root - INFO - The image is bme.
2021-12-27 14:53:59,851 - root - INFO - Reading image header(readHeader16E)...
2021-12-27 14:53:59,851 - root - INFO - Image header was read:
2021-12-27 14:53:59,851 - root - INFO - Width: 125, Height: 12, RowLength: 250
2021-12-27 14:53:59,851 - root - INFO - datalength: 1760, _step: 2
2021-12-27 14:53:59,851 - root - INFO - BPP: 16, Transparency: False
2021-12-27 14:53:59,867 - root - INFO - Resource 78 offset: 376217, length: 2016...
2021-12-27 14:53:59,867 - root - DEBUG - Reading resource 78...
2021-12-27 14:53:59,867 - root - INFO - The image is bme.
2021-12-27 14:53:59,867 - root - INFO - Reading image header(readHeader16E)...
2021-12-27 14:53:59,867 - root - INFO - Image header was read:
2021-12-27 14:53:59,867 - root - INFO - Width: 125, Height: 12, RowLength: 250
2021-12-27 14:53:59,867 - root - INFO - datalength: 2000, _step: 2
2021-12-27 14:53:59,867 - root - INFO - BPP: 16, Transparency: False
2021-12-27 14:53:59,867 - root - INFO - Resource 79 offset: 378233, length: 2256...
2021-12-27 14:53:59,867 - root - DEBUG - Reading resource 79...
2021-12-27 14:53:59,867 - root - INFO - The image is bme.
2021-12-27 14:53:59,867 - root - INFO - Reading image header(readHeader16E)...
2021-12-27 14:53:59,867 - root - INFO - Image header was read:
2021-12-27 14:53:59,867 - root - INFO - Width: 125, Height: 12, RowLength: 250
2021-12-27 14:53:59,867 - root - INFO - datalength: 2240, _step: 2
2021-12-27 14:53:59,867 - root - INFO - BPP: 16, Transparency: False
2021-12-27 14:53:59,867 - root - INFO - Resource 80 offset: 380489, length: 2496...
2021-12-27 14:53:59,867 - root - DEBUG - Reading resource 80...
2021-12-27 14:53:59,867 - root - INFO - The image is bme.
2021-12-27 14:53:59,867 - root - INFO - Reading image header(readHeader16E)...
2021-12-27 14:53:59,867 - root - INFO - Image header was read:
2021-12-27 14:53:59,867 - root - INFO - Width: 125, Height: 12, RowLength: 250
2021-12-27 14:53:59,867 - root - INFO - datalength: 2480, _step: 2
2021-12-27 14:53:59,867 - root - INFO - BPP: 16, Transparency: False
2021-12-27 14:53:59,882 - root - INFO - Resource 81 offset: 382985, length: 222...
2021-12-27 14:53:59,882 - root - DEBUG - Reading resource 81...
2021-12-27 14:53:59,882 - root - INFO - The image is bme.
2021-12-27 14:53:59,882 - root - INFO - Reading image header(readHeader16E)...
2021-12-27 14:53:59,882 - root - INFO - Image header was read:
2021-12-27 14:53:59,882 - root - INFO - Width: 89, Height: 66, RowLength: 178
2021-12-27 14:53:59,882 - root - INFO - datalength: 206, _step: 2
2021-12-27 14:53:59,882 - root - INFO - BPP: 16, Transparency: False
2021-12-27 14:53:59,882 - root - INFO - Resource 82 offset: 383207, length: 422...
2021-12-27 14:53:59,882 - root - DEBUG - Reading resource 82...
2021-12-27 14:53:59,882 - root - INFO - The image is bme.
2021-12-27 14:53:59,882 - root - INFO - Reading image header(readHeader16E)...
2021-12-27 14:53:59,882 - root - INFO - Image header was read:
2021-12-27 14:53:59,882 - root - INFO - Width: 89, Height: 66, RowLength: 178
2021-12-27 14:53:59,882 - root - INFO - datalength: 406, _step: 2
2021-12-27 14:53:59,882 - root - INFO - BPP: 16, Transparency: False
2021-12-27 14:53:59,882 - root - INFO - Resource 83 offset: 383629, length: 630...
2021-12-27 14:53:59,882 - root - DEBUG - Reading resource 83...
2021-12-27 14:53:59,882 - root - INFO - The image is bme.
2021-12-27 14:53:59,882 - root - INFO - Reading image header(readHeader16E)...
2021-12-27 14:53:59,882 - root - INFO - Image header was read:
2021-12-27 14:53:59,882 - root - INFO - Width: 89, Height: 66, RowLength: 178
2021-12-27 14:53:59,882 - root - INFO - datalength: 614, _step: 2
2021-12-27 14:53:59,882 - root - INFO - BPP: 16, Transparency: False
2021-12-27 14:53:59,882 - root - INFO - Resource 84 offset: 384259, length: 830...
2021-12-27 14:53:59,882 - root - DEBUG - Reading resource 84...
2021-12-27 14:53:59,882 - root - INFO - The image is bme.
2021-12-27 14:53:59,882 - root - INFO - Reading image header(readHeader16E)...
2021-12-27 14:53:59,882 - root - INFO - Image header was read:
2021-12-27 14:53:59,882 - root - INFO - Width: 89, Height: 66, RowLength: 178
2021-12-27 14:53:59,882 - root - INFO - datalength: 814, _step: 2
2021-12-27 14:53:59,882 - root - INFO - BPP: 16, Transparency: False
2021-12-27 14:53:59,882 - root - INFO - Resource 85 offset: 385089, length: 1038...
2021-12-27 14:53:59,882 - root - DEBUG - Reading resource 85...
2021-12-27 14:53:59,882 - root - INFO - The image is bme.
2021-12-27 14:53:59,882 - root - INFO - Reading image header(readHeader16E)...
2021-12-27 14:53:59,882 - root - INFO - Image header was read:
2021-12-27 14:53:59,882 - root - INFO - Width: 89, Height: 66, RowLength: 178
2021-12-27 14:53:59,882 - root - INFO - datalength: 1022, _step: 2
2021-12-27 14:53:59,882 - root - INFO - BPP: 16, Transparency: False
2021-12-27 14:53:59,882 - root - INFO - Resource 86 offset: 386127, length: 1238...
2021-12-27 14:53:59,882 - root - DEBUG - Reading resource 86...
2021-12-27 14:53:59,882 - root - INFO - The image is bme.
2021-12-27 14:53:59,882 - root - INFO - Reading image header(readHeader16E)...
2021-12-27 14:53:59,882 - root - INFO - Image header was read:
2021-12-27 14:53:59,882 - root - INFO - Width: 89, Height: 66, RowLength: 178
2021-12-27 14:53:59,882 - root - INFO - datalength: 1222, _step: 2
2021-12-27 14:53:59,882 - root - INFO - BPP: 16, Transparency: False
2021-12-27 14:53:59,882 - root - INFO - Resource 87 offset: 387365, length: 1444...
2021-12-27 14:53:59,882 - root - DEBUG - Reading resource 87...
2021-12-27 14:53:59,882 - root - INFO - The image is bme.
2021-12-27 14:53:59,882 - root - INFO - Reading image header(readHeader16E)...
2021-12-27 14:53:59,882 - root - INFO - Image header was read:
2021-12-27 14:53:59,882 - root - INFO - Width: 89, Height: 66, RowLength: 178
2021-12-27 14:53:59,882 - root - INFO - datalength: 1428, _step: 2
2021-12-27 14:53:59,882 - root - INFO - BPP: 16, Transparency: False
2021-12-27 14:53:59,882 - root - INFO - Resource 88 offset: 388809, length: 1644...
2021-12-27 14:53:59,882 - root - DEBUG - Reading resource 88...
2021-12-27 14:53:59,882 - root - INFO - The image is bme.
2021-12-27 14:53:59,882 - root - INFO - Reading image header(readHeader16E)...
2021-12-27 14:53:59,882 - root - INFO - Image header was read:
2021-12-27 14:53:59,882 - root - INFO - Width: 89, Height: 66, RowLength: 178
2021-12-27 14:53:59,882 - root - INFO - datalength: 1628, _step: 2
2021-12-27 14:53:59,882 - root - INFO - BPP: 16, Transparency: False
2021-12-27 14:53:59,898 - root - INFO - Resource 89 offset: 390453, length: 1850...
2021-12-27 14:53:59,898 - root - DEBUG - Reading resource 89...
2021-12-27 14:53:59,898 - root - INFO - The image is bme.
2021-12-27 14:53:59,898 - root - INFO - Reading image header(readHeader16E)...
2021-12-27 14:53:59,898 - root - INFO - Image header was read:
2021-12-27 14:53:59,898 - root - INFO - Width: 89, Height: 66, RowLength: 178
2021-12-27 14:53:59,898 - root - INFO - datalength: 1834, _step: 2
2021-12-27 14:53:59,898 - root - INFO - BPP: 16, Transparency: False
2021-12-27 14:53:59,898 - root - INFO - Resource 90 offset: 392303, length: 2564...
2021-12-27 14:53:59,898 - root - DEBUG - Reading resource 90...
2021-12-27 14:53:59,898 - root - INFO - The image is bme.
2021-12-27 14:53:59,898 - root - INFO - Reading image header(readHeader16E)...
2021-12-27 14:53:59,898 - root - INFO - Image header was read:
2021-12-27 14:53:59,898 - root - INFO - Width: 89, Height: 66, RowLength: 178
2021-12-27 14:53:59,898 - root - INFO - datalength: 2548, _step: 2
2021-12-27 14:53:59,898 - root - INFO - BPP: 16, Transparency: False
2021-12-27 14:53:59,898 - root - DEBUG - Parsing parameters...
2021-12-27 14:53:59,960 - root - DEBUG - 0 Value: None
2021-12-27 14:53:59,960 - root - DEBUG - 0.1 Value: 71
2021-12-27 14:53:59,960 - root - DEBUG - 2 Value: None
2021-12-27 14:53:59,960 - root - DEBUG - 2.1 Value: None
2021-12-27 14:53:59,960 - root - DEBUG - 2.1.1 Value: 0
2021-12-27 14:53:59,960 - root - DEBUG - 2.1.2 Value: 0
2021-12-27 14:53:59,960 - root - DEBUG - 2.1.3 Value: 1
2021-12-27 14:53:59,960 - root - DEBUG - 2.3 Value: None
2021-12-27 14:53:59,960 - root - DEBUG - 2.3.1 Value: 0
2021-12-27 14:53:59,960 - root - DEBUG - 2.3.2 Value: 0
2021-12-27 14:53:59,960 - root - DEBUG - 2.3.3 Value: 0
2021-12-27 14:53:59,960 - root - DEBUG - 2.4 Value: None
2021-12-27 14:53:59,960 - root - DEBUG - 2.4.1 Value: 0
2021-12-27 14:53:59,960 - root - DEBUG - 2.4.2 Value: 0
2021-12-27 14:53:59,960 - root - DEBUG - 2.4.3 Value: 0
2021-12-27 14:53:59,960 - root - DEBUG - 2.5 Value: None
2021-12-27 14:53:59,960 - root - DEBUG - 2.5.1 Value: 0
2021-12-27 14:53:59,960 - root - DEBUG - 2.5.2 Value: 0
2021-12-27 14:53:59,960 - root - DEBUG - 2.5.3 Value: 0
2021-12-27 14:53:59,960 - root - DEBUG - 3 Value: None
2021-12-27 14:53:59,960 - root - DEBUG - 3.1 Value: None
2021-12-27 14:53:59,960 - root - DEBUG - 3.1.1 Value: None
2021-12-27 14:53:59,960 - root - DEBUG - 3.1.1.1 Value: None
2021-12-27 14:53:59,960 - root - DEBUG - 3.1.1.1.1 Value: 23
2021-12-27 14:53:59,960 - root - DEBUG - 3.1.1.1.2 Value: 48
2021-12-27 14:53:59,960 - root - DEBUG - 3.1.1.1.3 Value: 2
2021-12-27 14:53:59,960 - root - DEBUG - 3.1.1.1.4 Value: 10
2021-12-27 14:53:59,960 - root - DEBUG - 3.1.1.2 Value: None
2021-12-27 14:53:59,960 - root - DEBUG - 3.1.1.2.1 Value: 72
2021-12-27 14:53:59,960 - root - DEBUG - 3.1.1.2.2 Value: 48
2021-12-27 14:53:59,960 - root - DEBUG - 3.1.1.2.3 Value: 2
2021-12-27 14:53:59,960 - root - DEBUG - 3.1.1.2.4 Value: 10
2021-12-27 14:53:59,960 - root - DEBUG - 3.1.2 Value: None
2021-12-27 14:53:59,960 - root - DEBUG - 3.1.2.1 Value: None
2021-12-27 14:53:59,960 - root - DEBUG - 3.1.2.1.1 Value: 144
2021-12-27 14:53:59,960 - root - DEBUG - 3.1.2.1.2 Value: 48
2021-12-27 14:53:59,960 - root - DEBUG - 3.1.2.1.3 Value: 2
2021-12-27 14:53:59,960 - root - DEBUG - 3.1.2.1.4 Value: 10
2021-12-27 14:53:59,960 - root - DEBUG - 3.1.2.2 Value: None
2021-12-27 14:53:59,960 - root - DEBUG - 3.1.2.2.1 Value: 193
2021-12-27 14:53:59,960 - root - DEBUG - 3.1.2.2.2 Value: 48
2021-12-27 14:53:59,960 - root - DEBUG - 3.1.2.2.3 Value: 2
2021-12-27 14:53:59,960 - root - DEBUG - 3.1.2.2.4 Value: 10
2021-12-27 14:53:59,960 - root - DEBUG - 3.1.3 Value: None
2021-12-27 14:53:59,960 - root - DEBUG - 3.1.3.1 Value: None
2021-12-27 14:53:59,960 - root - DEBUG - 3.1.3.1.1 Value: 246
2021-12-27 14:53:59,960 - root - DEBUG - 3.1.3.1.2 Value: 47
2021-12-27 14:53:59,960 - root - DEBUG - 3.1.3.1.3 Value: 12
2021-12-27 14:53:59,960 - root - DEBUG - 3.1.3.1.4 Value: 10
2021-12-27 14:53:59,960 - root - DEBUG - 3.1.3.2 Value: None
2021-12-27 14:53:59,960 - root - DEBUG - 3.1.3.2.1 Value: 265
2021-12-27 14:53:59,960 - root - DEBUG - 3.1.3.2.2 Value: 47
2021-12-27 14:53:59,960 - root - DEBUG - 3.1.3.2.3 Value: 12
2021-12-27 14:53:59,960 - root - DEBUG - 3.1.3.2.4 Value: 10
2021-12-27 14:53:59,960 - root - DEBUG - 3.1.7 Value: 0
2021-12-27 14:53:59,960 - root - DEBUG - 3.1.8 Value: 1
2021-12-27 14:53:59,960 - root - DEBUG - 4 Value: None
2021-12-27 14:53:59,960 - root - DEBUG - 4.1 Value: None
2021-12-27 14:53:59,960 - root - DEBUG - 4.1.1 Value: None
2021-12-27 14:53:59,960 - root - DEBUG - 4.1.1.1 Value: 20
2021-12-27 14:53:59,960 - root - DEBUG - 4.1.1.2 Value: 265
2021-12-27 14:53:59,960 - root - DEBUG - 4.1.1.3 Value: 115
2021-12-27 14:53:59,960 - root - DEBUG - 4.1.1.4 Value: 287
2021-12-27 14:53:59,960 - root - DEBUG - 4.1.1.5 Value: 18
2021-12-27 14:53:59,960 - root - DEBUG - 4.1.1.6 Value: 0
2021-12-27 14:53:59,960 - root - DEBUG - 4.1.1.7 Value: 0
2021-12-27 14:53:59,960 - root - DEBUG - 4.1.1.8 Value: 41
2021-12-27 14:53:59,960 - root - DEBUG - 4.1.1.9 Value: 10
2021-12-27 14:53:59,960 - root - DEBUG - 4.3 Value: None
2021-12-27 14:53:59,960 - root - DEBUG - 4.3.1 Value: None
2021-12-27 14:53:59,960 - root - DEBUG - 4.3.1.1 Value: 12
2021-12-27 14:53:59,960 - root - DEBUG - 4.3.1.2 Value: 155
2021-12-27 14:53:59,960 - root - DEBUG - 4.3.1.3 Value: 120
2021-12-27 14:53:59,960 - root - DEBUG - 4.3.1.4 Value: 182
2021-12-27 14:53:59,960 - root - DEBUG - 4.3.1.5 Value: 20
2021-12-27 14:53:59,960 - root - DEBUG - 4.3.1.6 Value: 0
2021-12-27 14:53:59,960 - root - DEBUG - 4.3.1.7 Value: 0
2021-12-27 14:53:59,960 - root - DEBUG - 4.3.1.8 Value: 51
2021-12-27 14:53:59,960 - root - DEBUG - 4.3.1.9 Value: 10
2021-12-27 14:53:59,960 - root - DEBUG - 4.4 Value: None
2021-12-27 14:53:59,960 - root - DEBUG - 4.4.1 Value: None
2021-12-27 14:53:59,960 - root - DEBUG - 4.4.1.1 Value: 215
2021-12-27 14:53:59,960 - root - DEBUG - 4.4.1.2 Value: 139
2021-12-27 14:53:59,960 - root - DEBUG - 4.4.1.3 Value: 287
2021-12-27 14:53:59,960 - root - DEBUG - 4.4.1.4 Value: 166
2021-12-27 14:53:59,960 - root - DEBUG - 4.4.1.5 Value: 20
2021-12-27 14:53:59,960 - root - DEBUG - 4.4.1.6 Value: 0
2021-12-27 14:53:59,960 - root - DEBUG - 4.4.1.7 Value: 0
2021-12-27 14:53:59,960 - root - DEBUG - 4.4.1.8 Value: 61
2021-12-27 14:53:59,960 - root - DEBUG - 4.4.1.9 Value: 10
2021-12-27 14:53:59,960 - root - DEBUG - 4.7 Value: 0
2021-12-27 14:53:59,960 - root - DEBUG - 5 Value: None
2021-12-27 14:53:59,960 - root - DEBUG - 5.1 Value: None
2021-12-27 14:53:59,960 - root - DEBUG - 5.1.1 Value: None
2021-12-27 14:53:59,960 - root - DEBUG - 5.1.1.4 Value: None
2021-12-27 14:53:59,960 - root - DEBUG - 5.1.1.4.1 Value: 228
2021-12-27 14:53:59,960 - root - DEBUG - 5.1.1.4.2 Value: 18
2021-12-27 14:53:59,960 - root - DEBUG - 5.1.1.4.3 Value: 260
2021-12-27 14:53:59,960 - root - DEBUG - 5.1.1.4.4 Value: 36
2021-12-27 14:53:59,960 - root - DEBUG - 5.1.1.4.5 Value: 18
2021-12-27 14:53:59,960 - root - DEBUG - 5.1.1.4.6 Value: 0
2021-12-27 14:53:59,960 - root - DEBUG - 5.1.1.4.7 Value: 0
2021-12-27 14:53:59,960 - root - DEBUG - 5.1.1.4.8 Value: 22
2021-12-27 14:53:59,960 - root - DEBUG - 5.1.1.4.9 Value: 10
2021-12-27 14:53:59,960 - root - DEBUG - 5.1.4 Value: 1
2021-12-27 14:53:59,960 - root - DEBUG - 5.1.5 Value: 1
2021-12-27 14:53:59,960 - root - DEBUG - 5.1.6 Value: 0
2021-12-27 14:53:59,960 - root - DEBUG - 5.2 Value: None
2021-12-27 14:53:59,960 - root - DEBUG - 5.2.1 Value: 92
2021-12-27 14:53:59,960 - root - DEBUG - 5.2.2 Value: 18
2021-12-27 14:53:59,960 - root - DEBUG - 5.2.5 Value: 39
2021-12-27 14:53:59,960 - root - DEBUG - 5.2.6 Value: 40
2021-12-27 14:53:59,960 - root - DEBUG - 5.4 Value: None
2021-12-27 14:53:59,960 - root - DEBUG - 5.4.1 Value: 162
2021-12-27 14:53:59,960 - root - DEBUG - 5.4.2 Value: 18
2021-12-27 14:53:59,960 - root - DEBUG - 5.4.3 Value: 32
2021-12-27 14:53:59,960 - root - DEBUG - 5.4.4 Value: 7
2021-12-27 14:53:59,960 - root - DEBUG - 7 Value: None
2021-12-27 14:53:59,960 - root - DEBUG - 7.2 Value: None
2021-12-27 14:53:59,960 - root - DEBUG - 7.2.1 Value: 23
2021-12-27 14:53:59,960 - root - DEBUG - 7.2.2 Value: 293
2021-12-27 14:53:59,960 - root - DEBUG - 7.2.3 Value: 71
2021-12-27 14:53:59,960 - root - DEBUG - 7.2.4 Value: 10
2021-12-27 14:53:59,960 - root - DEBUG - 15 Value: None
2021-12-27 14:53:59,960 - root - DEBUG - 15.2 Value: None
2021-12-27 14:53:59,960 - root - DEBUG - 15.2.1 Value: 159
2021-12-27 14:53:59,960 - root - DEBUG - 15.2.2 Value: 176
2021-12-27 14:53:59,960 - root - DEBUG - 15.2.3 Value: 81
2021-12-27 14:53:59,960 - root - DEBUG - 15.2.4 Value: 10
2021-12-27 14:53:59,960 - root - DEBUG - 0-Info
2021-12-27 14:53:59,960 - root - DEBUG - 0.1-DeviceId
2021-12-27 14:53:59,960 - root - DEBUG - 2-Background
2021-12-27 14:53:59,960 - root - DEBUG - 2.1-Image
2021-12-27 14:53:59,960 - root - DEBUG - 2.1.1-X
2021-12-27 14:53:59,960 - root - DEBUG - 2.1.2-Y
2021-12-27 14:53:59,960 - root - DEBUG - 2.1.3-ImageIndex
2021-12-27 14:53:59,960 - root - DEBUG - 2.3-Preview
2021-12-27 14:53:59,960 - root - DEBUG - 2.3.1-X
2021-12-27 14:53:59,960 - root - DEBUG - 2.3.2-Y
2021-12-27 14:53:59,960 - root - DEBUG - 2.3.3-ImageIndex
2021-12-27 14:53:59,960 - root - DEBUG - 2.4-PreviewKorean
2021-12-27 14:53:59,960 - root - DEBUG - 2.4.1-X
2021-12-27 14:53:59,976 - root - DEBUG - 2.4.2-Y
2021-12-27 14:53:59,976 - root - DEBUG - 2.4.3-ImageIndex
2021-12-27 14:53:59,976 - root - DEBUG - 2.5-PreviewChinese
2021-12-27 14:53:59,976 - root - DEBUG - 2.5.1-X
2021-12-27 14:53:59,976 - root - DEBUG - 2.5.2-Y
2021-12-27 14:53:59,976 - root - DEBUG - 2.5.3-ImageIndex
2021-12-27 14:53:59,976 - root - DEBUG - 3-TimeExtended
2021-12-27 14:53:59,976 - root - DEBUG - 3.1-TimeSeparateDigits
2021-12-27 14:53:59,976 - root - DEBUG - 3.1.1-Hours
2021-12-27 14:53:59,976 - root - DEBUG - 3.1.1.1-Tens
2021-12-27 14:53:59,976 - root - DEBUG - 3.1.1.1.1-X
2021-12-27 14:53:59,976 - root - DEBUG - 3.1.1.1.2-Y
2021-12-27 14:53:59,976 - root - DEBUG - 3.1.1.1.3-ImageIndex
2021-12-27 14:53:59,976 - root - DEBUG - 3.1.1.1.4-ImagesCount
2021-12-27 14:53:59,976 - root - DEBUG - 3.1.1.2-Ones
2021-12-27 14:53:59,976 - root - DEBUG - 3.1.1.2.1-X
2021-12-27 14:53:59,976 - root - DEBUG - 3.1.1.2.2-Y
2021-12-27 14:53:59,976 - root - DEBUG - 3.1.1.2.3-ImageIndex
2021-12-27 14:53:59,976 - root - DEBUG - 3.1.1.2.4-ImagesCount
2021-12-27 14:53:59,976 - root - DEBUG - 3.1.2-Minutes
2021-12-27 14:53:59,976 - root - DEBUG - 3.1.2.1-Tens
2021-12-27 14:53:59,976 - root - DEBUG - 3.1.2.1.1-X
2021-12-27 14:53:59,976 - root - DEBUG - 3.1.2.1.2-Y
2021-12-27 14:53:59,976 - root - DEBUG - 3.1.2.1.3-ImageIndex
2021-12-27 14:53:59,976 - root - DEBUG - 3.1.2.1.4-ImagesCount
2021-12-27 14:53:59,976 - root - DEBUG - 3.1.2.2-Ones
2021-12-27 14:53:59,976 - root - DEBUG - 3.1.2.2.1-X
2021-12-27 14:53:59,976 - root - DEBUG - 3.1.2.2.2-Y
2021-12-27 14:53:59,976 - root - DEBUG - 3.1.2.2.3-ImageIndex
2021-12-27 14:53:59,976 - root - DEBUG - 3.1.2.2.4-ImagesCount
2021-12-27 14:53:59,976 - root - DEBUG - 3.1.3-Seconds
2021-12-27 14:53:59,976 - root - DEBUG - 3.1.3.1-Tens
2021-12-27 14:53:59,976 - root - DEBUG - 3.1.3.1.1-X
2021-12-27 14:53:59,976 - root - DEBUG - 3.1.3.1.2-Y
2021-12-27 14:53:59,976 - root - DEBUG - 3.1.3.1.3-ImageIndex
2021-12-27 14:53:59,976 - root - DEBUG - 3.1.3.1.4-ImagesCount
2021-12-27 14:53:59,976 - root - DEBUG - 3.1.3.2-Ones
2021-12-27 14:53:59,976 - root - DEBUG - 3.1.3.2.1-X
2021-12-27 14:53:59,976 - root - DEBUG - 3.1.3.2.2-Y
2021-12-27 14:53:59,976 - root - DEBUG - 3.1.3.2.3-ImageIndex
2021-12-27 14:53:59,976 - root - DEBUG - 3.1.3.2.4-ImagesCount
2021-12-27 14:53:59,976 - root - DEBUG - 3.1.7-PaddingZeroHours
2021-12-27 14:53:59,976 - root - DEBUG - 3.1.8-PaddingZeroMinutes
2021-12-27 14:53:59,976 - root - DEBUG - 4-Activity
2021-12-27 14:53:59,976 - root - DEBUG - 4.1-Steps
2021-12-27 14:53:59,976 - root - DEBUG - 4.1.1-ImageNumber
2021-12-27 14:53:59,976 - root - DEBUG - 4.1.1.1-TopLeftX
2021-12-27 14:53:59,976 - root - DEBUG - 4.1.1.2-TopLeftY
2021-12-27 14:53:59,976 - root - DEBUG - 4.1.1.3-BottomRightX
2021-12-27 14:53:59,976 - root - DEBUG - 4.1.1.4-BottomRightY
2021-12-27 14:53:59,976 - root - DEBUG - 4.1.1.5-Alignment
2021-12-27 14:53:59,976 - root - DEBUG - 4.1.1.6-Spacing
2021-12-27 14:53:59,976 - root - DEBUG - 4.1.1.7-VerticalOffset
2021-12-27 14:53:59,976 - root - DEBUG - 4.1.1.8-ImageIndex
2021-12-27 14:53:59,976 - root - DEBUG - 4.1.1.9-ImagesCount
2021-12-27 14:53:59,976 - root - DEBUG - 4.3-Calories
2021-12-27 14:53:59,976 - root - DEBUG - 4.3.1-ImageNumber
2021-12-27 14:53:59,976 - root - DEBUG - 4.3.1.1-TopLeftX
2021-12-27 14:53:59,976 - root - DEBUG - 4.3.1.2-TopLeftY
2021-12-27 14:53:59,976 - root - DEBUG - 4.3.1.3-BottomRightX
2021-12-27 14:53:59,976 - root - DEBUG - 4.3.1.4-BottomRightY
2021-12-27 14:53:59,976 - root - DEBUG - 4.3.1.5-Alignment
2021-12-27 14:53:59,976 - root - DEBUG - 4.3.1.6-Spacing
2021-12-27 14:53:59,976 - root - DEBUG - 4.3.1.7-VerticalOffset
2021-12-27 14:53:59,976 - root - DEBUG - 4.3.1.8-ImageIndex
2021-12-27 14:53:59,976 - root - DEBUG - 4.3.1.9-ImagesCount
2021-12-27 14:53:59,976 - root - DEBUG - 4.4-HeartRate
2021-12-27 14:53:59,976 - root - DEBUG - 4.4.1-ImageNumber
2021-12-27 14:53:59,976 - root - DEBUG - 4.4.1.1-TopLeftX
2021-12-27 14:53:59,976 - root - DEBUG - 4.4.1.2-TopLeftY
2021-12-27 14:53:59,976 - root - DEBUG - 4.4.1.3-BottomRightX
2021-12-27 14:53:59,976 - root - DEBUG - 4.4.1.4-BottomRightY
2021-12-27 14:53:59,976 - root - DEBUG - 4.4.1.5-Alignment
2021-12-27 14:53:59,976 - root - DEBUG - 4.4.1.6-Spacing
2021-12-27 14:53:59,976 - root - DEBUG - 4.4.1.7-VerticalOffset
2021-12-27 14:53:59,976 - root - DEBUG - 4.4.1.8-ImageIndex
2021-12-27 14:53:59,976 - root - DEBUG - 4.4.1.9-ImagesCount
2021-12-27 14:53:59,976 - root - DEBUG - 4.7-UnknownLongValue7
2021-12-27 14:53:59,976 - root - DEBUG - 5-DateBlock
2021-12-27 14:53:59,976 - root - DEBUG - 5.1-Date
2021-12-27 14:53:59,976 - root - DEBUG - 5.1.1-MonthAndDayAlt
2021-12-27 14:53:59,976 - root - DEBUG - 5.1.1.4-Day
2021-12-27 14:53:59,976 - root - DEBUG - 5.1.1.4.1-TopLeftX
2021-12-27 14:53:59,976 - root - DEBUG - 5.1.1.4.2-TopLeftY
2021-12-27 14:53:59,976 - root - DEBUG - 5.1.1.4.3-BottomRightX
2021-12-27 14:53:59,976 - root - DEBUG - 5.1.1.4.4-BottomRightY
2021-12-27 14:53:59,976 - root - DEBUG - 5.1.1.4.5-Alignment
2021-12-27 14:53:59,976 - root - DEBUG - 5.1.1.4.6-Spacing
2021-12-27 14:53:59,976 - root - DEBUG - 5.1.1.4.7-VerticalOffset
2021-12-27 14:53:59,976 - root - DEBUG - 5.1.1.4.8-ImageIndex
2021-12-27 14:53:59,976 - root - DEBUG - 5.1.1.4.9-ImagesCount
2021-12-27 14:53:59,976 - root - DEBUG - 5.1.4-PaddingZeroMonth
2021-12-27 14:53:59,976 - root - DEBUG - 5.1.5-PaddingZeroDay
2021-12-27 14:53:59,976 - root - DEBUG - 5.1.6-Unknown6
2021-12-27 14:53:59,976 - root - DEBUG - 5.2-AmPm
2021-12-27 14:53:59,976 - root - DEBUG - 5.2.1-CommonX
2021-12-27 14:53:59,976 - root - DEBUG - 5.2.2-CommonY
2021-12-27 14:53:59,976 - root - DEBUG - 5.2.5-AmImageIndexEN
2021-12-27 14:53:59,976 - root - DEBUG - 5.2.6-PmImageIndexEN
2021-12-27 14:53:59,976 - root - DEBUG - 5.4-Weekday
2021-12-27 14:53:59,976 - root - DEBUG - 5.4.1-X
2021-12-27 14:53:59,976 - root - DEBUG - 5.4.2-Y
2021-12-27 14:53:59,976 - root - DEBUG - 5.4.3-ImageIndex
2021-12-27 14:53:59,976 - root - DEBUG - 5.4.4-ImagesCount
2021-12-27 14:53:59,976 - root - DEBUG - 7-StepProgress
2021-12-27 14:53:59,976 - root - DEBUG - 7.2-ImageProgress
2021-12-27 14:53:59,976 - root - DEBUG - 7.2.1-X
2021-12-27 14:53:59,976 - root - DEBUG - 7.2.2-Y
2021-12-27 14:53:59,976 - root - DEBUG - 7.2.3-ImageIndex
2021-12-27 14:53:59,976 - root - DEBUG - 7.2.4-ImagesCount
2021-12-27 14:53:59,976 - root - DEBUG - 15-CaloriesProgress
2021-12-27 14:53:59,976 - root - DEBUG - 15.2-ImageProgress
2021-12-27 14:53:59,976 - root - DEBUG - 15.2.1-X
2021-12-27 14:53:59,976 - root - DEBUG - 15.2.2-Y
2021-12-27 14:53:59,976 - root - DEBUG - 15.2.3-ImageIndex
2021-12-27 14:53:59,976 - root - DEBUG - 15.2.4-ImagesCount
2021-12-27 14:53:59,976 - root - DEBUG - generatePreviews
2021-12-27 14:53:59,976 - root - DEBUG - Generating previews...
2021-12-27 14:53:59,976 - root - DEBUG - Generating states done...
2021-12-27 14:53:59,992 - root - DEBUG - >>>>>>>>>>>> 0 <watchFaceParser.models.parameter.Parameter object at 0x0000020C128B4048>
2021-12-27 14:53:59,992 - root - DEBUG - >>>>>>>>>>>> 2 <watchFaceParser.models.parameter.Parameter object at 0x0000020C128A4F08>
2021-12-27 14:53:59,992 - root - DEBUG - >>>>>>>>>>>> 3 <watchFaceParser.models.parameter.Parameter object at 0x0000020C128A4AC8>
2021-12-27 14:53:59,992 - root - DEBUG - >>>>>>>>>>>> 4 <watchFaceParser.models.parameter.Parameter object at 0x0000020C128AEA88>
2021-12-27 14:54:00,007 - root - DEBUG - >>>>>>>>>>>> 5 <watchFaceParser.models.parameter.Parameter object at 0x0000020C128B1C08>
2021-12-27 14:54:00,007 - root - DEBUG - >>>>>>>>>>>> 7 <watchFaceParser.models.parameter.Parameter object at 0x0000020C128B1D88>
2021-12-27 14:54:00,007 - root - DEBUG - >>>>>>>>>>>> 15 <watchFaceParser.models.parameter.Parameter object at 0x0000020C128B1708>
2021-12-27 14:54:00,023 - root - DEBUG - Generating static preview gen done...
2021-12-27 14:54:00,085 - root - DEBUG - Generating static preview save done...
2021-12-27 14:54:00,085 - root - DEBUG - Generating anim preview gen done...
2021-12-27 14:54:00,085 - root - DEBUG - >>>>>>>>>>>> 0 <watchFaceParser.models.parameter.Parameter object at 0x0000020C128B4048>
2021-12-27 14:54:00,085 - root - DEBUG - >>>>>>>>>>>> 2 <watchFaceParser.models.parameter.Parameter object at 0x0000020C128A4F08>
2021-12-27 14:54:00,085 - root - DEBUG - >>>>>>>>>>>> 3 <watchFaceParser.models.parameter.Parameter object at 0x0000020C128A4AC8>
2021-12-27 14:54:00,085 - root - DEBUG - >>>>>>>>>>>> 4 <watchFaceParser.models.parameter.Parameter object at 0x0000020C128AEA88>
2021-12-27 14:54:00,085 - root - DEBUG - >>>>>>>>>>>> 5 <watchFaceParser.models.parameter.Parameter object at 0x0000020C128B1C08>
2021-12-27 14:54:00,085 - root - DEBUG - >>>>>>>>>>>> 7 <watchFaceParser.models.parameter.Parameter object at 0x0000020C128B1D88>
2021-12-27 14:54:00,085 - root - DEBUG - >>>>>>>>>>>> 15 <watchFaceParser.models.parameter.Parameter object at 0x0000020C128B1708>
2021-12-27 14:54:00,179 - root - DEBUG - generatePreviews done
2021-12-27 14:54:00,179 - root - DEBUG - Exporting resources to 'dbf83056c82053c4cdbc7fc8715ff0e2'
2021-12-27 14:54:00,195 - root - DEBUG - extracting dbf83056c82053c4cdbc7fc8715ff0e2\0000.png...
2021-12-27 14:54:00,195 - root - DEBUG - extracting dbf83056c82053c4cdbc7fc8715ff0e2\0001.png...
2021-12-27 14:54:00,226 - root - DEBUG - extracting dbf83056c82053c4cdbc7fc8715ff0e2\0002.png...
2021-12-27 14:54:00,226 - root - DEBUG - extracting dbf83056c82053c4cdbc7fc8715ff0e2\0003.png...
2021-12-27 14:54:00,226 - root - DEBUG - extracting dbf83056c82053c4cdbc7fc8715ff0e2\0004.png...
2021-12-27 14:54:00,226 - root - DEBUG - extracting dbf83056c82053c4cdbc7fc8715ff0e2\0005.png...
2021-12-27 14:54:00,226 - root - DEBUG - extracting dbf83056c82053c4cdbc7fc8715ff0e2\0006.png...
2021-12-27 14:54:00,226 - root - DEBUG - extracting dbf83056c82053c4cdbc7fc8715ff0e2\0007.png...
2021-12-27 14:54:00,226 - root - DEBUG - extracting dbf83056c82053c4cdbc7fc8715ff0e2\0008.png...
2021-12-27 14:54:00,226 - root - DEBUG - extracting dbf83056c82053c4cdbc7fc8715ff0e2\0009.png...
2021-12-27 14:54:00,226 - root - DEBUG - extracting dbf83056c82053c4cdbc7fc8715ff0e2\0010.png...
2021-12-27 14:54:00,226 - root - DEBUG - extracting dbf83056c82053c4cdbc7fc8715ff0e2\0011.png...
2021-12-27 14:54:00,226 - root - DEBUG - extracting dbf83056c82053c4cdbc7fc8715ff0e2\0012.png...
2021-12-27 14:54:00,226 - root - DEBUG - extracting dbf83056c82053c4cdbc7fc8715ff0e2\0013.png...
2021-12-27 14:54:00,226 - root - DEBUG - extracting dbf83056c82053c4cdbc7fc8715ff0e2\0014.png...
2021-12-27 14:54:00,226 - root - DEBUG - extracting dbf83056c82053c4cdbc7fc8715ff0e2\0015.png...
2021-12-27 14:54:00,226 - root - DEBUG - extracting dbf83056c82053c4cdbc7fc8715ff0e2\0016.png...
2021-12-27 14:54:00,226 - root - DEBUG - extracting dbf83056c82053c4cdbc7fc8715ff0e2\0017.png...
2021-12-27 14:54:00,226 - root - DEBUG - extracting dbf83056c82053c4cdbc7fc8715ff0e2\0018.png...
2021-12-27 14:54:00,226 - root - DEBUG - extracting dbf83056c82053c4cdbc7fc8715ff0e2\0019.png...
2021-12-27 14:54:00,242 - root - DEBUG - extracting dbf83056c82053c4cdbc7fc8715ff0e2\0020.png...
2021-12-27 14:54:00,242 - root - DEBUG - extracting dbf83056c82053c4cdbc7fc8715ff0e2\0021.png...
2021-12-27 14:54:00,242 - root - DEBUG - extracting dbf83056c82053c4cdbc7fc8715ff0e2\0022.png...
2021-12-27 14:54:00,242 - root - DEBUG - extracting dbf83056c82053c4cdbc7fc8715ff0e2\0023.png...
2021-12-27 14:54:00,242 - root - DEBUG - extracting dbf83056c82053c4cdbc7fc8715ff0e2\0024.png...
2021-12-27 14:54:00,242 - root - DEBUG - extracting dbf83056c82053c4cdbc7fc8715ff0e2\0025.png...
2021-12-27 14:54:00,242 - root - DEBUG - extracting dbf83056c82053c4cdbc7fc8715ff0e2\0026.png...
2021-12-27 14:54:00,242 - root - DEBUG - extracting dbf83056c82053c4cdbc7fc8715ff0e2\0027.png...
2021-12-27 14:54:00,242 - root - DEBUG - extracting dbf83056c82053c4cdbc7fc8715ff0e2\0028.png...
2021-12-27 14:54:00,242 - root - DEBUG - extracting dbf83056c82053c4cdbc7fc8715ff0e2\0029.png...
2021-12-27 14:54:00,242 - root - DEBUG - extracting dbf83056c82053c4cdbc7fc8715ff0e2\0030.png...
2021-12-27 14:54:00,242 - root - DEBUG - extracting dbf83056c82053c4cdbc7fc8715ff0e2\0031.png...
2021-12-27 14:54:00,242 - root - DEBUG - extracting dbf83056c82053c4cdbc7fc8715ff0e2\0032.png...
2021-12-27 14:54:00,242 - root - DEBUG - extracting dbf83056c82053c4cdbc7fc8715ff0e2\0033.png...
2021-12-27 14:54:00,242 - root - DEBUG - extracting dbf83056c82053c4cdbc7fc8715ff0e2\0034.png...
2021-12-27 14:54:00,242 - root - DEBUG - extracting dbf83056c82053c4cdbc7fc8715ff0e2\0035.png...
2021-12-27 14:54:00,242 - root - DEBUG - extracting dbf83056c82053c4cdbc7fc8715ff0e2\0036.png...
2021-12-27 14:54:00,242 - root - DEBUG - extracting dbf83056c82053c4cdbc7fc8715ff0e2\0037.png...
2021-12-27 14:54:00,242 - root - DEBUG - extracting dbf83056c82053c4cdbc7fc8715ff0e2\0038.png...
2021-12-27 14:54:00,242 - root - DEBUG - extracting dbf83056c82053c4cdbc7fc8715ff0e2\0039.png...
2021-12-27 14:54:00,242 - root - DEBUG - extracting dbf83056c82053c4cdbc7fc8715ff0e2\0040.png...
2021-12-27 14:54:00,242 - root - DEBUG - extracting dbf83056c82053c4cdbc7fc8715ff0e2\0041.png...
2021-12-27 14:54:00,242 - root - DEBUG - extracting dbf83056c82053c4cdbc7fc8715ff0e2\0042.png...
2021-12-27 14:54:00,242 - root - DEBUG - extracting dbf83056c82053c4cdbc7fc8715ff0e2\0043.png...
2021-12-27 14:54:00,242 - root - DEBUG - extracting dbf83056c82053c4cdbc7fc8715ff0e2\0044.png...
2021-12-27 14:54:00,257 - root - DEBUG - extracting dbf83056c82053c4cdbc7fc8715ff0e2\0045.png...
2021-12-27 14:54:00,257 - root - DEBUG - extracting dbf83056c82053c4cdbc7fc8715ff0e2\0046.png...
2021-12-27 14:54:00,257 - root - DEBUG - extracting dbf83056c82053c4cdbc7fc8715ff0e2\0047.png...
2021-12-27 14:54:00,257 - root - DEBUG - extracting dbf83056c82053c4cdbc7fc8715ff0e2\0048.png...
2021-12-27 14:54:00,257 - root - DEBUG - extracting dbf83056c82053c4cdbc7fc8715ff0e2\0049.png...
2021-12-27 14:54:00,257 - root - DEBUG - extracting dbf83056c82053c4cdbc7fc8715ff0e2\0050.png...
2021-12-27 14:54:00,257 - root - DEBUG - extracting dbf83056c82053c4cdbc7fc8715ff0e2\0051.png...
2021-12-27 14:54:00,257 - root - DEBUG - extracting dbf83056c82053c4cdbc7fc8715ff0e2\0052.png...
2021-12-27 14:54:00,257 - root - DEBUG - extracting dbf83056c82053c4cdbc7fc8715ff0e2\0053.png...
2021-12-27 14:54:00,257 - root - DEBUG - extracting dbf83056c82053c4cdbc7fc8715ff0e2\0054.png...
2021-12-27 14:54:00,257 - root - DEBUG - extracting dbf83056c82053c4cdbc7fc8715ff0e2\0055.png...
2021-12-27 14:54:00,257 - root - DEBUG - extracting dbf83056c82053c4cdbc7fc8715ff0e2\0056.png...
2021-12-27 14:54:00,257 - root - DEBUG - extracting dbf83056c82053c4cdbc7fc8715ff0e2\0057.png...
2021-12-27 14:54:00,257 - root - DEBUG - extracting dbf83056c82053c4cdbc7fc8715ff0e2\0058.png...
2021-12-27 14:54:00,257 - root - DEBUG - extracting dbf83056c82053c4cdbc7fc8715ff0e2\0059.png...
2021-12-27 14:54:00,257 - root - DEBUG - extracting dbf83056c82053c4cdbc7fc8715ff0e2\0060.png...
2021-12-27 14:54:00,257 - root - DEBUG - extracting dbf83056c82053c4cdbc7fc8715ff0e2\0061.png...
2021-12-27 14:54:00,257 - root - DEBUG - extracting dbf83056c82053c4cdbc7fc8715ff0e2\0062.png...
2021-12-27 14:54:00,257 - root - DEBUG - extracting dbf83056c82053c4cdbc7fc8715ff0e2\0063.png...
2021-12-27 14:54:00,257 - root - DEBUG - extracting dbf83056c82053c4cdbc7fc8715ff0e2\0064.png...
2021-12-27 14:54:00,257 - root - DEBUG - extracting dbf83056c82053c4cdbc7fc8715ff0e2\0065.png...
2021-12-27 14:54:00,257 - root - DEBUG - extracting dbf83056c82053c4cdbc7fc8715ff0e2\0066.png...
2021-12-27 14:54:00,257 - root - DEBUG - extracting dbf83056c82053c4cdbc7fc8715ff0e2\0067.png...
2021-12-27 14:54:00,257 - root - DEBUG - extracting dbf83056c82053c4cdbc7fc8715ff0e2\0068.png...
2021-12-27 14:54:00,273 - root - DEBUG - extracting dbf83056c82053c4cdbc7fc8715ff0e2\0069.png...
2021-12-27 14:54:00,273 - root - DEBUG - extracting dbf83056c82053c4cdbc7fc8715ff0e2\0070.png...
2021-12-27 14:54:00,273 - root - DEBUG - extracting dbf83056c82053c4cdbc7fc8715ff0e2\0071.png...
2021-12-27 14:54:00,273 - root - DEBUG - extracting dbf83056c82053c4cdbc7fc8715ff0e2\0072.png...
2021-12-27 14:54:00,273 - root - DEBUG - extracting dbf83056c82053c4cdbc7fc8715ff0e2\0073.png...
2021-12-27 14:54:00,273 - root - DEBUG - extracting dbf83056c82053c4cdbc7fc8715ff0e2\0074.png...
2021-12-27 14:54:00,273 - root - DEBUG - extracting dbf83056c82053c4cdbc7fc8715ff0e2\0075.png...
2021-12-27 14:54:00,273 - root - DEBUG - extracting dbf83056c82053c4cdbc7fc8715ff0e2\0076.png...
2021-12-27 14:54:00,273 - root - DEBUG - extracting dbf83056c82053c4cdbc7fc8715ff0e2\0077.png...
2021-12-27 14:54:00,273 - root - DEBUG - extracting dbf83056c82053c4cdbc7fc8715ff0e2\0078.png...
2021-12-27 14:54:00,273 - root - DEBUG - extracting dbf83056c82053c4cdbc7fc8715ff0e2\0079.png...
2021-12-27 14:54:00,273 - root - DEBUG - extracting dbf83056c82053c4cdbc7fc8715ff0e2\0080.png...
2021-12-27 14:54:00,273 - root - DEBUG - extracting dbf83056c82053c4cdbc7fc8715ff0e2\0081.png...
2021-12-27 14:54:00,273 - root - DEBUG - extracting dbf83056c82053c4cdbc7fc8715ff0e2\0082.png...
2021-12-27 14:54:00,273 - root - DEBUG - extracting dbf83056c82053c4cdbc7fc8715ff0e2\0083.png...
2021-12-27 14:54:00,273 - root - DEBUG - extracting dbf83056c82053c4cdbc7fc8715ff0e2\0084.png...
2021-12-27 14:54:00,273 - root - DEBUG - extracting dbf83056c82053c4cdbc7fc8715ff0e2\0085.png...
2021-12-27 14:54:00,273 - root - DEBUG - extracting dbf83056c82053c4cdbc7fc8715ff0e2\0086.png...
2021-12-27 14:54:00,273 - root - DEBUG - extracting dbf83056c82053c4cdbc7fc8715ff0e2\0087.png...
2021-12-27 14:54:00,273 - root - DEBUG - extracting dbf83056c82053c4cdbc7fc8715ff0e2\0088.png...
2021-12-27 14:54:00,289 - root - DEBUG - extracting dbf83056c82053c4cdbc7fc8715ff0e2\0089.png...
2021-12-27 14:54:00,289 - root - DEBUG - extracting dbf83056c82053c4cdbc7fc8715ff0e2\0090.png...
2021-12-27 14:54:00,289 - root - DEBUG - Exporting config...
