2023-07-09 18:40:40,098 - root - DEBUG - Opening watch face 'E:\Codez\zepp-bipupro-wf\4961c75712fb6f7082040899ff1d3b72.bin'
2023-07-09 18:40:40,108 - root - DEBUG - Reading parameters...
2023-07-09 18:40:40,108 - root - INFO - Reading header...
2023-07-09 18:40:40,108 - root - INFO - Header was read:
2023-07-09 18:40:40,108 - root - INFO - Signature: b'UIHH\x01\x00\xff', Unknown: 45, ParametersSize: 45, isValid: True, deviceId: 71
2023-07-09 18:40:40,108 - root - INFO - Reading parameter offsets...
2023-07-09 18:40:40,108 - root - INFO - Parameter offsets were read from file
2023-07-09 18:40:40,108 - root - INFO - Reading parameters descriptor...
2023-07-09 18:40:40,108 - root - INFO - 1 ( A): 5 bytes
2023-07-09 18:40:40,108 - root - INFO -     1 ( 8): 172 AC
2023-07-09 18:40:40,108 - root - INFO -     2 (10): 36 24
2023-07-09 18:40:40,108 - root - INFO - getParameters descriptor was read:
2023-07-09 18:40:40,108 - root - INFO - ParametersTableLength: 172, ImagesCount: 36
2023-07-09 18:40:40,108 - root - INFO - Reading parameters locations...
2023-07-09 18:40:40,108 - root - INFO - 2 (12): 4 bytes
2023-07-09 18:40:40,108 - root - INFO -     1 ( 8): 0  0
2023-07-09 18:40:40,108 - root - INFO -     2 (10): 16 10
2023-07-09 18:40:40,108 - root - INFO - 5 (2A): 4 bytes
2023-07-09 18:40:40,108 - root - INFO -     1 ( 8): 16 10
2023-07-09 18:40:40,108 - root - INFO -     2 (10): 18 12
2023-07-09 18:40:40,108 - root - INFO - 7 (3A): 4 bytes
2023-07-09 18:40:40,108 - root - INFO -     1 ( 8): 34 22
2023-07-09 18:40:40,108 - root - INFO -     2 (10): 20 14
2023-07-09 18:40:40,108 - root - INFO - 9 (4A): 4 bytes
2023-07-09 18:40:40,108 - root - INFO -     1 ( 8): 97 61
2023-07-09 18:40:40,108 - root - INFO -     2 (10): 44 2C
2023-07-09 18:40:40,108 - root - INFO - 12 (62): 4 bytes
2023-07-09 18:40:40,108 - root - INFO -     1 ( 8): 54 36
2023-07-09 18:40:40,108 - root - INFO -     2 (10): 43 2B
2023-07-09 18:40:40,108 - root - INFO - 20 (A2): 5 bytes
2023-07-09 18:40:40,108 - root - INFO -     1 ( 8): 141 8D
2023-07-09 18:40:40,108 - root - INFO -     2 (10): 31 1F
2023-07-09 18:40:40,108 - root - INFO - Watch face parameters locations were read:
2023-07-09 18:40:40,118 - root - INFO - Reading descriptor for parameter 2
2023-07-09 18:40:40,118 - root - INFO - Descriptor offset: 0, Descriptor length: 16
2023-07-09 18:40:40,118 - root - INFO - Parsing descriptor for parameter 2...
2023-07-09 18:40:40,118 - root - INFO - 1 ( A): 6 bytes
2023-07-09 18:40:40,118 - root - INFO -     1 ( 8): 0  0
2023-07-09 18:40:40,118 - root - INFO -     2 (10): 0  0
2023-07-09 18:40:40,118 - root - INFO -     3 (18): 1  1
2023-07-09 18:40:40,118 - root - INFO - 3 (1A): 6 bytes
2023-07-09 18:40:40,118 - root - INFO -     1 ( 8): 0  0
2023-07-09 18:40:40,118 - root - INFO -     2 (10): 0  0
2023-07-09 18:40:40,118 - root - INFO -     3 (18): 0  0
2023-07-09 18:40:40,118 - root - INFO - Reading descriptor for parameter 5
2023-07-09 18:40:40,118 - root - INFO - Descriptor offset: 16, Descriptor length: 18
2023-07-09 18:40:40,118 - root - INFO - Parsing descriptor for parameter 5...
2023-07-09 18:40:40,118 - root - INFO - 1 ( A): 6 bytes
2023-07-09 18:40:40,118 - root - INFO -     4 (20): 1  1
2023-07-09 18:40:40,118 - root - INFO -     5 (28): 1  1
2023-07-09 18:40:40,118 - root - INFO -     6 (30): 0  0
2023-07-09 18:40:40,118 - root - INFO - 4 (22): 8 bytes
2023-07-09 18:40:40,118 - root - INFO -     1 ( 8): 83 53
2023-07-09 18:40:40,118 - root - INFO -     2 (10): 7  7
2023-07-09 18:40:40,118 - root - INFO -     3 (18): 2  2
2023-07-09 18:40:40,118 - root - INFO -     4 (20): 7  7
2023-07-09 18:40:40,118 - root - INFO - Reading descriptor for parameter 7
2023-07-09 18:40:40,118 - root - INFO - Descriptor offset: 34, Descriptor length: 20
2023-07-09 18:40:40,118 - root - INFO - Parsing descriptor for parameter 7...
2023-07-09 18:40:40,118 - root - INFO - 2 (12): 9 bytes
2023-07-09 18:40:40,118 - root - INFO -     1 ( 8): 88 58
2023-07-09 18:40:40,118 - root - INFO -     2 (10): 188 BC
2023-07-09 18:40:40,118 - root - INFO -     3 (18): 9  9
2023-07-09 18:40:40,124 - root - INFO -     4 (20): 12  C
2023-07-09 18:40:40,124 - root - INFO - 8 (42): 7 bytes
2023-07-09 18:40:40,124 - root - INFO -     1 ( 8): 88 58
2023-07-09 18:40:40,124 - root - INFO -     2 (10): 188 BC
2023-07-09 18:40:40,124 - root - INFO -     3 (18): 21 15
2023-07-09 18:40:40,124 - root - INFO - Reading descriptor for parameter 9
2023-07-09 18:40:40,124 - root - INFO - Descriptor offset: 97, Descriptor length: 44
2023-07-09 18:40:40,124 - root - INFO - Parsing descriptor for parameter 9...
2023-07-09 18:40:40,124 - root - INFO - 3 (1A): 42 bytes
2023-07-09 18:40:40,127 - root - INFO -     1 ( 8): 28 1C
2023-07-09 18:40:40,127 - root - INFO -     2 (12): 6 bytes
2023-07-09 18:40:40,127 - root - INFO -         1 ( 8): 250 FA
2023-07-09 18:40:40,127 - root - INFO -         2 (10): 154 9A
2023-07-09 18:40:40,127 - root - INFO -     2 (12): 6 bytes
2023-07-09 18:40:40,127 - root - INFO -         1 ( 8): 237 ED
2023-07-09 18:40:40,127 - root - INFO -         2 (10): 154 9A
2023-07-09 18:40:40,127 - root - INFO -     2 (12): 6 bytes
2023-07-09 18:40:40,127 - root - INFO -         1 ( 8): 224 E0
2023-07-09 18:40:40,127 - root - INFO -         2 (10): 154 9A
2023-07-09 18:40:40,127 - root - INFO -     2 (12): 6 bytes
2023-07-09 18:40:40,128 - root - INFO -         1 ( 8): 211 D3
2023-07-09 18:40:40,128 - root - INFO -         2 (10): 154 9A
2023-07-09 18:40:40,128 - root - INFO -     2 (12): 6 bytes
2023-07-09 18:40:40,128 - root - INFO -         1 ( 8): 198 C6
2023-07-09 18:40:40,128 - root - INFO -         2 (10): 154 9A
2023-07-09 18:40:40,128 - root - INFO - Reading descriptor for parameter 12
2023-07-09 18:40:40,128 - root - INFO - Descriptor offset: 54, Descriptor length: 43
2023-07-09 18:40:40,128 - root - INFO - Parsing descriptor for parameter 12...
2023-07-09 18:40:40,128 - root - INFO - 3 (1A): 41 bytes
2023-07-09 18:40:40,128 - root - INFO -     1 ( 8): 22 16
2023-07-09 18:40:40,128 - root - INFO -     2 (12): 5 bytes
2023-07-09 18:40:40,128 - root - INFO -         1 ( 8): 47 2F
2023-07-09 18:40:40,128 - root - INFO -         2 (10): 208 D0
2023-07-09 18:40:40,128 - root - INFO -     2 (12): 5 bytes
2023-07-09 18:40:40,128 - root - INFO -         1 ( 8): 16 10
2023-07-09 18:40:40,128 - root - INFO -         2 (10): 190 BE
2023-07-09 18:40:40,128 - root - INFO -     2 (12): 5 bytes
2023-07-09 18:40:40,128 - root - INFO -         1 ( 8): 4  4
2023-07-09 18:40:40,128 - root - INFO -         2 (10): 161 A1
2023-07-09 18:40:40,128 - root - INFO -     2 (12): 4 bytes
2023-07-09 18:40:40,128 - root - INFO -         1 ( 8): 4  4
2023-07-09 18:40:40,128 - root - INFO -         2 (10): 126 7E
2023-07-09 18:40:40,128 - root - INFO -     2 (12): 4 bytes
2023-07-09 18:40:40,128 - root - INFO -         1 ( 8): 17 11
2023-07-09 18:40:40,128 - root - INFO -         2 (10): 103 67
2023-07-09 18:40:40,128 - root - INFO -     2 (12): 4 bytes
2023-07-09 18:40:40,128 - root - INFO -         1 ( 8): 48 30
2023-07-09 18:40:40,128 - root - INFO -         2 (10): 102 66
2023-07-09 18:40:40,128 - root - INFO - Reading descriptor for parameter 20
2023-07-09 18:40:40,128 - root - INFO - Descriptor offset: 141, Descriptor length: 31
2023-07-09 18:40:40,128 - root - INFO - Parsing descriptor for parameter 20...
2023-07-09 18:40:40,128 - root - INFO - 2 (12): 6 bytes
2023-07-09 18:40:40,128 - root - INFO -     1 ( 8): 151 97
2023-07-09 18:40:40,128 - root - INFO -     2 (10): 160 A0
2023-07-09 18:40:40,128 - root - INFO - 3 (1A): 4 bytes
2023-07-09 18:40:40,128 - root - INFO -     1 ( 8): 33 21
2023-07-09 18:40:40,128 - root - INFO -     2 (10): 91 5B
2023-07-09 18:40:40,128 - root - INFO - 4 (22): 15 bytes
2023-07-09 18:40:40,128 - root - INFO -     1 ( 8): 34 22
2023-07-09 18:40:40,128 - root - INFO -     2 (10): 140 8C
2023-07-09 18:40:40,128 - root - INFO -     4 (22): 8 bytes
2023-07-09 18:40:40,128 - root - INFO -         1 ( 8): 143 8F
2023-07-09 18:40:40,128 - root - INFO -         2 (10): 152 98
2023-07-09 18:40:40,128 - root - INFO -         3 (18): 35 23
2023-07-09 18:40:40,138 - root - INFO - Reading resources offsets table with 36 elements (144 bytes)
2023-07-09 18:40:40,140 - root - INFO - Resource 0 offset: 448, length: 86472...
2023-07-09 18:40:40,140 - root - DEBUG - Reading resource 0...
2023-07-09 18:40:40,203 - root - INFO - The image is bmc.
2023-07-09 18:40:40,203 - root - INFO - Reading image header(readHeader16C)...
2023-07-09 18:40:40,203 - root - INFO - Image header was read:
2023-07-09 18:40:40,203 - root - INFO - Width: 202, Height: 214, RowLength: 404
2023-07-09 18:40:40,203 - root - INFO - _step: 2, unknown2: 0,
2023-07-09 18:40:40,203 - root - INFO - BPP: 16, Transparency: False
2023-07-09 18:40:40,468 - root - INFO - Resource 1 offset: 86920, length: 158468...
2023-07-09 18:40:40,473 - root - DEBUG - Reading resource 1...
2023-07-09 18:40:40,473 - root - INFO - The image is bme.
2023-07-09 18:40:40,473 - root - INFO - Reading image header(readHeader16E)...
2023-07-09 18:40:40,473 - root - INFO - Image header was read:
2023-07-09 18:40:40,473 - root - INFO - Width: 302, Height: 320, RowLength: 604
2023-07-09 18:40:40,473 - root - INFO - datalength: 158452, _step: 2
2023-07-09 18:40:40,473 - root - INFO - BPP: 16, Transparency: False
2023-07-09 18:40:40,988 - root - INFO - Resource 2 offset: 245388, length: 26664...
2023-07-09 18:40:40,988 - root - DEBUG - Reading resource 2...
2023-07-09 18:40:40,988 - root - INFO - The image is bme.
2023-07-09 18:40:40,988 - root - INFO - Reading image header(readHeader16E)...
2023-07-09 18:40:40,988 - root - INFO - Image header was read:
2023-07-09 18:40:40,988 - root - INFO - Width: 134, Height: 131, RowLength: 268
2023-07-09 18:40:40,988 - root - INFO - datalength: 26648, _step: 2
2023-07-09 18:40:40,988 - root - INFO - BPP: 16, Transparency: False
2023-07-09 18:40:41,071 - root - INFO - Resource 3 offset: 272052, length: 26494...
2023-07-09 18:40:41,071 - root - DEBUG - Reading resource 3...
2023-07-09 18:40:41,071 - root - INFO - The image is bme.
2023-07-09 18:40:41,071 - root - INFO - Reading image header(readHeader16E)...
2023-07-09 18:40:41,071 - root - INFO - Image header was read:
2023-07-09 18:40:41,071 - root - INFO - Width: 134, Height: 131, RowLength: 268
2023-07-09 18:40:41,071 - root - INFO - datalength: 26478, _step: 2
2023-07-09 18:40:41,071 - root - INFO - BPP: 16, Transparency: False
2023-07-09 18:40:41,150 - root - INFO - Resource 4 offset: 298546, length: 26472...
2023-07-09 18:40:41,150 - root - DEBUG - Reading resource 4...
2023-07-09 18:40:41,150 - root - INFO - The image is bme.
2023-07-09 18:40:41,150 - root - INFO - Reading image header(readHeader16E)...
2023-07-09 18:40:41,150 - root - INFO - Image header was read:
2023-07-09 18:40:41,150 - root - INFO - Width: 136, Height: 132, RowLength: 272
2023-07-09 18:40:41,158 - root - INFO - datalength: 26456, _step: 2
2023-07-09 18:40:41,158 - root - INFO - BPP: 16, Transparency: False
2023-07-09 18:40:41,238 - root - INFO - Resource 5 offset: 325018, length: 26482...
2023-07-09 18:40:41,238 - root - DEBUG - Reading resource 5...
2023-07-09 18:40:41,238 - root - INFO - The image is bme.
2023-07-09 18:40:41,238 - root - INFO - Reading image header(readHeader16E)...
2023-07-09 18:40:41,238 - root - INFO - Image header was read:
2023-07-09 18:40:41,238 - root - INFO - Width: 134, Height: 131, RowLength: 268
2023-07-09 18:40:41,238 - root - INFO - datalength: 26466, _step: 2
2023-07-09 18:40:41,238 - root - INFO - BPP: 16, Transparency: False
2023-07-09 18:40:41,323 - root - INFO - Resource 6 offset: 351500, length: 26504...
2023-07-09 18:40:41,323 - root - DEBUG - Reading resource 6...
2023-07-09 18:40:41,323 - root - INFO - The image is bme.
2023-07-09 18:40:41,323 - root - INFO - Reading image header(readHeader16E)...
2023-07-09 18:40:41,323 - root - INFO - Image header was read:
2023-07-09 18:40:41,323 - root - INFO - Width: 134, Height: 131, RowLength: 268
2023-07-09 18:40:41,323 - root - INFO - datalength: 26488, _step: 2
2023-07-09 18:40:41,326 - root - INFO - BPP: 16, Transparency: False
2023-07-09 18:40:41,445 - root - INFO - Resource 7 offset: 378004, length: 26478...
2023-07-09 18:40:41,445 - root - DEBUG - Reading resource 7...
2023-07-09 18:40:41,445 - root - INFO - The image is bme.
2023-07-09 18:40:41,445 - root - INFO - Reading image header(readHeader16E)...
2023-07-09 18:40:41,446 - root - INFO - Image header was read:
2023-07-09 18:40:41,446 - root - INFO - Width: 134, Height: 131, RowLength: 268
2023-07-09 18:40:41,446 - root - INFO - datalength: 26462, _step: 2
2023-07-09 18:40:41,446 - root - INFO - BPP: 16, Transparency: False
2023-07-09 18:40:41,547 - root - INFO - Resource 8 offset: 404482, length: 26518...
2023-07-09 18:40:41,547 - root - DEBUG - Reading resource 8...
2023-07-09 18:40:41,548 - root - INFO - The image is bme.
2023-07-09 18:40:41,548 - root - INFO - Reading image header(readHeader16E)...
2023-07-09 18:40:41,548 - root - INFO - Image header was read:
2023-07-09 18:40:41,548 - root - INFO - Width: 134, Height: 131, RowLength: 268
2023-07-09 18:40:41,548 - root - INFO - datalength: 26502, _step: 2
2023-07-09 18:40:41,548 - root - INFO - BPP: 16, Transparency: False
2023-07-09 18:40:41,632 - root - INFO - Resource 9 offset: 431000, length: 24430...
2023-07-09 18:40:41,632 - root - DEBUG - Reading resource 9...
2023-07-09 18:40:41,632 - root - INFO - The image is bme.
2023-07-09 18:40:41,632 - root - INFO - Reading image header(readHeader16E)...
2023-07-09 18:40:41,632 - root - INFO - Image header was read:
2023-07-09 18:40:41,632 - root - INFO - Width: 124, Height: 123, RowLength: 248
2023-07-09 18:40:41,632 - root - INFO - datalength: 24414, _step: 2
2023-07-09 18:40:41,632 - root - INFO - BPP: 16, Transparency: False
2023-07-09 18:40:41,714 - root - INFO - Resource 10 offset: 455430, length: 24396...
2023-07-09 18:40:41,714 - root - DEBUG - Reading resource 10...
2023-07-09 18:40:41,714 - root - INFO - The image is bme.
2023-07-09 18:40:41,714 - root - INFO - Reading image header(readHeader16E)...
2023-07-09 18:40:41,715 - root - INFO - Image header was read:
2023-07-09 18:40:41,715 - root - INFO - Width: 124, Height: 123, RowLength: 248
2023-07-09 18:40:41,715 - root - INFO - datalength: 24380, _step: 2
2023-07-09 18:40:41,715 - root - INFO - BPP: 16, Transparency: False
2023-07-09 18:40:41,793 - root - INFO - Resource 11 offset: 479826, length: 24486...
2023-07-09 18:40:41,793 - root - DEBUG - Reading resource 11...
2023-07-09 18:40:41,793 - root - INFO - The image is bme.
2023-07-09 18:40:41,793 - root - INFO - Reading image header(readHeader16E)...
2023-07-09 18:40:41,793 - root - INFO - Image header was read:
2023-07-09 18:40:41,793 - root - INFO - Width: 126, Height: 125, RowLength: 252
2023-07-09 18:40:41,793 - root - INFO - datalength: 24470, _step: 2
2023-07-09 18:40:41,793 - root - INFO - BPP: 16, Transparency: False
2023-07-09 18:40:41,884 - root - INFO - Resource 12 offset: 504312, length: 24400...
2023-07-09 18:40:41,884 - root - DEBUG - Reading resource 12...
2023-07-09 18:40:41,884 - root - INFO - The image is bme.
2023-07-09 18:40:41,885 - root - INFO - Reading image header(readHeader16E)...
2023-07-09 18:40:41,885 - root - INFO - Image header was read:
2023-07-09 18:40:41,885 - root - INFO - Width: 124, Height: 123, RowLength: 248
2023-07-09 18:40:41,885 - root - INFO - datalength: 24384, _step: 2
2023-07-09 18:40:41,885 - root - INFO - BPP: 16, Transparency: False
2023-07-09 18:40:41,972 - root - INFO - Resource 13 offset: 528712, length: 24450...
2023-07-09 18:40:41,972 - root - DEBUG - Reading resource 13...
2023-07-09 18:40:41,972 - root - INFO - The image is bme.
2023-07-09 18:40:41,972 - root - INFO - Reading image header(readHeader16E)...
2023-07-09 18:40:41,973 - root - INFO - Image header was read:
2023-07-09 18:40:41,973 - root - INFO - Width: 124, Height: 123, RowLength: 248
2023-07-09 18:40:41,973 - root - INFO - datalength: 24434, _step: 2
2023-07-09 18:40:41,973 - root - INFO - BPP: 16, Transparency: False
2023-07-09 18:40:42,052 - root - INFO - Resource 14 offset: 553162, length: 24378...
2023-07-09 18:40:42,053 - root - DEBUG - Reading resource 14...
2023-07-09 18:40:42,053 - root - INFO - The image is bme.
2023-07-09 18:40:42,053 - root - INFO - Reading image header(readHeader16E)...
2023-07-09 18:40:42,053 - root - INFO - Image header was read:
2023-07-09 18:40:42,053 - root - INFO - Width: 124, Height: 123, RowLength: 248
2023-07-09 18:40:42,053 - root - INFO - datalength: 24362, _step: 2
2023-07-09 18:40:42,053 - root - INFO - BPP: 16, Transparency: False
2023-07-09 18:40:42,133 - root - INFO - Resource 15 offset: 577540, length: 24378...
2023-07-09 18:40:42,133 - root - DEBUG - Reading resource 15...
2023-07-09 18:40:42,133 - root - INFO - The image is bme.
2023-07-09 18:40:42,133 - root - INFO - Reading image header(readHeader16E)...
2023-07-09 18:40:42,133 - root - INFO - Image header was read:
2023-07-09 18:40:42,133 - root - INFO - Width: 124, Height: 123, RowLength: 248
2023-07-09 18:40:42,133 - root - INFO - datalength: 24362, _step: 2
2023-07-09 18:40:42,133 - root - INFO - BPP: 16, Transparency: False
2023-07-09 18:40:42,208 - root - INFO - Resource 16 offset: 601918, length: 24360...
2023-07-09 18:40:42,208 - root - DEBUG - Reading resource 16...
2023-07-09 18:40:42,212 - root - INFO - The image is bme.
2023-07-09 18:40:42,212 - root - INFO - Reading image header(readHeader16E)...
2023-07-09 18:40:42,212 - root - INFO - Image header was read:
2023-07-09 18:40:42,212 - root - INFO - Width: 124, Height: 123, RowLength: 248
2023-07-09 18:40:42,212 - root - INFO - datalength: 24344, _step: 2
2023-07-09 18:40:42,212 - root - INFO - BPP: 16, Transparency: False
2023-07-09 18:40:42,288 - root - INFO - Resource 17 offset: 626278, length: 24370...
2023-07-09 18:40:42,288 - root - DEBUG - Reading resource 17...
2023-07-09 18:40:42,288 - root - INFO - The image is bme.
2023-07-09 18:40:42,288 - root - INFO - Reading image header(readHeader16E)...
2023-07-09 18:40:42,288 - root - INFO - Image header was read:
2023-07-09 18:40:42,288 - root - INFO - Width: 124, Height: 123, RowLength: 248
2023-07-09 18:40:42,288 - root - INFO - datalength: 24354, _step: 2
2023-07-09 18:40:42,288 - root - INFO - BPP: 16, Transparency: False
2023-07-09 18:40:42,369 - root - INFO - Resource 18 offset: 650648, length: 24386...
2023-07-09 18:40:42,369 - root - DEBUG - Reading resource 18...
2023-07-09 18:40:42,369 - root - INFO - The image is bme.
2023-07-09 18:40:42,369 - root - INFO - Reading image header(readHeader16E)...
2023-07-09 18:40:42,369 - root - INFO - Image header was read:
2023-07-09 18:40:42,369 - root - INFO - Width: 124, Height: 123, RowLength: 248
2023-07-09 18:40:42,369 - root - INFO - datalength: 24370, _step: 2
2023-07-09 18:40:42,369 - root - INFO - BPP: 16, Transparency: False
2023-07-09 18:40:42,443 - root - INFO - Resource 19 offset: 675034, length: 24380...
2023-07-09 18:40:42,443 - root - DEBUG - Reading resource 19...
2023-07-09 18:40:42,443 - root - INFO - The image is bme.
2023-07-09 18:40:42,443 - root - INFO - Reading image header(readHeader16E)...
2023-07-09 18:40:42,443 - root - INFO - Image header was read:
2023-07-09 18:40:42,448 - root - INFO - Width: 124, Height: 123, RowLength: 248
2023-07-09 18:40:42,448 - root - INFO - datalength: 24364, _step: 2
2023-07-09 18:40:42,448 - root - INFO - BPP: 16, Transparency: False
2023-07-09 18:40:42,528 - root - INFO - Resource 20 offset: 699414, length: 24384...
2023-07-09 18:40:42,529 - root - DEBUG - Reading resource 20...
2023-07-09 18:40:42,529 - root - INFO - The image is bme.
2023-07-09 18:40:42,529 - root - INFO - Reading image header(readHeader16E)...
2023-07-09 18:40:42,529 - root - INFO - Image header was read:
2023-07-09 18:40:42,529 - root - INFO - Width: 124, Height: 123, RowLength: 248
2023-07-09 18:40:42,529 - root - INFO - datalength: 24368, _step: 2
2023-07-09 18:40:42,529 - root - INFO - BPP: 16, Transparency: False
2023-07-09 18:40:42,603 - root - INFO - Resource 21 offset: 723798, length: 24384...
2023-07-09 18:40:42,603 - root - DEBUG - Reading resource 21...
2023-07-09 18:40:42,603 - root - INFO - The image is bme.
2023-07-09 18:40:42,603 - root - INFO - Reading image header(readHeader16E)...
2023-07-09 18:40:42,603 - root - INFO - Image header was read:
2023-07-09 18:40:42,603 - root - INFO - Width: 124, Height: 123, RowLength: 248
2023-07-09 18:40:42,603 - root - INFO - datalength: 24368, _step: 2
2023-07-09 18:40:42,603 - root - INFO - BPP: 16, Transparency: False
2023-07-09 18:40:42,679 - root - INFO - Resource 22 offset: 748182, length: 1132...
2023-07-09 18:40:42,679 - root - DEBUG - Reading resource 22...
2023-07-09 18:40:42,679 - root - INFO - The image is bmc.
2023-07-09 18:40:42,679 - root - INFO - Reading image header(readHeader16C)...
2023-07-09 18:40:42,679 - root - INFO - Image header was read:
2023-07-09 18:40:42,679 - root - INFO - Width: 31, Height: 12, RowLength: 93
2023-07-09 18:40:42,679 - root - INFO - _step: 3, unknown2: 0,
2023-07-09 18:40:42,679 - root - INFO - BPP: 24, Transparency: False
2023-07-09 18:40:42,679 - root - INFO - Resource 23 offset: 749314, length: 3061...
2023-07-09 18:40:42,679 - root - DEBUG - Reading resource 23...
2023-07-09 18:40:42,679 - root - INFO - The image is bmc.
2023-07-09 18:40:42,679 - root - INFO - Reading image header(readHeader16C)...
2023-07-09 18:40:42,679 - root - INFO - Image header was read:
2023-07-09 18:40:42,688 - root - INFO - Width: 35, Height: 29, RowLength: 105
2023-07-09 18:40:42,688 - root - INFO - _step: 3, unknown2: 0,
2023-07-09 18:40:42,688 - root - INFO - BPP: 24, Transparency: False
2023-07-09 18:40:42,690 - root - INFO - Resource 24 offset: 752375, length: 2392...
2023-07-09 18:40:42,690 - root - DEBUG - Reading resource 24...
2023-07-09 18:40:42,690 - root - INFO - The image is bmc.
2023-07-09 18:40:42,690 - root - INFO - Reading image header(readHeader16C)...
2023-07-09 18:40:42,690 - root - INFO - Image header was read:
2023-07-09 18:40:42,690 - root - INFO - Width: 22, Height: 36, RowLength: 66
2023-07-09 18:40:42,690 - root - INFO - _step: 3, unknown2: 0,
2023-07-09 18:40:42,690 - root - INFO - BPP: 24, Transparency: False
2023-07-09 18:40:42,698 - root - INFO - Resource 25 offset: 754767, length: 2392...
2023-07-09 18:40:42,698 - root - DEBUG - Reading resource 25...
2023-07-09 18:40:42,698 - root - INFO - The image is bmc.
2023-07-09 18:40:42,698 - root - INFO - Reading image header(readHeader16C)...
2023-07-09 18:40:42,698 - root - INFO - Image header was read:
2023-07-09 18:40:42,698 - root - INFO - Width: 22, Height: 36, RowLength: 66
2023-07-09 18:40:42,698 - root - INFO - _step: 3, unknown2: 0,
2023-07-09 18:40:42,698 - root - INFO - BPP: 24, Transparency: False
2023-07-09 18:40:42,706 - root - INFO - Resource 26 offset: 757159, length: 2974...
2023-07-09 18:40:42,706 - root - DEBUG - Reading resource 26...
2023-07-09 18:40:42,706 - root - INFO - The image is bmc.
2023-07-09 18:40:42,706 - root - INFO - Reading image header(readHeader16C)...
2023-07-09 18:40:42,706 - root - INFO - Image header was read:
2023-07-09 18:40:42,706 - root - INFO - Width: 34, Height: 29, RowLength: 102
2023-07-09 18:40:42,706 - root - INFO - _step: 3, unknown2: 0,
2023-07-09 18:40:42,706 - root - INFO - BPP: 24, Transparency: False
2023-07-09 18:40:42,708 - root - INFO - Resource 27 offset: 760133, length: 1096...
2023-07-09 18:40:42,708 - root - DEBUG - Reading resource 27...
2023-07-09 18:40:42,708 - root - INFO - The image is bmc.
2023-07-09 18:40:42,708 - root - INFO - Reading image header(readHeader16C)...
2023-07-09 18:40:42,708 - root - INFO - Image header was read:
2023-07-09 18:40:42,708 - root - INFO - Width: 30, Height: 12, RowLength: 90
2023-07-09 18:40:42,708 - root - INFO - _step: 3, unknown2: 0,
2023-07-09 18:40:42,708 - root - INFO - BPP: 24, Transparency: False
2023-07-09 18:40:42,708 - root - INFO - Resource 28 offset: 761229, length: 340...
2023-07-09 18:40:42,708 - root - DEBUG - Reading resource 28...
2023-07-09 18:40:42,708 - root - INFO - The image is bme.
2023-07-09 18:40:42,708 - root - INFO - Reading image header(readHeader16E)...
2023-07-09 18:40:42,708 - root - INFO - Image header was read:
2023-07-09 18:40:42,708 - root - INFO - Width: 10, Height: 15, RowLength: 20
2023-07-09 18:40:42,708 - root - INFO - datalength: 324, _step: 2
2023-07-09 18:40:42,708 - root - INFO - BPP: 16, Transparency: False
2023-07-09 18:40:42,718 - root - INFO - Resource 29 offset: 761569, length: 340...
2023-07-09 18:40:42,718 - root - DEBUG - Reading resource 29...
2023-07-09 18:40:42,718 - root - INFO - The image is bme.
2023-07-09 18:40:42,718 - root - INFO - Reading image header(readHeader16E)...
2023-07-09 18:40:42,718 - root - INFO - Image header was read:
2023-07-09 18:40:42,718 - root - INFO - Width: 10, Height: 15, RowLength: 20
2023-07-09 18:40:42,718 - root - INFO - datalength: 324, _step: 2
2023-07-09 18:40:42,718 - root - INFO - BPP: 16, Transparency: False
2023-07-09 18:40:42,718 - root - INFO - Resource 30 offset: 761909, length: 340...
2023-07-09 18:40:42,718 - root - DEBUG - Reading resource 30...
2023-07-09 18:40:42,718 - root - INFO - The image is bme.
2023-07-09 18:40:42,722 - root - INFO - Reading image header(readHeader16E)...
2023-07-09 18:40:42,722 - root - INFO - Image header was read:
2023-07-09 18:40:42,722 - root - INFO - Width: 10, Height: 15, RowLength: 20
2023-07-09 18:40:42,722 - root - INFO - datalength: 324, _step: 2
2023-07-09 18:40:42,722 - root - INFO - BPP: 16, Transparency: False
2023-07-09 18:40:42,722 - root - INFO - Resource 31 offset: 762249, length: 340...
2023-07-09 18:40:42,722 - root - DEBUG - Reading resource 31...
2023-07-09 18:40:42,722 - root - INFO - The image is bme.
2023-07-09 18:40:42,722 - root - INFO - Reading image header(readHeader16E)...
2023-07-09 18:40:42,722 - root - INFO - Image header was read:
2023-07-09 18:40:42,722 - root - INFO - Width: 10, Height: 15, RowLength: 20
2023-07-09 18:40:42,722 - root - INFO - datalength: 324, _step: 2
2023-07-09 18:40:42,722 - root - INFO - BPP: 16, Transparency: False
2023-07-09 18:40:42,722 - root - INFO - Resource 32 offset: 762589, length: 340...
2023-07-09 18:40:42,722 - root - DEBUG - Reading resource 32...
2023-07-09 18:40:42,722 - root - INFO - The image is bme.
2023-07-09 18:40:42,722 - root - INFO - Reading image header(readHeader16E)...
2023-07-09 18:40:42,722 - root - INFO - Image header was read:
2023-07-09 18:40:42,722 - root - INFO - Width: 10, Height: 15, RowLength: 20
2023-07-09 18:40:42,722 - root - INFO - datalength: 324, _step: 2
2023-07-09 18:40:42,722 - root - INFO - BPP: 16, Transparency: False
2023-07-09 18:40:42,722 - root - INFO - Resource 33 offset: 762929, length: 9220...
2023-07-09 18:40:42,722 - root - DEBUG - Reading resource 33...
2023-07-09 18:40:42,722 - root - INFO - The image is bmc.
2023-07-09 18:40:42,722 - root - INFO - Reading image header(readHeader16C)...
2023-07-09 18:40:42,722 - root - INFO - Image header was read:
2023-07-09 18:40:42,722 - root - INFO - Width: 26, Height: 118, RowLength: 78
2023-07-09 18:40:42,722 - root - INFO - _step: 3, unknown2: 0,
2023-07-09 18:40:42,722 - root - INFO - BPP: 24, Transparency: False
2023-07-09 18:40:42,738 - root - INFO - Resource 34 offset: 772149, length: 13120...
2023-07-09 18:40:42,738 - root - DEBUG - Reading resource 34...
2023-07-09 18:40:42,738 - root - INFO - The image is bmc.
2023-07-09 18:40:42,738 - root - INFO - Reading image header(readHeader16C)...
2023-07-09 18:40:42,738 - root - INFO - Image header was read:
2023-07-09 18:40:42,738 - root - INFO - Width: 26, Height: 168, RowLength: 78
2023-07-09 18:40:42,738 - root - INFO - _step: 3, unknown2: 0,
2023-07-09 18:40:42,749 - root - INFO - BPP: 24, Transparency: False
2023-07-09 18:40:42,770 - root - INFO - Resource 35 offset: 785269, length: 784...
2023-07-09 18:40:42,770 - root - DEBUG - Reading resource 35...
2023-07-09 18:40:42,770 - root - INFO - The image is bmc.
2023-07-09 18:40:42,770 - root - INFO - Reading image header(readHeader16C)...
2023-07-09 18:40:42,770 - root - INFO - Image header was read:
2023-07-09 18:40:42,770 - root - INFO - Width: 16, Height: 16, RowLength: 48
2023-07-09 18:40:42,770 - root - INFO - _step: 3, unknown2: 0,
2023-07-09 18:40:42,770 - root - INFO - BPP: 24, Transparency: False
2023-07-09 18:40:42,778 - root - DEBUG - Parsing parameters...
2023-07-09 18:40:42,889 - root - DEBUG - 0 Value: None
2023-07-09 18:40:42,889 - root - DEBUG - 0.1 Value: 71
2023-07-09 18:40:42,889 - root - DEBUG - 2 Value: None
2023-07-09 18:40:42,889 - root - DEBUG - 2.1 Value: None
2023-07-09 18:40:42,889 - root - DEBUG - 2.1.1 Value: 0
2023-07-09 18:40:42,889 - root - DEBUG - 2.1.2 Value: 0
2023-07-09 18:40:42,889 - root - DEBUG - 2.1.3 Value: 1
2023-07-09 18:40:42,889 - root - DEBUG - 2.3 Value: None
2023-07-09 18:40:42,889 - root - DEBUG - 2.3.1 Value: 0
2023-07-09 18:40:42,889 - root - DEBUG - 2.3.2 Value: 0
2023-07-09 18:40:42,889 - root - DEBUG - 2.3.3 Value: 0
2023-07-09 18:40:42,889 - root - DEBUG - 5 Value: None
2023-07-09 18:40:42,889 - root - DEBUG - 5.1 Value: None
2023-07-09 18:40:42,889 - root - DEBUG - 5.1.4 Value: 1
2023-07-09 18:40:42,889 - root - DEBUG - 5.1.5 Value: 1
2023-07-09 18:40:42,889 - root - DEBUG - 5.1.6 Value: 0
2023-07-09 18:40:42,889 - root - DEBUG - 5.4 Value: None
2023-07-09 18:40:42,889 - root - DEBUG - 5.4.1 Value: 83
2023-07-09 18:40:42,889 - root - DEBUG - 5.4.2 Value: 7
2023-07-09 18:40:42,889 - root - DEBUG - 5.4.3 Value: 2
2023-07-09 18:40:42,889 - root - DEBUG - 5.4.4 Value: 7
2023-07-09 18:40:42,889 - root - DEBUG - 7 Value: None
2023-07-09 18:40:42,889 - root - DEBUG - 7.2 Value: None
2023-07-09 18:40:42,889 - root - DEBUG - 7.2.1 Value: 88
2023-07-09 18:40:42,889 - root - DEBUG - 7.2.2 Value: 188
2023-07-09 18:40:42,889 - root - DEBUG - 7.2.3 Value: 9
2023-07-09 18:40:42,889 - root - DEBUG - 7.2.4 Value: 12
2023-07-09 18:40:42,889 - root - DEBUG - 7.8 Value: None
2023-07-09 18:40:42,889 - root - DEBUG - 7.8.1 Value: 88
2023-07-09 18:40:42,889 - root - DEBUG - 7.8.2 Value: 188
2023-07-09 18:40:42,889 - root - DEBUG - 7.8.3 Value: 21
2023-07-09 18:40:42,898 - root - DEBUG - 9 Value: None
2023-07-09 18:40:42,898 - root - DEBUG - 9.3 Value: None
2023-07-09 18:40:42,898 - root - DEBUG - 9.3.1 Value: 28
2023-07-09 18:40:42,898 - root - DEBUG - 9.3.2 Value: None
2023-07-09 18:40:42,898 - root - DEBUG - 9.3.2.1 Value: 250
2023-07-09 18:40:42,898 - root - DEBUG - 9.3.2.2 Value: 154
2023-07-09 18:40:42,898 - root - DEBUG - 9.3.2 Value: None
2023-07-09 18:40:42,898 - root - DEBUG - 9.3.2.1 Value: 237
2023-07-09 18:40:42,898 - root - DEBUG - 9.3.2.2 Value: 154
2023-07-09 18:40:42,898 - root - DEBUG - 9.3.2 Value: None
2023-07-09 18:40:42,898 - root - DEBUG - 9.3.2.1 Value: 224
2023-07-09 18:40:42,898 - root - DEBUG - 9.3.2.2 Value: 154
2023-07-09 18:40:42,898 - root - DEBUG - 9.3.2 Value: None
2023-07-09 18:40:42,898 - root - DEBUG - 9.3.2.1 Value: 211
2023-07-09 18:40:42,898 - root - DEBUG - 9.3.2.2 Value: 154
2023-07-09 18:40:42,898 - root - DEBUG - 9.3.2 Value: None
2023-07-09 18:40:42,898 - root - DEBUG - 9.3.2.1 Value: 198
2023-07-09 18:40:42,898 - root - DEBUG - 9.3.2.2 Value: 154
2023-07-09 18:40:42,898 - root - DEBUG - 12 Value: None
2023-07-09 18:40:42,898 - root - DEBUG - 12.3 Value: None
2023-07-09 18:40:42,898 - root - DEBUG - 12.3.1 Value: 22
2023-07-09 18:40:42,898 - root - DEBUG - 12.3.2 Value: None
2023-07-09 18:40:42,898 - root - DEBUG - 12.3.2.1 Value: 47
2023-07-09 18:40:42,898 - root - DEBUG - 12.3.2.2 Value: 208
2023-07-09 18:40:42,898 - root - DEBUG - 12.3.2 Value: None
2023-07-09 18:40:42,898 - root - DEBUG - 12.3.2.1 Value: 16
2023-07-09 18:40:42,898 - root - DEBUG - 12.3.2.2 Value: 190
2023-07-09 18:40:42,898 - root - DEBUG - 12.3.2 Value: None
2023-07-09 18:40:42,898 - root - DEBUG - 12.3.2.1 Value: 4
2023-07-09 18:40:42,898 - root - DEBUG - 12.3.2.2 Value: 161
2023-07-09 18:40:42,898 - root - DEBUG - 12.3.2 Value: None
2023-07-09 18:40:42,898 - root - DEBUG - 12.3.2.1 Value: 4
2023-07-09 18:40:42,898 - root - DEBUG - 12.3.2.2 Value: 126
2023-07-09 18:40:42,898 - root - DEBUG - 12.3.2 Value: None
2023-07-09 18:40:42,898 - root - DEBUG - 12.3.2.1 Value: 17
2023-07-09 18:40:42,898 - root - DEBUG - 12.3.2.2 Value: 103
2023-07-09 18:40:42,898 - root - DEBUG - 12.3.2 Value: None
2023-07-09 18:40:42,898 - root - DEBUG - 12.3.2.1 Value: 48
2023-07-09 18:40:42,898 - root - DEBUG - 12.3.2.2 Value: 102
2023-07-09 18:40:42,898 - root - DEBUG - 20 Value: None
2023-07-09 18:40:42,898 - root - DEBUG - 20.2 Value: None
2023-07-09 18:40:42,898 - root - DEBUG - 20.2.1 Value: 151
2023-07-09 18:40:42,898 - root - DEBUG - 20.2.2 Value: 160
2023-07-09 18:40:42,898 - root - DEBUG - 20.3 Value: None
2023-07-09 18:40:42,898 - root - DEBUG - 20.3.1 Value: 33
2023-07-09 18:40:42,898 - root - DEBUG - 20.3.2 Value: 91
2023-07-09 18:40:42,898 - root - DEBUG - 20.4 Value: None
2023-07-09 18:40:42,898 - root - DEBUG - 20.4.1 Value: 34
2023-07-09 18:40:42,898 - root - DEBUG - 20.4.2 Value: 140
2023-07-09 18:40:42,898 - root - DEBUG - 20.4.4 Value: None
2023-07-09 18:40:42,898 - root - DEBUG - 20.4.4.1 Value: 143
2023-07-09 18:40:42,905 - root - DEBUG - 20.4.4.2 Value: 152
2023-07-09 18:40:42,905 - root - DEBUG - 20.4.4.3 Value: 35
2023-07-09 18:40:42,905 - root - DEBUG - 0-Info
2023-07-09 18:40:42,905 - root - DEBUG - 0.1-DeviceId
2023-07-09 18:40:42,905 - root - DEBUG - 2-Background
2023-07-09 18:40:42,905 - root - DEBUG - 2.1-Image
2023-07-09 18:40:42,905 - root - DEBUG - 2.1.1-X
2023-07-09 18:40:42,905 - root - DEBUG - 2.1.2-Y
2023-07-09 18:40:42,905 - root - DEBUG - 2.1.3-ImageIndex
2023-07-09 18:40:42,905 - root - DEBUG - 2.3-Preview
2023-07-09 18:40:42,905 - root - DEBUG - 2.3.1-X
2023-07-09 18:40:42,905 - root - DEBUG - 2.3.2-Y
2023-07-09 18:40:42,905 - root - DEBUG - 2.3.3-ImageIndex
2023-07-09 18:40:42,905 - root - DEBUG - 5-DateBlock
2023-07-09 18:40:42,905 - root - DEBUG - 5.1-Date
2023-07-09 18:40:42,905 - root - DEBUG - 5.1.4-PaddingZeroMonth
2023-07-09 18:40:42,905 - root - DEBUG - 5.1.5-PaddingZeroDay
2023-07-09 18:40:42,905 - root - DEBUG - 5.1.6-UnknownBoolean6
2023-07-09 18:40:42,905 - root - DEBUG - 5.4-Weekday
2023-07-09 18:40:42,905 - root - DEBUG - 5.4.1-X
2023-07-09 18:40:42,908 - root - DEBUG - 5.4.2-Y
2023-07-09 18:40:42,908 - root - DEBUG - 5.4.3-ImageIndex
2023-07-09 18:40:42,908 - root - DEBUG - 5.4.4-ImagesCount
2023-07-09 18:40:42,908 - root - DEBUG - 7-StepProgress
2023-07-09 18:40:42,908 - root - DEBUG - 7.2-ImageProgress
2023-07-09 18:40:42,908 - root - DEBUG - 7.2.1-X
2023-07-09 18:40:42,908 - root - DEBUG - 7.2.2-Y
2023-07-09 18:40:42,908 - root - DEBUG - 7.2.3-ImageIndex
2023-07-09 18:40:42,908 - root - DEBUG - 7.2.4-ImagesCount
2023-07-09 18:40:42,908 - root - DEBUG - 7.8-UnknownImage
2023-07-09 18:40:42,908 - root - DEBUG - 7.8.1-X
2023-07-09 18:40:42,908 - root - DEBUG - 7.8.2-Y
2023-07-09 18:40:42,908 - root - DEBUG - 7.8.3-ImageIndex
2023-07-09 18:40:42,908 - root - DEBUG - 9-Battery
2023-07-09 18:40:42,908 - root - DEBUG - 9.3-IconSetProgress
2023-07-09 18:40:42,908 - root - DEBUG - 9.3.1-ImageIndex
2023-07-09 18:40:42,908 - root - DEBUG - 9.3.2-Coordinates
2023-07-09 18:40:42,908 - root - DEBUG - 9.3.2.1-X
2023-07-09 18:40:42,908 - root - DEBUG - 9.3.2.2-Y
2023-07-09 18:40:42,908 - root - DEBUG - 9.3.2-Coordinates
2023-07-09 18:40:42,912 - root - DEBUG - 9.3.2.1-X
2023-07-09 18:40:42,912 - root - DEBUG - 9.3.2.2-Y
2023-07-09 18:40:42,912 - root - DEBUG - 9.3.2-Coordinates
2023-07-09 18:40:42,912 - root - DEBUG - 9.3.2.1-X
2023-07-09 18:40:42,912 - root - DEBUG - 9.3.2.2-Y
2023-07-09 18:40:42,913 - root - DEBUG - 9.3.2-Coordinates
2023-07-09 18:40:42,913 - root - DEBUG - 9.3.2.1-X
2023-07-09 18:40:42,913 - root - DEBUG - 9.3.2.2-Y
2023-07-09 18:40:42,913 - root - DEBUG - 9.3.2-Coordinates
2023-07-09 18:40:42,914 - root - DEBUG - 9.3.2.1-X
2023-07-09 18:40:42,914 - root - DEBUG - 9.3.2.2-Y
2023-07-09 18:40:42,914 - root - DEBUG - 12-HeartProgress
2023-07-09 18:40:42,914 - root - DEBUG - 12.3-IconSetProgress
2023-07-09 18:40:42,914 - root - DEBUG - 12.3.1-ImageIndex
2023-07-09 18:40:42,915 - root - DEBUG - 12.3.2-Coordinates
2023-07-09 18:40:42,915 - root - DEBUG - 12.3.2.1-X
2023-07-09 18:40:42,915 - root - DEBUG - 12.3.2.2-Y
2023-07-09 18:40:42,915 - root - DEBUG - 12.3.2-Coordinates
2023-07-09 18:40:42,915 - root - DEBUG - 12.3.2.1-X
2023-07-09 18:40:42,915 - root - DEBUG - 12.3.2.2-Y
2023-07-09 18:40:42,916 - root - DEBUG - 12.3.2-Coordinates
2023-07-09 18:40:42,916 - root - DEBUG - 12.3.2.1-X
2023-07-09 18:40:42,916 - root - DEBUG - 12.3.2.2-Y
2023-07-09 18:40:42,916 - root - DEBUG - 12.3.2-Coordinates
2023-07-09 18:40:42,916 - root - DEBUG - 12.3.2.1-X
2023-07-09 18:40:42,916 - root - DEBUG - 12.3.2.2-Y
2023-07-09 18:40:42,917 - root - DEBUG - 12.3.2-Coordinates
2023-07-09 18:40:42,917 - root - DEBUG - 12.3.2.1-X
2023-07-09 18:40:42,917 - root - DEBUG - 12.3.2.2-Y
2023-07-09 18:40:42,917 - root - DEBUG - 12.3.2-Coordinates
2023-07-09 18:40:42,917 - root - DEBUG - 12.3.2.1-X
2023-07-09 18:40:42,917 - root - DEBUG - 12.3.2.2-Y
2023-07-09 18:40:42,918 - root - DEBUG - 20-TimeAnalog
2023-07-09 18:40:42,918 - root - DEBUG - 20.2-CommonCenterCoordinates
2023-07-09 18:40:42,918 - root - DEBUG - 20.2.1-X
2023-07-09 18:40:42,918 - root - DEBUG - 20.2.2-Y
2023-07-09 18:40:42,918 - root - DEBUG - 20.3-Hours
2023-07-09 18:40:42,918 - root - DEBUG - 20.3.1-ImageIndex
2023-07-09 18:40:42,918 - root - DEBUG - 20.3.2-PointerCenterOfRotationY
2023-07-09 18:40:42,918 - root - DEBUG - 20.4-Minutes
2023-07-09 18:40:42,919 - root - DEBUG - 20.4.1-ImageIndex
2023-07-09 18:40:42,919 - root - DEBUG - 20.4.2-PointerCenterOfRotationY
2023-07-09 18:40:42,919 - root - DEBUG - 20.4.4-CoverImage
2023-07-09 18:40:42,919 - root - DEBUG - 20.4.4.1-X
2023-07-09 18:40:42,919 - root - DEBUG - 20.4.4.2-Y
2023-07-09 18:40:42,919 - root - DEBUG - 20.4.4.3-ImageIndex
2023-07-09 18:40:42,920 - root - DEBUG - generatePreviews
2023-07-09 18:40:42,920 - root - DEBUG - Generating previews...
2023-07-09 18:40:42,924 - root - DEBUG - Generating states done...
2023-07-09 18:40:42,934 - root - DEBUG - >>>>>>>>>>>> 0 <watchFaceParser.models.parameter.Parameter object at 0x000002611E66C9D0>
2023-07-09 18:40:42,935 - root - DEBUG - >>>>>>>>>>>> 2 <watchFaceParser.models.parameter.Parameter object at 0x000002611E669850>
2023-07-09 18:40:42,944 - root - DEBUG - >>>>>>>>>>>> 5 <watchFaceParser.models.parameter.Parameter object at 0x000002611E669A00>
2023-07-09 18:40:42,953 - root - DEBUG - >>>>>>>>>>>> 7 <watchFaceParser.models.parameter.Parameter object at 0x000002611E669130>
2023-07-09 18:40:42,958 - root - DEBUG - >>>>>>>>>>>> 9 <watchFaceParser.models.parameter.Parameter object at 0x000002611E66B220>
2023-07-09 18:40:42,968 - root - DEBUG - >>>>>>>>>>>> 12 <watchFaceParser.models.parameter.Parameter object at 0x000002611E66B430>
2023-07-09 18:40:42,978 - root - DEBUG - >>>>>>>>>>>> 20 <watchFaceParser.models.parameter.Parameter object at 0x000002611E66BD60>
2023-07-09 18:40:43,041 - root - DEBUG - Generating static preview gen done...
2023-07-09 18:40:43,183 - root - DEBUG - Generating static preview save done...
2023-07-09 18:40:43,183 - root - DEBUG - Generating anim preview gen done...
2023-07-09 18:40:43,183 - root - DEBUG - >>>>>>>>>>>> 0 <watchFaceParser.models.parameter.Parameter object at 0x000002611E66C9D0>
2023-07-09 18:40:43,183 - root - DEBUG - >>>>>>>>>>>> 2 <watchFaceParser.models.parameter.Parameter object at 0x000002611E669850>
2023-07-09 18:40:43,188 - root - DEBUG - >>>>>>>>>>>> 5 <watchFaceParser.models.parameter.Parameter object at 0x000002611E669A00>
2023-07-09 18:40:43,188 - root - DEBUG - >>>>>>>>>>>> 7 <watchFaceParser.models.parameter.Parameter object at 0x000002611E669130>
2023-07-09 18:40:43,188 - root - DEBUG - >>>>>>>>>>>> 9 <watchFaceParser.models.parameter.Parameter object at 0x000002611E66B220>
2023-07-09 18:40:43,188 - root - DEBUG - >>>>>>>>>>>> 12 <watchFaceParser.models.parameter.Parameter object at 0x000002611E66B430>
2023-07-09 18:40:43,188 - root - DEBUG - >>>>>>>>>>>> 20 <watchFaceParser.models.parameter.Parameter object at 0x000002611E66BD60>
2023-07-09 18:40:43,824 - root - DEBUG - generatePreviews done
2023-07-09 18:40:43,824 - root - DEBUG - Exporting resources to 'E:\Codez\zepp-bipupro-wf\4961c75712fb6f7082040899ff1d3b72'
2023-07-09 18:40:43,827 - root - DEBUG - extracting E:\Codez\zepp-bipupro-wf\4961c75712fb6f7082040899ff1d3b72\0000.png...
2023-07-09 18:40:43,851 - root - DEBUG - extracting E:\Codez\zepp-bipupro-wf\4961c75712fb6f7082040899ff1d3b72\0001.png...
2023-07-09 18:40:43,892 - root - DEBUG - extracting E:\Codez\zepp-bipupro-wf\4961c75712fb6f7082040899ff1d3b72\0002.png...
2023-07-09 18:40:43,901 - root - DEBUG - extracting E:\Codez\zepp-bipupro-wf\4961c75712fb6f7082040899ff1d3b72\0003.png...
2023-07-09 18:40:43,911 - root - DEBUG - extracting E:\Codez\zepp-bipupro-wf\4961c75712fb6f7082040899ff1d3b72\0004.png...
2023-07-09 18:40:43,922 - root - DEBUG - extracting E:\Codez\zepp-bipupro-wf\4961c75712fb6f7082040899ff1d3b72\0005.png...
2023-07-09 18:40:43,932 - root - DEBUG - extracting E:\Codez\zepp-bipupro-wf\4961c75712fb6f7082040899ff1d3b72\0006.png...
2023-07-09 18:40:43,941 - root - DEBUG - extracting E:\Codez\zepp-bipupro-wf\4961c75712fb6f7082040899ff1d3b72\0007.png...
2023-07-09 18:40:43,951 - root - DEBUG - extracting E:\Codez\zepp-bipupro-wf\4961c75712fb6f7082040899ff1d3b72\0008.png...
2023-07-09 18:40:43,962 - root - DEBUG - extracting E:\Codez\zepp-bipupro-wf\4961c75712fb6f7082040899ff1d3b72\0009.png...
2023-07-09 18:40:43,969 - root - DEBUG - extracting E:\Codez\zepp-bipupro-wf\4961c75712fb6f7082040899ff1d3b72\0010.png...
2023-07-09 18:40:43,977 - root - DEBUG - extracting E:\Codez\zepp-bipupro-wf\4961c75712fb6f7082040899ff1d3b72\0011.png...
2023-07-09 18:40:43,987 - root - DEBUG - extracting E:\Codez\zepp-bipupro-wf\4961c75712fb6f7082040899ff1d3b72\0012.png...
2023-07-09 18:40:43,994 - root - DEBUG - extracting E:\Codez\zepp-bipupro-wf\4961c75712fb6f7082040899ff1d3b72\0013.png...
2023-07-09 18:40:44,003 - root - DEBUG - extracting E:\Codez\zepp-bipupro-wf\4961c75712fb6f7082040899ff1d3b72\0014.png...
2023-07-09 18:40:44,012 - root - DEBUG - extracting E:\Codez\zepp-bipupro-wf\4961c75712fb6f7082040899ff1d3b72\0015.png...
2023-07-09 18:40:44,019 - root - DEBUG - extracting E:\Codez\zepp-bipupro-wf\4961c75712fb6f7082040899ff1d3b72\0016.png...
2023-07-09 18:40:44,028 - root - DEBUG - extracting E:\Codez\zepp-bipupro-wf\4961c75712fb6f7082040899ff1d3b72\0017.png...
2023-07-09 18:40:44,036 - root - DEBUG - extracting E:\Codez\zepp-bipupro-wf\4961c75712fb6f7082040899ff1d3b72\0018.png...
2023-07-09 18:40:44,045 - root - DEBUG - extracting E:\Codez\zepp-bipupro-wf\4961c75712fb6f7082040899ff1d3b72\0019.png...
2023-07-09 18:40:44,053 - root - DEBUG - extracting E:\Codez\zepp-bipupro-wf\4961c75712fb6f7082040899ff1d3b72\0020.png...
2023-07-09 18:40:44,061 - root - DEBUG - extracting E:\Codez\zepp-bipupro-wf\4961c75712fb6f7082040899ff1d3b72\0021.png...
2023-07-09 18:40:44,069 - root - DEBUG - extracting E:\Codez\zepp-bipupro-wf\4961c75712fb6f7082040899ff1d3b72\0022.png...
2023-07-09 18:40:44,071 - root - DEBUG - extracting E:\Codez\zepp-bipupro-wf\4961c75712fb6f7082040899ff1d3b72\0023.png...
2023-07-09 18:40:44,072 - root - DEBUG - extracting E:\Codez\zepp-bipupro-wf\4961c75712fb6f7082040899ff1d3b72\0024.png...
2023-07-09 18:40:44,074 - root - DEBUG - extracting E:\Codez\zepp-bipupro-wf\4961c75712fb6f7082040899ff1d3b72\0025.png...
2023-07-09 18:40:44,075 - root - DEBUG - extracting E:\Codez\zepp-bipupro-wf\4961c75712fb6f7082040899ff1d3b72\0026.png...
2023-07-09 18:40:44,077 - root - DEBUG - extracting E:\Codez\zepp-bipupro-wf\4961c75712fb6f7082040899ff1d3b72\0027.png...
2023-07-09 18:40:44,077 - root - DEBUG - extracting E:\Codez\zepp-bipupro-wf\4961c75712fb6f7082040899ff1d3b72\0028.png...
2023-07-09 18:40:44,078 - root - DEBUG - extracting E:\Codez\zepp-bipupro-wf\4961c75712fb6f7082040899ff1d3b72\0029.png...
2023-07-09 18:40:44,079 - root - DEBUG - extracting E:\Codez\zepp-bipupro-wf\4961c75712fb6f7082040899ff1d3b72\0030.png...
2023-07-09 18:40:44,081 - root - DEBUG - extracting E:\Codez\zepp-bipupro-wf\4961c75712fb6f7082040899ff1d3b72\0031.png...
2023-07-09 18:40:44,082 - root - DEBUG - extracting E:\Codez\zepp-bipupro-wf\4961c75712fb6f7082040899ff1d3b72\0032.png...
2023-07-09 18:40:44,083 - root - DEBUG - extracting E:\Codez\zepp-bipupro-wf\4961c75712fb6f7082040899ff1d3b72\0033.png...
2023-07-09 18:40:44,085 - root - DEBUG - extracting E:\Codez\zepp-bipupro-wf\4961c75712fb6f7082040899ff1d3b72\0034.png...
2023-07-09 18:40:44,089 - root - DEBUG - extracting E:\Codez\zepp-bipupro-wf\4961c75712fb6f7082040899ff1d3b72\0035.png...
2023-07-09 18:40:44,091 - root - DEBUG - Exporting config...
