2023-07-09 18:39:35,796 - root - DEBUG - Opening watch face 'E:\Codez\zepp-bipupro-wf\13c3466519f258503d91164f1a7b1bd2.bin'
2023-07-09 18:39:35,806 - root - DEBUG - Reading parameters...
2023-07-09 18:39:35,810 - root - INFO - Reading header...
2023-07-09 18:39:35,810 - root - INFO - Header was read:
2023-07-09 18:39:35,810 - root - INFO - Signature: b'UIHH\x01\x00\xff', Unknown: 65, ParametersSize: 65, isValid: True, deviceId: 71
2023-07-09 18:39:35,810 - root - INFO - Reading parameter offsets...
2023-07-09 18:39:35,810 - root - INFO - Parameter offsets were read from file
2023-07-09 18:39:35,810 - root - INFO - Reading parameters descriptor...
2023-07-09 18:39:35,810 - root - INFO - 1 ( A): 5 bytes
2023-07-09 18:39:35,810 - root - INFO -     1 ( 8): 191 BF
2023-07-09 18:39:35,810 - root - INFO -     2 (10): 51 33
2023-07-09 18:39:35,810 - root - INFO - getParameters descriptor was read:
2023-07-09 18:39:35,810 - root - INFO - ParametersTableLength: 191, ImagesCount: 51
2023-07-09 18:39:35,810 - root - INFO - Reading parameters locations...
2023-07-09 18:39:35,810 - root - INFO - 2 (12): 4 bytes
2023-07-09 18:39:35,810 - root - INFO -     1 ( 8): 0  0
2023-07-09 18:39:35,810 - root - INFO -     2 (10): 32 20
2023-07-09 18:39:35,810 - root - INFO - 4 (22): 4 bytes
2023-07-09 18:39:35,810 - root - INFO -     1 ( 8): 40 28
2023-07-09 18:39:35,810 - root - INFO -     2 (10): 28 1C
2023-07-09 18:39:35,810 - root - INFO - 5 (2A): 4 bytes
2023-07-09 18:39:35,810 - root - INFO -     1 ( 8): 32 20
2023-07-09 18:39:35,810 - root - INFO -     2 (10): 8  8
2023-07-09 18:39:35,810 - root - INFO - 6 (32): 4 bytes
2023-07-09 18:39:35,810 - root - INFO -     1 ( 8): 68 44
2023-07-09 18:39:35,810 - root - INFO -     2 (10): 22 16
2023-07-09 18:39:35,810 - root - INFO - 7 (3A): 4 bytes
2023-07-09 18:39:35,810 - root - INFO -     1 ( 8): 90 5A
2023-07-09 18:39:35,810 - root - INFO -     2 (10): 11  B
2023-07-09 18:39:35,810 - root - INFO - 12 (62): 4 bytes
2023-07-09 18:39:35,810 - root - INFO -     1 ( 8): 101 65
2023-07-09 18:39:35,810 - root - INFO -     2 (10): 18 12
2023-07-09 18:39:35,810 - root - INFO - 15 (7A): 4 bytes
2023-07-09 18:39:35,810 - root - INFO -     1 ( 8): 119 77
2023-07-09 18:39:35,810 - root - INFO -     2 (10): 11  B
2023-07-09 18:39:35,810 - root - INFO - 20 (A2): 5 bytes
2023-07-09 18:39:35,810 - root - INFO -     1 ( 8): 130 82
2023-07-09 18:39:35,810 - root - INFO -     2 (10): 43 2B
2023-07-09 18:39:35,816 - root - INFO - 26 (D2): 5 bytes
2023-07-09 18:39:35,816 - root - INFO -     1 ( 8): 173 AD
2023-07-09 18:39:35,816 - root - INFO -     2 (10): 18 12
2023-07-09 18:39:35,816 - root - INFO - Watch face parameters locations were read:
2023-07-09 18:39:35,816 - root - INFO - Reading descriptor for parameter 2
2023-07-09 18:39:35,816 - root - INFO - Descriptor offset: 0, Descriptor length: 32
2023-07-09 18:39:35,816 - root - INFO - Parsing descriptor for parameter 2...
2023-07-09 18:39:35,816 - root - INFO - 1 ( A): 6 bytes
2023-07-09 18:39:35,816 - root - INFO -     1 ( 8): 0  0
2023-07-09 18:39:35,816 - root - INFO -     2 (10): 0  0
2023-07-09 18:39:35,816 - root - INFO -     3 (18): 1  1
2023-07-09 18:39:35,816 - root - INFO - 3 (1A): 6 bytes
2023-07-09 18:39:35,816 - root - INFO -     1 ( 8): 0  0
2023-07-09 18:39:35,816 - root - INFO -     2 (10): 0  0
2023-07-09 18:39:35,816 - root - INFO -     3 (18): 0  0
2023-07-09 18:39:35,816 - root - INFO - 4 (22): 6 bytes
2023-07-09 18:39:35,816 - root - INFO -     1 ( 8): 0  0
2023-07-09 18:39:35,816 - root - INFO -     2 (10): 0  0
2023-07-09 18:39:35,816 - root - INFO -     3 (18): 0  0
2023-07-09 18:39:35,816 - root - INFO - 5 (2A): 6 bytes
2023-07-09 18:39:35,816 - root - INFO -     1 ( 8): 0  0
2023-07-09 18:39:35,816 - root - INFO -     2 (10): 0  0
2023-07-09 18:39:35,816 - root - INFO -     3 (18): 0  0
2023-07-09 18:39:35,816 - root - INFO - Reading descriptor for parameter 4
2023-07-09 18:39:35,816 - root - INFO - Descriptor offset: 40, Descriptor length: 28
2023-07-09 18:39:35,816 - root - INFO - Parsing descriptor for parameter 4...
2023-07-09 18:39:35,816 - root - INFO - 4 (22): 24 bytes
2023-07-09 18:39:35,816 - root - INFO -     1 ( A): 20 bytes
2023-07-09 18:39:35,816 - root - INFO -         1 ( 8): 17 11
2023-07-09 18:39:35,816 - root - INFO -         2 (10): 145 91
2023-07-09 18:39:35,816 - root - INFO -         3 (18): 95 5F
2023-07-09 18:39:35,816 - root - INFO -         4 (20): 162 A2
2023-07-09 18:39:35,816 - root - INFO -         5 (28): 24 18
2023-07-09 18:39:35,816 - root - INFO -         6 (30): 0  0
2023-07-09 18:39:35,816 - root - INFO -         7 (38): 0  0
2023-07-09 18:39:35,816 - root - INFO -         8 (40): 2  2
2023-07-09 18:39:35,816 - root - INFO -         9 (48): 10  A
2023-07-09 18:39:35,816 - root - INFO -     3 (18): 12  C
2023-07-09 18:39:35,816 - root - INFO - 7 (38): 0  0
2023-07-09 18:39:35,816 - root - INFO - Reading descriptor for parameter 5
2023-07-09 18:39:35,816 - root - INFO - Descriptor offset: 32, Descriptor length: 8
2023-07-09 18:39:35,816 - root - INFO - Parsing descriptor for parameter 5...
2023-07-09 18:39:35,816 - root - INFO - 1 ( A): 6 bytes
2023-07-09 18:39:35,816 - root - INFO -     4 (20): 1  1
2023-07-09 18:39:35,816 - root - INFO -     5 (28): 1  1
2023-07-09 18:39:35,816 - root - INFO -     6 (30): 0  0
2023-07-09 18:39:35,816 - root - INFO - Reading descriptor for parameter 6
2023-07-09 18:39:35,816 - root - INFO - Descriptor offset: 68, Descriptor length: 22
2023-07-09 18:39:35,816 - root - INFO - Parsing descriptor for parameter 6...
2023-07-09 18:39:35,816 - root - INFO - 6 (32): 20 bytes
2023-07-09 18:39:35,816 - root - INFO -     1 ( A): 18 bytes
2023-07-09 18:39:35,816 - root - INFO -         1 ( 8): 17 11
2023-07-09 18:39:35,816 - root - INFO -         2 (10): 52 34
2023-07-09 18:39:35,816 - root - INFO -         3 (18): 95 5F
2023-07-09 18:39:35,826 - root - INFO -         4 (20): 69 45
2023-07-09 18:39:35,826 - root - INFO -         5 (28): 24 18
2023-07-09 18:39:35,826 - root - INFO -         6 (30): 0  0
2023-07-09 18:39:35,826 - root - INFO -         7 (38): 0  0
2023-07-09 18:39:35,826 - root - INFO -         8 (40): 2  2
2023-07-09 18:39:35,826 - root - INFO -         9 (48): 10  A
2023-07-09 18:39:35,826 - root - INFO - Reading descriptor for parameter 7
2023-07-09 18:39:35,826 - root - INFO - Descriptor offset: 90, Descriptor length: 11
2023-07-09 18:39:35,826 - root - INFO - Parsing descriptor for parameter 7...
2023-07-09 18:39:35,826 - root - INFO - 2 (12): 9 bytes
2023-07-09 18:39:35,826 - root - INFO -     1 ( 8): 11  B
2023-07-09 18:39:35,826 - root - INFO -     2 (10): 224 E0
2023-07-09 18:39:35,826 - root - INFO -     3 (18): 13  D
2023-07-09 18:39:35,826 - root - INFO -     4 (20): 9  9
2023-07-09 18:39:35,826 - root - INFO - Reading descriptor for parameter 12
2023-07-09 18:39:35,826 - root - INFO - Descriptor offset: 101, Descriptor length: 18
2023-07-09 18:39:35,826 - root - INFO - Parsing descriptor for parameter 12...
2023-07-09 18:39:35,826 - root - INFO - 2 (12): 8 bytes
2023-07-09 18:39:35,826 - root - INFO -     1 ( 8): 17 11
2023-07-09 18:39:35,826 - root - INFO -     2 (10): 115 73
2023-07-09 18:39:35,826 - root - INFO -     3 (18): 22 16
2023-07-09 18:39:35,826 - root - INFO -     4 (20): 6  6
2023-07-09 18:39:35,826 - root - INFO - 7 (3A): 6 bytes
2023-07-09 18:39:35,826 - root - INFO -     1 ( 8): 17 11
2023-07-09 18:39:35,826 - root - INFO -     2 (10): 115 73
2023-07-09 18:39:35,826 - root - INFO -     3 (18): 28 1C
2023-07-09 18:39:35,832 - root - INFO - Reading descriptor for parameter 15
2023-07-09 18:39:35,832 - root - INFO - Descriptor offset: 119, Descriptor length: 11
2023-07-09 18:39:35,832 - root - INFO - Parsing descriptor for parameter 15...
2023-07-09 18:39:35,832 - root - INFO - 2 (12): 9 bytes
2023-07-09 18:39:35,832 - root - INFO -     1 ( 8): 11  B
2023-07-09 18:39:35,832 - root - INFO -     2 (10): 283 11B
2023-07-09 18:39:35,832 - root - INFO -     3 (18): 29 1D
2023-07-09 18:39:35,832 - root - INFO -     4 (20): 10  A
2023-07-09 18:39:35,832 - root - INFO - Reading descriptor for parameter 20
2023-07-09 18:39:35,832 - root - INFO - Descriptor offset: 130, Descriptor length: 43
2023-07-09 18:39:35,832 - root - INFO - Parsing descriptor for parameter 20...
2023-07-09 18:39:35,832 - root - INFO - 2 (12): 5 bytes
2023-07-09 18:39:35,832 - root - INFO -     1 ( 8): 201 C9
2023-07-09 18:39:35,832 - root - INFO -     2 (10): 104 68
2023-07-09 18:39:35,832 - root - INFO - 3 (1A): 4 bytes
2023-07-09 18:39:35,832 - root - INFO -     1 ( 8): 39 27
2023-07-09 18:39:35,832 - root - INFO -     2 (10): 47 2F
2023-07-09 18:39:35,832 - root - INFO - 4 (22): 13 bytes
2023-07-09 18:39:35,832 - root - INFO -     1 ( 8): 41 29
2023-07-09 18:39:35,832 - root - INFO -     2 (10): 75 4B
2023-07-09 18:39:35,832 - root - INFO -     4 (22): 7 bytes
2023-07-09 18:39:35,832 - root - INFO -         1 ( 8): 191 BF
2023-07-09 18:39:35,832 - root - INFO -         2 (10): 94 5E
2023-07-09 18:39:35,832 - root - INFO -         3 (18): 43 2B
2023-07-09 18:39:35,832 - root - INFO - 5 (2A): 13 bytes
2023-07-09 18:39:35,832 - root - INFO -     1 ( 8): 40 28
2023-07-09 18:39:35,836 - root - INFO -     2 (10): 76 4C
2023-07-09 18:39:35,836 - root - INFO -     4 (22): 7 bytes
2023-07-09 18:39:35,836 - root - INFO -         1 ( 8): 195 C3
2023-07-09 18:39:35,836 - root - INFO -         2 (10): 98 62
2023-07-09 18:39:35,836 - root - INFO -         3 (18): 42 2A
2023-07-09 18:39:35,836 - root - INFO - Reading descriptor for parameter 26
2023-07-09 18:39:35,836 - root - INFO - Descriptor offset: 173, Descriptor length: 18
2023-07-09 18:39:35,836 - root - INFO - Parsing descriptor for parameter 26...
2023-07-09 18:39:35,836 - root - INFO - 1 ( A): 8 bytes
2023-07-09 18:39:35,836 - root - INFO -     1 ( 8): 17 11
2023-07-09 18:39:35,836 - root - INFO -     2 (10): 24 18
2023-07-09 18:39:35,836 - root - INFO -     3 (18): 44 2C
2023-07-09 18:39:35,836 - root - INFO -     4 (20): 6  6
2023-07-09 18:39:35,836 - root - INFO - 5 (2A): 6 bytes
2023-07-09 18:39:35,836 - root - INFO -     1 ( 8): 17 11
2023-07-09 18:39:35,836 - root - INFO -     2 (10): 24 18
2023-07-09 18:39:35,836 - root - INFO -     3 (18): 50 32
2023-07-09 18:39:35,842 - root - INFO - Reading resources offsets table with 51 elements (204 bytes)
2023-07-09 18:39:35,842 - root - INFO - Resource 0 offset: 547, length: 86472...
2023-07-09 18:39:35,842 - root - DEBUG - Reading resource 0...
2023-07-09 18:39:35,896 - root - INFO - The image is bmc.
2023-07-09 18:39:35,896 - root - INFO - Reading image header(readHeader16C)...
2023-07-09 18:39:35,896 - root - INFO - Image header was read:
2023-07-09 18:39:35,896 - root - INFO - Width: 202, Height: 214, RowLength: 404
2023-07-09 18:39:35,896 - root - INFO - _step: 2, unknown2: 0,
2023-07-09 18:39:35,896 - root - INFO - BPP: 16, Transparency: False
2023-07-09 18:39:36,193 - root - INFO - Resource 1 offset: 87019, length: 193296...
2023-07-09 18:39:36,193 - root - DEBUG - Reading resource 1...
2023-07-09 18:39:36,193 - root - INFO - The image is bmc.
2023-07-09 18:39:36,193 - root - INFO - Reading image header(readHeader16C)...
2023-07-09 18:39:36,193 - root - INFO - Image header was read:
2023-07-09 18:39:36,193 - root - INFO - Width: 302, Height: 320, RowLength: 604
2023-07-09 18:39:36,193 - root - INFO - _step: 2, unknown2: 0,
2023-07-09 18:39:36,193 - root - INFO - BPP: 16, Transparency: False
2023-07-09 18:39:37,029 - root - INFO - Resource 2 offset: 280315, length: 364...
2023-07-09 18:39:37,029 - root - DEBUG - Reading resource 2...
2023-07-09 18:39:37,029 - root - INFO - The image is bme.
2023-07-09 18:39:37,030 - root - INFO - Reading image header(readHeader16E)...
2023-07-09 18:39:37,030 - root - INFO - Image header was read:
2023-07-09 18:39:37,030 - root - INFO - Width: 12, Height: 17, RowLength: 24
2023-07-09 18:39:37,030 - root - INFO - datalength: 348, _step: 2
2023-07-09 18:39:37,030 - root - INFO - BPP: 16, Transparency: False
2023-07-09 18:39:37,031 - root - INFO - Resource 3 offset: 280679, length: 214...
2023-07-09 18:39:37,031 - root - DEBUG - Reading resource 3...
2023-07-09 18:39:37,031 - root - INFO - The image is bme.
2023-07-09 18:39:37,031 - root - INFO - Reading image header(readHeader16E)...
2023-07-09 18:39:37,031 - root - INFO - Image header was read:
2023-07-09 18:39:37,032 - root - INFO - Width: 12, Height: 17, RowLength: 24
2023-07-09 18:39:37,032 - root - INFO - datalength: 198, _step: 2
2023-07-09 18:39:37,032 - root - INFO - BPP: 16, Transparency: False
2023-07-09 18:39:37,033 - root - INFO - Resource 4 offset: 280893, length: 300...
2023-07-09 18:39:37,033 - root - DEBUG - Reading resource 4...
2023-07-09 18:39:37,033 - root - INFO - The image is bme.
2023-07-09 18:39:37,033 - root - INFO - Reading image header(readHeader16E)...
2023-07-09 18:39:37,033 - root - INFO - Image header was read:
2023-07-09 18:39:37,033 - root - INFO - Width: 12, Height: 17, RowLength: 24
2023-07-09 18:39:37,034 - root - INFO - datalength: 284, _step: 2
2023-07-09 18:39:37,034 - root - INFO - BPP: 16, Transparency: False
2023-07-09 18:39:37,035 - root - INFO - Resource 5 offset: 281193, length: 334...
2023-07-09 18:39:37,035 - root - DEBUG - Reading resource 5...
2023-07-09 18:39:37,035 - root - INFO - The image is bme.
2023-07-09 18:39:37,035 - root - INFO - Reading image header(readHeader16E)...
2023-07-09 18:39:37,035 - root - INFO - Image header was read:
2023-07-09 18:39:37,035 - root - INFO - Width: 12, Height: 17, RowLength: 24
2023-07-09 18:39:37,035 - root - INFO - datalength: 318, _step: 2
2023-07-09 18:39:37,035 - root - INFO - BPP: 16, Transparency: False
2023-07-09 18:39:37,037 - root - INFO - Resource 6 offset: 281527, length: 310...
2023-07-09 18:39:37,037 - root - DEBUG - Reading resource 6...
2023-07-09 18:39:37,037 - root - INFO - The image is bme.
2023-07-09 18:39:37,037 - root - INFO - Reading image header(readHeader16E)...
2023-07-09 18:39:37,037 - root - INFO - Image header was read:
2023-07-09 18:39:37,037 - root - INFO - Width: 12, Height: 17, RowLength: 24
2023-07-09 18:39:37,037 - root - INFO - datalength: 294, _step: 2
2023-07-09 18:39:37,038 - root - INFO - BPP: 16, Transparency: False
2023-07-09 18:39:37,038 - root - INFO - Resource 7 offset: 281837, length: 350...
2023-07-09 18:39:37,039 - root - DEBUG - Reading resource 7...
2023-07-09 18:39:37,039 - root - INFO - The image is bme.
2023-07-09 18:39:37,039 - root - INFO - Reading image header(readHeader16E)...
2023-07-09 18:39:37,039 - root - INFO - Image header was read:
2023-07-09 18:39:37,039 - root - INFO - Width: 12, Height: 17, RowLength: 24
2023-07-09 18:39:37,039 - root - INFO - datalength: 334, _step: 2
2023-07-09 18:39:37,039 - root - INFO - BPP: 16, Transparency: False
2023-07-09 18:39:37,040 - root - INFO - Resource 8 offset: 282187, length: 356...
2023-07-09 18:39:37,040 - root - DEBUG - Reading resource 8...
2023-07-09 18:39:37,041 - root - INFO - The image is bme.
2023-07-09 18:39:37,041 - root - INFO - Reading image header(readHeader16E)...
2023-07-09 18:39:37,041 - root - INFO - Image header was read:
2023-07-09 18:39:37,041 - root - INFO - Width: 12, Height: 17, RowLength: 24
2023-07-09 18:39:37,041 - root - INFO - datalength: 340, _step: 2
2023-07-09 18:39:37,041 - root - INFO - BPP: 16, Transparency: False
2023-07-09 18:39:37,042 - root - INFO - Resource 9 offset: 282543, length: 236...
2023-07-09 18:39:37,042 - root - DEBUG - Reading resource 9...
2023-07-09 18:39:37,042 - root - INFO - The image is bme.
2023-07-09 18:39:37,042 - root - INFO - Reading image header(readHeader16E)...
2023-07-09 18:39:37,043 - root - INFO - Image header was read:
2023-07-09 18:39:37,043 - root - INFO - Width: 12, Height: 17, RowLength: 24
2023-07-09 18:39:37,043 - root - INFO - datalength: 220, _step: 2
2023-07-09 18:39:37,043 - root - INFO - BPP: 16, Transparency: False
2023-07-09 18:39:37,044 - root - INFO - Resource 10 offset: 282779, length: 378...
2023-07-09 18:39:37,044 - root - DEBUG - Reading resource 10...
2023-07-09 18:39:37,044 - root - INFO - The image is bme.
2023-07-09 18:39:37,044 - root - INFO - Reading image header(readHeader16E)...
2023-07-09 18:39:37,044 - root - INFO - Image header was read:
2023-07-09 18:39:37,045 - root - INFO - Width: 12, Height: 17, RowLength: 24
2023-07-09 18:39:37,045 - root - INFO - datalength: 362, _step: 2
2023-07-09 18:39:37,045 - root - INFO - BPP: 16, Transparency: False
2023-07-09 18:39:37,045 - root - INFO - Resource 11 offset: 283157, length: 352...
2023-07-09 18:39:37,045 - root - DEBUG - Reading resource 11...
2023-07-09 18:39:37,045 - root - INFO - The image is bme.
2023-07-09 18:39:37,046 - root - INFO - Reading image header(readHeader16E)...
2023-07-09 18:39:37,046 - root - INFO - Image header was read:
2023-07-09 18:39:37,046 - root - INFO - Width: 12, Height: 17, RowLength: 24
2023-07-09 18:39:37,046 - root - INFO - datalength: 336, _step: 2
2023-07-09 18:39:37,046 - root - INFO - BPP: 16, Transparency: False
2023-07-09 18:39:37,047 - root - INFO - Resource 12 offset: 283509, length: 104...
2023-07-09 18:39:37,047 - root - DEBUG - Reading resource 12...
2023-07-09 18:39:37,047 - root - INFO - The image is bme.
2023-07-09 18:39:37,047 - root - INFO - Reading image header(readHeader16E)...
2023-07-09 18:39:37,048 - root - INFO - Image header was read:
2023-07-09 18:39:37,048 - root - INFO - Width: 20, Height: 17, RowLength: 40
2023-07-09 18:39:37,048 - root - INFO - datalength: 88, _step: 2
2023-07-09 18:39:37,048 - root - INFO - BPP: 16, Transparency: False
2023-07-09 18:39:37,048 - root - INFO - Resource 13 offset: 283613, length: 13456...
2023-07-09 18:39:37,048 - root - DEBUG - Reading resource 13...
2023-07-09 18:39:37,049 - root - INFO - The image is bmc.
2023-07-09 18:39:37,049 - root - INFO - Reading image header(readHeader16C)...
2023-07-09 18:39:37,049 - root - INFO - Image header was read:
2023-07-09 18:39:37,049 - root - INFO - Width: 280, Height: 16, RowLength: 840
2023-07-09 18:39:37,049 - root - INFO - _step: 3, unknown2: 0,
2023-07-09 18:39:37,049 - root - INFO - BPP: 24, Transparency: False
2023-07-09 18:39:37,078 - root - INFO - Resource 14 offset: 297069, length: 13456...
2023-07-09 18:39:37,078 - root - DEBUG - Reading resource 14...
2023-07-09 18:39:37,078 - root - INFO - The image is bmc.
2023-07-09 18:39:37,078 - root - INFO - Reading image header(readHeader16C)...
2023-07-09 18:39:37,078 - root - INFO - Image header was read:
2023-07-09 18:39:37,079 - root - INFO - Width: 280, Height: 16, RowLength: 840
2023-07-09 18:39:37,079 - root - INFO - _step: 3, unknown2: 0,
2023-07-09 18:39:37,079 - root - INFO - BPP: 24, Transparency: False
2023-07-09 18:39:37,108 - root - INFO - Resource 15 offset: 310525, length: 13456...
2023-07-09 18:39:37,108 - root - DEBUG - Reading resource 15...
2023-07-09 18:39:37,108 - root - INFO - The image is bmc.
2023-07-09 18:39:37,108 - root - INFO - Reading image header(readHeader16C)...
2023-07-09 18:39:37,108 - root - INFO - Image header was read:
2023-07-09 18:39:37,108 - root - INFO - Width: 280, Height: 16, RowLength: 840
2023-07-09 18:39:37,108 - root - INFO - _step: 3, unknown2: 0,
2023-07-09 18:39:37,108 - root - INFO - BPP: 24, Transparency: False
2023-07-09 18:39:37,138 - root - INFO - Resource 16 offset: 323981, length: 13456...
2023-07-09 18:39:37,138 - root - DEBUG - Reading resource 16...
2023-07-09 18:39:37,138 - root - INFO - The image is bmc.
2023-07-09 18:39:37,138 - root - INFO - Reading image header(readHeader16C)...
2023-07-09 18:39:37,138 - root - INFO - Image header was read:
2023-07-09 18:39:37,139 - root - INFO - Width: 280, Height: 16, RowLength: 840
2023-07-09 18:39:37,139 - root - INFO - _step: 3, unknown2: 0,
2023-07-09 18:39:37,139 - root - INFO - BPP: 24, Transparency: False
2023-07-09 18:39:37,168 - root - INFO - Resource 17 offset: 337437, length: 13456...
2023-07-09 18:39:37,168 - root - DEBUG - Reading resource 17...
2023-07-09 18:39:37,168 - root - INFO - The image is bmc.
2023-07-09 18:39:37,168 - root - INFO - Reading image header(readHeader16C)...
2023-07-09 18:39:37,168 - root - INFO - Image header was read:
2023-07-09 18:39:37,168 - root - INFO - Width: 280, Height: 16, RowLength: 840
2023-07-09 18:39:37,168 - root - INFO - _step: 3, unknown2: 0,
2023-07-09 18:39:37,168 - root - INFO - BPP: 24, Transparency: False
2023-07-09 18:39:37,197 - root - INFO - Resource 18 offset: 350893, length: 13456...
2023-07-09 18:39:37,197 - root - DEBUG - Reading resource 18...
2023-07-09 18:39:37,197 - root - INFO - The image is bmc.
2023-07-09 18:39:37,197 - root - INFO - Reading image header(readHeader16C)...
2023-07-09 18:39:37,197 - root - INFO - Image header was read:
2023-07-09 18:39:37,197 - root - INFO - Width: 280, Height: 16, RowLength: 840
2023-07-09 18:39:37,198 - root - INFO - _step: 3, unknown2: 0,
2023-07-09 18:39:37,198 - root - INFO - BPP: 24, Transparency: False
2023-07-09 18:39:37,226 - root - INFO - Resource 19 offset: 364349, length: 13456...
2023-07-09 18:39:37,226 - root - DEBUG - Reading resource 19...
2023-07-09 18:39:37,226 - root - INFO - The image is bmc.
2023-07-09 18:39:37,226 - root - INFO - Reading image header(readHeader16C)...
2023-07-09 18:39:37,226 - root - INFO - Image header was read:
2023-07-09 18:39:37,226 - root - INFO - Width: 280, Height: 16, RowLength: 840
2023-07-09 18:39:37,226 - root - INFO - _step: 3, unknown2: 0,
2023-07-09 18:39:37,226 - root - INFO - BPP: 24, Transparency: False
2023-07-09 18:39:37,256 - root - INFO - Resource 20 offset: 377805, length: 13456...
2023-07-09 18:39:37,256 - root - DEBUG - Reading resource 20...
2023-07-09 18:39:37,256 - root - INFO - The image is bmc.
2023-07-09 18:39:37,256 - root - INFO - Reading image header(readHeader16C)...
2023-07-09 18:39:37,256 - root - INFO - Image header was read:
2023-07-09 18:39:37,256 - root - INFO - Width: 280, Height: 16, RowLength: 840
2023-07-09 18:39:37,256 - root - INFO - _step: 3, unknown2: 0,
2023-07-09 18:39:37,256 - root - INFO - BPP: 24, Transparency: False
2023-07-09 18:39:37,286 - root - INFO - Resource 21 offset: 391261, length: 13456...
2023-07-09 18:39:37,286 - root - DEBUG - Reading resource 21...
2023-07-09 18:39:37,286 - root - INFO - The image is bmc.
2023-07-09 18:39:37,286 - root - INFO - Reading image header(readHeader16C)...
2023-07-09 18:39:37,286 - root - INFO - Image header was read:
2023-07-09 18:39:37,286 - root - INFO - Width: 280, Height: 16, RowLength: 840
2023-07-09 18:39:37,286 - root - INFO - _step: 3, unknown2: 0,
2023-07-09 18:39:37,286 - root - INFO - BPP: 24, Transparency: False
2023-07-09 18:39:37,318 - root - INFO - Resource 22 offset: 404717, length: 3694...
2023-07-09 18:39:37,319 - root - DEBUG - Reading resource 22...
2023-07-09 18:39:37,319 - root - INFO - The image is bme.
2023-07-09 18:39:37,319 - root - INFO - Reading image header(readHeader16E)...
2023-07-09 18:39:37,319 - root - INFO - Image header was read:
2023-07-09 18:39:37,319 - root - INFO - Width: 78, Height: 78, RowLength: 156
2023-07-09 18:39:37,319 - root - INFO - datalength: 3678, _step: 2
2023-07-09 18:39:37,319 - root - INFO - BPP: 16, Transparency: False
2023-07-09 18:39:37,330 - root - INFO - Resource 23 offset: 408411, length: 3686...
2023-07-09 18:39:37,330 - root - DEBUG - Reading resource 23...
2023-07-09 18:39:37,331 - root - INFO - The image is bme.
2023-07-09 18:39:37,331 - root - INFO - Reading image header(readHeader16E)...
2023-07-09 18:39:37,331 - root - INFO - Image header was read:
2023-07-09 18:39:37,331 - root - INFO - Width: 78, Height: 78, RowLength: 156
2023-07-09 18:39:37,331 - root - INFO - datalength: 3670, _step: 2
2023-07-09 18:39:37,331 - root - INFO - BPP: 16, Transparency: False
2023-07-09 18:39:37,342 - root - INFO - Resource 24 offset: 412097, length: 3700...
2023-07-09 18:39:37,342 - root - DEBUG - Reading resource 24...
2023-07-09 18:39:37,342 - root - INFO - The image is bme.
2023-07-09 18:39:37,342 - root - INFO - Reading image header(readHeader16E)...
2023-07-09 18:39:37,342 - root - INFO - Image header was read:
2023-07-09 18:39:37,343 - root - INFO - Width: 78, Height: 78, RowLength: 156
2023-07-09 18:39:37,343 - root - INFO - datalength: 3684, _step: 2
2023-07-09 18:39:37,343 - root - INFO - BPP: 16, Transparency: False
2023-07-09 18:39:37,352 - root - INFO - Resource 25 offset: 415797, length: 3700...
2023-07-09 18:39:37,352 - root - DEBUG - Reading resource 25...
2023-07-09 18:39:37,352 - root - INFO - The image is bme.
2023-07-09 18:39:37,352 - root - INFO - Reading image header(readHeader16E)...
2023-07-09 18:39:37,352 - root - INFO - Image header was read:
2023-07-09 18:39:37,352 - root - INFO - Width: 78, Height: 78, RowLength: 156
2023-07-09 18:39:37,352 - root - INFO - datalength: 3684, _step: 2
2023-07-09 18:39:37,352 - root - INFO - BPP: 16, Transparency: False
2023-07-09 18:39:37,356 - root - INFO - Resource 26 offset: 419497, length: 3686...
2023-07-09 18:39:37,356 - root - DEBUG - Reading resource 26...
2023-07-09 18:39:37,356 - root - INFO - The image is bme.
2023-07-09 18:39:37,356 - root - INFO - Reading image header(readHeader16E)...
2023-07-09 18:39:37,356 - root - INFO - Image header was read:
2023-07-09 18:39:37,356 - root - INFO - Width: 78, Height: 78, RowLength: 156
2023-07-09 18:39:37,356 - root - INFO - datalength: 3670, _step: 2
2023-07-09 18:39:37,356 - root - INFO - BPP: 16, Transparency: False
2023-07-09 18:39:37,376 - root - INFO - Resource 27 offset: 423183, length: 3694...
2023-07-09 18:39:37,376 - root - DEBUG - Reading resource 27...
2023-07-09 18:39:37,376 - root - INFO - The image is bme.
2023-07-09 18:39:37,376 - root - INFO - Reading image header(readHeader16E)...
2023-07-09 18:39:37,376 - root - INFO - Image header was read:
2023-07-09 18:39:37,376 - root - INFO - Width: 78, Height: 78, RowLength: 156
2023-07-09 18:39:37,376 - root - INFO - datalength: 3678, _step: 2
2023-07-09 18:39:37,376 - root - INFO - BPP: 16, Transparency: False
2023-07-09 18:39:37,386 - root - INFO - Resource 28 offset: 426877, length: 3552...
2023-07-09 18:39:37,386 - root - DEBUG - Reading resource 28...
2023-07-09 18:39:37,386 - root - INFO - The image is bme.
2023-07-09 18:39:37,386 - root - INFO - Reading image header(readHeader16E)...
2023-07-09 18:39:37,386 - root - INFO - Image header was read:
2023-07-09 18:39:37,386 - root - INFO - Width: 78, Height: 78, RowLength: 156
2023-07-09 18:39:37,386 - root - INFO - datalength: 3536, _step: 2
2023-07-09 18:39:37,386 - root - INFO - BPP: 16, Transparency: False
2023-07-09 18:39:37,396 - root - INFO - Resource 29 offset: 430429, length: 13456...
2023-07-09 18:39:37,396 - root - DEBUG - Reading resource 29...
2023-07-09 18:39:37,396 - root - INFO - The image is bmc.
2023-07-09 18:39:37,396 - root - INFO - Reading image header(readHeader16C)...
2023-07-09 18:39:37,396 - root - INFO - Image header was read:
2023-07-09 18:39:37,396 - root - INFO - Width: 280, Height: 16, RowLength: 840
2023-07-09 18:39:37,396 - root - INFO - _step: 3, unknown2: 0,
2023-07-09 18:39:37,396 - root - INFO - BPP: 24, Transparency: False
2023-07-09 18:39:37,429 - root - INFO - Resource 30 offset: 443885, length: 13456...
2023-07-09 18:39:37,429 - root - DEBUG - Reading resource 30...
2023-07-09 18:39:37,429 - root - INFO - The image is bmc.
2023-07-09 18:39:37,430 - root - INFO - Reading image header(readHeader16C)...
2023-07-09 18:39:37,430 - root - INFO - Image header was read:
2023-07-09 18:39:37,430 - root - INFO - Width: 280, Height: 16, RowLength: 840
2023-07-09 18:39:37,430 - root - INFO - _step: 3, unknown2: 0,
2023-07-09 18:39:37,430 - root - INFO - BPP: 24, Transparency: False
2023-07-09 18:39:37,463 - root - INFO - Resource 31 offset: 457341, length: 13456...
2023-07-09 18:39:37,464 - root - DEBUG - Reading resource 31...
2023-07-09 18:39:37,464 - root - INFO - The image is bmc.
2023-07-09 18:39:37,464 - root - INFO - Reading image header(readHeader16C)...
2023-07-09 18:39:37,464 - root - INFO - Image header was read:
2023-07-09 18:39:37,464 - root - INFO - Width: 280, Height: 16, RowLength: 840
2023-07-09 18:39:37,464 - root - INFO - _step: 3, unknown2: 0,
2023-07-09 18:39:37,464 - root - INFO - BPP: 24, Transparency: False
2023-07-09 18:39:37,517 - root - INFO - Resource 32 offset: 470797, length: 13456...
2023-07-09 18:39:37,517 - root - DEBUG - Reading resource 32...
2023-07-09 18:39:37,518 - root - INFO - The image is bmc.
2023-07-09 18:39:37,518 - root - INFO - Reading image header(readHeader16C)...
2023-07-09 18:39:37,518 - root - INFO - Image header was read:
2023-07-09 18:39:37,518 - root - INFO - Width: 280, Height: 16, RowLength: 840
2023-07-09 18:39:37,518 - root - INFO - _step: 3, unknown2: 0,
2023-07-09 18:39:37,518 - root - INFO - BPP: 24, Transparency: False
2023-07-09 18:39:37,549 - root - INFO - Resource 33 offset: 484253, length: 13456...
2023-07-09 18:39:37,549 - root - DEBUG - Reading resource 33...
2023-07-09 18:39:37,549 - root - INFO - The image is bmc.
2023-07-09 18:39:37,549 - root - INFO - Reading image header(readHeader16C)...
2023-07-09 18:39:37,549 - root - INFO - Image header was read:
2023-07-09 18:39:37,550 - root - INFO - Width: 280, Height: 16, RowLength: 840
2023-07-09 18:39:37,550 - root - INFO - _step: 3, unknown2: 0,
2023-07-09 18:39:37,550 - root - INFO - BPP: 24, Transparency: False
2023-07-09 18:39:37,579 - root - INFO - Resource 34 offset: 497709, length: 13456...
2023-07-09 18:39:37,580 - root - DEBUG - Reading resource 34...
2023-07-09 18:39:37,580 - root - INFO - The image is bmc.
2023-07-09 18:39:37,580 - root - INFO - Reading image header(readHeader16C)...
2023-07-09 18:39:37,580 - root - INFO - Image header was read:
2023-07-09 18:39:37,580 - root - INFO - Width: 280, Height: 16, RowLength: 840
2023-07-09 18:39:37,580 - root - INFO - _step: 3, unknown2: 0,
2023-07-09 18:39:37,580 - root - INFO - BPP: 24, Transparency: False
2023-07-09 18:39:37,611 - root - INFO - Resource 35 offset: 511165, length: 13456...
2023-07-09 18:39:37,611 - root - DEBUG - Reading resource 35...
2023-07-09 18:39:37,611 - root - INFO - The image is bmc.
2023-07-09 18:39:37,611 - root - INFO - Reading image header(readHeader16C)...
2023-07-09 18:39:37,611 - root - INFO - Image header was read:
2023-07-09 18:39:37,611 - root - INFO - Width: 280, Height: 16, RowLength: 840
2023-07-09 18:39:37,611 - root - INFO - _step: 3, unknown2: 0,
2023-07-09 18:39:37,611 - root - INFO - BPP: 24, Transparency: False
2023-07-09 18:39:37,654 - root - INFO - Resource 36 offset: 524621, length: 13456...
2023-07-09 18:39:37,654 - root - DEBUG - Reading resource 36...
2023-07-09 18:39:37,654 - root - INFO - The image is bmc.
2023-07-09 18:39:37,654 - root - INFO - Reading image header(readHeader16C)...
2023-07-09 18:39:37,655 - root - INFO - Image header was read:
2023-07-09 18:39:37,655 - root - INFO - Width: 280, Height: 16, RowLength: 840
2023-07-09 18:39:37,655 - root - INFO - _step: 3, unknown2: 0,
2023-07-09 18:39:37,655 - root - INFO - BPP: 24, Transparency: False
2023-07-09 18:39:37,702 - root - INFO - Resource 37 offset: 538077, length: 13456...
2023-07-09 18:39:37,702 - root - DEBUG - Reading resource 37...
2023-07-09 18:39:37,702 - root - INFO - The image is bmc.
2023-07-09 18:39:37,702 - root - INFO - Reading image header(readHeader16C)...
2023-07-09 18:39:37,702 - root - INFO - Image header was read:
2023-07-09 18:39:37,703 - root - INFO - Width: 280, Height: 16, RowLength: 840
2023-07-09 18:39:37,703 - root - INFO - _step: 3, unknown2: 0,
2023-07-09 18:39:37,703 - root - INFO - BPP: 24, Transparency: False
2023-07-09 18:39:37,739 - root - INFO - Resource 38 offset: 551533, length: 13456...
2023-07-09 18:39:37,740 - root - DEBUG - Reading resource 38...
2023-07-09 18:39:37,740 - root - INFO - The image is bmc.
2023-07-09 18:39:37,740 - root - INFO - Reading image header(readHeader16C)...
2023-07-09 18:39:37,740 - root - INFO - Image header was read:
2023-07-09 18:39:37,740 - root - INFO - Width: 280, Height: 16, RowLength: 840
2023-07-09 18:39:37,740 - root - INFO - _step: 3, unknown2: 0,
2023-07-09 18:39:37,740 - root - INFO - BPP: 24, Transparency: False
2023-07-09 18:39:37,775 - root - INFO - Resource 39 offset: 564989, length: 2923...
2023-07-09 18:39:37,775 - root - DEBUG - Reading resource 39...
2023-07-09 18:39:37,776 - root - INFO - The image is bmc.
2023-07-09 18:39:37,776 - root - INFO - Reading image header(readHeader16C)...
2023-07-09 18:39:37,776 - root - INFO - Image header was read:
2023-07-09 18:39:37,777 - root - INFO - Width: 17, Height: 57, RowLength: 51
2023-07-09 18:39:37,777 - root - INFO - _step: 3, unknown2: 0,
2023-07-09 18:39:37,777 - root - INFO - BPP: 24, Transparency: False
2023-07-09 18:39:37,789 - root - INFO - Resource 40 offset: 567912, length: 5716...
2023-07-09 18:39:37,790 - root - DEBUG - Reading resource 40...
2023-07-09 18:39:37,790 - root - INFO - The image is bmc.
2023-07-09 18:39:37,790 - root - INFO - Reading image header(readHeader16C)...
2023-07-09 18:39:37,790 - root - INFO - Image header was read:
2023-07-09 18:39:37,790 - root - INFO - Width: 19, Height: 100, RowLength: 57
2023-07-09 18:39:37,790 - root - INFO - _step: 3, unknown2: 0,
2023-07-09 18:39:37,790 - root - INFO - BPP: 24, Transparency: False
2023-07-09 18:39:37,833 - root - INFO - Resource 41 offset: 573628, length: 4351...
2023-07-09 18:39:37,834 - root - DEBUG - Reading resource 41...
2023-07-09 18:39:37,835 - root - INFO - The image is bmc.
2023-07-09 18:39:37,835 - root - INFO - Reading image header(readHeader16C)...
2023-07-09 18:39:37,836 - root - INFO - Image header was read:
2023-07-09 18:39:37,837 - root - INFO - Width: 17, Height: 85, RowLength: 51
2023-07-09 18:39:37,838 - root - INFO - _step: 3, unknown2: 0,
2023-07-09 18:39:37,838 - root - INFO - BPP: 24, Transparency: False
2023-07-09 18:39:37,855 - root - INFO - Resource 42 offset: 577979, length: 448...
2023-07-09 18:39:37,855 - root - DEBUG - Reading resource 42...
2023-07-09 18:39:37,856 - root - INFO - The image is bmc.
2023-07-09 18:39:37,856 - root - INFO - Reading image header(readHeader16C)...
2023-07-09 18:39:37,856 - root - INFO - Image header was read:
2023-07-09 18:39:37,856 - root - INFO - Width: 12, Height: 12, RowLength: 36
2023-07-09 18:39:37,856 - root - INFO - _step: 3, unknown2: 0,
2023-07-09 18:39:37,856 - root - INFO - BPP: 24, Transparency: False
2023-07-09 18:39:37,858 - root - INFO - Resource 43 offset: 578427, length: 1216...
2023-07-09 18:39:37,858 - root - DEBUG - Reading resource 43...
2023-07-09 18:39:37,858 - root - INFO - The image is bmc.
2023-07-09 18:39:37,858 - root - INFO - Reading image header(readHeader16C)...
2023-07-09 18:39:37,858 - root - INFO - Image header was read:
2023-07-09 18:39:37,858 - root - INFO - Width: 20, Height: 20, RowLength: 60
2023-07-09 18:39:37,859 - root - INFO - _step: 3, unknown2: 0,
2023-07-09 18:39:37,859 - root - INFO - BPP: 24, Transparency: False
2023-07-09 18:39:37,863 - root - INFO - Resource 44 offset: 579643, length: 3662...
2023-07-09 18:39:37,863 - root - DEBUG - Reading resource 44...
2023-07-09 18:39:37,863 - root - INFO - The image is bme.
2023-07-09 18:39:37,864 - root - INFO - Reading image header(readHeader16E)...
2023-07-09 18:39:37,864 - root - INFO - Image header was read:
2023-07-09 18:39:37,864 - root - INFO - Width: 78, Height: 78, RowLength: 156
2023-07-09 18:39:37,864 - root - INFO - datalength: 3646, _step: 2
2023-07-09 18:39:37,865 - root - INFO - BPP: 16, Transparency: False
2023-07-09 18:39:37,904 - root - INFO - Resource 45 offset: 583305, length: 3652...
2023-07-09 18:39:37,904 - root - DEBUG - Reading resource 45...
2023-07-09 18:39:37,904 - root - INFO - The image is bme.
2023-07-09 18:39:37,904 - root - INFO - Reading image header(readHeader16E)...
2023-07-09 18:39:37,904 - root - INFO - Image header was read:
2023-07-09 18:39:37,905 - root - INFO - Width: 78, Height: 78, RowLength: 156
2023-07-09 18:39:37,905 - root - INFO - datalength: 3636, _step: 2
2023-07-09 18:39:37,905 - root - INFO - BPP: 16, Transparency: False
2023-07-09 18:39:37,923 - root - INFO - Resource 46 offset: 586957, length: 3670...
2023-07-09 18:39:37,923 - root - DEBUG - Reading resource 46...
2023-07-09 18:39:37,924 - root - INFO - The image is bme.
2023-07-09 18:39:37,924 - root - INFO - Reading image header(readHeader16E)...
2023-07-09 18:39:37,924 - root - INFO - Image header was read:
2023-07-09 18:39:37,924 - root - INFO - Width: 78, Height: 78, RowLength: 156
2023-07-09 18:39:37,924 - root - INFO - datalength: 3654, _step: 2
2023-07-09 18:39:37,925 - root - INFO - BPP: 16, Transparency: False
2023-07-09 18:39:37,939 - root - INFO - Resource 47 offset: 590627, length: 3670...
2023-07-09 18:39:37,940 - root - DEBUG - Reading resource 47...
2023-07-09 18:39:37,940 - root - INFO - The image is bme.
2023-07-09 18:39:37,940 - root - INFO - Reading image header(readHeader16E)...
2023-07-09 18:39:37,940 - root - INFO - Image header was read:
2023-07-09 18:39:37,940 - root - INFO - Width: 78, Height: 78, RowLength: 156
2023-07-09 18:39:37,940 - root - INFO - datalength: 3654, _step: 2
2023-07-09 18:39:37,940 - root - INFO - BPP: 16, Transparency: False
2023-07-09 18:39:37,968 - root - INFO - Resource 48 offset: 594297, length: 3652...
2023-07-09 18:39:37,968 - root - DEBUG - Reading resource 48...
2023-07-09 18:39:37,969 - root - INFO - The image is bme.
2023-07-09 18:39:37,969 - root - INFO - Reading image header(readHeader16E)...
2023-07-09 18:39:37,969 - root - INFO - Image header was read:
2023-07-09 18:39:37,969 - root - INFO - Width: 78, Height: 78, RowLength: 156
2023-07-09 18:39:37,969 - root - INFO - datalength: 3636, _step: 2
2023-07-09 18:39:37,969 - root - INFO - BPP: 16, Transparency: False
2023-07-09 18:39:37,983 - root - INFO - Resource 49 offset: 597949, length: 3662...
2023-07-09 18:39:37,983 - root - DEBUG - Reading resource 49...
2023-07-09 18:39:37,983 - root - INFO - The image is bme.
2023-07-09 18:39:37,983 - root - INFO - Reading image header(readHeader16E)...
2023-07-09 18:39:37,983 - root - INFO - Image header was read:
2023-07-09 18:39:37,983 - root - INFO - Width: 78, Height: 78, RowLength: 156
2023-07-09 18:39:37,983 - root - INFO - datalength: 3646, _step: 2
2023-07-09 18:39:37,983 - root - INFO - BPP: 16, Transparency: False
2023-07-09 18:39:37,999 - root - INFO - Resource 50 offset: 601611, length: 3520...
2023-07-09 18:39:37,999 - root - DEBUG - Reading resource 50...
2023-07-09 18:39:37,999 - root - INFO - The image is bme.
2023-07-09 18:39:37,999 - root - INFO - Reading image header(readHeader16E)...
2023-07-09 18:39:37,999 - root - INFO - Image header was read:
2023-07-09 18:39:37,999 - root - INFO - Width: 78, Height: 78, RowLength: 156
2023-07-09 18:39:37,999 - root - INFO - datalength: 3504, _step: 2
2023-07-09 18:39:38,001 - root - INFO - BPP: 16, Transparency: False
2023-07-09 18:39:38,023 - root - DEBUG - Parsing parameters...
2023-07-09 18:39:38,154 - root - DEBUG - 0 Value: None
2023-07-09 18:39:38,154 - root - DEBUG - 0.1 Value: 71
2023-07-09 18:39:38,154 - root - DEBUG - 2 Value: None
2023-07-09 18:39:38,154 - root - DEBUG - 2.1 Value: None
2023-07-09 18:39:38,154 - root - DEBUG - 2.1.1 Value: 0
2023-07-09 18:39:38,154 - root - DEBUG - 2.1.2 Value: 0
2023-07-09 18:39:38,154 - root - DEBUG - 2.1.3 Value: 1
2023-07-09 18:39:38,154 - root - DEBUG - 2.3 Value: None
2023-07-09 18:39:38,154 - root - DEBUG - 2.3.1 Value: 0
2023-07-09 18:39:38,156 - root - DEBUG - 2.3.2 Value: 0
2023-07-09 18:39:38,156 - root - DEBUG - 2.3.3 Value: 0
2023-07-09 18:39:38,156 - root - DEBUG - 2.4 Value: None
2023-07-09 18:39:38,156 - root - DEBUG - 2.4.1 Value: 0
2023-07-09 18:39:38,156 - root - DEBUG - 2.4.2 Value: 0
2023-07-09 18:39:38,156 - root - DEBUG - 2.4.3 Value: 0
2023-07-09 18:39:38,156 - root - DEBUG - 2.5 Value: None
2023-07-09 18:39:38,156 - root - DEBUG - 2.5.1 Value: 0
2023-07-09 18:39:38,157 - root - DEBUG - 2.5.2 Value: 0
2023-07-09 18:39:38,157 - root - DEBUG - 2.5.3 Value: 0
2023-07-09 18:39:38,157 - root - DEBUG - 4 Value: None
2023-07-09 18:39:38,157 - root - DEBUG - 4.4 Value: None
2023-07-09 18:39:38,157 - root - DEBUG - 4.4.1 Value: None
2023-07-09 18:39:38,157 - root - DEBUG - 4.4.1.1 Value: 17
2023-07-09 18:39:38,157 - root - DEBUG - 4.4.1.2 Value: 145
2023-07-09 18:39:38,157 - root - DEBUG - 4.4.1.3 Value: 95
2023-07-09 18:39:38,158 - root - DEBUG - 4.4.1.4 Value: 162
2023-07-09 18:39:38,158 - root - DEBUG - 4.4.1.5 Value: 24
2023-07-09 18:39:38,158 - root - DEBUG - 4.4.1.6 Value: 0
2023-07-09 18:39:38,158 - root - DEBUG - 4.4.1.7 Value: 0
2023-07-09 18:39:38,158 - root - DEBUG - 4.4.1.8 Value: 2
2023-07-09 18:39:38,158 - root - DEBUG - 4.4.1.9 Value: 10
2023-07-09 18:39:38,158 - root - DEBUG - 4.4.3 Value: 12
2023-07-09 18:39:38,158 - root - DEBUG - 4.7 Value: 0
2023-07-09 18:39:38,159 - root - DEBUG - 5 Value: None
2023-07-09 18:39:38,159 - root - DEBUG - 5.1 Value: None
2023-07-09 18:39:38,159 - root - DEBUG - 5.1.4 Value: 1
2023-07-09 18:39:38,159 - root - DEBUG - 5.1.5 Value: 1
2023-07-09 18:39:38,159 - root - DEBUG - 5.1.6 Value: 0
2023-07-09 18:39:38,159 - root - DEBUG - 6 Value: None
2023-07-09 18:39:38,159 - root - DEBUG - 6.6 Value: None
2023-07-09 18:39:38,159 - root - DEBUG - 6.6.1 Value: None
2023-07-09 18:39:38,160 - root - DEBUG - 6.6.1.1 Value: 17
2023-07-09 18:39:38,160 - root - DEBUG - 6.6.1.2 Value: 52
2023-07-09 18:39:38,160 - root - DEBUG - 6.6.1.3 Value: 95
2023-07-09 18:39:38,160 - root - DEBUG - 6.6.1.4 Value: 69
2023-07-09 18:39:38,160 - root - DEBUG - 6.6.1.5 Value: 24
2023-07-09 18:39:38,160 - root - DEBUG - 6.6.1.6 Value: 0
2023-07-09 18:39:38,160 - root - DEBUG - 6.6.1.7 Value: 0
2023-07-09 18:39:38,160 - root - DEBUG - 6.6.1.8 Value: 2
2023-07-09 18:39:38,161 - root - DEBUG - 6.6.1.9 Value: 10
2023-07-09 18:39:38,161 - root - DEBUG - 7 Value: None
2023-07-09 18:39:38,161 - root - DEBUG - 7.2 Value: None
2023-07-09 18:39:38,161 - root - DEBUG - 7.2.1 Value: 11
2023-07-09 18:39:38,161 - root - DEBUG - 7.2.2 Value: 224
2023-07-09 18:39:38,161 - root - DEBUG - 7.2.3 Value: 13
2023-07-09 18:39:38,161 - root - DEBUG - 7.2.4 Value: 9
2023-07-09 18:39:38,161 - root - DEBUG - 12 Value: None
2023-07-09 18:39:38,162 - root - DEBUG - 12.2 Value: None
2023-07-09 18:39:38,162 - root - DEBUG - 12.2.1 Value: 17
2023-07-09 18:39:38,162 - root - DEBUG - 12.2.2 Value: 115
2023-07-09 18:39:38,162 - root - DEBUG - 12.2.3 Value: 22
2023-07-09 18:39:38,162 - root - DEBUG - 12.2.4 Value: 6
2023-07-09 18:39:38,162 - root - DEBUG - 12.7 Value: None
2023-07-09 18:39:38,162 - root - DEBUG - 12.7.1 Value: 17
2023-07-09 18:39:38,163 - root - DEBUG - 12.7.2 Value: 115
2023-07-09 18:39:38,163 - root - DEBUG - 12.7.3 Value: 28
2023-07-09 18:39:38,163 - root - DEBUG - 15 Value: None
2023-07-09 18:39:38,163 - root - DEBUG - 15.2 Value: None
2023-07-09 18:39:38,163 - root - DEBUG - 15.2.1 Value: 11
2023-07-09 18:39:38,163 - root - DEBUG - 15.2.2 Value: 283
2023-07-09 18:39:38,163 - root - DEBUG - 15.2.3 Value: 29
2023-07-09 18:39:38,164 - root - DEBUG - 15.2.4 Value: 10
2023-07-09 18:39:38,164 - root - DEBUG - 20 Value: None
2023-07-09 18:39:38,164 - root - DEBUG - 20.2 Value: None
2023-07-09 18:39:38,164 - root - DEBUG - 20.2.1 Value: 201
2023-07-09 18:39:38,164 - root - DEBUG - 20.2.2 Value: 104
2023-07-09 18:39:38,164 - root - DEBUG - 20.3 Value: None
2023-07-09 18:39:38,164 - root - DEBUG - 20.3.1 Value: 39
2023-07-09 18:39:38,164 - root - DEBUG - 20.3.2 Value: 47
2023-07-09 18:39:38,165 - root - DEBUG - 20.4 Value: None
2023-07-09 18:39:38,165 - root - DEBUG - 20.4.1 Value: 41
2023-07-09 18:39:38,165 - root - DEBUG - 20.4.2 Value: 75
2023-07-09 18:39:38,165 - root - DEBUG - 20.4.4 Value: None
2023-07-09 18:39:38,165 - root - DEBUG - 20.4.4.1 Value: 191
2023-07-09 18:39:38,165 - root - DEBUG - 20.4.4.2 Value: 94
2023-07-09 18:39:38,165 - root - DEBUG - 20.4.4.3 Value: 43
2023-07-09 18:39:38,165 - root - DEBUG - 20.5 Value: None
2023-07-09 18:39:38,166 - root - DEBUG - 20.5.1 Value: 40
2023-07-09 18:39:38,166 - root - DEBUG - 20.5.2 Value: 76
2023-07-09 18:39:38,166 - root - DEBUG - 20.5.4 Value: None
2023-07-09 18:39:38,166 - root - DEBUG - 20.5.4.1 Value: 195
2023-07-09 18:39:38,167 - root - DEBUG - 20.5.4.2 Value: 98
2023-07-09 18:39:38,167 - root - DEBUG - 20.5.4.3 Value: 42
2023-07-09 18:39:38,167 - root - DEBUG - 26 Value: None
2023-07-09 18:39:38,167 - root - DEBUG - 26.1 Value: None
2023-07-09 18:39:38,167 - root - DEBUG - 26.1.1 Value: 17
2023-07-09 18:39:38,167 - root - DEBUG - 26.1.2 Value: 24
2023-07-09 18:39:38,167 - root - DEBUG - 26.1.3 Value: 44
2023-07-09 18:39:38,167 - root - DEBUG - 26.1.4 Value: 6
2023-07-09 18:39:38,168 - root - DEBUG - 26.5 Value: None
2023-07-09 18:39:38,168 - root - DEBUG - 26.5.1 Value: 17
2023-07-09 18:39:38,168 - root - DEBUG - 26.5.2 Value: 24
2023-07-09 18:39:38,168 - root - DEBUG - 26.5.3 Value: 50
2023-07-09 18:39:38,168 - root - DEBUG - 0-Info
2023-07-09 18:39:38,168 - root - DEBUG - 0.1-DeviceId
2023-07-09 18:39:38,169 - root - DEBUG - 2-Background
2023-07-09 18:39:38,169 - root - DEBUG - 2.1-Image
2023-07-09 18:39:38,169 - root - DEBUG - 2.1.1-X
2023-07-09 18:39:38,169 - root - DEBUG - 2.1.2-Y
2023-07-09 18:39:38,169 - root - DEBUG - 2.1.3-ImageIndex
2023-07-09 18:39:38,170 - root - DEBUG - 2.3-Preview
2023-07-09 18:39:38,170 - root - DEBUG - 2.3.1-X
2023-07-09 18:39:38,170 - root - DEBUG - 2.3.2-Y
2023-07-09 18:39:38,170 - root - DEBUG - 2.3.3-ImageIndex
2023-07-09 18:39:38,170 - root - DEBUG - 2.4-PreviewTradChinese
2023-07-09 18:39:38,171 - root - DEBUG - 2.4.1-X
2023-07-09 18:39:38,171 - root - DEBUG - 2.4.2-Y
2023-07-09 18:39:38,171 - root - DEBUG - 2.4.3-ImageIndex
2023-07-09 18:39:38,171 - root - DEBUG - 2.5-PreviewChinese
2023-07-09 18:39:38,171 - root - DEBUG - 2.5.1-X
2023-07-09 18:39:38,172 - root - DEBUG - 2.5.2-Y
2023-07-09 18:39:38,172 - root - DEBUG - 2.5.3-ImageIndex
2023-07-09 18:39:38,172 - root - DEBUG - 4-Activity
2023-07-09 18:39:38,172 - root - DEBUG - 4.4-HeartRate
2023-07-09 18:39:38,172 - root - DEBUG - 4.4.1-ImageNumber
2023-07-09 18:39:38,172 - root - DEBUG - 4.4.1.1-TopLeftX
2023-07-09 18:39:38,173 - root - DEBUG - 4.4.1.2-TopLeftY
2023-07-09 18:39:38,173 - root - DEBUG - 4.4.1.3-BottomRightX
2023-07-09 18:39:38,173 - root - DEBUG - 4.4.1.4-BottomRightY
2023-07-09 18:39:38,173 - root - DEBUG - 4.4.1.5-Alignment
2023-07-09 18:39:38,173 - root - DEBUG - 4.4.1.6-Spacing
2023-07-09 18:39:38,174 - root - DEBUG - 4.4.1.7-VerticalOffset
2023-07-09 18:39:38,174 - root - DEBUG - 4.4.1.8-ImageIndex
2023-07-09 18:39:38,174 - root - DEBUG - 4.4.1.9-ImagesCount
2023-07-09 18:39:38,174 - root - DEBUG - 4.4.3-NoDataImageIndex
2023-07-09 18:39:38,174 - root - DEBUG - 4.7-UnknownLongValue7
2023-07-09 18:39:38,174 - root - DEBUG - 5-DateBlock
2023-07-09 18:39:38,175 - root - DEBUG - 5.1-Date
2023-07-09 18:39:38,175 - root - DEBUG - 5.1.4-PaddingZeroMonth
2023-07-09 18:39:38,175 - root - DEBUG - 5.1.5-PaddingZeroDay
2023-07-09 18:39:38,175 - root - DEBUG - 5.1.6-UnknownBoolean6
2023-07-09 18:39:38,175 - root - DEBUG - 6-Weather
2023-07-09 18:39:38,175 - root - DEBUG - 6.6-UVindex
2023-07-09 18:39:38,175 - root - DEBUG - 6.6.1-UVindexNumber
2023-07-09 18:39:38,175 - root - DEBUG - 6.6.1.1-TopLeftX
2023-07-09 18:39:38,175 - root - DEBUG - 6.6.1.2-TopLeftY
2023-07-09 18:39:38,176 - root - DEBUG - 6.6.1.3-BottomRightX
2023-07-09 18:39:38,176 - root - DEBUG - 6.6.1.4-BottomRightY
2023-07-09 18:39:38,176 - root - DEBUG - 6.6.1.5-Alignment
2023-07-09 18:39:38,176 - root - DEBUG - 6.6.1.6-Spacing
2023-07-09 18:39:38,176 - root - DEBUG - 6.6.1.7-VerticalOffset
2023-07-09 18:39:38,177 - root - DEBUG - 6.6.1.8-ImageIndex
2023-07-09 18:39:38,177 - root - DEBUG - 6.6.1.9-ImagesCount
2023-07-09 18:39:38,177 - root - DEBUG - 7-StepProgress
2023-07-09 18:39:38,177 - root - DEBUG - 7.2-ImageProgress
2023-07-09 18:39:38,177 - root - DEBUG - 7.2.1-X
2023-07-09 18:39:38,177 - root - DEBUG - 7.2.2-Y
2023-07-09 18:39:38,178 - root - DEBUG - 7.2.3-ImageIndex
2023-07-09 18:39:38,178 - root - DEBUG - 7.2.4-ImagesCount
2023-07-09 18:39:38,178 - root - DEBUG - 12-HeartProgress
2023-07-09 18:39:38,178 - root - DEBUG - 12.2-ImageProgress
2023-07-09 18:39:38,178 - root - DEBUG - 12.2.1-X
2023-07-09 18:39:38,178 - root - DEBUG - 12.2.2-Y
2023-07-09 18:39:38,179 - root - DEBUG - 12.2.3-ImageIndex
2023-07-09 18:39:38,179 - root - DEBUG - 12.2.4-ImagesCount
2023-07-09 18:39:38,179 - root - DEBUG - 12.7-BackgroundLayer
2023-07-09 18:39:38,180 - root - DEBUG - 12.7.1-X
2023-07-09 18:39:38,180 - root - DEBUG - 12.7.2-Y
2023-07-09 18:39:38,180 - root - DEBUG - 12.7.3-ImageIndex
2023-07-09 18:39:38,180 - root - DEBUG - 15-CaloriesProgress
2023-07-09 18:39:38,180 - root - DEBUG - 15.2-ImageProgress
2023-07-09 18:39:38,180 - root - DEBUG - 15.2.1-X
2023-07-09 18:39:38,181 - root - DEBUG - 15.2.2-Y
2023-07-09 18:39:38,181 - root - DEBUG - 15.2.3-ImageIndex
2023-07-09 18:39:38,181 - root - DEBUG - 15.2.4-ImagesCount
2023-07-09 18:39:38,181 - root - DEBUG - 20-TimeAnalog
2023-07-09 18:39:38,181 - root - DEBUG - 20.2-CommonCenterCoordinates
2023-07-09 18:39:38,181 - root - DEBUG - 20.2.1-X
2023-07-09 18:39:38,182 - root - DEBUG - 20.2.2-Y
2023-07-09 18:39:38,182 - root - DEBUG - 20.3-Hours
2023-07-09 18:39:38,182 - root - DEBUG - 20.3.1-ImageIndex
2023-07-09 18:39:38,182 - root - DEBUG - 20.3.2-PointerCenterOfRotationY
2023-07-09 18:39:38,182 - root - DEBUG - 20.4-Minutes
2023-07-09 18:39:38,182 - root - DEBUG - 20.4.1-ImageIndex
2023-07-09 18:39:38,183 - root - DEBUG - 20.4.2-PointerCenterOfRotationY
2023-07-09 18:39:38,183 - root - DEBUG - 20.4.4-CoverImage
2023-07-09 18:39:38,183 - root - DEBUG - 20.4.4.1-X
2023-07-09 18:39:38,183 - root - DEBUG - 20.4.4.2-Y
2023-07-09 18:39:38,183 - root - DEBUG - 20.4.4.3-ImageIndex
2023-07-09 18:39:38,183 - root - DEBUG - 20.5-Seconds
2023-07-09 18:39:38,184 - root - DEBUG - 20.5.1-ImageIndex
2023-07-09 18:39:38,184 - root - DEBUG - 20.5.2-PointerCenterOfRotationY
2023-07-09 18:39:38,184 - root - DEBUG - 20.5.4-CoverImage
2023-07-09 18:39:38,184 - root - DEBUG - 20.5.4.1-X
2023-07-09 18:39:38,184 - root - DEBUG - 20.5.4.2-Y
2023-07-09 18:39:38,184 - root - DEBUG - 20.5.4.3-ImageIndex
2023-07-09 18:39:38,186 - root - DEBUG - 26-UviProgress
2023-07-09 18:39:38,186 - root - DEBUG - 26.1-ImageProgress
2023-07-09 18:39:38,186 - root - DEBUG - 26.1.1-X
2023-07-09 18:39:38,186 - root - DEBUG - 26.1.2-Y
2023-07-09 18:39:38,188 - root - DEBUG - 26.1.3-ImageIndex
2023-07-09 18:39:38,188 - root - DEBUG - 26.1.4-ImagesCount
2023-07-09 18:39:38,188 - root - DEBUG - 26.5-BackgroundLayer
2023-07-09 18:39:38,188 - root - DEBUG - 26.5.1-X
2023-07-09 18:39:38,188 - root - DEBUG - 26.5.2-Y
2023-07-09 18:39:38,188 - root - DEBUG - 26.5.3-ImageIndex
2023-07-09 18:39:38,189 - root - DEBUG - generatePreviews
2023-07-09 18:39:38,189 - root - DEBUG - Generating previews...
2023-07-09 18:39:38,192 - root - DEBUG - Generating states done...
2023-07-09 18:39:38,204 - root - DEBUG - >>>>>>>>>>>> 0 <watchFaceParser.models.parameter.Parameter object at 0x0000029B0A48F700>
2023-07-09 18:39:38,204 - root - DEBUG - >>>>>>>>>>>> 2 <watchFaceParser.models.parameter.Parameter object at 0x0000029B0A4892E0>
2023-07-09 18:39:38,214 - root - DEBUG - >>>>>>>>>>>> 4 <watchFaceParser.models.parameter.Parameter object at 0x0000029B0A489CD0>
2023-07-09 18:39:38,231 - root - DEBUG - >>>>>>>>>>>> 5 <watchFaceParser.models.parameter.Parameter object at 0x0000029B0A48B910>
2023-07-09 18:39:38,234 - root - DEBUG - >>>>>>>>>>>> 6 <watchFaceParser.models.parameter.Parameter object at 0x0000029B0A48B880>
2023-07-09 18:39:38,251 - root - DEBUG - >>>>>>>>>>>> 7 <watchFaceParser.models.parameter.Parameter object at 0x0000029B0A48BF70>
2023-07-09 18:39:38,255 - root - DEBUG - >>>>>>>>>>>> 12 <watchFaceParser.models.parameter.Parameter object at 0x0000029B0A48BF40>
2023-07-09 18:39:38,257 - root - DEBUG - >>>>>>>>>>>> 15 <watchFaceParser.models.parameter.Parameter object at 0x0000029B0A48D6D0>
2023-07-09 18:39:38,289 - root - DEBUG - >>>>>>>>>>>> 20 <watchFaceParser.models.parameter.Parameter object at 0x0000029B0A48D940>
2023-07-09 18:39:38,322 - root - DEBUG - >>>>>>>>>>>> 26 <watchFaceParser.models.parameter.Parameter object at 0x0000029B0A48D6A0>
2023-07-09 18:39:38,471 - root - DEBUG - Generating static preview gen done...
2023-07-09 18:39:38,612 - root - DEBUG - Generating static preview save done...
2023-07-09 18:39:38,612 - root - DEBUG - Generating anim preview gen done...
2023-07-09 18:39:38,612 - root - DEBUG - >>>>>>>>>>>> 0 <watchFaceParser.models.parameter.Parameter object at 0x0000029B0A48F700>
2023-07-09 18:39:38,612 - root - DEBUG - >>>>>>>>>>>> 2 <watchFaceParser.models.parameter.Parameter object at 0x0000029B0A4892E0>
2023-07-09 18:39:38,613 - root - DEBUG - >>>>>>>>>>>> 4 <watchFaceParser.models.parameter.Parameter object at 0x0000029B0A489CD0>
2023-07-09 18:39:38,613 - root - DEBUG - >>>>>>>>>>>> 5 <watchFaceParser.models.parameter.Parameter object at 0x0000029B0A48B910>
2023-07-09 18:39:38,613 - root - DEBUG - >>>>>>>>>>>> 6 <watchFaceParser.models.parameter.Parameter object at 0x0000029B0A48B880>
2023-07-09 18:39:38,613 - root - DEBUG - >>>>>>>>>>>> 7 <watchFaceParser.models.parameter.Parameter object at 0x0000029B0A48BF70>
2023-07-09 18:39:38,613 - root - DEBUG - >>>>>>>>>>>> 12 <watchFaceParser.models.parameter.Parameter object at 0x0000029B0A48BF40>
2023-07-09 18:39:38,615 - root - DEBUG - >>>>>>>>>>>> 15 <watchFaceParser.models.parameter.Parameter object at 0x0000029B0A48D6D0>
2023-07-09 18:39:38,615 - root - DEBUG - >>>>>>>>>>>> 20 <watchFaceParser.models.parameter.Parameter object at 0x0000029B0A48D940>
2023-07-09 18:39:38,615 - root - DEBUG - >>>>>>>>>>>> 26 <watchFaceParser.models.parameter.Parameter object at 0x0000029B0A48D6A0>
2023-07-09 18:39:39,430 - root - DEBUG - generatePreviews done
2023-07-09 18:39:39,430 - root - DEBUG - Exporting resources to 'E:\Codez\zepp-bipupro-wf\13c3466519f258503d91164f1a7b1bd2'
2023-07-09 18:39:39,430 - root - DEBUG - extracting E:\Codez\zepp-bipupro-wf\13c3466519f258503d91164f1a7b1bd2\0000.png...
2023-07-09 18:39:39,441 - root - DEBUG - extracting E:\Codez\zepp-bipupro-wf\13c3466519f258503d91164f1a7b1bd2\0001.png...
2023-07-09 18:39:39,456 - root - DEBUG - extracting E:\Codez\zepp-bipupro-wf\13c3466519f258503d91164f1a7b1bd2\0002.png...
2023-07-09 18:39:39,456 - root - DEBUG - extracting E:\Codez\zepp-bipupro-wf\13c3466519f258503d91164f1a7b1bd2\0003.png...
2023-07-09 18:39:39,461 - root - DEBUG - extracting E:\Codez\zepp-bipupro-wf\13c3466519f258503d91164f1a7b1bd2\0004.png...
2023-07-09 18:39:39,461 - root - DEBUG - extracting E:\Codez\zepp-bipupro-wf\13c3466519f258503d91164f1a7b1bd2\0005.png...
2023-07-09 18:39:39,461 - root - DEBUG - extracting E:\Codez\zepp-bipupro-wf\13c3466519f258503d91164f1a7b1bd2\0006.png...
2023-07-09 18:39:39,461 - root - DEBUG - extracting E:\Codez\zepp-bipupro-wf\13c3466519f258503d91164f1a7b1bd2\0007.png...
2023-07-09 18:39:39,461 - root - DEBUG - extracting E:\Codez\zepp-bipupro-wf\13c3466519f258503d91164f1a7b1bd2\0008.png...
2023-07-09 18:39:39,466 - root - DEBUG - extracting E:\Codez\zepp-bipupro-wf\13c3466519f258503d91164f1a7b1bd2\0009.png...
2023-07-09 18:39:39,466 - root - DEBUG - extracting E:\Codez\zepp-bipupro-wf\13c3466519f258503d91164f1a7b1bd2\0010.png...
2023-07-09 18:39:39,466 - root - DEBUG - extracting E:\Codez\zepp-bipupro-wf\13c3466519f258503d91164f1a7b1bd2\0011.png...
2023-07-09 18:39:39,466 - root - DEBUG - extracting E:\Codez\zepp-bipupro-wf\13c3466519f258503d91164f1a7b1bd2\0012.png...
2023-07-09 18:39:39,466 - root - DEBUG - extracting E:\Codez\zepp-bipupro-wf\13c3466519f258503d91164f1a7b1bd2\0013.png...
2023-07-09 18:39:39,466 - root - DEBUG - extracting E:\Codez\zepp-bipupro-wf\13c3466519f258503d91164f1a7b1bd2\0014.png...
2023-07-09 18:39:39,466 - root - DEBUG - extracting E:\Codez\zepp-bipupro-wf\13c3466519f258503d91164f1a7b1bd2\0015.png...
2023-07-09 18:39:39,476 - root - DEBUG - extracting E:\Codez\zepp-bipupro-wf\13c3466519f258503d91164f1a7b1bd2\0016.png...
2023-07-09 18:39:39,476 - root - DEBUG - extracting E:\Codez\zepp-bipupro-wf\13c3466519f258503d91164f1a7b1bd2\0017.png...
2023-07-09 18:39:39,476 - root - DEBUG - extracting E:\Codez\zepp-bipupro-wf\13c3466519f258503d91164f1a7b1bd2\0018.png...
2023-07-09 18:39:39,481 - root - DEBUG - extracting E:\Codez\zepp-bipupro-wf\13c3466519f258503d91164f1a7b1bd2\0019.png...
2023-07-09 18:39:39,481 - root - DEBUG - extracting E:\Codez\zepp-bipupro-wf\13c3466519f258503d91164f1a7b1bd2\0020.png...
2023-07-09 18:39:39,481 - root - DEBUG - extracting E:\Codez\zepp-bipupro-wf\13c3466519f258503d91164f1a7b1bd2\0021.png...
2023-07-09 18:39:39,486 - root - DEBUG - extracting E:\Codez\zepp-bipupro-wf\13c3466519f258503d91164f1a7b1bd2\0022.png...
2023-07-09 18:39:39,486 - root - DEBUG - extracting E:\Codez\zepp-bipupro-wf\13c3466519f258503d91164f1a7b1bd2\0023.png...
2023-07-09 18:39:39,486 - root - DEBUG - extracting E:\Codez\zepp-bipupro-wf\13c3466519f258503d91164f1a7b1bd2\0024.png...
2023-07-09 18:39:39,492 - root - DEBUG - extracting E:\Codez\zepp-bipupro-wf\13c3466519f258503d91164f1a7b1bd2\0025.png...
2023-07-09 18:39:39,496 - root - DEBUG - extracting E:\Codez\zepp-bipupro-wf\13c3466519f258503d91164f1a7b1bd2\0026.png...
2023-07-09 18:39:39,496 - root - DEBUG - extracting E:\Codez\zepp-bipupro-wf\13c3466519f258503d91164f1a7b1bd2\0027.png...
2023-07-09 18:39:39,496 - root - DEBUG - extracting E:\Codez\zepp-bipupro-wf\13c3466519f258503d91164f1a7b1bd2\0028.png...
2023-07-09 18:39:39,496 - root - DEBUG - extracting E:\Codez\zepp-bipupro-wf\13c3466519f258503d91164f1a7b1bd2\0029.png...
2023-07-09 18:39:39,496 - root - DEBUG - extracting E:\Codez\zepp-bipupro-wf\13c3466519f258503d91164f1a7b1bd2\0030.png...
2023-07-09 18:39:39,506 - root - DEBUG - extracting E:\Codez\zepp-bipupro-wf\13c3466519f258503d91164f1a7b1bd2\0031.png...
2023-07-09 18:39:39,508 - root - DEBUG - extracting E:\Codez\zepp-bipupro-wf\13c3466519f258503d91164f1a7b1bd2\0032.png...
2023-07-09 18:39:39,508 - root - DEBUG - extracting E:\Codez\zepp-bipupro-wf\13c3466519f258503d91164f1a7b1bd2\0033.png...
2023-07-09 18:39:39,508 - root - DEBUG - extracting E:\Codez\zepp-bipupro-wf\13c3466519f258503d91164f1a7b1bd2\0034.png...
2023-07-09 18:39:39,508 - root - DEBUG - extracting E:\Codez\zepp-bipupro-wf\13c3466519f258503d91164f1a7b1bd2\0035.png...
2023-07-09 18:39:39,508 - root - DEBUG - extracting E:\Codez\zepp-bipupro-wf\13c3466519f258503d91164f1a7b1bd2\0036.png...
2023-07-09 18:39:39,516 - root - DEBUG - extracting E:\Codez\zepp-bipupro-wf\13c3466519f258503d91164f1a7b1bd2\0037.png...
2023-07-09 18:39:39,516 - root - DEBUG - extracting E:\Codez\zepp-bipupro-wf\13c3466519f258503d91164f1a7b1bd2\0038.png...
2023-07-09 18:39:39,516 - root - DEBUG - extracting E:\Codez\zepp-bipupro-wf\13c3466519f258503d91164f1a7b1bd2\0039.png...
2023-07-09 18:39:39,516 - root - DEBUG - extracting E:\Codez\zepp-bipupro-wf\13c3466519f258503d91164f1a7b1bd2\0040.png...
2023-07-09 18:39:39,524 - root - DEBUG - extracting E:\Codez\zepp-bipupro-wf\13c3466519f258503d91164f1a7b1bd2\0041.png...
2023-07-09 18:39:39,524 - root - DEBUG - extracting E:\Codez\zepp-bipupro-wf\13c3466519f258503d91164f1a7b1bd2\0042.png...
2023-07-09 18:39:39,526 - root - DEBUG - extracting E:\Codez\zepp-bipupro-wf\13c3466519f258503d91164f1a7b1bd2\0043.png...
2023-07-09 18:39:39,526 - root - DEBUG - extracting E:\Codez\zepp-bipupro-wf\13c3466519f258503d91164f1a7b1bd2\0044.png...
2023-07-09 18:39:39,526 - root - DEBUG - extracting E:\Codez\zepp-bipupro-wf\13c3466519f258503d91164f1a7b1bd2\0045.png...
2023-07-09 18:39:39,526 - root - DEBUG - extracting E:\Codez\zepp-bipupro-wf\13c3466519f258503d91164f1a7b1bd2\0046.png...
2023-07-09 18:39:39,534 - root - DEBUG - extracting E:\Codez\zepp-bipupro-wf\13c3466519f258503d91164f1a7b1bd2\0047.png...
2023-07-09 18:39:39,536 - root - DEBUG - extracting E:\Codez\zepp-bipupro-wf\13c3466519f258503d91164f1a7b1bd2\0048.png...
2023-07-09 18:39:39,536 - root - DEBUG - extracting E:\Codez\zepp-bipupro-wf\13c3466519f258503d91164f1a7b1bd2\0049.png...
2023-07-09 18:39:39,540 - root - DEBUG - extracting E:\Codez\zepp-bipupro-wf\13c3466519f258503d91164f1a7b1bd2\0050.png...
2023-07-09 18:39:39,540 - root - DEBUG - Exporting config...
