2021-12-27 14:52:16,887 - root - DEBUG - Opening watch face '20faa5500f2060aa1809814531221b88.bin'
2021-12-27 14:52:16,887 - root - DEBUG - Reading parameters...
2021-12-27 14:52:16,887 - root - INFO - Reading header...
2021-12-27 14:52:16,887 - root - INFO - Header was read:
2021-12-27 14:52:16,887 - root - INFO - Signature: b'UIHH\x01\x00\xff', Unknown: 66, ParametersSize: 53, isValid: True, deviceId: 71
2021-12-27 14:52:16,887 - root - INFO - Reading parameter offsets...
2021-12-27 14:52:16,887 - root - INFO - Parameter offsets were read from file
2021-12-27 14:52:16,903 - root - INFO - Reading parameters descriptor...
2021-12-27 14:52:16,903 - root - INFO - 1 ( A): 5 bytes
2021-12-27 14:52:16,903 - root - INFO -     1 ( 8): 326 146
2021-12-27 14:52:16,903 - root - INFO -     2 (10): 70 46
2021-12-27 14:52:16,903 - root - INFO - getParameters descriptor was read:
2021-12-27 14:52:16,903 - root - INFO - ParametersTableLength: 326, ImagesCount: 70
2021-12-27 14:52:16,903 - root - INFO - Reading parameters locations...
2021-12-27 14:52:16,903 - root - INFO - 2 (12): 4 bytes
2021-12-27 14:52:16,903 - root - INFO -     1 ( 8): 0  0
2021-12-27 14:52:16,903 - root - INFO -     2 (10): 32 20
2021-12-27 14:52:16,903 - root - INFO - 3 (1A): 4 bytes
2021-12-27 14:52:16,903 - root - INFO -     1 ( 8): 32 20
2021-12-27 14:52:16,903 - root - INFO -     2 (10): 52 34
2021-12-27 14:52:16,903 - root - INFO - 4 (22): 5 bytes
2021-12-27 14:52:16,903 - root - INFO -     1 ( 8): 150 96
2021-12-27 14:52:16,903 - root - INFO -     2 (10): 52 34
2021-12-27 14:52:16,903 - root - INFO - 5 (2A): 4 bytes
2021-12-27 14:52:16,903 - root - INFO -     1 ( 8): 84 54
2021-12-27 14:52:16,903 - root - INFO -     2 (10): 66 42
2021-12-27 14:52:16,903 - root - INFO - 6 (32): 5 bytes
2021-12-27 14:52:16,903 - root - INFO -     1 ( 8): 202 CA
2021-12-27 14:52:16,903 - root - INFO -     2 (10): 47 2F
2021-12-27 14:52:16,903 - root - INFO - 7 (3A): 5 bytes
2021-12-27 14:52:16,903 - root - INFO -     1 ( 8): 249 F9
2021-12-27 14:52:16,903 - root - INFO -     2 (10): 36 24
2021-12-27 14:52:16,903 - root - INFO - 9 (4A): 5 bytes
2021-12-27 14:52:16,903 - root - INFO -     1 ( 8): 285 11D
2021-12-27 14:52:16,903 - root - INFO -     2 (10): 41 29
2021-12-27 14:52:16,903 - root - INFO - Watch face parameters locations were read:
2021-12-27 14:52:16,903 - root - INFO - Reading descriptor for parameter 2
2021-12-27 14:52:16,903 - root - INFO - Descriptor offset: 0, Descriptor length: 32
2021-12-27 14:52:16,903 - root - INFO - Parsing descriptor for parameter 2...
2021-12-27 14:52:16,903 - root - INFO - 1 ( A): 6 bytes
2021-12-27 14:52:16,903 - root - INFO -     1 ( 8): 0  0
2021-12-27 14:52:16,903 - root - INFO -     2 (10): 0  0
2021-12-27 14:52:16,903 - root - INFO -     3 (18): 1  1
2021-12-27 14:52:16,903 - root - INFO - 3 (1A): 6 bytes
2021-12-27 14:52:16,903 - root - INFO -     1 ( 8): 0  0
2021-12-27 14:52:16,903 - root - INFO -     2 (10): 0  0
2021-12-27 14:52:16,903 - root - INFO -     3 (18): 0  0
2021-12-27 14:52:16,903 - root - INFO - 4 (22): 6 bytes
2021-12-27 14:52:16,903 - root - INFO -     1 ( 8): 0  0
2021-12-27 14:52:16,903 - root - INFO -     2 (10): 0  0
2021-12-27 14:52:16,903 - root - INFO -     3 (18): 0  0
2021-12-27 14:52:16,903 - root - INFO - 5 (2A): 6 bytes
2021-12-27 14:52:16,903 - root - INFO -     1 ( 8): 0  0
2021-12-27 14:52:16,903 - root - INFO -     2 (10): 0  0
2021-12-27 14:52:16,903 - root - INFO -     3 (18): 0  0
2021-12-27 14:52:16,903 - root - INFO - Reading descriptor for parameter 3
2021-12-27 14:52:16,903 - root - INFO - Descriptor offset: 32, Descriptor length: 52
2021-12-27 14:52:16,903 - root - INFO - Parsing descriptor for parameter 3...
2021-12-27 14:52:16,903 - root - INFO - 1 ( A): 50 bytes
2021-12-27 14:52:16,903 - root - INFO -     1 ( A): 20 bytes
2021-12-27 14:52:16,903 - root - INFO -         1 ( A): 8 bytes
2021-12-27 14:52:16,903 - root - INFO -             1 ( 8): 49 31
2021-12-27 14:52:16,903 - root - INFO -             2 (10): 93 5D
2021-12-27 14:52:16,903 - root - INFO -             3 (18): 2  2
2021-12-27 14:52:16,903 - root - INFO -             4 (20): 10  A
2021-12-27 14:52:16,903 - root - INFO -         2 (12): 8 bytes
2021-12-27 14:52:16,903 - root - INFO -             1 ( 8): 95 5F
2021-12-27 14:52:16,903 - root - INFO -             2 (10): 93 5D
2021-12-27 14:52:16,903 - root - INFO -             3 (18): 2  2
2021-12-27 14:52:16,903 - root - INFO -             4 (20): 10  A
2021-12-27 14:52:16,903 - root - INFO -     2 (12): 22 bytes
2021-12-27 14:52:16,903 - root - INFO -         1 ( A): 9 bytes
2021-12-27 14:52:16,903 - root - INFO -             1 ( 8): 165 A5
2021-12-27 14:52:16,903 - root - INFO -             2 (10): 93 5D
2021-12-27 14:52:16,903 - root - INFO -             3 (18): 2  2
2021-12-27 14:52:16,903 - root - INFO -             4 (20): 10  A
2021-12-27 14:52:16,903 - root - INFO -         2 (12): 9 bytes
2021-12-27 14:52:16,903 - root - INFO -             1 ( 8): 211 D3
2021-12-27 14:52:16,903 - root - INFO -             2 (10): 93 5D
2021-12-27 14:52:16,903 - root - INFO -             3 (18): 2  2
2021-12-27 14:52:16,903 - root - INFO -             4 (20): 10  A
2021-12-27 14:52:16,903 - root - INFO -     7 (38): 0  0
2021-12-27 14:52:16,903 - root - INFO -     8 (40): 1  1
2021-12-27 14:52:16,903 - root - INFO - Reading descriptor for parameter 4
2021-12-27 14:52:16,903 - root - INFO - Descriptor offset: 150, Descriptor length: 52
2021-12-27 14:52:16,903 - root - INFO - Parsing descriptor for parameter 4...
2021-12-27 14:52:16,903 - root - INFO - 3 (1A): 24 bytes
2021-12-27 14:52:16,903 - root - INFO -     1 ( A): 22 bytes
2021-12-27 14:52:16,903 - root - INFO -         1 ( 8): 211 D3
2021-12-27 14:52:16,903 - root - INFO -         2 (10): 224 E0
2021-12-27 14:52:16,903 - root - INFO -         3 (18): 277 115
2021-12-27 14:52:16,903 - root - INFO -         4 (20): 248 F8
2021-12-27 14:52:16,903 - root - INFO -         5 (28): 18 12
2021-12-27 14:52:16,903 - root - INFO -         6 (30): 2  2
2021-12-27 14:52:16,903 - root - INFO -         7 (38): 0  0
2021-12-27 14:52:16,903 - root - INFO -         8 (40): 12  C
2021-12-27 14:52:16,903 - root - INFO -         9 (48): 10  A
2021-12-27 14:52:16,903 - root - INFO - 4 (22): 22 bytes
2021-12-27 14:52:16,903 - root - INFO -     1 ( A): 20 bytes
2021-12-27 14:52:16,903 - root - INFO -         1 ( 8): 42 2A
2021-12-27 14:52:16,903 - root - INFO -         2 (10): 224 E0
2021-12-27 14:52:16,903 - root - INFO -         3 (18): 91 5B
2021-12-27 14:52:16,903 - root - INFO -         4 (20): 248 F8
2021-12-27 14:52:16,903 - root - INFO -         5 (28): 18 12
2021-12-27 14:52:16,903 - root - INFO -         6 (30): 2  2
2021-12-27 14:52:16,903 - root - INFO -         7 (38): 0  0
2021-12-27 14:52:16,903 - root - INFO -         8 (40): 12  C
2021-12-27 14:52:16,903 - root - INFO -         9 (48): 10  A
2021-12-27 14:52:16,903 - root - INFO - 7 (38): 0  0
2021-12-27 14:52:16,903 - root - INFO - Reading descriptor for parameter 5
2021-12-27 14:52:16,903 - root - INFO - Descriptor offset: 84, Descriptor length: 66
2021-12-27 14:52:16,903 - root - INFO - Parsing descriptor for parameter 5...
2021-12-27 14:52:16,903 - root - INFO - 1 ( A): 28 bytes
2021-12-27 14:52:16,903 - root - INFO -     1 ( A): 20 bytes
2021-12-27 14:52:16,903 - root - INFO -         4 (22): 18 bytes
2021-12-27 14:52:16,903 - root - INFO -             1 ( 8): 45 2D
2021-12-27 14:52:16,903 - root - INFO -             2 (10): 11  B
2021-12-27 14:52:16,903 - root - INFO -             3 (18): 77 4D
2021-12-27 14:52:16,903 - root - INFO -             4 (20): 35 23
2021-12-27 14:52:16,903 - root - INFO -             5 (28): 18 12
2021-12-27 14:52:16,903 - root - INFO -             6 (30): 2  2
2021-12-27 14:52:16,903 - root - INFO -             7 (38): 0  0
2021-12-27 14:52:16,903 - root - INFO -             8 (40): 12  C
2021-12-27 14:52:16,903 - root - INFO -             9 (48): 10  A
2021-12-27 14:52:16,903 - root - INFO -     4 (20): 1  1
2021-12-27 14:52:16,903 - root - INFO -     5 (28): 1  1
2021-12-27 14:52:16,903 - root - INFO -     6 (30): 0  0
2021-12-27 14:52:16,903 - root - INFO - 2 (12): 23 bytes
2021-12-27 14:52:16,903 - root - INFO -     1 ( 8): 0  0
2021-12-27 14:52:16,903 - root - INFO -     2 (10): 0  0
2021-12-27 14:52:16,903 - root - INFO -     5 (28): 29 1D
2021-12-27 14:52:16,903 - root - INFO -     6 (30): 30 1E
2021-12-27 14:52:16,903 - root - INFO -     8 (42): 5 bytes
2021-12-27 14:52:16,903 - root - INFO -         1 ( 8): 133 85
2021-12-27 14:52:16,903 - root - INFO -         2 (10): 31 1F
2021-12-27 14:52:16,903 - root - INFO -     9 (4A): 6 bytes
2021-12-27 14:52:16,903 - root - INFO -         1 ( 8): 133 85
2021-12-27 14:52:16,903 - root - INFO -         2 (10): 204 CC
2021-12-27 14:52:16,903 - root - INFO - 4 (22): 9 bytes
2021-12-27 14:52:16,903 - root - INFO -     1 ( 8): 215 D7
2021-12-27 14:52:16,903 - root - INFO -     2 (10): 11  B
2021-12-27 14:52:16,903 - root - INFO -     3 (18): 22 16
2021-12-27 14:52:16,903 - root - INFO -     4 (20): 7  7
2021-12-27 14:52:16,903 - root - INFO - Reading descriptor for parameter 6
2021-12-27 14:52:16,903 - root - INFO - Descriptor offset: 202, Descriptor length: 47
2021-12-27 14:52:16,903 - root - INFO - Parsing descriptor for parameter 6...
2021-12-27 14:52:16,903 - root - INFO - 1 ( A): 11 bytes
2021-12-27 14:52:16,903 - root - INFO -     2 (12): 9 bytes
2021-12-27 14:52:16,903 - root - INFO -         1 ( 8): 100 64
2021-12-27 14:52:16,903 - root - INFO -         2 (10): 275 113
2021-12-27 14:52:16,903 - root - INFO -         3 (18): 31 1F
2021-12-27 14:52:16,903 - root - INFO -         4 (20): 26 1A
2021-12-27 14:52:16,918 - root - INFO - 2 (12): 32 bytes
2021-12-27 14:52:16,918 - root - INFO -     1 ( A): 30 bytes
2021-12-27 14:52:16,918 - root - INFO -         1 ( A): 22 bytes
2021-12-27 14:52:16,918 - root - INFO -             1 ( 8): 136 88
2021-12-27 14:52:16,918 - root - INFO -             2 (10): 278 116
2021-12-27 14:52:16,918 - root - INFO -             3 (18): 197 C5
2021-12-27 14:52:16,918 - root - INFO -             4 (20): 302 12E
2021-12-27 14:52:16,918 - root - INFO -             5 (28): 18 12
2021-12-27 14:52:16,918 - root - INFO -             6 (30): 2  2
2021-12-27 14:52:16,918 - root - INFO -             7 (38): 0  0
2021-12-27 14:52:16,918 - root - INFO -             8 (40): 12  C
2021-12-27 14:52:16,918 - root - INFO -             9 (48): 10  A
2021-12-27 14:52:16,918 - root - INFO -         2 (10): 57 39
2021-12-27 14:52:16,918 - root - INFO -         3 (18): 58 3A
2021-12-27 14:52:16,918 - root - INFO -         5 (28): 59 3B
2021-12-27 14:52:16,918 - root - INFO - Reading descriptor for parameter 7
2021-12-27 14:52:16,918 - root - INFO - Descriptor offset: 249, Descriptor length: 36
2021-12-27 14:52:16,918 - root - INFO - Parsing descriptor for parameter 7...
2021-12-27 14:52:16,918 - root - INFO - 3 (1A): 34 bytes
2021-12-27 14:52:16,918 - root - INFO -     1 ( 8): 60 3C
2021-12-27 14:52:16,918 - root - INFO -     2 (12): 5 bytes
2021-12-27 14:52:16,918 - root - INFO -         1 ( 8): 14  E
2021-12-27 14:52:16,918 - root - INFO -         2 (10): 158 9E
2021-12-27 14:52:16,918 - root - INFO -     2 (12): 5 bytes
2021-12-27 14:52:16,918 - root - INFO -         1 ( 8): 10  A
2021-12-27 14:52:16,918 - root - INFO -         2 (10): 130 82
2021-12-27 14:52:16,918 - root - INFO -     2 (12): 4 bytes
2021-12-27 14:52:16,918 - root - INFO -         1 ( 8): 10  A
2021-12-27 14:52:16,918 - root - INFO -         2 (10): 98 62
2021-12-27 14:52:16,918 - root - INFO -     2 (12): 4 bytes
2021-12-27 14:52:16,918 - root - INFO -         1 ( 8): 14  E
2021-12-27 14:52:16,918 - root - INFO -         2 (10): 68 44
2021-12-27 14:52:16,918 - root - INFO -     2 (12): 4 bytes
2021-12-27 14:52:16,918 - root - INFO -         1 ( 8): 25 19
2021-12-27 14:52:16,918 - root - INFO -         2 (10): 50 32
2021-12-27 14:52:16,918 - root - INFO - Reading descriptor for parameter 9
2021-12-27 14:52:16,918 - root - INFO - Descriptor offset: 285, Descriptor length: 41
2021-12-27 14:52:16,918 - root - INFO - Parsing descriptor for parameter 9...
2021-12-27 14:52:16,918 - root - INFO - 3 (1A): 39 bytes
2021-12-27 14:52:16,918 - root - INFO -     1 ( 8): 65 41
2021-12-27 14:52:16,918 - root - INFO -     2 (12): 6 bytes
2021-12-27 14:52:16,918 - root - INFO -         1 ( 8): 266 10A
2021-12-27 14:52:16,918 - root - INFO -         2 (10): 158 9E
2021-12-27 14:52:16,918 - root - INFO -     2 (12): 6 bytes
2021-12-27 14:52:16,918 - root - INFO -         1 ( 8): 275 113
2021-12-27 14:52:16,918 - root - INFO -         2 (10): 130 82
2021-12-27 14:52:16,918 - root - INFO -     2 (12): 5 bytes
2021-12-27 14:52:16,918 - root - INFO -         1 ( 8): 275 113
2021-12-27 14:52:16,918 - root - INFO -         2 (10): 98 62
2021-12-27 14:52:16,918 - root - INFO -     2 (12): 5 bytes
2021-12-27 14:52:16,918 - root - INFO -         1 ( 8): 266 10A
2021-12-27 14:52:16,918 - root - INFO -         2 (10): 68 44
2021-12-27 14:52:16,918 - root - INFO -     2 (12): 5 bytes
2021-12-27 14:52:16,918 - root - INFO -         1 ( 8): 251 FB
2021-12-27 14:52:16,918 - root - INFO -         2 (10): 50 32
2021-12-27 14:52:16,918 - root - INFO - Reading resources offsets table with 70 elements (280 bytes)
2021-12-27 14:52:16,918 - root - INFO - Resource 0 offset: 746, length: 86472...
2021-12-27 14:52:16,918 - root - DEBUG - Reading resource 0...
2021-12-27 14:52:16,981 - root - INFO - The image is bmc.
2021-12-27 14:52:16,981 - root - INFO - Reading image header(readHeader16C)...
2021-12-27 14:52:16,981 - root - INFO - Image header was read:
2021-12-27 14:52:16,981 - root - INFO - Width: 202, Height: 214, RowLength: 404
2021-12-27 14:52:16,981 - root - INFO - _step: 2, unknown2: 0,
2021-12-27 14:52:16,981 - root - INFO - BPP: 16, Transparency: False
2021-12-27 14:52:17,153 - root - INFO - Resource 1 offset: 87218, length: 193296...
2021-12-27 14:52:17,153 - root - DEBUG - Reading resource 1...
2021-12-27 14:52:17,153 - root - INFO - The image is bmc.
2021-12-27 14:52:17,153 - root - INFO - Reading image header(readHeader16C)...
2021-12-27 14:52:17,153 - root - INFO - Image header was read:
2021-12-27 14:52:17,153 - root - INFO - Width: 302, Height: 320, RowLength: 604
2021-12-27 14:52:17,153 - root - INFO - _step: 2, unknown2: 0,
2021-12-27 14:52:17,153 - root - INFO - BPP: 16, Transparency: False
2021-12-27 14:52:17,528 - root - INFO - Resource 2 offset: 280514, length: 3682...
2021-12-27 14:52:17,528 - root - DEBUG - Reading resource 2...
2021-12-27 14:52:17,528 - root - INFO - The image is bme.
2021-12-27 14:52:17,528 - root - INFO - Reading image header(readHeader16E)...
2021-12-27 14:52:17,528 - root - INFO - Image header was read:
2021-12-27 14:52:17,528 - root - INFO - Width: 42, Height: 70, RowLength: 84
2021-12-27 14:52:17,528 - root - INFO - datalength: 3666, _step: 2
2021-12-27 14:52:17,528 - root - INFO - BPP: 16, Transparency: False
2021-12-27 14:52:17,528 - root - INFO - Resource 3 offset: 284196, length: 1472...
2021-12-27 14:52:17,528 - root - DEBUG - Reading resource 3...
2021-12-27 14:52:17,528 - root - INFO - The image is bme.
2021-12-27 14:52:17,528 - root - INFO - Reading image header(readHeader16E)...
2021-12-27 14:52:17,528 - root - INFO - Image header was read:
2021-12-27 14:52:17,528 - root - INFO - Width: 42, Height: 70, RowLength: 84
2021-12-27 14:52:17,528 - root - INFO - datalength: 1456, _step: 2
2021-12-27 14:52:17,528 - root - INFO - BPP: 16, Transparency: False
2021-12-27 14:52:17,543 - root - INFO - Resource 4 offset: 285668, length: 2930...
2021-12-27 14:52:17,543 - root - DEBUG - Reading resource 4...
2021-12-27 14:52:17,543 - root - INFO - The image is bme.
2021-12-27 14:52:17,543 - root - INFO - Reading image header(readHeader16E)...
2021-12-27 14:52:17,543 - root - INFO - Image header was read:
2021-12-27 14:52:17,543 - root - INFO - Width: 42, Height: 70, RowLength: 84
2021-12-27 14:52:17,543 - root - INFO - datalength: 2914, _step: 2
2021-12-27 14:52:17,543 - root - INFO - BPP: 16, Transparency: False
2021-12-27 14:52:17,543 - root - INFO - Resource 5 offset: 288598, length: 3022...
2021-12-27 14:52:17,543 - root - DEBUG - Reading resource 5...
2021-12-27 14:52:17,543 - root - INFO - The image is bme.
2021-12-27 14:52:17,543 - root - INFO - Reading image header(readHeader16E)...
2021-12-27 14:52:17,543 - root - INFO - Image header was read:
2021-12-27 14:52:17,543 - root - INFO - Width: 42, Height: 70, RowLength: 84
2021-12-27 14:52:17,543 - root - INFO - datalength: 3006, _step: 2
2021-12-27 14:52:17,543 - root - INFO - BPP: 16, Transparency: False
2021-12-27 14:52:17,543 - root - INFO - Resource 6 offset: 291620, length: 2642...
2021-12-27 14:52:17,543 - root - DEBUG - Reading resource 6...
2021-12-27 14:52:17,543 - root - INFO - The image is bme.
2021-12-27 14:52:17,543 - root - INFO - Reading image header(readHeader16E)...
2021-12-27 14:52:17,543 - root - INFO - Image header was read:
2021-12-27 14:52:17,543 - root - INFO - Width: 42, Height: 70, RowLength: 84
2021-12-27 14:52:17,543 - root - INFO - datalength: 2626, _step: 2
2021-12-27 14:52:17,543 - root - INFO - BPP: 16, Transparency: False
2021-12-27 14:52:17,559 - root - INFO - Resource 7 offset: 294262, length: 2930...
2021-12-27 14:52:17,559 - root - DEBUG - Reading resource 7...
2021-12-27 14:52:17,559 - root - INFO - The image is bme.
2021-12-27 14:52:17,559 - root - INFO - Reading image header(readHeader16E)...
2021-12-27 14:52:17,559 - root - INFO - Image header was read:
2021-12-27 14:52:17,559 - root - INFO - Width: 42, Height: 70, RowLength: 84
2021-12-27 14:52:17,559 - root - INFO - datalength: 2914, _step: 2
2021-12-27 14:52:17,559 - root - INFO - BPP: 16, Transparency: False
2021-12-27 14:52:17,559 - root - INFO - Resource 8 offset: 297192, length: 3516...
2021-12-27 14:52:17,559 - root - DEBUG - Reading resource 8...
2021-12-27 14:52:17,559 - root - INFO - The image is bme.
2021-12-27 14:52:17,559 - root - INFO - Reading image header(readHeader16E)...
2021-12-27 14:52:17,559 - root - INFO - Image header was read:
2021-12-27 14:52:17,559 - root - INFO - Width: 42, Height: 70, RowLength: 84
2021-12-27 14:52:17,559 - root - INFO - datalength: 3500, _step: 2
2021-12-27 14:52:17,559 - root - INFO - BPP: 16, Transparency: False
2021-12-27 14:52:17,559 - root - INFO - Resource 9 offset: 300708, length: 2576...
2021-12-27 14:52:17,559 - root - DEBUG - Reading resource 9...
2021-12-27 14:52:17,559 - root - INFO - The image is bme.
2021-12-27 14:52:17,559 - root - INFO - Reading image header(readHeader16E)...
2021-12-27 14:52:17,559 - root - INFO - Image header was read:
2021-12-27 14:52:17,559 - root - INFO - Width: 42, Height: 70, RowLength: 84
2021-12-27 14:52:17,559 - root - INFO - datalength: 2560, _step: 2
2021-12-27 14:52:17,559 - root - INFO - BPP: 16, Transparency: False
2021-12-27 14:52:17,575 - root - INFO - Resource 10 offset: 303284, length: 4194...
2021-12-27 14:52:17,575 - root - DEBUG - Reading resource 10...
2021-12-27 14:52:17,575 - root - INFO - The image is bme.
2021-12-27 14:52:17,575 - root - INFO - Reading image header(readHeader16E)...
2021-12-27 14:52:17,575 - root - INFO - Image header was read:
2021-12-27 14:52:17,575 - root - INFO - Width: 42, Height: 70, RowLength: 84
2021-12-27 14:52:17,575 - root - INFO - datalength: 4178, _step: 2
2021-12-27 14:52:17,575 - root - INFO - BPP: 16, Transparency: False
2021-12-27 14:52:17,575 - root - INFO - Resource 11 offset: 307478, length: 3608...
2021-12-27 14:52:17,575 - root - DEBUG - Reading resource 11...
2021-12-27 14:52:17,575 - root - INFO - The image is bme.
2021-12-27 14:52:17,575 - root - INFO - Reading image header(readHeader16E)...
2021-12-27 14:52:17,575 - root - INFO - Image header was read:
2021-12-27 14:52:17,575 - root - INFO - Width: 42, Height: 70, RowLength: 84
2021-12-27 14:52:17,575 - root - INFO - datalength: 3592, _step: 2
2021-12-27 14:52:17,575 - root - INFO - BPP: 16, Transparency: False
2021-12-27 14:52:17,590 - root - INFO - Resource 12 offset: 311086, length: 584...
2021-12-27 14:52:17,590 - root - DEBUG - Reading resource 12...
2021-12-27 14:52:17,590 - root - INFO - The image is bme.
2021-12-27 14:52:17,590 - root - INFO - Reading image header(readHeader16E)...
2021-12-27 14:52:17,590 - root - INFO - Image header was read:
2021-12-27 14:52:17,590 - root - INFO - Width: 15, Height: 24, RowLength: 30
2021-12-27 14:52:17,590 - root - INFO - datalength: 568, _step: 2
2021-12-27 14:52:17,590 - root - INFO - BPP: 16, Transparency: False
2021-12-27 14:52:17,590 - root - INFO - Resource 13 offset: 311670, length: 272...
2021-12-27 14:52:17,590 - root - DEBUG - Reading resource 13...
2021-12-27 14:52:17,590 - root - INFO - The image is bme.
2021-12-27 14:52:17,590 - root - INFO - Reading image header(readHeader16E)...
2021-12-27 14:52:17,590 - root - INFO - Image header was read:
2021-12-27 14:52:17,590 - root - INFO - Width: 15, Height: 24, RowLength: 30
2021-12-27 14:52:17,590 - root - INFO - datalength: 256, _step: 2
2021-12-27 14:52:17,590 - root - INFO - BPP: 16, Transparency: False
2021-12-27 14:52:17,590 - root - INFO - Resource 14 offset: 311942, length: 452...
2021-12-27 14:52:17,590 - root - DEBUG - Reading resource 14...
2021-12-27 14:52:17,590 - root - INFO - The image is bme.
2021-12-27 14:52:17,590 - root - INFO - Reading image header(readHeader16E)...
2021-12-27 14:52:17,590 - root - INFO - Image header was read:
2021-12-27 14:52:17,590 - root - INFO - Width: 15, Height: 24, RowLength: 30
2021-12-27 14:52:17,590 - root - INFO - datalength: 436, _step: 2
2021-12-27 14:52:17,590 - root - INFO - BPP: 16, Transparency: False
2021-12-27 14:52:17,590 - root - INFO - Resource 15 offset: 312394, length: 464...
2021-12-27 14:52:17,590 - root - DEBUG - Reading resource 15...
2021-12-27 14:52:17,590 - root - INFO - The image is bme.
2021-12-27 14:52:17,590 - root - INFO - Reading image header(readHeader16E)...
2021-12-27 14:52:17,590 - root - INFO - Image header was read:
2021-12-27 14:52:17,590 - root - INFO - Width: 15, Height: 24, RowLength: 30
2021-12-27 14:52:17,590 - root - INFO - datalength: 448, _step: 2
2021-12-27 14:52:17,590 - root - INFO - BPP: 16, Transparency: False
2021-12-27 14:52:17,590 - root - INFO - Resource 16 offset: 312858, length: 432...
2021-12-27 14:52:17,590 - root - DEBUG - Reading resource 16...
2021-12-27 14:52:17,590 - root - INFO - The image is bme.
2021-12-27 14:52:17,590 - root - INFO - Reading image header(readHeader16E)...
2021-12-27 14:52:17,590 - root - INFO - Image header was read:
2021-12-27 14:52:17,590 - root - INFO - Width: 15, Height: 24, RowLength: 30
2021-12-27 14:52:17,590 - root - INFO - datalength: 416, _step: 2
2021-12-27 14:52:17,590 - root - INFO - BPP: 16, Transparency: False
2021-12-27 14:52:17,590 - root - INFO - Resource 17 offset: 313290, length: 452...
2021-12-27 14:52:17,590 - root - DEBUG - Reading resource 17...
2021-12-27 14:52:17,590 - root - INFO - The image is bme.
2021-12-27 14:52:17,590 - root - INFO - Reading image header(readHeader16E)...
2021-12-27 14:52:17,590 - root - INFO - Image header was read:
2021-12-27 14:52:17,590 - root - INFO - Width: 15, Height: 24, RowLength: 30
2021-12-27 14:52:17,590 - root - INFO - datalength: 436, _step: 2
2021-12-27 14:52:17,590 - root - INFO - BPP: 16, Transparency: False
2021-12-27 14:52:17,590 - root - INFO - Resource 18 offset: 313742, length: 532...
2021-12-27 14:52:17,590 - root - DEBUG - Reading resource 18...
2021-12-27 14:52:17,590 - root - INFO - The image is bme.
2021-12-27 14:52:17,590 - root - INFO - Reading image header(readHeader16E)...
2021-12-27 14:52:17,590 - root - INFO - Image header was read:
2021-12-27 14:52:17,590 - root - INFO - Width: 15, Height: 24, RowLength: 30
2021-12-27 14:52:17,590 - root - INFO - datalength: 516, _step: 2
2021-12-27 14:52:17,590 - root - INFO - BPP: 16, Transparency: False
2021-12-27 14:52:17,590 - root - INFO - Resource 19 offset: 314274, length: 428...
2021-12-27 14:52:17,590 - root - DEBUG - Reading resource 19...
2021-12-27 14:52:17,590 - root - INFO - The image is bme.
2021-12-27 14:52:17,590 - root - INFO - Reading image header(readHeader16E)...
2021-12-27 14:52:17,590 - root - INFO - Image header was read:
2021-12-27 14:52:17,590 - root - INFO - Width: 15, Height: 24, RowLength: 30
2021-12-27 14:52:17,590 - root - INFO - datalength: 412, _step: 2
2021-12-27 14:52:17,590 - root - INFO - BPP: 16, Transparency: False
2021-12-27 14:52:17,590 - root - INFO - Resource 20 offset: 314702, length: 624...
2021-12-27 14:52:17,590 - root - DEBUG - Reading resource 20...
2021-12-27 14:52:17,590 - root - INFO - The image is bme.
2021-12-27 14:52:17,590 - root - INFO - Reading image header(readHeader16E)...
2021-12-27 14:52:17,590 - root - INFO - Image header was read:
2021-12-27 14:52:17,590 - root - INFO - Width: 15, Height: 24, RowLength: 30
2021-12-27 14:52:17,590 - root - INFO - datalength: 608, _step: 2
2021-12-27 14:52:17,590 - root - INFO - BPP: 16, Transparency: False
2021-12-27 14:52:17,590 - root - INFO - Resource 21 offset: 315326, length: 544...
2021-12-27 14:52:17,590 - root - DEBUG - Reading resource 21...
2021-12-27 14:52:17,590 - root - INFO - The image is bme.
2021-12-27 14:52:17,590 - root - INFO - Reading image header(readHeader16E)...
2021-12-27 14:52:17,590 - root - INFO - Image header was read:
2021-12-27 14:52:17,590 - root - INFO - Width: 15, Height: 24, RowLength: 30
2021-12-27 14:52:17,590 - root - INFO - datalength: 528, _step: 2
2021-12-27 14:52:17,590 - root - INFO - BPP: 16, Transparency: False
2021-12-27 14:52:17,606 - root - INFO - Resource 22 offset: 315870, length: 1950...
2021-12-27 14:52:17,606 - root - DEBUG - Reading resource 22...
2021-12-27 14:52:17,606 - root - INFO - The image is bme.
2021-12-27 14:52:17,606 - root - INFO - Reading image header(readHeader16E)...
2021-12-27 14:52:17,606 - root - INFO - Image header was read:
2021-12-27 14:52:17,606 - root - INFO - Width: 54, Height: 24, RowLength: 108
2021-12-27 14:52:17,606 - root - INFO - datalength: 1934, _step: 2
2021-12-27 14:52:17,606 - root - INFO - BPP: 16, Transparency: False
2021-12-27 14:52:17,606 - root - INFO - Resource 23 offset: 317820, length: 1492...
2021-12-27 14:52:17,606 - root - DEBUG - Reading resource 23...
2021-12-27 14:52:17,606 - root - INFO - The image is bme.
2021-12-27 14:52:17,606 - root - INFO - Reading image header(readHeader16E)...
2021-12-27 14:52:17,606 - root - INFO - Image header was read:
2021-12-27 14:52:17,606 - root - INFO - Width: 54, Height: 24, RowLength: 108
2021-12-27 14:52:17,606 - root - INFO - datalength: 1476, _step: 2
2021-12-27 14:52:17,606 - root - INFO - BPP: 16, Transparency: False
2021-12-27 14:52:17,606 - root - INFO - Resource 24 offset: 319312, length: 1816...
2021-12-27 14:52:17,606 - root - DEBUG - Reading resource 24...
2021-12-27 14:52:17,606 - root - INFO - The image is bme.
2021-12-27 14:52:17,606 - root - INFO - Reading image header(readHeader16E)...
2021-12-27 14:52:17,606 - root - INFO - Image header was read:
2021-12-27 14:52:17,606 - root - INFO - Width: 54, Height: 24, RowLength: 108
2021-12-27 14:52:17,606 - root - INFO - datalength: 1800, _step: 2
2021-12-27 14:52:17,606 - root - INFO - BPP: 16, Transparency: False
2021-12-27 14:52:17,606 - root - INFO - Resource 25 offset: 321128, length: 1594...
2021-12-27 14:52:17,606 - root - DEBUG - Reading resource 25...
2021-12-27 14:52:17,606 - root - INFO - The image is bme.
2021-12-27 14:52:17,606 - root - INFO - Reading image header(readHeader16E)...
2021-12-27 14:52:17,606 - root - INFO - Image header was read:
2021-12-27 14:52:17,606 - root - INFO - Width: 54, Height: 24, RowLength: 108
2021-12-27 14:52:17,606 - root - INFO - datalength: 1578, _step: 2
2021-12-27 14:52:17,606 - root - INFO - BPP: 16, Transparency: False
2021-12-27 14:52:17,606 - root - INFO - Resource 26 offset: 322722, length: 1384...
2021-12-27 14:52:17,606 - root - DEBUG - Reading resource 26...
2021-12-27 14:52:17,606 - root - INFO - The image is bme.
2021-12-27 14:52:17,606 - root - INFO - Reading image header(readHeader16E)...
2021-12-27 14:52:17,606 - root - INFO - Image header was read:
2021-12-27 14:52:17,606 - root - INFO - Width: 54, Height: 24, RowLength: 108
2021-12-27 14:52:17,606 - root - INFO - datalength: 1368, _step: 2
2021-12-27 14:52:17,606 - root - INFO - BPP: 16, Transparency: False
2021-12-27 14:52:17,621 - root - INFO - Resource 27 offset: 324106, length: 1536...
2021-12-27 14:52:17,621 - root - DEBUG - Reading resource 27...
2021-12-27 14:52:17,621 - root - INFO - The image is bme.
2021-12-27 14:52:17,621 - root - INFO - Reading image header(readHeader16E)...
2021-12-27 14:52:17,621 - root - INFO - Image header was read:
2021-12-27 14:52:17,621 - root - INFO - Width: 54, Height: 24, RowLength: 108
2021-12-27 14:52:17,621 - root - INFO - datalength: 1520, _step: 2
2021-12-27 14:52:17,621 - root - INFO - BPP: 16, Transparency: False
2021-12-27 14:52:17,621 - root - INFO - Resource 28 offset: 325642, length: 1752...
2021-12-27 14:52:17,621 - root - DEBUG - Reading resource 28...
2021-12-27 14:52:17,621 - root - INFO - The image is bme.
2021-12-27 14:52:17,621 - root - INFO - Reading image header(readHeader16E)...
2021-12-27 14:52:17,621 - root - INFO - Image header was read:
2021-12-27 14:52:17,621 - root - INFO - Width: 54, Height: 24, RowLength: 108
2021-12-27 14:52:17,621 - root - INFO - datalength: 1736, _step: 2
2021-12-27 14:52:17,621 - root - INFO - BPP: 16, Transparency: False
2021-12-27 14:52:17,621 - root - INFO - Resource 29 offset: 327394, length: 2608...
2021-12-27 14:52:17,621 - root - DEBUG - Reading resource 29...
2021-12-27 14:52:17,621 - root - INFO - The image is bmc.
2021-12-27 14:52:17,621 - root - INFO - Reading image header(readHeader16C)...
2021-12-27 14:52:17,621 - root - INFO - Image header was read:
2021-12-27 14:52:17,621 - root - INFO - Width: 36, Height: 24, RowLength: 108
2021-12-27 14:52:17,621 - root - INFO - _step: 3, unknown2: 0,
2021-12-27 14:52:17,621 - root - INFO - BPP: 24, Transparency: False
2021-12-27 14:52:17,621 - root - INFO - Resource 30 offset: 330002, length: 2608...
2021-12-27 14:52:17,621 - root - DEBUG - Reading resource 30...
2021-12-27 14:52:17,621 - root - INFO - The image is bmc.
2021-12-27 14:52:17,621 - root - INFO - Reading image header(readHeader16C)...
2021-12-27 14:52:17,621 - root - INFO - Image header was read:
2021-12-27 14:52:17,621 - root - INFO - Width: 36, Height: 24, RowLength: 108
2021-12-27 14:52:17,621 - root - INFO - _step: 3, unknown2: 0,
2021-12-27 14:52:17,621 - root - INFO - BPP: 24, Transparency: False
2021-12-27 14:52:17,621 - root - INFO - Resource 31 offset: 332610, length: 1112...
2021-12-27 14:52:17,621 - root - DEBUG - Reading resource 31...
2021-12-27 14:52:17,621 - root - INFO - The image is bme.
2021-12-27 14:52:17,621 - root - INFO - Reading image header(readHeader16E)...
2021-12-27 14:52:17,621 - root - INFO - Image header was read:
2021-12-27 14:52:17,621 - root - INFO - Width: 28, Height: 28, RowLength: 56
2021-12-27 14:52:17,621 - root - INFO - datalength: 1096, _step: 2
2021-12-27 14:52:17,621 - root - INFO - BPP: 16, Transparency: False
2021-12-27 14:52:17,637 - root - INFO - Resource 32 offset: 333722, length: 1278...
2021-12-27 14:52:17,637 - root - DEBUG - Reading resource 32...
2021-12-27 14:52:17,637 - root - INFO - The image is bme.
2021-12-27 14:52:17,637 - root - INFO - Reading image header(readHeader16E)...
2021-12-27 14:52:17,637 - root - INFO - Image header was read:
2021-12-27 14:52:17,637 - root - INFO - Width: 28, Height: 28, RowLength: 56
2021-12-27 14:52:17,637 - root - INFO - datalength: 1262, _step: 2
2021-12-27 14:52:17,637 - root - INFO - BPP: 16, Transparency: False
2021-12-27 14:52:17,637 - root - INFO - Resource 33 offset: 335000, length: 1278...
2021-12-27 14:52:17,637 - root - DEBUG - Reading resource 33...
2021-12-27 14:52:17,637 - root - INFO - The image is bme.
2021-12-27 14:52:17,637 - root - INFO - Reading image header(readHeader16E)...
2021-12-27 14:52:17,637 - root - INFO - Image header was read:
2021-12-27 14:52:17,637 - root - INFO - Width: 28, Height: 28, RowLength: 56
2021-12-27 14:52:17,637 - root - INFO - datalength: 1262, _step: 2
2021-12-27 14:52:17,637 - root - INFO - BPP: 16, Transparency: False
2021-12-27 14:52:17,637 - root - INFO - Resource 34 offset: 336278, length: 1240...
2021-12-27 14:52:17,637 - root - DEBUG - Reading resource 34...
2021-12-27 14:52:17,637 - root - INFO - The image is bme.
2021-12-27 14:52:17,637 - root - INFO - Reading image header(readHeader16E)...
2021-12-27 14:52:17,637 - root - INFO - Image header was read:
2021-12-27 14:52:17,637 - root - INFO - Width: 28, Height: 28, RowLength: 56
2021-12-27 14:52:17,637 - root - INFO - datalength: 1224, _step: 2
2021-12-27 14:52:17,637 - root - INFO - BPP: 16, Transparency: False
2021-12-27 14:52:17,637 - root - INFO - Resource 35 offset: 337518, length: 1088...
2021-12-27 14:52:17,637 - root - DEBUG - Reading resource 35...
2021-12-27 14:52:17,637 - root - INFO - The image is bme.
2021-12-27 14:52:17,637 - root - INFO - Reading image header(readHeader16E)...
2021-12-27 14:52:17,637 - root - INFO - Image header was read:
2021-12-27 14:52:17,637 - root - INFO - Width: 28, Height: 28, RowLength: 56
2021-12-27 14:52:17,637 - root - INFO - datalength: 1072, _step: 2
2021-12-27 14:52:17,637 - root - INFO - BPP: 16, Transparency: False
2021-12-27 14:52:17,637 - root - INFO - Resource 36 offset: 338606, length: 1166...
2021-12-27 14:52:17,637 - root - DEBUG - Reading resource 36...
2021-12-27 14:52:17,637 - root - INFO - The image is bme.
2021-12-27 14:52:17,637 - root - INFO - Reading image header(readHeader16E)...
2021-12-27 14:52:17,637 - root - INFO - Image header was read:
2021-12-27 14:52:17,637 - root - INFO - Width: 28, Height: 28, RowLength: 56
2021-12-27 14:52:17,637 - root - INFO - datalength: 1150, _step: 2
2021-12-27 14:52:17,637 - root - INFO - BPP: 16, Transparency: False
2021-12-27 14:52:17,637 - root - INFO - Resource 37 offset: 339772, length: 990...
2021-12-27 14:52:17,653 - root - DEBUG - Reading resource 37...
2021-12-27 14:52:17,653 - root - INFO - The image is bme.
2021-12-27 14:52:17,653 - root - INFO - Reading image header(readHeader16E)...
2021-12-27 14:52:17,653 - root - INFO - Image header was read:
2021-12-27 14:52:17,653 - root - INFO - Width: 28, Height: 28, RowLength: 56
2021-12-27 14:52:17,653 - root - INFO - datalength: 974, _step: 2
2021-12-27 14:52:17,653 - root - INFO - BPP: 16, Transparency: False
2021-12-27 14:52:17,653 - root - INFO - Resource 38 offset: 340762, length: 992...
2021-12-27 14:52:17,653 - root - DEBUG - Reading resource 38...
2021-12-27 14:52:17,653 - root - INFO - The image is bme.
2021-12-27 14:52:17,653 - root - INFO - Reading image header(readHeader16E)...
2021-12-27 14:52:17,653 - root - INFO - Image header was read:
2021-12-27 14:52:17,653 - root - INFO - Width: 28, Height: 28, RowLength: 56
2021-12-27 14:52:17,653 - root - INFO - datalength: 976, _step: 2
2021-12-27 14:52:17,653 - root - INFO - BPP: 16, Transparency: False
2021-12-27 14:52:17,653 - root - INFO - Resource 39 offset: 341754, length: 1060...
2021-12-27 14:52:17,653 - root - DEBUG - Reading resource 39...
2021-12-27 14:52:17,653 - root - INFO - The image is bme.
2021-12-27 14:52:17,653 - root - INFO - Reading image header(readHeader16E)...
2021-12-27 14:52:17,653 - root - INFO - Image header was read:
2021-12-27 14:52:17,653 - root - INFO - Width: 28, Height: 28, RowLength: 56
2021-12-27 14:52:17,653 - root - INFO - datalength: 1044, _step: 2
2021-12-27 14:52:17,653 - root - INFO - BPP: 16, Transparency: False
2021-12-27 14:52:17,653 - root - INFO - Resource 40 offset: 342814, length: 1096...
2021-12-27 14:52:17,653 - root - DEBUG - Reading resource 40...
2021-12-27 14:52:17,653 - root - INFO - The image is bme.
2021-12-27 14:52:17,653 - root - INFO - Reading image header(readHeader16E)...
2021-12-27 14:52:17,653 - root - INFO - Image header was read:
2021-12-27 14:52:17,653 - root - INFO - Width: 28, Height: 28, RowLength: 56
2021-12-27 14:52:17,653 - root - INFO - datalength: 1080, _step: 2
2021-12-27 14:52:17,653 - root - INFO - BPP: 16, Transparency: False
2021-12-27 14:52:17,653 - root - INFO - Resource 41 offset: 343910, length: 1162...
2021-12-27 14:52:17,653 - root - DEBUG - Reading resource 41...
2021-12-27 14:52:17,653 - root - INFO - The image is bme.
2021-12-27 14:52:17,653 - root - INFO - Reading image header(readHeader16E)...
2021-12-27 14:52:17,653 - root - INFO - Image header was read:
2021-12-27 14:52:17,653 - root - INFO - Width: 28, Height: 28, RowLength: 56
2021-12-27 14:52:17,653 - root - INFO - datalength: 1146, _step: 2
2021-12-27 14:52:17,653 - root - INFO - BPP: 16, Transparency: False
2021-12-27 14:52:17,653 - root - INFO - Resource 42 offset: 345072, length: 1132...
2021-12-27 14:52:17,653 - root - DEBUG - Reading resource 42...
2021-12-27 14:52:17,653 - root - INFO - The image is bme.
2021-12-27 14:52:17,653 - root - INFO - Reading image header(readHeader16E)...
2021-12-27 14:52:17,653 - root - INFO - Image header was read:
2021-12-27 14:52:17,653 - root - INFO - Width: 28, Height: 28, RowLength: 56
2021-12-27 14:52:17,653 - root - INFO - datalength: 1116, _step: 2
2021-12-27 14:52:17,653 - root - INFO - BPP: 16, Transparency: False
2021-12-27 14:52:17,653 - root - INFO - Resource 43 offset: 346204, length: 900...
2021-12-27 14:52:17,653 - root - DEBUG - Reading resource 43...
2021-12-27 14:52:17,653 - root - INFO - The image is bme.
2021-12-27 14:52:17,653 - root - INFO - Reading image header(readHeader16E)...
2021-12-27 14:52:17,653 - root - INFO - Image header was read:
2021-12-27 14:52:17,653 - root - INFO - Width: 28, Height: 28, RowLength: 56
2021-12-27 14:52:17,653 - root - INFO - datalength: 884, _step: 2
2021-12-27 14:52:17,653 - root - INFO - BPP: 16, Transparency: False
2021-12-27 14:52:17,668 - root - INFO - Resource 44 offset: 347104, length: 1130...
2021-12-27 14:52:17,668 - root - DEBUG - Reading resource 44...
2021-12-27 14:52:17,668 - root - INFO - The image is bme.
2021-12-27 14:52:17,668 - root - INFO - Reading image header(readHeader16E)...
2021-12-27 14:52:17,668 - root - INFO - Image header was read:
2021-12-27 14:52:17,668 - root - INFO - Width: 28, Height: 28, RowLength: 56
2021-12-27 14:52:17,668 - root - INFO - datalength: 1114, _step: 2
2021-12-27 14:52:17,668 - root - INFO - BPP: 16, Transparency: False
2021-12-27 14:52:17,668 - root - INFO - Resource 45 offset: 348234, length: 988...
2021-12-27 14:52:17,668 - root - DEBUG - Reading resource 45...
2021-12-27 14:52:17,668 - root - INFO - The image is bme.
2021-12-27 14:52:17,668 - root - INFO - Reading image header(readHeader16E)...
2021-12-27 14:52:17,668 - root - INFO - Image header was read:
2021-12-27 14:52:17,668 - root - INFO - Width: 28, Height: 28, RowLength: 56
2021-12-27 14:52:17,668 - root - INFO - datalength: 972, _step: 2
2021-12-27 14:52:17,668 - root - INFO - BPP: 16, Transparency: False
2021-12-27 14:52:17,668 - root - INFO - Resource 46 offset: 349222, length: 1036...
2021-12-27 14:52:17,668 - root - DEBUG - Reading resource 46...
2021-12-27 14:52:17,668 - root - INFO - The image is bme.
2021-12-27 14:52:17,668 - root - INFO - Reading image header(readHeader16E)...
2021-12-27 14:52:17,668 - root - INFO - Image header was read:
2021-12-27 14:52:17,668 - root - INFO - Width: 28, Height: 28, RowLength: 56
2021-12-27 14:52:17,668 - root - INFO - datalength: 1020, _step: 2
2021-12-27 14:52:17,668 - root - INFO - BPP: 16, Transparency: False
2021-12-27 14:52:17,668 - root - INFO - Resource 47 offset: 350258, length: 1108...
2021-12-27 14:52:17,668 - root - DEBUG - Reading resource 47...
2021-12-27 14:52:17,668 - root - INFO - The image is bme.
2021-12-27 14:52:17,668 - root - INFO - Reading image header(readHeader16E)...
2021-12-27 14:52:17,668 - root - INFO - Image header was read:
2021-12-27 14:52:17,668 - root - INFO - Width: 28, Height: 28, RowLength: 56
2021-12-27 14:52:17,668 - root - INFO - datalength: 1092, _step: 2
2021-12-27 14:52:17,668 - root - INFO - BPP: 16, Transparency: False
2021-12-27 14:52:17,668 - root - INFO - Resource 48 offset: 351366, length: 1140...
2021-12-27 14:52:17,668 - root - DEBUG - Reading resource 48...
2021-12-27 14:52:17,668 - root - INFO - The image is bme.
2021-12-27 14:52:17,668 - root - INFO - Reading image header(readHeader16E)...
2021-12-27 14:52:17,668 - root - INFO - Image header was read:
2021-12-27 14:52:17,668 - root - INFO - Width: 28, Height: 28, RowLength: 56
2021-12-27 14:52:17,668 - root - INFO - datalength: 1124, _step: 2
2021-12-27 14:52:17,668 - root - INFO - BPP: 16, Transparency: False
2021-12-27 14:52:17,668 - root - INFO - Resource 49 offset: 352506, length: 1020...
2021-12-27 14:52:17,668 - root - DEBUG - Reading resource 49...
2021-12-27 14:52:17,668 - root - INFO - The image is bme.
2021-12-27 14:52:17,668 - root - INFO - Reading image header(readHeader16E)...
2021-12-27 14:52:17,668 - root - INFO - Image header was read:
2021-12-27 14:52:17,668 - root - INFO - Width: 28, Height: 28, RowLength: 56
2021-12-27 14:52:17,668 - root - INFO - datalength: 1004, _step: 2
2021-12-27 14:52:17,668 - root - INFO - BPP: 16, Transparency: False
2021-12-27 14:52:17,684 - root - INFO - Resource 50 offset: 353526, length: 1172...
2021-12-27 14:52:17,684 - root - DEBUG - Reading resource 50...
2021-12-27 14:52:17,684 - root - INFO - The image is bme.
2021-12-27 14:52:17,684 - root - INFO - Reading image header(readHeader16E)...
2021-12-27 14:52:17,684 - root - INFO - Image header was read:
2021-12-27 14:52:17,684 - root - INFO - Width: 28, Height: 28, RowLength: 56
2021-12-27 14:52:17,684 - root - INFO - datalength: 1156, _step: 2
2021-12-27 14:52:17,684 - root - INFO - BPP: 16, Transparency: False
2021-12-27 14:52:17,684 - root - INFO - Resource 51 offset: 354698, length: 1118...
2021-12-27 14:52:17,684 - root - DEBUG - Reading resource 51...
2021-12-27 14:52:17,684 - root - INFO - The image is bme.
2021-12-27 14:52:17,684 - root - INFO - Reading image header(readHeader16E)...
2021-12-27 14:52:17,684 - root - INFO - Image header was read:
2021-12-27 14:52:17,684 - root - INFO - Width: 28, Height: 28, RowLength: 56
2021-12-27 14:52:17,684 - root - INFO - datalength: 1102, _step: 2
2021-12-27 14:52:17,684 - root - INFO - BPP: 16, Transparency: False
2021-12-27 14:52:17,684 - root - INFO - Resource 52 offset: 355816, length: 1080...
2021-12-27 14:52:17,684 - root - DEBUG - Reading resource 52...
2021-12-27 14:52:17,684 - root - INFO - The image is bme.
2021-12-27 14:52:17,684 - root - INFO - Reading image header(readHeader16E)...
2021-12-27 14:52:17,684 - root - INFO - Image header was read:
2021-12-27 14:52:17,684 - root - INFO - Width: 28, Height: 28, RowLength: 56
2021-12-27 14:52:17,684 - root - INFO - datalength: 1064, _step: 2
2021-12-27 14:52:17,684 - root - INFO - BPP: 16, Transparency: False
2021-12-27 14:52:17,684 - root - INFO - Resource 53 offset: 356896, length: 1168...
2021-12-27 14:52:17,684 - root - DEBUG - Reading resource 53...
2021-12-27 14:52:17,684 - root - INFO - The image is bme.
2021-12-27 14:52:17,684 - root - INFO - Reading image header(readHeader16E)...
2021-12-27 14:52:17,684 - root - INFO - Image header was read:
2021-12-27 14:52:17,684 - root - INFO - Width: 28, Height: 28, RowLength: 56
2021-12-27 14:52:17,684 - root - INFO - datalength: 1152, _step: 2
2021-12-27 14:52:17,684 - root - INFO - BPP: 16, Transparency: False
2021-12-27 14:52:17,684 - root - INFO - Resource 54 offset: 358064, length: 1020...
2021-12-27 14:52:17,684 - root - DEBUG - Reading resource 54...
2021-12-27 14:52:17,684 - root - INFO - The image is bme.
2021-12-27 14:52:17,684 - root - INFO - Reading image header(readHeader16E)...
2021-12-27 14:52:17,684 - root - INFO - Image header was read:
2021-12-27 14:52:17,684 - root - INFO - Width: 28, Height: 28, RowLength: 56
2021-12-27 14:52:17,684 - root - INFO - datalength: 1004, _step: 2
2021-12-27 14:52:17,684 - root - INFO - BPP: 16, Transparency: False
2021-12-27 14:52:17,684 - root - INFO - Resource 55 offset: 359084, length: 914...
2021-12-27 14:52:17,684 - root - DEBUG - Reading resource 55...
2021-12-27 14:52:17,684 - root - INFO - The image is bme.
2021-12-27 14:52:17,684 - root - INFO - Reading image header(readHeader16E)...
2021-12-27 14:52:17,684 - root - INFO - Image header was read:
2021-12-27 14:52:17,684 - root - INFO - Width: 28, Height: 28, RowLength: 56
2021-12-27 14:52:17,684 - root - INFO - datalength: 898, _step: 2
2021-12-27 14:52:17,684 - root - INFO - BPP: 16, Transparency: False
2021-12-27 14:52:17,700 - root - INFO - Resource 56 offset: 359998, length: 1168...
2021-12-27 14:52:17,700 - root - DEBUG - Reading resource 56...
2021-12-27 14:52:17,700 - root - INFO - The image is bme.
2021-12-27 14:52:17,700 - root - INFO - Reading image header(readHeader16E)...
2021-12-27 14:52:17,700 - root - INFO - Image header was read:
2021-12-27 14:52:17,700 - root - INFO - Width: 28, Height: 28, RowLength: 56
2021-12-27 14:52:17,700 - root - INFO - datalength: 1152, _step: 2
2021-12-27 14:52:17,700 - root - INFO - BPP: 16, Transparency: False
2021-12-27 14:52:17,700 - root - INFO - Resource 57 offset: 361166, length: 128...
2021-12-27 14:52:17,700 - root - DEBUG - Reading resource 57...
2021-12-27 14:52:17,700 - root - INFO - The image is bme.
2021-12-27 14:52:17,700 - root - INFO - Reading image header(readHeader16E)...
2021-12-27 14:52:17,700 - root - INFO - Image header was read:
2021-12-27 14:52:17,700 - root - INFO - Width: 15, Height: 24, RowLength: 30
2021-12-27 14:52:17,700 - root - INFO - datalength: 112, _step: 2
2021-12-27 14:52:17,700 - root - INFO - BPP: 16, Transparency: False
2021-12-27 14:52:17,700 - root - INFO - Resource 58 offset: 361294, length: 196...
2021-12-27 14:52:17,700 - root - DEBUG - Reading resource 58...
2021-12-27 14:52:17,700 - root - INFO - The image is bme.
2021-12-27 14:52:17,700 - root - INFO - Reading image header(readHeader16E)...
2021-12-27 14:52:17,700 - root - INFO - Image header was read:
2021-12-27 14:52:17,700 - root - INFO - Width: 10, Height: 24, RowLength: 20
2021-12-27 14:52:17,700 - root - INFO - datalength: 180, _step: 2
2021-12-27 14:52:17,700 - root - INFO - BPP: 16, Transparency: False
2021-12-27 14:52:17,700 - root - INFO - Resource 59 offset: 361490, length: 240...
2021-12-27 14:52:17,700 - root - DEBUG - Reading resource 59...
2021-12-27 14:52:17,700 - root - INFO - The image is bme.
2021-12-27 14:52:17,700 - root - INFO - Reading image header(readHeader16E)...
2021-12-27 14:52:17,700 - root - INFO - Image header was read:
2021-12-27 14:52:17,700 - root - INFO - Width: 32, Height: 24, RowLength: 64
2021-12-27 14:52:17,700 - root - INFO - datalength: 224, _step: 2
2021-12-27 14:52:17,700 - root - INFO - BPP: 16, Transparency: False
2021-12-27 14:52:17,700 - root - INFO - Resource 60 offset: 361730, length: 2128...
2021-12-27 14:52:17,700 - root - DEBUG - Reading resource 60...
2021-12-27 14:52:17,700 - root - INFO - The image is bmc.
2021-12-27 14:52:17,700 - root - INFO - Reading image header(readHeader16C)...
2021-12-27 14:52:17,700 - root - INFO - Image header was read:
2021-12-27 14:52:17,700 - root - INFO - Width: 22, Height: 32, RowLength: 66
2021-12-27 14:52:17,700 - root - INFO - _step: 3, unknown2: 0,
2021-12-27 14:52:17,700 - root - INFO - BPP: 24, Transparency: False
2021-12-27 14:52:17,700 - root - INFO - Resource 61 offset: 363858, length: 1546...
2021-12-27 14:52:17,700 - root - DEBUG - Reading resource 61...
2021-12-27 14:52:17,700 - root - INFO - The image is bmc.
2021-12-27 14:52:17,700 - root - INFO - Reading image header(readHeader16C)...
2021-12-27 14:52:17,700 - root - INFO - Image header was read:
2021-12-27 14:52:17,700 - root - INFO - Width: 17, Height: 30, RowLength: 51
2021-12-27 14:52:17,700 - root - INFO - _step: 3, unknown2: 0,
2021-12-27 14:52:17,700 - root - INFO - BPP: 24, Transparency: False
2021-12-27 14:52:17,700 - root - INFO - Resource 62 offset: 365404, length: 1546...
2021-12-27 14:52:17,700 - root - DEBUG - Reading resource 62...
2021-12-27 14:52:17,700 - root - INFO - The image is bmc.
2021-12-27 14:52:17,700 - root - INFO - Reading image header(readHeader16C)...
2021-12-27 14:52:17,700 - root - INFO - Image header was read:
2021-12-27 14:52:17,700 - root - INFO - Width: 17, Height: 30, RowLength: 51
2021-12-27 14:52:17,700 - root - INFO - _step: 3, unknown2: 0,
2021-12-27 14:52:17,700 - root - INFO - BPP: 24, Transparency: False
2021-12-27 14:52:17,700 - root - INFO - Resource 63 offset: 366950, length: 2128...
2021-12-27 14:52:17,700 - root - DEBUG - Reading resource 63...
2021-12-27 14:52:17,700 - root - INFO - The image is bmc.
2021-12-27 14:52:17,715 - root - INFO - Reading image header(readHeader16C)...
2021-12-27 14:52:17,715 - root - INFO - Image header was read:
2021-12-27 14:52:17,715 - root - INFO - Width: 22, Height: 32, RowLength: 66
2021-12-27 14:52:17,715 - root - INFO - _step: 3, unknown2: 0,
2021-12-27 14:52:17,715 - root - INFO - BPP: 24, Transparency: False
2021-12-27 14:52:17,715 - root - INFO - Resource 64 offset: 369078, length: 1732...
2021-12-27 14:52:17,715 - root - DEBUG - Reading resource 64...
2021-12-27 14:52:17,715 - root - INFO - The image is bmc.
2021-12-27 14:52:17,715 - root - INFO - Reading image header(readHeader16C)...
2021-12-27 14:52:17,715 - root - INFO - Image header was read:
2021-12-27 14:52:17,715 - root - INFO - Width: 26, Height: 22, RowLength: 78
2021-12-27 14:52:17,715 - root - INFO - _step: 3, unknown2: 0,
2021-12-27 14:52:17,715 - root - INFO - BPP: 24, Transparency: False
2021-12-27 14:52:17,715 - root - INFO - Resource 65 offset: 370810, length: 2128...
2021-12-27 14:52:17,715 - root - DEBUG - Reading resource 65...
2021-12-27 14:52:17,715 - root - INFO - The image is bmc.
2021-12-27 14:52:17,715 - root - INFO - Reading image header(readHeader16C)...
2021-12-27 14:52:17,715 - root - INFO - Image header was read:
2021-12-27 14:52:17,715 - root - INFO - Width: 22, Height: 32, RowLength: 66
2021-12-27 14:52:17,715 - root - INFO - _step: 3, unknown2: 0,
2021-12-27 14:52:17,715 - root - INFO - BPP: 24, Transparency: False
2021-12-27 14:52:17,715 - root - INFO - Resource 66 offset: 372938, length: 1546...
2021-12-27 14:52:17,715 - root - DEBUG - Reading resource 66...
2021-12-27 14:52:17,715 - root - INFO - The image is bmc.
2021-12-27 14:52:17,715 - root - INFO - Reading image header(readHeader16C)...
2021-12-27 14:52:17,715 - root - INFO - Image header was read:
2021-12-27 14:52:17,715 - root - INFO - Width: 17, Height: 30, RowLength: 51
2021-12-27 14:52:17,715 - root - INFO - _step: 3, unknown2: 0,
2021-12-27 14:52:17,715 - root - INFO - BPP: 24, Transparency: False
2021-12-27 14:52:17,715 - root - INFO - Resource 67 offset: 374484, length: 1546...
2021-12-27 14:52:17,715 - root - DEBUG - Reading resource 67...
2021-12-27 14:52:17,715 - root - INFO - The image is bmc.
2021-12-27 14:52:17,715 - root - INFO - Reading image header(readHeader16C)...
2021-12-27 14:52:17,715 - root - INFO - Image header was read:
2021-12-27 14:52:17,715 - root - INFO - Width: 17, Height: 30, RowLength: 51
2021-12-27 14:52:17,715 - root - INFO - _step: 3, unknown2: 0,
2021-12-27 14:52:17,715 - root - INFO - BPP: 24, Transparency: False
2021-12-27 14:52:17,715 - root - INFO - Resource 68 offset: 376030, length: 2128...
2021-12-27 14:52:17,715 - root - DEBUG - Reading resource 68...
2021-12-27 14:52:17,715 - root - INFO - The image is bmc.
2021-12-27 14:52:17,715 - root - INFO - Reading image header(readHeader16C)...
2021-12-27 14:52:17,715 - root - INFO - Image header was read:
2021-12-27 14:52:17,715 - root - INFO - Width: 22, Height: 32, RowLength: 66
2021-12-27 14:52:17,715 - root - INFO - _step: 3, unknown2: 0,
2021-12-27 14:52:17,715 - root - INFO - BPP: 24, Transparency: False
2021-12-27 14:52:17,731 - root - INFO - Resource 69 offset: 378158, length: 1732...
2021-12-27 14:52:17,731 - root - DEBUG - Reading resource 69...
2021-12-27 14:52:17,731 - root - INFO - The image is bmc.
2021-12-27 14:52:17,731 - root - INFO - Reading image header(readHeader16C)...
2021-12-27 14:52:17,731 - root - INFO - Image header was read:
2021-12-27 14:52:17,731 - root - INFO - Width: 26, Height: 22, RowLength: 78
2021-12-27 14:52:17,731 - root - INFO - _step: 3, unknown2: 0,
2021-12-27 14:52:17,731 - root - INFO - BPP: 24, Transparency: False
2021-12-27 14:52:17,731 - root - DEBUG - Parsing parameters...
2021-12-27 14:52:17,810 - root - DEBUG - 0 Value: None
2021-12-27 14:52:17,810 - root - DEBUG - 0.1 Value: 71
2021-12-27 14:52:17,810 - root - DEBUG - 2 Value: None
2021-12-27 14:52:17,810 - root - DEBUG - 2.1 Value: None
2021-12-27 14:52:17,810 - root - DEBUG - 2.1.1 Value: 0
2021-12-27 14:52:17,810 - root - DEBUG - 2.1.2 Value: 0
2021-12-27 14:52:17,810 - root - DEBUG - 2.1.3 Value: 1
2021-12-27 14:52:17,810 - root - DEBUG - 2.3 Value: None
2021-12-27 14:52:17,810 - root - DEBUG - 2.3.1 Value: 0
2021-12-27 14:52:17,810 - root - DEBUG - 2.3.2 Value: 0
2021-12-27 14:52:17,810 - root - DEBUG - 2.3.3 Value: 0
2021-12-27 14:52:17,810 - root - DEBUG - 2.4 Value: None
2021-12-27 14:52:17,810 - root - DEBUG - 2.4.1 Value: 0
2021-12-27 14:52:17,810 - root - DEBUG - 2.4.2 Value: 0
2021-12-27 14:52:17,810 - root - DEBUG - 2.4.3 Value: 0
2021-12-27 14:52:17,810 - root - DEBUG - 2.5 Value: None
2021-12-27 14:52:17,810 - root - DEBUG - 2.5.1 Value: 0
2021-12-27 14:52:17,810 - root - DEBUG - 2.5.2 Value: 0
2021-12-27 14:52:17,810 - root - DEBUG - 2.5.3 Value: 0
2021-12-27 14:52:17,810 - root - DEBUG - 3 Value: None
2021-12-27 14:52:17,810 - root - DEBUG - 3.1 Value: None
2021-12-27 14:52:17,810 - root - DEBUG - 3.1.1 Value: None
2021-12-27 14:52:17,810 - root - DEBUG - 3.1.1.1 Value: None
2021-12-27 14:52:17,810 - root - DEBUG - 3.1.1.1.1 Value: 49
2021-12-27 14:52:17,810 - root - DEBUG - 3.1.1.1.2 Value: 93
2021-12-27 14:52:17,810 - root - DEBUG - 3.1.1.1.3 Value: 2
2021-12-27 14:52:17,810 - root - DEBUG - 3.1.1.1.4 Value: 10
2021-12-27 14:52:17,810 - root - DEBUG - 3.1.1.2 Value: None
2021-12-27 14:52:17,810 - root - DEBUG - 3.1.1.2.1 Value: 95
2021-12-27 14:52:17,810 - root - DEBUG - 3.1.1.2.2 Value: 93
2021-12-27 14:52:17,810 - root - DEBUG - 3.1.1.2.3 Value: 2
2021-12-27 14:52:17,810 - root - DEBUG - 3.1.1.2.4 Value: 10
2021-12-27 14:52:17,810 - root - DEBUG - 3.1.2 Value: None
2021-12-27 14:52:17,810 - root - DEBUG - 3.1.2.1 Value: None
2021-12-27 14:52:17,810 - root - DEBUG - 3.1.2.1.1 Value: 165
2021-12-27 14:52:17,810 - root - DEBUG - 3.1.2.1.2 Value: 93
2021-12-27 14:52:17,810 - root - DEBUG - 3.1.2.1.3 Value: 2
2021-12-27 14:52:17,810 - root - DEBUG - 3.1.2.1.4 Value: 10
2021-12-27 14:52:17,810 - root - DEBUG - 3.1.2.2 Value: None
2021-12-27 14:52:17,810 - root - DEBUG - 3.1.2.2.1 Value: 211
2021-12-27 14:52:17,810 - root - DEBUG - 3.1.2.2.2 Value: 93
2021-12-27 14:52:17,810 - root - DEBUG - 3.1.2.2.3 Value: 2
2021-12-27 14:52:17,810 - root - DEBUG - 3.1.2.2.4 Value: 10
2021-12-27 14:52:17,810 - root - DEBUG - 3.1.7 Value: 0
2021-12-27 14:52:17,810 - root - DEBUG - 3.1.8 Value: 1
2021-12-27 14:52:17,810 - root - DEBUG - 4 Value: None
2021-12-27 14:52:17,810 - root - DEBUG - 4.3 Value: None
2021-12-27 14:52:17,810 - root - DEBUG - 4.3.1 Value: None
2021-12-27 14:52:17,810 - root - DEBUG - 4.3.1.1 Value: 211
2021-12-27 14:52:17,810 - root - DEBUG - 4.3.1.2 Value: 224
2021-12-27 14:52:17,810 - root - DEBUG - 4.3.1.3 Value: 277
2021-12-27 14:52:17,810 - root - DEBUG - 4.3.1.4 Value: 248
2021-12-27 14:52:17,810 - root - DEBUG - 4.3.1.5 Value: 18
2021-12-27 14:52:17,810 - root - DEBUG - 4.3.1.6 Value: 2
2021-12-27 14:52:17,810 - root - DEBUG - 4.3.1.7 Value: 0
2021-12-27 14:52:17,810 - root - DEBUG - 4.3.1.8 Value: 12
2021-12-27 14:52:17,810 - root - DEBUG - 4.3.1.9 Value: 10
2021-12-27 14:52:17,810 - root - DEBUG - 4.4 Value: None
2021-12-27 14:52:17,810 - root - DEBUG - 4.4.1 Value: None
2021-12-27 14:52:17,810 - root - DEBUG - 4.4.1.1 Value: 42
2021-12-27 14:52:17,810 - root - DEBUG - 4.4.1.2 Value: 224
2021-12-27 14:52:17,810 - root - DEBUG - 4.4.1.3 Value: 91
2021-12-27 14:52:17,810 - root - DEBUG - 4.4.1.4 Value: 248
2021-12-27 14:52:17,810 - root - DEBUG - 4.4.1.5 Value: 18
2021-12-27 14:52:17,810 - root - DEBUG - 4.4.1.6 Value: 2
2021-12-27 14:52:17,810 - root - DEBUG - 4.4.1.7 Value: 0
2021-12-27 14:52:17,810 - root - DEBUG - 4.4.1.8 Value: 12
2021-12-27 14:52:17,826 - root - DEBUG - 4.4.1.9 Value: 10
2021-12-27 14:52:17,826 - root - DEBUG - 4.7 Value: 0
2021-12-27 14:52:17,826 - root - DEBUG - 5 Value: None
2021-12-27 14:52:17,826 - root - DEBUG - 5.1 Value: None
2021-12-27 14:52:17,826 - root - DEBUG - 5.1.1 Value: None
2021-12-27 14:52:17,826 - root - DEBUG - 5.1.1.4 Value: None
2021-12-27 14:52:17,826 - root - DEBUG - 5.1.1.4.1 Value: 45
2021-12-27 14:52:17,826 - root - DEBUG - 5.1.1.4.2 Value: 11
2021-12-27 14:52:17,826 - root - DEBUG - 5.1.1.4.3 Value: 77
2021-12-27 14:52:17,826 - root - DEBUG - 5.1.1.4.4 Value: 35
2021-12-27 14:52:17,826 - root - DEBUG - 5.1.1.4.5 Value: 18
2021-12-27 14:52:17,826 - root - DEBUG - 5.1.1.4.6 Value: 2
2021-12-27 14:52:17,826 - root - DEBUG - 5.1.1.4.7 Value: 0
2021-12-27 14:52:17,826 - root - DEBUG - 5.1.1.4.8 Value: 12
2021-12-27 14:52:17,826 - root - DEBUG - 5.1.1.4.9 Value: 10
2021-12-27 14:52:17,826 - root - DEBUG - 5.1.4 Value: 1
2021-12-27 14:52:17,826 - root - DEBUG - 5.1.5 Value: 1
2021-12-27 14:52:17,826 - root - DEBUG - 5.1.6 Value: 0
2021-12-27 14:52:17,826 - root - DEBUG - 5.2 Value: None
2021-12-27 14:52:17,826 - root - DEBUG - 5.2.1 Value: 0
2021-12-27 14:52:17,826 - root - DEBUG - 5.2.2 Value: 0
2021-12-27 14:52:17,826 - root - DEBUG - 5.2.5 Value: 29
2021-12-27 14:52:17,826 - root - DEBUG - 5.2.6 Value: 30
2021-12-27 14:52:17,826 - root - DEBUG - 5.2.8 Value: None
2021-12-27 14:52:17,826 - root - DEBUG - 5.2.8.1 Value: 133
2021-12-27 14:52:17,826 - root - DEBUG - 5.2.8.2 Value: 31
2021-12-27 14:52:17,826 - root - DEBUG - 5.2.9 Value: None
2021-12-27 14:52:17,826 - root - DEBUG - 5.2.9.1 Value: 133
2021-12-27 14:52:17,826 - root - DEBUG - 5.2.9.2 Value: 204
2021-12-27 14:52:17,826 - root - DEBUG - 5.4 Value: None
2021-12-27 14:52:17,826 - root - DEBUG - 5.4.1 Value: 215
2021-12-27 14:52:17,826 - root - DEBUG - 5.4.2 Value: 11
2021-12-27 14:52:17,826 - root - DEBUG - 5.4.3 Value: 22
2021-12-27 14:52:17,826 - root - DEBUG - 5.4.4 Value: 7
2021-12-27 14:52:17,826 - root - DEBUG - 6 Value: None
2021-12-27 14:52:17,826 - root - DEBUG - 6.1 Value: None
2021-12-27 14:52:17,826 - root - DEBUG - 6.1.2 Value: None
2021-12-27 14:52:17,826 - root - DEBUG - 6.1.2.1 Value: 100
2021-12-27 14:52:17,826 - root - DEBUG - 6.1.2.2 Value: 275
2021-12-27 14:52:17,826 - root - DEBUG - 6.1.2.3 Value: 31
2021-12-27 14:52:17,826 - root - DEBUG - 6.1.2.4 Value: 26
2021-12-27 14:52:17,826 - root - DEBUG - 6.2 Value: None
2021-12-27 14:52:17,826 - root - DEBUG - 6.2.1 Value: None
2021-12-27 14:52:17,826 - root - DEBUG - 6.2.1.1 Value: None
2021-12-27 14:52:17,826 - root - DEBUG - 6.2.1.1.1 Value: 136
2021-12-27 14:52:17,826 - root - DEBUG - 6.2.1.1.2 Value: 278
2021-12-27 14:52:17,826 - root - DEBUG - 6.2.1.1.3 Value: 197
2021-12-27 14:52:17,826 - root - DEBUG - 6.2.1.1.4 Value: 302
2021-12-27 14:52:17,826 - root - DEBUG - 6.2.1.1.5 Value: 18
2021-12-27 14:52:17,826 - root - DEBUG - 6.2.1.1.6 Value: 2
2021-12-27 14:52:17,826 - root - DEBUG - 6.2.1.1.7 Value: 0
2021-12-27 14:52:17,826 - root - DEBUG - 6.2.1.1.8 Value: 12
2021-12-27 14:52:17,826 - root - DEBUG - 6.2.1.1.9 Value: 10
2021-12-27 14:52:17,826 - root - DEBUG - 6.2.1.2 Value: 57
2021-12-27 14:52:17,826 - root - DEBUG - 6.2.1.3 Value: 58
2021-12-27 14:52:17,826 - root - DEBUG - 6.2.1.5 Value: 59
2021-12-27 14:52:17,826 - root - DEBUG - 7 Value: None
2021-12-27 14:52:17,826 - root - DEBUG - 7.3 Value: None
2021-12-27 14:52:17,826 - root - DEBUG - 7.3.1 Value: 60
2021-12-27 14:52:17,826 - root - DEBUG - 7.3.2 Value: None
2021-12-27 14:52:17,826 - root - DEBUG - 7.3.2.1 Value: 14
2021-12-27 14:52:17,826 - root - DEBUG - 7.3.2.2 Value: 158
2021-12-27 14:52:17,826 - root - DEBUG - 7.3.2 Value: None
2021-12-27 14:52:17,826 - root - DEBUG - 7.3.2.1 Value: 10
2021-12-27 14:52:17,826 - root - DEBUG - 7.3.2.2 Value: 130
2021-12-27 14:52:17,826 - root - DEBUG - 7.3.2 Value: None
2021-12-27 14:52:17,826 - root - DEBUG - 7.3.2.1 Value: 10
2021-12-27 14:52:17,826 - root - DEBUG - 7.3.2.2 Value: 98
2021-12-27 14:52:17,826 - root - DEBUG - 7.3.2 Value: None
2021-12-27 14:52:17,826 - root - DEBUG - 7.3.2.1 Value: 14
2021-12-27 14:52:17,826 - root - DEBUG - 7.3.2.2 Value: 68
2021-12-27 14:52:17,826 - root - DEBUG - 7.3.2 Value: None
2021-12-27 14:52:17,826 - root - DEBUG - 7.3.2.1 Value: 25
2021-12-27 14:52:17,826 - root - DEBUG - 7.3.2.2 Value: 50
2021-12-27 14:52:17,826 - root - DEBUG - 9 Value: None
2021-12-27 14:52:17,826 - root - DEBUG - 9.3 Value: None
2021-12-27 14:52:17,826 - root - DEBUG - 9.3.1 Value: 65
2021-12-27 14:52:17,826 - root - DEBUG - 9.3.2 Value: None
2021-12-27 14:52:17,826 - root - DEBUG - 9.3.2.1 Value: 266
2021-12-27 14:52:17,826 - root - DEBUG - 9.3.2.2 Value: 158
2021-12-27 14:52:17,826 - root - DEBUG - 9.3.2 Value: None
2021-12-27 14:52:17,826 - root - DEBUG - 9.3.2.1 Value: 275
2021-12-27 14:52:17,826 - root - DEBUG - 9.3.2.2 Value: 130
2021-12-27 14:52:17,826 - root - DEBUG - 9.3.2 Value: None
2021-12-27 14:52:17,826 - root - DEBUG - 9.3.2.1 Value: 275
2021-12-27 14:52:17,826 - root - DEBUG - 9.3.2.2 Value: 98
2021-12-27 14:52:17,826 - root - DEBUG - 9.3.2 Value: None
2021-12-27 14:52:17,826 - root - DEBUG - 9.3.2.1 Value: 266
2021-12-27 14:52:17,826 - root - DEBUG - 9.3.2.2 Value: 68
2021-12-27 14:52:17,826 - root - DEBUG - 9.3.2 Value: None
2021-12-27 14:52:17,826 - root - DEBUG - 9.3.2.1 Value: 251
2021-12-27 14:52:17,826 - root - DEBUG - 9.3.2.2 Value: 50
2021-12-27 14:52:17,826 - root - DEBUG - 0-Info
2021-12-27 14:52:17,826 - root - DEBUG - 0.1-DeviceId
2021-12-27 14:52:17,826 - root - DEBUG - 2-Background
2021-12-27 14:52:17,826 - root - DEBUG - 2.1-Image
2021-12-27 14:52:17,826 - root - DEBUG - 2.1.1-X
2021-12-27 14:52:17,826 - root - DEBUG - 2.1.2-Y
2021-12-27 14:52:17,826 - root - DEBUG - 2.1.3-ImageIndex
2021-12-27 14:52:17,826 - root - DEBUG - 2.3-Preview
2021-12-27 14:52:17,826 - root - DEBUG - 2.3.1-X
2021-12-27 14:52:17,826 - root - DEBUG - 2.3.2-Y
2021-12-27 14:52:17,826 - root - DEBUG - 2.3.3-ImageIndex
2021-12-27 14:52:17,826 - root - DEBUG - 2.4-PreviewKorean
2021-12-27 14:52:17,826 - root - DEBUG - 2.4.1-X
2021-12-27 14:52:17,826 - root - DEBUG - 2.4.2-Y
2021-12-27 14:52:17,826 - root - DEBUG - 2.4.3-ImageIndex
2021-12-27 14:52:17,826 - root - DEBUG - 2.5-PreviewChinese
2021-12-27 14:52:17,826 - root - DEBUG - 2.5.1-X
2021-12-27 14:52:17,826 - root - DEBUG - 2.5.2-Y
2021-12-27 14:52:17,826 - root - DEBUG - 2.5.3-ImageIndex
2021-12-27 14:52:17,826 - root - DEBUG - 3-TimeExtended
2021-12-27 14:52:17,826 - root - DEBUG - 3.1-TimeSeparateDigits
2021-12-27 14:52:17,826 - root - DEBUG - 3.1.1-Hours
2021-12-27 14:52:17,826 - root - DEBUG - 3.1.1.1-Tens
2021-12-27 14:52:17,826 - root - DEBUG - 3.1.1.1.1-X
2021-12-27 14:52:17,826 - root - DEBUG - 3.1.1.1.2-Y
2021-12-27 14:52:17,826 - root - DEBUG - 3.1.1.1.3-ImageIndex
2021-12-27 14:52:17,826 - root - DEBUG - 3.1.1.1.4-ImagesCount
2021-12-27 14:52:17,826 - root - DEBUG - 3.1.1.2-Ones
2021-12-27 14:52:17,826 - root - DEBUG - 3.1.1.2.1-X
2021-12-27 14:52:17,826 - root - DEBUG - 3.1.1.2.2-Y
2021-12-27 14:52:17,826 - root - DEBUG - 3.1.1.2.3-ImageIndex
2021-12-27 14:52:17,826 - root - DEBUG - 3.1.1.2.4-ImagesCount
2021-12-27 14:52:17,826 - root - DEBUG - 3.1.2-Minutes
2021-12-27 14:52:17,826 - root - DEBUG - 3.1.2.1-Tens
2021-12-27 14:52:17,826 - root - DEBUG - 3.1.2.1.1-X
2021-12-27 14:52:17,826 - root - DEBUG - 3.1.2.1.2-Y
2021-12-27 14:52:17,826 - root - DEBUG - 3.1.2.1.3-ImageIndex
2021-12-27 14:52:17,826 - root - DEBUG - 3.1.2.1.4-ImagesCount
2021-12-27 14:52:17,826 - root - DEBUG - 3.1.2.2-Ones
2021-12-27 14:52:17,826 - root - DEBUG - 3.1.2.2.1-X
2021-12-27 14:52:17,826 - root - DEBUG - 3.1.2.2.2-Y
2021-12-27 14:52:17,826 - root - DEBUG - 3.1.2.2.3-ImageIndex
2021-12-27 14:52:17,826 - root - DEBUG - 3.1.2.2.4-ImagesCount
2021-12-27 14:52:17,826 - root - DEBUG - 3.1.7-PaddingZeroHours
2021-12-27 14:52:17,826 - root - DEBUG - 3.1.8-PaddingZeroMinutes
2021-12-27 14:52:17,826 - root - DEBUG - 4-Activity
2021-12-27 14:52:17,826 - root - DEBUG - 4.3-Calories
2021-12-27 14:52:17,826 - root - DEBUG - 4.3.1-ImageNumber
2021-12-27 14:52:17,826 - root - DEBUG - 4.3.1.1-TopLeftX
2021-12-27 14:52:17,826 - root - DEBUG - 4.3.1.2-TopLeftY
2021-12-27 14:52:17,826 - root - DEBUG - 4.3.1.3-BottomRightX
2021-12-27 14:52:17,826 - root - DEBUG - 4.3.1.4-BottomRightY
2021-12-27 14:52:17,826 - root - DEBUG - 4.3.1.5-Alignment
2021-12-27 14:52:17,826 - root - DEBUG - 4.3.1.6-Spacing
2021-12-27 14:52:17,826 - root - DEBUG - 4.3.1.7-VerticalOffset
2021-12-27 14:52:17,826 - root - DEBUG - 4.3.1.8-ImageIndex
2021-12-27 14:52:17,826 - root - DEBUG - 4.3.1.9-ImagesCount
2021-12-27 14:52:17,826 - root - DEBUG - 4.4-HeartRate
2021-12-27 14:52:17,826 - root - DEBUG - 4.4.1-ImageNumber
2021-12-27 14:52:17,826 - root - DEBUG - 4.4.1.1-TopLeftX
2021-12-27 14:52:17,826 - root - DEBUG - 4.4.1.2-TopLeftY
2021-12-27 14:52:17,826 - root - DEBUG - 4.4.1.3-BottomRightX
2021-12-27 14:52:17,826 - root - DEBUG - 4.4.1.4-BottomRightY
2021-12-27 14:52:17,826 - root - DEBUG - 4.4.1.5-Alignment
2021-12-27 14:52:17,826 - root - DEBUG - 4.4.1.6-Spacing
2021-12-27 14:52:17,826 - root - DEBUG - 4.4.1.7-VerticalOffset
2021-12-27 14:52:17,826 - root - DEBUG - 4.4.1.8-ImageIndex
2021-12-27 14:52:17,826 - root - DEBUG - 4.4.1.9-ImagesCount
2021-12-27 14:52:17,826 - root - DEBUG - 4.7-UnknownLongValue7
2021-12-27 14:52:17,826 - root - DEBUG - 5-DateBlock
2021-12-27 14:52:17,826 - root - DEBUG - 5.1-Date
2021-12-27 14:52:17,826 - root - DEBUG - 5.1.1-MonthAndDayAlt
2021-12-27 14:52:17,826 - root - DEBUG - 5.1.1.4-Day
2021-12-27 14:52:17,826 - root - DEBUG - 5.1.1.4.1-TopLeftX
2021-12-27 14:52:17,826 - root - DEBUG - 5.1.1.4.2-TopLeftY
2021-12-27 14:52:17,826 - root - DEBUG - 5.1.1.4.3-BottomRightX
2021-12-27 14:52:17,826 - root - DEBUG - 5.1.1.4.4-BottomRightY
2021-12-27 14:52:17,826 - root - DEBUG - 5.1.1.4.5-Alignment
2021-12-27 14:52:17,826 - root - DEBUG - 5.1.1.4.6-Spacing
2021-12-27 14:52:17,842 - root - DEBUG - 5.1.1.4.7-VerticalOffset
2021-12-27 14:52:17,842 - root - DEBUG - 5.1.1.4.8-ImageIndex
2021-12-27 14:52:17,842 - root - DEBUG - 5.1.1.4.9-ImagesCount
2021-12-27 14:52:17,842 - root - DEBUG - 5.1.4-PaddingZeroMonth
2021-12-27 14:52:17,842 - root - DEBUG - 5.1.5-PaddingZeroDay
2021-12-27 14:52:17,842 - root - DEBUG - 5.1.6-Unknown6
2021-12-27 14:52:17,842 - root - DEBUG - 5.2-AmPm
2021-12-27 14:52:17,842 - root - DEBUG - 5.2.1-CommonX
2021-12-27 14:52:17,842 - root - DEBUG - 5.2.2-CommonY
2021-12-27 14:52:17,842 - root - DEBUG - 5.2.5-AmImageIndexEN
2021-12-27 14:52:17,842 - root - DEBUG - 5.2.6-PmImageIndexEN
2021-12-27 14:52:17,842 - root - DEBUG - 5.2.8-CoordinatesAM
2021-12-27 14:52:17,842 - root - DEBUG - 5.2.8.1-X
2021-12-27 14:52:17,842 - root - DEBUG - 5.2.8.2-Y
2021-12-27 14:52:17,842 - root - DEBUG - 5.2.9-CoordinatesPM
2021-12-27 14:52:17,842 - root - DEBUG - 5.2.9.1-X
2021-12-27 14:52:17,842 - root - DEBUG - 5.2.9.2-Y
2021-12-27 14:52:17,842 - root - DEBUG - 5.4-Weekday
2021-12-27 14:52:17,842 - root - DEBUG - 5.4.1-X
2021-12-27 14:52:17,842 - root - DEBUG - 5.4.2-Y
2021-12-27 14:52:17,842 - root - DEBUG - 5.4.3-ImageIndex
2021-12-27 14:52:17,842 - root - DEBUG - 5.4.4-ImagesCount
2021-12-27 14:52:17,842 - root - DEBUG - 6-Weather
2021-12-27 14:52:17,842 - root - DEBUG - 6.1-Icon
2021-12-27 14:52:17,842 - root - DEBUG - 6.1.2-Images
2021-12-27 14:52:17,842 - root - DEBUG - 6.1.2.1-X
2021-12-27 14:52:17,842 - root - DEBUG - 6.1.2.2-Y
2021-12-27 14:52:17,842 - root - DEBUG - 6.1.2.3-ImageIndex
2021-12-27 14:52:17,842 - root - DEBUG - 6.1.2.4-ImagesCount
2021-12-27 14:52:17,842 - root - DEBUG - 6.2-Temperature
2021-12-27 14:52:17,842 - root - DEBUG - 6.2.1-Current
2021-12-27 14:52:17,842 - root - DEBUG - 6.2.1.1-ImageNumber
2021-12-27 14:52:17,842 - root - DEBUG - 6.2.1.1.1-TopLeftX
2021-12-27 14:52:17,842 - root - DEBUG - 6.2.1.1.2-TopLeftY
2021-12-27 14:52:17,842 - root - DEBUG - 6.2.1.1.3-BottomRightX
2021-12-27 14:52:17,842 - root - DEBUG - 6.2.1.1.4-BottomRightY
2021-12-27 14:52:17,842 - root - DEBUG - 6.2.1.1.5-Alignment
2021-12-27 14:52:17,842 - root - DEBUG - 6.2.1.1.6-Spacing
2021-12-27 14:52:17,842 - root - DEBUG - 6.2.1.1.7-VerticalOffset
2021-12-27 14:52:17,842 - root - DEBUG - 6.2.1.1.8-ImageIndex
2021-12-27 14:52:17,842 - root - DEBUG - 6.2.1.1.9-ImagesCount
2021-12-27 14:52:17,842 - root - DEBUG - 6.2.1.2-MinusImageIndex
2021-12-27 14:52:17,842 - root - DEBUG - 6.2.1.3-SuffixImageIndexC
2021-12-27 14:52:17,842 - root - DEBUG - 6.2.1.5-NoDataImageIndex
2021-12-27 14:52:17,842 - root - DEBUG - 7-StepProgress
2021-12-27 14:52:17,842 - root - DEBUG - 7.3-IconSetProgress
2021-12-27 14:52:17,842 - root - DEBUG - 7.3.1-ImageIndex
2021-12-27 14:52:17,842 - root - DEBUG - 7.3.2-Coordinates
2021-12-27 14:52:17,842 - root - DEBUG - 7.3.2.1-X
2021-12-27 14:52:17,842 - root - DEBUG - 7.3.2.2-Y
2021-12-27 14:52:17,842 - root - DEBUG - 7.3.2-Coordinates
2021-12-27 14:52:17,842 - root - DEBUG - 7.3.2.1-X
2021-12-27 14:52:17,842 - root - DEBUG - 7.3.2.2-Y
2021-12-27 14:52:17,842 - root - DEBUG - 7.3.2-Coordinates
2021-12-27 14:52:17,842 - root - DEBUG - 7.3.2.1-X
2021-12-27 14:52:17,842 - root - DEBUG - 7.3.2.2-Y
2021-12-27 14:52:17,842 - root - DEBUG - 7.3.2-Coordinates
2021-12-27 14:52:17,842 - root - DEBUG - 7.3.2.1-X
2021-12-27 14:52:17,842 - root - DEBUG - 7.3.2.2-Y
2021-12-27 14:52:17,842 - root - DEBUG - 7.3.2-Coordinates
2021-12-27 14:52:17,842 - root - DEBUG - 7.3.2.1-X
2021-12-27 14:52:17,842 - root - DEBUG - 7.3.2.2-Y
2021-12-27 14:52:17,842 - root - DEBUG - 9-Battery
2021-12-27 14:52:17,842 - root - DEBUG - 9.3-IconSetProgress
2021-12-27 14:52:17,842 - root - DEBUG - 9.3.1-ImageIndex
2021-12-27 14:52:17,842 - root - DEBUG - 9.3.2-Coordinates
2021-12-27 14:52:17,842 - root - DEBUG - 9.3.2.1-X
2021-12-27 14:52:17,842 - root - DEBUG - 9.3.2.2-Y
2021-12-27 14:52:17,842 - root - DEBUG - 9.3.2-Coordinates
2021-12-27 14:52:17,842 - root - DEBUG - 9.3.2.1-X
2021-12-27 14:52:17,842 - root - DEBUG - 9.3.2.2-Y
2021-12-27 14:52:17,842 - root - DEBUG - 9.3.2-Coordinates
2021-12-27 14:52:17,842 - root - DEBUG - 9.3.2.1-X
2021-12-27 14:52:17,842 - root - DEBUG - 9.3.2.2-Y
2021-12-27 14:52:17,842 - root - DEBUG - 9.3.2-Coordinates
2021-12-27 14:52:17,842 - root - DEBUG - 9.3.2.1-X
2021-12-27 14:52:17,842 - root - DEBUG - 9.3.2.2-Y
2021-12-27 14:52:17,842 - root - DEBUG - 9.3.2-Coordinates
2021-12-27 14:52:17,842 - root - DEBUG - 9.3.2.1-X
2021-12-27 14:52:17,842 - root - DEBUG - 9.3.2.2-Y
2021-12-27 14:52:17,842 - root - DEBUG - generatePreviews
2021-12-27 14:52:17,842 - root - DEBUG - Generating previews...
2021-12-27 14:52:17,842 - root - DEBUG - Generating states done...
2021-12-27 14:52:17,857 - root - DEBUG - >>>>>>>>>>>> 0 <watchFaceParser.models.parameter.Parameter object at 0x0000026F9E6B4E08>
2021-12-27 14:52:17,857 - root - DEBUG - >>>>>>>>>>>> 2 <watchFaceParser.models.parameter.Parameter object at 0x0000026F9E6A48C8>
2021-12-27 14:52:17,857 - root - DEBUG - >>>>>>>>>>>> 3 <watchFaceParser.models.parameter.Parameter object at 0x0000026F9E6AE048>
2021-12-27 14:52:17,857 - root - DEBUG - >>>>>>>>>>>> 4 <watchFaceParser.models.parameter.Parameter object at 0x0000026F9E6AE848>
2021-12-27 14:52:17,873 - root - DEBUG - >>>>>>>>>>>> 5 <watchFaceParser.models.parameter.Parameter object at 0x0000026F9E6AE188>
2021-12-27 14:52:17,889 - root - DEBUG - >>>>>>>>>>>> 6 <watchFaceParser.models.parameter.Parameter object at 0x0000026F9E6B1C88>
2021-12-27 14:52:17,889 - root - DEBUG - >>>>>>>>>>>> 7 <watchFaceParser.models.parameter.Parameter object at 0x0000026F9E6B4648>
2021-12-27 14:52:17,904 - root - DEBUG - >>>>>>>>>>>> 9 <watchFaceParser.models.parameter.Parameter object at 0x0000026F9E6B4CC8>
2021-12-27 14:52:17,920 - root - DEBUG - Generating static preview gen done...
2021-12-27 14:52:17,998 - root - DEBUG - Generating static preview save done...
2021-12-27 14:52:17,998 - root - DEBUG - Generating anim preview gen done...
2021-12-27 14:52:17,998 - root - DEBUG - >>>>>>>>>>>> 0 <watchFaceParser.models.parameter.Parameter object at 0x0000026F9E6B4E08>
2021-12-27 14:52:17,998 - root - DEBUG - >>>>>>>>>>>> 2 <watchFaceParser.models.parameter.Parameter object at 0x0000026F9E6A48C8>
2021-12-27 14:52:17,998 - root - DEBUG - >>>>>>>>>>>> 3 <watchFaceParser.models.parameter.Parameter object at 0x0000026F9E6AE048>
2021-12-27 14:52:17,998 - root - DEBUG - >>>>>>>>>>>> 4 <watchFaceParser.models.parameter.Parameter object at 0x0000026F9E6AE848>
2021-12-27 14:52:17,998 - root - DEBUG - >>>>>>>>>>>> 5 <watchFaceParser.models.parameter.Parameter object at 0x0000026F9E6AE188>
2021-12-27 14:52:17,998 - root - DEBUG - >>>>>>>>>>>> 6 <watchFaceParser.models.parameter.Parameter object at 0x0000026F9E6B1C88>
2021-12-27 14:52:17,998 - root - DEBUG - >>>>>>>>>>>> 7 <watchFaceParser.models.parameter.Parameter object at 0x0000026F9E6B4648>
2021-12-27 14:52:17,998 - root - DEBUG - >>>>>>>>>>>> 9 <watchFaceParser.models.parameter.Parameter object at 0x0000026F9E6B4CC8>
2021-12-27 14:52:18,107 - root - DEBUG - generatePreviews done
2021-12-27 14:52:18,107 - root - DEBUG - Exporting resources to '20faa5500f2060aa1809814531221b88'
2021-12-27 14:52:18,107 - root - DEBUG - extracting 20faa5500f2060aa1809814531221b88\0000.png...
2021-12-27 14:52:18,123 - root - DEBUG - extracting 20faa5500f2060aa1809814531221b88\0001.png...
2021-12-27 14:52:18,139 - root - DEBUG - extracting 20faa5500f2060aa1809814531221b88\0002.png...
2021-12-27 14:52:18,139 - root - DEBUG - extracting 20faa5500f2060aa1809814531221b88\0003.png...
2021-12-27 14:52:18,139 - root - DEBUG - extracting 20faa5500f2060aa1809814531221b88\0004.png...
2021-12-27 14:52:18,154 - root - DEBUG - extracting 20faa5500f2060aa1809814531221b88\0005.png...
2021-12-27 14:52:18,154 - root - DEBUG - extracting 20faa5500f2060aa1809814531221b88\0006.png...
2021-12-27 14:52:18,154 - root - DEBUG - extracting 20faa5500f2060aa1809814531221b88\0007.png...
2021-12-27 14:52:18,154 - root - DEBUG - extracting 20faa5500f2060aa1809814531221b88\0008.png...
2021-12-27 14:52:18,154 - root - DEBUG - extracting 20faa5500f2060aa1809814531221b88\0009.png...
2021-12-27 14:52:18,154 - root - DEBUG - extracting 20faa5500f2060aa1809814531221b88\0010.png...
2021-12-27 14:52:18,154 - root - DEBUG - extracting 20faa5500f2060aa1809814531221b88\0011.png...
2021-12-27 14:52:18,154 - root - DEBUG - extracting 20faa5500f2060aa1809814531221b88\0012.png...
2021-12-27 14:52:18,154 - root - DEBUG - extracting 20faa5500f2060aa1809814531221b88\0013.png...
2021-12-27 14:52:18,154 - root - DEBUG - extracting 20faa5500f2060aa1809814531221b88\0014.png...
2021-12-27 14:52:18,154 - root - DEBUG - extracting 20faa5500f2060aa1809814531221b88\0015.png...
2021-12-27 14:52:18,154 - root - DEBUG - extracting 20faa5500f2060aa1809814531221b88\0016.png...
2021-12-27 14:52:18,154 - root - DEBUG - extracting 20faa5500f2060aa1809814531221b88\0017.png...
2021-12-27 14:52:18,154 - root - DEBUG - extracting 20faa5500f2060aa1809814531221b88\0018.png...
2021-12-27 14:52:18,154 - root - DEBUG - extracting 20faa5500f2060aa1809814531221b88\0019.png...
2021-12-27 14:52:18,154 - root - DEBUG - extracting 20faa5500f2060aa1809814531221b88\0020.png...
2021-12-27 14:52:18,154 - root - DEBUG - extracting 20faa5500f2060aa1809814531221b88\0021.png...
2021-12-27 14:52:18,154 - root - DEBUG - extracting 20faa5500f2060aa1809814531221b88\0022.png...
2021-12-27 14:52:18,154 - root - DEBUG - extracting 20faa5500f2060aa1809814531221b88\0023.png...
2021-12-27 14:52:18,170 - root - DEBUG - extracting 20faa5500f2060aa1809814531221b88\0024.png...
2021-12-27 14:52:18,170 - root - DEBUG - extracting 20faa5500f2060aa1809814531221b88\0025.png...
2021-12-27 14:52:18,170 - root - DEBUG - extracting 20faa5500f2060aa1809814531221b88\0026.png...
2021-12-27 14:52:18,170 - root - DEBUG - extracting 20faa5500f2060aa1809814531221b88\0027.png...
2021-12-27 14:52:18,170 - root - DEBUG - extracting 20faa5500f2060aa1809814531221b88\0028.png...
2021-12-27 14:52:18,170 - root - DEBUG - extracting 20faa5500f2060aa1809814531221b88\0029.png...
2021-12-27 14:52:18,170 - root - DEBUG - extracting 20faa5500f2060aa1809814531221b88\0030.png...
2021-12-27 14:52:18,170 - root - DEBUG - extracting 20faa5500f2060aa1809814531221b88\0031.png...
2021-12-27 14:52:18,170 - root - DEBUG - extracting 20faa5500f2060aa1809814531221b88\0032.png...
2021-12-27 14:52:18,170 - root - DEBUG - extracting 20faa5500f2060aa1809814531221b88\0033.png...
2021-12-27 14:52:18,170 - root - DEBUG - extracting 20faa5500f2060aa1809814531221b88\0034.png...
2021-12-27 14:52:18,170 - root - DEBUG - extracting 20faa5500f2060aa1809814531221b88\0035.png...
2021-12-27 14:52:18,170 - root - DEBUG - extracting 20faa5500f2060aa1809814531221b88\0036.png...
2021-12-27 14:52:18,170 - root - DEBUG - extracting 20faa5500f2060aa1809814531221b88\0037.png...
2021-12-27 14:52:18,170 - root - DEBUG - extracting 20faa5500f2060aa1809814531221b88\0038.png...
2021-12-27 14:52:18,170 - root - DEBUG - extracting 20faa5500f2060aa1809814531221b88\0039.png...
2021-12-27 14:52:18,170 - root - DEBUG - extracting 20faa5500f2060aa1809814531221b88\0040.png...
2021-12-27 14:52:18,170 - root - DEBUG - extracting 20faa5500f2060aa1809814531221b88\0041.png...
2021-12-27 14:52:18,170 - root - DEBUG - extracting 20faa5500f2060aa1809814531221b88\0042.png...
2021-12-27 14:52:18,185 - root - DEBUG - extracting 20faa5500f2060aa1809814531221b88\0043.png...
2021-12-27 14:52:18,185 - root - DEBUG - extracting 20faa5500f2060aa1809814531221b88\0044.png...
2021-12-27 14:52:18,185 - root - DEBUG - extracting 20faa5500f2060aa1809814531221b88\0045.png...
2021-12-27 14:52:18,185 - root - DEBUG - extracting 20faa5500f2060aa1809814531221b88\0046.png...
2021-12-27 14:52:18,185 - root - DEBUG - extracting 20faa5500f2060aa1809814531221b88\0047.png...
2021-12-27 14:52:18,185 - root - DEBUG - extracting 20faa5500f2060aa1809814531221b88\0048.png...
2021-12-27 14:52:18,185 - root - DEBUG - extracting 20faa5500f2060aa1809814531221b88\0049.png...
2021-12-27 14:52:18,185 - root - DEBUG - extracting 20faa5500f2060aa1809814531221b88\0050.png...
2021-12-27 14:52:18,185 - root - DEBUG - extracting 20faa5500f2060aa1809814531221b88\0051.png...
2021-12-27 14:52:18,185 - root - DEBUG - extracting 20faa5500f2060aa1809814531221b88\0052.png...
2021-12-27 14:52:18,185 - root - DEBUG - extracting 20faa5500f2060aa1809814531221b88\0053.png...
2021-12-27 14:52:18,185 - root - DEBUG - extracting 20faa5500f2060aa1809814531221b88\0054.png...
2021-12-27 14:52:18,185 - root - DEBUG - extracting 20faa5500f2060aa1809814531221b88\0055.png...
2021-12-27 14:52:18,185 - root - DEBUG - extracting 20faa5500f2060aa1809814531221b88\0056.png...
2021-12-27 14:52:18,185 - root - DEBUG - extracting 20faa5500f2060aa1809814531221b88\0057.png...
2021-12-27 14:52:18,185 - root - DEBUG - extracting 20faa5500f2060aa1809814531221b88\0058.png...
2021-12-27 14:52:18,185 - root - DEBUG - extracting 20faa5500f2060aa1809814531221b88\0059.png...
2021-12-27 14:52:18,185 - root - DEBUG - extracting 20faa5500f2060aa1809814531221b88\0060.png...
2021-12-27 14:52:18,185 - root - DEBUG - extracting 20faa5500f2060aa1809814531221b88\0061.png...
2021-12-27 14:52:18,185 - root - DEBUG - extracting 20faa5500f2060aa1809814531221b88\0062.png...
2021-12-27 14:52:18,185 - root - DEBUG - extracting 20faa5500f2060aa1809814531221b88\0063.png...
2021-12-27 14:52:18,201 - root - DEBUG - extracting 20faa5500f2060aa1809814531221b88\0064.png...
2021-12-27 14:52:18,201 - root - DEBUG - extracting 20faa5500f2060aa1809814531221b88\0065.png...
2021-12-27 14:52:18,201 - root - DEBUG - extracting 20faa5500f2060aa1809814531221b88\0066.png...
2021-12-27 14:52:18,201 - root - DEBUG - extracting 20faa5500f2060aa1809814531221b88\0067.png...
2021-12-27 14:52:18,201 - root - DEBUG - extracting 20faa5500f2060aa1809814531221b88\0068.png...
2021-12-27 14:52:18,201 - root - DEBUG - extracting 20faa5500f2060aa1809814531221b88\0069.png...
2021-12-27 14:52:18,201 - root - DEBUG - Exporting config...
