2021-12-28 10:53:46,472 - root - DEBUG - Opening watch face 'E:\Codez\zepp-bipupro-wf\16a34608a37160b51378c979af7a6a5d.bin'
2021-12-28 10:53:46,486 - root - DEBUG - Reading parameters...
2021-12-28 10:53:46,487 - root - INFO - Reading header...
2021-12-28 10:53:46,488 - root - INFO - Header was read:
2021-12-28 10:53:46,488 - root - INFO - Signature: b'UIHH\x01\x00\xff', Unknown: 62, ParametersSize: 25, isValid: True, deviceId: 71
2021-12-28 10:53:46,488 - root - INFO - Reading parameter offsets...
2021-12-28 10:53:46,488 - root - INFO - Parameter offsets were read from file
2021-12-28 10:53:46,488 - root - INFO - Reading parameters descriptor...
2021-12-28 10:53:46,488 - root - INFO - 1 ( A): 5 bytes
2021-12-28 10:53:46,488 - root - INFO -     1 ( 8): 142 8E
2021-12-28 10:53:46,488 - root - INFO -     2 (10): 61 3D
2021-12-28 10:53:46,488 - root - INFO - getParameters descriptor was read:
2021-12-28 10:53:46,488 - root - INFO - ParametersTableLength: 142, ImagesCount: 61
2021-12-28 10:53:46,489 - root - INFO - Reading parameters locations...
2021-12-28 10:53:46,489 - root - INFO - 2 (12): 4 bytes
2021-12-28 10:53:46,489 - root - INFO -     1 ( 8): 0  0
2021-12-28 10:53:46,489 - root - INFO -     2 (10): 26 1A
2021-12-28 10:53:46,489 - root - INFO - 3 (1A): 4 bytes
2021-12-28 10:53:46,489 - root - INFO -     1 ( 8): 26 1A
2021-12-28 10:53:46,489 - root - INFO -     2 (10): 54 36
2021-12-28 10:53:46,489 - root - INFO - 5 (2A): 4 bytes
2021-12-28 10:53:46,489 - root - INFO -     1 ( 8): 80 50
2021-12-28 10:53:46,489 - root - INFO -     2 (10): 62 3E
2021-12-28 10:53:46,489 - root - INFO - Watch face parameters locations were read:
2021-12-28 10:53:46,491 - root - INFO - Reading descriptor for parameter 2
2021-12-28 10:53:46,491 - root - INFO - Descriptor offset: 0, Descriptor length: 26
2021-12-28 10:53:46,491 - root - INFO - Parsing descriptor for parameter 2...
2021-12-28 10:53:46,491 - root - INFO - 2 (10): 0  0
2021-12-28 10:53:46,491 - root - INFO - 3 (1A): 6 bytes
2021-12-28 10:53:46,491 - root - INFO -     1 ( 8): 0  0
2021-12-28 10:53:46,491 - root - INFO -     2 (10): 0  0
2021-12-28 10:53:46,492 - root - INFO -     3 (18): 0  0
2021-12-28 10:53:46,492 - root - INFO - 4 (22): 6 bytes
2021-12-28 10:53:46,492 - root - INFO -     1 ( 8): 0  0
2021-12-28 10:53:46,492 - root - INFO -     2 (10): 0  0
2021-12-28 10:53:46,492 - root - INFO -     3 (18): 0  0
2021-12-28 10:53:46,492 - root - INFO - 5 (2A): 6 bytes
2021-12-28 10:53:46,492 - root - INFO -     1 ( 8): 0  0
2021-12-28 10:53:46,492 - root - INFO -     2 (10): 0  0
2021-12-28 10:53:46,492 - root - INFO -     3 (18): 0  0
2021-12-28 10:53:46,493 - root - INFO - Reading descriptor for parameter 3
2021-12-28 10:53:46,493 - root - INFO - Descriptor offset: 26, Descriptor length: 54
2021-12-28 10:53:46,493 - root - INFO - Parsing descriptor for parameter 3...
2021-12-28 10:53:46,493 - root - INFO - 1 ( A): 52 bytes
2021-12-28 10:53:46,494 - root - INFO -     1 ( A): 21 bytes
2021-12-28 10:53:46,494 - root - INFO -         1 ( A): 8 bytes
2021-12-28 10:53:46,494 - root - INFO -             1 ( 8): 46 2E
2021-12-28 10:53:46,494 - root - INFO -             2 (10): 20 14
2021-12-28 10:53:46,494 - root - INFO -             3 (18): 1  1
2021-12-28 10:53:46,494 - root - INFO -             4 (20): 10  A
2021-12-28 10:53:46,494 - root - INFO -         2 (12): 9 bytes
2021-12-28 10:53:46,494 - root - INFO -             1 ( 8): 156 9C
2021-12-28 10:53:46,494 - root - INFO -             2 (10): 20 14
2021-12-28 10:53:46,494 - root - INFO -             3 (18): 11  B
2021-12-28 10:53:46,494 - root - INFO -             4 (20): 10  A
2021-12-28 10:53:46,495 - root - INFO -     2 (12): 23 bytes
2021-12-28 10:53:46,495 - root - INFO -         1 ( A): 9 bytes
2021-12-28 10:53:46,495 - root - INFO -             1 ( 8): 46 2E
2021-12-28 10:53:46,495 - root - INFO -             2 (10): 185 B9
2021-12-28 10:53:46,495 - root - INFO -             3 (18): 21 15
2021-12-28 10:53:46,495 - root - INFO -             4 (20): 10  A
2021-12-28 10:53:46,495 - root - INFO -         2 (12): 10 bytes
2021-12-28 10:53:46,495 - root - INFO -             1 ( 8): 156 9C
2021-12-28 10:53:46,495 - root - INFO -             2 (10): 185 B9
2021-12-28 10:53:46,495 - root - INFO -             3 (18): 31 1F
2021-12-28 10:53:46,496 - root - INFO -             4 (20): 10  A
2021-12-28 10:53:46,496 - root - INFO -     7 (38): 0  0
2021-12-28 10:53:46,496 - root - INFO -     8 (40): 1  1
2021-12-28 10:53:46,497 - root - INFO - Reading descriptor for parameter 5
2021-12-28 10:53:46,497 - root - INFO - Descriptor offset: 80, Descriptor length: 62
2021-12-28 10:53:46,497 - root - INFO - Parsing descriptor for parameter 5...
2021-12-28 10:53:46,497 - root - INFO - 1 ( A): 34 bytes
2021-12-28 10:53:46,497 - root - INFO -     2 (12): 26 bytes
2021-12-28 10:53:46,497 - root - INFO -         1 ( A): 22 bytes
2021-12-28 10:53:46,497 - root - INFO -             1 ( 8): 183 B7
2021-12-28 10:53:46,497 - root - INFO -             2 (10): 148 94
2021-12-28 10:53:46,497 - root - INFO -             3 (18): 258 102
2021-12-28 10:53:46,497 - root - INFO -             4 (20): 172 AC
2021-12-28 10:53:46,497 - root - INFO -             5 (28): 18 12
2021-12-28 10:53:46,497 - root - INFO -             6 (30): 0  0
2021-12-28 10:53:46,498 - root - INFO -             7 (38): 0  0
2021-12-28 10:53:46,498 - root - INFO -             8 (40): 41 29
2021-12-28 10:53:46,498 - root - INFO -             9 (48): 10  A
2021-12-28 10:53:46,498 - root - INFO -         2 (10): 51 33
2021-12-28 10:53:46,498 - root - INFO -     4 (20): 1  1
2021-12-28 10:53:46,498 - root - INFO -     5 (28): 1  1
2021-12-28 10:53:46,498 - root - INFO -     6 (30): 0  0
2021-12-28 10:53:46,498 - root - INFO - 2 (12): 13 bytes
2021-12-28 10:53:46,498 - root - INFO -     1 ( 8): 121 79
2021-12-28 10:53:46,498 - root - INFO -     2 (10): 148 94
2021-12-28 10:53:46,498 - root - INFO -     3 (18): 59 3B
2021-12-28 10:53:46,499 - root - INFO -     4 (20): 60 3C
2021-12-28 10:53:46,499 - root - INFO -     5 (28): 59 3B
2021-12-28 10:53:46,499 - root - INFO -     6 (30): 60 3C
2021-12-28 10:53:46,499 - root - INFO - 4 (22): 9 bytes
2021-12-28 10:53:46,499 - root - INFO -     1 ( 8): 42 2A
2021-12-28 10:53:46,499 - root - INFO -     2 (10): 148 94
2021-12-28 10:53:46,499 - root - INFO -     3 (18): 52 34
2021-12-28 10:53:46,499 - root - INFO -     4 (20): 7  7
2021-12-28 10:53:46,503 - root - INFO - Reading resources offsets table with 61 elements (244 bytes)
2021-12-28 10:53:46,504 - root - INFO - Resource 0 offset: 498, length: 86556...
2021-12-28 10:53:46,504 - root - DEBUG - Reading resource 0...
2021-12-28 10:53:46,562 - root - INFO - The image is bme.
2021-12-28 10:53:46,562 - root - INFO - Reading image header(readHeader16E)...
2021-12-28 10:53:46,562 - root - INFO - Image header was read:
2021-12-28 10:53:46,562 - root - INFO - Width: 202, Height: 214, RowLength: 404
2021-12-28 10:53:46,563 - root - INFO - datalength: 86540, _step: 2
2021-12-28 10:53:46,563 - root - INFO - BPP: 16, Transparency: False
2021-12-28 10:53:46,778 - root - INFO - Resource 1 offset: 87054, length: 13158...
2021-12-28 10:53:46,778 - root - DEBUG - Reading resource 1...
2021-12-28 10:53:46,778 - root - INFO - The image is bme.
2021-12-28 10:53:46,778 - root - INFO - Reading image header(readHeader16E)...
2021-12-28 10:53:46,778 - root - INFO - Image header was read:
2021-12-28 10:53:46,778 - root - INFO - Width: 102, Height: 115, RowLength: 204
2021-12-28 10:53:46,778 - root - INFO - datalength: 13142, _step: 2
2021-12-28 10:53:46,778 - root - INFO - BPP: 16, Transparency: False
2021-12-28 10:53:46,809 - root - INFO - Resource 2 offset: 100212, length: 8014...
2021-12-28 10:53:46,809 - root - DEBUG - Reading resource 2...
2021-12-28 10:53:46,809 - root - INFO - The image is bme.
2021-12-28 10:53:46,809 - root - INFO - Reading image header(readHeader16E)...
2021-12-28 10:53:46,810 - root - INFO - Image header was read:
2021-12-28 10:53:46,810 - root - INFO - Width: 102, Height: 115, RowLength: 204
2021-12-28 10:53:46,810 - root - INFO - datalength: 7998, _step: 2
2021-12-28 10:53:46,810 - root - INFO - BPP: 16, Transparency: False
2021-12-28 10:53:46,828 - root - INFO - Resource 3 offset: 108226, length: 13782...
2021-12-28 10:53:46,828 - root - DEBUG - Reading resource 3...
2021-12-28 10:53:46,828 - root - INFO - The image is bme.
2021-12-28 10:53:46,828 - root - INFO - Reading image header(readHeader16E)...
2021-12-28 10:53:46,828 - root - INFO - Image header was read:
2021-12-28 10:53:46,828 - root - INFO - Width: 102, Height: 115, RowLength: 204
2021-12-28 10:53:46,828 - root - INFO - datalength: 13766, _step: 2
2021-12-28 10:53:46,829 - root - INFO - BPP: 16, Transparency: False
2021-12-28 10:53:46,874 - root - INFO - Resource 4 offset: 122008, length: 14666...
2021-12-28 10:53:46,874 - root - DEBUG - Reading resource 4...
2021-12-28 10:53:46,874 - root - INFO - The image is bme.
2021-12-28 10:53:46,874 - root - INFO - Reading image header(readHeader16E)...
2021-12-28 10:53:46,874 - root - INFO - Image header was read:
2021-12-28 10:53:46,874 - root - INFO - Width: 102, Height: 115, RowLength: 204
2021-12-28 10:53:46,874 - root - INFO - datalength: 14650, _step: 2
2021-12-28 10:53:46,874 - root - INFO - BPP: 16, Transparency: False
2021-12-28 10:53:46,909 - root - INFO - Resource 5 offset: 136674, length: 13882...
2021-12-28 10:53:46,909 - root - DEBUG - Reading resource 5...
2021-12-28 10:53:46,909 - root - INFO - The image is bme.
2021-12-28 10:53:46,909 - root - INFO - Reading image header(readHeader16E)...
2021-12-28 10:53:46,909 - root - INFO - Image header was read:
2021-12-28 10:53:46,910 - root - INFO - Width: 102, Height: 115, RowLength: 204
2021-12-28 10:53:46,910 - root - INFO - datalength: 13866, _step: 2
2021-12-28 10:53:46,910 - root - INFO - BPP: 16, Transparency: False
2021-12-28 10:53:46,938 - root - INFO - Resource 6 offset: 150556, length: 14360...
2021-12-28 10:53:46,938 - root - DEBUG - Reading resource 6...
2021-12-28 10:53:46,938 - root - INFO - The image is bme.
2021-12-28 10:53:46,938 - root - INFO - Reading image header(readHeader16E)...
2021-12-28 10:53:46,938 - root - INFO - Image header was read:
2021-12-28 10:53:46,938 - root - INFO - Width: 102, Height: 115, RowLength: 204
2021-12-28 10:53:46,938 - root - INFO - datalength: 14344, _step: 2
2021-12-28 10:53:46,938 - root - INFO - BPP: 16, Transparency: False
2021-12-28 10:53:46,967 - root - INFO - Resource 7 offset: 164916, length: 13564...
2021-12-28 10:53:46,967 - root - DEBUG - Reading resource 7...
2021-12-28 10:53:46,967 - root - INFO - The image is bme.
2021-12-28 10:53:46,967 - root - INFO - Reading image header(readHeader16E)...
2021-12-28 10:53:46,967 - root - INFO - Image header was read:
2021-12-28 10:53:46,967 - root - INFO - Width: 102, Height: 115, RowLength: 204
2021-12-28 10:53:46,967 - root - INFO - datalength: 13548, _step: 2
2021-12-28 10:53:46,967 - root - INFO - BPP: 16, Transparency: False
2021-12-28 10:53:46,994 - root - INFO - Resource 8 offset: 178480, length: 11204...
2021-12-28 10:53:46,994 - root - DEBUG - Reading resource 8...
2021-12-28 10:53:46,994 - root - INFO - The image is bme.
2021-12-28 10:53:46,994 - root - INFO - Reading image header(readHeader16E)...
2021-12-28 10:53:46,995 - root - INFO - Image header was read:
2021-12-28 10:53:46,995 - root - INFO - Width: 102, Height: 115, RowLength: 204
2021-12-28 10:53:46,995 - root - INFO - datalength: 11188, _step: 2
2021-12-28 10:53:46,995 - root - INFO - BPP: 16, Transparency: False
2021-12-28 10:53:47,017 - root - INFO - Resource 9 offset: 189684, length: 14550...
2021-12-28 10:53:47,017 - root - DEBUG - Reading resource 9...
2021-12-28 10:53:47,017 - root - INFO - The image is bme.
2021-12-28 10:53:47,018 - root - INFO - Reading image header(readHeader16E)...
2021-12-28 10:53:47,018 - root - INFO - Image header was read:
2021-12-28 10:53:47,018 - root - INFO - Width: 102, Height: 115, RowLength: 204
2021-12-28 10:53:47,018 - root - INFO - datalength: 14534, _step: 2
2021-12-28 10:53:47,018 - root - INFO - BPP: 16, Transparency: False
2021-12-28 10:53:47,048 - root - INFO - Resource 10 offset: 204234, length: 13564...
2021-12-28 10:53:47,048 - root - DEBUG - Reading resource 10...
2021-12-28 10:53:47,048 - root - INFO - The image is bme.
2021-12-28 10:53:47,048 - root - INFO - Reading image header(readHeader16E)...
2021-12-28 10:53:47,048 - root - INFO - Image header was read:
2021-12-28 10:53:47,048 - root - INFO - Width: 102, Height: 115, RowLength: 204
2021-12-28 10:53:47,048 - root - INFO - datalength: 13548, _step: 2
2021-12-28 10:53:47,048 - root - INFO - BPP: 16, Transparency: False
2021-12-28 10:53:47,075 - root - INFO - Resource 11 offset: 217798, length: 13158...
2021-12-28 10:53:47,075 - root - DEBUG - Reading resource 11...
2021-12-28 10:53:47,075 - root - INFO - The image is bme.
2021-12-28 10:53:47,075 - root - INFO - Reading image header(readHeader16E)...
2021-12-28 10:53:47,075 - root - INFO - Image header was read:
2021-12-28 10:53:47,075 - root - INFO - Width: 102, Height: 115, RowLength: 204
2021-12-28 10:53:47,075 - root - INFO - datalength: 13142, _step: 2
2021-12-28 10:53:47,076 - root - INFO - BPP: 16, Transparency: False
2021-12-28 10:53:47,101 - root - INFO - Resource 12 offset: 230956, length: 8014...
2021-12-28 10:53:47,102 - root - DEBUG - Reading resource 12...
2021-12-28 10:53:47,102 - root - INFO - The image is bme.
2021-12-28 10:53:47,102 - root - INFO - Reading image header(readHeader16E)...
2021-12-28 10:53:47,102 - root - INFO - Image header was read:
2021-12-28 10:53:47,102 - root - INFO - Width: 102, Height: 115, RowLength: 204
2021-12-28 10:53:47,102 - root - INFO - datalength: 7998, _step: 2
2021-12-28 10:53:47,102 - root - INFO - BPP: 16, Transparency: False
2021-12-28 10:53:47,118 - root - INFO - Resource 13 offset: 238970, length: 13782...
2021-12-28 10:53:47,118 - root - DEBUG - Reading resource 13...
2021-12-28 10:53:47,118 - root - INFO - The image is bme.
2021-12-28 10:53:47,118 - root - INFO - Reading image header(readHeader16E)...
2021-12-28 10:53:47,118 - root - INFO - Image header was read:
2021-12-28 10:53:47,118 - root - INFO - Width: 102, Height: 115, RowLength: 204
2021-12-28 10:53:47,118 - root - INFO - datalength: 13766, _step: 2
2021-12-28 10:53:47,118 - root - INFO - BPP: 16, Transparency: False
2021-12-28 10:53:47,146 - root - INFO - Resource 14 offset: 252752, length: 14666...
2021-12-28 10:53:47,146 - root - DEBUG - Reading resource 14...
2021-12-28 10:53:47,147 - root - INFO - The image is bme.
2021-12-28 10:53:47,147 - root - INFO - Reading image header(readHeader16E)...
2021-12-28 10:53:47,147 - root - INFO - Image header was read:
2021-12-28 10:53:47,147 - root - INFO - Width: 102, Height: 115, RowLength: 204
2021-12-28 10:53:47,147 - root - INFO - datalength: 14650, _step: 2
2021-12-28 10:53:47,147 - root - INFO - BPP: 16, Transparency: False
2021-12-28 10:53:47,176 - root - INFO - Resource 15 offset: 267418, length: 13882...
2021-12-28 10:53:47,176 - root - DEBUG - Reading resource 15...
2021-12-28 10:53:47,176 - root - INFO - The image is bme.
2021-12-28 10:53:47,176 - root - INFO - Reading image header(readHeader16E)...
2021-12-28 10:53:47,176 - root - INFO - Image header was read:
2021-12-28 10:53:47,176 - root - INFO - Width: 102, Height: 115, RowLength: 204
2021-12-28 10:53:47,176 - root - INFO - datalength: 13866, _step: 2
2021-12-28 10:53:47,176 - root - INFO - BPP: 16, Transparency: False
2021-12-28 10:53:47,204 - root - INFO - Resource 16 offset: 281300, length: 14360...
2021-12-28 10:53:47,204 - root - DEBUG - Reading resource 16...
2021-12-28 10:53:47,204 - root - INFO - The image is bme.
2021-12-28 10:53:47,205 - root - INFO - Reading image header(readHeader16E)...
2021-12-28 10:53:47,205 - root - INFO - Image header was read:
2021-12-28 10:53:47,205 - root - INFO - Width: 102, Height: 115, RowLength: 204
2021-12-28 10:53:47,205 - root - INFO - datalength: 14344, _step: 2
2021-12-28 10:53:47,205 - root - INFO - BPP: 16, Transparency: False
2021-12-28 10:53:47,244 - root - INFO - Resource 17 offset: 295660, length: 13564...
2021-12-28 10:53:47,244 - root - DEBUG - Reading resource 17...
2021-12-28 10:53:47,244 - root - INFO - The image is bme.
2021-12-28 10:53:47,245 - root - INFO - Reading image header(readHeader16E)...
2021-12-28 10:53:47,245 - root - INFO - Image header was read:
2021-12-28 10:53:47,245 - root - INFO - Width: 102, Height: 115, RowLength: 204
2021-12-28 10:53:47,245 - root - INFO - datalength: 13548, _step: 2
2021-12-28 10:53:47,245 - root - INFO - BPP: 16, Transparency: False
2021-12-28 10:53:47,295 - root - INFO - Resource 18 offset: 309224, length: 11204...
2021-12-28 10:53:47,296 - root - DEBUG - Reading resource 18...
2021-12-28 10:53:47,296 - root - INFO - The image is bme.
2021-12-28 10:53:47,296 - root - INFO - Reading image header(readHeader16E)...
2021-12-28 10:53:47,296 - root - INFO - Image header was read:
2021-12-28 10:53:47,296 - root - INFO - Width: 102, Height: 115, RowLength: 204
2021-12-28 10:53:47,296 - root - INFO - datalength: 11188, _step: 2
2021-12-28 10:53:47,296 - root - INFO - BPP: 16, Transparency: False
2021-12-28 10:53:47,327 - root - INFO - Resource 19 offset: 320428, length: 14550...
2021-12-28 10:53:47,327 - root - DEBUG - Reading resource 19...
2021-12-28 10:53:47,327 - root - INFO - The image is bme.
2021-12-28 10:53:47,327 - root - INFO - Reading image header(readHeader16E)...
2021-12-28 10:53:47,327 - root - INFO - Image header was read:
2021-12-28 10:53:47,328 - root - INFO - Width: 102, Height: 115, RowLength: 204
2021-12-28 10:53:47,328 - root - INFO - datalength: 14534, _step: 2
2021-12-28 10:53:47,328 - root - INFO - BPP: 16, Transparency: False
2021-12-28 10:53:47,360 - root - INFO - Resource 20 offset: 334978, length: 13564...
2021-12-28 10:53:47,360 - root - DEBUG - Reading resource 20...
2021-12-28 10:53:47,360 - root - INFO - The image is bme.
2021-12-28 10:53:47,361 - root - INFO - Reading image header(readHeader16E)...
2021-12-28 10:53:47,361 - root - INFO - Image header was read:
2021-12-28 10:53:47,361 - root - INFO - Width: 102, Height: 115, RowLength: 204
2021-12-28 10:53:47,361 - root - INFO - datalength: 13548, _step: 2
2021-12-28 10:53:47,361 - root - INFO - BPP: 16, Transparency: False
2021-12-28 10:53:47,392 - root - INFO - Resource 21 offset: 348542, length: 13158...
2021-12-28 10:53:47,392 - root - DEBUG - Reading resource 21...
2021-12-28 10:53:47,392 - root - INFO - The image is bme.
2021-12-28 10:53:47,392 - root - INFO - Reading image header(readHeader16E)...
2021-12-28 10:53:47,392 - root - INFO - Image header was read:
2021-12-28 10:53:47,392 - root - INFO - Width: 102, Height: 115, RowLength: 204
2021-12-28 10:53:47,392 - root - INFO - datalength: 13142, _step: 2
2021-12-28 10:53:47,392 - root - INFO - BPP: 16, Transparency: False
2021-12-28 10:53:47,421 - root - INFO - Resource 22 offset: 361700, length: 8014...
2021-12-28 10:53:47,421 - root - DEBUG - Reading resource 22...
2021-12-28 10:53:47,421 - root - INFO - The image is bme.
2021-12-28 10:53:47,421 - root - INFO - Reading image header(readHeader16E)...
2021-12-28 10:53:47,421 - root - INFO - Image header was read:
2021-12-28 10:53:47,422 - root - INFO - Width: 102, Height: 115, RowLength: 204
2021-12-28 10:53:47,422 - root - INFO - datalength: 7998, _step: 2
2021-12-28 10:53:47,422 - root - INFO - BPP: 16, Transparency: False
2021-12-28 10:53:47,444 - root - INFO - Resource 23 offset: 369714, length: 13782...
2021-12-28 10:53:47,445 - root - DEBUG - Reading resource 23...
2021-12-28 10:53:47,445 - root - INFO - The image is bme.
2021-12-28 10:53:47,445 - root - INFO - Reading image header(readHeader16E)...
2021-12-28 10:53:47,445 - root - INFO - Image header was read:
2021-12-28 10:53:47,445 - root - INFO - Width: 102, Height: 115, RowLength: 204
2021-12-28 10:53:47,445 - root - INFO - datalength: 13766, _step: 2
2021-12-28 10:53:47,445 - root - INFO - BPP: 16, Transparency: False
2021-12-28 10:53:47,474 - root - INFO - Resource 24 offset: 383496, length: 14666...
2021-12-28 10:53:47,475 - root - DEBUG - Reading resource 24...
2021-12-28 10:53:47,475 - root - INFO - The image is bme.
2021-12-28 10:53:47,475 - root - INFO - Reading image header(readHeader16E)...
2021-12-28 10:53:47,475 - root - INFO - Image header was read:
2021-12-28 10:53:47,475 - root - INFO - Width: 102, Height: 115, RowLength: 204
2021-12-28 10:53:47,475 - root - INFO - datalength: 14650, _step: 2
2021-12-28 10:53:47,475 - root - INFO - BPP: 16, Transparency: False
2021-12-28 10:53:47,505 - root - INFO - Resource 25 offset: 398162, length: 13882...
2021-12-28 10:53:47,506 - root - DEBUG - Reading resource 25...
2021-12-28 10:53:47,506 - root - INFO - The image is bme.
2021-12-28 10:53:47,506 - root - INFO - Reading image header(readHeader16E)...
2021-12-28 10:53:47,506 - root - INFO - Image header was read:
2021-12-28 10:53:47,506 - root - INFO - Width: 102, Height: 115, RowLength: 204
2021-12-28 10:53:47,506 - root - INFO - datalength: 13866, _step: 2
2021-12-28 10:53:47,506 - root - INFO - BPP: 16, Transparency: False
2021-12-28 10:53:47,534 - root - INFO - Resource 26 offset: 412044, length: 14360...
2021-12-28 10:53:47,534 - root - DEBUG - Reading resource 26...
2021-12-28 10:53:47,534 - root - INFO - The image is bme.
2021-12-28 10:53:47,534 - root - INFO - Reading image header(readHeader16E)...
2021-12-28 10:53:47,534 - root - INFO - Image header was read:
2021-12-28 10:53:47,534 - root - INFO - Width: 102, Height: 115, RowLength: 204
2021-12-28 10:53:47,534 - root - INFO - datalength: 14344, _step: 2
2021-12-28 10:53:47,534 - root - INFO - BPP: 16, Transparency: False
2021-12-28 10:53:47,563 - root - INFO - Resource 27 offset: 426404, length: 13564...
2021-12-28 10:53:47,563 - root - DEBUG - Reading resource 27...
2021-12-28 10:53:47,563 - root - INFO - The image is bme.
2021-12-28 10:53:47,563 - root - INFO - Reading image header(readHeader16E)...
2021-12-28 10:53:47,564 - root - INFO - Image header was read:
2021-12-28 10:53:47,564 - root - INFO - Width: 102, Height: 115, RowLength: 204
2021-12-28 10:53:47,564 - root - INFO - datalength: 13548, _step: 2
2021-12-28 10:53:47,564 - root - INFO - BPP: 16, Transparency: False
2021-12-28 10:53:47,591 - root - INFO - Resource 28 offset: 439968, length: 11204...
2021-12-28 10:53:47,592 - root - DEBUG - Reading resource 28...
2021-12-28 10:53:47,592 - root - INFO - The image is bme.
2021-12-28 10:53:47,592 - root - INFO - Reading image header(readHeader16E)...
2021-12-28 10:53:47,592 - root - INFO - Image header was read:
2021-12-28 10:53:47,592 - root - INFO - Width: 102, Height: 115, RowLength: 204
2021-12-28 10:53:47,592 - root - INFO - datalength: 11188, _step: 2
2021-12-28 10:53:47,592 - root - INFO - BPP: 16, Transparency: False
2021-12-28 10:53:47,616 - root - INFO - Resource 29 offset: 451172, length: 14550...
2021-12-28 10:53:47,616 - root - DEBUG - Reading resource 29...
2021-12-28 10:53:47,616 - root - INFO - The image is bme.
2021-12-28 10:53:47,616 - root - INFO - Reading image header(readHeader16E)...
2021-12-28 10:53:47,616 - root - INFO - Image header was read:
2021-12-28 10:53:47,616 - root - INFO - Width: 102, Height: 115, RowLength: 204
2021-12-28 10:53:47,616 - root - INFO - datalength: 14534, _step: 2
2021-12-28 10:53:47,616 - root - INFO - BPP: 16, Transparency: False
2021-12-28 10:53:47,646 - root - INFO - Resource 30 offset: 465722, length: 13564...
2021-12-28 10:53:47,647 - root - DEBUG - Reading resource 30...
2021-12-28 10:53:47,647 - root - INFO - The image is bme.
2021-12-28 10:53:47,647 - root - INFO - Reading image header(readHeader16E)...
2021-12-28 10:53:47,647 - root - INFO - Image header was read:
2021-12-28 10:53:47,647 - root - INFO - Width: 102, Height: 115, RowLength: 204
2021-12-28 10:53:47,647 - root - INFO - datalength: 13548, _step: 2
2021-12-28 10:53:47,647 - root - INFO - BPP: 16, Transparency: False
2021-12-28 10:53:47,674 - root - INFO - Resource 31 offset: 479286, length: 13158...
2021-12-28 10:53:47,674 - root - DEBUG - Reading resource 31...
2021-12-28 10:53:47,675 - root - INFO - The image is bme.
2021-12-28 10:53:47,675 - root - INFO - Reading image header(readHeader16E)...
2021-12-28 10:53:47,675 - root - INFO - Image header was read:
2021-12-28 10:53:47,675 - root - INFO - Width: 102, Height: 115, RowLength: 204
2021-12-28 10:53:47,675 - root - INFO - datalength: 13142, _step: 2
2021-12-28 10:53:47,675 - root - INFO - BPP: 16, Transparency: False
2021-12-28 10:53:47,702 - root - INFO - Resource 32 offset: 492444, length: 8014...
2021-12-28 10:53:47,702 - root - DEBUG - Reading resource 32...
2021-12-28 10:53:47,702 - root - INFO - The image is bme.
2021-12-28 10:53:47,703 - root - INFO - Reading image header(readHeader16E)...
2021-12-28 10:53:47,703 - root - INFO - Image header was read:
2021-12-28 10:53:47,703 - root - INFO - Width: 102, Height: 115, RowLength: 204
2021-12-28 10:53:47,703 - root - INFO - datalength: 7998, _step: 2
2021-12-28 10:53:47,703 - root - INFO - BPP: 16, Transparency: False
2021-12-28 10:53:47,720 - root - INFO - Resource 33 offset: 500458, length: 13782...
2021-12-28 10:53:47,720 - root - DEBUG - Reading resource 33...
2021-12-28 10:53:47,721 - root - INFO - The image is bme.
2021-12-28 10:53:47,721 - root - INFO - Reading image header(readHeader16E)...
2021-12-28 10:53:47,721 - root - INFO - Image header was read:
2021-12-28 10:53:47,721 - root - INFO - Width: 102, Height: 115, RowLength: 204
2021-12-28 10:53:47,721 - root - INFO - datalength: 13766, _step: 2
2021-12-28 10:53:47,721 - root - INFO - BPP: 16, Transparency: False
2021-12-28 10:53:47,749 - root - INFO - Resource 34 offset: 514240, length: 14666...
2021-12-28 10:53:47,749 - root - DEBUG - Reading resource 34...
2021-12-28 10:53:47,749 - root - INFO - The image is bme.
2021-12-28 10:53:47,749 - root - INFO - Reading image header(readHeader16E)...
2021-12-28 10:53:47,749 - root - INFO - Image header was read:
2021-12-28 10:53:47,750 - root - INFO - Width: 102, Height: 115, RowLength: 204
2021-12-28 10:53:47,750 - root - INFO - datalength: 14650, _step: 2
2021-12-28 10:53:47,750 - root - INFO - BPP: 16, Transparency: False
2021-12-28 10:53:47,779 - root - INFO - Resource 35 offset: 528906, length: 13882...
2021-12-28 10:53:47,779 - root - DEBUG - Reading resource 35...
2021-12-28 10:53:47,780 - root - INFO - The image is bme.
2021-12-28 10:53:47,780 - root - INFO - Reading image header(readHeader16E)...
2021-12-28 10:53:47,780 - root - INFO - Image header was read:
2021-12-28 10:53:47,780 - root - INFO - Width: 102, Height: 115, RowLength: 204
2021-12-28 10:53:47,780 - root - INFO - datalength: 13866, _step: 2
2021-12-28 10:53:47,780 - root - INFO - BPP: 16, Transparency: False
2021-12-28 10:53:47,809 - root - INFO - Resource 36 offset: 542788, length: 14360...
2021-12-28 10:53:47,809 - root - DEBUG - Reading resource 36...
2021-12-28 10:53:47,809 - root - INFO - The image is bme.
2021-12-28 10:53:47,809 - root - INFO - Reading image header(readHeader16E)...
2021-12-28 10:53:47,810 - root - INFO - Image header was read:
2021-12-28 10:53:47,810 - root - INFO - Width: 102, Height: 115, RowLength: 204
2021-12-28 10:53:47,810 - root - INFO - datalength: 14344, _step: 2
2021-12-28 10:53:47,810 - root - INFO - BPP: 16, Transparency: False
2021-12-28 10:53:47,845 - root - INFO - Resource 37 offset: 557148, length: 13564...
2021-12-28 10:53:47,845 - root - DEBUG - Reading resource 37...
2021-12-28 10:53:47,845 - root - INFO - The image is bme.
2021-12-28 10:53:47,846 - root - INFO - Reading image header(readHeader16E)...
2021-12-28 10:53:47,846 - root - INFO - Image header was read:
2021-12-28 10:53:47,846 - root - INFO - Width: 102, Height: 115, RowLength: 204
2021-12-28 10:53:47,846 - root - INFO - datalength: 13548, _step: 2
2021-12-28 10:53:47,846 - root - INFO - BPP: 16, Transparency: False
2021-12-28 10:53:47,883 - root - INFO - Resource 38 offset: 570712, length: 11204...
2021-12-28 10:53:47,883 - root - DEBUG - Reading resource 38...
2021-12-28 10:53:47,883 - root - INFO - The image is bme.
2021-12-28 10:53:47,884 - root - INFO - Reading image header(readHeader16E)...
2021-12-28 10:53:47,884 - root - INFO - Image header was read:
2021-12-28 10:53:47,884 - root - INFO - Width: 102, Height: 115, RowLength: 204
2021-12-28 10:53:47,884 - root - INFO - datalength: 11188, _step: 2
2021-12-28 10:53:47,884 - root - INFO - BPP: 16, Transparency: False
2021-12-28 10:53:47,908 - root - INFO - Resource 39 offset: 581916, length: 14550...
2021-12-28 10:53:47,908 - root - DEBUG - Reading resource 39...
2021-12-28 10:53:47,908 - root - INFO - The image is bme.
2021-12-28 10:53:47,908 - root - INFO - Reading image header(readHeader16E)...
2021-12-28 10:53:47,909 - root - INFO - Image header was read:
2021-12-28 10:53:47,909 - root - INFO - Width: 102, Height: 115, RowLength: 204
2021-12-28 10:53:47,909 - root - INFO - datalength: 14534, _step: 2
2021-12-28 10:53:47,909 - root - INFO - BPP: 16, Transparency: False
2021-12-28 10:53:47,938 - root - INFO - Resource 40 offset: 596466, length: 13564...
2021-12-28 10:53:47,938 - root - DEBUG - Reading resource 40...
2021-12-28 10:53:47,938 - root - INFO - The image is bme.
2021-12-28 10:53:47,938 - root - INFO - Reading image header(readHeader16E)...
2021-12-28 10:53:47,938 - root - INFO - Image header was read:
2021-12-28 10:53:47,938 - root - INFO - Width: 102, Height: 115, RowLength: 204
2021-12-28 10:53:47,938 - root - INFO - datalength: 13548, _step: 2
2021-12-28 10:53:47,939 - root - INFO - BPP: 16, Transparency: False
2021-12-28 10:53:47,966 - root - INFO - Resource 41 offset: 610030, length: 648...
2021-12-28 10:53:47,966 - root - DEBUG - Reading resource 41...
2021-12-28 10:53:47,966 - root - INFO - The image is bme.
2021-12-28 10:53:47,966 - root - INFO - Reading image header(readHeader16E)...
2021-12-28 10:53:47,966 - root - INFO - Image header was read:
2021-12-28 10:53:47,966 - root - INFO - Width: 19, Height: 24, RowLength: 38
2021-12-28 10:53:47,966 - root - INFO - datalength: 632, _step: 2
2021-12-28 10:53:47,966 - root - INFO - BPP: 16, Transparency: False
2021-12-28 10:53:47,968 - root - INFO - Resource 42 offset: 610678, length: 342...
2021-12-28 10:53:47,968 - root - DEBUG - Reading resource 42...
2021-12-28 10:53:47,968 - root - INFO - The image is bme.
2021-12-28 10:53:47,968 - root - INFO - Reading image header(readHeader16E)...
2021-12-28 10:53:47,968 - root - INFO - Image header was read:
2021-12-28 10:53:47,968 - root - INFO - Width: 19, Height: 24, RowLength: 38
2021-12-28 10:53:47,968 - root - INFO - datalength: 326, _step: 2
2021-12-28 10:53:47,968 - root - INFO - BPP: 16, Transparency: False
2021-12-28 10:53:47,969 - root - INFO - Resource 43 offset: 611020, length: 638...
2021-12-28 10:53:47,969 - root - DEBUG - Reading resource 43...
2021-12-28 10:53:47,969 - root - INFO - The image is bme.
2021-12-28 10:53:47,969 - root - INFO - Reading image header(readHeader16E)...
2021-12-28 10:53:47,969 - root - INFO - Image header was read:
2021-12-28 10:53:47,969 - root - INFO - Width: 19, Height: 24, RowLength: 38
2021-12-28 10:53:47,969 - root - INFO - datalength: 622, _step: 2
2021-12-28 10:53:47,970 - root - INFO - BPP: 16, Transparency: False
2021-12-28 10:53:47,971 - root - INFO - Resource 44 offset: 611658, length: 556...
2021-12-28 10:53:47,971 - root - DEBUG - Reading resource 44...
2021-12-28 10:53:47,971 - root - INFO - The image is bme.
2021-12-28 10:53:47,971 - root - INFO - Reading image header(readHeader16E)...
2021-12-28 10:53:47,971 - root - INFO - Image header was read:
2021-12-28 10:53:47,971 - root - INFO - Width: 19, Height: 24, RowLength: 38
2021-12-28 10:53:47,971 - root - INFO - datalength: 540, _step: 2
2021-12-28 10:53:47,971 - root - INFO - BPP: 16, Transparency: False
2021-12-28 10:53:47,972 - root - INFO - Resource 45 offset: 612214, length: 566...
2021-12-28 10:53:47,972 - root - DEBUG - Reading resource 45...
2021-12-28 10:53:47,972 - root - INFO - The image is bme.
2021-12-28 10:53:47,973 - root - INFO - Reading image header(readHeader16E)...
2021-12-28 10:53:47,973 - root - INFO - Image header was read:
2021-12-28 10:53:47,973 - root - INFO - Width: 19, Height: 24, RowLength: 38
2021-12-28 10:53:47,973 - root - INFO - datalength: 550, _step: 2
2021-12-28 10:53:47,973 - root - INFO - BPP: 16, Transparency: False
2021-12-28 10:53:47,974 - root - INFO - Resource 46 offset: 612780, length: 558...
2021-12-28 10:53:47,974 - root - DEBUG - Reading resource 46...
2021-12-28 10:53:47,974 - root - INFO - The image is bme.
2021-12-28 10:53:47,974 - root - INFO - Reading image header(readHeader16E)...
2021-12-28 10:53:47,974 - root - INFO - Image header was read:
2021-12-28 10:53:47,974 - root - INFO - Width: 19, Height: 24, RowLength: 38
2021-12-28 10:53:47,974 - root - INFO - datalength: 542, _step: 2
2021-12-28 10:53:47,974 - root - INFO - BPP: 16, Transparency: False
2021-12-28 10:53:47,975 - root - INFO - Resource 47 offset: 613338, length: 566...
2021-12-28 10:53:47,976 - root - DEBUG - Reading resource 47...
2021-12-28 10:53:47,976 - root - INFO - The image is bme.
2021-12-28 10:53:47,976 - root - INFO - Reading image header(readHeader16E)...
2021-12-28 10:53:47,976 - root - INFO - Image header was read:
2021-12-28 10:53:47,976 - root - INFO - Width: 19, Height: 24, RowLength: 38
2021-12-28 10:53:47,976 - root - INFO - datalength: 550, _step: 2
2021-12-28 10:53:47,976 - root - INFO - BPP: 16, Transparency: False
2021-12-28 10:53:47,977 - root - INFO - Resource 48 offset: 613904, length: 432...
2021-12-28 10:53:47,977 - root - DEBUG - Reading resource 48...
2021-12-28 10:53:47,977 - root - INFO - The image is bme.
2021-12-28 10:53:47,977 - root - INFO - Reading image header(readHeader16E)...
2021-12-28 10:53:47,977 - root - INFO - Image header was read:
2021-12-28 10:53:47,977 - root - INFO - Width: 19, Height: 24, RowLength: 38
2021-12-28 10:53:47,978 - root - INFO - datalength: 416, _step: 2
2021-12-28 10:53:47,978 - root - INFO - BPP: 16, Transparency: False
2021-12-28 10:53:47,978 - root - INFO - Resource 49 offset: 614336, length: 684...
2021-12-28 10:53:47,978 - root - DEBUG - Reading resource 49...
2021-12-28 10:53:47,978 - root - INFO - The image is bme.
2021-12-28 10:53:47,979 - root - INFO - Reading image header(readHeader16E)...
2021-12-28 10:53:47,979 - root - INFO - Image header was read:
2021-12-28 10:53:47,979 - root - INFO - Width: 19, Height: 24, RowLength: 38
2021-12-28 10:53:47,979 - root - INFO - datalength: 668, _step: 2
2021-12-28 10:53:47,979 - root - INFO - BPP: 16, Transparency: False
2021-12-28 10:53:47,980 - root - INFO - Resource 50 offset: 615020, length: 568...
2021-12-28 10:53:47,980 - root - DEBUG - Reading resource 50...
2021-12-28 10:53:47,980 - root - INFO - The image is bme.
2021-12-28 10:53:47,980 - root - INFO - Reading image header(readHeader16E)...
2021-12-28 10:53:47,981 - root - INFO - Image header was read:
2021-12-28 10:53:47,981 - root - INFO - Width: 19, Height: 24, RowLength: 38
2021-12-28 10:53:47,981 - root - INFO - datalength: 552, _step: 2
2021-12-28 10:53:47,981 - root - INFO - BPP: 16, Transparency: False
2021-12-28 10:53:47,982 - root - INFO - Resource 51 offset: 615588, length: 52...
2021-12-28 10:53:47,982 - root - DEBUG - Reading resource 51...
2021-12-28 10:53:47,982 - root - INFO - The image is bme.
2021-12-28 10:53:47,982 - root - INFO - Reading image header(readHeader16E)...
2021-12-28 10:53:47,982 - root - INFO - Image header was read:
2021-12-28 10:53:47,982 - root - INFO - Width: 7, Height: 24, RowLength: 14
2021-12-28 10:53:47,982 - root - INFO - datalength: 36, _step: 2
2021-12-28 10:53:47,982 - root - INFO - BPP: 16, Transparency: False
2021-12-28 10:53:47,982 - root - INFO - Resource 52 offset: 615640, length: 2476...
2021-12-28 10:53:47,982 - root - DEBUG - Reading resource 52...
2021-12-28 10:53:47,983 - root - INFO - The image is bme.
2021-12-28 10:53:47,983 - root - INFO - Reading image header(readHeader16E)...
2021-12-28 10:53:47,983 - root - INFO - Image header was read:
2021-12-28 10:53:47,983 - root - INFO - Width: 69, Height: 24, RowLength: 138
2021-12-28 10:53:47,983 - root - INFO - datalength: 2460, _step: 2
2021-12-28 10:53:47,983 - root - INFO - BPP: 16, Transparency: False
2021-12-28 10:53:47,988 - root - INFO - Resource 53 offset: 618116, length: 1420...
2021-12-28 10:53:47,988 - root - DEBUG - Reading resource 53...
2021-12-28 10:53:47,988 - root - INFO - The image is bme.
2021-12-28 10:53:47,988 - root - INFO - Reading image header(readHeader16E)...
2021-12-28 10:53:47,988 - root - INFO - Image header was read:
2021-12-28 10:53:47,988 - root - INFO - Width: 69, Height: 24, RowLength: 138
2021-12-28 10:53:47,988 - root - INFO - datalength: 1404, _step: 2
2021-12-28 10:53:47,988 - root - INFO - BPP: 16, Transparency: False
2021-12-28 10:53:47,991 - root - INFO - Resource 54 offset: 619536, length: 2056...
2021-12-28 10:53:47,991 - root - DEBUG - Reading resource 54...
2021-12-28 10:53:47,991 - root - INFO - The image is bme.
2021-12-28 10:53:47,991 - root - INFO - Reading image header(readHeader16E)...
2021-12-28 10:53:47,991 - root - INFO - Image header was read:
2021-12-28 10:53:47,991 - root - INFO - Width: 69, Height: 24, RowLength: 138
2021-12-28 10:53:47,991 - root - INFO - datalength: 2040, _step: 2
2021-12-28 10:53:47,991 - root - INFO - BPP: 16, Transparency: False
2021-12-28 10:53:47,995 - root - INFO - Resource 55 offset: 621592, length: 1608...
2021-12-28 10:53:47,995 - root - DEBUG - Reading resource 55...
2021-12-28 10:53:47,995 - root - INFO - The image is bme.
2021-12-28 10:53:47,995 - root - INFO - Reading image header(readHeader16E)...
2021-12-28 10:53:47,995 - root - INFO - Image header was read:
2021-12-28 10:53:47,995 - root - INFO - Width: 69, Height: 24, RowLength: 138
2021-12-28 10:53:47,995 - root - INFO - datalength: 1592, _step: 2
2021-12-28 10:53:47,995 - root - INFO - BPP: 16, Transparency: False
2021-12-28 10:53:47,998 - root - INFO - Resource 56 offset: 623200, length: 1340...
2021-12-28 10:53:47,998 - root - DEBUG - Reading resource 56...
2021-12-28 10:53:47,998 - root - INFO - The image is bme.
2021-12-28 10:53:47,998 - root - INFO - Reading image header(readHeader16E)...
2021-12-28 10:53:47,998 - root - INFO - Image header was read:
2021-12-28 10:53:47,998 - root - INFO - Width: 69, Height: 24, RowLength: 138
2021-12-28 10:53:47,999 - root - INFO - datalength: 1324, _step: 2
2021-12-28 10:53:47,999 - root - INFO - BPP: 16, Transparency: False
2021-12-28 10:53:48,001 - root - INFO - Resource 57 offset: 624540, length: 1492...
2021-12-28 10:53:48,001 - root - DEBUG - Reading resource 57...
2021-12-28 10:53:48,001 - root - INFO - The image is bme.
2021-12-28 10:53:48,001 - root - INFO - Reading image header(readHeader16E)...
2021-12-28 10:53:48,001 - root - INFO - Image header was read:
2021-12-28 10:53:48,001 - root - INFO - Width: 69, Height: 24, RowLength: 138
2021-12-28 10:53:48,001 - root - INFO - datalength: 1476, _step: 2
2021-12-28 10:53:48,001 - root - INFO - BPP: 16, Transparency: False
2021-12-28 10:53:48,006 - root - INFO - Resource 58 offset: 626032, length: 1844...
2021-12-28 10:53:48,006 - root - DEBUG - Reading resource 58...
2021-12-28 10:53:48,006 - root - INFO - The image is bme.
2021-12-28 10:53:48,006 - root - INFO - Reading image header(readHeader16E)...
2021-12-28 10:53:48,006 - root - INFO - Image header was read:
2021-12-28 10:53:48,006 - root - INFO - Width: 69, Height: 24, RowLength: 138
2021-12-28 10:53:48,006 - root - INFO - datalength: 1828, _step: 2
2021-12-28 10:53:48,006 - root - INFO - BPP: 16, Transparency: False
2021-12-28 10:53:48,011 - root - INFO - Resource 59 offset: 627876, length: 1678...
2021-12-28 10:53:48,011 - root - DEBUG - Reading resource 59...
2021-12-28 10:53:48,011 - root - INFO - The image is bme.
2021-12-28 10:53:48,011 - root - INFO - Reading image header(readHeader16E)...
2021-12-28 10:53:48,011 - root - INFO - Image header was read:
2021-12-28 10:53:48,011 - root - INFO - Width: 47, Height: 24, RowLength: 94
2021-12-28 10:53:48,011 - root - INFO - datalength: 1662, _step: 2
2021-12-28 10:53:48,012 - root - INFO - BPP: 16, Transparency: False
2021-12-28 10:53:48,014 - root - INFO - Resource 60 offset: 629554, length: 1540...
2021-12-28 10:53:48,015 - root - DEBUG - Reading resource 60...
2021-12-28 10:53:48,015 - root - INFO - The image is bme.
2021-12-28 10:53:48,015 - root - INFO - Reading image header(readHeader16E)...
2021-12-28 10:53:48,015 - root - INFO - Image header was read:
2021-12-28 10:53:48,015 - root - INFO - Width: 47, Height: 24, RowLength: 94
2021-12-28 10:53:48,015 - root - INFO - datalength: 1524, _step: 2
2021-12-28 10:53:48,015 - root - INFO - BPP: 16, Transparency: False
2021-12-28 10:53:48,018 - root - DEBUG - Parsing parameters...
2021-12-28 10:53:48,114 - root - DEBUG - 0 Value: None
2021-12-28 10:53:48,114 - root - DEBUG - 0.1 Value: 71
2021-12-28 10:53:48,114 - root - DEBUG - 2 Value: None
2021-12-28 10:53:48,114 - root - DEBUG - 2.2 Value: 0
2021-12-28 10:53:48,114 - root - DEBUG - 2.3 Value: None
2021-12-28 10:53:48,114 - root - DEBUG - 2.3.1 Value: 0
2021-12-28 10:53:48,114 - root - DEBUG - 2.3.2 Value: 0
2021-12-28 10:53:48,114 - root - DEBUG - 2.3.3 Value: 0
2021-12-28 10:53:48,115 - root - DEBUG - 2.4 Value: None
2021-12-28 10:53:48,115 - root - DEBUG - 2.4.1 Value: 0
2021-12-28 10:53:48,115 - root - DEBUG - 2.4.2 Value: 0
2021-12-28 10:53:48,115 - root - DEBUG - 2.4.3 Value: 0
2021-12-28 10:53:48,115 - root - DEBUG - 2.5 Value: None
2021-12-28 10:53:48,115 - root - DEBUG - 2.5.1 Value: 0
2021-12-28 10:53:48,115 - root - DEBUG - 2.5.2 Value: 0
2021-12-28 10:53:48,115 - root - DEBUG - 2.5.3 Value: 0
2021-12-28 10:53:48,115 - root - DEBUG - 3 Value: None
2021-12-28 10:53:48,115 - root - DEBUG - 3.1 Value: None
2021-12-28 10:53:48,115 - root - DEBUG - 3.1.1 Value: None
2021-12-28 10:53:48,115 - root - DEBUG - 3.1.1.1 Value: None
2021-12-28 10:53:48,115 - root - DEBUG - 3.1.1.1.1 Value: 46
2021-12-28 10:53:48,116 - root - DEBUG - 3.1.1.1.2 Value: 20
2021-12-28 10:53:48,116 - root - DEBUG - 3.1.1.1.3 Value: 1
2021-12-28 10:53:48,116 - root - DEBUG - 3.1.1.1.4 Value: 10
2021-12-28 10:53:48,116 - root - DEBUG - 3.1.1.2 Value: None
2021-12-28 10:53:48,116 - root - DEBUG - 3.1.1.2.1 Value: 156
2021-12-28 10:53:48,116 - root - DEBUG - 3.1.1.2.2 Value: 20
2021-12-28 10:53:48,116 - root - DEBUG - 3.1.1.2.3 Value: 11
2021-12-28 10:53:48,116 - root - DEBUG - 3.1.1.2.4 Value: 10
2021-12-28 10:53:48,116 - root - DEBUG - 3.1.2 Value: None
2021-12-28 10:53:48,116 - root - DEBUG - 3.1.2.1 Value: None
2021-12-28 10:53:48,116 - root - DEBUG - 3.1.2.1.1 Value: 46
2021-12-28 10:53:48,116 - root - DEBUG - 3.1.2.1.2 Value: 185
2021-12-28 10:53:48,117 - root - DEBUG - 3.1.2.1.3 Value: 21
2021-12-28 10:53:48,117 - root - DEBUG - 3.1.2.1.4 Value: 10
2021-12-28 10:53:48,117 - root - DEBUG - 3.1.2.2 Value: None
2021-12-28 10:53:48,117 - root - DEBUG - 3.1.2.2.1 Value: 156
2021-12-28 10:53:48,117 - root - DEBUG - 3.1.2.2.2 Value: 185
2021-12-28 10:53:48,117 - root - DEBUG - 3.1.2.2.3 Value: 31
2021-12-28 10:53:48,117 - root - DEBUG - 3.1.2.2.4 Value: 10
2021-12-28 10:53:48,117 - root - DEBUG - 3.1.7 Value: 0
2021-12-28 10:53:48,117 - root - DEBUG - 3.1.8 Value: 1
2021-12-28 10:53:48,117 - root - DEBUG - 5 Value: None
2021-12-28 10:53:48,117 - root - DEBUG - 5.1 Value: None
2021-12-28 10:53:48,117 - root - DEBUG - 5.1.2 Value: None
2021-12-28 10:53:48,118 - root - DEBUG - 5.1.2.1 Value: None
2021-12-28 10:53:48,118 - root - DEBUG - 5.1.2.1.1 Value: 183
2021-12-28 10:53:48,118 - root - DEBUG - 5.1.2.1.2 Value: 148
2021-12-28 10:53:48,118 - root - DEBUG - 5.1.2.1.3 Value: 258
2021-12-28 10:53:48,118 - root - DEBUG - 5.1.2.1.4 Value: 172
2021-12-28 10:53:48,118 - root - DEBUG - 5.1.2.1.5 Value: 18
2021-12-28 10:53:48,118 - root - DEBUG - 5.1.2.1.6 Value: 0
2021-12-28 10:53:48,118 - root - DEBUG - 5.1.2.1.7 Value: 0
2021-12-28 10:53:48,118 - root - DEBUG - 5.1.2.1.8 Value: 41
2021-12-28 10:53:48,118 - root - DEBUG - 5.1.2.1.9 Value: 10
2021-12-28 10:53:48,118 - root - DEBUG - 5.1.2.2 Value: 51
2021-12-28 10:53:48,119 - root - DEBUG - 5.1.4 Value: 1
2021-12-28 10:53:48,119 - root - DEBUG - 5.1.5 Value: 1
2021-12-28 10:53:48,120 - root - DEBUG - 5.1.6 Value: 0
2021-12-28 10:53:48,120 - root - DEBUG - 5.2 Value: None
2021-12-28 10:53:48,120 - root - DEBUG - 5.2.1 Value: 121
2021-12-28 10:53:48,120 - root - DEBUG - 5.2.2 Value: 148
2021-12-28 10:53:48,120 - root - DEBUG - 5.2.3 Value: 59
2021-12-28 10:53:48,121 - root - DEBUG - 5.2.4 Value: 60
2021-12-28 10:53:48,121 - root - DEBUG - 5.2.5 Value: 59
2021-12-28 10:53:48,121 - root - DEBUG - 5.2.6 Value: 60
2021-12-28 10:53:48,123 - root - DEBUG - 5.4 Value: None
2021-12-28 10:53:48,123 - root - DEBUG - 5.4.1 Value: 42
2021-12-28 10:53:48,123 - root - DEBUG - 5.4.2 Value: 148
2021-12-28 10:53:48,123 - root - DEBUG - 5.4.3 Value: 52
2021-12-28 10:53:48,123 - root - DEBUG - 5.4.4 Value: 7
2021-12-28 10:53:48,123 - root - DEBUG - 0-Info
2021-12-28 10:53:48,124 - root - DEBUG - 0.1-DeviceId
2021-12-28 10:53:48,124 - root - DEBUG - 2-Background
2021-12-28 10:53:48,124 - root - DEBUG - 2.2-BackgroundColor
2021-12-28 10:53:48,124 - root - DEBUG - 2.3-Preview
2021-12-28 10:53:48,125 - root - DEBUG - 2.3.1-X
2021-12-28 10:53:48,125 - root - DEBUG - 2.3.2-Y
2021-12-28 10:53:48,125 - root - DEBUG - 2.3.3-ImageIndex
2021-12-28 10:53:48,125 - root - DEBUG - 2.4-PreviewKorean
2021-12-28 10:53:48,126 - root - DEBUG - 2.4.1-X
2021-12-28 10:53:48,127 - root - DEBUG - 2.4.2-Y
2021-12-28 10:53:48,128 - root - DEBUG - 2.4.3-ImageIndex
2021-12-28 10:53:48,129 - root - DEBUG - 2.5-PreviewChinese
2021-12-28 10:53:48,129 - root - DEBUG - 2.5.1-X
2021-12-28 10:53:48,129 - root - DEBUG - 2.5.2-Y
2021-12-28 10:53:48,129 - root - DEBUG - 2.5.3-ImageIndex
2021-12-28 10:53:48,130 - root - DEBUG - 3-TimeExtended
2021-12-28 10:53:48,130 - root - DEBUG - 3.1-TimeSeparateDigits
2021-12-28 10:53:48,130 - root - DEBUG - 3.1.1-Hours
2021-12-28 10:53:48,130 - root - DEBUG - 3.1.1.1-Tens
2021-12-28 10:53:48,130 - root - DEBUG - 3.1.1.1.1-X
2021-12-28 10:53:48,130 - root - DEBUG - 3.1.1.1.2-Y
2021-12-28 10:53:48,130 - root - DEBUG - 3.1.1.1.3-ImageIndex
2021-12-28 10:53:48,130 - root - DEBUG - 3.1.1.1.4-ImagesCount
2021-12-28 10:53:48,131 - root - DEBUG - 3.1.1.2-Ones
2021-12-28 10:53:48,131 - root - DEBUG - 3.1.1.2.1-X
2021-12-28 10:53:48,131 - root - DEBUG - 3.1.1.2.2-Y
2021-12-28 10:53:48,131 - root - DEBUG - 3.1.1.2.3-ImageIndex
2021-12-28 10:53:48,131 - root - DEBUG - 3.1.1.2.4-ImagesCount
2021-12-28 10:53:48,131 - root - DEBUG - 3.1.2-Minutes
2021-12-28 10:53:48,131 - root - DEBUG - 3.1.2.1-Tens
2021-12-28 10:53:48,131 - root - DEBUG - 3.1.2.1.1-X
2021-12-28 10:53:48,131 - root - DEBUG - 3.1.2.1.2-Y
2021-12-28 10:53:48,132 - root - DEBUG - 3.1.2.1.3-ImageIndex
2021-12-28 10:53:48,132 - root - DEBUG - 3.1.2.1.4-ImagesCount
2021-12-28 10:53:48,132 - root - DEBUG - 3.1.2.2-Ones
2021-12-28 10:53:48,132 - root - DEBUG - 3.1.2.2.1-X
2021-12-28 10:53:48,132 - root - DEBUG - 3.1.2.2.2-Y
2021-12-28 10:53:48,132 - root - DEBUG - 3.1.2.2.3-ImageIndex
2021-12-28 10:53:48,132 - root - DEBUG - 3.1.2.2.4-ImagesCount
2021-12-28 10:53:48,132 - root - DEBUG - 3.1.7-PaddingZeroHours
2021-12-28 10:53:48,132 - root - DEBUG - 3.1.8-PaddingZeroMinutes
2021-12-28 10:53:48,133 - root - DEBUG - 5-DateBlock
2021-12-28 10:53:48,133 - root - DEBUG - 5.1-Date
2021-12-28 10:53:48,133 - root - DEBUG - 5.1.2-OneLineMonthAndDay
2021-12-28 10:53:48,133 - root - DEBUG - 5.1.2.1-Number
2021-12-28 10:53:48,133 - root - DEBUG - 5.1.2.1.1-TopLeftX
2021-12-28 10:53:48,133 - root - DEBUG - 5.1.2.1.2-TopLeftY
2021-12-28 10:53:48,133 - root - DEBUG - 5.1.2.1.3-BottomRightX
2021-12-28 10:53:48,133 - root - DEBUG - 5.1.2.1.4-BottomRightY
2021-12-28 10:53:48,133 - root - DEBUG - 5.1.2.1.5-Alignment
2021-12-28 10:53:48,134 - root - DEBUG - 5.1.2.1.6-Spacing
2021-12-28 10:53:48,134 - root - DEBUG - 5.1.2.1.7-VerticalOffset
2021-12-28 10:53:48,134 - root - DEBUG - 5.1.2.1.8-ImageIndex
2021-12-28 10:53:48,134 - root - DEBUG - 5.1.2.1.9-ImagesCount
2021-12-28 10:53:48,134 - root - DEBUG - 5.1.2.2-DelimiterImageIndex
2021-12-28 10:53:48,134 - root - DEBUG - 5.1.4-PaddingZeroMonth
2021-12-28 10:53:48,134 - root - DEBUG - 5.1.5-PaddingZeroDay
2021-12-28 10:53:48,134 - root - DEBUG - 5.1.6-Unknown6
2021-12-28 10:53:48,134 - root - DEBUG - 5.2-AmPm
2021-12-28 10:53:48,135 - root - DEBUG - 5.2.1-CommonX
2021-12-28 10:53:48,135 - root - DEBUG - 5.2.2-CommonY
2021-12-28 10:53:48,135 - root - DEBUG - 5.2.3-ImageIndexAMCN
2021-12-28 10:53:48,135 - root - DEBUG - 5.2.4-ImageIndexPMCN
2021-12-28 10:53:48,135 - root - DEBUG - 5.2.5-AmImageIndexEN
2021-12-28 10:53:48,135 - root - DEBUG - 5.2.6-PmImageIndexEN
2021-12-28 10:53:48,135 - root - DEBUG - 5.4-Weekday
2021-12-28 10:53:48,136 - root - DEBUG - 5.4.1-X
2021-12-28 10:53:48,136 - root - DEBUG - 5.4.2-Y
2021-12-28 10:53:48,136 - root - DEBUG - 5.4.3-ImageIndex
2021-12-28 10:53:48,136 - root - DEBUG - 5.4.4-ImagesCount
2021-12-28 10:53:48,136 - root - DEBUG - generatePreviews
2021-12-28 10:53:48,136 - root - DEBUG - Generating previews...
2021-12-28 10:53:48,141 - root - DEBUG - Generating states done...
2021-12-28 10:53:48,148 - root - DEBUG - >>>>>>>>>>>> 0 <watchFaceParser.models.parameter.Parameter object at 0x000001C10842E8C8>
2021-12-28 10:53:48,148 - root - DEBUG - >>>>>>>>>>>> 2 <watchFaceParser.models.parameter.Parameter object at 0x000001C108423C48>
2021-12-28 10:53:48,150 - root - DEBUG - >>>>>>>>>>>> 3 <watchFaceParser.models.parameter.Parameter object at 0x000001C108423748>
2021-12-28 10:53:48,160 - root - DEBUG - >>>>>>>>>>>> 5 <watchFaceParser.models.parameter.Parameter object at 0x000001C10842EA88>
2021-12-28 10:53:48,181 - root - DEBUG - Generating static preview gen done...
2021-12-28 10:53:48,238 - root - DEBUG - Generating static preview save done...
2021-12-28 10:53:48,238 - root - DEBUG - Generating anim preview gen done...
2021-12-28 10:53:48,238 - root - DEBUG - >>>>>>>>>>>> 0 <watchFaceParser.models.parameter.Parameter object at 0x000001C10842E8C8>
2021-12-28 10:53:48,238 - root - DEBUG - >>>>>>>>>>>> 2 <watchFaceParser.models.parameter.Parameter object at 0x000001C108423C48>
2021-12-28 10:53:48,239 - root - DEBUG - >>>>>>>>>>>> 3 <watchFaceParser.models.parameter.Parameter object at 0x000001C108423748>
2021-12-28 10:53:48,239 - root - DEBUG - >>>>>>>>>>>> 5 <watchFaceParser.models.parameter.Parameter object at 0x000001C10842EA88>
2021-12-28 10:53:48,335 - root - DEBUG - generatePreviews done
2021-12-28 10:53:48,335 - root - DEBUG - Exporting resources to 'E:\Codez\zepp-bipupro-wf\16a34608a37160b51378c979af7a6a5d'
2021-12-28 10:53:48,344 - root - DEBUG - extracting E:\Codez\zepp-bipupro-wf\16a34608a37160b51378c979af7a6a5d\0000.png...
2021-12-28 10:53:48,354 - root - DEBUG - extracting E:\Codez\zepp-bipupro-wf\16a34608a37160b51378c979af7a6a5d\0001.png...
2021-12-28 10:53:48,357 - root - DEBUG - extracting E:\Codez\zepp-bipupro-wf\16a34608a37160b51378c979af7a6a5d\0002.png...
2021-12-28 10:53:48,359 - root - DEBUG - extracting E:\Codez\zepp-bipupro-wf\16a34608a37160b51378c979af7a6a5d\0003.png...
2021-12-28 10:53:48,361 - root - DEBUG - extracting E:\Codez\zepp-bipupro-wf\16a34608a37160b51378c979af7a6a5d\0004.png...
2021-12-28 10:53:48,363 - root - DEBUG - extracting E:\Codez\zepp-bipupro-wf\16a34608a37160b51378c979af7a6a5d\0005.png...
2021-12-28 10:53:48,365 - root - DEBUG - extracting E:\Codez\zepp-bipupro-wf\16a34608a37160b51378c979af7a6a5d\0006.png...
2021-12-28 10:53:48,368 - root - DEBUG - extracting E:\Codez\zepp-bipupro-wf\16a34608a37160b51378c979af7a6a5d\0007.png...
2021-12-28 10:53:48,371 - root - DEBUG - extracting E:\Codez\zepp-bipupro-wf\16a34608a37160b51378c979af7a6a5d\0008.png...
2021-12-28 10:53:48,373 - root - DEBUG - extracting E:\Codez\zepp-bipupro-wf\16a34608a37160b51378c979af7a6a5d\0009.png...
2021-12-28 10:53:48,375 - root - DEBUG - extracting E:\Codez\zepp-bipupro-wf\16a34608a37160b51378c979af7a6a5d\0010.png...
2021-12-28 10:53:48,377 - root - DEBUG - extracting E:\Codez\zepp-bipupro-wf\16a34608a37160b51378c979af7a6a5d\0011.png...
2021-12-28 10:53:48,380 - root - DEBUG - extracting E:\Codez\zepp-bipupro-wf\16a34608a37160b51378c979af7a6a5d\0012.png...
2021-12-28 10:53:48,382 - root - DEBUG - extracting E:\Codez\zepp-bipupro-wf\16a34608a37160b51378c979af7a6a5d\0013.png...
2021-12-28 10:53:48,384 - root - DEBUG - extracting E:\Codez\zepp-bipupro-wf\16a34608a37160b51378c979af7a6a5d\0014.png...
2021-12-28 10:53:48,387 - root - DEBUG - extracting E:\Codez\zepp-bipupro-wf\16a34608a37160b51378c979af7a6a5d\0015.png...
2021-12-28 10:53:48,389 - root - DEBUG - extracting E:\Codez\zepp-bipupro-wf\16a34608a37160b51378c979af7a6a5d\0016.png...
2021-12-28 10:53:48,392 - root - DEBUG - extracting E:\Codez\zepp-bipupro-wf\16a34608a37160b51378c979af7a6a5d\0017.png...
2021-12-28 10:53:48,394 - root - DEBUG - extracting E:\Codez\zepp-bipupro-wf\16a34608a37160b51378c979af7a6a5d\0018.png...
2021-12-28 10:53:48,397 - root - DEBUG - extracting E:\Codez\zepp-bipupro-wf\16a34608a37160b51378c979af7a6a5d\0019.png...
2021-12-28 10:53:48,399 - root - DEBUG - extracting E:\Codez\zepp-bipupro-wf\16a34608a37160b51378c979af7a6a5d\0020.png...
2021-12-28 10:53:48,402 - root - DEBUG - extracting E:\Codez\zepp-bipupro-wf\16a34608a37160b51378c979af7a6a5d\0021.png...
2021-12-28 10:53:48,405 - root - DEBUG - extracting E:\Codez\zepp-bipupro-wf\16a34608a37160b51378c979af7a6a5d\0022.png...
2021-12-28 10:53:48,407 - root - DEBUG - extracting E:\Codez\zepp-bipupro-wf\16a34608a37160b51378c979af7a6a5d\0023.png...
2021-12-28 10:53:48,410 - root - DEBUG - extracting E:\Codez\zepp-bipupro-wf\16a34608a37160b51378c979af7a6a5d\0024.png...
2021-12-28 10:53:48,413 - root - DEBUG - extracting E:\Codez\zepp-bipupro-wf\16a34608a37160b51378c979af7a6a5d\0025.png...
2021-12-28 10:53:48,415 - root - DEBUG - extracting E:\Codez\zepp-bipupro-wf\16a34608a37160b51378c979af7a6a5d\0026.png...
2021-12-28 10:53:48,418 - root - DEBUG - extracting E:\Codez\zepp-bipupro-wf\16a34608a37160b51378c979af7a6a5d\0027.png...
2021-12-28 10:53:48,422 - root - DEBUG - extracting E:\Codez\zepp-bipupro-wf\16a34608a37160b51378c979af7a6a5d\0028.png...
2021-12-28 10:53:48,425 - root - DEBUG - extracting E:\Codez\zepp-bipupro-wf\16a34608a37160b51378c979af7a6a5d\0029.png...
2021-12-28 10:53:48,428 - root - DEBUG - extracting E:\Codez\zepp-bipupro-wf\16a34608a37160b51378c979af7a6a5d\0030.png...
2021-12-28 10:53:48,431 - root - DEBUG - extracting E:\Codez\zepp-bipupro-wf\16a34608a37160b51378c979af7a6a5d\0031.png...
2021-12-28 10:53:48,433 - root - DEBUG - extracting E:\Codez\zepp-bipupro-wf\16a34608a37160b51378c979af7a6a5d\0032.png...
2021-12-28 10:53:48,437 - root - DEBUG - extracting E:\Codez\zepp-bipupro-wf\16a34608a37160b51378c979af7a6a5d\0033.png...
2021-12-28 10:53:48,440 - root - DEBUG - extracting E:\Codez\zepp-bipupro-wf\16a34608a37160b51378c979af7a6a5d\0034.png...
2021-12-28 10:53:48,443 - root - DEBUG - extracting E:\Codez\zepp-bipupro-wf\16a34608a37160b51378c979af7a6a5d\0035.png...
2021-12-28 10:53:48,446 - root - DEBUG - extracting E:\Codez\zepp-bipupro-wf\16a34608a37160b51378c979af7a6a5d\0036.png...
2021-12-28 10:53:48,449 - root - DEBUG - extracting E:\Codez\zepp-bipupro-wf\16a34608a37160b51378c979af7a6a5d\0037.png...
2021-12-28 10:53:48,452 - root - DEBUG - extracting E:\Codez\zepp-bipupro-wf\16a34608a37160b51378c979af7a6a5d\0038.png...
2021-12-28 10:53:48,455 - root - DEBUG - extracting E:\Codez\zepp-bipupro-wf\16a34608a37160b51378c979af7a6a5d\0039.png...
2021-12-28 10:53:48,458 - root - DEBUG - extracting E:\Codez\zepp-bipupro-wf\16a34608a37160b51378c979af7a6a5d\0040.png...
2021-12-28 10:53:48,461 - root - DEBUG - extracting E:\Codez\zepp-bipupro-wf\16a34608a37160b51378c979af7a6a5d\0041.png...
2021-12-28 10:53:48,461 - root - DEBUG - extracting E:\Codez\zepp-bipupro-wf\16a34608a37160b51378c979af7a6a5d\0042.png...
2021-12-28 10:53:48,462 - root - DEBUG - extracting E:\Codez\zepp-bipupro-wf\16a34608a37160b51378c979af7a6a5d\0043.png...
2021-12-28 10:53:48,463 - root - DEBUG - extracting E:\Codez\zepp-bipupro-wf\16a34608a37160b51378c979af7a6a5d\0044.png...
2021-12-28 10:53:48,464 - root - DEBUG - extracting E:\Codez\zepp-bipupro-wf\16a34608a37160b51378c979af7a6a5d\0045.png...
2021-12-28 10:53:48,464 - root - DEBUG - extracting E:\Codez\zepp-bipupro-wf\16a34608a37160b51378c979af7a6a5d\0046.png...
2021-12-28 10:53:48,465 - root - DEBUG - extracting E:\Codez\zepp-bipupro-wf\16a34608a37160b51378c979af7a6a5d\0047.png...
2021-12-28 10:53:48,466 - root - DEBUG - extracting E:\Codez\zepp-bipupro-wf\16a34608a37160b51378c979af7a6a5d\0048.png...
2021-12-28 10:53:48,466 - root - DEBUG - extracting E:\Codez\zepp-bipupro-wf\16a34608a37160b51378c979af7a6a5d\0049.png...
2021-12-28 10:53:48,467 - root - DEBUG - extracting E:\Codez\zepp-bipupro-wf\16a34608a37160b51378c979af7a6a5d\0050.png...
2021-12-28 10:53:48,468 - root - DEBUG - extracting E:\Codez\zepp-bipupro-wf\16a34608a37160b51378c979af7a6a5d\0051.png...
2021-12-28 10:53:48,469 - root - DEBUG - extracting E:\Codez\zepp-bipupro-wf\16a34608a37160b51378c979af7a6a5d\0052.png...
2021-12-28 10:53:48,470 - root - DEBUG - extracting E:\Codez\zepp-bipupro-wf\16a34608a37160b51378c979af7a6a5d\0053.png...
2021-12-28 10:53:48,471 - root - DEBUG - extracting E:\Codez\zepp-bipupro-wf\16a34608a37160b51378c979af7a6a5d\0054.png...
2021-12-28 10:53:48,472 - root - DEBUG - extracting E:\Codez\zepp-bipupro-wf\16a34608a37160b51378c979af7a6a5d\0055.png...
2021-12-28 10:53:48,473 - root - DEBUG - extracting E:\Codez\zepp-bipupro-wf\16a34608a37160b51378c979af7a6a5d\0056.png...
2021-12-28 10:53:48,474 - root - DEBUG - extracting E:\Codez\zepp-bipupro-wf\16a34608a37160b51378c979af7a6a5d\0057.png...
2021-12-28 10:53:48,475 - root - DEBUG - extracting E:\Codez\zepp-bipupro-wf\16a34608a37160b51378c979af7a6a5d\0058.png...
2021-12-28 10:53:48,476 - root - DEBUG - extracting E:\Codez\zepp-bipupro-wf\16a34608a37160b51378c979af7a6a5d\0059.png...
2021-12-28 10:53:48,476 - root - DEBUG - extracting E:\Codez\zepp-bipupro-wf\16a34608a37160b51378c979af7a6a5d\0060.png...
2021-12-28 10:53:48,477 - root - DEBUG - Exporting config...
