2023-07-09 18:43:02,244 - root - DEBUG - Opening watch face 'E:\Codez\zepp-bipupro-wf\edf234a30cc44f64edb820d242bc0dd2.bin'
2023-07-09 18:43:02,259 - root - DEBUG - Reading parameters...
2023-07-09 18:43:02,259 - root - INFO - Reading header...
2023-07-09 18:43:02,261 - root - INFO - Header was read:
2023-07-09 18:43:02,261 - root - INFO - Signature: b'UIHH\x01\x00\xff', Unknown: 54, ParametersSize: 18, isValid: True, deviceId: 71
2023-07-09 18:43:02,261 - root - INFO - Reading parameter offsets...
2023-07-09 18:43:02,261 - root - INFO - Parameter offsets were read from file
2023-07-09 18:43:02,261 - root - INFO - Reading parameters descriptor...
2023-07-09 18:43:02,261 - root - INFO - 1 ( A): 4 bytes
2023-07-09 18:43:02,261 - root - INFO -     1 ( 8): 84 54
2023-07-09 18:43:02,261 - root - INFO -     2 (10): 41 29
2023-07-09 18:43:02,261 - root - INFO - getParameters descriptor was read:
2023-07-09 18:43:02,262 - root - INFO - ParametersTableLength: 84, ImagesCount: 41
2023-07-09 18:43:02,262 - root - INFO - Reading parameters locations...
2023-07-09 18:43:02,262 - root - INFO - 2 (12): 4 bytes
2023-07-09 18:43:02,262 - root - INFO -     1 ( 8): 0  0
2023-07-09 18:43:02,262 - root - INFO -     2 (10): 30 1E
2023-07-09 18:43:02,262 - root - INFO - 3 (1A): 4 bytes
2023-07-09 18:43:02,262 - root - INFO -     1 ( 8): 30 1E
2023-07-09 18:43:02,263 - root - INFO -     2 (10): 54 36
2023-07-09 18:43:02,263 - root - INFO - Watch face parameters locations were read:
2023-07-09 18:43:02,264 - root - INFO - Reading descriptor for parameter 2
2023-07-09 18:43:02,264 - root - INFO - Descriptor offset: 0, Descriptor length: 30
2023-07-09 18:43:02,264 - root - INFO - Parsing descriptor for parameter 2...
2023-07-09 18:43:02,264 - root - INFO - 2 (10): 4278190080 FF000000
2023-07-09 18:43:02,264 - root - INFO - 3 (1A): 6 bytes
2023-07-09 18:43:02,265 - root - INFO -     1 ( 8): 0  0
2023-07-09 18:43:02,265 - root - INFO -     2 (10): 0  0
2023-07-09 18:43:02,265 - root - INFO -     3 (18): 0  0
2023-07-09 18:43:02,265 - root - INFO - 4 (22): 6 bytes
2023-07-09 18:43:02,265 - root - INFO -     1 ( 8): 0  0
2023-07-09 18:43:02,265 - root - INFO -     2 (10): 0  0
2023-07-09 18:43:02,265 - root - INFO -     3 (18): 0  0
2023-07-09 18:43:02,266 - root - INFO - 5 (2A): 6 bytes
2023-07-09 18:43:02,266 - root - INFO -     1 ( 8): 0  0
2023-07-09 18:43:02,266 - root - INFO -     2 (10): 0  0
2023-07-09 18:43:02,266 - root - INFO -     3 (18): 0  0
2023-07-09 18:43:02,267 - root - INFO - Reading descriptor for parameter 3
2023-07-09 18:43:02,267 - root - INFO - Descriptor offset: 30, Descriptor length: 54
2023-07-09 18:43:02,267 - root - INFO - Parsing descriptor for parameter 3...
2023-07-09 18:43:02,267 - root - INFO - 1 ( A): 52 bytes
2023-07-09 18:43:02,267 - root - INFO -     1 ( A): 21 bytes
2023-07-09 18:43:02,267 - root - INFO -         1 ( A): 8 bytes
2023-07-09 18:43:02,267 - root - INFO -             1 ( 8): 25 19
2023-07-09 18:43:02,268 - root - INFO -             2 (10): 20 14
2023-07-09 18:43:02,268 - root - INFO -             3 (18): 1  1
2023-07-09 18:43:02,268 - root - INFO -             4 (20): 10  A
2023-07-09 18:43:02,268 - root - INFO -         2 (12): 9 bytes
2023-07-09 18:43:02,268 - root - INFO -             1 ( 8): 156 9C
2023-07-09 18:43:02,268 - root - INFO -             2 (10): 20 14
2023-07-09 18:43:02,268 - root - INFO -             3 (18): 11  B
2023-07-09 18:43:02,269 - root - INFO -             4 (20): 10  A
2023-07-09 18:43:02,269 - root - INFO -     2 (12): 23 bytes
2023-07-09 18:43:02,269 - root - INFO -         1 ( A): 9 bytes
2023-07-09 18:43:02,269 - root - INFO -             1 ( 8): 25 19
2023-07-09 18:43:02,269 - root - INFO -             2 (10): 170 AA
2023-07-09 18:43:02,269 - root - INFO -             3 (18): 21 15
2023-07-09 18:43:02,269 - root - INFO -             4 (20): 10  A
2023-07-09 18:43:02,270 - root - INFO -         2 (12): 10 bytes
2023-07-09 18:43:02,270 - root - INFO -             1 ( 8): 156 9C
2023-07-09 18:43:02,270 - root - INFO -             2 (10): 170 AA
2023-07-09 18:43:02,270 - root - INFO -             3 (18): 31 1F
2023-07-09 18:43:02,270 - root - INFO -             4 (20): 10  A
2023-07-09 18:43:02,270 - root - INFO -     7 (38): 0  0
2023-07-09 18:43:02,270 - root - INFO -     8 (40): 1  1
2023-07-09 18:43:02,277 - root - INFO - Reading resources offsets table with 41 elements (164 bytes)
2023-07-09 18:43:02,277 - root - INFO - Resource 0 offset: 353, length: 86556...
2023-07-09 18:43:02,277 - root - DEBUG - Reading resource 0...
2023-07-09 18:43:02,358 - root - INFO - The image is bme.
2023-07-09 18:43:02,359 - root - INFO - Reading image header(readHeader16E)...
2023-07-09 18:43:02,359 - root - INFO - Image header was read:
2023-07-09 18:43:02,359 - root - INFO - Width: 202, Height: 214, RowLength: 404
2023-07-09 18:43:02,359 - root - INFO - datalength: 86540, _step: 2
2023-07-09 18:43:02,359 - root - INFO - BPP: 16, Transparency: False
2023-07-09 18:43:02,657 - root - INFO - Resource 1 offset: 86909, length: 25058...
2023-07-09 18:43:02,657 - root - DEBUG - Reading resource 1...
2023-07-09 18:43:02,657 - root - INFO - The image is bme.
2023-07-09 18:43:02,657 - root - INFO - Reading image header(readHeader16E)...
2023-07-09 18:43:02,657 - root - INFO - Image header was read:
2023-07-09 18:43:02,657 - root - INFO - Width: 121, Height: 130, RowLength: 242
2023-07-09 18:43:02,657 - root - INFO - datalength: 25042, _step: 2
2023-07-09 18:43:02,658 - root - INFO - BPP: 16, Transparency: False
2023-07-09 18:43:02,743 - root - INFO - Resource 2 offset: 111967, length: 20186...
2023-07-09 18:43:02,743 - root - DEBUG - Reading resource 2...
2023-07-09 18:43:02,743 - root - INFO - The image is bme.
2023-07-09 18:43:02,744 - root - INFO - Reading image header(readHeader16E)...
2023-07-09 18:43:02,744 - root - INFO - Image header was read:
2023-07-09 18:43:02,744 - root - INFO - Width: 121, Height: 130, RowLength: 242
2023-07-09 18:43:02,744 - root - INFO - datalength: 20170, _step: 2
2023-07-09 18:43:02,744 - root - INFO - BPP: 16, Transparency: False
2023-07-09 18:43:02,811 - root - INFO - Resource 3 offset: 132153, length: 24008...
2023-07-09 18:43:02,812 - root - DEBUG - Reading resource 3...
2023-07-09 18:43:02,812 - root - INFO - The image is bme.
2023-07-09 18:43:02,812 - root - INFO - Reading image header(readHeader16E)...
2023-07-09 18:43:02,812 - root - INFO - Image header was read:
2023-07-09 18:43:02,812 - root - INFO - Width: 121, Height: 130, RowLength: 242
2023-07-09 18:43:02,812 - root - INFO - datalength: 23992, _step: 2
2023-07-09 18:43:02,812 - root - INFO - BPP: 16, Transparency: False
2023-07-09 18:43:02,896 - root - INFO - Resource 4 offset: 156161, length: 22278...
2023-07-09 18:43:02,896 - root - DEBUG - Reading resource 4...
2023-07-09 18:43:02,896 - root - INFO - The image is bme.
2023-07-09 18:43:02,896 - root - INFO - Reading image header(readHeader16E)...
2023-07-09 18:43:02,896 - root - INFO - Image header was read:
2023-07-09 18:43:02,896 - root - INFO - Width: 121, Height: 130, RowLength: 242
2023-07-09 18:43:02,896 - root - INFO - datalength: 22262, _step: 2
2023-07-09 18:43:02,896 - root - INFO - BPP: 16, Transparency: False
2023-07-09 18:43:02,972 - root - INFO - Resource 5 offset: 178439, length: 22192...
2023-07-09 18:43:02,973 - root - DEBUG - Reading resource 5...
2023-07-09 18:43:02,973 - root - INFO - The image is bme.
2023-07-09 18:43:02,973 - root - INFO - Reading image header(readHeader16E)...
2023-07-09 18:43:02,973 - root - INFO - Image header was read:
2023-07-09 18:43:02,973 - root - INFO - Width: 121, Height: 130, RowLength: 242
2023-07-09 18:43:02,973 - root - INFO - datalength: 22176, _step: 2
2023-07-09 18:43:02,973 - root - INFO - BPP: 16, Transparency: False
2023-07-09 18:43:03,048 - root - INFO - Resource 6 offset: 200631, length: 23752...
2023-07-09 18:43:03,048 - root - DEBUG - Reading resource 6...
2023-07-09 18:43:03,048 - root - INFO - The image is bme.
2023-07-09 18:43:03,049 - root - INFO - Reading image header(readHeader16E)...
2023-07-09 18:43:03,049 - root - INFO - Image header was read:
2023-07-09 18:43:03,049 - root - INFO - Width: 121, Height: 130, RowLength: 242
2023-07-09 18:43:03,049 - root - INFO - datalength: 23736, _step: 2
2023-07-09 18:43:03,049 - root - INFO - BPP: 16, Transparency: False
2023-07-09 18:43:03,129 - root - INFO - Resource 7 offset: 224383, length: 22674...
2023-07-09 18:43:03,129 - root - DEBUG - Reading resource 7...
2023-07-09 18:43:03,129 - root - INFO - The image is bme.
2023-07-09 18:43:03,129 - root - INFO - Reading image header(readHeader16E)...
2023-07-09 18:43:03,130 - root - INFO - Image header was read:
2023-07-09 18:43:03,130 - root - INFO - Width: 121, Height: 130, RowLength: 242
2023-07-09 18:43:03,130 - root - INFO - datalength: 22658, _step: 2
2023-07-09 18:43:03,130 - root - INFO - BPP: 16, Transparency: False
2023-07-09 18:43:03,206 - root - INFO - Resource 8 offset: 247057, length: 20154...
2023-07-09 18:43:03,206 - root - DEBUG - Reading resource 8...
2023-07-09 18:43:03,207 - root - INFO - The image is bme.
2023-07-09 18:43:03,207 - root - INFO - Reading image header(readHeader16E)...
2023-07-09 18:43:03,207 - root - INFO - Image header was read:
2023-07-09 18:43:03,207 - root - INFO - Width: 121, Height: 130, RowLength: 242
2023-07-09 18:43:03,207 - root - INFO - datalength: 20138, _step: 2
2023-07-09 18:43:03,207 - root - INFO - BPP: 16, Transparency: False
2023-07-09 18:43:03,281 - root - INFO - Resource 9 offset: 267211, length: 22510...
2023-07-09 18:43:03,281 - root - DEBUG - Reading resource 9...
2023-07-09 18:43:03,281 - root - INFO - The image is bme.
2023-07-09 18:43:03,281 - root - INFO - Reading image header(readHeader16E)...
2023-07-09 18:43:03,281 - root - INFO - Image header was read:
2023-07-09 18:43:03,281 - root - INFO - Width: 121, Height: 130, RowLength: 242
2023-07-09 18:43:03,282 - root - INFO - datalength: 22494, _step: 2
2023-07-09 18:43:03,282 - root - INFO - BPP: 16, Transparency: False
2023-07-09 18:43:03,363 - root - INFO - Resource 10 offset: 289721, length: 22650...
2023-07-09 18:43:03,363 - root - DEBUG - Reading resource 10...
2023-07-09 18:43:03,363 - root - INFO - The image is bme.
2023-07-09 18:43:03,363 - root - INFO - Reading image header(readHeader16E)...
2023-07-09 18:43:03,363 - root - INFO - Image header was read:
2023-07-09 18:43:03,364 - root - INFO - Width: 121, Height: 130, RowLength: 242
2023-07-09 18:43:03,364 - root - INFO - datalength: 22634, _step: 2
2023-07-09 18:43:03,364 - root - INFO - BPP: 16, Transparency: False
2023-07-09 18:43:03,554 - root - INFO - Resource 11 offset: 312371, length: 25104...
2023-07-09 18:43:03,555 - root - DEBUG - Reading resource 11...
2023-07-09 18:43:03,555 - root - INFO - The image is bme.
2023-07-09 18:43:03,556 - root - INFO - Reading image header(readHeader16E)...
2023-07-09 18:43:03,556 - root - INFO - Image header was read:
2023-07-09 18:43:03,556 - root - INFO - Width: 121, Height: 130, RowLength: 242
2023-07-09 18:43:03,557 - root - INFO - datalength: 25088, _step: 2
2023-07-09 18:43:03,557 - root - INFO - BPP: 16, Transparency: False
2023-07-09 18:43:03,750 - root - INFO - Resource 12 offset: 337475, length: 20186...
2023-07-09 18:43:03,750 - root - DEBUG - Reading resource 12...
2023-07-09 18:43:03,750 - root - INFO - The image is bme.
2023-07-09 18:43:03,750 - root - INFO - Reading image header(readHeader16E)...
2023-07-09 18:43:03,750 - root - INFO - Image header was read:
2023-07-09 18:43:03,751 - root - INFO - Width: 121, Height: 130, RowLength: 242
2023-07-09 18:43:03,751 - root - INFO - datalength: 20170, _step: 2
2023-07-09 18:43:03,751 - root - INFO - BPP: 16, Transparency: False
2023-07-09 18:43:03,923 - root - INFO - Resource 13 offset: 357661, length: 23902...
2023-07-09 18:43:03,923 - root - DEBUG - Reading resource 13...
2023-07-09 18:43:03,923 - root - INFO - The image is bme.
2023-07-09 18:43:03,923 - root - INFO - Reading image header(readHeader16E)...
2023-07-09 18:43:03,923 - root - INFO - Image header was read:
2023-07-09 18:43:03,923 - root - INFO - Width: 121, Height: 130, RowLength: 242
2023-07-09 18:43:03,923 - root - INFO - datalength: 23886, _step: 2
2023-07-09 18:43:03,925 - root - INFO - BPP: 16, Transparency: False
2023-07-09 18:43:04,103 - root - INFO - Resource 14 offset: 381563, length: 22278...
2023-07-09 18:43:04,113 - root - DEBUG - Reading resource 14...
2023-07-09 18:43:04,115 - root - INFO - The image is bme.
2023-07-09 18:43:04,115 - root - INFO - Reading image header(readHeader16E)...
2023-07-09 18:43:04,144 - root - INFO - Image header was read:
2023-07-09 18:43:04,145 - root - INFO - Width: 121, Height: 130, RowLength: 242
2023-07-09 18:43:04,145 - root - INFO - datalength: 22262, _step: 2
2023-07-09 18:43:04,145 - root - INFO - BPP: 16, Transparency: False
2023-07-09 18:43:04,641 - root - INFO - Resource 15 offset: 403841, length: 22192...
2023-07-09 18:43:04,641 - root - DEBUG - Reading resource 15...
2023-07-09 18:43:04,641 - root - INFO - The image is bme.
2023-07-09 18:43:04,641 - root - INFO - Reading image header(readHeader16E)...
2023-07-09 18:43:04,641 - root - INFO - Image header was read:
2023-07-09 18:43:04,641 - root - INFO - Width: 121, Height: 130, RowLength: 242
2023-07-09 18:43:04,641 - root - INFO - datalength: 22176, _step: 2
2023-07-09 18:43:04,644 - root - INFO - BPP: 16, Transparency: False
2023-07-09 18:43:04,809 - root - INFO - Resource 16 offset: 426033, length: 23752...
2023-07-09 18:43:04,809 - root - DEBUG - Reading resource 16...
2023-07-09 18:43:04,810 - root - INFO - The image is bme.
2023-07-09 18:43:04,810 - root - INFO - Reading image header(readHeader16E)...
2023-07-09 18:43:04,811 - root - INFO - Image header was read:
2023-07-09 18:43:04,812 - root - INFO - Width: 121, Height: 130, RowLength: 242
2023-07-09 18:43:04,812 - root - INFO - datalength: 23736, _step: 2
2023-07-09 18:43:04,812 - root - INFO - BPP: 16, Transparency: False
2023-07-09 18:43:04,910 - root - INFO - Resource 17 offset: 449785, length: 22674...
2023-07-09 18:43:04,910 - root - DEBUG - Reading resource 17...
2023-07-09 18:43:04,911 - root - INFO - The image is bme.
2023-07-09 18:43:04,911 - root - INFO - Reading image header(readHeader16E)...
2023-07-09 18:43:04,911 - root - INFO - Image header was read:
2023-07-09 18:43:04,911 - root - INFO - Width: 121, Height: 130, RowLength: 242
2023-07-09 18:43:04,911 - root - INFO - datalength: 22658, _step: 2
2023-07-09 18:43:04,911 - root - INFO - BPP: 16, Transparency: False
2023-07-09 18:43:05,029 - root - INFO - Resource 18 offset: 472459, length: 20154...
2023-07-09 18:43:05,029 - root - DEBUG - Reading resource 18...
2023-07-09 18:43:05,029 - root - INFO - The image is bme.
2023-07-09 18:43:05,031 - root - INFO - Reading image header(readHeader16E)...
2023-07-09 18:43:05,031 - root - INFO - Image header was read:
2023-07-09 18:43:05,031 - root - INFO - Width: 121, Height: 130, RowLength: 242
2023-07-09 18:43:05,031 - root - INFO - datalength: 20138, _step: 2
2023-07-09 18:43:05,033 - root - INFO - BPP: 16, Transparency: False
2023-07-09 18:43:05,161 - root - INFO - Resource 19 offset: 492613, length: 22510...
2023-07-09 18:43:05,161 - root - DEBUG - Reading resource 19...
2023-07-09 18:43:05,161 - root - INFO - The image is bme.
2023-07-09 18:43:05,161 - root - INFO - Reading image header(readHeader16E)...
2023-07-09 18:43:05,163 - root - INFO - Image header was read:
2023-07-09 18:43:05,164 - root - INFO - Width: 121, Height: 130, RowLength: 242
2023-07-09 18:43:05,164 - root - INFO - datalength: 22494, _step: 2
2023-07-09 18:43:05,164 - root - INFO - BPP: 16, Transparency: False
2023-07-09 18:43:05,257 - root - INFO - Resource 20 offset: 515123, length: 22650...
2023-07-09 18:43:05,257 - root - DEBUG - Reading resource 20...
2023-07-09 18:43:05,258 - root - INFO - The image is bme.
2023-07-09 18:43:05,258 - root - INFO - Reading image header(readHeader16E)...
2023-07-09 18:43:05,258 - root - INFO - Image header was read:
2023-07-09 18:43:05,259 - root - INFO - Width: 121, Height: 130, RowLength: 242
2023-07-09 18:43:05,259 - root - INFO - datalength: 22634, _step: 2
2023-07-09 18:43:05,259 - root - INFO - BPP: 16, Transparency: False
2023-07-09 18:43:05,356 - root - INFO - Resource 21 offset: 537773, length: 25104...
2023-07-09 18:43:05,356 - root - DEBUG - Reading resource 21...
2023-07-09 18:43:05,356 - root - INFO - The image is bme.
2023-07-09 18:43:05,356 - root - INFO - Reading image header(readHeader16E)...
2023-07-09 18:43:05,356 - root - INFO - Image header was read:
2023-07-09 18:43:05,356 - root - INFO - Width: 121, Height: 130, RowLength: 242
2023-07-09 18:43:05,356 - root - INFO - datalength: 25088, _step: 2
2023-07-09 18:43:05,357 - root - INFO - BPP: 16, Transparency: False
2023-07-09 18:43:05,449 - root - INFO - Resource 22 offset: 562877, length: 20186...
2023-07-09 18:43:05,449 - root - DEBUG - Reading resource 22...
2023-07-09 18:43:05,449 - root - INFO - The image is bme.
2023-07-09 18:43:05,449 - root - INFO - Reading image header(readHeader16E)...
2023-07-09 18:43:05,450 - root - INFO - Image header was read:
2023-07-09 18:43:05,450 - root - INFO - Width: 121, Height: 130, RowLength: 242
2023-07-09 18:43:05,450 - root - INFO - datalength: 20170, _step: 2
2023-07-09 18:43:05,450 - root - INFO - BPP: 16, Transparency: False
2023-07-09 18:43:05,525 - root - INFO - Resource 23 offset: 583063, length: 23902...
2023-07-09 18:43:05,525 - root - DEBUG - Reading resource 23...
2023-07-09 18:43:05,525 - root - INFO - The image is bme.
2023-07-09 18:43:05,525 - root - INFO - Reading image header(readHeader16E)...
2023-07-09 18:43:05,525 - root - INFO - Image header was read:
2023-07-09 18:43:05,525 - root - INFO - Width: 121, Height: 130, RowLength: 242
2023-07-09 18:43:05,525 - root - INFO - datalength: 23886, _step: 2
2023-07-09 18:43:05,526 - root - INFO - BPP: 16, Transparency: False
2023-07-09 18:43:05,612 - root - INFO - Resource 24 offset: 606965, length: 22278...
2023-07-09 18:43:05,612 - root - DEBUG - Reading resource 24...
2023-07-09 18:43:05,613 - root - INFO - The image is bme.
2023-07-09 18:43:05,613 - root - INFO - Reading image header(readHeader16E)...
2023-07-09 18:43:05,613 - root - INFO - Image header was read:
2023-07-09 18:43:05,613 - root - INFO - Width: 121, Height: 130, RowLength: 242
2023-07-09 18:43:05,613 - root - INFO - datalength: 22262, _step: 2
2023-07-09 18:43:05,613 - root - INFO - BPP: 16, Transparency: False
2023-07-09 18:43:05,691 - root - INFO - Resource 25 offset: 629243, length: 22192...
2023-07-09 18:43:05,691 - root - DEBUG - Reading resource 25...
2023-07-09 18:43:05,691 - root - INFO - The image is bme.
2023-07-09 18:43:05,692 - root - INFO - Reading image header(readHeader16E)...
2023-07-09 18:43:05,693 - root - INFO - Image header was read:
2023-07-09 18:43:05,693 - root - INFO - Width: 121, Height: 130, RowLength: 242
2023-07-09 18:43:05,693 - root - INFO - datalength: 22176, _step: 2
2023-07-09 18:43:05,693 - root - INFO - BPP: 16, Transparency: False
2023-07-09 18:43:05,779 - root - INFO - Resource 26 offset: 651435, length: 23752...
2023-07-09 18:43:05,779 - root - DEBUG - Reading resource 26...
2023-07-09 18:43:05,779 - root - INFO - The image is bme.
2023-07-09 18:43:05,779 - root - INFO - Reading image header(readHeader16E)...
2023-07-09 18:43:05,779 - root - INFO - Image header was read:
2023-07-09 18:43:05,779 - root - INFO - Width: 121, Height: 130, RowLength: 242
2023-07-09 18:43:05,780 - root - INFO - datalength: 23736, _step: 2
2023-07-09 18:43:05,780 - root - INFO - BPP: 16, Transparency: False
2023-07-09 18:43:05,867 - root - INFO - Resource 27 offset: 675187, length: 22674...
2023-07-09 18:43:05,868 - root - DEBUG - Reading resource 27...
2023-07-09 18:43:05,868 - root - INFO - The image is bme.
2023-07-09 18:43:05,868 - root - INFO - Reading image header(readHeader16E)...
2023-07-09 18:43:05,868 - root - INFO - Image header was read:
2023-07-09 18:43:05,868 - root - INFO - Width: 121, Height: 130, RowLength: 242
2023-07-09 18:43:05,868 - root - INFO - datalength: 22658, _step: 2
2023-07-09 18:43:05,868 - root - INFO - BPP: 16, Transparency: False
2023-07-09 18:43:05,948 - root - INFO - Resource 28 offset: 697861, length: 20154...
2023-07-09 18:43:05,948 - root - DEBUG - Reading resource 28...
2023-07-09 18:43:05,948 - root - INFO - The image is bme.
2023-07-09 18:43:05,949 - root - INFO - Reading image header(readHeader16E)...
2023-07-09 18:43:05,949 - root - INFO - Image header was read:
2023-07-09 18:43:05,949 - root - INFO - Width: 121, Height: 130, RowLength: 242
2023-07-09 18:43:05,949 - root - INFO - datalength: 20138, _step: 2
2023-07-09 18:43:05,949 - root - INFO - BPP: 16, Transparency: False
2023-07-09 18:43:06,018 - root - INFO - Resource 29 offset: 718015, length: 22510...
2023-07-09 18:43:06,018 - root - DEBUG - Reading resource 29...
2023-07-09 18:43:06,018 - root - INFO - The image is bme.
2023-07-09 18:43:06,019 - root - INFO - Reading image header(readHeader16E)...
2023-07-09 18:43:06,019 - root - INFO - Image header was read:
2023-07-09 18:43:06,019 - root - INFO - Width: 121, Height: 130, RowLength: 242
2023-07-09 18:43:06,019 - root - INFO - datalength: 22494, _step: 2
2023-07-09 18:43:06,019 - root - INFO - BPP: 16, Transparency: False
2023-07-09 18:43:06,106 - root - INFO - Resource 30 offset: 740525, length: 22650...
2023-07-09 18:43:06,107 - root - DEBUG - Reading resource 30...
2023-07-09 18:43:06,107 - root - INFO - The image is bme.
2023-07-09 18:43:06,107 - root - INFO - Reading image header(readHeader16E)...
2023-07-09 18:43:06,107 - root - INFO - Image header was read:
2023-07-09 18:43:06,107 - root - INFO - Width: 121, Height: 130, RowLength: 242
2023-07-09 18:43:06,107 - root - INFO - datalength: 22634, _step: 2
2023-07-09 18:43:06,107 - root - INFO - BPP: 16, Transparency: False
2023-07-09 18:43:06,185 - root - INFO - Resource 31 offset: 763175, length: 25058...
2023-07-09 18:43:06,185 - root - DEBUG - Reading resource 31...
2023-07-09 18:43:06,185 - root - INFO - The image is bme.
2023-07-09 18:43:06,185 - root - INFO - Reading image header(readHeader16E)...
2023-07-09 18:43:06,185 - root - INFO - Image header was read:
2023-07-09 18:43:06,185 - root - INFO - Width: 121, Height: 130, RowLength: 242
2023-07-09 18:43:06,185 - root - INFO - datalength: 25042, _step: 2
2023-07-09 18:43:06,186 - root - INFO - BPP: 16, Transparency: False
2023-07-09 18:43:06,273 - root - INFO - Resource 32 offset: 788233, length: 20186...
2023-07-09 18:43:06,273 - root - DEBUG - Reading resource 32...
2023-07-09 18:43:06,273 - root - INFO - The image is bme.
2023-07-09 18:43:06,273 - root - INFO - Reading image header(readHeader16E)...
2023-07-09 18:43:06,273 - root - INFO - Image header was read:
2023-07-09 18:43:06,273 - root - INFO - Width: 121, Height: 130, RowLength: 242
2023-07-09 18:43:06,273 - root - INFO - datalength: 20170, _step: 2
2023-07-09 18:43:06,273 - root - INFO - BPP: 16, Transparency: False
2023-07-09 18:43:06,343 - root - INFO - Resource 33 offset: 808419, length: 23902...
2023-07-09 18:43:06,343 - root - DEBUG - Reading resource 33...
2023-07-09 18:43:06,343 - root - INFO - The image is bme.
2023-07-09 18:43:06,343 - root - INFO - Reading image header(readHeader16E)...
2023-07-09 18:43:06,344 - root - INFO - Image header was read:
2023-07-09 18:43:06,344 - root - INFO - Width: 121, Height: 130, RowLength: 242
2023-07-09 18:43:06,344 - root - INFO - datalength: 23886, _step: 2
2023-07-09 18:43:06,344 - root - INFO - BPP: 16, Transparency: False
2023-07-09 18:43:06,426 - root - INFO - Resource 34 offset: 832321, length: 22278...
2023-07-09 18:43:06,426 - root - DEBUG - Reading resource 34...
2023-07-09 18:43:06,427 - root - INFO - The image is bme.
2023-07-09 18:43:06,427 - root - INFO - Reading image header(readHeader16E)...
2023-07-09 18:43:06,427 - root - INFO - Image header was read:
2023-07-09 18:43:06,427 - root - INFO - Width: 121, Height: 130, RowLength: 242
2023-07-09 18:43:06,427 - root - INFO - datalength: 22262, _step: 2
2023-07-09 18:43:06,427 - root - INFO - BPP: 16, Transparency: False
2023-07-09 18:43:06,506 - root - INFO - Resource 35 offset: 854599, length: 22192...
2023-07-09 18:43:06,506 - root - DEBUG - Reading resource 35...
2023-07-09 18:43:06,506 - root - INFO - The image is bme.
2023-07-09 18:43:06,506 - root - INFO - Reading image header(readHeader16E)...
2023-07-09 18:43:06,506 - root - INFO - Image header was read:
2023-07-09 18:43:06,506 - root - INFO - Width: 121, Height: 130, RowLength: 242
2023-07-09 18:43:06,506 - root - INFO - datalength: 22176, _step: 2
2023-07-09 18:43:06,506 - root - INFO - BPP: 16, Transparency: False
2023-07-09 18:43:06,585 - root - INFO - Resource 36 offset: 876791, length: 23752...
2023-07-09 18:43:06,586 - root - DEBUG - Reading resource 36...
2023-07-09 18:43:06,586 - root - INFO - The image is bme.
2023-07-09 18:43:06,586 - root - INFO - Reading image header(readHeader16E)...
2023-07-09 18:43:06,586 - root - INFO - Image header was read:
2023-07-09 18:43:06,586 - root - INFO - Width: 121, Height: 130, RowLength: 242
2023-07-09 18:43:06,586 - root - INFO - datalength: 23736, _step: 2
2023-07-09 18:43:06,587 - root - INFO - BPP: 16, Transparency: False
2023-07-09 18:43:06,667 - root - INFO - Resource 37 offset: 900543, length: 22674...
2023-07-09 18:43:06,667 - root - DEBUG - Reading resource 37...
2023-07-09 18:43:06,667 - root - INFO - The image is bme.
2023-07-09 18:43:06,667 - root - INFO - Reading image header(readHeader16E)...
2023-07-09 18:43:06,667 - root - INFO - Image header was read:
2023-07-09 18:43:06,667 - root - INFO - Width: 121, Height: 130, RowLength: 242
2023-07-09 18:43:06,667 - root - INFO - datalength: 22658, _step: 2
2023-07-09 18:43:06,667 - root - INFO - BPP: 16, Transparency: False
2023-07-09 18:43:06,746 - root - INFO - Resource 38 offset: 923217, length: 20154...
2023-07-09 18:43:06,746 - root - DEBUG - Reading resource 38...
2023-07-09 18:43:06,746 - root - INFO - The image is bme.
2023-07-09 18:43:06,746 - root - INFO - Reading image header(readHeader16E)...
2023-07-09 18:43:06,746 - root - INFO - Image header was read:
2023-07-09 18:43:06,746 - root - INFO - Width: 121, Height: 130, RowLength: 242
2023-07-09 18:43:06,746 - root - INFO - datalength: 20138, _step: 2
2023-07-09 18:43:06,747 - root - INFO - BPP: 16, Transparency: False
2023-07-09 18:43:06,818 - root - INFO - Resource 39 offset: 943371, length: 22510...
2023-07-09 18:43:06,819 - root - DEBUG - Reading resource 39...
2023-07-09 18:43:06,819 - root - INFO - The image is bme.
2023-07-09 18:43:06,819 - root - INFO - Reading image header(readHeader16E)...
2023-07-09 18:43:06,819 - root - INFO - Image header was read:
2023-07-09 18:43:06,819 - root - INFO - Width: 121, Height: 130, RowLength: 242
2023-07-09 18:43:06,819 - root - INFO - datalength: 22494, _step: 2
2023-07-09 18:43:06,819 - root - INFO - BPP: 16, Transparency: False
2023-07-09 18:43:06,896 - root - INFO - Resource 40 offset: 965881, length: 22650...
2023-07-09 18:43:06,896 - root - DEBUG - Reading resource 40...
2023-07-09 18:43:06,896 - root - INFO - The image is bme.
2023-07-09 18:43:06,896 - root - INFO - Reading image header(readHeader16E)...
2023-07-09 18:43:06,896 - root - INFO - Image header was read:
2023-07-09 18:43:06,897 - root - INFO - Width: 121, Height: 130, RowLength: 242
2023-07-09 18:43:06,897 - root - INFO - datalength: 22634, _step: 2
2023-07-09 18:43:06,897 - root - INFO - BPP: 16, Transparency: False
2023-07-09 18:43:06,975 - root - DEBUG - Parsing parameters...
2023-07-09 18:43:07,094 - root - DEBUG - 0 Value: None
2023-07-09 18:43:07,094 - root - DEBUG - 0.1 Value: 71
2023-07-09 18:43:07,094 - root - DEBUG - 2 Value: None
2023-07-09 18:43:07,095 - root - DEBUG - 2.2 Value: 4278190080
2023-07-09 18:43:07,095 - root - DEBUG - 2.3 Value: None
2023-07-09 18:43:07,095 - root - DEBUG - 2.3.1 Value: 0
2023-07-09 18:43:07,095 - root - DEBUG - 2.3.2 Value: 0
2023-07-09 18:43:07,095 - root - DEBUG - 2.3.3 Value: 0
2023-07-09 18:43:07,095 - root - DEBUG - 2.4 Value: None
2023-07-09 18:43:07,095 - root - DEBUG - 2.4.1 Value: 0
2023-07-09 18:43:07,095 - root - DEBUG - 2.4.2 Value: 0
2023-07-09 18:43:07,096 - root - DEBUG - 2.4.3 Value: 0
2023-07-09 18:43:07,096 - root - DEBUG - 2.5 Value: None
2023-07-09 18:43:07,096 - root - DEBUG - 2.5.1 Value: 0
2023-07-09 18:43:07,096 - root - DEBUG - 2.5.2 Value: 0
2023-07-09 18:43:07,096 - root - DEBUG - 2.5.3 Value: 0
2023-07-09 18:43:07,096 - root - DEBUG - 3 Value: None
2023-07-09 18:43:07,096 - root - DEBUG - 3.1 Value: None
2023-07-09 18:43:07,096 - root - DEBUG - 3.1.1 Value: None
2023-07-09 18:43:07,097 - root - DEBUG - 3.1.1.1 Value: None
2023-07-09 18:43:07,097 - root - DEBUG - 3.1.1.1.1 Value: 25
2023-07-09 18:43:07,097 - root - DEBUG - 3.1.1.1.2 Value: 20
2023-07-09 18:43:07,097 - root - DEBUG - 3.1.1.1.3 Value: 1
2023-07-09 18:43:07,097 - root - DEBUG - 3.1.1.1.4 Value: 10
2023-07-09 18:43:07,097 - root - DEBUG - 3.1.1.2 Value: None
2023-07-09 18:43:07,098 - root - DEBUG - 3.1.1.2.1 Value: 156
2023-07-09 18:43:07,098 - root - DEBUG - 3.1.1.2.2 Value: 20
2023-07-09 18:43:07,098 - root - DEBUG - 3.1.1.2.3 Value: 11
2023-07-09 18:43:07,098 - root - DEBUG - 3.1.1.2.4 Value: 10
2023-07-09 18:43:07,098 - root - DEBUG - 3.1.2 Value: None
2023-07-09 18:43:07,098 - root - DEBUG - 3.1.2.1 Value: None
2023-07-09 18:43:07,098 - root - DEBUG - 3.1.2.1.1 Value: 25
2023-07-09 18:43:07,098 - root - DEBUG - 3.1.2.1.2 Value: 170
2023-07-09 18:43:07,099 - root - DEBUG - 3.1.2.1.3 Value: 21
2023-07-09 18:43:07,099 - root - DEBUG - 3.1.2.1.4 Value: 10
2023-07-09 18:43:07,099 - root - DEBUG - 3.1.2.2 Value: None
2023-07-09 18:43:07,099 - root - DEBUG - 3.1.2.2.1 Value: 156
2023-07-09 18:43:07,099 - root - DEBUG - 3.1.2.2.2 Value: 170
2023-07-09 18:43:07,099 - root - DEBUG - 3.1.2.2.3 Value: 31
2023-07-09 18:43:07,099 - root - DEBUG - 3.1.2.2.4 Value: 10
2023-07-09 18:43:07,100 - root - DEBUG - 3.1.7 Value: 0
2023-07-09 18:43:07,100 - root - DEBUG - 3.1.8 Value: 1
2023-07-09 18:43:07,100 - root - DEBUG - 0-Info
2023-07-09 18:43:07,100 - root - DEBUG - 0.1-DeviceId
2023-07-09 18:43:07,100 - root - DEBUG - 2-Background
2023-07-09 18:43:07,100 - root - DEBUG - 2.2-BackgroundColor
2023-07-09 18:43:07,100 - root - DEBUG - 2.3-Preview
2023-07-09 18:43:07,101 - root - DEBUG - 2.3.1-X
2023-07-09 18:43:07,101 - root - DEBUG - 2.3.2-Y
2023-07-09 18:43:07,101 - root - DEBUG - 2.3.3-ImageIndex
2023-07-09 18:43:07,101 - root - DEBUG - 2.4-PreviewTradChinese
2023-07-09 18:43:07,101 - root - DEBUG - 2.4.1-X
2023-07-09 18:43:07,101 - root - DEBUG - 2.4.2-Y
2023-07-09 18:43:07,101 - root - DEBUG - 2.4.3-ImageIndex
2023-07-09 18:43:07,101 - root - DEBUG - 2.5-PreviewChinese
2023-07-09 18:43:07,103 - root - DEBUG - 2.5.1-X
2023-07-09 18:43:07,103 - root - DEBUG - 2.5.2-Y
2023-07-09 18:43:07,103 - root - DEBUG - 2.5.3-ImageIndex
2023-07-09 18:43:07,103 - root - DEBUG - 3-TimeExtended
2023-07-09 18:43:07,103 - root - DEBUG - 3.1-TimeSeparateDigits
2023-07-09 18:43:07,103 - root - DEBUG - 3.1.1-Hours
2023-07-09 18:43:07,104 - root - DEBUG - 3.1.1.1-Tens
2023-07-09 18:43:07,104 - root - DEBUG - 3.1.1.1.1-X
2023-07-09 18:43:07,104 - root - DEBUG - 3.1.1.1.2-Y
2023-07-09 18:43:07,104 - root - DEBUG - 3.1.1.1.3-ImageIndex
2023-07-09 18:43:07,104 - root - DEBUG - 3.1.1.1.4-ImagesCount
2023-07-09 18:43:07,104 - root - DEBUG - 3.1.1.2-Ones
2023-07-09 18:43:07,105 - root - DEBUG - 3.1.1.2.1-X
2023-07-09 18:43:07,105 - root - DEBUG - 3.1.1.2.2-Y
2023-07-09 18:43:07,105 - root - DEBUG - 3.1.1.2.3-ImageIndex
2023-07-09 18:43:07,105 - root - DEBUG - 3.1.1.2.4-ImagesCount
2023-07-09 18:43:07,105 - root - DEBUG - 3.1.2-Minutes
2023-07-09 18:43:07,105 - root - DEBUG - 3.1.2.1-Tens
2023-07-09 18:43:07,106 - root - DEBUG - 3.1.2.1.1-X
2023-07-09 18:43:07,106 - root - DEBUG - 3.1.2.1.2-Y
2023-07-09 18:43:07,106 - root - DEBUG - 3.1.2.1.3-ImageIndex
2023-07-09 18:43:07,106 - root - DEBUG - 3.1.2.1.4-ImagesCount
2023-07-09 18:43:07,106 - root - DEBUG - 3.1.2.2-Ones
2023-07-09 18:43:07,106 - root - DEBUG - 3.1.2.2.1-X
2023-07-09 18:43:07,107 - root - DEBUG - 3.1.2.2.2-Y
2023-07-09 18:43:07,107 - root - DEBUG - 3.1.2.2.3-ImageIndex
2023-07-09 18:43:07,107 - root - DEBUG - 3.1.2.2.4-ImagesCount
2023-07-09 18:43:07,107 - root - DEBUG - 3.1.7-UnknowBoolean7
2023-07-09 18:43:07,108 - root - DEBUG - 3.1.8-PaddingZeroMinutes
2023-07-09 18:43:07,108 - root - DEBUG - generatePreviews
2023-07-09 18:43:07,108 - root - DEBUG - Generating previews...
2023-07-09 18:43:07,112 - root - DEBUG - Generating states done...
2023-07-09 18:43:07,123 - root - DEBUG - >>>>>>>>>>>> 0 <watchFaceParser.models.parameter.Parameter object at 0x000001E1A348B250>
2023-07-09 18:43:07,123 - root - DEBUG - >>>>>>>>>>>> 2 <watchFaceParser.models.parameter.Parameter object at 0x000001E1A3489400>
2023-07-09 18:43:07,126 - root - DEBUG - >>>>>>>>>>>> 3 <watchFaceParser.models.parameter.Parameter object at 0x000001E1A3489070>
2023-07-09 18:43:07,152 - root - DEBUG - Generating static preview gen done...
2023-07-09 18:43:07,245 - root - DEBUG - Generating static preview save done...
2023-07-09 18:43:07,245 - root - DEBUG - Generating anim preview gen done...
2023-07-09 18:43:07,245 - root - DEBUG - >>>>>>>>>>>> 0 <watchFaceParser.models.parameter.Parameter object at 0x000001E1A348B250>
2023-07-09 18:43:07,245 - root - DEBUG - >>>>>>>>>>>> 2 <watchFaceParser.models.parameter.Parameter object at 0x000001E1A3489400>
2023-07-09 18:43:07,245 - root - DEBUG - >>>>>>>>>>>> 3 <watchFaceParser.models.parameter.Parameter object at 0x000001E1A3489070>
2023-07-09 18:43:07,391 - root - DEBUG - generatePreviews done
2023-07-09 18:43:07,391 - root - DEBUG - Exporting resources to 'E:\Codez\zepp-bipupro-wf\edf234a30cc44f64edb820d242bc0dd2'
2023-07-09 18:43:07,395 - root - DEBUG - extracting E:\Codez\zepp-bipupro-wf\edf234a30cc44f64edb820d242bc0dd2\0000.png...
2023-07-09 18:43:07,406 - root - DEBUG - extracting E:\Codez\zepp-bipupro-wf\edf234a30cc44f64edb820d242bc0dd2\0001.png...
2023-07-09 18:43:07,411 - root - DEBUG - extracting E:\Codez\zepp-bipupro-wf\edf234a30cc44f64edb820d242bc0dd2\0002.png...
2023-07-09 18:43:07,417 - root - DEBUG - extracting E:\Codez\zepp-bipupro-wf\edf234a30cc44f64edb820d242bc0dd2\0003.png...
2023-07-09 18:43:07,421 - root - DEBUG - extracting E:\Codez\zepp-bipupro-wf\edf234a30cc44f64edb820d242bc0dd2\0004.png...
2023-07-09 18:43:07,425 - root - DEBUG - extracting E:\Codez\zepp-bipupro-wf\edf234a30cc44f64edb820d242bc0dd2\0005.png...
2023-07-09 18:43:07,429 - root - DEBUG - extracting E:\Codez\zepp-bipupro-wf\edf234a30cc44f64edb820d242bc0dd2\0006.png...
2023-07-09 18:43:07,435 - root - DEBUG - extracting E:\Codez\zepp-bipupro-wf\edf234a30cc44f64edb820d242bc0dd2\0007.png...
2023-07-09 18:43:07,439 - root - DEBUG - extracting E:\Codez\zepp-bipupro-wf\edf234a30cc44f64edb820d242bc0dd2\0008.png...
2023-07-09 18:43:07,443 - root - DEBUG - extracting E:\Codez\zepp-bipupro-wf\edf234a30cc44f64edb820d242bc0dd2\0009.png...
2023-07-09 18:43:07,448 - root - DEBUG - extracting E:\Codez\zepp-bipupro-wf\edf234a30cc44f64edb820d242bc0dd2\0010.png...
2023-07-09 18:43:07,453 - root - DEBUG - extracting E:\Codez\zepp-bipupro-wf\edf234a30cc44f64edb820d242bc0dd2\0011.png...
2023-07-09 18:43:07,458 - root - DEBUG - extracting E:\Codez\zepp-bipupro-wf\edf234a30cc44f64edb820d242bc0dd2\0012.png...
2023-07-09 18:43:07,461 - root - DEBUG - extracting E:\Codez\zepp-bipupro-wf\edf234a30cc44f64edb820d242bc0dd2\0013.png...
2023-07-09 18:43:07,467 - root - DEBUG - extracting E:\Codez\zepp-bipupro-wf\edf234a30cc44f64edb820d242bc0dd2\0014.png...
2023-07-09 18:43:07,472 - root - DEBUG - extracting E:\Codez\zepp-bipupro-wf\edf234a30cc44f64edb820d242bc0dd2\0015.png...
2023-07-09 18:43:07,477 - root - DEBUG - extracting E:\Codez\zepp-bipupro-wf\edf234a30cc44f64edb820d242bc0dd2\0016.png...
2023-07-09 18:43:07,481 - root - DEBUG - extracting E:\Codez\zepp-bipupro-wf\edf234a30cc44f64edb820d242bc0dd2\0017.png...
2023-07-09 18:43:07,488 - root - DEBUG - extracting E:\Codez\zepp-bipupro-wf\edf234a30cc44f64edb820d242bc0dd2\0018.png...
2023-07-09 18:43:07,493 - root - DEBUG - extracting E:\Codez\zepp-bipupro-wf\edf234a30cc44f64edb820d242bc0dd2\0019.png...
2023-07-09 18:43:07,498 - root - DEBUG - extracting E:\Codez\zepp-bipupro-wf\edf234a30cc44f64edb820d242bc0dd2\0020.png...
2023-07-09 18:43:07,504 - root - DEBUG - extracting E:\Codez\zepp-bipupro-wf\edf234a30cc44f64edb820d242bc0dd2\0021.png...
2023-07-09 18:43:07,510 - root - DEBUG - extracting E:\Codez\zepp-bipupro-wf\edf234a30cc44f64edb820d242bc0dd2\0022.png...
2023-07-09 18:43:07,513 - root - DEBUG - extracting E:\Codez\zepp-bipupro-wf\edf234a30cc44f64edb820d242bc0dd2\0023.png...
2023-07-09 18:43:07,518 - root - DEBUG - extracting E:\Codez\zepp-bipupro-wf\edf234a30cc44f64edb820d242bc0dd2\0024.png...
2023-07-09 18:43:07,524 - root - DEBUG - extracting E:\Codez\zepp-bipupro-wf\edf234a30cc44f64edb820d242bc0dd2\0025.png...
2023-07-09 18:43:07,529 - root - DEBUG - extracting E:\Codez\zepp-bipupro-wf\edf234a30cc44f64edb820d242bc0dd2\0026.png...
2023-07-09 18:43:07,533 - root - DEBUG - extracting E:\Codez\zepp-bipupro-wf\edf234a30cc44f64edb820d242bc0dd2\0027.png...
2023-07-09 18:43:07,538 - root - DEBUG - extracting E:\Codez\zepp-bipupro-wf\edf234a30cc44f64edb820d242bc0dd2\0028.png...
2023-07-09 18:43:07,543 - root - DEBUG - extracting E:\Codez\zepp-bipupro-wf\edf234a30cc44f64edb820d242bc0dd2\0029.png...
2023-07-09 18:43:07,548 - root - DEBUG - extracting E:\Codez\zepp-bipupro-wf\edf234a30cc44f64edb820d242bc0dd2\0030.png...
2023-07-09 18:43:07,554 - root - DEBUG - extracting E:\Codez\zepp-bipupro-wf\edf234a30cc44f64edb820d242bc0dd2\0031.png...
2023-07-09 18:43:07,559 - root - DEBUG - extracting E:\Codez\zepp-bipupro-wf\edf234a30cc44f64edb820d242bc0dd2\0032.png...
2023-07-09 18:43:07,562 - root - DEBUG - extracting E:\Codez\zepp-bipupro-wf\edf234a30cc44f64edb820d242bc0dd2\0033.png...
2023-07-09 18:43:07,567 - root - DEBUG - extracting E:\Codez\zepp-bipupro-wf\edf234a30cc44f64edb820d242bc0dd2\0034.png...
2023-07-09 18:43:07,572 - root - DEBUG - extracting E:\Codez\zepp-bipupro-wf\edf234a30cc44f64edb820d242bc0dd2\0035.png...
2023-07-09 18:43:07,576 - root - DEBUG - extracting E:\Codez\zepp-bipupro-wf\edf234a30cc44f64edb820d242bc0dd2\0036.png...
2023-07-09 18:43:07,580 - root - DEBUG - extracting E:\Codez\zepp-bipupro-wf\edf234a30cc44f64edb820d242bc0dd2\0037.png...
2023-07-09 18:43:07,585 - root - DEBUG - extracting E:\Codez\zepp-bipupro-wf\edf234a30cc44f64edb820d242bc0dd2\0038.png...
2023-07-09 18:43:07,589 - root - DEBUG - extracting E:\Codez\zepp-bipupro-wf\edf234a30cc44f64edb820d242bc0dd2\0039.png...
2023-07-09 18:43:07,593 - root - DEBUG - extracting E:\Codez\zepp-bipupro-wf\edf234a30cc44f64edb820d242bc0dd2\0040.png...
2023-07-09 18:43:07,597 - root - DEBUG - Exporting config...
