2023-07-09 18:41:54,701 - root - DEBUG - Opening watch face 'E:\Codez\zepp-bipupro-wf\88bc98db12127d7c0fbfac32685bf6ce.bin'
2023-07-09 18:41:54,714 - root - DEBUG - Reading parameters...
2023-07-09 18:41:54,714 - root - INFO - Reading header...
2023-07-09 18:41:54,714 - root - INFO - Header was read:
2023-07-09 18:41:54,714 - root - INFO - Signature: b'UIHH\x01\x00\xff', Unknown: 70, ParametersSize: 26, isValid: True, deviceId: 71
2023-07-09 18:41:54,714 - root - INFO - Reading parameter offsets...
2023-07-09 18:41:54,714 - root - INFO - Parameter offsets were read from file
2023-07-09 18:41:54,714 - root - INFO - Reading parameters descriptor...
2023-07-09 18:41:54,714 - root - INFO - 1 ( A): 5 bytes
2023-07-09 18:41:54,720 - root - INFO -     1 ( 8): 138 8A
2023-07-09 18:41:54,721 - root - INFO -     2 (10): 39 27
2023-07-09 18:41:54,721 - root - INFO - getParameters descriptor was read:
2023-07-09 18:41:54,721 - root - INFO - ParametersTableLength: 138, ImagesCount: 39
2023-07-09 18:41:54,721 - root - INFO - Reading parameters locations...
2023-07-09 18:41:54,721 - root - INFO - 2 (12): 4 bytes
2023-07-09 18:41:54,721 - root - INFO -     1 ( 8): 0  0
2023-07-09 18:41:54,721 - root - INFO -     2 (10): 32 20
2023-07-09 18:41:54,721 - root - INFO - 5 (2A): 4 bytes
2023-07-09 18:41:54,721 - root - INFO -     1 ( 8): 32 20
2023-07-09 18:41:54,721 - root - INFO -     2 (10): 70 46
2023-07-09 18:41:54,721 - root - INFO - 20 (A2): 4 bytes
2023-07-09 18:41:54,721 - root - INFO -     1 ( 8): 102 66
2023-07-09 18:41:54,721 - root - INFO -     2 (10): 36 24
2023-07-09 18:41:54,721 - root - INFO - Watch face parameters locations were read:
2023-07-09 18:41:54,721 - root - INFO - Reading descriptor for parameter 2
2023-07-09 18:41:54,721 - root - INFO - Descriptor offset: 0, Descriptor length: 32
2023-07-09 18:41:54,721 - root - INFO - Parsing descriptor for parameter 2...
2023-07-09 18:41:54,721 - root - INFO - 1 ( A): 6 bytes
2023-07-09 18:41:54,721 - root - INFO -     1 ( 8): 0  0
2023-07-09 18:41:54,721 - root - INFO -     2 (10): 0  0
2023-07-09 18:41:54,721 - root - INFO -     3 (18): 3  3
2023-07-09 18:41:54,721 - root - INFO - 3 (1A): 6 bytes
2023-07-09 18:41:54,721 - root - INFO -     1 ( 8): 0  0
2023-07-09 18:41:54,721 - root - INFO -     2 (10): 0  0
2023-07-09 18:41:54,721 - root - INFO -     3 (18): 1  1
2023-07-09 18:41:54,721 - root - INFO - 4 (22): 6 bytes
2023-07-09 18:41:54,721 - root - INFO -     1 ( 8): 0  0
2023-07-09 18:41:54,721 - root - INFO -     2 (10): 0  0
2023-07-09 18:41:54,721 - root - INFO -     3 (18): 2  2
2023-07-09 18:41:54,721 - root - INFO - 5 (2A): 6 bytes
2023-07-09 18:41:54,721 - root - INFO -     1 ( 8): 0  0
2023-07-09 18:41:54,721 - root - INFO -     2 (10): 0  0
2023-07-09 18:41:54,721 - root - INFO -     3 (18): 0  0
2023-07-09 18:41:54,721 - root - INFO - Reading descriptor for parameter 5
2023-07-09 18:41:54,721 - root - INFO - Descriptor offset: 32, Descriptor length: 70
2023-07-09 18:41:54,721 - root - INFO - Parsing descriptor for parameter 5...
2023-07-09 18:41:54,721 - root - INFO - 1 ( A): 32 bytes
2023-07-09 18:41:54,721 - root - INFO -     1 ( A): 24 bytes
2023-07-09 18:41:54,721 - root - INFO -         4 (22): 22 bytes
2023-07-09 18:41:54,721 - root - INFO -             1 ( 8): 249 F9
2023-07-09 18:41:54,721 - root - INFO -             2 (10): 150 96
2023-07-09 18:41:54,721 - root - INFO -             3 (18): 269 10D
2023-07-09 18:41:54,721 - root - INFO -             4 (20): 170 AA
2023-07-09 18:41:54,721 - root - INFO -             5 (28): 18 12
2023-07-09 18:41:54,721 - root - INFO -             6 (30): 0  0
2023-07-09 18:41:54,721 - root - INFO -             7 (38): 0  0
2023-07-09 18:41:54,721 - root - INFO -             8 (40): 4  4
2023-07-09 18:41:54,721 - root - INFO -             9 (48): 10  A
2023-07-09 18:41:54,721 - root - INFO -     4 (20): 1  1
2023-07-09 18:41:54,721 - root - INFO -     5 (28): 1  1
2023-07-09 18:41:54,721 - root - INFO -     6 (30): 0  0
2023-07-09 18:41:54,721 - root - INFO - 4 (22): 10 bytes
2023-07-09 18:41:54,721 - root - INFO -     1 ( 8): 204 CC
2023-07-09 18:41:54,721 - root - INFO -     2 (10): 150 96
2023-07-09 18:41:54,721 - root - INFO -     3 (18): 14  E
2023-07-09 18:41:54,721 - root - INFO -     4 (20): 7  7
2023-07-09 18:41:54,721 - root - INFO - 5 (2A): 10 bytes
2023-07-09 18:41:54,721 - root - INFO -     1 ( 8): 204 CC
2023-07-09 18:41:54,721 - root - INFO -     2 (10): 150 96
2023-07-09 18:41:54,721 - root - INFO -     3 (18): 28 1C
2023-07-09 18:41:54,721 - root - INFO -     4 (20): 7  7
2023-07-09 18:41:54,721 - root - INFO - 6 (32): 10 bytes
2023-07-09 18:41:54,721 - root - INFO -     1 ( 8): 204 CC
2023-07-09 18:41:54,721 - root - INFO -     2 (10): 150 96
2023-07-09 18:41:54,721 - root - INFO -     3 (18): 21 15
2023-07-09 18:41:54,721 - root - INFO -     4 (20): 7  7
2023-07-09 18:41:54,731 - root - INFO - Reading descriptor for parameter 20
2023-07-09 18:41:54,731 - root - INFO - Descriptor offset: 102, Descriptor length: 36
2023-07-09 18:41:54,731 - root - INFO - Parsing descriptor for parameter 20...
2023-07-09 18:41:54,731 - root - INFO - 2 (12): 6 bytes
2023-07-09 18:41:54,731 - root - INFO -     1 ( 8): 151 97
2023-07-09 18:41:54,731 - root - INFO -     2 (10): 160 A0
2023-07-09 18:41:54,731 - root - INFO - 3 (1A): 4 bytes
2023-07-09 18:41:54,731 - root - INFO -     1 ( 8): 35 23
2023-07-09 18:41:54,731 - root - INFO -     2 (10): 77 4D
2023-07-09 18:41:54,731 - root - INFO - 4 (22): 4 bytes
2023-07-09 18:41:54,731 - root - INFO -     1 ( 8): 37 25
2023-07-09 18:41:54,731 - root - INFO -     2 (10): 113 71
2023-07-09 18:41:54,731 - root - INFO - 5 (2A): 14 bytes
2023-07-09 18:41:54,731 - root - INFO -     1 ( 8): 36 24
2023-07-09 18:41:54,731 - root - INFO -     2 (10): 121 79
2023-07-09 18:41:54,731 - root - INFO -     4 (22): 8 bytes
2023-07-09 18:41:54,731 - root - INFO -         1 ( 8): 138 8A
2023-07-09 18:41:54,731 - root - INFO -         2 (10): 149 95
2023-07-09 18:41:54,731 - root - INFO -         3 (18): 38 26
2023-07-09 18:41:54,731 - root - INFO - Reading resources offsets table with 39 elements (156 bytes)
2023-07-09 18:41:54,731 - root - INFO - Resource 0 offset: 407, length: 86472...
2023-07-09 18:41:54,731 - root - DEBUG - Reading resource 0...
2023-07-09 18:41:54,800 - root - INFO - The image is bmc.
2023-07-09 18:41:54,800 - root - INFO - Reading image header(readHeader16C)...
2023-07-09 18:41:54,800 - root - INFO - Image header was read:
2023-07-09 18:41:54,800 - root - INFO - Width: 202, Height: 214, RowLength: 404
2023-07-09 18:41:54,800 - root - INFO - _step: 2, unknown2: 0,
2023-07-09 18:41:54,800 - root - INFO - BPP: 16, Transparency: False
2023-07-09 18:41:55,070 - root - INFO - Resource 1 offset: 86879, length: 86472...
2023-07-09 18:41:55,070 - root - DEBUG - Reading resource 1...
2023-07-09 18:41:55,070 - root - INFO - The image is bmc.
2023-07-09 18:41:55,070 - root - INFO - Reading image header(readHeader16C)...
2023-07-09 18:41:55,070 - root - INFO - Image header was read:
2023-07-09 18:41:55,070 - root - INFO - Width: 202, Height: 214, RowLength: 404
2023-07-09 18:41:55,070 - root - INFO - _step: 2, unknown2: 0,
2023-07-09 18:41:55,070 - root - INFO - BPP: 16, Transparency: False
2023-07-09 18:41:55,344 - root - INFO - Resource 2 offset: 173351, length: 86472...
2023-07-09 18:41:55,344 - root - DEBUG - Reading resource 2...
2023-07-09 18:41:55,344 - root - INFO - The image is bmc.
2023-07-09 18:41:55,344 - root - INFO - Reading image header(readHeader16C)...
2023-07-09 18:41:55,344 - root - INFO - Image header was read:
2023-07-09 18:41:55,344 - root - INFO - Width: 202, Height: 214, RowLength: 404
2023-07-09 18:41:55,344 - root - INFO - _step: 2, unknown2: 0,
2023-07-09 18:41:55,344 - root - INFO - BPP: 16, Transparency: False
2023-07-09 18:41:55,612 - root - INFO - Resource 3 offset: 259823, length: 193296...
2023-07-09 18:41:55,612 - root - DEBUG - Reading resource 3...
2023-07-09 18:41:55,612 - root - INFO - The image is bmc.
2023-07-09 18:41:55,612 - root - INFO - Reading image header(readHeader16C)...
2023-07-09 18:41:55,612 - root - INFO - Image header was read:
2023-07-09 18:41:55,612 - root - INFO - Width: 302, Height: 320, RowLength: 604
2023-07-09 18:41:55,612 - root - INFO - _step: 2, unknown2: 0,
2023-07-09 18:41:55,612 - root - INFO - BPP: 16, Transparency: False
2023-07-09 18:41:56,213 - root - INFO - Resource 4 offset: 453119, length: 428...
2023-07-09 18:41:56,213 - root - DEBUG - Reading resource 4...
2023-07-09 18:41:56,213 - root - INFO - The image is bme.
2023-07-09 18:41:56,213 - root - INFO - Reading image header(readHeader16E)...
2023-07-09 18:41:56,213 - root - INFO - Image header was read:
2023-07-09 18:41:56,213 - root - INFO - Width: 10, Height: 20, RowLength: 20
2023-07-09 18:41:56,213 - root - INFO - datalength: 412, _step: 2
2023-07-09 18:41:56,213 - root - INFO - BPP: 16, Transparency: False
2023-07-09 18:41:56,221 - root - INFO - Resource 5 offset: 453547, length: 238...
2023-07-09 18:41:56,221 - root - DEBUG - Reading resource 5...
2023-07-09 18:41:56,221 - root - INFO - The image is bme.
2023-07-09 18:41:56,221 - root - INFO - Reading image header(readHeader16E)...
2023-07-09 18:41:56,221 - root - INFO - Image header was read:
2023-07-09 18:41:56,221 - root - INFO - Width: 10, Height: 20, RowLength: 20
2023-07-09 18:41:56,221 - root - INFO - datalength: 222, _step: 2
2023-07-09 18:41:56,221 - root - INFO - BPP: 16, Transparency: False
2023-07-09 18:41:56,221 - root - INFO - Resource 6 offset: 453785, length: 330...
2023-07-09 18:41:56,221 - root - DEBUG - Reading resource 6...
2023-07-09 18:41:56,221 - root - INFO - The image is bme.
2023-07-09 18:41:56,221 - root - INFO - Reading image header(readHeader16E)...
2023-07-09 18:41:56,221 - root - INFO - Image header was read:
2023-07-09 18:41:56,221 - root - INFO - Width: 10, Height: 20, RowLength: 20
2023-07-09 18:41:56,221 - root - INFO - datalength: 314, _step: 2
2023-07-09 18:41:56,221 - root - INFO - BPP: 16, Transparency: False
2023-07-09 18:41:56,221 - root - INFO - Resource 7 offset: 454115, length: 346...
2023-07-09 18:41:56,221 - root - DEBUG - Reading resource 7...
2023-07-09 18:41:56,221 - root - INFO - The image is bme.
2023-07-09 18:41:56,221 - root - INFO - Reading image header(readHeader16E)...
2023-07-09 18:41:56,221 - root - INFO - Image header was read:
2023-07-09 18:41:56,221 - root - INFO - Width: 10, Height: 20, RowLength: 20
2023-07-09 18:41:56,221 - root - INFO - datalength: 330, _step: 2
2023-07-09 18:41:56,221 - root - INFO - BPP: 16, Transparency: False
2023-07-09 18:41:56,221 - root - INFO - Resource 8 offset: 454461, length: 334...
2023-07-09 18:41:56,221 - root - DEBUG - Reading resource 8...
2023-07-09 18:41:56,221 - root - INFO - The image is bme.
2023-07-09 18:41:56,221 - root - INFO - Reading image header(readHeader16E)...
2023-07-09 18:41:56,221 - root - INFO - Image header was read:
2023-07-09 18:41:56,221 - root - INFO - Width: 10, Height: 20, RowLength: 20
2023-07-09 18:41:56,221 - root - INFO - datalength: 318, _step: 2
2023-07-09 18:41:56,221 - root - INFO - BPP: 16, Transparency: False
2023-07-09 18:41:56,221 - root - INFO - Resource 9 offset: 454795, length: 346...
2023-07-09 18:41:56,221 - root - DEBUG - Reading resource 9...
2023-07-09 18:41:56,221 - root - INFO - The image is bme.
2023-07-09 18:41:56,221 - root - INFO - Reading image header(readHeader16E)...
2023-07-09 18:41:56,221 - root - INFO - Image header was read:
2023-07-09 18:41:56,221 - root - INFO - Width: 10, Height: 20, RowLength: 20
2023-07-09 18:41:56,228 - root - INFO - datalength: 330, _step: 2
2023-07-09 18:41:56,228 - root - INFO - BPP: 16, Transparency: False
2023-07-09 18:41:56,228 - root - INFO - Resource 10 offset: 455141, length: 396...
2023-07-09 18:41:56,228 - root - DEBUG - Reading resource 10...
2023-07-09 18:41:56,228 - root - INFO - The image is bme.
2023-07-09 18:41:56,228 - root - INFO - Reading image header(readHeader16E)...
2023-07-09 18:41:56,228 - root - INFO - Image header was read:
2023-07-09 18:41:56,230 - root - INFO - Width: 10, Height: 20, RowLength: 20
2023-07-09 18:41:56,230 - root - INFO - datalength: 380, _step: 2
2023-07-09 18:41:56,230 - root - INFO - BPP: 16, Transparency: False
2023-07-09 18:41:56,230 - root - INFO - Resource 11 offset: 455537, length: 304...
2023-07-09 18:41:56,230 - root - DEBUG - Reading resource 11...
2023-07-09 18:41:56,230 - root - INFO - The image is bme.
2023-07-09 18:41:56,230 - root - INFO - Reading image header(readHeader16E)...
2023-07-09 18:41:56,230 - root - INFO - Image header was read:
2023-07-09 18:41:56,230 - root - INFO - Width: 10, Height: 20, RowLength: 20
2023-07-09 18:41:56,230 - root - INFO - datalength: 288, _step: 2
2023-07-09 18:41:56,230 - root - INFO - BPP: 16, Transparency: False
2023-07-09 18:41:56,230 - root - INFO - Resource 12 offset: 455841, length: 420...
2023-07-09 18:41:56,230 - root - DEBUG - Reading resource 12...
2023-07-09 18:41:56,230 - root - INFO - The image is bme.
2023-07-09 18:41:56,230 - root - INFO - Reading image header(readHeader16E)...
2023-07-09 18:41:56,230 - root - INFO - Image header was read:
2023-07-09 18:41:56,230 - root - INFO - Width: 10, Height: 20, RowLength: 20
2023-07-09 18:41:56,230 - root - INFO - datalength: 404, _step: 2
2023-07-09 18:41:56,230 - root - INFO - BPP: 16, Transparency: False
2023-07-09 18:41:56,230 - root - INFO - Resource 13 offset: 456261, length: 356...
2023-07-09 18:41:56,235 - root - DEBUG - Reading resource 13...
2023-07-09 18:41:56,235 - root - INFO - The image is bme.
2023-07-09 18:41:56,235 - root - INFO - Reading image header(readHeader16E)...
2023-07-09 18:41:56,235 - root - INFO - Image header was read:
2023-07-09 18:41:56,235 - root - INFO - Width: 10, Height: 20, RowLength: 20
2023-07-09 18:41:56,235 - root - INFO - datalength: 340, _step: 2
2023-07-09 18:41:56,235 - root - INFO - BPP: 16, Transparency: False
2023-07-09 18:41:56,235 - root - INFO - Resource 14 offset: 456617, length: 1450...
2023-07-09 18:41:56,235 - root - DEBUG - Reading resource 14...
2023-07-09 18:41:56,235 - root - INFO - The image is bme.
2023-07-09 18:41:56,235 - root - INFO - Reading image header(readHeader16E)...
2023-07-09 18:41:56,235 - root - INFO - Image header was read:
2023-07-09 18:41:56,235 - root - INFO - Width: 35, Height: 20, RowLength: 70
2023-07-09 18:41:56,235 - root - INFO - datalength: 1434, _step: 2
2023-07-09 18:41:56,235 - root - INFO - BPP: 16, Transparency: False
2023-07-09 18:41:56,241 - root - INFO - Resource 15 offset: 458067, length: 1042...
2023-07-09 18:41:56,241 - root - DEBUG - Reading resource 15...
2023-07-09 18:41:56,241 - root - INFO - The image is bme.
2023-07-09 18:41:56,241 - root - INFO - Reading image header(readHeader16E)...
2023-07-09 18:41:56,241 - root - INFO - Image header was read:
2023-07-09 18:41:56,241 - root - INFO - Width: 35, Height: 20, RowLength: 70
2023-07-09 18:41:56,241 - root - INFO - datalength: 1026, _step: 2
2023-07-09 18:41:56,241 - root - INFO - BPP: 16, Transparency: False
2023-07-09 18:41:56,244 - root - INFO - Resource 16 offset: 459109, length: 1382...
2023-07-09 18:41:56,244 - root - DEBUG - Reading resource 16...
2023-07-09 18:41:56,244 - root - INFO - The image is bme.
2023-07-09 18:41:56,244 - root - INFO - Reading image header(readHeader16E)...
2023-07-09 18:41:56,244 - root - INFO - Image header was read:
2023-07-09 18:41:56,244 - root - INFO - Width: 35, Height: 20, RowLength: 70
2023-07-09 18:41:56,244 - root - INFO - datalength: 1366, _step: 2
2023-07-09 18:41:56,244 - root - INFO - BPP: 16, Transparency: False
2023-07-09 18:41:56,244 - root - INFO - Resource 17 offset: 460491, length: 1212...
2023-07-09 18:41:56,244 - root - DEBUG - Reading resource 17...
2023-07-09 18:41:56,244 - root - INFO - The image is bme.
2023-07-09 18:41:56,244 - root - INFO - Reading image header(readHeader16E)...
2023-07-09 18:41:56,244 - root - INFO - Image header was read:
2023-07-09 18:41:56,244 - root - INFO - Width: 35, Height: 20, RowLength: 70
2023-07-09 18:41:56,244 - root - INFO - datalength: 1196, _step: 2
2023-07-09 18:41:56,244 - root - INFO - BPP: 16, Transparency: False
2023-07-09 18:41:56,251 - root - INFO - Resource 18 offset: 461703, length: 1026...
2023-07-09 18:41:56,251 - root - DEBUG - Reading resource 18...
2023-07-09 18:41:56,251 - root - INFO - The image is bme.
2023-07-09 18:41:56,251 - root - INFO - Reading image header(readHeader16E)...
2023-07-09 18:41:56,251 - root - INFO - Image header was read:
2023-07-09 18:41:56,251 - root - INFO - Width: 35, Height: 20, RowLength: 70
2023-07-09 18:41:56,251 - root - INFO - datalength: 1010, _step: 2
2023-07-09 18:41:56,251 - root - INFO - BPP: 16, Transparency: False
2023-07-09 18:41:56,251 - root - INFO - Resource 19 offset: 462729, length: 1052...
2023-07-09 18:41:56,251 - root - DEBUG - Reading resource 19...
2023-07-09 18:41:56,251 - root - INFO - The image is bme.
2023-07-09 18:41:56,251 - root - INFO - Reading image header(readHeader16E)...
2023-07-09 18:41:56,251 - root - INFO - Image header was read:
2023-07-09 18:41:56,251 - root - INFO - Width: 35, Height: 20, RowLength: 70
2023-07-09 18:41:56,251 - root - INFO - datalength: 1036, _step: 2
2023-07-09 18:41:56,251 - root - INFO - BPP: 16, Transparency: False
2023-07-09 18:41:56,260 - root - INFO - Resource 20 offset: 463781, length: 1314...
2023-07-09 18:41:56,260 - root - DEBUG - Reading resource 20...
2023-07-09 18:41:56,260 - root - INFO - The image is bme.
2023-07-09 18:41:56,260 - root - INFO - Reading image header(readHeader16E)...
2023-07-09 18:41:56,261 - root - INFO - Image header was read:
2023-07-09 18:41:56,261 - root - INFO - Width: 35, Height: 20, RowLength: 70
2023-07-09 18:41:56,261 - root - INFO - datalength: 1298, _step: 2
2023-07-09 18:41:56,261 - root - INFO - BPP: 16, Transparency: False
2023-07-09 18:41:56,261 - root - INFO - Resource 21 offset: 465095, length: 764...
2023-07-09 18:41:56,261 - root - DEBUG - Reading resource 21...
2023-07-09 18:41:56,261 - root - INFO - The image is bme.
2023-07-09 18:41:56,261 - root - INFO - Reading image header(readHeader16E)...
2023-07-09 18:41:56,261 - root - INFO - Image header was read:
2023-07-09 18:41:56,261 - root - INFO - Width: 35, Height: 20, RowLength: 70
2023-07-09 18:41:56,261 - root - INFO - datalength: 748, _step: 2
2023-07-09 18:41:56,261 - root - INFO - BPP: 16, Transparency: False
2023-07-09 18:41:56,261 - root - INFO - Resource 22 offset: 465859, length: 922...
2023-07-09 18:41:56,261 - root - DEBUG - Reading resource 22...
2023-07-09 18:41:56,261 - root - INFO - The image is bme.
2023-07-09 18:41:56,261 - root - INFO - Reading image header(readHeader16E)...
2023-07-09 18:41:56,261 - root - INFO - Image header was read:
2023-07-09 18:41:56,261 - root - INFO - Width: 35, Height: 20, RowLength: 70
2023-07-09 18:41:56,261 - root - INFO - datalength: 906, _step: 2
2023-07-09 18:41:56,261 - root - INFO - BPP: 16, Transparency: False
2023-07-09 18:41:56,271 - root - INFO - Resource 23 offset: 466781, length: 990...
2023-07-09 18:41:56,271 - root - DEBUG - Reading resource 23...
2023-07-09 18:41:56,271 - root - INFO - The image is bme.
2023-07-09 18:41:56,271 - root - INFO - Reading image header(readHeader16E)...
2023-07-09 18:41:56,271 - root - INFO - Image header was read:
2023-07-09 18:41:56,271 - root - INFO - Width: 35, Height: 20, RowLength: 70
2023-07-09 18:41:56,271 - root - INFO - datalength: 974, _step: 2
2023-07-09 18:41:56,271 - root - INFO - BPP: 16, Transparency: False
2023-07-09 18:41:56,271 - root - INFO - Resource 24 offset: 467771, length: 1360...
2023-07-09 18:41:56,271 - root - DEBUG - Reading resource 24...
2023-07-09 18:41:56,271 - root - INFO - The image is bme.
2023-07-09 18:41:56,271 - root - INFO - Reading image header(readHeader16E)...
2023-07-09 18:41:56,271 - root - INFO - Image header was read:
2023-07-09 18:41:56,271 - root - INFO - Width: 35, Height: 20, RowLength: 70
2023-07-09 18:41:56,271 - root - INFO - datalength: 1344, _step: 2
2023-07-09 18:41:56,276 - root - INFO - BPP: 16, Transparency: False
2023-07-09 18:41:56,276 - root - INFO - Resource 25 offset: 469131, length: 1134...
2023-07-09 18:41:56,276 - root - DEBUG - Reading resource 25...
2023-07-09 18:41:56,276 - root - INFO - The image is bme.
2023-07-09 18:41:56,276 - root - INFO - Reading image header(readHeader16E)...
2023-07-09 18:41:56,276 - root - INFO - Image header was read:
2023-07-09 18:41:56,276 - root - INFO - Width: 35, Height: 20, RowLength: 70
2023-07-09 18:41:56,276 - root - INFO - datalength: 1118, _step: 2
2023-07-09 18:41:56,276 - root - INFO - BPP: 16, Transparency: False
2023-07-09 18:41:56,281 - root - INFO - Resource 26 offset: 470265, length: 1138...
2023-07-09 18:41:56,281 - root - DEBUG - Reading resource 26...
2023-07-09 18:41:56,281 - root - INFO - The image is bme.
2023-07-09 18:41:56,281 - root - INFO - Reading image header(readHeader16E)...
2023-07-09 18:41:56,281 - root - INFO - Image header was read:
2023-07-09 18:41:56,281 - root - INFO - Width: 35, Height: 20, RowLength: 70
2023-07-09 18:41:56,281 - root - INFO - datalength: 1122, _step: 2
2023-07-09 18:41:56,281 - root - INFO - BPP: 16, Transparency: False
2023-07-09 18:41:56,286 - root - INFO - Resource 27 offset: 471403, length: 1184...
2023-07-09 18:41:56,286 - root - DEBUG - Reading resource 27...
2023-07-09 18:41:56,286 - root - INFO - The image is bme.
2023-07-09 18:41:56,286 - root - INFO - Reading image header(readHeader16E)...
2023-07-09 18:41:56,286 - root - INFO - Image header was read:
2023-07-09 18:41:56,286 - root - INFO - Width: 35, Height: 20, RowLength: 70
2023-07-09 18:41:56,286 - root - INFO - datalength: 1168, _step: 2
2023-07-09 18:41:56,286 - root - INFO - BPP: 16, Transparency: False
2023-07-09 18:41:56,291 - root - INFO - Resource 28 offset: 472587, length: 806...
2023-07-09 18:41:56,291 - root - DEBUG - Reading resource 28...
2023-07-09 18:41:56,291 - root - INFO - The image is bme.
2023-07-09 18:41:56,291 - root - INFO - Reading image header(readHeader16E)...
2023-07-09 18:41:56,291 - root - INFO - Image header was read:
2023-07-09 18:41:56,291 - root - INFO - Width: 35, Height: 20, RowLength: 70
2023-07-09 18:41:56,291 - root - INFO - datalength: 790, _step: 2
2023-07-09 18:41:56,291 - root - INFO - BPP: 16, Transparency: False
2023-07-09 18:41:56,291 - root - INFO - Resource 29 offset: 473393, length: 954...
2023-07-09 18:41:56,291 - root - DEBUG - Reading resource 29...
2023-07-09 18:41:56,291 - root - INFO - The image is bme.
2023-07-09 18:41:56,291 - root - INFO - Reading image header(readHeader16E)...
2023-07-09 18:41:56,291 - root - INFO - Image header was read:
2023-07-09 18:41:56,291 - root - INFO - Width: 35, Height: 20, RowLength: 70
2023-07-09 18:41:56,291 - root - INFO - datalength: 938, _step: 2
2023-07-09 18:41:56,291 - root - INFO - BPP: 16, Transparency: False
2023-07-09 18:41:56,291 - root - INFO - Resource 30 offset: 474347, length: 1032...
2023-07-09 18:41:56,291 - root - DEBUG - Reading resource 30...
2023-07-09 18:41:56,291 - root - INFO - The image is bme.
2023-07-09 18:41:56,291 - root - INFO - Reading image header(readHeader16E)...
2023-07-09 18:41:56,291 - root - INFO - Image header was read:
2023-07-09 18:41:56,291 - root - INFO - Width: 35, Height: 20, RowLength: 70
2023-07-09 18:41:56,291 - root - INFO - datalength: 1016, _step: 2
2023-07-09 18:41:56,291 - root - INFO - BPP: 16, Transparency: False
2023-07-09 18:41:56,301 - root - INFO - Resource 31 offset: 475379, length: 1274...
2023-07-09 18:41:56,301 - root - DEBUG - Reading resource 31...
2023-07-09 18:41:56,301 - root - INFO - The image is bme.
2023-07-09 18:41:56,301 - root - INFO - Reading image header(readHeader16E)...
2023-07-09 18:41:56,301 - root - INFO - Image header was read:
2023-07-09 18:41:56,301 - root - INFO - Width: 35, Height: 20, RowLength: 70
2023-07-09 18:41:56,301 - root - INFO - datalength: 1258, _step: 2
2023-07-09 18:41:56,301 - root - INFO - BPP: 16, Transparency: False
2023-07-09 18:41:56,301 - root - INFO - Resource 32 offset: 476653, length: 1120...
2023-07-09 18:41:56,307 - root - DEBUG - Reading resource 32...
2023-07-09 18:41:56,307 - root - INFO - The image is bme.
2023-07-09 18:41:56,307 - root - INFO - Reading image header(readHeader16E)...
2023-07-09 18:41:56,307 - root - INFO - Image header was read:
2023-07-09 18:41:56,307 - root - INFO - Width: 35, Height: 20, RowLength: 70
2023-07-09 18:41:56,307 - root - INFO - datalength: 1104, _step: 2
2023-07-09 18:41:56,307 - root - INFO - BPP: 16, Transparency: False
2023-07-09 18:41:56,307 - root - INFO - Resource 33 offset: 477773, length: 1144...
2023-07-09 18:41:56,307 - root - DEBUG - Reading resource 33...
2023-07-09 18:41:56,311 - root - INFO - The image is bme.
2023-07-09 18:41:56,311 - root - INFO - Reading image header(readHeader16E)...
2023-07-09 18:41:56,311 - root - INFO - Image header was read:
2023-07-09 18:41:56,311 - root - INFO - Width: 35, Height: 20, RowLength: 70
2023-07-09 18:41:56,311 - root - INFO - datalength: 1128, _step: 2
2023-07-09 18:41:56,311 - root - INFO - BPP: 16, Transparency: False
2023-07-09 18:41:56,311 - root - INFO - Resource 34 offset: 478917, length: 1228...
2023-07-09 18:41:56,311 - root - DEBUG - Reading resource 34...
2023-07-09 18:41:56,311 - root - INFO - The image is bme.
2023-07-09 18:41:56,311 - root - INFO - Reading image header(readHeader16E)...
2023-07-09 18:41:56,311 - root - INFO - Image header was read:
2023-07-09 18:41:56,311 - root - INFO - Width: 35, Height: 20, RowLength: 70
2023-07-09 18:41:56,311 - root - INFO - datalength: 1212, _step: 2
2023-07-09 18:41:56,311 - root - INFO - BPP: 16, Transparency: False
2023-07-09 18:41:56,311 - root - INFO - Resource 35 offset: 480145, length: 5497...
2023-07-09 18:41:56,311 - root - DEBUG - Reading resource 35...
2023-07-09 18:41:56,311 - root - INFO - The image is bmc.
2023-07-09 18:41:56,311 - root - INFO - Reading image header(readHeader16C)...
2023-07-09 18:41:56,311 - root - INFO - Image header was read:
2023-07-09 18:41:56,311 - root - INFO - Width: 21, Height: 87, RowLength: 63
2023-07-09 18:41:56,311 - root - INFO - _step: 3, unknown2: 0,
2023-07-09 18:41:56,311 - root - INFO - BPP: 24, Transparency: False
2023-07-09 18:41:56,331 - root - INFO - Resource 36 offset: 485642, length: 9745...
2023-07-09 18:41:56,331 - root - DEBUG - Reading resource 36...
2023-07-09 18:41:56,331 - root - INFO - The image is bmc.
2023-07-09 18:41:56,331 - root - INFO - Reading image header(readHeader16C)...
2023-07-09 18:41:56,331 - root - INFO - Image header was read:
2023-07-09 18:41:56,331 - root - INFO - Width: 23, Height: 141, RowLength: 69
2023-07-09 18:41:56,331 - root - INFO - _step: 3, unknown2: 0,
2023-07-09 18:41:56,331 - root - INFO - BPP: 24, Transparency: False
2023-07-09 18:41:56,350 - root - INFO - Resource 37 offset: 495387, length: 8503...
2023-07-09 18:41:56,350 - root - DEBUG - Reading resource 37...
2023-07-09 18:41:56,350 - root - INFO - The image is bmc.
2023-07-09 18:41:56,350 - root - INFO - Reading image header(readHeader16C)...
2023-07-09 18:41:56,350 - root - INFO - Image header was read:
2023-07-09 18:41:56,350 - root - INFO - Width: 23, Height: 123, RowLength: 69
2023-07-09 18:41:56,350 - root - INFO - _step: 3, unknown2: 0,
2023-07-09 18:41:56,350 - root - INFO - BPP: 24, Transparency: False
2023-07-09 18:41:56,371 - root - INFO - Resource 38 offset: 503890, length: 1666...
2023-07-09 18:41:56,371 - root - DEBUG - Reading resource 38...
2023-07-09 18:41:56,371 - root - INFO - The image is bmc.
2023-07-09 18:41:56,371 - root - INFO - Reading image header(readHeader16C)...
2023-07-09 18:41:56,371 - root - INFO - Image header was read:
2023-07-09 18:41:56,371 - root - INFO - Width: 25, Height: 22, RowLength: 75
2023-07-09 18:41:56,371 - root - INFO - _step: 3, unknown2: 0,
2023-07-09 18:41:56,371 - root - INFO - BPP: 24, Transparency: False
2023-07-09 18:41:56,376 - root - DEBUG - Parsing parameters...
2023-07-09 18:41:56,481 - root - DEBUG - 0 Value: None
2023-07-09 18:41:56,481 - root - DEBUG - 0.1 Value: 71
2023-07-09 18:41:56,481 - root - DEBUG - 2 Value: None
2023-07-09 18:41:56,481 - root - DEBUG - 2.1 Value: None
2023-07-09 18:41:56,481 - root - DEBUG - 2.1.1 Value: 0
2023-07-09 18:41:56,481 - root - DEBUG - 2.1.2 Value: 0
2023-07-09 18:41:56,481 - root - DEBUG - 2.1.3 Value: 3
2023-07-09 18:41:56,481 - root - DEBUG - 2.3 Value: None
2023-07-09 18:41:56,481 - root - DEBUG - 2.3.1 Value: 0
2023-07-09 18:41:56,481 - root - DEBUG - 2.3.2 Value: 0
2023-07-09 18:41:56,481 - root - DEBUG - 2.3.3 Value: 1
2023-07-09 18:41:56,481 - root - DEBUG - 2.4 Value: None
2023-07-09 18:41:56,481 - root - DEBUG - 2.4.1 Value: 0
2023-07-09 18:41:56,481 - root - DEBUG - 2.4.2 Value: 0
2023-07-09 18:41:56,481 - root - DEBUG - 2.4.3 Value: 2
2023-07-09 18:41:56,481 - root - DEBUG - 2.5 Value: None
2023-07-09 18:41:56,481 - root - DEBUG - 2.5.1 Value: 0
2023-07-09 18:41:56,481 - root - DEBUG - 2.5.2 Value: 0
2023-07-09 18:41:56,481 - root - DEBUG - 2.5.3 Value: 0
2023-07-09 18:41:56,481 - root - DEBUG - 5 Value: None
2023-07-09 18:41:56,481 - root - DEBUG - 5.1 Value: None
2023-07-09 18:41:56,481 - root - DEBUG - 5.1.1 Value: None
2023-07-09 18:41:56,481 - root - DEBUG - 5.1.1.4 Value: None
2023-07-09 18:41:56,481 - root - DEBUG - 5.1.1.4.1 Value: 249
2023-07-09 18:41:56,481 - root - DEBUG - 5.1.1.4.2 Value: 150
2023-07-09 18:41:56,491 - root - DEBUG - 5.1.1.4.3 Value: 269
2023-07-09 18:41:56,491 - root - DEBUG - 5.1.1.4.4 Value: 170
2023-07-09 18:41:56,491 - root - DEBUG - 5.1.1.4.5 Value: 18
2023-07-09 18:41:56,491 - root - DEBUG - 5.1.1.4.6 Value: 0
2023-07-09 18:41:56,491 - root - DEBUG - 5.1.1.4.7 Value: 0
2023-07-09 18:41:56,491 - root - DEBUG - 5.1.1.4.8 Value: 4
2023-07-09 18:41:56,491 - root - DEBUG - 5.1.1.4.9 Value: 10
2023-07-09 18:41:56,491 - root - DEBUG - 5.1.4 Value: 1
2023-07-09 18:41:56,491 - root - DEBUG - 5.1.5 Value: 1
2023-07-09 18:41:56,492 - root - DEBUG - 5.1.6 Value: 0
2023-07-09 18:41:56,492 - root - DEBUG - 5.4 Value: None
2023-07-09 18:41:56,492 - root - DEBUG - 5.4.1 Value: 204
2023-07-09 18:41:56,492 - root - DEBUG - 5.4.2 Value: 150
2023-07-09 18:41:56,492 - root - DEBUG - 5.4.3 Value: 14
2023-07-09 18:41:56,492 - root - DEBUG - 5.4.4 Value: 7
2023-07-09 18:41:56,492 - root - DEBUG - 5.5 Value: None
2023-07-09 18:41:56,492 - root - DEBUG - 5.5.1 Value: 204
2023-07-09 18:41:56,492 - root - DEBUG - 5.5.2 Value: 150
2023-07-09 18:41:56,492 - root - DEBUG - 5.5.3 Value: 28
2023-07-09 18:41:56,492 - root - DEBUG - 5.5.4 Value: 7
2023-07-09 18:41:56,492 - root - DEBUG - 5.6 Value: None
2023-07-09 18:41:56,492 - root - DEBUG - 5.6.1 Value: 204
2023-07-09 18:41:56,492 - root - DEBUG - 5.6.2 Value: 150
2023-07-09 18:41:56,492 - root - DEBUG - 5.6.3 Value: 21
2023-07-09 18:41:56,492 - root - DEBUG - 5.6.4 Value: 7
2023-07-09 18:41:56,492 - root - DEBUG - 20 Value: None
2023-07-09 18:41:56,492 - root - DEBUG - 20.2 Value: None
2023-07-09 18:41:56,492 - root - DEBUG - 20.2.1 Value: 151
2023-07-09 18:41:56,492 - root - DEBUG - 20.2.2 Value: 160
2023-07-09 18:41:56,492 - root - DEBUG - 20.3 Value: None
2023-07-09 18:41:56,492 - root - DEBUG - 20.3.1 Value: 35
2023-07-09 18:41:56,492 - root - DEBUG - 20.3.2 Value: 77
2023-07-09 18:41:56,492 - root - DEBUG - 20.4 Value: None
2023-07-09 18:41:56,492 - root - DEBUG - 20.4.1 Value: 37
2023-07-09 18:41:56,492 - root - DEBUG - 20.4.2 Value: 113
2023-07-09 18:41:56,492 - root - DEBUG - 20.5 Value: None
2023-07-09 18:41:56,492 - root - DEBUG - 20.5.1 Value: 36
2023-07-09 18:41:56,492 - root - DEBUG - 20.5.2 Value: 121
2023-07-09 18:41:56,492 - root - DEBUG - 20.5.4 Value: None
2023-07-09 18:41:56,492 - root - DEBUG - 20.5.4.1 Value: 138
2023-07-09 18:41:56,492 - root - DEBUG - 20.5.4.2 Value: 149
2023-07-09 18:41:56,492 - root - DEBUG - 20.5.4.3 Value: 38
2023-07-09 18:41:56,492 - root - DEBUG - 0-Info
2023-07-09 18:41:56,492 - root - DEBUG - 0.1-DeviceId
2023-07-09 18:41:56,492 - root - DEBUG - 2-Background
2023-07-09 18:41:56,496 - root - DEBUG - 2.1-Image
2023-07-09 18:41:56,496 - root - DEBUG - 2.1.1-X
2023-07-09 18:41:56,496 - root - DEBUG - 2.1.2-Y
2023-07-09 18:41:56,496 - root - DEBUG - 2.1.3-ImageIndex
2023-07-09 18:41:56,496 - root - DEBUG - 2.3-Preview
2023-07-09 18:41:56,496 - root - DEBUG - 2.3.1-X
2023-07-09 18:41:56,496 - root - DEBUG - 2.3.2-Y
2023-07-09 18:41:56,496 - root - DEBUG - 2.3.3-ImageIndex
2023-07-09 18:41:56,496 - root - DEBUG - 2.4-PreviewTradChinese
2023-07-09 18:41:56,496 - root - DEBUG - 2.4.1-X
2023-07-09 18:41:56,496 - root - DEBUG - 2.4.2-Y
2023-07-09 18:41:56,496 - root - DEBUG - 2.4.3-ImageIndex
2023-07-09 18:41:56,496 - root - DEBUG - 2.5-PreviewChinese
2023-07-09 18:41:56,496 - root - DEBUG - 2.5.1-X
2023-07-09 18:41:56,500 - root - DEBUG - 2.5.2-Y
2023-07-09 18:41:56,500 - root - DEBUG - 2.5.3-ImageIndex
2023-07-09 18:41:56,500 - root - DEBUG - 5-DateBlock
2023-07-09 18:41:56,500 - root - DEBUG - 5.1-Date
2023-07-09 18:41:56,500 - root - DEBUG - 5.1.1-MonthAndDayAlt
2023-07-09 18:41:56,500 - root - DEBUG - 5.1.1.4-Day
2023-07-09 18:41:56,500 - root - DEBUG - 5.1.1.4.1-TopLeftX
2023-07-09 18:41:56,500 - root - DEBUG - 5.1.1.4.2-TopLeftY
2023-07-09 18:41:56,500 - root - DEBUG - 5.1.1.4.3-BottomRightX
2023-07-09 18:41:56,500 - root - DEBUG - 5.1.1.4.4-BottomRightY
2023-07-09 18:41:56,500 - root - DEBUG - 5.1.1.4.5-Alignment
2023-07-09 18:41:56,500 - root - DEBUG - 5.1.1.4.6-Spacing
2023-07-09 18:41:56,500 - root - DEBUG - 5.1.1.4.7-VerticalOffset
2023-07-09 18:41:56,500 - root - DEBUG - 5.1.1.4.8-ImageIndex
2023-07-09 18:41:56,500 - root - DEBUG - 5.1.1.4.9-ImagesCount
2023-07-09 18:41:56,500 - root - DEBUG - 5.1.4-PaddingZeroMonth
2023-07-09 18:41:56,500 - root - DEBUG - 5.1.5-PaddingZeroDay
2023-07-09 18:41:56,500 - root - DEBUG - 5.1.6-UnknownBoolean6
2023-07-09 18:41:56,500 - root - DEBUG - 5.4-Weekday
2023-07-09 18:41:56,500 - root - DEBUG - 5.4.1-X
2023-07-09 18:41:56,500 - root - DEBUG - 5.4.2-Y
2023-07-09 18:41:56,500 - root - DEBUG - 5.4.3-ImageIndex
2023-07-09 18:41:56,500 - root - DEBUG - 5.4.4-ImagesCount
2023-07-09 18:41:56,500 - root - DEBUG - 5.5-WeekdayChinese
2023-07-09 18:41:56,500 - root - DEBUG - 5.5.1-X
2023-07-09 18:41:56,500 - root - DEBUG - 5.5.2-Y
2023-07-09 18:41:56,500 - root - DEBUG - 5.5.3-ImageIndex
2023-07-09 18:41:56,500 - root - DEBUG - 5.5.4-ImagesCount
2023-07-09 18:41:56,505 - root - DEBUG - 5.6-WeekdayTradChinese
2023-07-09 18:41:56,505 - root - DEBUG - 5.6.1-X
2023-07-09 18:41:56,505 - root - DEBUG - 5.6.2-Y
2023-07-09 18:41:56,505 - root - DEBUG - 5.6.3-ImageIndex
2023-07-09 18:41:56,505 - root - DEBUG - 5.6.4-ImagesCount
2023-07-09 18:41:56,505 - root - DEBUG - 20-TimeAnalog
2023-07-09 18:41:56,505 - root - DEBUG - 20.2-CommonCenterCoordinates
2023-07-09 18:41:56,505 - root - DEBUG - 20.2.1-X
2023-07-09 18:41:56,505 - root - DEBUG - 20.2.2-Y
2023-07-09 18:41:56,505 - root - DEBUG - 20.3-Hours
2023-07-09 18:41:56,505 - root - DEBUG - 20.3.1-ImageIndex
2023-07-09 18:41:56,505 - root - DEBUG - 20.3.2-PointerCenterOfRotationY
2023-07-09 18:41:56,505 - root - DEBUG - 20.4-Minutes
2023-07-09 18:41:56,505 - root - DEBUG - 20.4.1-ImageIndex
2023-07-09 18:41:56,505 - root - DEBUG - 20.4.2-PointerCenterOfRotationY
2023-07-09 18:41:56,505 - root - DEBUG - 20.5-Seconds
2023-07-09 18:41:56,505 - root - DEBUG - 20.5.1-ImageIndex
2023-07-09 18:41:56,505 - root - DEBUG - 20.5.2-PointerCenterOfRotationY
2023-07-09 18:41:56,505 - root - DEBUG - 20.5.4-CoverImage
2023-07-09 18:41:56,505 - root - DEBUG - 20.5.4.1-X
2023-07-09 18:41:56,505 - root - DEBUG - 20.5.4.2-Y
2023-07-09 18:41:56,505 - root - DEBUG - 20.5.4.3-ImageIndex
2023-07-09 18:41:56,505 - root - DEBUG - generatePreviews
2023-07-09 18:41:56,505 - root - DEBUG - Generating previews...
2023-07-09 18:41:56,512 - root - DEBUG - Generating states done...
2023-07-09 18:41:56,521 - root - DEBUG - >>>>>>>>>>>> 0 <watchFaceParser.models.parameter.Parameter object at 0x00000206E06BBCA0>
2023-07-09 18:41:56,521 - root - DEBUG - >>>>>>>>>>>> 2 <watchFaceParser.models.parameter.Parameter object at 0x00000206E06B9190>
2023-07-09 18:41:56,531 - root - DEBUG - >>>>>>>>>>>> 5 <watchFaceParser.models.parameter.Parameter object at 0x00000206E06B98B0>
2023-07-09 18:41:56,551 - root - DEBUG - >>>>>>>>>>>> 20 <watchFaceParser.models.parameter.Parameter object at 0x00000206E06BB7C0>
2023-07-09 18:41:56,610 - root - DEBUG - Generating static preview gen done...
2023-07-09 18:41:56,785 - root - DEBUG - Generating static preview save done...
2023-07-09 18:41:56,785 - root - DEBUG - Generating anim preview gen done...
2023-07-09 18:41:56,785 - root - DEBUG - >>>>>>>>>>>> 0 <watchFaceParser.models.parameter.Parameter object at 0x00000206E06BBCA0>
2023-07-09 18:41:56,785 - root - DEBUG - >>>>>>>>>>>> 2 <watchFaceParser.models.parameter.Parameter object at 0x00000206E06B9190>
2023-07-09 18:41:56,785 - root - DEBUG - >>>>>>>>>>>> 5 <watchFaceParser.models.parameter.Parameter object at 0x00000206E06B98B0>
2023-07-09 18:41:56,786 - root - DEBUG - >>>>>>>>>>>> 20 <watchFaceParser.models.parameter.Parameter object at 0x00000206E06BB7C0>
2023-07-09 18:41:57,593 - root - DEBUG - generatePreviews done
2023-07-09 18:41:57,593 - root - DEBUG - Exporting resources to 'E:\Codez\zepp-bipupro-wf\88bc98db12127d7c0fbfac32685bf6ce'
2023-07-09 18:41:57,593 - root - DEBUG - extracting E:\Codez\zepp-bipupro-wf\88bc98db12127d7c0fbfac32685bf6ce\0000.png...
2023-07-09 18:41:57,621 - root - DEBUG - extracting E:\Codez\zepp-bipupro-wf\88bc98db12127d7c0fbfac32685bf6ce\0001.png...
2023-07-09 18:41:57,656 - root - DEBUG - extracting E:\Codez\zepp-bipupro-wf\88bc98db12127d7c0fbfac32685bf6ce\0002.png...
2023-07-09 18:41:57,681 - root - DEBUG - extracting E:\Codez\zepp-bipupro-wf\88bc98db12127d7c0fbfac32685bf6ce\0003.png...
2023-07-09 18:41:57,758 - root - DEBUG - extracting E:\Codez\zepp-bipupro-wf\88bc98db12127d7c0fbfac32685bf6ce\0004.png...
2023-07-09 18:41:57,759 - root - DEBUG - extracting E:\Codez\zepp-bipupro-wf\88bc98db12127d7c0fbfac32685bf6ce\0005.png...
2023-07-09 18:41:57,761 - root - DEBUG - extracting E:\Codez\zepp-bipupro-wf\88bc98db12127d7c0fbfac32685bf6ce\0006.png...
2023-07-09 18:41:57,762 - root - DEBUG - extracting E:\Codez\zepp-bipupro-wf\88bc98db12127d7c0fbfac32685bf6ce\0007.png...
2023-07-09 18:41:57,763 - root - DEBUG - extracting E:\Codez\zepp-bipupro-wf\88bc98db12127d7c0fbfac32685bf6ce\0008.png...
2023-07-09 18:41:57,765 - root - DEBUG - extracting E:\Codez\zepp-bipupro-wf\88bc98db12127d7c0fbfac32685bf6ce\0009.png...
2023-07-09 18:41:57,767 - root - DEBUG - extracting E:\Codez\zepp-bipupro-wf\88bc98db12127d7c0fbfac32685bf6ce\0010.png...
2023-07-09 18:41:57,768 - root - DEBUG - extracting E:\Codez\zepp-bipupro-wf\88bc98db12127d7c0fbfac32685bf6ce\0011.png...
2023-07-09 18:41:57,769 - root - DEBUG - extracting E:\Codez\zepp-bipupro-wf\88bc98db12127d7c0fbfac32685bf6ce\0012.png...
2023-07-09 18:41:57,770 - root - DEBUG - extracting E:\Codez\zepp-bipupro-wf\88bc98db12127d7c0fbfac32685bf6ce\0013.png...
2023-07-09 18:41:57,771 - root - DEBUG - extracting E:\Codez\zepp-bipupro-wf\88bc98db12127d7c0fbfac32685bf6ce\0014.png...
2023-07-09 18:41:57,772 - root - DEBUG - extracting E:\Codez\zepp-bipupro-wf\88bc98db12127d7c0fbfac32685bf6ce\0015.png...
2023-07-09 18:41:57,773 - root - DEBUG - extracting E:\Codez\zepp-bipupro-wf\88bc98db12127d7c0fbfac32685bf6ce\0016.png...
2023-07-09 18:41:57,775 - root - DEBUG - extracting E:\Codez\zepp-bipupro-wf\88bc98db12127d7c0fbfac32685bf6ce\0017.png...
2023-07-09 18:41:57,776 - root - DEBUG - extracting E:\Codez\zepp-bipupro-wf\88bc98db12127d7c0fbfac32685bf6ce\0018.png...
2023-07-09 18:41:57,777 - root - DEBUG - extracting E:\Codez\zepp-bipupro-wf\88bc98db12127d7c0fbfac32685bf6ce\0019.png...
2023-07-09 18:41:57,778 - root - DEBUG - extracting E:\Codez\zepp-bipupro-wf\88bc98db12127d7c0fbfac32685bf6ce\0020.png...
2023-07-09 18:41:57,780 - root - DEBUG - extracting E:\Codez\zepp-bipupro-wf\88bc98db12127d7c0fbfac32685bf6ce\0021.png...
2023-07-09 18:41:57,782 - root - DEBUG - extracting E:\Codez\zepp-bipupro-wf\88bc98db12127d7c0fbfac32685bf6ce\0022.png...
2023-07-09 18:41:57,783 - root - DEBUG - extracting E:\Codez\zepp-bipupro-wf\88bc98db12127d7c0fbfac32685bf6ce\0023.png...
2023-07-09 18:41:57,784 - root - DEBUG - extracting E:\Codez\zepp-bipupro-wf\88bc98db12127d7c0fbfac32685bf6ce\0024.png...
2023-07-09 18:41:57,786 - root - DEBUG - extracting E:\Codez\zepp-bipupro-wf\88bc98db12127d7c0fbfac32685bf6ce\0025.png...
2023-07-09 18:41:57,787 - root - DEBUG - extracting E:\Codez\zepp-bipupro-wf\88bc98db12127d7c0fbfac32685bf6ce\0026.png...
2023-07-09 18:41:57,788 - root - DEBUG - extracting E:\Codez\zepp-bipupro-wf\88bc98db12127d7c0fbfac32685bf6ce\0027.png...
2023-07-09 18:41:57,789 - root - DEBUG - extracting E:\Codez\zepp-bipupro-wf\88bc98db12127d7c0fbfac32685bf6ce\0028.png...
2023-07-09 18:41:57,791 - root - DEBUG - extracting E:\Codez\zepp-bipupro-wf\88bc98db12127d7c0fbfac32685bf6ce\0029.png...
2023-07-09 18:41:57,791 - root - DEBUG - extracting E:\Codez\zepp-bipupro-wf\88bc98db12127d7c0fbfac32685bf6ce\0030.png...
2023-07-09 18:41:57,793 - root - DEBUG - extracting E:\Codez\zepp-bipupro-wf\88bc98db12127d7c0fbfac32685bf6ce\0031.png...
2023-07-09 18:41:57,794 - root - DEBUG - extracting E:\Codez\zepp-bipupro-wf\88bc98db12127d7c0fbfac32685bf6ce\0032.png...
2023-07-09 18:41:57,796 - root - DEBUG - extracting E:\Codez\zepp-bipupro-wf\88bc98db12127d7c0fbfac32685bf6ce\0033.png...
2023-07-09 18:41:57,797 - root - DEBUG - extracting E:\Codez\zepp-bipupro-wf\88bc98db12127d7c0fbfac32685bf6ce\0034.png...
2023-07-09 18:41:57,798 - root - DEBUG - extracting E:\Codez\zepp-bipupro-wf\88bc98db12127d7c0fbfac32685bf6ce\0035.png...
2023-07-09 18:41:57,799 - root - DEBUG - extracting E:\Codez\zepp-bipupro-wf\88bc98db12127d7c0fbfac32685bf6ce\0036.png...
2023-07-09 18:41:57,802 - root - DEBUG - extracting E:\Codez\zepp-bipupro-wf\88bc98db12127d7c0fbfac32685bf6ce\0037.png...
2023-07-09 18:41:57,804 - root - DEBUG - extracting E:\Codez\zepp-bipupro-wf\88bc98db12127d7c0fbfac32685bf6ce\0038.png...
2023-07-09 18:41:57,805 - root - DEBUG - Exporting config...
