2022-01-06 08:41:22,058 - root - DEBUG - Opening watch face 'E:\Codez\zepp-bipupro-wf\35b813bafadc93f2eab7e627d2b468f2.bin'
2022-01-06 08:41:22,073 - root - DEBUG - Reading parameters...
2022-01-06 08:41:22,073 - root - INFO - Reading header...
2022-01-06 08:41:22,073 - root - INFO - Header was read:
2022-01-06 08:41:22,073 - root - INFO - Signature: b'UIHH\x01\x00\xff', Unknown: 54, ParametersSize: 25, isValid: True, deviceId: 71
2022-01-06 08:41:22,073 - root - INFO - Reading parameter offsets...
2022-01-06 08:41:22,073 - root - INFO - Parameter offsets were read from file
2022-01-06 08:41:22,073 - root - INFO - Reading parameters descriptor...
2022-01-06 08:41:22,073 - root - INFO - 1 ( A): 4 bytes
2022-01-06 08:41:22,073 - root - INFO -     1 ( 8): 107 6B
2022-01-06 08:41:22,073 - root - INFO -     2 (10): 44 2C
2022-01-06 08:41:22,073 - root - INFO - getParameters descriptor was read:
2022-01-06 08:41:22,073 - root - INFO - ParametersTableLength: 107, ImagesCount: 44
2022-01-06 08:41:22,073 - root - INFO - Reading parameters locations...
2022-01-06 08:41:22,073 - root - INFO - 2 (12): 4 bytes
2022-01-06 08:41:22,073 - root - INFO -     1 ( 8): 0  0
2022-01-06 08:41:22,073 - root - INFO -     2 (10): 32 20
2022-01-06 08:41:22,073 - root - INFO - 3 (1A): 4 bytes
2022-01-06 08:41:22,073 - root - INFO -     1 ( 8): 32 20
2022-01-06 08:41:22,073 - root - INFO -     2 (10): 54 36
2022-01-06 08:41:22,073 - root - INFO - 20 (A2): 4 bytes
2022-01-06 08:41:22,073 - root - INFO -     1 ( 8): 86 56
2022-01-06 08:41:22,073 - root - INFO -     2 (10): 21 15
2022-01-06 08:41:22,073 - root - INFO - Watch face parameters locations were read:
2022-01-06 08:41:22,073 - root - INFO - Reading descriptor for parameter 2
2022-01-06 08:41:22,073 - root - INFO - Descriptor offset: 0, Descriptor length: 32
2022-01-06 08:41:22,073 - root - INFO - Parsing descriptor for parameter 2...
2022-01-06 08:41:22,073 - root - INFO - 1 ( A): 6 bytes
2022-01-06 08:41:22,073 - root - INFO -     1 ( 8): 0  0
2022-01-06 08:41:22,073 - root - INFO -     2 (10): 0  0
2022-01-06 08:41:22,073 - root - INFO -     3 (18): 1  1
2022-01-06 08:41:22,073 - root - INFO - 3 (1A): 6 bytes
2022-01-06 08:41:22,073 - root - INFO -     1 ( 8): 0  0
2022-01-06 08:41:22,073 - root - INFO -     2 (10): 0  0
2022-01-06 08:41:22,073 - root - INFO -     3 (18): 0  0
2022-01-06 08:41:22,073 - root - INFO - 4 (22): 6 bytes
2022-01-06 08:41:22,073 - root - INFO -     1 ( 8): 0  0
2022-01-06 08:41:22,073 - root - INFO -     2 (10): 0  0
2022-01-06 08:41:22,073 - root - INFO -     3 (18): 0  0
2022-01-06 08:41:22,073 - root - INFO - 5 (2A): 6 bytes
2022-01-06 08:41:22,073 - root - INFO -     1 ( 8): 0  0
2022-01-06 08:41:22,073 - root - INFO -     2 (10): 0  0
2022-01-06 08:41:22,073 - root - INFO -     3 (18): 0  0
2022-01-06 08:41:22,073 - root - INFO - Reading descriptor for parameter 3
2022-01-06 08:41:22,073 - root - INFO - Descriptor offset: 32, Descriptor length: 54
2022-01-06 08:41:22,073 - root - INFO - Parsing descriptor for parameter 3...
2022-01-06 08:41:22,073 - root - INFO - 1 ( A): 52 bytes
2022-01-06 08:41:22,073 - root - INFO -     1 ( A): 21 bytes
2022-01-06 08:41:22,073 - root - INFO -         1 ( A): 8 bytes
2022-01-06 08:41:22,073 - root - INFO -             1 ( 8): 115 73
2022-01-06 08:41:22,073 - root - INFO -             2 (10): 72 48
2022-01-06 08:41:22,073 - root - INFO -             3 (18): 2  2
2022-01-06 08:41:22,073 - root - INFO -             4 (20): 10  A
2022-01-06 08:41:22,073 - root - INFO -         2 (12): 9 bytes
2022-01-06 08:41:22,073 - root - INFO -             1 ( 8): 155 9B
2022-01-06 08:41:22,073 - root - INFO -             2 (10): 72 48
2022-01-06 08:41:22,073 - root - INFO -             3 (18): 12  C
2022-01-06 08:41:22,073 - root - INFO -             4 (20): 10  A
2022-01-06 08:41:22,073 - root - INFO -     2 (12): 23 bytes
2022-01-06 08:41:22,073 - root - INFO -         1 ( A): 9 bytes
2022-01-06 08:41:22,073 - root - INFO -             1 ( 8): 115 73
2022-01-06 08:41:22,073 - root - INFO -             2 (10): 183 B7
2022-01-06 08:41:22,073 - root - INFO -             3 (18): 22 16
2022-01-06 08:41:22,073 - root - INFO -             4 (20): 10  A
2022-01-06 08:41:22,073 - root - INFO -         2 (12): 10 bytes
2022-01-06 08:41:22,073 - root - INFO -             1 ( 8): 155 9B
2022-01-06 08:41:22,073 - root - INFO -             2 (10): 183 B7
2022-01-06 08:41:22,073 - root - INFO -             3 (18): 32 20
2022-01-06 08:41:22,073 - root - INFO -             4 (20): 10  A
2022-01-06 08:41:22,073 - root - INFO -     7 (38): 0  0
2022-01-06 08:41:22,073 - root - INFO -     8 (40): 1  1
2022-01-06 08:41:22,073 - root - INFO - Reading descriptor for parameter 20
2022-01-06 08:41:22,073 - root - INFO - Descriptor offset: 86, Descriptor length: 21
2022-01-06 08:41:22,073 - root - INFO - Parsing descriptor for parameter 20...
2022-01-06 08:41:22,073 - root - INFO - 2 (12): 6 bytes
2022-01-06 08:41:22,073 - root - INFO -     1 ( 8): 151 97
2022-01-06 08:41:22,073 - root - INFO -     2 (10): 160 A0
2022-01-06 08:41:22,073 - root - INFO - 3 (1A): 4 bytes
2022-01-06 08:41:22,073 - root - INFO -     1 ( 8): 42 2A
2022-01-06 08:41:22,073 - root - INFO -     2 (10): 97 61
2022-01-06 08:41:22,073 - root - INFO - 4 (22): 5 bytes
2022-01-06 08:41:22,073 - root - INFO -     1 ( 8): 43 2B
2022-01-06 08:41:22,089 - root - INFO -     2 (10): 142 8E
2022-01-06 08:41:22,089 - root - INFO - Reading resources offsets table with 44 elements (176 bytes)
2022-01-06 08:41:22,089 - root - INFO - Resource 0 offset: 395, length: 86588...
2022-01-06 08:41:22,089 - root - DEBUG - Reading resource 0...
2022-01-06 08:41:22,120 - root - INFO - The image is bme.
2022-01-06 08:41:22,120 - root - INFO - Reading image header(readHeader16E)...
2022-01-06 08:41:22,120 - root - INFO - Image header was read:
2022-01-06 08:41:22,120 - root - INFO - Width: 202, Height: 214, RowLength: 404
2022-01-06 08:41:22,120 - root - INFO - datalength: 86572, _step: 2
2022-01-06 08:41:22,120 - root - INFO - BPP: 16, Transparency: False
2022-01-06 08:41:22,308 - root - INFO - Resource 1 offset: 86983, length: 192288...
2022-01-06 08:41:22,308 - root - DEBUG - Reading resource 1...
2022-01-06 08:41:22,308 - root - INFO - The image is bme.
2022-01-06 08:41:22,308 - root - INFO - Reading image header(readHeader16E)...
2022-01-06 08:41:22,308 - root - INFO - Image header was read:
2022-01-06 08:41:22,308 - root - INFO - Width: 302, Height: 320, RowLength: 604
2022-01-06 08:41:22,308 - root - INFO - datalength: 192272, _step: 2
2022-01-06 08:41:22,308 - root - INFO - BPP: 16, Transparency: False
2022-01-06 08:41:22,729 - root - INFO - Resource 2 offset: 279271, length: 4566...
2022-01-06 08:41:22,729 - root - DEBUG - Reading resource 2...
2022-01-06 08:41:22,729 - root - INFO - The image is bme.
2022-01-06 08:41:22,729 - root - INFO - Reading image header(readHeader16E)...
2022-01-06 08:41:22,729 - root - INFO - Image header was read:
2022-01-06 08:41:22,729 - root - INFO - Width: 32, Height: 65, RowLength: 64
2022-01-06 08:41:22,729 - root - INFO - datalength: 4550, _step: 2
2022-01-06 08:41:22,729 - root - INFO - BPP: 16, Transparency: False
2022-01-06 08:41:22,729 - root - INFO - Resource 3 offset: 283837, length: 4566...
2022-01-06 08:41:22,729 - root - DEBUG - Reading resource 3...
2022-01-06 08:41:22,729 - root - INFO - The image is bme.
2022-01-06 08:41:22,729 - root - INFO - Reading image header(readHeader16E)...
2022-01-06 08:41:22,729 - root - INFO - Image header was read:
2022-01-06 08:41:22,729 - root - INFO - Width: 32, Height: 65, RowLength: 64
2022-01-06 08:41:22,729 - root - INFO - datalength: 4550, _step: 2
2022-01-06 08:41:22,729 - root - INFO - BPP: 16, Transparency: False
2022-01-06 08:41:22,745 - root - INFO - Resource 4 offset: 288403, length: 4566...
2022-01-06 08:41:22,745 - root - DEBUG - Reading resource 4...
2022-01-06 08:41:22,745 - root - INFO - The image is bme.
2022-01-06 08:41:22,745 - root - INFO - Reading image header(readHeader16E)...
2022-01-06 08:41:22,745 - root - INFO - Image header was read:
2022-01-06 08:41:22,745 - root - INFO - Width: 32, Height: 65, RowLength: 64
2022-01-06 08:41:22,745 - root - INFO - datalength: 4550, _step: 2
2022-01-06 08:41:22,745 - root - INFO - BPP: 16, Transparency: False
2022-01-06 08:41:22,761 - root - INFO - Resource 5 offset: 292969, length: 4566...
2022-01-06 08:41:22,761 - root - DEBUG - Reading resource 5...
2022-01-06 08:41:22,761 - root - INFO - The image is bme.
2022-01-06 08:41:22,761 - root - INFO - Reading image header(readHeader16E)...
2022-01-06 08:41:22,761 - root - INFO - Image header was read:
2022-01-06 08:41:22,761 - root - INFO - Width: 32, Height: 65, RowLength: 64
2022-01-06 08:41:22,761 - root - INFO - datalength: 4550, _step: 2
2022-01-06 08:41:22,761 - root - INFO - BPP: 16, Transparency: False
2022-01-06 08:41:22,761 - root - INFO - Resource 6 offset: 297535, length: 4566...
2022-01-06 08:41:22,761 - root - DEBUG - Reading resource 6...
2022-01-06 08:41:22,761 - root - INFO - The image is bme.
2022-01-06 08:41:22,761 - root - INFO - Reading image header(readHeader16E)...
2022-01-06 08:41:22,761 - root - INFO - Image header was read:
2022-01-06 08:41:22,761 - root - INFO - Width: 32, Height: 65, RowLength: 64
2022-01-06 08:41:22,761 - root - INFO - datalength: 4550, _step: 2
2022-01-06 08:41:22,761 - root - INFO - BPP: 16, Transparency: False
2022-01-06 08:41:22,776 - root - INFO - Resource 7 offset: 302101, length: 4566...
2022-01-06 08:41:22,776 - root - DEBUG - Reading resource 7...
2022-01-06 08:41:22,776 - root - INFO - The image is bme.
2022-01-06 08:41:22,776 - root - INFO - Reading image header(readHeader16E)...
2022-01-06 08:41:22,776 - root - INFO - Image header was read:
2022-01-06 08:41:22,776 - root - INFO - Width: 32, Height: 65, RowLength: 64
2022-01-06 08:41:22,776 - root - INFO - datalength: 4550, _step: 2
2022-01-06 08:41:22,776 - root - INFO - BPP: 16, Transparency: False
2022-01-06 08:41:22,776 - root - INFO - Resource 8 offset: 306667, length: 4566...
2022-01-06 08:41:22,776 - root - DEBUG - Reading resource 8...
2022-01-06 08:41:22,776 - root - INFO - The image is bme.
2022-01-06 08:41:22,776 - root - INFO - Reading image header(readHeader16E)...
2022-01-06 08:41:22,776 - root - INFO - Image header was read:
2022-01-06 08:41:22,776 - root - INFO - Width: 32, Height: 65, RowLength: 64
2022-01-06 08:41:22,776 - root - INFO - datalength: 4550, _step: 2
2022-01-06 08:41:22,776 - root - INFO - BPP: 16, Transparency: False
2022-01-06 08:41:22,792 - root - INFO - Resource 9 offset: 311233, length: 4566...
2022-01-06 08:41:22,792 - root - DEBUG - Reading resource 9...
2022-01-06 08:41:22,792 - root - INFO - The image is bme.
2022-01-06 08:41:22,792 - root - INFO - Reading image header(readHeader16E)...
2022-01-06 08:41:22,792 - root - INFO - Image header was read:
2022-01-06 08:41:22,792 - root - INFO - Width: 32, Height: 65, RowLength: 64
2022-01-06 08:41:22,792 - root - INFO - datalength: 4550, _step: 2
2022-01-06 08:41:22,792 - root - INFO - BPP: 16, Transparency: False
2022-01-06 08:41:22,808 - root - INFO - Resource 10 offset: 315799, length: 4566...
2022-01-06 08:41:22,808 - root - DEBUG - Reading resource 10...
2022-01-06 08:41:22,808 - root - INFO - The image is bme.
2022-01-06 08:41:22,808 - root - INFO - Reading image header(readHeader16E)...
2022-01-06 08:41:22,808 - root - INFO - Image header was read:
2022-01-06 08:41:22,808 - root - INFO - Width: 32, Height: 65, RowLength: 64
2022-01-06 08:41:22,808 - root - INFO - datalength: 4550, _step: 2
2022-01-06 08:41:22,808 - root - INFO - BPP: 16, Transparency: False
2022-01-06 08:41:22,808 - root - INFO - Resource 11 offset: 320365, length: 4566...
2022-01-06 08:41:22,808 - root - DEBUG - Reading resource 11...
2022-01-06 08:41:22,808 - root - INFO - The image is bme.
2022-01-06 08:41:22,808 - root - INFO - Reading image header(readHeader16E)...
2022-01-06 08:41:22,808 - root - INFO - Image header was read:
2022-01-06 08:41:22,808 - root - INFO - Width: 32, Height: 65, RowLength: 64
2022-01-06 08:41:22,808 - root - INFO - datalength: 4550, _step: 2
2022-01-06 08:41:22,808 - root - INFO - BPP: 16, Transparency: False
2022-01-06 08:41:22,823 - root - INFO - Resource 12 offset: 324931, length: 4566...
2022-01-06 08:41:22,823 - root - DEBUG - Reading resource 12...
2022-01-06 08:41:22,823 - root - INFO - The image is bme.
2022-01-06 08:41:22,823 - root - INFO - Reading image header(readHeader16E)...
2022-01-06 08:41:22,823 - root - INFO - Image header was read:
2022-01-06 08:41:22,823 - root - INFO - Width: 32, Height: 65, RowLength: 64
2022-01-06 08:41:22,823 - root - INFO - datalength: 4550, _step: 2
2022-01-06 08:41:22,823 - root - INFO - BPP: 16, Transparency: False
2022-01-06 08:41:22,839 - root - INFO - Resource 13 offset: 329497, length: 4566...
2022-01-06 08:41:22,839 - root - DEBUG - Reading resource 13...
2022-01-06 08:41:22,839 - root - INFO - The image is bme.
2022-01-06 08:41:22,839 - root - INFO - Reading image header(readHeader16E)...
2022-01-06 08:41:22,839 - root - INFO - Image header was read:
2022-01-06 08:41:22,839 - root - INFO - Width: 32, Height: 65, RowLength: 64
2022-01-06 08:41:22,839 - root - INFO - datalength: 4550, _step: 2
2022-01-06 08:41:22,839 - root - INFO - BPP: 16, Transparency: False
2022-01-06 08:41:22,839 - root - INFO - Resource 14 offset: 334063, length: 4566...
2022-01-06 08:41:22,839 - root - DEBUG - Reading resource 14...
2022-01-06 08:41:22,839 - root - INFO - The image is bme.
2022-01-06 08:41:22,839 - root - INFO - Reading image header(readHeader16E)...
2022-01-06 08:41:22,839 - root - INFO - Image header was read:
2022-01-06 08:41:22,839 - root - INFO - Width: 32, Height: 65, RowLength: 64
2022-01-06 08:41:22,839 - root - INFO - datalength: 4550, _step: 2
2022-01-06 08:41:22,839 - root - INFO - BPP: 16, Transparency: False
2022-01-06 08:41:22,854 - root - INFO - Resource 15 offset: 338629, length: 4566...
2022-01-06 08:41:22,854 - root - DEBUG - Reading resource 15...
2022-01-06 08:41:22,854 - root - INFO - The image is bme.
2022-01-06 08:41:22,854 - root - INFO - Reading image header(readHeader16E)...
2022-01-06 08:41:22,854 - root - INFO - Image header was read:
2022-01-06 08:41:22,854 - root - INFO - Width: 32, Height: 65, RowLength: 64
2022-01-06 08:41:22,854 - root - INFO - datalength: 4550, _step: 2
2022-01-06 08:41:22,854 - root - INFO - BPP: 16, Transparency: False
2022-01-06 08:41:22,854 - root - INFO - Resource 16 offset: 343195, length: 4566...
2022-01-06 08:41:22,854 - root - DEBUG - Reading resource 16...
2022-01-06 08:41:22,854 - root - INFO - The image is bme.
2022-01-06 08:41:22,854 - root - INFO - Reading image header(readHeader16E)...
2022-01-06 08:41:22,854 - root - INFO - Image header was read:
2022-01-06 08:41:22,854 - root - INFO - Width: 32, Height: 65, RowLength: 64
2022-01-06 08:41:22,854 - root - INFO - datalength: 4550, _step: 2
2022-01-06 08:41:22,854 - root - INFO - BPP: 16, Transparency: False
2022-01-06 08:41:22,870 - root - INFO - Resource 17 offset: 347761, length: 4566...
2022-01-06 08:41:22,870 - root - DEBUG - Reading resource 17...
2022-01-06 08:41:22,870 - root - INFO - The image is bme.
2022-01-06 08:41:22,870 - root - INFO - Reading image header(readHeader16E)...
2022-01-06 08:41:22,870 - root - INFO - Image header was read:
2022-01-06 08:41:22,870 - root - INFO - Width: 32, Height: 65, RowLength: 64
2022-01-06 08:41:22,870 - root - INFO - datalength: 4550, _step: 2
2022-01-06 08:41:22,870 - root - INFO - BPP: 16, Transparency: False
2022-01-06 08:41:22,886 - root - INFO - Resource 18 offset: 352327, length: 4566...
2022-01-06 08:41:22,886 - root - DEBUG - Reading resource 18...
2022-01-06 08:41:22,886 - root - INFO - The image is bme.
2022-01-06 08:41:22,886 - root - INFO - Reading image header(readHeader16E)...
2022-01-06 08:41:22,886 - root - INFO - Image header was read:
2022-01-06 08:41:22,886 - root - INFO - Width: 32, Height: 65, RowLength: 64
2022-01-06 08:41:22,886 - root - INFO - datalength: 4550, _step: 2
2022-01-06 08:41:22,886 - root - INFO - BPP: 16, Transparency: False
2022-01-06 08:41:22,886 - root - INFO - Resource 19 offset: 356893, length: 4566...
2022-01-06 08:41:22,886 - root - DEBUG - Reading resource 19...
2022-01-06 08:41:22,886 - root - INFO - The image is bme.
2022-01-06 08:41:22,886 - root - INFO - Reading image header(readHeader16E)...
2022-01-06 08:41:22,886 - root - INFO - Image header was read:
2022-01-06 08:41:22,886 - root - INFO - Width: 32, Height: 65, RowLength: 64
2022-01-06 08:41:22,886 - root - INFO - datalength: 4550, _step: 2
2022-01-06 08:41:22,886 - root - INFO - BPP: 16, Transparency: False
2022-01-06 08:41:22,901 - root - INFO - Resource 20 offset: 361459, length: 4566...
2022-01-06 08:41:22,901 - root - DEBUG - Reading resource 20...
2022-01-06 08:41:22,901 - root - INFO - The image is bme.
2022-01-06 08:41:22,901 - root - INFO - Reading image header(readHeader16E)...
2022-01-06 08:41:22,901 - root - INFO - Image header was read:
2022-01-06 08:41:22,901 - root - INFO - Width: 32, Height: 65, RowLength: 64
2022-01-06 08:41:22,901 - root - INFO - datalength: 4550, _step: 2
2022-01-06 08:41:22,901 - root - INFO - BPP: 16, Transparency: False
2022-01-06 08:41:22,901 - root - INFO - Resource 21 offset: 366025, length: 4566...
2022-01-06 08:41:22,901 - root - DEBUG - Reading resource 21...
2022-01-06 08:41:22,901 - root - INFO - The image is bme.
2022-01-06 08:41:22,901 - root - INFO - Reading image header(readHeader16E)...
2022-01-06 08:41:22,901 - root - INFO - Image header was read:
2022-01-06 08:41:22,901 - root - INFO - Width: 32, Height: 65, RowLength: 64
2022-01-06 08:41:22,901 - root - INFO - datalength: 4550, _step: 2
2022-01-06 08:41:22,901 - root - INFO - BPP: 16, Transparency: False
2022-01-06 08:41:22,917 - root - INFO - Resource 22 offset: 370591, length: 4566...
2022-01-06 08:41:22,917 - root - DEBUG - Reading resource 22...
2022-01-06 08:41:22,917 - root - INFO - The image is bme.
2022-01-06 08:41:22,917 - root - INFO - Reading image header(readHeader16E)...
2022-01-06 08:41:22,917 - root - INFO - Image header was read:
2022-01-06 08:41:22,917 - root - INFO - Width: 32, Height: 65, RowLength: 64
2022-01-06 08:41:22,917 - root - INFO - datalength: 4550, _step: 2
2022-01-06 08:41:22,917 - root - INFO - BPP: 16, Transparency: False
2022-01-06 08:41:22,933 - root - INFO - Resource 23 offset: 375157, length: 4566...
2022-01-06 08:41:22,933 - root - DEBUG - Reading resource 23...
2022-01-06 08:41:22,933 - root - INFO - The image is bme.
2022-01-06 08:41:22,933 - root - INFO - Reading image header(readHeader16E)...
2022-01-06 08:41:22,933 - root - INFO - Image header was read:
2022-01-06 08:41:22,933 - root - INFO - Width: 32, Height: 65, RowLength: 64
2022-01-06 08:41:22,933 - root - INFO - datalength: 4550, _step: 2
2022-01-06 08:41:22,933 - root - INFO - BPP: 16, Transparency: False
2022-01-06 08:41:22,933 - root - INFO - Resource 24 offset: 379723, length: 4566...
2022-01-06 08:41:22,933 - root - DEBUG - Reading resource 24...
2022-01-06 08:41:22,933 - root - INFO - The image is bme.
2022-01-06 08:41:22,933 - root - INFO - Reading image header(readHeader16E)...
2022-01-06 08:41:22,933 - root - INFO - Image header was read:
2022-01-06 08:41:22,933 - root - INFO - Width: 32, Height: 65, RowLength: 64
2022-01-06 08:41:22,933 - root - INFO - datalength: 4550, _step: 2
2022-01-06 08:41:22,933 - root - INFO - BPP: 16, Transparency: False
2022-01-06 08:41:22,948 - root - INFO - Resource 25 offset: 384289, length: 4566...
2022-01-06 08:41:22,948 - root - DEBUG - Reading resource 25...
2022-01-06 08:41:22,948 - root - INFO - The image is bme.
2022-01-06 08:41:22,948 - root - INFO - Reading image header(readHeader16E)...
2022-01-06 08:41:22,948 - root - INFO - Image header was read:
2022-01-06 08:41:22,948 - root - INFO - Width: 32, Height: 65, RowLength: 64
2022-01-06 08:41:22,948 - root - INFO - datalength: 4550, _step: 2
2022-01-06 08:41:22,948 - root - INFO - BPP: 16, Transparency: False
2022-01-06 08:41:22,964 - root - INFO - Resource 26 offset: 388855, length: 4566...
2022-01-06 08:41:22,964 - root - DEBUG - Reading resource 26...
2022-01-06 08:41:22,964 - root - INFO - The image is bme.
2022-01-06 08:41:22,964 - root - INFO - Reading image header(readHeader16E)...
2022-01-06 08:41:22,964 - root - INFO - Image header was read:
2022-01-06 08:41:22,964 - root - INFO - Width: 32, Height: 65, RowLength: 64
2022-01-06 08:41:22,964 - root - INFO - datalength: 4550, _step: 2
2022-01-06 08:41:22,964 - root - INFO - BPP: 16, Transparency: False
2022-01-06 08:41:22,964 - root - INFO - Resource 27 offset: 393421, length: 4566...
2022-01-06 08:41:22,964 - root - DEBUG - Reading resource 27...
2022-01-06 08:41:22,964 - root - INFO - The image is bme.
2022-01-06 08:41:22,964 - root - INFO - Reading image header(readHeader16E)...
2022-01-06 08:41:22,964 - root - INFO - Image header was read:
2022-01-06 08:41:22,964 - root - INFO - Width: 32, Height: 65, RowLength: 64
2022-01-06 08:41:22,964 - root - INFO - datalength: 4550, _step: 2
2022-01-06 08:41:22,964 - root - INFO - BPP: 16, Transparency: False
2022-01-06 08:41:22,979 - root - INFO - Resource 28 offset: 397987, length: 4566...
2022-01-06 08:41:22,979 - root - DEBUG - Reading resource 28...
2022-01-06 08:41:22,979 - root - INFO - The image is bme.
2022-01-06 08:41:22,979 - root - INFO - Reading image header(readHeader16E)...
2022-01-06 08:41:22,979 - root - INFO - Image header was read:
2022-01-06 08:41:22,979 - root - INFO - Width: 32, Height: 65, RowLength: 64
2022-01-06 08:41:22,979 - root - INFO - datalength: 4550, _step: 2
2022-01-06 08:41:22,979 - root - INFO - BPP: 16, Transparency: False
2022-01-06 08:41:22,979 - root - INFO - Resource 29 offset: 402553, length: 4566...
2022-01-06 08:41:22,979 - root - DEBUG - Reading resource 29...
2022-01-06 08:41:22,979 - root - INFO - The image is bme.
2022-01-06 08:41:22,979 - root - INFO - Reading image header(readHeader16E)...
2022-01-06 08:41:22,979 - root - INFO - Image header was read:
2022-01-06 08:41:22,979 - root - INFO - Width: 32, Height: 65, RowLength: 64
2022-01-06 08:41:22,979 - root - INFO - datalength: 4550, _step: 2
2022-01-06 08:41:22,979 - root - INFO - BPP: 16, Transparency: False
2022-01-06 08:41:22,995 - root - INFO - Resource 30 offset: 407119, length: 4566...
2022-01-06 08:41:22,995 - root - DEBUG - Reading resource 30...
2022-01-06 08:41:22,995 - root - INFO - The image is bme.
2022-01-06 08:41:22,995 - root - INFO - Reading image header(readHeader16E)...
2022-01-06 08:41:22,995 - root - INFO - Image header was read:
2022-01-06 08:41:22,995 - root - INFO - Width: 32, Height: 65, RowLength: 64
2022-01-06 08:41:22,995 - root - INFO - datalength: 4550, _step: 2
2022-01-06 08:41:22,995 - root - INFO - BPP: 16, Transparency: False
2022-01-06 08:41:23,011 - root - INFO - Resource 31 offset: 411685, length: 4566...
2022-01-06 08:41:23,011 - root - DEBUG - Reading resource 31...
2022-01-06 08:41:23,011 - root - INFO - The image is bme.
2022-01-06 08:41:23,011 - root - INFO - Reading image header(readHeader16E)...
2022-01-06 08:41:23,011 - root - INFO - Image header was read:
2022-01-06 08:41:23,011 - root - INFO - Width: 32, Height: 65, RowLength: 64
2022-01-06 08:41:23,011 - root - INFO - datalength: 4550, _step: 2
2022-01-06 08:41:23,011 - root - INFO - BPP: 16, Transparency: False
2022-01-06 08:41:23,011 - root - INFO - Resource 32 offset: 416251, length: 4566...
2022-01-06 08:41:23,011 - root - DEBUG - Reading resource 32...
2022-01-06 08:41:23,011 - root - INFO - The image is bme.
2022-01-06 08:41:23,011 - root - INFO - Reading image header(readHeader16E)...
2022-01-06 08:41:23,011 - root - INFO - Image header was read:
2022-01-06 08:41:23,011 - root - INFO - Width: 32, Height: 65, RowLength: 64
2022-01-06 08:41:23,011 - root - INFO - datalength: 4550, _step: 2
2022-01-06 08:41:23,011 - root - INFO - BPP: 16, Transparency: False
2022-01-06 08:41:23,026 - root - INFO - Resource 33 offset: 420817, length: 4566...
2022-01-06 08:41:23,026 - root - DEBUG - Reading resource 33...
2022-01-06 08:41:23,026 - root - INFO - The image is bme.
2022-01-06 08:41:23,026 - root - INFO - Reading image header(readHeader16E)...
2022-01-06 08:41:23,026 - root - INFO - Image header was read:
2022-01-06 08:41:23,026 - root - INFO - Width: 32, Height: 65, RowLength: 64
2022-01-06 08:41:23,026 - root - INFO - datalength: 4550, _step: 2
2022-01-06 08:41:23,026 - root - INFO - BPP: 16, Transparency: False
2022-01-06 08:41:23,026 - root - INFO - Resource 34 offset: 425383, length: 4566...
2022-01-06 08:41:23,026 - root - DEBUG - Reading resource 34...
2022-01-06 08:41:23,026 - root - INFO - The image is bme.
2022-01-06 08:41:23,026 - root - INFO - Reading image header(readHeader16E)...
2022-01-06 08:41:23,026 - root - INFO - Image header was read:
2022-01-06 08:41:23,026 - root - INFO - Width: 32, Height: 65, RowLength: 64
2022-01-06 08:41:23,026 - root - INFO - datalength: 4550, _step: 2
2022-01-06 08:41:23,026 - root - INFO - BPP: 16, Transparency: False
2022-01-06 08:41:23,042 - root - INFO - Resource 35 offset: 429949, length: 4566...
2022-01-06 08:41:23,042 - root - DEBUG - Reading resource 35...
2022-01-06 08:41:23,042 - root - INFO - The image is bme.
2022-01-06 08:41:23,042 - root - INFO - Reading image header(readHeader16E)...
2022-01-06 08:41:23,042 - root - INFO - Image header was read:
2022-01-06 08:41:23,042 - root - INFO - Width: 32, Height: 65, RowLength: 64
2022-01-06 08:41:23,042 - root - INFO - datalength: 4550, _step: 2
2022-01-06 08:41:23,042 - root - INFO - BPP: 16, Transparency: False
2022-01-06 08:41:23,058 - root - INFO - Resource 36 offset: 434515, length: 4566...
2022-01-06 08:41:23,058 - root - DEBUG - Reading resource 36...
2022-01-06 08:41:23,058 - root - INFO - The image is bme.
2022-01-06 08:41:23,058 - root - INFO - Reading image header(readHeader16E)...
2022-01-06 08:41:23,058 - root - INFO - Image header was read:
2022-01-06 08:41:23,058 - root - INFO - Width: 32, Height: 65, RowLength: 64
2022-01-06 08:41:23,058 - root - INFO - datalength: 4550, _step: 2
2022-01-06 08:41:23,058 - root - INFO - BPP: 16, Transparency: False
2022-01-06 08:41:23,058 - root - INFO - Resource 37 offset: 439081, length: 4566...
2022-01-06 08:41:23,058 - root - DEBUG - Reading resource 37...
2022-01-06 08:41:23,058 - root - INFO - The image is bme.
2022-01-06 08:41:23,058 - root - INFO - Reading image header(readHeader16E)...
2022-01-06 08:41:23,058 - root - INFO - Image header was read:
2022-01-06 08:41:23,058 - root - INFO - Width: 32, Height: 65, RowLength: 64
2022-01-06 08:41:23,058 - root - INFO - datalength: 4550, _step: 2
2022-01-06 08:41:23,058 - root - INFO - BPP: 16, Transparency: False
2022-01-06 08:41:23,073 - root - INFO - Resource 38 offset: 443647, length: 4566...
2022-01-06 08:41:23,073 - root - DEBUG - Reading resource 38...
2022-01-06 08:41:23,073 - root - INFO - The image is bme.
2022-01-06 08:41:23,073 - root - INFO - Reading image header(readHeader16E)...
2022-01-06 08:41:23,073 - root - INFO - Image header was read:
2022-01-06 08:41:23,073 - root - INFO - Width: 32, Height: 65, RowLength: 64
2022-01-06 08:41:23,073 - root - INFO - datalength: 4550, _step: 2
2022-01-06 08:41:23,073 - root - INFO - BPP: 16, Transparency: False
2022-01-06 08:41:23,073 - root - INFO - Resource 39 offset: 448213, length: 4566...
2022-01-06 08:41:23,073 - root - DEBUG - Reading resource 39...
2022-01-06 08:41:23,073 - root - INFO - The image is bme.
2022-01-06 08:41:23,073 - root - INFO - Reading image header(readHeader16E)...
2022-01-06 08:41:23,073 - root - INFO - Image header was read:
2022-01-06 08:41:23,089 - root - INFO - Width: 32, Height: 65, RowLength: 64
2022-01-06 08:41:23,089 - root - INFO - datalength: 4550, _step: 2
2022-01-06 08:41:23,089 - root - INFO - BPP: 16, Transparency: False
2022-01-06 08:41:23,089 - root - INFO - Resource 40 offset: 452779, length: 4566...
2022-01-06 08:41:23,089 - root - DEBUG - Reading resource 40...
2022-01-06 08:41:23,089 - root - INFO - The image is bme.
2022-01-06 08:41:23,089 - root - INFO - Reading image header(readHeader16E)...
2022-01-06 08:41:23,089 - root - INFO - Image header was read:
2022-01-06 08:41:23,089 - root - INFO - Width: 32, Height: 65, RowLength: 64
2022-01-06 08:41:23,089 - root - INFO - datalength: 4550, _step: 2
2022-01-06 08:41:23,089 - root - INFO - BPP: 16, Transparency: False
2022-01-06 08:41:23,104 - root - INFO - Resource 41 offset: 457345, length: 4566...
2022-01-06 08:41:23,104 - root - DEBUG - Reading resource 41...
2022-01-06 08:41:23,104 - root - INFO - The image is bme.
2022-01-06 08:41:23,104 - root - INFO - Reading image header(readHeader16E)...
2022-01-06 08:41:23,104 - root - INFO - Image header was read:
2022-01-06 08:41:23,104 - root - INFO - Width: 32, Height: 65, RowLength: 64
2022-01-06 08:41:23,104 - root - INFO - datalength: 4550, _step: 2
2022-01-06 08:41:23,104 - root - INFO - BPP: 16, Transparency: False
2022-01-06 08:41:23,104 - root - INFO - Resource 42 offset: 461911, length: 10711...
2022-01-06 08:41:23,104 - root - DEBUG - Reading resource 42...
2022-01-06 08:41:23,104 - root - INFO - The image is bmc.
2022-01-06 08:41:23,104 - root - INFO - Reading image header(readHeader16C)...
2022-01-06 08:41:23,104 - root - INFO - Image header was read:
2022-01-06 08:41:23,104 - root - INFO - Width: 31, Height: 115, RowLength: 93
2022-01-06 08:41:23,104 - root - INFO - _step: 3, unknown2: 0,
2022-01-06 08:41:23,104 - root - INFO - BPP: 24, Transparency: False
2022-01-06 08:41:23,120 - root - INFO - Resource 43 offset: 472622, length: 14023...
2022-01-06 08:41:23,120 - root - DEBUG - Reading resource 43...
2022-01-06 08:41:23,120 - root - INFO - The image is bmc.
2022-01-06 08:41:23,120 - root - INFO - Reading image header(readHeader16C)...
2022-01-06 08:41:23,120 - root - INFO - Image header was read:
2022-01-06 08:41:23,120 - root - INFO - Width: 29, Height: 161, RowLength: 87
2022-01-06 08:41:23,120 - root - INFO - _step: 3, unknown2: 0,
2022-01-06 08:41:23,120 - root - INFO - BPP: 24, Transparency: False
2022-01-06 08:41:23,136 - root - DEBUG - Parsing parameters...
2022-01-06 08:41:23,214 - root - DEBUG - 0 Value: None
2022-01-06 08:41:23,214 - root - DEBUG - 0.1 Value: 71
2022-01-06 08:41:23,214 - root - DEBUG - 2 Value: None
2022-01-06 08:41:23,214 - root - DEBUG - 2.1 Value: None
2022-01-06 08:41:23,214 - root - DEBUG - 2.1.1 Value: 0
2022-01-06 08:41:23,214 - root - DEBUG - 2.1.2 Value: 0
2022-01-06 08:41:23,214 - root - DEBUG - 2.1.3 Value: 1
2022-01-06 08:41:23,214 - root - DEBUG - 2.3 Value: None
2022-01-06 08:41:23,214 - root - DEBUG - 2.3.1 Value: 0
2022-01-06 08:41:23,214 - root - DEBUG - 2.3.2 Value: 0
2022-01-06 08:41:23,214 - root - DEBUG - 2.3.3 Value: 0
2022-01-06 08:41:23,214 - root - DEBUG - 2.4 Value: None
2022-01-06 08:41:23,214 - root - DEBUG - 2.4.1 Value: 0
2022-01-06 08:41:23,214 - root - DEBUG - 2.4.2 Value: 0
2022-01-06 08:41:23,214 - root - DEBUG - 2.4.3 Value: 0
2022-01-06 08:41:23,214 - root - DEBUG - 2.5 Value: None
2022-01-06 08:41:23,214 - root - DEBUG - 2.5.1 Value: 0
2022-01-06 08:41:23,214 - root - DEBUG - 2.5.2 Value: 0
2022-01-06 08:41:23,214 - root - DEBUG - 2.5.3 Value: 0
2022-01-06 08:41:23,214 - root - DEBUG - 3 Value: None
2022-01-06 08:41:23,214 - root - DEBUG - 3.1 Value: None
2022-01-06 08:41:23,214 - root - DEBUG - 3.1.1 Value: None
2022-01-06 08:41:23,214 - root - DEBUG - 3.1.1.1 Value: None
2022-01-06 08:41:23,214 - root - DEBUG - 3.1.1.1.1 Value: 115
2022-01-06 08:41:23,214 - root - DEBUG - 3.1.1.1.2 Value: 72
2022-01-06 08:41:23,214 - root - DEBUG - 3.1.1.1.3 Value: 2
2022-01-06 08:41:23,214 - root - DEBUG - 3.1.1.1.4 Value: 10
2022-01-06 08:41:23,214 - root - DEBUG - 3.1.1.2 Value: None
2022-01-06 08:41:23,214 - root - DEBUG - 3.1.1.2.1 Value: 155
2022-01-06 08:41:23,214 - root - DEBUG - 3.1.1.2.2 Value: 72
2022-01-06 08:41:23,214 - root - DEBUG - 3.1.1.2.3 Value: 12
2022-01-06 08:41:23,214 - root - DEBUG - 3.1.1.2.4 Value: 10
2022-01-06 08:41:23,214 - root - DEBUG - 3.1.2 Value: None
2022-01-06 08:41:23,214 - root - DEBUG - 3.1.2.1 Value: None
2022-01-06 08:41:23,214 - root - DEBUG - 3.1.2.1.1 Value: 115
2022-01-06 08:41:23,214 - root - DEBUG - 3.1.2.1.2 Value: 183
2022-01-06 08:41:23,214 - root - DEBUG - 3.1.2.1.3 Value: 22
2022-01-06 08:41:23,214 - root - DEBUG - 3.1.2.1.4 Value: 10
2022-01-06 08:41:23,214 - root - DEBUG - 3.1.2.2 Value: None
2022-01-06 08:41:23,214 - root - DEBUG - 3.1.2.2.1 Value: 155
2022-01-06 08:41:23,214 - root - DEBUG - 3.1.2.2.2 Value: 183
2022-01-06 08:41:23,214 - root - DEBUG - 3.1.2.2.3 Value: 32
2022-01-06 08:41:23,214 - root - DEBUG - 3.1.2.2.4 Value: 10
2022-01-06 08:41:23,214 - root - DEBUG - 3.1.7 Value: 0
2022-01-06 08:41:23,214 - root - DEBUG - 3.1.8 Value: 1
2022-01-06 08:41:23,214 - root - DEBUG - 20 Value: None
2022-01-06 08:41:23,214 - root - DEBUG - 20.2 Value: None
2022-01-06 08:41:23,214 - root - DEBUG - 20.2.1 Value: 151
2022-01-06 08:41:23,214 - root - DEBUG - 20.2.2 Value: 160
2022-01-06 08:41:23,214 - root - DEBUG - 20.3 Value: None
2022-01-06 08:41:23,214 - root - DEBUG - 20.3.1 Value: 42
2022-01-06 08:41:23,214 - root - DEBUG - 20.3.2 Value: 97
2022-01-06 08:41:23,214 - root - DEBUG - 20.4 Value: None
2022-01-06 08:41:23,214 - root - DEBUG - 20.4.1 Value: 43
2022-01-06 08:41:23,214 - root - DEBUG - 20.4.2 Value: 142
2022-01-06 08:41:23,214 - root - DEBUG - 0-Info
2022-01-06 08:41:23,214 - root - DEBUG - 0.1-DeviceId
2022-01-06 08:41:23,214 - root - DEBUG - 2-Background
2022-01-06 08:41:23,214 - root - DEBUG - 2.1-Image
2022-01-06 08:41:23,214 - root - DEBUG - 2.1.1-X
2022-01-06 08:41:23,214 - root - DEBUG - 2.1.2-Y
2022-01-06 08:41:23,214 - root - DEBUG - 2.1.3-ImageIndex
2022-01-06 08:41:23,214 - root - DEBUG - 2.3-Preview
2022-01-06 08:41:23,214 - root - DEBUG - 2.3.1-X
2022-01-06 08:41:23,214 - root - DEBUG - 2.3.2-Y
2022-01-06 08:41:23,214 - root - DEBUG - 2.3.3-ImageIndex
2022-01-06 08:41:23,214 - root - DEBUG - 2.4-PreviewTradChinese
2022-01-06 08:41:23,214 - root - DEBUG - 2.4.1-X
2022-01-06 08:41:23,214 - root - DEBUG - 2.4.2-Y
2022-01-06 08:41:23,214 - root - DEBUG - 2.4.3-ImageIndex
2022-01-06 08:41:23,214 - root - DEBUG - 2.5-PreviewChinese
2022-01-06 08:41:23,214 - root - DEBUG - 2.5.1-X
2022-01-06 08:41:23,214 - root - DEBUG - 2.5.2-Y
2022-01-06 08:41:23,214 - root - DEBUG - 2.5.3-ImageIndex
2022-01-06 08:41:23,214 - root - DEBUG - 3-TimeExtended
2022-01-06 08:41:23,214 - root - DEBUG - 3.1-TimeSeparateDigits
2022-01-06 08:41:23,214 - root - DEBUG - 3.1.1-Hours
2022-01-06 08:41:23,214 - root - DEBUG - 3.1.1.1-Tens
2022-01-06 08:41:23,214 - root - DEBUG - 3.1.1.1.1-X
2022-01-06 08:41:23,214 - root - DEBUG - 3.1.1.1.2-Y
2022-01-06 08:41:23,214 - root - DEBUG - 3.1.1.1.3-ImageIndex
2022-01-06 08:41:23,214 - root - DEBUG - 3.1.1.1.4-ImagesCount
2022-01-06 08:41:23,214 - root - DEBUG - 3.1.1.2-Ones
2022-01-06 08:41:23,214 - root - DEBUG - 3.1.1.2.1-X
2022-01-06 08:41:23,214 - root - DEBUG - 3.1.1.2.2-Y
2022-01-06 08:41:23,214 - root - DEBUG - 3.1.1.2.3-ImageIndex
2022-01-06 08:41:23,214 - root - DEBUG - 3.1.1.2.4-ImagesCount
2022-01-06 08:41:23,214 - root - DEBUG - 3.1.2-Minutes
2022-01-06 08:41:23,214 - root - DEBUG - 3.1.2.1-Tens
2022-01-06 08:41:23,214 - root - DEBUG - 3.1.2.1.1-X
2022-01-06 08:41:23,214 - root - DEBUG - 3.1.2.1.2-Y
2022-01-06 08:41:23,214 - root - DEBUG - 3.1.2.1.3-ImageIndex
2022-01-06 08:41:23,214 - root - DEBUG - 3.1.2.1.4-ImagesCount
2022-01-06 08:41:23,214 - root - DEBUG - 3.1.2.2-Ones
2022-01-06 08:41:23,214 - root - DEBUG - 3.1.2.2.1-X
2022-01-06 08:41:23,214 - root - DEBUG - 3.1.2.2.2-Y
2022-01-06 08:41:23,214 - root - DEBUG - 3.1.2.2.3-ImageIndex
2022-01-06 08:41:23,214 - root - DEBUG - 3.1.2.2.4-ImagesCount
2022-01-06 08:41:23,214 - root - DEBUG - 3.1.7-PaddingZeroHours
2022-01-06 08:41:23,214 - root - DEBUG - 3.1.8-PaddingZeroMinutes
2022-01-06 08:41:23,214 - root - DEBUG - 20-TimeAnalog
2022-01-06 08:41:23,214 - root - DEBUG - 20.2-CommonCenterCoordinates
2022-01-06 08:41:23,214 - root - DEBUG - 20.2.1-X
2022-01-06 08:41:23,214 - root - DEBUG - 20.2.2-Y
2022-01-06 08:41:23,214 - root - DEBUG - 20.3-Hours
2022-01-06 08:41:23,214 - root - DEBUG - 20.3.1-ImageIndex
2022-01-06 08:41:23,214 - root - DEBUG - 20.3.2-PointerCenterOfRotationY
2022-01-06 08:41:23,214 - root - DEBUG - 20.4-Minutes
2022-01-06 08:41:23,214 - root - DEBUG - 20.4.1-ImageIndex
2022-01-06 08:41:23,214 - root - DEBUG - 20.4.2-PointerCenterOfRotationY
2022-01-06 08:41:23,214 - root - DEBUG - generatePreviews
2022-01-06 08:41:23,214 - root - DEBUG - Generating previews...
2022-01-06 08:41:23,214 - root - DEBUG - Generating states done...
2022-01-06 08:41:23,229 - root - DEBUG - >>>>>>>>>>>> 0 <watchFaceParser.models.parameter.Parameter object at 0x00000177D5DBE9C8>
2022-01-06 08:41:23,229 - root - DEBUG - >>>>>>>>>>>> 2 <watchFaceParser.models.parameter.Parameter object at 0x00000177D5DB2F48>
2022-01-06 08:41:23,229 - root - DEBUG - >>>>>>>>>>>> 3 <watchFaceParser.models.parameter.Parameter object at 0x00000177D5DB2808>
2022-01-06 08:41:23,229 - root - DEBUG - >>>>>>>>>>>> 20 <watchFaceParser.models.parameter.Parameter object at 0x00000177D5DBE948>
2022-01-06 08:41:23,276 - root - DEBUG - Generating static preview gen done...
2022-01-06 08:41:23,339 - root - DEBUG - Generating static preview save done...
2022-01-06 08:41:23,339 - root - DEBUG - Generating anim preview gen done...
2022-01-06 08:41:23,339 - root - DEBUG - >>>>>>>>>>>> 0 <watchFaceParser.models.parameter.Parameter object at 0x00000177D5DBE9C8>
2022-01-06 08:41:23,339 - root - DEBUG - >>>>>>>>>>>> 2 <watchFaceParser.models.parameter.Parameter object at 0x00000177D5DB2F48>
2022-01-06 08:41:23,339 - root - DEBUG - >>>>>>>>>>>> 3 <watchFaceParser.models.parameter.Parameter object at 0x00000177D5DB2808>
2022-01-06 08:41:23,339 - root - DEBUG - >>>>>>>>>>>> 20 <watchFaceParser.models.parameter.Parameter object at 0x00000177D5DBE948>
2022-01-06 08:41:23,714 - root - DEBUG - generatePreviews done
2022-01-06 08:41:23,714 - root - DEBUG - Exporting resources to 'E:\Codez\zepp-bipupro-wf\35b813bafadc93f2eab7e627d2b468f2'
2022-01-06 08:41:23,714 - root - DEBUG - extracting E:\Codez\zepp-bipupro-wf\35b813bafadc93f2eab7e627d2b468f2\0000.png...
2022-01-06 08:41:23,729 - root - DEBUG - extracting E:\Codez\zepp-bipupro-wf\35b813bafadc93f2eab7e627d2b468f2\0001.png...
2022-01-06 08:41:23,761 - root - DEBUG - extracting E:\Codez\zepp-bipupro-wf\35b813bafadc93f2eab7e627d2b468f2\0002.png...
2022-01-06 08:41:23,761 - root - DEBUG - extracting E:\Codez\zepp-bipupro-wf\35b813bafadc93f2eab7e627d2b468f2\0003.png...
2022-01-06 08:41:23,761 - root - DEBUG - extracting E:\Codez\zepp-bipupro-wf\35b813bafadc93f2eab7e627d2b468f2\0004.png...
2022-01-06 08:41:23,761 - root - DEBUG - extracting E:\Codez\zepp-bipupro-wf\35b813bafadc93f2eab7e627d2b468f2\0005.png...
2022-01-06 08:41:23,761 - root - DEBUG - extracting E:\Codez\zepp-bipupro-wf\35b813bafadc93f2eab7e627d2b468f2\0006.png...
2022-01-06 08:41:23,761 - root - DEBUG - extracting E:\Codez\zepp-bipupro-wf\35b813bafadc93f2eab7e627d2b468f2\0007.png...
2022-01-06 08:41:23,761 - root - DEBUG - extracting E:\Codez\zepp-bipupro-wf\35b813bafadc93f2eab7e627d2b468f2\0008.png...
2022-01-06 08:41:23,761 - root - DEBUG - extracting E:\Codez\zepp-bipupro-wf\35b813bafadc93f2eab7e627d2b468f2\0009.png...
2022-01-06 08:41:23,761 - root - DEBUG - extracting E:\Codez\zepp-bipupro-wf\35b813bafadc93f2eab7e627d2b468f2\0010.png...
2022-01-06 08:41:23,761 - root - DEBUG - extracting E:\Codez\zepp-bipupro-wf\35b813bafadc93f2eab7e627d2b468f2\0011.png...
2022-01-06 08:41:23,761 - root - DEBUG - extracting E:\Codez\zepp-bipupro-wf\35b813bafadc93f2eab7e627d2b468f2\0012.png...
2022-01-06 08:41:23,761 - root - DEBUG - extracting E:\Codez\zepp-bipupro-wf\35b813bafadc93f2eab7e627d2b468f2\0013.png...
2022-01-06 08:41:23,776 - root - DEBUG - extracting E:\Codez\zepp-bipupro-wf\35b813bafadc93f2eab7e627d2b468f2\0014.png...
2022-01-06 08:41:23,776 - root - DEBUG - extracting E:\Codez\zepp-bipupro-wf\35b813bafadc93f2eab7e627d2b468f2\0015.png...
2022-01-06 08:41:23,776 - root - DEBUG - extracting E:\Codez\zepp-bipupro-wf\35b813bafadc93f2eab7e627d2b468f2\0016.png...
2022-01-06 08:41:23,776 - root - DEBUG - extracting E:\Codez\zepp-bipupro-wf\35b813bafadc93f2eab7e627d2b468f2\0017.png...
2022-01-06 08:41:23,776 - root - DEBUG - extracting E:\Codez\zepp-bipupro-wf\35b813bafadc93f2eab7e627d2b468f2\0018.png...
2022-01-06 08:41:23,776 - root - DEBUG - extracting E:\Codez\zepp-bipupro-wf\35b813bafadc93f2eab7e627d2b468f2\0019.png...
2022-01-06 08:41:23,776 - root - DEBUG - extracting E:\Codez\zepp-bipupro-wf\35b813bafadc93f2eab7e627d2b468f2\0020.png...
2022-01-06 08:41:23,776 - root - DEBUG - extracting E:\Codez\zepp-bipupro-wf\35b813bafadc93f2eab7e627d2b468f2\0021.png...
2022-01-06 08:41:23,776 - root - DEBUG - extracting E:\Codez\zepp-bipupro-wf\35b813bafadc93f2eab7e627d2b468f2\0022.png...
2022-01-06 08:41:23,776 - root - DEBUG - extracting E:\Codez\zepp-bipupro-wf\35b813bafadc93f2eab7e627d2b468f2\0023.png...
2022-01-06 08:41:23,776 - root - DEBUG - extracting E:\Codez\zepp-bipupro-wf\35b813bafadc93f2eab7e627d2b468f2\0024.png...
2022-01-06 08:41:23,776 - root - DEBUG - extracting E:\Codez\zepp-bipupro-wf\35b813bafadc93f2eab7e627d2b468f2\0025.png...
2022-01-06 08:41:23,776 - root - DEBUG - extracting E:\Codez\zepp-bipupro-wf\35b813bafadc93f2eab7e627d2b468f2\0026.png...
2022-01-06 08:41:23,792 - root - DEBUG - extracting E:\Codez\zepp-bipupro-wf\35b813bafadc93f2eab7e627d2b468f2\0027.png...
2022-01-06 08:41:23,792 - root - DEBUG - extracting E:\Codez\zepp-bipupro-wf\35b813bafadc93f2eab7e627d2b468f2\0028.png...
2022-01-06 08:41:23,792 - root - DEBUG - extracting E:\Codez\zepp-bipupro-wf\35b813bafadc93f2eab7e627d2b468f2\0029.png...
2022-01-06 08:41:23,792 - root - DEBUG - extracting E:\Codez\zepp-bipupro-wf\35b813bafadc93f2eab7e627d2b468f2\0030.png...
2022-01-06 08:41:23,792 - root - DEBUG - extracting E:\Codez\zepp-bipupro-wf\35b813bafadc93f2eab7e627d2b468f2\0031.png...
2022-01-06 08:41:23,792 - root - DEBUG - extracting E:\Codez\zepp-bipupro-wf\35b813bafadc93f2eab7e627d2b468f2\0032.png...
2022-01-06 08:41:23,792 - root - DEBUG - extracting E:\Codez\zepp-bipupro-wf\35b813bafadc93f2eab7e627d2b468f2\0033.png...
2022-01-06 08:41:23,792 - root - DEBUG - extracting E:\Codez\zepp-bipupro-wf\35b813bafadc93f2eab7e627d2b468f2\0034.png...
2022-01-06 08:41:23,792 - root - DEBUG - extracting E:\Codez\zepp-bipupro-wf\35b813bafadc93f2eab7e627d2b468f2\0035.png...
2022-01-06 08:41:23,792 - root - DEBUG - extracting E:\Codez\zepp-bipupro-wf\35b813bafadc93f2eab7e627d2b468f2\0036.png...
2022-01-06 08:41:23,792 - root - DEBUG - extracting E:\Codez\zepp-bipupro-wf\35b813bafadc93f2eab7e627d2b468f2\0037.png...
2022-01-06 08:41:23,808 - root - DEBUG - extracting E:\Codez\zepp-bipupro-wf\35b813bafadc93f2eab7e627d2b468f2\0038.png...
2022-01-06 08:41:23,808 - root - DEBUG - extracting E:\Codez\zepp-bipupro-wf\35b813bafadc93f2eab7e627d2b468f2\0039.png...
2022-01-06 08:41:23,808 - root - DEBUG - extracting E:\Codez\zepp-bipupro-wf\35b813bafadc93f2eab7e627d2b468f2\0040.png...
2022-01-06 08:41:23,808 - root - DEBUG - extracting E:\Codez\zepp-bipupro-wf\35b813bafadc93f2eab7e627d2b468f2\0041.png...
2022-01-06 08:41:23,808 - root - DEBUG - extracting E:\Codez\zepp-bipupro-wf\35b813bafadc93f2eab7e627d2b468f2\0042.png...
2022-01-06 08:41:23,808 - root - DEBUG - extracting E:\Codez\zepp-bipupro-wf\35b813bafadc93f2eab7e627d2b468f2\0043.png...
2022-01-06 08:41:23,808 - root - DEBUG - Exporting config...
