2021-12-28 10:54:22,885 - root - DEBUG - Opening watch face 'E:\Codez\zepp-bipupro-wf\49abe15b84ab064ceaab1b409322b78a.bin'
2021-12-28 10:54:22,898 - root - DEBUG - Reading parameters...
2021-12-28 10:54:22,899 - root - INFO - Reading header...
2021-12-28 10:54:22,900 - root - INFO - Header was read:
2021-12-28 10:54:22,900 - root - INFO - Signature: b'UIHH\x01\x00\xff', Unknown: 58, ParametersSize: 25, isValid: True, deviceId: 71
2021-12-28 10:54:22,900 - root - INFO - Reading parameter offsets...
2021-12-28 10:54:22,900 - root - INFO - Parameter offsets were read from file
2021-12-28 10:54:22,900 - root - INFO - Reading parameters descriptor...
2021-12-28 10:54:22,900 - root - INFO - 1 ( A): 5 bytes
2021-12-28 10:54:22,900 - root - INFO -     1 ( 8): 144 90
2021-12-28 10:54:22,900 - root - INFO -     2 (10): 42 2A
2021-12-28 10:54:22,900 - root - INFO - getParameters descriptor was read:
2021-12-28 10:54:22,900 - root - INFO - ParametersTableLength: 144, ImagesCount: 42
2021-12-28 10:54:22,901 - root - INFO - Reading parameters locations...
2021-12-28 10:54:22,901 - root - INFO - 2 (12): 4 bytes
2021-12-28 10:54:22,901 - root - INFO -     1 ( 8): 0  0
2021-12-28 10:54:22,901 - root - INFO -     2 (10): 32 20
2021-12-28 10:54:22,901 - root - INFO - 3 (1A): 4 bytes
2021-12-28 10:54:22,901 - root - INFO -     1 ( 8): 32 20
2021-12-28 10:54:22,901 - root - INFO -     2 (10): 54 36
2021-12-28 10:54:22,901 - root - INFO - 5 (2A): 4 bytes
2021-12-28 10:54:22,901 - root - INFO -     1 ( 8): 86 56
2021-12-28 10:54:22,902 - root - INFO -     2 (10): 58 3A
2021-12-28 10:54:22,902 - root - INFO - Watch face parameters locations were read:
2021-12-28 10:54:22,904 - root - INFO - Reading descriptor for parameter 2
2021-12-28 10:54:22,904 - root - INFO - Descriptor offset: 0, Descriptor length: 32
2021-12-28 10:54:22,904 - root - INFO - Parsing descriptor for parameter 2...
2021-12-28 10:54:22,904 - root - INFO - 1 ( A): 6 bytes
2021-12-28 10:54:22,904 - root - INFO -     1 ( 8): 0  0
2021-12-28 10:54:22,904 - root - INFO -     2 (10): 0  0
2021-12-28 10:54:22,904 - root - INFO -     3 (18): 0  0
2021-12-28 10:54:22,904 - root - INFO - 3 (1A): 6 bytes
2021-12-28 10:54:22,905 - root - INFO -     1 ( 8): 18 12
2021-12-28 10:54:22,905 - root - INFO -     2 (10): 17 11
2021-12-28 10:54:22,905 - root - INFO -     3 (18): 1  1
2021-12-28 10:54:22,905 - root - INFO - 4 (22): 6 bytes
2021-12-28 10:54:22,905 - root - INFO -     1 ( 8): 18 12
2021-12-28 10:54:22,905 - root - INFO -     2 (10): 17 11
2021-12-28 10:54:22,905 - root - INFO -     3 (18): 1  1
2021-12-28 10:54:22,905 - root - INFO - 5 (2A): 6 bytes
2021-12-28 10:54:22,905 - root - INFO -     1 ( 8): 18 12
2021-12-28 10:54:22,905 - root - INFO -     2 (10): 17 11
2021-12-28 10:54:22,905 - root - INFO -     3 (18): 1  1
2021-12-28 10:54:22,906 - root - INFO - Reading descriptor for parameter 3
2021-12-28 10:54:22,906 - root - INFO - Descriptor offset: 32, Descriptor length: 54
2021-12-28 10:54:22,906 - root - INFO - Parsing descriptor for parameter 3...
2021-12-28 10:54:22,907 - root - INFO - 1 ( A): 52 bytes
2021-12-28 10:54:22,907 - root - INFO -     1 ( A): 22 bytes
2021-12-28 10:54:22,907 - root - INFO -         1 ( A): 9 bytes
2021-12-28 10:54:22,907 - root - INFO -             1 ( 8): 151 97
2021-12-28 10:54:22,907 - root - INFO -             2 (10): 17 11
2021-12-28 10:54:22,907 - root - INFO -             3 (18): 2  2
2021-12-28 10:54:22,907 - root - INFO -             4 (20): 10  A
2021-12-28 10:54:22,907 - root - INFO -         2 (12): 9 bytes
2021-12-28 10:54:22,907 - root - INFO -             1 ( 8): 206 CE
2021-12-28 10:54:22,907 - root - INFO -             2 (10): 17 11
2021-12-28 10:54:22,907 - root - INFO -             3 (18): 2  2
2021-12-28 10:54:22,907 - root - INFO -             4 (20): 10  A
2021-12-28 10:54:22,908 - root - INFO -     2 (12): 22 bytes
2021-12-28 10:54:22,908 - root - INFO -         1 ( A): 9 bytes
2021-12-28 10:54:22,908 - root - INFO -             1 ( 8): 151 97
2021-12-28 10:54:22,908 - root - INFO -             2 (10): 123 7B
2021-12-28 10:54:22,908 - root - INFO -             3 (18): 12  C
2021-12-28 10:54:22,908 - root - INFO -             4 (20): 10  A
2021-12-28 10:54:22,908 - root - INFO -         2 (12): 9 bytes
2021-12-28 10:54:22,908 - root - INFO -             1 ( 8): 206 CE
2021-12-28 10:54:22,908 - root - INFO -             2 (10): 123 7B
2021-12-28 10:54:22,908 - root - INFO -             3 (18): 12  C
2021-12-28 10:54:22,909 - root - INFO -             4 (20): 10  A
2021-12-28 10:54:22,909 - root - INFO -     7 (38): 0  0
2021-12-28 10:54:22,909 - root - INFO -     8 (40): 1  1
2021-12-28 10:54:22,910 - root - INFO - Reading descriptor for parameter 5
2021-12-28 10:54:22,910 - root - INFO - Descriptor offset: 86, Descriptor length: 58
2021-12-28 10:54:22,910 - root - INFO - Parsing descriptor for parameter 5...
2021-12-28 10:54:22,910 - root - INFO - 1 ( A): 34 bytes
2021-12-28 10:54:22,910 - root - INFO -     2 (12): 26 bytes
2021-12-28 10:54:22,910 - root - INFO -         1 ( A): 22 bytes
2021-12-28 10:54:22,910 - root - INFO -             1 ( 8): 196 C4
2021-12-28 10:54:22,910 - root - INFO -             2 (10): 274 112
2021-12-28 10:54:22,910 - root - INFO -             3 (18): 251 FB
2021-12-28 10:54:22,910 - root - INFO -             4 (20): 297 129
2021-12-28 10:54:22,910 - root - INFO -             5 (28): 18 12
2021-12-28 10:54:22,911 - root - INFO -             6 (30): 1  1
2021-12-28 10:54:22,911 - root - INFO -             7 (38): 0  0
2021-12-28 10:54:22,911 - root - INFO -             8 (40): 22 16
2021-12-28 10:54:22,911 - root - INFO -             9 (48): 10  A
2021-12-28 10:54:22,911 - root - INFO -         2 (10): 32 20
2021-12-28 10:54:22,911 - root - INFO -     4 (20): 1  1
2021-12-28 10:54:22,911 - root - INFO -     5 (28): 1  1
2021-12-28 10:54:22,911 - root - INFO -     6 (30): 0  0
2021-12-28 10:54:22,911 - root - INFO - 2 (12): 8 bytes
2021-12-28 10:54:22,911 - root - INFO -     1 ( 8): 123 7B
2021-12-28 10:54:22,911 - root - INFO -     2 (10): 26 1A
2021-12-28 10:54:22,912 - root - INFO -     5 (28): 40 28
2021-12-28 10:54:22,912 - root - INFO -     6 (30): 41 29
2021-12-28 10:54:22,912 - root - INFO - 4 (22): 10 bytes
2021-12-28 10:54:22,912 - root - INFO -     1 ( 8): 196 C4
2021-12-28 10:54:22,912 - root - INFO -     2 (10): 241 F1
2021-12-28 10:54:22,912 - root - INFO -     3 (18): 33 21
2021-12-28 10:54:22,912 - root - INFO -     4 (20): 7  7
2021-12-28 10:54:22,915 - root - INFO - Reading resources offsets table with 42 elements (168 bytes)
2021-12-28 10:54:22,915 - root - INFO - Resource 0 offset: 424, length: 138548...
2021-12-28 10:54:22,915 - root - DEBUG - Reading resource 0...
2021-12-28 10:54:22,962 - root - INFO - The image is bme.
2021-12-28 10:54:22,962 - root - INFO - Reading image header(readHeader16E)...
2021-12-28 10:54:22,962 - root - INFO - Image header was read:
2021-12-28 10:54:22,962 - root - INFO - Width: 302, Height: 320, RowLength: 604
2021-12-28 10:54:22,962 - root - INFO - datalength: 138532, _step: 2
2021-12-28 10:54:22,962 - root - INFO - BPP: 16, Transparency: False
2021-12-28 10:54:23,212 - root - INFO - Resource 1 offset: 138972, length: 72176...
2021-12-28 10:54:23,212 - root - DEBUG - Reading resource 1...
2021-12-28 10:54:23,212 - root - INFO - The image is bme.
2021-12-28 10:54:23,212 - root - INFO - Reading image header(readHeader16E)...
2021-12-28 10:54:23,212 - root - INFO - Image header was read:
2021-12-28 10:54:23,213 - root - INFO - Width: 202, Height: 214, RowLength: 404
2021-12-28 10:54:23,213 - root - INFO - datalength: 72160, _step: 2
2021-12-28 10:54:23,213 - root - INFO - BPP: 16, Transparency: False
2021-12-28 10:54:23,361 - root - INFO - Resource 2 offset: 211148, length: 6158...
2021-12-28 10:54:23,361 - root - DEBUG - Reading resource 2...
2021-12-28 10:54:23,361 - root - INFO - The image is bme.
2021-12-28 10:54:23,361 - root - INFO - Reading image header(readHeader16E)...
2021-12-28 10:54:23,361 - root - INFO - Image header was read:
2021-12-28 10:54:23,361 - root - INFO - Width: 55, Height: 106, RowLength: 110
2021-12-28 10:54:23,362 - root - INFO - datalength: 6142, _step: 2
2021-12-28 10:54:23,362 - root - INFO - BPP: 16, Transparency: False
2021-12-28 10:54:23,374 - root - INFO - Resource 3 offset: 217306, length: 3328...
2021-12-28 10:54:23,375 - root - DEBUG - Reading resource 3...
2021-12-28 10:54:23,375 - root - INFO - The image is bme.
2021-12-28 10:54:23,375 - root - INFO - Reading image header(readHeader16E)...
2021-12-28 10:54:23,375 - root - INFO - Image header was read:
2021-12-28 10:54:23,375 - root - INFO - Width: 55, Height: 106, RowLength: 110
2021-12-28 10:54:23,375 - root - INFO - datalength: 3312, _step: 2
2021-12-28 10:54:23,375 - root - INFO - BPP: 16, Transparency: False
2021-12-28 10:54:23,381 - root - INFO - Resource 4 offset: 220634, length: 4780...
2021-12-28 10:54:23,381 - root - DEBUG - Reading resource 4...
2021-12-28 10:54:23,381 - root - INFO - The image is bme.
2021-12-28 10:54:23,381 - root - INFO - Reading image header(readHeader16E)...
2021-12-28 10:54:23,382 - root - INFO - Image header was read:
2021-12-28 10:54:23,382 - root - INFO - Width: 55, Height: 106, RowLength: 110
2021-12-28 10:54:23,382 - root - INFO - datalength: 4764, _step: 2
2021-12-28 10:54:23,382 - root - INFO - BPP: 16, Transparency: False
2021-12-28 10:54:23,393 - root - INFO - Resource 5 offset: 225414, length: 5106...
2021-12-28 10:54:23,393 - root - DEBUG - Reading resource 5...
2021-12-28 10:54:23,393 - root - INFO - The image is bme.
2021-12-28 10:54:23,393 - root - INFO - Reading image header(readHeader16E)...
2021-12-28 10:54:23,393 - root - INFO - Image header was read:
2021-12-28 10:54:23,393 - root - INFO - Width: 55, Height: 106, RowLength: 110
2021-12-28 10:54:23,393 - root - INFO - datalength: 5090, _step: 2
2021-12-28 10:54:23,393 - root - INFO - BPP: 16, Transparency: False
2021-12-28 10:54:23,405 - root - INFO - Resource 6 offset: 230520, length: 4920...
2021-12-28 10:54:23,405 - root - DEBUG - Reading resource 6...
2021-12-28 10:54:23,405 - root - INFO - The image is bme.
2021-12-28 10:54:23,405 - root - INFO - Reading image header(readHeader16E)...
2021-12-28 10:54:23,406 - root - INFO - Image header was read:
2021-12-28 10:54:23,406 - root - INFO - Width: 55, Height: 106, RowLength: 110
2021-12-28 10:54:23,406 - root - INFO - datalength: 4904, _step: 2
2021-12-28 10:54:23,406 - root - INFO - BPP: 16, Transparency: False
2021-12-28 10:54:23,416 - root - INFO - Resource 7 offset: 235440, length: 5438...
2021-12-28 10:54:23,416 - root - DEBUG - Reading resource 7...
2021-12-28 10:54:23,416 - root - INFO - The image is bme.
2021-12-28 10:54:23,416 - root - INFO - Reading image header(readHeader16E)...
2021-12-28 10:54:23,416 - root - INFO - Image header was read:
2021-12-28 10:54:23,416 - root - INFO - Width: 55, Height: 106, RowLength: 110
2021-12-28 10:54:23,416 - root - INFO - datalength: 5422, _step: 2
2021-12-28 10:54:23,416 - root - INFO - BPP: 16, Transparency: False
2021-12-28 10:54:23,429 - root - INFO - Resource 8 offset: 240878, length: 6016...
2021-12-28 10:54:23,429 - root - DEBUG - Reading resource 8...
2021-12-28 10:54:23,429 - root - INFO - The image is bme.
2021-12-28 10:54:23,429 - root - INFO - Reading image header(readHeader16E)...
2021-12-28 10:54:23,429 - root - INFO - Image header was read:
2021-12-28 10:54:23,430 - root - INFO - Width: 55, Height: 106, RowLength: 110
2021-12-28 10:54:23,430 - root - INFO - datalength: 6000, _step: 2
2021-12-28 10:54:23,430 - root - INFO - BPP: 16, Transparency: False
2021-12-28 10:54:23,443 - root - INFO - Resource 9 offset: 246894, length: 3858...
2021-12-28 10:54:23,443 - root - DEBUG - Reading resource 9...
2021-12-28 10:54:23,443 - root - INFO - The image is bme.
2021-12-28 10:54:23,443 - root - INFO - Reading image header(readHeader16E)...
2021-12-28 10:54:23,443 - root - INFO - Image header was read:
2021-12-28 10:54:23,443 - root - INFO - Width: 55, Height: 106, RowLength: 110
2021-12-28 10:54:23,443 - root - INFO - datalength: 3842, _step: 2
2021-12-28 10:54:23,443 - root - INFO - BPP: 16, Transparency: False
2021-12-28 10:54:23,451 - root - INFO - Resource 10 offset: 250752, length: 6256...
2021-12-28 10:54:23,451 - root - DEBUG - Reading resource 10...
2021-12-28 10:54:23,452 - root - INFO - The image is bme.
2021-12-28 10:54:23,452 - root - INFO - Reading image header(readHeader16E)...
2021-12-28 10:54:23,452 - root - INFO - Image header was read:
2021-12-28 10:54:23,452 - root - INFO - Width: 55, Height: 106, RowLength: 110
2021-12-28 10:54:23,452 - root - INFO - datalength: 6240, _step: 2
2021-12-28 10:54:23,452 - root - INFO - BPP: 16, Transparency: False
2021-12-28 10:54:23,465 - root - INFO - Resource 11 offset: 257008, length: 6066...
2021-12-28 10:54:23,465 - root - DEBUG - Reading resource 11...
2021-12-28 10:54:23,465 - root - INFO - The image is bme.
2021-12-28 10:54:23,465 - root - INFO - Reading image header(readHeader16E)...
2021-12-28 10:54:23,465 - root - INFO - Image header was read:
2021-12-28 10:54:23,465 - root - INFO - Width: 55, Height: 106, RowLength: 110
2021-12-28 10:54:23,466 - root - INFO - datalength: 6050, _step: 2
2021-12-28 10:54:23,466 - root - INFO - BPP: 16, Transparency: False
2021-12-28 10:54:23,478 - root - INFO - Resource 12 offset: 263074, length: 6160...
2021-12-28 10:54:23,478 - root - DEBUG - Reading resource 12...
2021-12-28 10:54:23,478 - root - INFO - The image is bme.
2021-12-28 10:54:23,478 - root - INFO - Reading image header(readHeader16E)...
2021-12-28 10:54:23,478 - root - INFO - Image header was read:
2021-12-28 10:54:23,478 - root - INFO - Width: 55, Height: 106, RowLength: 110
2021-12-28 10:54:23,479 - root - INFO - datalength: 6144, _step: 2
2021-12-28 10:54:23,479 - root - INFO - BPP: 16, Transparency: False
2021-12-28 10:54:23,491 - root - INFO - Resource 13 offset: 269234, length: 3326...
2021-12-28 10:54:23,491 - root - DEBUG - Reading resource 13...
2021-12-28 10:54:23,491 - root - INFO - The image is bme.
2021-12-28 10:54:23,491 - root - INFO - Reading image header(readHeader16E)...
2021-12-28 10:54:23,491 - root - INFO - Image header was read:
2021-12-28 10:54:23,491 - root - INFO - Width: 55, Height: 106, RowLength: 110
2021-12-28 10:54:23,491 - root - INFO - datalength: 3310, _step: 2
2021-12-28 10:54:23,491 - root - INFO - BPP: 16, Transparency: False
2021-12-28 10:54:23,498 - root - INFO - Resource 14 offset: 272560, length: 4784...
2021-12-28 10:54:23,498 - root - DEBUG - Reading resource 14...
2021-12-28 10:54:23,498 - root - INFO - The image is bme.
2021-12-28 10:54:23,498 - root - INFO - Reading image header(readHeader16E)...
2021-12-28 10:54:23,498 - root - INFO - Image header was read:
2021-12-28 10:54:23,498 - root - INFO - Width: 55, Height: 106, RowLength: 110
2021-12-28 10:54:23,498 - root - INFO - datalength: 4768, _step: 2
2021-12-28 10:54:23,498 - root - INFO - BPP: 16, Transparency: False
2021-12-28 10:54:23,508 - root - INFO - Resource 15 offset: 277344, length: 5102...
2021-12-28 10:54:23,508 - root - DEBUG - Reading resource 15...
2021-12-28 10:54:23,508 - root - INFO - The image is bme.
2021-12-28 10:54:23,508 - root - INFO - Reading image header(readHeader16E)...
2021-12-28 10:54:23,508 - root - INFO - Image header was read:
2021-12-28 10:54:23,508 - root - INFO - Width: 55, Height: 106, RowLength: 110
2021-12-28 10:54:23,509 - root - INFO - datalength: 5086, _step: 2
2021-12-28 10:54:23,509 - root - INFO - BPP: 16, Transparency: False
2021-12-28 10:54:23,518 - root - INFO - Resource 16 offset: 282446, length: 4920...
2021-12-28 10:54:23,518 - root - DEBUG - Reading resource 16...
2021-12-28 10:54:23,518 - root - INFO - The image is bme.
2021-12-28 10:54:23,519 - root - INFO - Reading image header(readHeader16E)...
2021-12-28 10:54:23,519 - root - INFO - Image header was read:
2021-12-28 10:54:23,519 - root - INFO - Width: 55, Height: 106, RowLength: 110
2021-12-28 10:54:23,519 - root - INFO - datalength: 4904, _step: 2
2021-12-28 10:54:23,519 - root - INFO - BPP: 16, Transparency: False
2021-12-28 10:54:23,529 - root - INFO - Resource 17 offset: 287366, length: 5434...
2021-12-28 10:54:23,529 - root - DEBUG - Reading resource 17...
2021-12-28 10:54:23,529 - root - INFO - The image is bme.
2021-12-28 10:54:23,529 - root - INFO - Reading image header(readHeader16E)...
2021-12-28 10:54:23,529 - root - INFO - Image header was read:
2021-12-28 10:54:23,529 - root - INFO - Width: 55, Height: 106, RowLength: 110
2021-12-28 10:54:23,529 - root - INFO - datalength: 5418, _step: 2
2021-12-28 10:54:23,529 - root - INFO - BPP: 16, Transparency: False
2021-12-28 10:54:23,541 - root - INFO - Resource 18 offset: 292800, length: 6014...
2021-12-28 10:54:23,541 - root - DEBUG - Reading resource 18...
2021-12-28 10:54:23,541 - root - INFO - The image is bme.
2021-12-28 10:54:23,541 - root - INFO - Reading image header(readHeader16E)...
2021-12-28 10:54:23,541 - root - INFO - Image header was read:
2021-12-28 10:54:23,541 - root - INFO - Width: 55, Height: 106, RowLength: 110
2021-12-28 10:54:23,541 - root - INFO - datalength: 5998, _step: 2
2021-12-28 10:54:23,541 - root - INFO - BPP: 16, Transparency: False
2021-12-28 10:54:23,553 - root - INFO - Resource 19 offset: 298814, length: 3858...
2021-12-28 10:54:23,553 - root - DEBUG - Reading resource 19...
2021-12-28 10:54:23,554 - root - INFO - The image is bme.
2021-12-28 10:54:23,554 - root - INFO - Reading image header(readHeader16E)...
2021-12-28 10:54:23,554 - root - INFO - Image header was read:
2021-12-28 10:54:23,554 - root - INFO - Width: 55, Height: 106, RowLength: 110
2021-12-28 10:54:23,554 - root - INFO - datalength: 3842, _step: 2
2021-12-28 10:54:23,554 - root - INFO - BPP: 16, Transparency: False
2021-12-28 10:54:23,562 - root - INFO - Resource 20 offset: 302672, length: 6250...
2021-12-28 10:54:23,562 - root - DEBUG - Reading resource 20...
2021-12-28 10:54:23,562 - root - INFO - The image is bme.
2021-12-28 10:54:23,562 - root - INFO - Reading image header(readHeader16E)...
2021-12-28 10:54:23,562 - root - INFO - Image header was read:
2021-12-28 10:54:23,562 - root - INFO - Width: 55, Height: 106, RowLength: 110
2021-12-28 10:54:23,562 - root - INFO - datalength: 6234, _step: 2
2021-12-28 10:54:23,562 - root - INFO - BPP: 16, Transparency: False
2021-12-28 10:54:23,575 - root - INFO - Resource 21 offset: 308922, length: 6066...
2021-12-28 10:54:23,575 - root - DEBUG - Reading resource 21...
2021-12-28 10:54:23,575 - root - INFO - The image is bme.
2021-12-28 10:54:23,575 - root - INFO - Reading image header(readHeader16E)...
2021-12-28 10:54:23,575 - root - INFO - Image header was read:
2021-12-28 10:54:23,575 - root - INFO - Width: 55, Height: 106, RowLength: 110
2021-12-28 10:54:23,575 - root - INFO - datalength: 6050, _step: 2
2021-12-28 10:54:23,575 - root - INFO - BPP: 16, Transparency: False
2021-12-28 10:54:23,587 - root - INFO - Resource 22 offset: 314988, length: 576...
2021-12-28 10:54:23,587 - root - DEBUG - Reading resource 22...
2021-12-28 10:54:23,587 - root - INFO - The image is bme.
2021-12-28 10:54:23,587 - root - INFO - Reading image header(readHeader16E)...
2021-12-28 10:54:23,588 - root - INFO - Image header was read:
2021-12-28 10:54:23,588 - root - INFO - Width: 11, Height: 23, RowLength: 22
2021-12-28 10:54:23,588 - root - INFO - datalength: 560, _step: 2
2021-12-28 10:54:23,588 - root - INFO - BPP: 16, Transparency: False
2021-12-28 10:54:23,589 - root - INFO - Resource 23 offset: 315564, length: 340...
2021-12-28 10:54:23,589 - root - DEBUG - Reading resource 23...
2021-12-28 10:54:23,589 - root - INFO - The image is bme.
2021-12-28 10:54:23,589 - root - INFO - Reading image header(readHeader16E)...
2021-12-28 10:54:23,589 - root - INFO - Image header was read:
2021-12-28 10:54:23,589 - root - INFO - Width: 11, Height: 23, RowLength: 22
2021-12-28 10:54:23,589 - root - INFO - datalength: 324, _step: 2
2021-12-28 10:54:23,589 - root - INFO - BPP: 16, Transparency: False
2021-12-28 10:54:23,590 - root - INFO - Resource 24 offset: 315904, length: 442...
2021-12-28 10:54:23,590 - root - DEBUG - Reading resource 24...
2021-12-28 10:54:23,590 - root - INFO - The image is bme.
2021-12-28 10:54:23,590 - root - INFO - Reading image header(readHeader16E)...
2021-12-28 10:54:23,590 - root - INFO - Image header was read:
2021-12-28 10:54:23,590 - root - INFO - Width: 11, Height: 23, RowLength: 22
2021-12-28 10:54:23,590 - root - INFO - datalength: 426, _step: 2
2021-12-28 10:54:23,590 - root - INFO - BPP: 16, Transparency: False
2021-12-28 10:54:23,591 - root - INFO - Resource 25 offset: 316346, length: 472...
2021-12-28 10:54:23,591 - root - DEBUG - Reading resource 25...
2021-12-28 10:54:23,591 - root - INFO - The image is bme.
2021-12-28 10:54:23,591 - root - INFO - Reading image header(readHeader16E)...
2021-12-28 10:54:23,591 - root - INFO - Image header was read:
2021-12-28 10:54:23,591 - root - INFO - Width: 11, Height: 23, RowLength: 22
2021-12-28 10:54:23,591 - root - INFO - datalength: 456, _step: 2
2021-12-28 10:54:23,592 - root - INFO - BPP: 16, Transparency: False
2021-12-28 10:54:23,592 - root - INFO - Resource 26 offset: 316818, length: 472...
2021-12-28 10:54:23,593 - root - DEBUG - Reading resource 26...
2021-12-28 10:54:23,593 - root - INFO - The image is bme.
2021-12-28 10:54:23,593 - root - INFO - Reading image header(readHeader16E)...
2021-12-28 10:54:23,593 - root - INFO - Image header was read:
2021-12-28 10:54:23,593 - root - INFO - Width: 11, Height: 23, RowLength: 22
2021-12-28 10:54:23,593 - root - INFO - datalength: 456, _step: 2
2021-12-28 10:54:23,593 - root - INFO - BPP: 16, Transparency: False
2021-12-28 10:54:23,594 - root - INFO - Resource 27 offset: 317290, length: 456...
2021-12-28 10:54:23,594 - root - DEBUG - Reading resource 27...
2021-12-28 10:54:23,594 - root - INFO - The image is bme.
2021-12-28 10:54:23,594 - root - INFO - Reading image header(readHeader16E)...
2021-12-28 10:54:23,594 - root - INFO - Image header was read:
2021-12-28 10:54:23,594 - root - INFO - Width: 11, Height: 23, RowLength: 22
2021-12-28 10:54:23,594 - root - INFO - datalength: 440, _step: 2
2021-12-28 10:54:23,594 - root - INFO - BPP: 16, Transparency: False
2021-12-28 10:54:23,595 - root - INFO - Resource 28 offset: 317746, length: 540...
2021-12-28 10:54:23,595 - root - DEBUG - Reading resource 28...
2021-12-28 10:54:23,595 - root - INFO - The image is bme.
2021-12-28 10:54:23,595 - root - INFO - Reading image header(readHeader16E)...
2021-12-28 10:54:23,596 - root - INFO - Image header was read:
2021-12-28 10:54:23,596 - root - INFO - Width: 11, Height: 23, RowLength: 22
2021-12-28 10:54:23,596 - root - INFO - datalength: 524, _step: 2
2021-12-28 10:54:23,596 - root - INFO - BPP: 16, Transparency: False
2021-12-28 10:54:23,597 - root - INFO - Resource 29 offset: 318286, length: 380...
2021-12-28 10:54:23,597 - root - DEBUG - Reading resource 29...
2021-12-28 10:54:23,597 - root - INFO - The image is bme.
2021-12-28 10:54:23,597 - root - INFO - Reading image header(readHeader16E)...
2021-12-28 10:54:23,597 - root - INFO - Image header was read:
2021-12-28 10:54:23,597 - root - INFO - Width: 11, Height: 23, RowLength: 22
2021-12-28 10:54:23,597 - root - INFO - datalength: 364, _step: 2
2021-12-28 10:54:23,598 - root - INFO - BPP: 16, Transparency: False
2021-12-28 10:54:23,598 - root - INFO - Resource 30 offset: 318666, length: 558...
2021-12-28 10:54:23,598 - root - DEBUG - Reading resource 30...
2021-12-28 10:54:23,598 - root - INFO - The image is bme.
2021-12-28 10:54:23,599 - root - INFO - Reading image header(readHeader16E)...
2021-12-28 10:54:23,599 - root - INFO - Image header was read:
2021-12-28 10:54:23,599 - root - INFO - Width: 11, Height: 23, RowLength: 22
2021-12-28 10:54:23,599 - root - INFO - datalength: 542, _step: 2
2021-12-28 10:54:23,599 - root - INFO - BPP: 16, Transparency: False
2021-12-28 10:54:23,600 - root - INFO - Resource 31 offset: 319224, length: 540...
2021-12-28 10:54:23,600 - root - DEBUG - Reading resource 31...
2021-12-28 10:54:23,600 - root - INFO - The image is bme.
2021-12-28 10:54:23,600 - root - INFO - Reading image header(readHeader16E)...
2021-12-28 10:54:23,600 - root - INFO - Image header was read:
2021-12-28 10:54:23,600 - root - INFO - Width: 11, Height: 23, RowLength: 22
2021-12-28 10:54:23,601 - root - INFO - datalength: 524, _step: 2
2021-12-28 10:54:23,601 - root - INFO - BPP: 16, Transparency: False
2021-12-28 10:54:23,602 - root - INFO - Resource 32 offset: 319764, length: 300...
2021-12-28 10:54:23,602 - root - DEBUG - Reading resource 32...
2021-12-28 10:54:23,602 - root - INFO - The image is bme.
2021-12-28 10:54:23,602 - root - INFO - Reading image header(readHeader16E)...
2021-12-28 10:54:23,602 - root - INFO - Image header was read:
2021-12-28 10:54:23,602 - root - INFO - Width: 11, Height: 23, RowLength: 22
2021-12-28 10:54:23,602 - root - INFO - datalength: 284, _step: 2
2021-12-28 10:54:23,602 - root - INFO - BPP: 16, Transparency: False
2021-12-28 10:54:23,603 - root - INFO - Resource 33 offset: 320064, length: 2032...
2021-12-28 10:54:23,603 - root - DEBUG - Reading resource 33...
2021-12-28 10:54:23,603 - root - INFO - The image is bme.
2021-12-28 10:54:23,603 - root - INFO - Reading image header(readHeader16E)...
2021-12-28 10:54:23,603 - root - INFO - Image header was read:
2021-12-28 10:54:23,604 - root - INFO - Width: 55, Height: 23, RowLength: 110
2021-12-28 10:54:23,604 - root - INFO - datalength: 2016, _step: 2
2021-12-28 10:54:23,604 - root - INFO - BPP: 16, Transparency: False
2021-12-28 10:54:23,607 - root - INFO - Resource 34 offset: 322096, length: 1432...
2021-12-28 10:54:23,607 - root - DEBUG - Reading resource 34...
2021-12-28 10:54:23,608 - root - INFO - The image is bme.
2021-12-28 10:54:23,608 - root - INFO - Reading image header(readHeader16E)...
2021-12-28 10:54:23,608 - root - INFO - Image header was read:
2021-12-28 10:54:23,608 - root - INFO - Width: 55, Height: 23, RowLength: 110
2021-12-28 10:54:23,608 - root - INFO - datalength: 1416, _step: 2
2021-12-28 10:54:23,608 - root - INFO - BPP: 16, Transparency: False
2021-12-28 10:54:23,610 - root - INFO - Resource 35 offset: 323528, length: 1944...
2021-12-28 10:54:23,611 - root - DEBUG - Reading resource 35...
2021-12-28 10:54:23,611 - root - INFO - The image is bme.
2021-12-28 10:54:23,611 - root - INFO - Reading image header(readHeader16E)...
2021-12-28 10:54:23,611 - root - INFO - Image header was read:
2021-12-28 10:54:23,611 - root - INFO - Width: 55, Height: 23, RowLength: 110
2021-12-28 10:54:23,611 - root - INFO - datalength: 1928, _step: 2
2021-12-28 10:54:23,611 - root - INFO - BPP: 16, Transparency: False
2021-12-28 10:54:23,614 - root - INFO - Resource 36 offset: 325472, length: 1604...
2021-12-28 10:54:23,614 - root - DEBUG - Reading resource 36...
2021-12-28 10:54:23,614 - root - INFO - The image is bme.
2021-12-28 10:54:23,615 - root - INFO - Reading image header(readHeader16E)...
2021-12-28 10:54:23,615 - root - INFO - Image header was read:
2021-12-28 10:54:23,615 - root - INFO - Width: 55, Height: 23, RowLength: 110
2021-12-28 10:54:23,615 - root - INFO - datalength: 1588, _step: 2
2021-12-28 10:54:23,615 - root - INFO - BPP: 16, Transparency: False
2021-12-28 10:54:23,617 - root - INFO - Resource 37 offset: 327076, length: 1310...
2021-12-28 10:54:23,618 - root - DEBUG - Reading resource 37...
2021-12-28 10:54:23,618 - root - INFO - The image is bme.
2021-12-28 10:54:23,618 - root - INFO - Reading image header(readHeader16E)...
2021-12-28 10:54:23,618 - root - INFO - Image header was read:
2021-12-28 10:54:23,618 - root - INFO - Width: 55, Height: 23, RowLength: 110
2021-12-28 10:54:23,618 - root - INFO - datalength: 1294, _step: 2
2021-12-28 10:54:23,618 - root - INFO - BPP: 16, Transparency: False
2021-12-28 10:54:23,621 - root - INFO - Resource 38 offset: 328386, length: 1364...
2021-12-28 10:54:23,621 - root - DEBUG - Reading resource 38...
2021-12-28 10:54:23,621 - root - INFO - The image is bme.
2021-12-28 10:54:23,621 - root - INFO - Reading image header(readHeader16E)...
2021-12-28 10:54:23,621 - root - INFO - Image header was read:
2021-12-28 10:54:23,621 - root - INFO - Width: 55, Height: 23, RowLength: 110
2021-12-28 10:54:23,622 - root - INFO - datalength: 1348, _step: 2
2021-12-28 10:54:23,622 - root - INFO - BPP: 16, Transparency: False
2021-12-28 10:54:23,624 - root - INFO - Resource 39 offset: 329750, length: 1742...
2021-12-28 10:54:23,624 - root - DEBUG - Reading resource 39...
2021-12-28 10:54:23,624 - root - INFO - The image is bme.
2021-12-28 10:54:23,624 - root - INFO - Reading image header(readHeader16E)...
2021-12-28 10:54:23,624 - root - INFO - Image header was read:
2021-12-28 10:54:23,624 - root - INFO - Width: 55, Height: 23, RowLength: 110
2021-12-28 10:54:23,624 - root - INFO - datalength: 1726, _step: 2
2021-12-28 10:54:23,624 - root - INFO - BPP: 16, Transparency: False
2021-12-28 10:54:23,627 - root - INFO - Resource 40 offset: 331492, length: 914...
2021-12-28 10:54:23,627 - root - DEBUG - Reading resource 40...
2021-12-28 10:54:23,627 - root - INFO - The image is bme.
2021-12-28 10:54:23,627 - root - INFO - Reading image header(readHeader16E)...
2021-12-28 10:54:23,628 - root - INFO - Image header was read:
2021-12-28 10:54:23,628 - root - INFO - Width: 25, Height: 19, RowLength: 50
2021-12-28 10:54:23,628 - root - INFO - datalength: 898, _step: 2
2021-12-28 10:54:23,628 - root - INFO - BPP: 16, Transparency: False
2021-12-28 10:54:23,629 - root - INFO - Resource 41 offset: 332406, length: 860...
2021-12-28 10:54:23,629 - root - DEBUG - Reading resource 41...
2021-12-28 10:54:23,630 - root - INFO - The image is bme.
2021-12-28 10:54:23,630 - root - INFO - Reading image header(readHeader16E)...
2021-12-28 10:54:23,630 - root - INFO - Image header was read:
2021-12-28 10:54:23,630 - root - INFO - Width: 25, Height: 19, RowLength: 50
2021-12-28 10:54:23,630 - root - INFO - datalength: 844, _step: 2
2021-12-28 10:54:23,630 - root - INFO - BPP: 16, Transparency: False
2021-12-28 10:54:23,631 - root - DEBUG - Parsing parameters...
2021-12-28 10:54:23,709 - root - DEBUG - 0 Value: None
2021-12-28 10:54:23,709 - root - DEBUG - 0.1 Value: 71
2021-12-28 10:54:23,710 - root - DEBUG - 2 Value: None
2021-12-28 10:54:23,710 - root - DEBUG - 2.1 Value: None
2021-12-28 10:54:23,710 - root - DEBUG - 2.1.1 Value: 0
2021-12-28 10:54:23,710 - root - DEBUG - 2.1.2 Value: 0
2021-12-28 10:54:23,710 - root - DEBUG - 2.1.3 Value: 0
2021-12-28 10:54:23,710 - root - DEBUG - 2.3 Value: None
2021-12-28 10:54:23,710 - root - DEBUG - 2.3.1 Value: 18
2021-12-28 10:54:23,710 - root - DEBUG - 2.3.2 Value: 17
2021-12-28 10:54:23,710 - root - DEBUG - 2.3.3 Value: 1
2021-12-28 10:54:23,710 - root - DEBUG - 2.4 Value: None
2021-12-28 10:54:23,711 - root - DEBUG - 2.4.1 Value: 18
2021-12-28 10:54:23,711 - root - DEBUG - 2.4.2 Value: 17
2021-12-28 10:54:23,711 - root - DEBUG - 2.4.3 Value: 1
2021-12-28 10:54:23,711 - root - DEBUG - 2.5 Value: None
2021-12-28 10:54:23,711 - root - DEBUG - 2.5.1 Value: 18
2021-12-28 10:54:23,711 - root - DEBUG - 2.5.2 Value: 17
2021-12-28 10:54:23,711 - root - DEBUG - 2.5.3 Value: 1
2021-12-28 10:54:23,711 - root - DEBUG - 3 Value: None
2021-12-28 10:54:23,711 - root - DEBUG - 3.1 Value: None
2021-12-28 10:54:23,711 - root - DEBUG - 3.1.1 Value: None
2021-12-28 10:54:23,711 - root - DEBUG - 3.1.1.1 Value: None
2021-12-28 10:54:23,711 - root - DEBUG - 3.1.1.1.1 Value: 151
2021-12-28 10:54:23,711 - root - DEBUG - 3.1.1.1.2 Value: 17
2021-12-28 10:54:23,712 - root - DEBUG - 3.1.1.1.3 Value: 2
2021-12-28 10:54:23,712 - root - DEBUG - 3.1.1.1.4 Value: 10
2021-12-28 10:54:23,712 - root - DEBUG - 3.1.1.2 Value: None
2021-12-28 10:54:23,712 - root - DEBUG - 3.1.1.2.1 Value: 206
2021-12-28 10:54:23,712 - root - DEBUG - 3.1.1.2.2 Value: 17
2021-12-28 10:54:23,712 - root - DEBUG - 3.1.1.2.3 Value: 2
2021-12-28 10:54:23,712 - root - DEBUG - 3.1.1.2.4 Value: 10
2021-12-28 10:54:23,712 - root - DEBUG - 3.1.2 Value: None
2021-12-28 10:54:23,712 - root - DEBUG - 3.1.2.1 Value: None
2021-12-28 10:54:23,712 - root - DEBUG - 3.1.2.1.1 Value: 151
2021-12-28 10:54:23,712 - root - DEBUG - 3.1.2.1.2 Value: 123
2021-12-28 10:54:23,712 - root - DEBUG - 3.1.2.1.3 Value: 12
2021-12-28 10:54:23,713 - root - DEBUG - 3.1.2.1.4 Value: 10
2021-12-28 10:54:23,713 - root - DEBUG - 3.1.2.2 Value: None
2021-12-28 10:54:23,713 - root - DEBUG - 3.1.2.2.1 Value: 206
2021-12-28 10:54:23,713 - root - DEBUG - 3.1.2.2.2 Value: 123
2021-12-28 10:54:23,713 - root - DEBUG - 3.1.2.2.3 Value: 12
2021-12-28 10:54:23,713 - root - DEBUG - 3.1.2.2.4 Value: 10
2021-12-28 10:54:23,713 - root - DEBUG - 3.1.7 Value: 0
2021-12-28 10:54:23,713 - root - DEBUG - 3.1.8 Value: 1
2021-12-28 10:54:23,713 - root - DEBUG - 5 Value: None
2021-12-28 10:54:23,713 - root - DEBUG - 5.1 Value: None
2021-12-28 10:54:23,713 - root - DEBUG - 5.1.2 Value: None
2021-12-28 10:54:23,714 - root - DEBUG - 5.1.2.1 Value: None
2021-12-28 10:54:23,714 - root - DEBUG - 5.1.2.1.1 Value: 196
2021-12-28 10:54:23,714 - root - DEBUG - 5.1.2.1.2 Value: 274
2021-12-28 10:54:23,714 - root - DEBUG - 5.1.2.1.3 Value: 251
2021-12-28 10:54:23,714 - root - DEBUG - 5.1.2.1.4 Value: 297
2021-12-28 10:54:23,714 - root - DEBUG - 5.1.2.1.5 Value: 18
2021-12-28 10:54:23,714 - root - DEBUG - 5.1.2.1.6 Value: 1
2021-12-28 10:54:23,714 - root - DEBUG - 5.1.2.1.7 Value: 0
2021-12-28 10:54:23,714 - root - DEBUG - 5.1.2.1.8 Value: 22
2021-12-28 10:54:23,714 - root - DEBUG - 5.1.2.1.9 Value: 10
2021-12-28 10:54:23,714 - root - DEBUG - 5.1.2.2 Value: 32
2021-12-28 10:54:23,715 - root - DEBUG - 5.1.4 Value: 1
2021-12-28 10:54:23,715 - root - DEBUG - 5.1.5 Value: 1
2021-12-28 10:54:23,715 - root - DEBUG - 5.1.6 Value: 0
2021-12-28 10:54:23,715 - root - DEBUG - 5.2 Value: None
2021-12-28 10:54:23,715 - root - DEBUG - 5.2.1 Value: 123
2021-12-28 10:54:23,715 - root - DEBUG - 5.2.2 Value: 26
2021-12-28 10:54:23,715 - root - DEBUG - 5.2.5 Value: 40
2021-12-28 10:54:23,715 - root - DEBUG - 5.2.6 Value: 41
2021-12-28 10:54:23,716 - root - DEBUG - 5.4 Value: None
2021-12-28 10:54:23,716 - root - DEBUG - 5.4.1 Value: 196
2021-12-28 10:54:23,716 - root - DEBUG - 5.4.2 Value: 241
2021-12-28 10:54:23,716 - root - DEBUG - 5.4.3 Value: 33
2021-12-28 10:54:23,716 - root - DEBUG - 5.4.4 Value: 7
2021-12-28 10:54:23,716 - root - DEBUG - 0-Info
2021-12-28 10:54:23,716 - root - DEBUG - 0.1-DeviceId
2021-12-28 10:54:23,716 - root - DEBUG - 2-Background
2021-12-28 10:54:23,716 - root - DEBUG - 2.1-Image
2021-12-28 10:54:23,716 - root - DEBUG - 2.1.1-X
2021-12-28 10:54:23,717 - root - DEBUG - 2.1.2-Y
2021-12-28 10:54:23,717 - root - DEBUG - 2.1.3-ImageIndex
2021-12-28 10:54:23,717 - root - DEBUG - 2.3-Preview
2021-12-28 10:54:23,717 - root - DEBUG - 2.3.1-X
2021-12-28 10:54:23,717 - root - DEBUG - 2.3.2-Y
2021-12-28 10:54:23,717 - root - DEBUG - 2.3.3-ImageIndex
2021-12-28 10:54:23,717 - root - DEBUG - 2.4-PreviewKorean
2021-12-28 10:54:23,720 - root - DEBUG - 2.4.1-X
2021-12-28 10:54:23,720 - root - DEBUG - 2.4.2-Y
2021-12-28 10:54:23,720 - root - DEBUG - 2.4.3-ImageIndex
2021-12-28 10:54:23,720 - root - DEBUG - 2.5-PreviewChinese
2021-12-28 10:54:23,720 - root - DEBUG - 2.5.1-X
2021-12-28 10:54:23,720 - root - DEBUG - 2.5.2-Y
2021-12-28 10:54:23,720 - root - DEBUG - 2.5.3-ImageIndex
2021-12-28 10:54:23,720 - root - DEBUG - 3-TimeExtended
2021-12-28 10:54:23,720 - root - DEBUG - 3.1-TimeSeparateDigits
2021-12-28 10:54:23,721 - root - DEBUG - 3.1.1-Hours
2021-12-28 10:54:23,721 - root - DEBUG - 3.1.1.1-Tens
2021-12-28 10:54:23,721 - root - DEBUG - 3.1.1.1.1-X
2021-12-28 10:54:23,721 - root - DEBUG - 3.1.1.1.2-Y
2021-12-28 10:54:23,721 - root - DEBUG - 3.1.1.1.3-ImageIndex
2021-12-28 10:54:23,721 - root - DEBUG - 3.1.1.1.4-ImagesCount
2021-12-28 10:54:23,721 - root - DEBUG - 3.1.1.2-Ones
2021-12-28 10:54:23,721 - root - DEBUG - 3.1.1.2.1-X
2021-12-28 10:54:23,722 - root - DEBUG - 3.1.1.2.2-Y
2021-12-28 10:54:23,722 - root - DEBUG - 3.1.1.2.3-ImageIndex
2021-12-28 10:54:23,722 - root - DEBUG - 3.1.1.2.4-ImagesCount
2021-12-28 10:54:23,722 - root - DEBUG - 3.1.2-Minutes
2021-12-28 10:54:23,722 - root - DEBUG - 3.1.2.1-Tens
2021-12-28 10:54:23,722 - root - DEBUG - 3.1.2.1.1-X
2021-12-28 10:54:23,723 - root - DEBUG - 3.1.2.1.2-Y
2021-12-28 10:54:23,723 - root - DEBUG - 3.1.2.1.3-ImageIndex
2021-12-28 10:54:23,723 - root - DEBUG - 3.1.2.1.4-ImagesCount
2021-12-28 10:54:23,723 - root - DEBUG - 3.1.2.2-Ones
2021-12-28 10:54:23,723 - root - DEBUG - 3.1.2.2.1-X
2021-12-28 10:54:23,723 - root - DEBUG - 3.1.2.2.2-Y
2021-12-28 10:54:23,723 - root - DEBUG - 3.1.2.2.3-ImageIndex
2021-12-28 10:54:23,723 - root - DEBUG - 3.1.2.2.4-ImagesCount
2021-12-28 10:54:23,724 - root - DEBUG - 3.1.7-PaddingZeroHours
2021-12-28 10:54:23,724 - root - DEBUG - 3.1.8-PaddingZeroMinutes
2021-12-28 10:54:23,724 - root - DEBUG - 5-DateBlock
2021-12-28 10:54:23,724 - root - DEBUG - 5.1-Date
2021-12-28 10:54:23,724 - root - DEBUG - 5.1.2-OneLineMonthAndDay
2021-12-28 10:54:23,724 - root - DEBUG - 5.1.2.1-Number
2021-12-28 10:54:23,724 - root - DEBUG - 5.1.2.1.1-TopLeftX
2021-12-28 10:54:23,724 - root - DEBUG - 5.1.2.1.2-TopLeftY
2021-12-28 10:54:23,724 - root - DEBUG - 5.1.2.1.3-BottomRightX
2021-12-28 10:54:23,725 - root - DEBUG - 5.1.2.1.4-BottomRightY
2021-12-28 10:54:23,725 - root - DEBUG - 5.1.2.1.5-Alignment
2021-12-28 10:54:23,725 - root - DEBUG - 5.1.2.1.6-Spacing
2021-12-28 10:54:23,725 - root - DEBUG - 5.1.2.1.7-VerticalOffset
2021-12-28 10:54:23,725 - root - DEBUG - 5.1.2.1.8-ImageIndex
2021-12-28 10:54:23,725 - root - DEBUG - 5.1.2.1.9-ImagesCount
2021-12-28 10:54:23,725 - root - DEBUG - 5.1.2.2-DelimiterImageIndex
2021-12-28 10:54:23,725 - root - DEBUG - 5.1.4-PaddingZeroMonth
2021-12-28 10:54:23,726 - root - DEBUG - 5.1.5-PaddingZeroDay
2021-12-28 10:54:23,726 - root - DEBUG - 5.1.6-Unknown6
2021-12-28 10:54:23,726 - root - DEBUG - 5.2-AmPm
2021-12-28 10:54:23,726 - root - DEBUG - 5.2.1-CommonX
2021-12-28 10:54:23,726 - root - DEBUG - 5.2.2-CommonY
2021-12-28 10:54:23,726 - root - DEBUG - 5.2.5-AmImageIndexEN
2021-12-28 10:54:23,726 - root - DEBUG - 5.2.6-PmImageIndexEN
2021-12-28 10:54:23,726 - root - DEBUG - 5.4-Weekday
2021-12-28 10:54:23,727 - root - DEBUG - 5.4.1-X
2021-12-28 10:54:23,727 - root - DEBUG - 5.4.2-Y
2021-12-28 10:54:23,727 - root - DEBUG - 5.4.3-ImageIndex
2021-12-28 10:54:23,727 - root - DEBUG - 5.4.4-ImagesCount
2021-12-28 10:54:23,727 - root - DEBUG - generatePreviews
2021-12-28 10:54:23,727 - root - DEBUG - Generating previews...
2021-12-28 10:54:23,731 - root - DEBUG - Generating states done...
2021-12-28 10:54:23,742 - root - DEBUG - >>>>>>>>>>>> 0 <watchFaceParser.models.parameter.Parameter object at 0x000001634DBFE988>
2021-12-28 10:54:23,742 - root - DEBUG - >>>>>>>>>>>> 2 <watchFaceParser.models.parameter.Parameter object at 0x000001634DBF4C88>
2021-12-28 10:54:23,747 - root - DEBUG - >>>>>>>>>>>> 3 <watchFaceParser.models.parameter.Parameter object at 0x000001634DBF47C8>
2021-12-28 10:54:23,754 - root - DEBUG - >>>>>>>>>>>> 5 <watchFaceParser.models.parameter.Parameter object at 0x000001634DBFE488>
2021-12-28 10:54:23,777 - root - DEBUG - Generating static preview gen done...
2021-12-28 10:54:23,861 - root - DEBUG - Generating static preview save done...
2021-12-28 10:54:23,861 - root - DEBUG - Generating anim preview gen done...
2021-12-28 10:54:23,862 - root - DEBUG - >>>>>>>>>>>> 0 <watchFaceParser.models.parameter.Parameter object at 0x000001634DBFE988>
2021-12-28 10:54:23,862 - root - DEBUG - >>>>>>>>>>>> 2 <watchFaceParser.models.parameter.Parameter object at 0x000001634DBF4C88>
2021-12-28 10:54:23,862 - root - DEBUG - >>>>>>>>>>>> 3 <watchFaceParser.models.parameter.Parameter object at 0x000001634DBF47C8>
2021-12-28 10:54:23,862 - root - DEBUG - >>>>>>>>>>>> 5 <watchFaceParser.models.parameter.Parameter object at 0x000001634DBFE488>
2021-12-28 10:54:23,953 - root - DEBUG - generatePreviews done
2021-12-28 10:54:23,953 - root - DEBUG - Exporting resources to 'E:\Codez\zepp-bipupro-wf\49abe15b84ab064ceaab1b409322b78a'
2021-12-28 10:54:23,957 - root - DEBUG - extracting E:\Codez\zepp-bipupro-wf\49abe15b84ab064ceaab1b409322b78a\0000.png...
2021-12-28 10:54:23,993 - root - DEBUG - extracting E:\Codez\zepp-bipupro-wf\49abe15b84ab064ceaab1b409322b78a\0001.png...
2021-12-28 10:54:24,012 - root - DEBUG - extracting E:\Codez\zepp-bipupro-wf\49abe15b84ab064ceaab1b409322b78a\0002.png...
2021-12-28 10:54:24,014 - root - DEBUG - extracting E:\Codez\zepp-bipupro-wf\49abe15b84ab064ceaab1b409322b78a\0003.png...
2021-12-28 10:54:24,015 - root - DEBUG - extracting E:\Codez\zepp-bipupro-wf\49abe15b84ab064ceaab1b409322b78a\0004.png...
2021-12-28 10:54:24,017 - root - DEBUG - extracting E:\Codez\zepp-bipupro-wf\49abe15b84ab064ceaab1b409322b78a\0005.png...
2021-12-28 10:54:24,018 - root - DEBUG - extracting E:\Codez\zepp-bipupro-wf\49abe15b84ab064ceaab1b409322b78a\0006.png...
2021-12-28 10:54:24,020 - root - DEBUG - extracting E:\Codez\zepp-bipupro-wf\49abe15b84ab064ceaab1b409322b78a\0007.png...
2021-12-28 10:54:24,021 - root - DEBUG - extracting E:\Codez\zepp-bipupro-wf\49abe15b84ab064ceaab1b409322b78a\0008.png...
2021-12-28 10:54:24,023 - root - DEBUG - extracting E:\Codez\zepp-bipupro-wf\49abe15b84ab064ceaab1b409322b78a\0009.png...
2021-12-28 10:54:24,024 - root - DEBUG - extracting E:\Codez\zepp-bipupro-wf\49abe15b84ab064ceaab1b409322b78a\0010.png...
2021-12-28 10:54:24,026 - root - DEBUG - extracting E:\Codez\zepp-bipupro-wf\49abe15b84ab064ceaab1b409322b78a\0011.png...
2021-12-28 10:54:24,027 - root - DEBUG - extracting E:\Codez\zepp-bipupro-wf\49abe15b84ab064ceaab1b409322b78a\0012.png...
2021-12-28 10:54:24,029 - root - DEBUG - extracting E:\Codez\zepp-bipupro-wf\49abe15b84ab064ceaab1b409322b78a\0013.png...
2021-12-28 10:54:24,030 - root - DEBUG - extracting E:\Codez\zepp-bipupro-wf\49abe15b84ab064ceaab1b409322b78a\0014.png...
2021-12-28 10:54:24,032 - root - DEBUG - extracting E:\Codez\zepp-bipupro-wf\49abe15b84ab064ceaab1b409322b78a\0015.png...
2021-12-28 10:54:24,033 - root - DEBUG - extracting E:\Codez\zepp-bipupro-wf\49abe15b84ab064ceaab1b409322b78a\0016.png...
2021-12-28 10:54:24,034 - root - DEBUG - extracting E:\Codez\zepp-bipupro-wf\49abe15b84ab064ceaab1b409322b78a\0017.png...
2021-12-28 10:54:24,036 - root - DEBUG - extracting E:\Codez\zepp-bipupro-wf\49abe15b84ab064ceaab1b409322b78a\0018.png...
2021-12-28 10:54:24,038 - root - DEBUG - extracting E:\Codez\zepp-bipupro-wf\49abe15b84ab064ceaab1b409322b78a\0019.png...
2021-12-28 10:54:24,039 - root - DEBUG - extracting E:\Codez\zepp-bipupro-wf\49abe15b84ab064ceaab1b409322b78a\0020.png...
2021-12-28 10:54:24,040 - root - DEBUG - extracting E:\Codez\zepp-bipupro-wf\49abe15b84ab064ceaab1b409322b78a\0021.png...
2021-12-28 10:54:24,042 - root - DEBUG - extracting E:\Codez\zepp-bipupro-wf\49abe15b84ab064ceaab1b409322b78a\0022.png...
2021-12-28 10:54:24,042 - root - DEBUG - extracting E:\Codez\zepp-bipupro-wf\49abe15b84ab064ceaab1b409322b78a\0023.png...
2021-12-28 10:54:24,043 - root - DEBUG - extracting E:\Codez\zepp-bipupro-wf\49abe15b84ab064ceaab1b409322b78a\0024.png...
2021-12-28 10:54:24,044 - root - DEBUG - extracting E:\Codez\zepp-bipupro-wf\49abe15b84ab064ceaab1b409322b78a\0025.png...
2021-12-28 10:54:24,044 - root - DEBUG - extracting E:\Codez\zepp-bipupro-wf\49abe15b84ab064ceaab1b409322b78a\0026.png...
2021-12-28 10:54:24,045 - root - DEBUG - extracting E:\Codez\zepp-bipupro-wf\49abe15b84ab064ceaab1b409322b78a\0027.png...
2021-12-28 10:54:24,046 - root - DEBUG - extracting E:\Codez\zepp-bipupro-wf\49abe15b84ab064ceaab1b409322b78a\0028.png...
2021-12-28 10:54:24,046 - root - DEBUG - extracting E:\Codez\zepp-bipupro-wf\49abe15b84ab064ceaab1b409322b78a\0029.png...
2021-12-28 10:54:24,047 - root - DEBUG - extracting E:\Codez\zepp-bipupro-wf\49abe15b84ab064ceaab1b409322b78a\0030.png...
2021-12-28 10:54:24,048 - root - DEBUG - extracting E:\Codez\zepp-bipupro-wf\49abe15b84ab064ceaab1b409322b78a\0031.png...
2021-12-28 10:54:24,048 - root - DEBUG - extracting E:\Codez\zepp-bipupro-wf\49abe15b84ab064ceaab1b409322b78a\0032.png...
2021-12-28 10:54:24,049 - root - DEBUG - extracting E:\Codez\zepp-bipupro-wf\49abe15b84ab064ceaab1b409322b78a\0033.png...
2021-12-28 10:54:24,050 - root - DEBUG - extracting E:\Codez\zepp-bipupro-wf\49abe15b84ab064ceaab1b409322b78a\0034.png...
2021-12-28 10:54:24,051 - root - DEBUG - extracting E:\Codez\zepp-bipupro-wf\49abe15b84ab064ceaab1b409322b78a\0035.png...
2021-12-28 10:54:24,052 - root - DEBUG - extracting E:\Codez\zepp-bipupro-wf\49abe15b84ab064ceaab1b409322b78a\0036.png...
2021-12-28 10:54:24,053 - root - DEBUG - extracting E:\Codez\zepp-bipupro-wf\49abe15b84ab064ceaab1b409322b78a\0037.png...
2021-12-28 10:54:24,054 - root - DEBUG - extracting E:\Codez\zepp-bipupro-wf\49abe15b84ab064ceaab1b409322b78a\0038.png...
2021-12-28 10:54:24,055 - root - DEBUG - extracting E:\Codez\zepp-bipupro-wf\49abe15b84ab064ceaab1b409322b78a\0039.png...
2021-12-28 10:54:24,056 - root - DEBUG - extracting E:\Codez\zepp-bipupro-wf\49abe15b84ab064ceaab1b409322b78a\0040.png...
2021-12-28 10:54:24,056 - root - DEBUG - extracting E:\Codez\zepp-bipupro-wf\49abe15b84ab064ceaab1b409322b78a\0041.png...
2021-12-28 10:54:24,057 - root - DEBUG - Exporting config...
