2023-07-10 21:48:08,806 - root - DEBUG - Opening watch face 'E:\Codez\zepp-bipupro-wf\d45d3d25a9e51c543a9d47dc39c5b068.bin'
2023-07-10 21:48:08,806 - root - DEBUG - Reading parameters...
2023-07-10 21:48:08,806 - root - INFO - Reading header...
2023-07-10 21:48:08,806 - root - INFO - Header was read:
2023-07-10 21:48:08,806 - root - INFO - Signature: b'UIHH\x01\x00\xff', Unknown: 59, ParametersSize: 39, isValid: True, deviceId: 71
2023-07-10 21:48:08,806 - root - INFO - Reading parameter offsets...
2023-07-10 21:48:08,806 - root - INFO - Parameter offsets were read from file
2023-07-10 21:48:08,806 - root - INFO - Reading parameters descriptor...
2023-07-10 21:48:08,806 - root - INFO - 1 ( A): 5 bytes
2023-07-10 21:48:08,806 - root - INFO -     1 ( 8): 229 E5
2023-07-10 21:48:08,806 - root - INFO -     2 (10): 66 42
2023-07-10 21:48:08,806 - root - INFO - getParameters descriptor was read:
2023-07-10 21:48:08,806 - root - INFO - ParametersTableLength: 229, ImagesCount: 66
2023-07-10 21:48:08,806 - root - INFO - Reading parameters locations...
2023-07-10 21:48:08,806 - root - INFO - 2 (12): 4 bytes
2023-07-10 21:48:08,806 - root - INFO -     1 ( 8): 0  0
2023-07-10 21:48:08,806 - root - INFO -     2 (10): 32 20
2023-07-10 21:48:08,806 - root - INFO - 3 (1A): 4 bytes
2023-07-10 21:48:08,806 - root - INFO -     1 ( 8): 32 20
2023-07-10 21:48:08,806 - root - INFO -     2 (10): 56 38
2023-07-10 21:48:08,806 - root - INFO - 4 (22): 5 bytes
2023-07-10 21:48:08,806 - root - INFO -     1 ( 8): 147 93
2023-07-10 21:48:08,806 - root - INFO -     2 (10): 55 37
2023-07-10 21:48:08,821 - root - INFO - 5 (2A): 4 bytes
2023-07-10 21:48:08,821 - root - INFO -     1 ( 8): 88 58
2023-07-10 21:48:08,821 - root - INFO -     2 (10): 59 3B
2023-07-10 21:48:08,821 - root - INFO - 9 (4A): 5 bytes
2023-07-10 21:48:08,821 - root - INFO -     1 ( 8): 202 CA
2023-07-10 21:48:08,821 - root - INFO -     2 (10): 27 1B
2023-07-10 21:48:08,821 - root - INFO - Watch face parameters locations were read:
2023-07-10 21:48:08,821 - root - INFO - Reading descriptor for parameter 2
2023-07-10 21:48:08,821 - root - INFO - Descriptor offset: 0, Descriptor length: 32
2023-07-10 21:48:08,821 - root - INFO - Parsing descriptor for parameter 2...
2023-07-10 21:48:08,821 - root - INFO - 1 ( A): 6 bytes
2023-07-10 21:48:08,821 - root - INFO -     1 ( 8): 0  0
2023-07-10 21:48:08,821 - root - INFO -     2 (10): 0  0
2023-07-10 21:48:08,821 - root - INFO -     3 (18): 1  1
2023-07-10 21:48:08,821 - root - INFO - 3 (1A): 6 bytes
2023-07-10 21:48:08,821 - root - INFO -     1 ( 8): 0  0
2023-07-10 21:48:08,821 - root - INFO -     2 (10): 0  0
2023-07-10 21:48:08,821 - root - INFO -     3 (18): 0  0
2023-07-10 21:48:08,821 - root - INFO - 4 (22): 6 bytes
2023-07-10 21:48:08,821 - root - INFO -     1 ( 8): 0  0
2023-07-10 21:48:08,821 - root - INFO -     2 (10): 0  0
2023-07-10 21:48:08,821 - root - INFO -     3 (18): 0  0
2023-07-10 21:48:08,821 - root - INFO - 5 (2A): 6 bytes
2023-07-10 21:48:08,821 - root - INFO -     1 ( 8): 0  0
2023-07-10 21:48:08,821 - root - INFO -     2 (10): 0  0
2023-07-10 21:48:08,821 - root - INFO -     3 (18): 0  0
2023-07-10 21:48:08,821 - root - INFO - Reading descriptor for parameter 3
2023-07-10 21:48:08,821 - root - INFO - Descriptor offset: 32, Descriptor length: 56
2023-07-10 21:48:08,821 - root - INFO - Parsing descriptor for parameter 3...
2023-07-10 21:48:08,821 - root - INFO - 1 ( A): 54 bytes
2023-07-10 21:48:08,837 - root - INFO -     1 ( A): 22 bytes
2023-07-10 21:48:08,837 - root - INFO -         1 ( A): 9 bytes
2023-07-10 21:48:08,837 - root - INFO -             1 ( 8): 24 18
2023-07-10 21:48:08,837 - root - INFO -             2 (10): 153 99
2023-07-10 21:48:08,837 - root - INFO -             3 (18): 2  2
2023-07-10 21:48:08,837 - root - INFO -             4 (20): 10  A
2023-07-10 21:48:08,837 - root - INFO -         2 (12): 9 bytes
2023-07-10 21:48:08,837 - root - INFO -             1 ( 8): 86 56
2023-07-10 21:48:08,837 - root - INFO -             2 (10): 153 99
2023-07-10 21:48:08,837 - root - INFO -             3 (18): 2  2
2023-07-10 21:48:08,837 - root - INFO -             4 (20): 10  A
2023-07-10 21:48:08,837 - root - INFO -     2 (12): 24 bytes
2023-07-10 21:48:08,837 - root - INFO -         1 ( A): 10 bytes
2023-07-10 21:48:08,837 - root - INFO -             1 ( 8): 152 98
2023-07-10 21:48:08,837 - root - INFO -             2 (10): 233 E9
2023-07-10 21:48:08,837 - root - INFO -             3 (18): 2  2
2023-07-10 21:48:08,837 - root - INFO -             4 (20): 10  A
2023-07-10 21:48:08,837 - root - INFO -         2 (12): 10 bytes
2023-07-10 21:48:08,837 - root - INFO -             1 ( 8): 214 D6
2023-07-10 21:48:08,837 - root - INFO -             2 (10): 233 E9
2023-07-10 21:48:08,837 - root - INFO -             3 (18): 2  2
2023-07-10 21:48:08,837 - root - INFO -             4 (20): 10  A
2023-07-10 21:48:08,837 - root - INFO -     7 (38): 0  0
2023-07-10 21:48:08,837 - root - INFO -     8 (40): 1  1
2023-07-10 21:48:08,837 - root - INFO - Reading descriptor for parameter 4
2023-07-10 21:48:08,837 - root - INFO - Descriptor offset: 147, Descriptor length: 55
2023-07-10 21:48:08,837 - root - INFO - Parsing descriptor for parameter 4...
2023-07-10 21:48:08,837 - root - INFO - 1 ( A): 22 bytes
2023-07-10 21:48:08,837 - root - INFO -     1 ( A): 20 bytes
2023-07-10 21:48:08,837 - root - INFO -         1 ( 8): 24 18
2023-07-10 21:48:08,837 - root - INFO -         2 (10): 104 68
2023-07-10 21:48:08,837 - root - INFO -         3 (18): 154 9A
2023-07-10 21:48:08,837 - root - INFO -         4 (20): 144 90
2023-07-10 21:48:08,837 - root - INFO -         5 (28): 20 14
2023-07-10 21:48:08,837 - root - INFO -         6 (30): 0  0
2023-07-10 21:48:08,837 - root - INFO -         7 (38): 0  0
2023-07-10 21:48:08,837 - root - INFO -         8 (40): 32 20
2023-07-10 21:48:08,837 - root - INFO -         9 (48): 10  A
2023-07-10 21:48:08,837 - root - INFO - 4 (22): 27 bytes
2023-07-10 21:48:08,837 - root - INFO -     1 ( A): 21 bytes
2023-07-10 21:48:08,837 - root - INFO -         1 ( 8): 41 29
2023-07-10 21:48:08,837 - root - INFO -         2 (10): 246 F6
2023-07-10 21:48:08,837 - root - INFO -         3 (18): 128 80
2023-07-10 21:48:08,837 - root - INFO -         4 (20): 271 10F
2023-07-10 21:48:08,837 - root - INFO -         5 (28): 20 14
2023-07-10 21:48:08,837 - root - INFO -         6 (30): 1  1
2023-07-10 21:48:08,837 - root - INFO -         7 (38): 0  0
2023-07-10 21:48:08,837 - root - INFO -         8 (40): 42 2A
2023-07-10 21:48:08,837 - root - INFO -         9 (48): 10  A
2023-07-10 21:48:08,837 - root - INFO -     2 (10): 52 34
2023-07-10 21:48:08,837 - root - INFO -     3 (18): 53 35
2023-07-10 21:48:08,837 - root - INFO - 7 (38): 0  0
2023-07-10 21:48:08,837 - root - INFO - Reading descriptor for parameter 5
2023-07-10 21:48:08,837 - root - INFO - Descriptor offset: 88, Descriptor length: 59
2023-07-10 21:48:08,837 - root - INFO - Parsing descriptor for parameter 5...
2023-07-10 21:48:08,837 - root - INFO - 1 ( A): 34 bytes
2023-07-10 21:48:08,837 - root - INFO -     2 (12): 26 bytes
2023-07-10 21:48:08,837 - root - INFO -         1 ( A): 22 bytes
2023-07-10 21:48:08,837 - root - INFO -             1 ( 8): 175 AF
2023-07-10 21:48:08,837 - root - INFO -             2 (10): 17 11
2023-07-10 21:48:08,837 - root - INFO -             3 (18): 207 CF
2023-07-10 21:48:08,837 - root - INFO -             4 (20): 139 8B
2023-07-10 21:48:08,837 - root - INFO -             5 (28): 130 82
2023-07-10 21:48:08,837 - root - INFO -             6 (30): 0  0
2023-07-10 21:48:08,837 - root - INFO -             7 (38): 0  0
2023-07-10 21:48:08,853 - root - INFO -             8 (40): 12  C
2023-07-10 21:48:08,853 - root - INFO -             9 (48): 10  A
2023-07-10 21:48:08,853 - root - INFO -         2 (10): 22 16
2023-07-10 21:48:08,853 - root - INFO -     4 (20): 1  1
2023-07-10 21:48:08,853 - root - INFO -     5 (28): 1  1
2023-07-10 21:48:08,853 - root - INFO -     6 (30): 0  0
2023-07-10 21:48:08,853 - root - INFO - 2 (12): 10 bytes
2023-07-10 21:48:08,853 - root - INFO -     1 ( 8): 167 A7
2023-07-10 21:48:08,853 - root - INFO -     2 (10): 151 97
2023-07-10 21:48:08,853 - root - INFO -     5 (28): 30 1E
2023-07-10 21:48:08,853 - root - INFO -     6 (30): 31 1F
2023-07-10 21:48:08,853 - root - INFO - 4 (22): 9 bytes
2023-07-10 21:48:08,853 - root - INFO -     1 ( 8): 239 EF
2023-07-10 21:48:08,853 - root - INFO -     2 (10): 109 6D
2023-07-10 21:48:08,853 - root - INFO -     3 (18): 23 17
2023-07-10 21:48:08,853 - root - INFO -     4 (20): 7  7
2023-07-10 21:48:08,853 - root - INFO - Reading descriptor for parameter 9
2023-07-10 21:48:08,853 - root - INFO - Descriptor offset: 202, Descriptor length: 27
2023-07-10 21:48:08,853 - root - INFO - Parsing descriptor for parameter 9...
2023-07-10 21:48:08,853 - root - INFO - 1 ( A): 25 bytes
2023-07-10 21:48:08,853 - root - INFO -     1 ( A): 19 bytes
2023-07-10 21:48:08,853 - root - INFO -         1 ( 8): 51 33
2023-07-10 21:48:08,853 - root - INFO -         2 (10): 19 13
2023-07-10 21:48:08,853 - root - INFO -         3 (18): 153 99
2023-07-10 21:48:08,853 - root - INFO -         4 (20): 39 27
2023-07-10 21:48:08,853 - root - INFO -         5 (28): 20 14
2023-07-10 21:48:08,853 - root - INFO -         6 (30): 1  1
2023-07-10 21:48:08,853 - root - INFO -         7 (38): 0  0
2023-07-10 21:48:08,853 - root - INFO -         8 (40): 54 36
2023-07-10 21:48:08,853 - root - INFO -         9 (48): 10  A
2023-07-10 21:48:08,853 - root - INFO -     3 (18): 65 41
2023-07-10 21:48:08,853 - root - INFO -     4 (20): 64 40
2023-07-10 21:48:08,853 - root - INFO - Reading resources offsets table with 66 elements (264 bytes)
2023-07-10 21:48:08,853 - root - INFO - Resource 0 offset: 619, length: 86572...
2023-07-10 21:48:08,853 - root - DEBUG - Reading resource 0...
2023-07-10 21:48:08,931 - root - INFO - The image is bme.
2023-07-10 21:48:08,931 - root - INFO - Reading image header(readHeader16E)...
2023-07-10 21:48:08,931 - root - INFO - Image header was read:
2023-07-10 21:48:08,931 - root - INFO - Width: 202, Height: 214, RowLength: 404
2023-07-10 21:48:08,931 - root - INFO - datalength: 86556, _step: 2
2023-07-10 21:48:08,931 - root - INFO - BPP: 16, Transparency: False
2023-07-10 21:48:09,478 - root - INFO - Resource 1 offset: 87191, length: 192288...
2023-07-10 21:48:09,478 - root - DEBUG - Reading resource 1...
2023-07-10 21:48:09,478 - root - INFO - The image is bme.
2023-07-10 21:48:09,478 - root - INFO - Reading image header(readHeader16E)...
2023-07-10 21:48:09,478 - root - INFO - Image header was read:
2023-07-10 21:48:09,478 - root - INFO - Width: 302, Height: 320, RowLength: 604
2023-07-10 21:48:09,478 - root - INFO - datalength: 192272, _step: 2
2023-07-10 21:48:09,478 - root - INFO - BPP: 16, Transparency: False
2023-07-10 21:48:10,869 - root - INFO - Resource 2 offset: 279479, length: 13780...
2023-07-10 21:48:10,869 - root - DEBUG - Reading resource 2...
2023-07-10 21:48:10,869 - root - INFO - The image is bmc.
2023-07-10 21:48:10,869 - root - INFO - Reading image header(readHeader16C)...
2023-07-10 21:48:10,869 - root - INFO - Image header was read:
2023-07-10 21:48:10,869 - root - INFO - Width: 62, Height: 74, RowLength: 186
2023-07-10 21:48:10,869 - root - INFO - _step: 3, unknown2: 0,
2023-07-10 21:48:10,869 - root - INFO - BPP: 24, Transparency: False
2023-07-10 21:48:10,901 - root - INFO - Resource 3 offset: 293259, length: 13780...
2023-07-10 21:48:10,901 - root - DEBUG - Reading resource 3...
2023-07-10 21:48:10,901 - root - INFO - The image is bmc.
2023-07-10 21:48:10,901 - root - INFO - Reading image header(readHeader16C)...
2023-07-10 21:48:10,901 - root - INFO - Image header was read:
2023-07-10 21:48:10,901 - root - INFO - Width: 62, Height: 74, RowLength: 186
2023-07-10 21:48:10,901 - root - INFO - _step: 3, unknown2: 0,
2023-07-10 21:48:10,901 - root - INFO - BPP: 24, Transparency: False
2023-07-10 21:48:10,932 - root - INFO - Resource 4 offset: 307039, length: 13780...
2023-07-10 21:48:10,932 - root - DEBUG - Reading resource 4...
2023-07-10 21:48:10,932 - root - INFO - The image is bmc.
2023-07-10 21:48:10,932 - root - INFO - Reading image header(readHeader16C)...
2023-07-10 21:48:10,932 - root - INFO - Image header was read:
2023-07-10 21:48:10,932 - root - INFO - Width: 62, Height: 74, RowLength: 186
2023-07-10 21:48:10,932 - root - INFO - _step: 3, unknown2: 0,
2023-07-10 21:48:10,932 - root - INFO - BPP: 24, Transparency: False
2023-07-10 21:48:10,963 - root - INFO - Resource 5 offset: 320819, length: 13780...
2023-07-10 21:48:10,963 - root - DEBUG - Reading resource 5...
2023-07-10 21:48:10,963 - root - INFO - The image is bmc.
2023-07-10 21:48:10,963 - root - INFO - Reading image header(readHeader16C)...
2023-07-10 21:48:10,963 - root - INFO - Image header was read:
2023-07-10 21:48:10,963 - root - INFO - Width: 62, Height: 74, RowLength: 186
2023-07-10 21:48:10,963 - root - INFO - _step: 3, unknown2: 0,
2023-07-10 21:48:10,963 - root - INFO - BPP: 24, Transparency: False
2023-07-10 21:48:10,994 - root - INFO - Resource 6 offset: 334599, length: 13780...
2023-07-10 21:48:10,994 - root - DEBUG - Reading resource 6...
2023-07-10 21:48:10,994 - root - INFO - The image is bmc.
2023-07-10 21:48:10,994 - root - INFO - Reading image header(readHeader16C)...
2023-07-10 21:48:10,994 - root - INFO - Image header was read:
2023-07-10 21:48:10,994 - root - INFO - Width: 62, Height: 74, RowLength: 186
2023-07-10 21:48:10,994 - root - INFO - _step: 3, unknown2: 0,
2023-07-10 21:48:10,994 - root - INFO - BPP: 24, Transparency: False
2023-07-10 21:48:11,041 - root - INFO - Resource 7 offset: 348379, length: 13780...
2023-07-10 21:48:11,041 - root - DEBUG - Reading resource 7...
2023-07-10 21:48:11,041 - root - INFO - The image is bmc.
2023-07-10 21:48:11,041 - root - INFO - Reading image header(readHeader16C)...
2023-07-10 21:48:11,041 - root - INFO - Image header was read:
2023-07-10 21:48:11,041 - root - INFO - Width: 62, Height: 74, RowLength: 186
2023-07-10 21:48:11,041 - root - INFO - _step: 3, unknown2: 0,
2023-07-10 21:48:11,041 - root - INFO - BPP: 24, Transparency: False
2023-07-10 21:48:11,088 - root - INFO - Resource 8 offset: 362159, length: 13780...
2023-07-10 21:48:11,104 - root - DEBUG - Reading resource 8...
2023-07-10 21:48:11,104 - root - INFO - The image is bmc.
2023-07-10 21:48:11,104 - root - INFO - Reading image header(readHeader16C)...
2023-07-10 21:48:11,104 - root - INFO - Image header was read:
2023-07-10 21:48:11,104 - root - INFO - Width: 62, Height: 74, RowLength: 186
2023-07-10 21:48:11,104 - root - INFO - _step: 3, unknown2: 0,
2023-07-10 21:48:11,104 - root - INFO - BPP: 24, Transparency: False
2023-07-10 21:48:11,151 - root - INFO - Resource 9 offset: 375939, length: 13780...
2023-07-10 21:48:11,151 - root - DEBUG - Reading resource 9...
2023-07-10 21:48:11,151 - root - INFO - The image is bmc.
2023-07-10 21:48:11,151 - root - INFO - Reading image header(readHeader16C)...
2023-07-10 21:48:11,151 - root - INFO - Image header was read:
2023-07-10 21:48:11,151 - root - INFO - Width: 62, Height: 74, RowLength: 186
2023-07-10 21:48:11,151 - root - INFO - _step: 3, unknown2: 0,
2023-07-10 21:48:11,151 - root - INFO - BPP: 24, Transparency: False
2023-07-10 21:48:11,182 - root - INFO - Resource 10 offset: 389719, length: 13780...
2023-07-10 21:48:11,198 - root - DEBUG - Reading resource 10...
2023-07-10 21:48:11,198 - root - INFO - The image is bmc.
2023-07-10 21:48:11,198 - root - INFO - Reading image header(readHeader16C)...
2023-07-10 21:48:11,198 - root - INFO - Image header was read:
2023-07-10 21:48:11,198 - root - INFO - Width: 62, Height: 74, RowLength: 186
2023-07-10 21:48:11,198 - root - INFO - _step: 3, unknown2: 0,
2023-07-10 21:48:11,198 - root - INFO - BPP: 24, Transparency: False
2023-07-10 21:48:11,229 - root - INFO - Resource 11 offset: 403499, length: 13780...
2023-07-10 21:48:11,229 - root - DEBUG - Reading resource 11...
2023-07-10 21:48:11,229 - root - INFO - The image is bmc.
2023-07-10 21:48:11,229 - root - INFO - Reading image header(readHeader16C)...
2023-07-10 21:48:11,229 - root - INFO - Image header was read:
2023-07-10 21:48:11,229 - root - INFO - Width: 62, Height: 74, RowLength: 186
2023-07-10 21:48:11,229 - root - INFO - _step: 3, unknown2: 0,
2023-07-10 21:48:11,229 - root - INFO - BPP: 24, Transparency: False
2023-07-10 21:48:11,260 - root - INFO - Resource 12 offset: 417279, length: 2512...
2023-07-10 21:48:11,260 - root - DEBUG - Reading resource 12...
2023-07-10 21:48:11,260 - root - INFO - The image is bmc.
2023-07-10 21:48:11,260 - root - INFO - Reading image header(readHeader16C)...
2023-07-10 21:48:11,260 - root - INFO - Image header was read:
2023-07-10 21:48:11,260 - root - INFO - Width: 32, Height: 26, RowLength: 96
2023-07-10 21:48:11,260 - root - INFO - _step: 3, unknown2: 0,
2023-07-10 21:48:11,260 - root - INFO - BPP: 24, Transparency: False
2023-07-10 21:48:11,260 - root - INFO - Resource 13 offset: 419791, length: 2512...
2023-07-10 21:48:11,260 - root - DEBUG - Reading resource 13...
2023-07-10 21:48:11,260 - root - INFO - The image is bmc.
2023-07-10 21:48:11,260 - root - INFO - Reading image header(readHeader16C)...
2023-07-10 21:48:11,260 - root - INFO - Image header was read:
2023-07-10 21:48:11,260 - root - INFO - Width: 32, Height: 26, RowLength: 96
2023-07-10 21:48:11,260 - root - INFO - _step: 3, unknown2: 0,
2023-07-10 21:48:11,260 - root - INFO - BPP: 24, Transparency: False
2023-07-10 21:48:11,276 - root - INFO - Resource 14 offset: 422303, length: 2512...
2023-07-10 21:48:11,276 - root - DEBUG - Reading resource 14...
2023-07-10 21:48:11,276 - root - INFO - The image is bmc.
2023-07-10 21:48:11,276 - root - INFO - Reading image header(readHeader16C)...
2023-07-10 21:48:11,276 - root - INFO - Image header was read:
2023-07-10 21:48:11,276 - root - INFO - Width: 32, Height: 26, RowLength: 96
2023-07-10 21:48:11,276 - root - INFO - _step: 3, unknown2: 0,
2023-07-10 21:48:11,276 - root - INFO - BPP: 24, Transparency: False
2023-07-10 21:48:11,276 - root - INFO - Resource 15 offset: 424815, length: 2512...
2023-07-10 21:48:11,276 - root - DEBUG - Reading resource 15...
2023-07-10 21:48:11,276 - root - INFO - The image is bmc.
2023-07-10 21:48:11,276 - root - INFO - Reading image header(readHeader16C)...
2023-07-10 21:48:11,276 - root - INFO - Image header was read:
2023-07-10 21:48:11,276 - root - INFO - Width: 32, Height: 26, RowLength: 96
2023-07-10 21:48:11,276 - root - INFO - _step: 3, unknown2: 0,
2023-07-10 21:48:11,276 - root - INFO - BPP: 24, Transparency: False
2023-07-10 21:48:11,291 - root - INFO - Resource 16 offset: 427327, length: 2512...
2023-07-10 21:48:11,291 - root - DEBUG - Reading resource 16...
2023-07-10 21:48:11,291 - root - INFO - The image is bmc.
2023-07-10 21:48:11,291 - root - INFO - Reading image header(readHeader16C)...
2023-07-10 21:48:11,291 - root - INFO - Image header was read:
2023-07-10 21:48:11,291 - root - INFO - Width: 32, Height: 26, RowLength: 96
2023-07-10 21:48:11,291 - root - INFO - _step: 3, unknown2: 0,
2023-07-10 21:48:11,291 - root - INFO - BPP: 24, Transparency: False
2023-07-10 21:48:11,291 - root - INFO - Resource 17 offset: 429839, length: 2512...
2023-07-10 21:48:11,291 - root - DEBUG - Reading resource 17...
2023-07-10 21:48:11,291 - root - INFO - The image is bmc.
2023-07-10 21:48:11,291 - root - INFO - Reading image header(readHeader16C)...
2023-07-10 21:48:11,291 - root - INFO - Image header was read:
2023-07-10 21:48:11,291 - root - INFO - Width: 32, Height: 26, RowLength: 96
2023-07-10 21:48:11,291 - root - INFO - _step: 3, unknown2: 0,
2023-07-10 21:48:11,291 - root - INFO - BPP: 24, Transparency: False
2023-07-10 21:48:11,307 - root - INFO - Resource 18 offset: 432351, length: 2512...
2023-07-10 21:48:11,307 - root - DEBUG - Reading resource 18...
2023-07-10 21:48:11,307 - root - INFO - The image is bmc.
2023-07-10 21:48:11,307 - root - INFO - Reading image header(readHeader16C)...
2023-07-10 21:48:11,307 - root - INFO - Image header was read:
2023-07-10 21:48:11,307 - root - INFO - Width: 32, Height: 26, RowLength: 96
2023-07-10 21:48:11,307 - root - INFO - _step: 3, unknown2: 0,
2023-07-10 21:48:11,307 - root - INFO - BPP: 24, Transparency: False
2023-07-10 21:48:11,307 - root - INFO - Resource 19 offset: 434863, length: 2512...
2023-07-10 21:48:11,307 - root - DEBUG - Reading resource 19...
2023-07-10 21:48:11,307 - root - INFO - The image is bmc.
2023-07-10 21:48:11,307 - root - INFO - Reading image header(readHeader16C)...
2023-07-10 21:48:11,307 - root - INFO - Image header was read:
2023-07-10 21:48:11,307 - root - INFO - Width: 32, Height: 26, RowLength: 96
2023-07-10 21:48:11,307 - root - INFO - _step: 3, unknown2: 0,
2023-07-10 21:48:11,307 - root - INFO - BPP: 24, Transparency: False
2023-07-10 21:48:11,323 - root - INFO - Resource 20 offset: 437375, length: 2512...
2023-07-10 21:48:11,323 - root - DEBUG - Reading resource 20...
2023-07-10 21:48:11,323 - root - INFO - The image is bmc.
2023-07-10 21:48:11,323 - root - INFO - Reading image header(readHeader16C)...
2023-07-10 21:48:11,323 - root - INFO - Image header was read:
2023-07-10 21:48:11,323 - root - INFO - Width: 32, Height: 26, RowLength: 96
2023-07-10 21:48:11,323 - root - INFO - _step: 3, unknown2: 0,
2023-07-10 21:48:11,323 - root - INFO - BPP: 24, Transparency: False
2023-07-10 21:48:11,323 - root - INFO - Resource 21 offset: 439887, length: 2512...
2023-07-10 21:48:11,323 - root - DEBUG - Reading resource 21...
2023-07-10 21:48:11,323 - root - INFO - The image is bmc.
2023-07-10 21:48:11,323 - root - INFO - Reading image header(readHeader16C)...
2023-07-10 21:48:11,323 - root - INFO - Image header was read:
2023-07-10 21:48:11,323 - root - INFO - Width: 32, Height: 26, RowLength: 96
2023-07-10 21:48:11,323 - root - INFO - _step: 3, unknown2: 0,
2023-07-10 21:48:11,323 - root - INFO - BPP: 24, Transparency: False
2023-07-10 21:48:11,323 - root - INFO - Resource 22 offset: 442399, length: 1744...
2023-07-10 21:48:11,323 - root - DEBUG - Reading resource 22...
2023-07-10 21:48:11,338 - root - INFO - The image is bmc.
2023-07-10 21:48:11,338 - root - INFO - Reading image header(readHeader16C)...
2023-07-10 21:48:11,338 - root - INFO - Image header was read:
2023-07-10 21:48:11,338 - root - INFO - Width: 32, Height: 18, RowLength: 96
2023-07-10 21:48:11,338 - root - INFO - _step: 3, unknown2: 0,
2023-07-10 21:48:11,338 - root - INFO - BPP: 24, Transparency: False
2023-07-10 21:48:11,338 - root - INFO - Resource 23 offset: 444143, length: 11776...
2023-07-10 21:48:11,338 - root - DEBUG - Reading resource 23...
2023-07-10 21:48:11,338 - root - INFO - The image is bmc.
2023-07-10 21:48:11,338 - root - INFO - Reading image header(readHeader16C)...
2023-07-10 21:48:11,338 - root - INFO - Image header was read:
2023-07-10 21:48:11,338 - root - INFO - Width: 35, Height: 112, RowLength: 105
2023-07-10 21:48:11,338 - root - INFO - _step: 3, unknown2: 0,
2023-07-10 21:48:11,338 - root - INFO - BPP: 24, Transparency: False
2023-07-10 21:48:11,354 - root - INFO - Resource 24 offset: 455919, length: 11776...
2023-07-10 21:48:11,354 - root - DEBUG - Reading resource 24...
2023-07-10 21:48:11,369 - root - INFO - The image is bmc.
2023-07-10 21:48:11,369 - root - INFO - Reading image header(readHeader16C)...
2023-07-10 21:48:11,369 - root - INFO - Image header was read:
2023-07-10 21:48:11,369 - root - INFO - Width: 35, Height: 112, RowLength: 105
2023-07-10 21:48:11,369 - root - INFO - _step: 3, unknown2: 0,
2023-07-10 21:48:11,369 - root - INFO - BPP: 24, Transparency: False
2023-07-10 21:48:11,385 - root - INFO - Resource 25 offset: 467695, length: 11776...
2023-07-10 21:48:11,385 - root - DEBUG - Reading resource 25...
2023-07-10 21:48:11,385 - root - INFO - The image is bmc.
2023-07-10 21:48:11,385 - root - INFO - Reading image header(readHeader16C)...
2023-07-10 21:48:11,385 - root - INFO - Image header was read:
2023-07-10 21:48:11,385 - root - INFO - Width: 35, Height: 112, RowLength: 105
2023-07-10 21:48:11,385 - root - INFO - _step: 3, unknown2: 0,
2023-07-10 21:48:11,385 - root - INFO - BPP: 24, Transparency: False
2023-07-10 21:48:11,416 - root - INFO - Resource 26 offset: 479471, length: 11776...
2023-07-10 21:48:11,416 - root - DEBUG - Reading resource 26...
2023-07-10 21:48:11,416 - root - INFO - The image is bmc.
2023-07-10 21:48:11,416 - root - INFO - Reading image header(readHeader16C)...
2023-07-10 21:48:11,416 - root - INFO - Image header was read:
2023-07-10 21:48:11,416 - root - INFO - Width: 35, Height: 112, RowLength: 105
2023-07-10 21:48:11,416 - root - INFO - _step: 3, unknown2: 0,
2023-07-10 21:48:11,416 - root - INFO - BPP: 24, Transparency: False
2023-07-10 21:48:11,448 - root - INFO - Resource 27 offset: 491247, length: 11776...
2023-07-10 21:48:11,448 - root - DEBUG - Reading resource 27...
2023-07-10 21:48:11,448 - root - INFO - The image is bmc.
2023-07-10 21:48:11,448 - root - INFO - Reading image header(readHeader16C)...
2023-07-10 21:48:11,448 - root - INFO - Image header was read:
2023-07-10 21:48:11,448 - root - INFO - Width: 35, Height: 112, RowLength: 105
2023-07-10 21:48:11,448 - root - INFO - _step: 3, unknown2: 0,
2023-07-10 21:48:11,448 - root - INFO - BPP: 24, Transparency: False
2023-07-10 21:48:11,479 - root - INFO - Resource 28 offset: 503023, length: 11776...
2023-07-10 21:48:11,479 - root - DEBUG - Reading resource 28...
2023-07-10 21:48:11,479 - root - INFO - The image is bmc.
2023-07-10 21:48:11,479 - root - INFO - Reading image header(readHeader16C)...
2023-07-10 21:48:11,479 - root - INFO - Image header was read:
2023-07-10 21:48:11,479 - root - INFO - Width: 35, Height: 112, RowLength: 105
2023-07-10 21:48:11,479 - root - INFO - _step: 3, unknown2: 0,
2023-07-10 21:48:11,479 - root - INFO - BPP: 24, Transparency: False
2023-07-10 21:48:11,510 - root - INFO - Resource 29 offset: 514799, length: 11776...
2023-07-10 21:48:11,510 - root - DEBUG - Reading resource 29...
2023-07-10 21:48:11,510 - root - INFO - The image is bmc.
2023-07-10 21:48:11,510 - root - INFO - Reading image header(readHeader16C)...
2023-07-10 21:48:11,510 - root - INFO - Image header was read:
2023-07-10 21:48:11,510 - root - INFO - Width: 35, Height: 112, RowLength: 105
2023-07-10 21:48:11,510 - root - INFO - _step: 3, unknown2: 0,
2023-07-10 21:48:11,510 - root - INFO - BPP: 24, Transparency: False
2023-07-10 21:48:11,528 - root - INFO - Resource 30 offset: 526575, length: 7462...
2023-07-10 21:48:11,528 - root - DEBUG - Reading resource 30...
2023-07-10 21:48:11,528 - root - INFO - The image is bme.
2023-07-10 21:48:11,528 - root - INFO - Reading image header(readHeader16E)...
2023-07-10 21:48:11,528 - root - INFO - Image header was read:
2023-07-10 21:48:11,528 - root - INFO - Width: 48, Height: 73, RowLength: 96
2023-07-10 21:48:11,528 - root - INFO - datalength: 7446, _step: 2
2023-07-10 21:48:11,528 - root - INFO - BPP: 16, Transparency: False
2023-07-10 21:48:11,557 - root - INFO - Resource 31 offset: 534037, length: 7462...
2023-07-10 21:48:11,557 - root - DEBUG - Reading resource 31...
2023-07-10 21:48:11,557 - root - INFO - The image is bme.
2023-07-10 21:48:11,557 - root - INFO - Reading image header(readHeader16E)...
2023-07-10 21:48:11,557 - root - INFO - Image header was read:
2023-07-10 21:48:11,557 - root - INFO - Width: 48, Height: 73, RowLength: 96
2023-07-10 21:48:11,557 - root - INFO - datalength: 7446, _step: 2
2023-07-10 21:48:11,557 - root - INFO - BPP: 16, Transparency: False
2023-07-10 21:48:11,604 - root - INFO - Resource 32 offset: 541499, length: 1176...
2023-07-10 21:48:11,604 - root - DEBUG - Reading resource 32...
2023-07-10 21:48:11,604 - root - INFO - The image is bme.
2023-07-10 21:48:11,619 - root - INFO - Reading image header(readHeader16E)...
2023-07-10 21:48:11,619 - root - INFO - Image header was read:
2023-07-10 21:48:11,619 - root - INFO - Width: 26, Height: 36, RowLength: 52
2023-07-10 21:48:11,619 - root - INFO - datalength: 1160, _step: 2
2023-07-10 21:48:11,619 - root - INFO - BPP: 16, Transparency: False
2023-07-10 21:48:11,635 - root - INFO - Resource 33 offset: 542675, length: 692...
2023-07-10 21:48:11,635 - root - DEBUG - Reading resource 33...
2023-07-10 21:48:11,635 - root - INFO - The image is bme.
2023-07-10 21:48:11,635 - root - INFO - Reading image header(readHeader16E)...
2023-07-10 21:48:11,635 - root - INFO - Image header was read:
2023-07-10 21:48:11,635 - root - INFO - Width: 26, Height: 36, RowLength: 52
2023-07-10 21:48:11,635 - root - INFO - datalength: 676, _step: 2
2023-07-10 21:48:11,635 - root - INFO - BPP: 16, Transparency: False
2023-07-10 21:48:11,651 - root - INFO - Resource 34 offset: 543367, length: 1030...
2023-07-10 21:48:11,651 - root - DEBUG - Reading resource 34...
2023-07-10 21:48:11,666 - root - INFO - The image is bme.
2023-07-10 21:48:11,666 - root - INFO - Reading image header(readHeader16E)...
2023-07-10 21:48:11,666 - root - INFO - Image header was read:
2023-07-10 21:48:11,666 - root - INFO - Width: 26, Height: 36, RowLength: 52
2023-07-10 21:48:11,666 - root - INFO - datalength: 1014, _step: 2
2023-07-10 21:48:11,666 - root - INFO - BPP: 16, Transparency: False
2023-07-10 21:48:11,666 - root - INFO - Resource 35 offset: 544397, length: 1026...
2023-07-10 21:48:11,666 - root - DEBUG - Reading resource 35...
2023-07-10 21:48:11,666 - root - INFO - The image is bme.
2023-07-10 21:48:11,666 - root - INFO - Reading image header(readHeader16E)...
2023-07-10 21:48:11,666 - root - INFO - Image header was read:
2023-07-10 21:48:11,666 - root - INFO - Width: 26, Height: 36, RowLength: 52
2023-07-10 21:48:11,666 - root - INFO - datalength: 1010, _step: 2
2023-07-10 21:48:11,666 - root - INFO - BPP: 16, Transparency: False
2023-07-10 21:48:11,682 - root - INFO - Resource 36 offset: 545423, length: 934...
2023-07-10 21:48:11,682 - root - DEBUG - Reading resource 36...
2023-07-10 21:48:11,682 - root - INFO - The image is bme.
2023-07-10 21:48:11,682 - root - INFO - Reading image header(readHeader16E)...
2023-07-10 21:48:11,682 - root - INFO - Image header was read:
2023-07-10 21:48:11,682 - root - INFO - Width: 26, Height: 36, RowLength: 52
2023-07-10 21:48:11,682 - root - INFO - datalength: 918, _step: 2
2023-07-10 21:48:11,682 - root - INFO - BPP: 16, Transparency: False
2023-07-10 21:48:11,682 - root - INFO - Resource 37 offset: 546357, length: 1060...
2023-07-10 21:48:11,682 - root - DEBUG - Reading resource 37...
2023-07-10 21:48:11,682 - root - INFO - The image is bme.
2023-07-10 21:48:11,682 - root - INFO - Reading image header(readHeader16E)...
2023-07-10 21:48:11,682 - root - INFO - Image header was read:
2023-07-10 21:48:11,682 - root - INFO - Width: 26, Height: 36, RowLength: 52
2023-07-10 21:48:11,682 - root - INFO - datalength: 1044, _step: 2
2023-07-10 21:48:11,682 - root - INFO - BPP: 16, Transparency: False
2023-07-10 21:48:11,682 - root - INFO - Resource 38 offset: 547417, length: 1168...
2023-07-10 21:48:11,682 - root - DEBUG - Reading resource 38...
2023-07-10 21:48:11,682 - root - INFO - The image is bme.
2023-07-10 21:48:11,682 - root - INFO - Reading image header(readHeader16E)...
2023-07-10 21:48:11,682 - root - INFO - Image header was read:
2023-07-10 21:48:11,682 - root - INFO - Width: 26, Height: 36, RowLength: 52
2023-07-10 21:48:11,682 - root - INFO - datalength: 1152, _step: 2
2023-07-10 21:48:11,682 - root - INFO - BPP: 16, Transparency: False
2023-07-10 21:48:11,698 - root - INFO - Resource 39 offset: 548585, length: 912...
2023-07-10 21:48:11,698 - root - DEBUG - Reading resource 39...
2023-07-10 21:48:11,698 - root - INFO - The image is bme.
2023-07-10 21:48:11,698 - root - INFO - Reading image header(readHeader16E)...
2023-07-10 21:48:11,698 - root - INFO - Image header was read:
2023-07-10 21:48:11,698 - root - INFO - Width: 26, Height: 36, RowLength: 52
2023-07-10 21:48:11,698 - root - INFO - datalength: 896, _step: 2
2023-07-10 21:48:11,698 - root - INFO - BPP: 16, Transparency: False
2023-07-10 21:48:11,698 - root - INFO - Resource 40 offset: 549497, length: 1178...
2023-07-10 21:48:11,698 - root - DEBUG - Reading resource 40...
2023-07-10 21:48:11,698 - root - INFO - The image is bme.
2023-07-10 21:48:11,698 - root - INFO - Reading image header(readHeader16E)...
2023-07-10 21:48:11,698 - root - INFO - Image header was read:
2023-07-10 21:48:11,698 - root - INFO - Width: 26, Height: 36, RowLength: 52
2023-07-10 21:48:11,698 - root - INFO - datalength: 1162, _step: 2
2023-07-10 21:48:11,698 - root - INFO - BPP: 16, Transparency: False
2023-07-10 21:48:11,698 - root - INFO - Resource 41 offset: 550675, length: 1168...
2023-07-10 21:48:11,698 - root - DEBUG - Reading resource 41...
2023-07-10 21:48:11,698 - root - INFO - The image is bme.
2023-07-10 21:48:11,698 - root - INFO - Reading image header(readHeader16E)...
2023-07-10 21:48:11,698 - root - INFO - Image header was read:
2023-07-10 21:48:11,698 - root - INFO - Width: 26, Height: 36, RowLength: 52
2023-07-10 21:48:11,698 - root - INFO - datalength: 1152, _step: 2
2023-07-10 21:48:11,698 - root - INFO - BPP: 16, Transparency: False
2023-07-10 21:48:11,713 - root - INFO - Resource 42 offset: 551843, length: 740...
2023-07-10 21:48:11,713 - root - DEBUG - Reading resource 42...
2023-07-10 21:48:11,713 - root - INFO - The image is bme.
2023-07-10 21:48:11,713 - root - INFO - Reading image header(readHeader16E)...
2023-07-10 21:48:11,713 - root - INFO - Image header was read:
2023-07-10 21:48:11,713 - root - INFO - Width: 19, Height: 25, RowLength: 38
2023-07-10 21:48:11,713 - root - INFO - datalength: 724, _step: 2
2023-07-10 21:48:11,713 - root - INFO - BPP: 16, Transparency: False
2023-07-10 21:48:11,713 - root - INFO - Resource 43 offset: 552583, length: 434...
2023-07-10 21:48:11,713 - root - DEBUG - Reading resource 43...
2023-07-10 21:48:11,713 - root - INFO - The image is bme.
2023-07-10 21:48:11,713 - root - INFO - Reading image header(readHeader16E)...
2023-07-10 21:48:11,713 - root - INFO - Image header was read:
2023-07-10 21:48:11,713 - root - INFO - Width: 19, Height: 25, RowLength: 38
2023-07-10 21:48:11,713 - root - INFO - datalength: 418, _step: 2
2023-07-10 21:48:11,713 - root - INFO - BPP: 16, Transparency: False
2023-07-10 21:48:11,729 - root - INFO - Resource 44 offset: 553017, length: 648...
2023-07-10 21:48:11,729 - root - DEBUG - Reading resource 44...
2023-07-10 21:48:11,729 - root - INFO - The image is bme.
2023-07-10 21:48:11,729 - root - INFO - Reading image header(readHeader16E)...
2023-07-10 21:48:11,729 - root - INFO - Image header was read:
2023-07-10 21:48:11,729 - root - INFO - Width: 19, Height: 25, RowLength: 38
2023-07-10 21:48:11,729 - root - INFO - datalength: 632, _step: 2
2023-07-10 21:48:11,729 - root - INFO - BPP: 16, Transparency: False
2023-07-10 21:48:11,729 - root - INFO - Resource 45 offset: 553665, length: 644...
2023-07-10 21:48:11,729 - root - DEBUG - Reading resource 45...
2023-07-10 21:48:11,729 - root - INFO - The image is bme.
2023-07-10 21:48:11,729 - root - INFO - Reading image header(readHeader16E)...
2023-07-10 21:48:11,729 - root - INFO - Image header was read:
2023-07-10 21:48:11,729 - root - INFO - Width: 19, Height: 25, RowLength: 38
2023-07-10 21:48:11,729 - root - INFO - datalength: 628, _step: 2
2023-07-10 21:48:11,729 - root - INFO - BPP: 16, Transparency: False
2023-07-10 21:48:11,744 - root - INFO - Resource 46 offset: 554309, length: 604...
2023-07-10 21:48:11,744 - root - DEBUG - Reading resource 46...
2023-07-10 21:48:11,744 - root - INFO - The image is bme.
2023-07-10 21:48:11,744 - root - INFO - Reading image header(readHeader16E)...
2023-07-10 21:48:11,744 - root - INFO - Image header was read:
2023-07-10 21:48:11,744 - root - INFO - Width: 19, Height: 25, RowLength: 38
2023-07-10 21:48:11,744 - root - INFO - datalength: 588, _step: 2
2023-07-10 21:48:11,744 - root - INFO - BPP: 16, Transparency: False
2023-07-10 21:48:11,744 - root - INFO - Resource 47 offset: 554913, length: 698...
2023-07-10 21:48:11,744 - root - DEBUG - Reading resource 47...
2023-07-10 21:48:11,744 - root - INFO - The image is bme.
2023-07-10 21:48:11,744 - root - INFO - Reading image header(readHeader16E)...
2023-07-10 21:48:11,744 - root - INFO - Image header was read:
2023-07-10 21:48:11,744 - root - INFO - Width: 19, Height: 25, RowLength: 38
2023-07-10 21:48:11,744 - root - INFO - datalength: 682, _step: 2
2023-07-10 21:48:11,744 - root - INFO - BPP: 16, Transparency: False
2023-07-10 21:48:11,744 - root - INFO - Resource 48 offset: 555611, length: 732...
2023-07-10 21:48:11,744 - root - DEBUG - Reading resource 48...
2023-07-10 21:48:11,744 - root - INFO - The image is bme.
2023-07-10 21:48:11,744 - root - INFO - Reading image header(readHeader16E)...
2023-07-10 21:48:11,744 - root - INFO - Image header was read:
2023-07-10 21:48:11,744 - root - INFO - Width: 19, Height: 25, RowLength: 38
2023-07-10 21:48:11,760 - root - INFO - datalength: 716, _step: 2
2023-07-10 21:48:11,760 - root - INFO - BPP: 16, Transparency: False
2023-07-10 21:48:11,776 - root - INFO - Resource 49 offset: 556343, length: 584...
2023-07-10 21:48:11,776 - root - DEBUG - Reading resource 49...
2023-07-10 21:48:11,776 - root - INFO - The image is bme.
2023-07-10 21:48:11,776 - root - INFO - Reading image header(readHeader16E)...
2023-07-10 21:48:11,776 - root - INFO - Image header was read:
2023-07-10 21:48:11,776 - root - INFO - Width: 19, Height: 25, RowLength: 38
2023-07-10 21:48:11,776 - root - INFO - datalength: 568, _step: 2
2023-07-10 21:48:11,776 - root - INFO - BPP: 16, Transparency: False
2023-07-10 21:48:11,776 - root - INFO - Resource 50 offset: 556927, length: 748...
2023-07-10 21:48:11,776 - root - DEBUG - Reading resource 50...
2023-07-10 21:48:11,776 - root - INFO - The image is bme.
2023-07-10 21:48:11,776 - root - INFO - Reading image header(readHeader16E)...
2023-07-10 21:48:11,776 - root - INFO - Image header was read:
2023-07-10 21:48:11,776 - root - INFO - Width: 19, Height: 25, RowLength: 38
2023-07-10 21:48:11,776 - root - INFO - datalength: 732, _step: 2
2023-07-10 21:48:11,776 - root - INFO - BPP: 16, Transparency: False
2023-07-10 21:48:11,776 - root - INFO - Resource 51 offset: 557675, length: 730...
2023-07-10 21:48:11,776 - root - DEBUG - Reading resource 51...
2023-07-10 21:48:11,776 - root - INFO - The image is bme.
2023-07-10 21:48:11,776 - root - INFO - Reading image header(readHeader16E)...
2023-07-10 21:48:11,776 - root - INFO - Image header was read:
2023-07-10 21:48:11,776 - root - INFO - Width: 19, Height: 25, RowLength: 38
2023-07-10 21:48:11,776 - root - INFO - datalength: 714, _step: 2
2023-07-10 21:48:11,776 - root - INFO - BPP: 16, Transparency: False
2023-07-10 21:48:11,776 - root - INFO - Resource 52 offset: 558405, length: 658...
2023-07-10 21:48:11,776 - root - DEBUG - Reading resource 52...
2023-07-10 21:48:11,776 - root - INFO - The image is bme.
2023-07-10 21:48:11,776 - root - INFO - Reading image header(readHeader16E)...
2023-07-10 21:48:11,776 - root - INFO - Image header was read:
2023-07-10 21:48:11,776 - root - INFO - Width: 27, Height: 25, RowLength: 54
2023-07-10 21:48:11,776 - root - INFO - datalength: 642, _step: 2
2023-07-10 21:48:11,776 - root - INFO - BPP: 16, Transparency: False
2023-07-10 21:48:11,791 - root - INFO - Resource 53 offset: 559063, length: 208...
2023-07-10 21:48:11,791 - root - DEBUG - Reading resource 53...
2023-07-10 21:48:11,791 - root - INFO - The image is bme.
2023-07-10 21:48:11,791 - root - INFO - Reading image header(readHeader16E)...
2023-07-10 21:48:11,791 - root - INFO - Image header was read:
2023-07-10 21:48:11,791 - root - INFO - Width: 25, Height: 25, RowLength: 50
2023-07-10 21:48:11,791 - root - INFO - datalength: 192, _step: 2
2023-07-10 21:48:11,791 - root - INFO - BPP: 16, Transparency: False
2023-07-10 21:48:11,791 - root - INFO - Resource 54 offset: 559271, length: 976...
2023-07-10 21:48:11,791 - root - DEBUG - Reading resource 54...
2023-07-10 21:48:11,791 - root - INFO - The image is bmc.
2023-07-10 21:48:11,791 - root - INFO - Reading image header(readHeader16C)...
2023-07-10 21:48:11,791 - root - INFO - Image header was read:
2023-07-10 21:48:11,791 - root - INFO - Width: 16, Height: 20, RowLength: 48
2023-07-10 21:48:11,791 - root - INFO - _step: 3, unknown2: 0,
2023-07-10 21:48:11,791 - root - INFO - BPP: 24, Transparency: False
2023-07-10 21:48:11,807 - root - INFO - Resource 55 offset: 560247, length: 976...
2023-07-10 21:48:11,807 - root - DEBUG - Reading resource 55...
2023-07-10 21:48:11,807 - root - INFO - The image is bmc.
2023-07-10 21:48:11,807 - root - INFO - Reading image header(readHeader16C)...
2023-07-10 21:48:11,807 - root - INFO - Image header was read:
2023-07-10 21:48:11,807 - root - INFO - Width: 16, Height: 20, RowLength: 48
2023-07-10 21:48:11,807 - root - INFO - _step: 3, unknown2: 0,
2023-07-10 21:48:11,807 - root - INFO - BPP: 24, Transparency: False
2023-07-10 21:48:11,807 - root - INFO - Resource 56 offset: 561223, length: 976...
2023-07-10 21:48:11,807 - root - DEBUG - Reading resource 56...
2023-07-10 21:48:11,807 - root - INFO - The image is bmc.
2023-07-10 21:48:11,807 - root - INFO - Reading image header(readHeader16C)...
2023-07-10 21:48:11,807 - root - INFO - Image header was read:
2023-07-10 21:48:11,807 - root - INFO - Width: 16, Height: 20, RowLength: 48
2023-07-10 21:48:11,807 - root - INFO - _step: 3, unknown2: 0,
2023-07-10 21:48:11,807 - root - INFO - BPP: 24, Transparency: False
2023-07-10 21:48:11,823 - root - INFO - Resource 57 offset: 562199, length: 976...
2023-07-10 21:48:11,823 - root - DEBUG - Reading resource 57...
2023-07-10 21:48:11,823 - root - INFO - The image is bmc.
2023-07-10 21:48:11,823 - root - INFO - Reading image header(readHeader16C)...
2023-07-10 21:48:11,823 - root - INFO - Image header was read:
2023-07-10 21:48:11,823 - root - INFO - Width: 16, Height: 20, RowLength: 48
2023-07-10 21:48:11,823 - root - INFO - _step: 3, unknown2: 0,
2023-07-10 21:48:11,823 - root - INFO - BPP: 24, Transparency: False
2023-07-10 21:48:11,838 - root - INFO - Resource 58 offset: 563175, length: 976...
2023-07-10 21:48:11,838 - root - DEBUG - Reading resource 58...
2023-07-10 21:48:11,838 - root - INFO - The image is bmc.
2023-07-10 21:48:11,838 - root - INFO - Reading image header(readHeader16C)...
2023-07-10 21:48:11,838 - root - INFO - Image header was read:
2023-07-10 21:48:11,838 - root - INFO - Width: 16, Height: 20, RowLength: 48
2023-07-10 21:48:11,838 - root - INFO - _step: 3, unknown2: 0,
2023-07-10 21:48:11,838 - root - INFO - BPP: 24, Transparency: False
2023-07-10 21:48:11,854 - root - INFO - Resource 59 offset: 564151, length: 976...
2023-07-10 21:48:11,854 - root - DEBUG - Reading resource 59...
2023-07-10 21:48:11,854 - root - INFO - The image is bmc.
2023-07-10 21:48:11,854 - root - INFO - Reading image header(readHeader16C)...
2023-07-10 21:48:11,854 - root - INFO - Image header was read:
2023-07-10 21:48:11,854 - root - INFO - Width: 16, Height: 20, RowLength: 48
2023-07-10 21:48:11,854 - root - INFO - _step: 3, unknown2: 0,
2023-07-10 21:48:11,854 - root - INFO - BPP: 24, Transparency: False
2023-07-10 21:48:11,854 - root - INFO - Resource 60 offset: 565127, length: 976...
2023-07-10 21:48:11,854 - root - DEBUG - Reading resource 60...
2023-07-10 21:48:11,854 - root - INFO - The image is bmc.
2023-07-10 21:48:11,854 - root - INFO - Reading image header(readHeader16C)...
2023-07-10 21:48:11,854 - root - INFO - Image header was read:
2023-07-10 21:48:11,854 - root - INFO - Width: 16, Height: 20, RowLength: 48
2023-07-10 21:48:11,854 - root - INFO - _step: 3, unknown2: 0,
2023-07-10 21:48:11,854 - root - INFO - BPP: 24, Transparency: False
2023-07-10 21:48:11,854 - root - INFO - Resource 61 offset: 566103, length: 976...
2023-07-10 21:48:11,854 - root - DEBUG - Reading resource 61...
2023-07-10 21:48:11,854 - root - INFO - The image is bmc.
2023-07-10 21:48:11,854 - root - INFO - Reading image header(readHeader16C)...
2023-07-10 21:48:11,854 - root - INFO - Image header was read:
2023-07-10 21:48:11,854 - root - INFO - Width: 16, Height: 20, RowLength: 48
2023-07-10 21:48:11,854 - root - INFO - _step: 3, unknown2: 0,
2023-07-10 21:48:11,854 - root - INFO - BPP: 24, Transparency: False
2023-07-10 21:48:11,854 - root - INFO - Resource 62 offset: 567079, length: 976...
2023-07-10 21:48:11,854 - root - DEBUG - Reading resource 62...
2023-07-10 21:48:11,854 - root - INFO - The image is bmc.
2023-07-10 21:48:11,854 - root - INFO - Reading image header(readHeader16C)...
2023-07-10 21:48:11,854 - root - INFO - Image header was read:
2023-07-10 21:48:11,854 - root - INFO - Width: 16, Height: 20, RowLength: 48
2023-07-10 21:48:11,854 - root - INFO - _step: 3, unknown2: 0,
2023-07-10 21:48:11,854 - root - INFO - BPP: 24, Transparency: False
2023-07-10 21:48:11,869 - root - INFO - Resource 63 offset: 568055, length: 976...
2023-07-10 21:48:11,869 - root - DEBUG - Reading resource 63...
2023-07-10 21:48:11,869 - root - INFO - The image is bmc.
2023-07-10 21:48:11,869 - root - INFO - Reading image header(readHeader16C)...
2023-07-10 21:48:11,869 - root - INFO - Image header was read:
2023-07-10 21:48:11,869 - root - INFO - Width: 16, Height: 20, RowLength: 48
2023-07-10 21:48:11,869 - root - INFO - _step: 3, unknown2: 0,
2023-07-10 21:48:11,869 - root - INFO - BPP: 24, Transparency: False
2023-07-10 21:48:11,869 - root - INFO - Resource 64 offset: 569031, length: 1636...
2023-07-10 21:48:11,869 - root - DEBUG - Reading resource 64...
2023-07-10 21:48:11,869 - root - INFO - The image is bmc.
2023-07-10 21:48:11,869 - root - INFO - Reading image header(readHeader16C)...
2023-07-10 21:48:11,885 - root - INFO - Image header was read:
2023-07-10 21:48:11,885 - root - INFO - Width: 27, Height: 20, RowLength: 81
2023-07-10 21:48:11,885 - root - INFO - _step: 3, unknown2: 0,
2023-07-10 21:48:11,885 - root - INFO - BPP: 24, Transparency: False
2023-07-10 21:48:11,885 - root - INFO - Resource 65 offset: 570667, length: 1396...
2023-07-10 21:48:11,885 - root - DEBUG - Reading resource 65...
2023-07-10 21:48:11,885 - root - INFO - The image is bmc.
2023-07-10 21:48:11,885 - root - INFO - Reading image header(readHeader16C)...
2023-07-10 21:48:11,885 - root - INFO - Image header was read:
2023-07-10 21:48:11,885 - root - INFO - Width: 23, Height: 20, RowLength: 69
2023-07-10 21:48:11,885 - root - INFO - _step: 3, unknown2: 0,
2023-07-10 21:48:11,885 - root - INFO - BPP: 24, Transparency: False
2023-07-10 21:48:11,885 - root - DEBUG - Parsing parameters...
2023-07-10 21:48:12,151 - root - DEBUG - 0 Value: None
2023-07-10 21:48:12,151 - root - DEBUG - 0.1 Value: 71
2023-07-10 21:48:12,151 - root - DEBUG - 2 Value: None
2023-07-10 21:48:12,151 - root - DEBUG - 2.1 Value: None
2023-07-10 21:48:12,151 - root - DEBUG - 2.1.1 Value: 0
2023-07-10 21:48:12,151 - root - DEBUG - 2.1.2 Value: 0
2023-07-10 21:48:12,151 - root - DEBUG - 2.1.3 Value: 1
2023-07-10 21:48:12,167 - root - DEBUG - 2.3 Value: None
2023-07-10 21:48:12,167 - root - DEBUG - 2.3.1 Value: 0
2023-07-10 21:48:12,167 - root - DEBUG - 2.3.2 Value: 0
2023-07-10 21:48:12,167 - root - DEBUG - 2.3.3 Value: 0
2023-07-10 21:48:12,167 - root - DEBUG - 2.4 Value: None
2023-07-10 21:48:12,167 - root - DEBUG - 2.4.1 Value: 0
2023-07-10 21:48:12,167 - root - DEBUG - 2.4.2 Value: 0
2023-07-10 21:48:12,167 - root - DEBUG - 2.4.3 Value: 0
2023-07-10 21:48:12,167 - root - DEBUG - 2.5 Value: None
2023-07-10 21:48:12,167 - root - DEBUG - 2.5.1 Value: 0
2023-07-10 21:48:12,167 - root - DEBUG - 2.5.2 Value: 0
2023-07-10 21:48:12,167 - root - DEBUG - 2.5.3 Value: 0
2023-07-10 21:48:12,167 - root - DEBUG - 3 Value: None
2023-07-10 21:48:12,167 - root - DEBUG - 3.1 Value: None
2023-07-10 21:48:12,167 - root - DEBUG - 3.1.1 Value: None
2023-07-10 21:48:12,167 - root - DEBUG - 3.1.1.1 Value: None
2023-07-10 21:48:12,167 - root - DEBUG - 3.1.1.1.1 Value: 24
2023-07-10 21:48:12,167 - root - DEBUG - 3.1.1.1.2 Value: 153
2023-07-10 21:48:12,167 - root - DEBUG - 3.1.1.1.3 Value: 2
2023-07-10 21:48:12,167 - root - DEBUG - 3.1.1.1.4 Value: 10
2023-07-10 21:48:12,167 - root - DEBUG - 3.1.1.2 Value: None
2023-07-10 21:48:12,167 - root - DEBUG - 3.1.1.2.1 Value: 86
2023-07-10 21:48:12,167 - root - DEBUG - 3.1.1.2.2 Value: 153
2023-07-10 21:48:12,167 - root - DEBUG - 3.1.1.2.3 Value: 2
2023-07-10 21:48:12,167 - root - DEBUG - 3.1.1.2.4 Value: 10
2023-07-10 21:48:12,182 - root - DEBUG - 3.1.2 Value: None
2023-07-10 21:48:12,182 - root - DEBUG - 3.1.2.1 Value: None
2023-07-10 21:48:12,182 - root - DEBUG - 3.1.2.1.1 Value: 152
2023-07-10 21:48:12,182 - root - DEBUG - 3.1.2.1.2 Value: 233
2023-07-10 21:48:12,182 - root - DEBUG - 3.1.2.1.3 Value: 2
2023-07-10 21:48:12,182 - root - DEBUG - 3.1.2.1.4 Value: 10
2023-07-10 21:48:12,182 - root - DEBUG - 3.1.2.2 Value: None
2023-07-10 21:48:12,182 - root - DEBUG - 3.1.2.2.1 Value: 214
2023-07-10 21:48:12,182 - root - DEBUG - 3.1.2.2.2 Value: 233
2023-07-10 21:48:12,182 - root - DEBUG - 3.1.2.2.3 Value: 2
2023-07-10 21:48:12,182 - root - DEBUG - 3.1.2.2.4 Value: 10
2023-07-10 21:48:12,182 - root - DEBUG - 3.1.7 Value: 0
2023-07-10 21:48:12,182 - root - DEBUG - 3.1.8 Value: 1
2023-07-10 21:48:12,182 - root - DEBUG - 4 Value: None
2023-07-10 21:48:12,182 - root - DEBUG - 4.1 Value: None
2023-07-10 21:48:12,182 - root - DEBUG - 4.1.1 Value: None
2023-07-10 21:48:12,182 - root - DEBUG - 4.1.1.1 Value: 24
2023-07-10 21:48:12,182 - root - DEBUG - 4.1.1.2 Value: 104
2023-07-10 21:48:12,182 - root - DEBUG - 4.1.1.3 Value: 154
2023-07-10 21:48:12,182 - root - DEBUG - 4.1.1.4 Value: 144
2023-07-10 21:48:12,182 - root - DEBUG - 4.1.1.5 Value: 20
2023-07-10 21:48:12,198 - root - DEBUG - 4.1.1.6 Value: 0
2023-07-10 21:48:12,198 - root - DEBUG - 4.1.1.7 Value: 0
2023-07-10 21:48:12,198 - root - DEBUG - 4.1.1.8 Value: 32
2023-07-10 21:48:12,198 - root - DEBUG - 4.1.1.9 Value: 10
2023-07-10 21:48:12,198 - root - DEBUG - 4.4 Value: None
2023-07-10 21:48:12,198 - root - DEBUG - 4.4.1 Value: None
2023-07-10 21:48:12,198 - root - DEBUG - 4.4.1.1 Value: 41
2023-07-10 21:48:12,198 - root - DEBUG - 4.4.1.2 Value: 246
2023-07-10 21:48:12,198 - root - DEBUG - 4.4.1.3 Value: 128
2023-07-10 21:48:12,214 - root - DEBUG - 4.4.1.4 Value: 271
2023-07-10 21:48:12,214 - root - DEBUG - 4.4.1.5 Value: 20
2023-07-10 21:48:12,214 - root - DEBUG - 4.4.1.6 Value: 1
2023-07-10 21:48:12,214 - root - DEBUG - 4.4.1.7 Value: 0
2023-07-10 21:48:12,214 - root - DEBUG - 4.4.1.8 Value: 42
2023-07-10 21:48:12,214 - root - DEBUG - 4.4.1.9 Value: 10
2023-07-10 21:48:12,214 - root - DEBUG - 4.4.2 Value: 52
2023-07-10 21:48:12,214 - root - DEBUG - 4.4.3 Value: 53
2023-07-10 21:48:12,214 - root - DEBUG - 4.7 Value: 0
2023-07-10 21:48:12,214 - root - DEBUG - 5 Value: None
2023-07-10 21:48:12,214 - root - DEBUG - 5.1 Value: None
2023-07-10 21:48:12,214 - root - DEBUG - 5.1.2 Value: None
2023-07-10 21:48:12,214 - root - DEBUG - 5.1.2.1 Value: None
2023-07-10 21:48:12,229 - root - DEBUG - 5.1.2.1.1 Value: 175
2023-07-10 21:48:12,229 - root - DEBUG - 5.1.2.1.2 Value: 17
2023-07-10 21:48:12,229 - root - DEBUG - 5.1.2.1.3 Value: 207
2023-07-10 21:48:12,229 - root - DEBUG - 5.1.2.1.4 Value: 139
2023-07-10 21:48:12,229 - root - DEBUG - 5.1.2.1.5 Value: 130
2023-07-10 21:48:12,229 - root - DEBUG - 5.1.2.1.6 Value: 0
2023-07-10 21:48:12,229 - root - DEBUG - 5.1.2.1.7 Value: 0
2023-07-10 21:48:12,229 - root - DEBUG - 5.1.2.1.8 Value: 12
2023-07-10 21:48:12,229 - root - DEBUG - 5.1.2.1.9 Value: 10
2023-07-10 21:48:12,229 - root - DEBUG - 5.1.2.2 Value: 22
2023-07-10 21:48:12,229 - root - DEBUG - 5.1.4 Value: 1
2023-07-10 21:48:12,229 - root - DEBUG - 5.1.5 Value: 1
2023-07-10 21:48:12,261 - root - DEBUG - 5.1.6 Value: 0
2023-07-10 21:48:12,261 - root - DEBUG - 5.2 Value: None
2023-07-10 21:48:12,261 - root - DEBUG - 5.2.1 Value: 167
2023-07-10 21:48:12,261 - root - DEBUG - 5.2.2 Value: 151
2023-07-10 21:48:12,261 - root - DEBUG - 5.2.5 Value: 30
2023-07-10 21:48:12,261 - root - DEBUG - 5.2.6 Value: 31
2023-07-10 21:48:12,261 - root - DEBUG - 5.4 Value: None
2023-07-10 21:48:12,261 - root - DEBUG - 5.4.1 Value: 239
2023-07-10 21:48:12,261 - root - DEBUG - 5.4.2 Value: 109
2023-07-10 21:48:12,261 - root - DEBUG - 5.4.3 Value: 23
2023-07-10 21:48:12,261 - root - DEBUG - 5.4.4 Value: 7
2023-07-10 21:48:12,261 - root - DEBUG - 9 Value: None
2023-07-10 21:48:12,261 - root - DEBUG - 9.1 Value: None
2023-07-10 21:48:12,276 - root - DEBUG - 9.1.1 Value: None
2023-07-10 21:48:12,276 - root - DEBUG - 9.1.1.1 Value: 51
2023-07-10 21:48:12,276 - root - DEBUG - 9.1.1.2 Value: 19
2023-07-10 21:48:12,276 - root - DEBUG - 9.1.1.3 Value: 153
2023-07-10 21:48:12,276 - root - DEBUG - 9.1.1.4 Value: 39
2023-07-10 21:48:12,276 - root - DEBUG - 9.1.1.5 Value: 20
2023-07-10 21:48:12,276 - root - DEBUG - 9.1.1.6 Value: 1
2023-07-10 21:48:12,276 - root - DEBUG - 9.1.1.7 Value: 0
2023-07-10 21:48:12,276 - root - DEBUG - 9.1.1.8 Value: 54
2023-07-10 21:48:12,276 - root - DEBUG - 9.1.1.9 Value: 10
2023-07-10 21:48:12,276 - root - DEBUG - 9.1.3 Value: 65
2023-07-10 21:48:12,276 - root - DEBUG - 9.1.4 Value: 64
2023-07-10 21:48:12,276 - root - DEBUG - 0-Info
2023-07-10 21:48:12,276 - root - DEBUG - 0.1-DeviceId
2023-07-10 21:48:12,276 - root - DEBUG - 2-Background
2023-07-10 21:48:12,276 - root - DEBUG - 2.1-Image
2023-07-10 21:48:12,292 - root - DEBUG - 2.1.1-X
2023-07-10 21:48:12,292 - root - DEBUG - 2.1.2-Y
2023-07-10 21:48:12,292 - root - DEBUG - 2.1.3-ImageIndex
2023-07-10 21:48:12,292 - root - DEBUG - 2.3-Preview
2023-07-10 21:48:12,292 - root - DEBUG - 2.3.1-X
2023-07-10 21:48:12,292 - root - DEBUG - 2.3.2-Y
2023-07-10 21:48:12,292 - root - DEBUG - 2.3.3-ImageIndex
2023-07-10 21:48:12,292 - root - DEBUG - 2.4-PreviewTradChinese
2023-07-10 21:48:12,292 - root - DEBUG - 2.4.1-X
2023-07-10 21:48:12,292 - root - DEBUG - 2.4.2-Y
2023-07-10 21:48:12,292 - root - DEBUG - 2.4.3-ImageIndex
2023-07-10 21:48:12,292 - root - DEBUG - 2.5-PreviewChinese
2023-07-10 21:48:12,292 - root - DEBUG - 2.5.1-X
2023-07-10 21:48:12,292 - root - DEBUG - 2.5.2-Y
2023-07-10 21:48:12,292 - root - DEBUG - 2.5.3-ImageIndex
2023-07-10 21:48:12,292 - root - DEBUG - 3-TimeExtended
2023-07-10 21:48:12,292 - root - DEBUG - 3.1-TimeSeparateDigits
2023-07-10 21:48:12,292 - root - DEBUG - 3.1.1-Hours
2023-07-10 21:48:12,292 - root - DEBUG - 3.1.1.1-Tens
2023-07-10 21:48:12,307 - root - DEBUG - 3.1.1.1.1-X
2023-07-10 21:48:12,307 - root - DEBUG - 3.1.1.1.2-Y
2023-07-10 21:48:12,307 - root - DEBUG - 3.1.1.1.3-ImageIndex
2023-07-10 21:48:12,307 - root - DEBUG - 3.1.1.1.4-ImagesCount
2023-07-10 21:48:12,307 - root - DEBUG - 3.1.1.2-Ones
2023-07-10 21:48:12,307 - root - DEBUG - 3.1.1.2.1-X
2023-07-10 21:48:12,307 - root - DEBUG - 3.1.1.2.2-Y
2023-07-10 21:48:12,307 - root - DEBUG - 3.1.1.2.3-ImageIndex
2023-07-10 21:48:12,307 - root - DEBUG - 3.1.1.2.4-ImagesCount
2023-07-10 21:48:12,323 - root - DEBUG - 3.1.2-Minutes
2023-07-10 21:48:12,323 - root - DEBUG - 3.1.2.1-Tens
2023-07-10 21:48:12,323 - root - DEBUG - 3.1.2.1.1-X
2023-07-10 21:48:12,323 - root - DEBUG - 3.1.2.1.2-Y
2023-07-10 21:48:12,323 - root - DEBUG - 3.1.2.1.3-ImageIndex
2023-07-10 21:48:12,323 - root - DEBUG - 3.1.2.1.4-ImagesCount
2023-07-10 21:48:12,323 - root - DEBUG - 3.1.2.2-Ones
2023-07-10 21:48:12,323 - root - DEBUG - 3.1.2.2.1-X
2023-07-10 21:48:12,323 - root - DEBUG - 3.1.2.2.2-Y
2023-07-10 21:48:12,323 - root - DEBUG - 3.1.2.2.3-ImageIndex
2023-07-10 21:48:12,323 - root - DEBUG - 3.1.2.2.4-ImagesCount
2023-07-10 21:48:12,323 - root - DEBUG - 3.1.7-UnknowBoolean7
2023-07-10 21:48:12,323 - root - DEBUG - 3.1.8-PaddingZeroMinutes
2023-07-10 21:48:12,323 - root - DEBUG - 4-Activity
2023-07-10 21:48:12,323 - root - DEBUG - 4.1-Steps
2023-07-10 21:48:12,323 - root - DEBUG - 4.1.1-ImageNumber
2023-07-10 21:48:12,323 - root - DEBUG - 4.1.1.1-TopLeftX
2023-07-10 21:48:12,323 - root - DEBUG - 4.1.1.2-TopLeftY
2023-07-10 21:48:12,323 - root - DEBUG - 4.1.1.3-BottomRightX
2023-07-10 21:48:12,323 - root - DEBUG - 4.1.1.4-BottomRightY
2023-07-10 21:48:12,323 - root - DEBUG - 4.1.1.5-Alignment
2023-07-10 21:48:12,323 - root - DEBUG - 4.1.1.6-Spacing
2023-07-10 21:48:12,323 - root - DEBUG - 4.1.1.7-VerticalOffset
2023-07-10 21:48:12,323 - root - DEBUG - 4.1.1.8-ImageIndex
2023-07-10 21:48:12,323 - root - DEBUG - 4.1.1.9-ImagesCount
2023-07-10 21:48:12,323 - root - DEBUG - 4.4-HeartRate
2023-07-10 21:48:12,323 - root - DEBUG - 4.4.1-ImageNumber
2023-07-10 21:48:12,323 - root - DEBUG - 4.4.1.1-TopLeftX
2023-07-10 21:48:12,323 - root - DEBUG - 4.4.1.2-TopLeftY
2023-07-10 21:48:12,323 - root - DEBUG - 4.4.1.3-BottomRightX
2023-07-10 21:48:12,323 - root - DEBUG - 4.4.1.4-BottomRightY
2023-07-10 21:48:12,323 - root - DEBUG - 4.4.1.5-Alignment
2023-07-10 21:48:12,339 - root - DEBUG - 4.4.1.6-Spacing
2023-07-10 21:48:12,339 - root - DEBUG - 4.4.1.7-VerticalOffset
2023-07-10 21:48:12,339 - root - DEBUG - 4.4.1.8-ImageIndex
2023-07-10 21:48:12,339 - root - DEBUG - 4.4.1.9-ImagesCount
2023-07-10 21:48:12,339 - root - DEBUG - 4.4.2-PrefixImageIndex
2023-07-10 21:48:12,339 - root - DEBUG - 4.4.3-NoDataImageIndex
2023-07-10 21:48:12,339 - root - DEBUG - 4.7-UnknownLongValue7
2023-07-10 21:48:12,339 - root - DEBUG - 5-DateBlock
2023-07-10 21:48:12,339 - root - DEBUG - 5.1-Date
2023-07-10 21:48:12,339 - root - DEBUG - 5.1.2-OneLineMonthAndDay
2023-07-10 21:48:12,339 - root - DEBUG - 5.1.2.1-Number
2023-07-10 21:48:12,339 - root - DEBUG - 5.1.2.1.1-TopLeftX
2023-07-10 21:48:12,339 - root - DEBUG - 5.1.2.1.2-TopLeftY
2023-07-10 21:48:12,339 - root - DEBUG - 5.1.2.1.3-BottomRightX
2023-07-10 21:48:12,339 - root - DEBUG - 5.1.2.1.4-BottomRightY
2023-07-10 21:48:12,339 - root - DEBUG - 5.1.2.1.5-Alignment
2023-07-10 21:48:12,339 - root - DEBUG - 5.1.2.1.6-Spacing
2023-07-10 21:48:12,339 - root - DEBUG - 5.1.2.1.7-VerticalOffset
2023-07-10 21:48:12,339 - root - DEBUG - 5.1.2.1.8-ImageIndex
2023-07-10 21:48:12,339 - root - DEBUG - 5.1.2.1.9-ImagesCount
2023-07-10 21:48:12,339 - root - DEBUG - 5.1.2.2-DelimiterImageIndex
2023-07-10 21:48:12,339 - root - DEBUG - 5.1.4-PaddingZeroMonth
2023-07-10 21:48:12,339 - root - DEBUG - 5.1.5-PaddingZeroDay
2023-07-10 21:48:12,339 - root - DEBUG - 5.1.6-UnknownBoolean6
2023-07-10 21:48:12,339 - root - DEBUG - 5.2-AmPm
2023-07-10 21:48:12,339 - root - DEBUG - 5.2.1-CommonX
2023-07-10 21:48:12,339 - root - DEBUG - 5.2.2-CommonY
2023-07-10 21:48:12,339 - root - DEBUG - 5.2.5-AmImageIndexEN
2023-07-10 21:48:12,339 - root - DEBUG - 5.2.6-PmImageIndexEN
2023-07-10 21:48:12,339 - root - DEBUG - 5.4-Weekday
2023-07-10 21:48:12,339 - root - DEBUG - 5.4.1-X
2023-07-10 21:48:12,339 - root - DEBUG - 5.4.2-Y
2023-07-10 21:48:12,354 - root - DEBUG - 5.4.3-ImageIndex
2023-07-10 21:48:12,354 - root - DEBUG - 5.4.4-ImagesCount
2023-07-10 21:48:12,354 - root - DEBUG - 9-Battery
2023-07-10 21:48:12,354 - root - DEBUG - 9.1-BatteryText
2023-07-10 21:48:12,354 - root - DEBUG - 9.1.1-ImageNumber
2023-07-10 21:48:12,354 - root - DEBUG - 9.1.1.1-TopLeftX
2023-07-10 21:48:12,354 - root - DEBUG - 9.1.1.2-TopLeftY
2023-07-10 21:48:12,354 - root - DEBUG - 9.1.1.3-BottomRightX
2023-07-10 21:48:12,354 - root - DEBUG - 9.1.1.4-BottomRightY
2023-07-10 21:48:12,354 - root - DEBUG - 9.1.1.5-Alignment
2023-07-10 21:48:12,370 - root - DEBUG - 9.1.1.6-Spacing
2023-07-10 21:48:12,370 - root - DEBUG - 9.1.1.7-VerticalOffset
2023-07-10 21:48:12,370 - root - DEBUG - 9.1.1.8-ImageIndex
2023-07-10 21:48:12,370 - root - DEBUG - 9.1.1.9-ImagesCount
2023-07-10 21:48:12,370 - root - DEBUG - 9.1.3-PrefixImageIndex
2023-07-10 21:48:12,370 - root - DEBUG - 9.1.4-SuffixImageIndex
2023-07-10 21:48:12,370 - root - DEBUG - generatePreviews
2023-07-10 21:48:12,370 - root - DEBUG - Generating previews...
2023-07-10 21:48:12,370 - root - DEBUG - Generating states done...
2023-07-10 21:48:12,386 - root - DEBUG - >>>>>>>>>>>> 0 <watchFaceParser.models.parameter.Parameter object at 0x0000024B7837F730>
2023-07-10 21:48:12,386 - root - DEBUG - >>>>>>>>>>>> 2 <watchFaceParser.models.parameter.Parameter object at 0x0000024B78379520>
2023-07-10 21:48:12,386 - root - DEBUG - >>>>>>>>>>>> 3 <watchFaceParser.models.parameter.Parameter object at 0x0000024B78379190>
2023-07-10 21:48:12,401 - root - DEBUG - >>>>>>>>>>>> 4 <watchFaceParser.models.parameter.Parameter object at 0x0000024B7837B730>
2023-07-10 21:48:12,448 - root - DEBUG - >>>>>>>>>>>> 5 <watchFaceParser.models.parameter.Parameter object at 0x0000024B7837C400>
2023-07-10 21:48:12,479 - root - DEBUG - >>>>>>>>>>>> 9 <watchFaceParser.models.parameter.Parameter object at 0x0000024B7837C3D0>
2023-07-10 21:48:12,495 - root - DEBUG - Generating static preview gen done...
2023-07-10 21:48:12,620 - root - DEBUG - Generating static preview save done...
2023-07-10 21:48:12,620 - root - DEBUG - Generating anim preview gen done...
2023-07-10 21:48:12,620 - root - DEBUG - >>>>>>>>>>>> 0 <watchFaceParser.models.parameter.Parameter object at 0x0000024B7837F730>
2023-07-10 21:48:12,620 - root - DEBUG - >>>>>>>>>>>> 2 <watchFaceParser.models.parameter.Parameter object at 0x0000024B78379520>
2023-07-10 21:48:12,620 - root - DEBUG - >>>>>>>>>>>> 3 <watchFaceParser.models.parameter.Parameter object at 0x0000024B78379190>
2023-07-10 21:48:12,620 - root - DEBUG - >>>>>>>>>>>> 4 <watchFaceParser.models.parameter.Parameter object at 0x0000024B7837B730>
2023-07-10 21:48:12,620 - root - DEBUG - >>>>>>>>>>>> 5 <watchFaceParser.models.parameter.Parameter object at 0x0000024B7837C400>
2023-07-10 21:48:12,620 - root - DEBUG - >>>>>>>>>>>> 9 <watchFaceParser.models.parameter.Parameter object at 0x0000024B7837C3D0>
2023-07-10 21:48:12,808 - root - DEBUG - generatePreviews done
2023-07-10 21:48:12,808 - root - DEBUG - Exporting resources to 'E:\Codez\zepp-bipupro-wf\d45d3d25a9e51c543a9d47dc39c5b068'
2023-07-10 21:48:12,808 - root - DEBUG - extracting E:\Codez\zepp-bipupro-wf\d45d3d25a9e51c543a9d47dc39c5b068\0000.png...
2023-07-10 21:48:12,839 - root - DEBUG - extracting E:\Codez\zepp-bipupro-wf\d45d3d25a9e51c543a9d47dc39c5b068\0001.png...
2023-07-10 21:48:12,872 - root - DEBUG - extracting E:\Codez\zepp-bipupro-wf\d45d3d25a9e51c543a9d47dc39c5b068\0002.png...
2023-07-10 21:48:12,872 - root - DEBUG - extracting E:\Codez\zepp-bipupro-wf\d45d3d25a9e51c543a9d47dc39c5b068\0003.png...
2023-07-10 21:48:12,888 - root - DEBUG - extracting E:\Codez\zepp-bipupro-wf\d45d3d25a9e51c543a9d47dc39c5b068\0004.png...
2023-07-10 21:48:12,888 - root - DEBUG - extracting E:\Codez\zepp-bipupro-wf\d45d3d25a9e51c543a9d47dc39c5b068\0005.png...
2023-07-10 21:48:12,888 - root - DEBUG - extracting E:\Codez\zepp-bipupro-wf\d45d3d25a9e51c543a9d47dc39c5b068\0006.png...
2023-07-10 21:48:12,888 - root - DEBUG - extracting E:\Codez\zepp-bipupro-wf\d45d3d25a9e51c543a9d47dc39c5b068\0007.png...
2023-07-10 21:48:12,888 - root - DEBUG - extracting E:\Codez\zepp-bipupro-wf\d45d3d25a9e51c543a9d47dc39c5b068\0008.png...
2023-07-10 21:48:12,888 - root - DEBUG - extracting E:\Codez\zepp-bipupro-wf\d45d3d25a9e51c543a9d47dc39c5b068\0009.png...
2023-07-10 21:48:12,903 - root - DEBUG - extracting E:\Codez\zepp-bipupro-wf\d45d3d25a9e51c543a9d47dc39c5b068\0010.png...
2023-07-10 21:48:12,903 - root - DEBUG - extracting E:\Codez\zepp-bipupro-wf\d45d3d25a9e51c543a9d47dc39c5b068\0011.png...
2023-07-10 21:48:12,903 - root - DEBUG - extracting E:\Codez\zepp-bipupro-wf\d45d3d25a9e51c543a9d47dc39c5b068\0012.png...
2023-07-10 21:48:12,903 - root - DEBUG - extracting E:\Codez\zepp-bipupro-wf\d45d3d25a9e51c543a9d47dc39c5b068\0013.png...
2023-07-10 21:48:12,903 - root - DEBUG - extracting E:\Codez\zepp-bipupro-wf\d45d3d25a9e51c543a9d47dc39c5b068\0014.png...
2023-07-10 21:48:12,903 - root - DEBUG - extracting E:\Codez\zepp-bipupro-wf\d45d3d25a9e51c543a9d47dc39c5b068\0015.png...
2023-07-10 21:48:12,903 - root - DEBUG - extracting E:\Codez\zepp-bipupro-wf\d45d3d25a9e51c543a9d47dc39c5b068\0016.png...
2023-07-10 21:48:12,903 - root - DEBUG - extracting E:\Codez\zepp-bipupro-wf\d45d3d25a9e51c543a9d47dc39c5b068\0017.png...
2023-07-10 21:48:12,903 - root - DEBUG - extracting E:\Codez\zepp-bipupro-wf\d45d3d25a9e51c543a9d47dc39c5b068\0018.png...
2023-07-10 21:48:12,919 - root - DEBUG - extracting E:\Codez\zepp-bipupro-wf\d45d3d25a9e51c543a9d47dc39c5b068\0019.png...
2023-07-10 21:48:12,920 - root - DEBUG - extracting E:\Codez\zepp-bipupro-wf\d45d3d25a9e51c543a9d47dc39c5b068\0020.png...
2023-07-10 21:48:12,920 - root - DEBUG - extracting E:\Codez\zepp-bipupro-wf\d45d3d25a9e51c543a9d47dc39c5b068\0021.png...
2023-07-10 21:48:12,920 - root - DEBUG - extracting E:\Codez\zepp-bipupro-wf\d45d3d25a9e51c543a9d47dc39c5b068\0022.png...
2023-07-10 21:48:12,920 - root - DEBUG - extracting E:\Codez\zepp-bipupro-wf\d45d3d25a9e51c543a9d47dc39c5b068\0023.png...
2023-07-10 21:48:12,920 - root - DEBUG - extracting E:\Codez\zepp-bipupro-wf\d45d3d25a9e51c543a9d47dc39c5b068\0024.png...
2023-07-10 21:48:12,920 - root - DEBUG - extracting E:\Codez\zepp-bipupro-wf\d45d3d25a9e51c543a9d47dc39c5b068\0025.png...
2023-07-10 21:48:12,920 - root - DEBUG - extracting E:\Codez\zepp-bipupro-wf\d45d3d25a9e51c543a9d47dc39c5b068\0026.png...
2023-07-10 21:48:12,920 - root - DEBUG - extracting E:\Codez\zepp-bipupro-wf\d45d3d25a9e51c543a9d47dc39c5b068\0027.png...
2023-07-10 21:48:12,920 - root - DEBUG - extracting E:\Codez\zepp-bipupro-wf\d45d3d25a9e51c543a9d47dc39c5b068\0028.png...
2023-07-10 21:48:12,935 - root - DEBUG - extracting E:\Codez\zepp-bipupro-wf\d45d3d25a9e51c543a9d47dc39c5b068\0029.png...
2023-07-10 21:48:12,935 - root - DEBUG - extracting E:\Codez\zepp-bipupro-wf\d45d3d25a9e51c543a9d47dc39c5b068\0030.png...
2023-07-10 21:48:12,935 - root - DEBUG - extracting E:\Codez\zepp-bipupro-wf\d45d3d25a9e51c543a9d47dc39c5b068\0031.png...
2023-07-10 21:48:12,935 - root - DEBUG - extracting E:\Codez\zepp-bipupro-wf\d45d3d25a9e51c543a9d47dc39c5b068\0032.png...
2023-07-10 21:48:12,935 - root - DEBUG - extracting E:\Codez\zepp-bipupro-wf\d45d3d25a9e51c543a9d47dc39c5b068\0033.png...
2023-07-10 21:48:12,935 - root - DEBUG - extracting E:\Codez\zepp-bipupro-wf\d45d3d25a9e51c543a9d47dc39c5b068\0034.png...
2023-07-10 21:48:12,935 - root - DEBUG - extracting E:\Codez\zepp-bipupro-wf\d45d3d25a9e51c543a9d47dc39c5b068\0035.png...
2023-07-10 21:48:12,951 - root - DEBUG - extracting E:\Codez\zepp-bipupro-wf\d45d3d25a9e51c543a9d47dc39c5b068\0036.png...
2023-07-10 21:48:12,951 - root - DEBUG - extracting E:\Codez\zepp-bipupro-wf\d45d3d25a9e51c543a9d47dc39c5b068\0037.png...
2023-07-10 21:48:12,951 - root - DEBUG - extracting E:\Codez\zepp-bipupro-wf\d45d3d25a9e51c543a9d47dc39c5b068\0038.png...
2023-07-10 21:48:12,951 - root - DEBUG - extracting E:\Codez\zepp-bipupro-wf\d45d3d25a9e51c543a9d47dc39c5b068\0039.png...
2023-07-10 21:48:12,951 - root - DEBUG - extracting E:\Codez\zepp-bipupro-wf\d45d3d25a9e51c543a9d47dc39c5b068\0040.png...
2023-07-10 21:48:12,951 - root - DEBUG - extracting E:\Codez\zepp-bipupro-wf\d45d3d25a9e51c543a9d47dc39c5b068\0041.png...
2023-07-10 21:48:12,951 - root - DEBUG - extracting E:\Codez\zepp-bipupro-wf\d45d3d25a9e51c543a9d47dc39c5b068\0042.png...
2023-07-10 21:48:12,951 - root - DEBUG - extracting E:\Codez\zepp-bipupro-wf\d45d3d25a9e51c543a9d47dc39c5b068\0043.png...
2023-07-10 21:48:12,951 - root - DEBUG - extracting E:\Codez\zepp-bipupro-wf\d45d3d25a9e51c543a9d47dc39c5b068\0044.png...
2023-07-10 21:48:12,951 - root - DEBUG - extracting E:\Codez\zepp-bipupro-wf\d45d3d25a9e51c543a9d47dc39c5b068\0045.png...
2023-07-10 21:48:12,951 - root - DEBUG - extracting E:\Codez\zepp-bipupro-wf\d45d3d25a9e51c543a9d47dc39c5b068\0046.png...
2023-07-10 21:48:12,966 - root - DEBUG - extracting E:\Codez\zepp-bipupro-wf\d45d3d25a9e51c543a9d47dc39c5b068\0047.png...
2023-07-10 21:48:12,966 - root - DEBUG - extracting E:\Codez\zepp-bipupro-wf\d45d3d25a9e51c543a9d47dc39c5b068\0048.png...
2023-07-10 21:48:12,966 - root - DEBUG - extracting E:\Codez\zepp-bipupro-wf\d45d3d25a9e51c543a9d47dc39c5b068\0049.png...
2023-07-10 21:48:12,966 - root - DEBUG - extracting E:\Codez\zepp-bipupro-wf\d45d3d25a9e51c543a9d47dc39c5b068\0050.png...
2023-07-10 21:48:12,966 - root - DEBUG - extracting E:\Codez\zepp-bipupro-wf\d45d3d25a9e51c543a9d47dc39c5b068\0051.png...
2023-07-10 21:48:12,966 - root - DEBUG - extracting E:\Codez\zepp-bipupro-wf\d45d3d25a9e51c543a9d47dc39c5b068\0052.png...
2023-07-10 21:48:12,966 - root - DEBUG - extracting E:\Codez\zepp-bipupro-wf\d45d3d25a9e51c543a9d47dc39c5b068\0053.png...
2023-07-10 21:48:12,966 - root - DEBUG - extracting E:\Codez\zepp-bipupro-wf\d45d3d25a9e51c543a9d47dc39c5b068\0054.png...
2023-07-10 21:48:12,966 - root - DEBUG - extracting E:\Codez\zepp-bipupro-wf\d45d3d25a9e51c543a9d47dc39c5b068\0055.png...
2023-07-10 21:48:12,966 - root - DEBUG - extracting E:\Codez\zepp-bipupro-wf\d45d3d25a9e51c543a9d47dc39c5b068\0056.png...
2023-07-10 21:48:12,966 - root - DEBUG - extracting E:\Codez\zepp-bipupro-wf\d45d3d25a9e51c543a9d47dc39c5b068\0057.png...
2023-07-10 21:48:12,966 - root - DEBUG - extracting E:\Codez\zepp-bipupro-wf\d45d3d25a9e51c543a9d47dc39c5b068\0058.png...
2023-07-10 21:48:12,966 - root - DEBUG - extracting E:\Codez\zepp-bipupro-wf\d45d3d25a9e51c543a9d47dc39c5b068\0059.png...
2023-07-10 21:48:12,982 - root - DEBUG - extracting E:\Codez\zepp-bipupro-wf\d45d3d25a9e51c543a9d47dc39c5b068\0060.png...
2023-07-10 21:48:12,982 - root - DEBUG - extracting E:\Codez\zepp-bipupro-wf\d45d3d25a9e51c543a9d47dc39c5b068\0061.png...
2023-07-10 21:48:12,982 - root - DEBUG - extracting E:\Codez\zepp-bipupro-wf\d45d3d25a9e51c543a9d47dc39c5b068\0062.png...
2023-07-10 21:48:12,982 - root - DEBUG - extracting E:\Codez\zepp-bipupro-wf\d45d3d25a9e51c543a9d47dc39c5b068\0063.png...
2023-07-10 21:48:12,982 - root - DEBUG - extracting E:\Codez\zepp-bipupro-wf\d45d3d25a9e51c543a9d47dc39c5b068\0064.png...
2023-07-10 21:48:12,982 - root - DEBUG - extracting E:\Codez\zepp-bipupro-wf\d45d3d25a9e51c543a9d47dc39c5b068\0065.png...
2023-07-10 21:48:12,982 - root - DEBUG - Exporting config...
