2023-07-09 18:41:38,344 - root - DEBUG - Opening watch face 'E:\Codez\zepp-bipupro-wf\7172ce4630f7905b76a089f9d0fcf396.bin'
2023-07-09 18:41:38,350 - root - DEBUG - Reading parameters...
2023-07-09 18:41:38,350 - root - INFO - Reading header...
2023-07-09 18:41:38,350 - root - INFO - Header was read:
2023-07-09 18:41:38,350 - root - INFO - Signature: b'UIHH\x01\x00\xff', Unknown: 79, ParametersSize: 39, isValid: True, deviceId: 71
2023-07-09 18:41:38,350 - root - INFO - Reading parameter offsets...
2023-07-09 18:41:38,350 - root - INFO - Parameter offsets were read from file
2023-07-09 18:41:38,350 - root - INFO - Reading parameters descriptor...
2023-07-09 18:41:38,350 - root - INFO - 1 ( A): 5 bytes
2023-07-09 18:41:38,350 - root - INFO -     1 ( 8): 211 D3
2023-07-09 18:41:38,350 - root - INFO -     2 (10): 65 41
2023-07-09 18:41:38,350 - root - INFO - getParameters descriptor was read:
2023-07-09 18:41:38,350 - root - INFO - ParametersTableLength: 211, ImagesCount: 65
2023-07-09 18:41:38,350 - root - INFO - Reading parameters locations...
2023-07-09 18:41:38,350 - root - INFO - 2 (12): 4 bytes
2023-07-09 18:41:38,350 - root - INFO -     1 ( 8): 0  0
2023-07-09 18:41:38,350 - root - INFO -     2 (10): 32 20
2023-07-09 18:41:38,350 - root - INFO - 3 (1A): 4 bytes
2023-07-09 18:41:38,350 - root - INFO -     1 ( 8): 32 20
2023-07-09 18:41:38,350 - root - INFO -     2 (10): 61 3D
2023-07-09 18:41:38,350 - root - INFO - 5 (2A): 4 bytes
2023-07-09 18:41:38,350 - root - INFO -     1 ( 8): 93 5D
2023-07-09 18:41:38,350 - root - INFO -     2 (10): 79 4F
2023-07-09 18:41:38,360 - root - INFO - 6 (32): 5 bytes
2023-07-09 18:41:38,360 - root - INFO -     1 ( 8): 172 AC
2023-07-09 18:41:38,360 - root - INFO -     2 (10): 28 1C
2023-07-09 18:41:38,360 - root - INFO - 9 (4A): 5 bytes
2023-07-09 18:41:38,360 - root - INFO -     1 ( 8): 200 C8
2023-07-09 18:41:38,360 - root - INFO -     2 (10): 11  B
2023-07-09 18:41:38,360 - root - INFO - Watch face parameters locations were read:
2023-07-09 18:41:38,360 - root - INFO - Reading descriptor for parameter 2
2023-07-09 18:41:38,360 - root - INFO - Descriptor offset: 0, Descriptor length: 32
2023-07-09 18:41:38,360 - root - INFO - Parsing descriptor for parameter 2...
2023-07-09 18:41:38,360 - root - INFO - 1 ( A): 6 bytes
2023-07-09 18:41:38,360 - root - INFO -     1 ( 8): 0  0
2023-07-09 18:41:38,360 - root - INFO -     2 (10): 0  0
2023-07-09 18:41:38,360 - root - INFO -     3 (18): 0  0
2023-07-09 18:41:38,360 - root - INFO - 3 (1A): 6 bytes
2023-07-09 18:41:38,360 - root - INFO -     1 ( 8): 18 12
2023-07-09 18:41:38,360 - root - INFO -     2 (10): 17 11
2023-07-09 18:41:38,360 - root - INFO -     3 (18): 2  2
2023-07-09 18:41:38,360 - root - INFO - 4 (22): 6 bytes
2023-07-09 18:41:38,360 - root - INFO -     1 ( 8): 18 12
2023-07-09 18:41:38,360 - root - INFO -     2 (10): 17 11
2023-07-09 18:41:38,360 - root - INFO -     3 (18): 3  3
2023-07-09 18:41:38,360 - root - INFO - 5 (2A): 6 bytes
2023-07-09 18:41:38,360 - root - INFO -     1 ( 8): 18 12
2023-07-09 18:41:38,360 - root - INFO -     2 (10): 17 11
2023-07-09 18:41:38,360 - root - INFO -     3 (18): 1  1
2023-07-09 18:41:38,360 - root - INFO - Reading descriptor for parameter 3
2023-07-09 18:41:38,360 - root - INFO - Descriptor offset: 32, Descriptor length: 61
2023-07-09 18:41:38,360 - root - INFO - Parsing descriptor for parameter 3...
2023-07-09 18:41:38,360 - root - INFO - 1 ( A): 59 bytes
2023-07-09 18:41:38,360 - root - INFO -     1 ( A): 20 bytes
2023-07-09 18:41:38,360 - root - INFO -         1 ( A): 8 bytes
2023-07-09 18:41:38,360 - root - INFO -             1 ( 8): 38 26
2023-07-09 18:41:38,360 - root - INFO -             2 (10): 44 2C
2023-07-09 18:41:38,360 - root - INFO -             3 (18): 4  4
2023-07-09 18:41:38,360 - root - INFO -             4 (20): 10  A
2023-07-09 18:41:38,360 - root - INFO -         2 (12): 8 bytes
2023-07-09 18:41:38,360 - root - INFO -             1 ( 8): 86 56
2023-07-09 18:41:38,360 - root - INFO -             2 (10): 44 2C
2023-07-09 18:41:38,360 - root - INFO -             3 (18): 4  4
2023-07-09 18:41:38,360 - root - INFO -             4 (20): 10  A
2023-07-09 18:41:38,360 - root - INFO -     2 (12): 22 bytes
2023-07-09 18:41:38,360 - root - INFO -         1 ( A): 9 bytes
2023-07-09 18:41:38,360 - root - INFO -             1 ( 8): 169 A9
2023-07-09 18:41:38,360 - root - INFO -             2 (10): 44 2C
2023-07-09 18:41:38,360 - root - INFO -             3 (18): 4  4
2023-07-09 18:41:38,360 - root - INFO -             4 (20): 10  A
2023-07-09 18:41:38,360 - root - INFO -         2 (12): 9 bytes
2023-07-09 18:41:38,360 - root - INFO -             1 ( 8): 217 D9
2023-07-09 18:41:38,360 - root - INFO -             2 (10): 44 2C
2023-07-09 18:41:38,360 - root - INFO -             3 (18): 4  4
2023-07-09 18:41:38,360 - root - INFO -             4 (20): 10  A
2023-07-09 18:41:38,360 - root - INFO -     5 (2A): 7 bytes
2023-07-09 18:41:38,360 - root - INFO -         1 ( 8): 134 86
2023-07-09 18:41:38,360 - root - INFO -         2 (10): 44 2C
2023-07-09 18:41:38,360 - root - INFO -         3 (18): 14  E
2023-07-09 18:41:38,360 - root - INFO -     7 (38): 0  0
2023-07-09 18:41:38,360 - root - INFO -     8 (40): 1  1
2023-07-09 18:41:38,360 - root - INFO - Reading descriptor for parameter 5
2023-07-09 18:41:38,360 - root - INFO - Descriptor offset: 93, Descriptor length: 79
2023-07-09 18:41:38,360 - root - INFO - Parsing descriptor for parameter 5...
2023-07-09 18:41:38,370 - root - INFO - 1 ( A): 32 bytes
2023-07-09 18:41:38,370 - root - INFO -     2 (12): 24 bytes
2023-07-09 18:41:38,370 - root - INFO -         1 ( A): 20 bytes
2023-07-09 18:41:38,370 - root - INFO -             1 ( 8): 112 70
2023-07-09 18:41:38,370 - root - INFO -             2 (10): 109 6D
2023-07-09 18:41:38,370 - root - INFO -             3 (18): 194 C2
2023-07-09 18:41:38,370 - root - INFO -             4 (20): 132 84
2023-07-09 18:41:38,370 - root - INFO -             5 (28): 18 12
2023-07-09 18:41:38,370 - root - INFO -             6 (30): 0  0
2023-07-09 18:41:38,370 - root - INFO -             7 (38): 0  0
2023-07-09 18:41:38,370 - root - INFO -             8 (40): 15  F
2023-07-09 18:41:38,370 - root - INFO -             9 (48): 10  A
2023-07-09 18:41:38,370 - root - INFO -         2 (10): 25 19
2023-07-09 18:41:38,370 - root - INFO -     4 (20): 1  1
2023-07-09 18:41:38,370 - root - INFO -     5 (28): 1  1
2023-07-09 18:41:38,370 - root - INFO -     6 (30): 0  0
2023-07-09 18:41:38,370 - root - INFO - 2 (12): 13 bytes
2023-07-09 18:41:38,370 - root - INFO -     1 ( 8): 210 D2
2023-07-09 18:41:38,370 - root - INFO -     2 (10): 108 6C
2023-07-09 18:41:38,370 - root - INFO -     3 (18): 49 31
2023-07-09 18:41:38,370 - root - INFO -     4 (20): 50 32
2023-07-09 18:41:38,370 - root - INFO -     5 (28): 47 2F
2023-07-09 18:41:38,370 - root - INFO -     6 (30): 48 30
2023-07-09 18:41:38,370 - root - INFO - 4 (22): 8 bytes
2023-07-09 18:41:38,370 - root - INFO -     1 ( 8): 35 23
2023-07-09 18:41:38,370 - root - INFO -     2 (10): 109 6D
2023-07-09 18:41:38,370 - root - INFO -     3 (18): 26 1A
2023-07-09 18:41:38,370 - root - INFO -     4 (20): 7  7
2023-07-09 18:41:38,370 - root - INFO - 5 (2A): 8 bytes
2023-07-09 18:41:38,370 - root - INFO -     1 ( 8): 35 23
2023-07-09 18:41:38,370 - root - INFO -     2 (10): 109 6D
2023-07-09 18:41:38,370 - root - INFO -     3 (18): 40 28
2023-07-09 18:41:38,370 - root - INFO -     4 (20): 7  7
2023-07-09 18:41:38,370 - root - INFO - 6 (32): 8 bytes
2023-07-09 18:41:38,370 - root - INFO -     1 ( 8): 35 23
2023-07-09 18:41:38,370 - root - INFO -     2 (10): 109 6D
2023-07-09 18:41:38,370 - root - INFO -     3 (18): 33 21
2023-07-09 18:41:38,375 - root - INFO -     4 (20): 7  7
2023-07-09 18:41:38,375 - root - INFO - Reading descriptor for parameter 6
2023-07-09 18:41:38,375 - root - INFO - Descriptor offset: 172, Descriptor length: 28
2023-07-09 18:41:38,375 - root - INFO - Parsing descriptor for parameter 6...
2023-07-09 18:41:38,375 - root - INFO - 2 (12): 26 bytes
2023-07-09 18:41:38,376 - root - INFO -     1 ( A): 24 bytes
2023-07-09 18:41:38,376 - root - INFO -         1 ( A): 18 bytes
2023-07-09 18:41:38,376 - root - INFO -             1 ( 8): 17 11
2023-07-09 18:41:38,377 - root - INFO -             2 (10): 10  A
2023-07-09 18:41:38,377 - root - INFO -             3 (18): 75 4B
2023-07-09 18:41:38,377 - root - INFO -             4 (20): 33 21
2023-07-09 18:41:38,377 - root - INFO -             5 (28): 18 12
2023-07-09 18:41:38,377 - root - INFO -             6 (30): 0  0
2023-07-09 18:41:38,377 - root - INFO -             7 (38): 0  0
2023-07-09 18:41:38,377 - root - INFO -             8 (40): 15  F
2023-07-09 18:41:38,377 - root - INFO -             9 (48): 10  A
2023-07-09 18:41:38,377 - root - INFO -         2 (10): 51 33
2023-07-09 18:41:38,377 - root - INFO -         3 (18): 52 34
2023-07-09 18:41:38,377 - root - INFO - Reading descriptor for parameter 9
2023-07-09 18:41:38,377 - root - INFO - Descriptor offset: 200, Descriptor length: 11
2023-07-09 18:41:38,377 - root - INFO - Parsing descriptor for parameter 9...
2023-07-09 18:41:38,377 - root - INFO - 2 (12): 9 bytes
2023-07-09 18:41:38,377 - root - INFO -     1 ( 8): 256 100
2023-07-09 18:41:38,377 - root - INFO -     2 (10): 16 10
2023-07-09 18:41:38,377 - root - INFO -     3 (18): 53 35
2023-07-09 18:41:38,377 - root - INFO -     4 (20): 12  C
2023-07-09 18:41:38,385 - root - INFO - Reading resources offsets table with 65 elements (260 bytes)
2023-07-09 18:41:38,385 - root - INFO - Resource 0 offset: 597, length: 193296...
2023-07-09 18:41:38,385 - root - DEBUG - Reading resource 0...
2023-07-09 18:41:38,440 - root - INFO - The image is bmc.
2023-07-09 18:41:38,440 - root - INFO - Reading image header(readHeader16C)...
2023-07-09 18:41:38,440 - root - INFO - Image header was read:
2023-07-09 18:41:38,440 - root - INFO - Width: 302, Height: 320, RowLength: 604
2023-07-09 18:41:38,440 - root - INFO - _step: 2, unknown2: 0,
2023-07-09 18:41:38,440 - root - INFO - BPP: 16, Transparency: False
2023-07-09 18:41:39,019 - root - INFO - Resource 1 offset: 193893, length: 86472...
2023-07-09 18:41:39,019 - root - DEBUG - Reading resource 1...
2023-07-09 18:41:39,020 - root - INFO - The image is bmc.
2023-07-09 18:41:39,020 - root - INFO - Reading image header(readHeader16C)...
2023-07-09 18:41:39,020 - root - INFO - Image header was read:
2023-07-09 18:41:39,020 - root - INFO - Width: 202, Height: 214, RowLength: 404
2023-07-09 18:41:39,020 - root - INFO - _step: 2, unknown2: 0,
2023-07-09 18:41:39,020 - root - INFO - BPP: 16, Transparency: False
2023-07-09 18:41:39,280 - root - INFO - Resource 2 offset: 280365, length: 86472...
2023-07-09 18:41:39,280 - root - DEBUG - Reading resource 2...
2023-07-09 18:41:39,280 - root - INFO - The image is bmc.
2023-07-09 18:41:39,280 - root - INFO - Reading image header(readHeader16C)...
2023-07-09 18:41:39,280 - root - INFO - Image header was read:
2023-07-09 18:41:39,280 - root - INFO - Width: 202, Height: 214, RowLength: 404
2023-07-09 18:41:39,280 - root - INFO - _step: 2, unknown2: 0,
2023-07-09 18:41:39,285 - root - INFO - BPP: 16, Transparency: False
2023-07-09 18:41:39,540 - root - INFO - Resource 3 offset: 366837, length: 86472...
2023-07-09 18:41:39,540 - root - DEBUG - Reading resource 3...
2023-07-09 18:41:39,540 - root - INFO - The image is bmc.
2023-07-09 18:41:39,540 - root - INFO - Reading image header(readHeader16C)...
2023-07-09 18:41:39,540 - root - INFO - Image header was read:
2023-07-09 18:41:39,540 - root - INFO - Width: 202, Height: 214, RowLength: 404
2023-07-09 18:41:39,540 - root - INFO - _step: 2, unknown2: 0,
2023-07-09 18:41:39,540 - root - INFO - BPP: 16, Transparency: False
2023-07-09 18:41:39,800 - root - INFO - Resource 4 offset: 453309, length: 2382...
2023-07-09 18:41:39,800 - root - DEBUG - Reading resource 4...
2023-07-09 18:41:39,800 - root - INFO - The image is bme.
2023-07-09 18:41:39,800 - root - INFO - Reading image header(readHeader16E)...
2023-07-09 18:41:39,800 - root - INFO - Image header was read:
2023-07-09 18:41:39,800 - root - INFO - Width: 48, Height: 56, RowLength: 96
2023-07-09 18:41:39,800 - root - INFO - datalength: 2366, _step: 2
2023-07-09 18:41:39,800 - root - INFO - BPP: 16, Transparency: False
2023-07-09 18:41:39,807 - root - INFO - Resource 5 offset: 455691, length: 1144...
2023-07-09 18:41:39,807 - root - DEBUG - Reading resource 5...
2023-07-09 18:41:39,807 - root - INFO - The image is bme.
2023-07-09 18:41:39,807 - root - INFO - Reading image header(readHeader16E)...
2023-07-09 18:41:39,807 - root - INFO - Image header was read:
2023-07-09 18:41:39,807 - root - INFO - Width: 48, Height: 56, RowLength: 96
2023-07-09 18:41:39,807 - root - INFO - datalength: 1128, _step: 2
2023-07-09 18:41:39,807 - root - INFO - BPP: 16, Transparency: False
2023-07-09 18:41:39,810 - root - INFO - Resource 6 offset: 456835, length: 1986...
2023-07-09 18:41:39,810 - root - DEBUG - Reading resource 6...
2023-07-09 18:41:39,810 - root - INFO - The image is bme.
2023-07-09 18:41:39,810 - root - INFO - Reading image header(readHeader16E)...
2023-07-09 18:41:39,810 - root - INFO - Image header was read:
2023-07-09 18:41:39,810 - root - INFO - Width: 48, Height: 56, RowLength: 96
2023-07-09 18:41:39,810 - root - INFO - datalength: 1970, _step: 2
2023-07-09 18:41:39,810 - root - INFO - BPP: 16, Transparency: False
2023-07-09 18:41:39,810 - root - INFO - Resource 7 offset: 458821, length: 2112...
2023-07-09 18:41:39,810 - root - DEBUG - Reading resource 7...
2023-07-09 18:41:39,810 - root - INFO - The image is bme.
2023-07-09 18:41:39,810 - root - INFO - Reading image header(readHeader16E)...
2023-07-09 18:41:39,810 - root - INFO - Image header was read:
2023-07-09 18:41:39,810 - root - INFO - Width: 48, Height: 56, RowLength: 96
2023-07-09 18:41:39,810 - root - INFO - datalength: 2096, _step: 2
2023-07-09 18:41:39,810 - root - INFO - BPP: 16, Transparency: False
2023-07-09 18:41:39,823 - root - INFO - Resource 8 offset: 460933, length: 2120...
2023-07-09 18:41:39,823 - root - DEBUG - Reading resource 8...
2023-07-09 18:41:39,823 - root - INFO - The image is bme.
2023-07-09 18:41:39,823 - root - INFO - Reading image header(readHeader16E)...
2023-07-09 18:41:39,823 - root - INFO - Image header was read:
2023-07-09 18:41:39,823 - root - INFO - Width: 48, Height: 56, RowLength: 96
2023-07-09 18:41:39,823 - root - INFO - datalength: 2104, _step: 2
2023-07-09 18:41:39,823 - root - INFO - BPP: 16, Transparency: False
2023-07-09 18:41:39,830 - root - INFO - Resource 9 offset: 463053, length: 2022...
2023-07-09 18:41:39,830 - root - DEBUG - Reading resource 9...
2023-07-09 18:41:39,830 - root - INFO - The image is bme.
2023-07-09 18:41:39,830 - root - INFO - Reading image header(readHeader16E)...
2023-07-09 18:41:39,830 - root - INFO - Image header was read:
2023-07-09 18:41:39,830 - root - INFO - Width: 48, Height: 56, RowLength: 96
2023-07-09 18:41:39,830 - root - INFO - datalength: 2006, _step: 2
2023-07-09 18:41:39,830 - root - INFO - BPP: 16, Transparency: False
2023-07-09 18:41:39,838 - root - INFO - Resource 10 offset: 465075, length: 2134...
2023-07-09 18:41:39,840 - root - DEBUG - Reading resource 10...
2023-07-09 18:41:39,840 - root - INFO - The image is bme.
2023-07-09 18:41:39,840 - root - INFO - Reading image header(readHeader16E)...
2023-07-09 18:41:39,840 - root - INFO - Image header was read:
2023-07-09 18:41:39,840 - root - INFO - Width: 48, Height: 56, RowLength: 96
2023-07-09 18:41:39,840 - root - INFO - datalength: 2118, _step: 2
2023-07-09 18:41:39,840 - root - INFO - BPP: 16, Transparency: False
2023-07-09 18:41:39,840 - root - INFO - Resource 11 offset: 467209, length: 1702...
2023-07-09 18:41:39,840 - root - DEBUG - Reading resource 11...
2023-07-09 18:41:39,840 - root - INFO - The image is bme.
2023-07-09 18:41:39,840 - root - INFO - Reading image header(readHeader16E)...
2023-07-09 18:41:39,840 - root - INFO - Image header was read:
2023-07-09 18:41:39,840 - root - INFO - Width: 48, Height: 56, RowLength: 96
2023-07-09 18:41:39,840 - root - INFO - datalength: 1686, _step: 2
2023-07-09 18:41:39,840 - root - INFO - BPP: 16, Transparency: False
2023-07-09 18:41:39,850 - root - INFO - Resource 12 offset: 468911, length: 2584...
2023-07-09 18:41:39,850 - root - DEBUG - Reading resource 12...
2023-07-09 18:41:39,850 - root - INFO - The image is bme.
2023-07-09 18:41:39,850 - root - INFO - Reading image header(readHeader16E)...
2023-07-09 18:41:39,850 - root - INFO - Image header was read:
2023-07-09 18:41:39,850 - root - INFO - Width: 48, Height: 56, RowLength: 96
2023-07-09 18:41:39,850 - root - INFO - datalength: 2568, _step: 2
2023-07-09 18:41:39,850 - root - INFO - BPP: 16, Transparency: False
2023-07-09 18:41:39,860 - root - INFO - Resource 13 offset: 471495, length: 2236...
2023-07-09 18:41:39,860 - root - DEBUG - Reading resource 13...
2023-07-09 18:41:39,860 - root - INFO - The image is bme.
2023-07-09 18:41:39,860 - root - INFO - Reading image header(readHeader16E)...
2023-07-09 18:41:39,860 - root - INFO - Image header was read:
2023-07-09 18:41:39,860 - root - INFO - Width: 48, Height: 56, RowLength: 96
2023-07-09 18:41:39,860 - root - INFO - datalength: 2220, _step: 2
2023-07-09 18:41:39,860 - root - INFO - BPP: 16, Transparency: False
2023-07-09 18:41:39,860 - root - INFO - Resource 14 offset: 473731, length: 324...
2023-07-09 18:41:39,860 - root - DEBUG - Reading resource 14...
2023-07-09 18:41:39,860 - root - INFO - The image is bme.
2023-07-09 18:41:39,860 - root - INFO - Reading image header(readHeader16E)...
2023-07-09 18:41:39,860 - root - INFO - Image header was read:
2023-07-09 18:41:39,860 - root - INFO - Width: 35, Height: 56, RowLength: 70
2023-07-09 18:41:39,860 - root - INFO - datalength: 308, _step: 2
2023-07-09 18:41:39,860 - root - INFO - BPP: 16, Transparency: False
2023-07-09 18:41:39,860 - root - INFO - Resource 15 offset: 474055, length: 566...
2023-07-09 18:41:39,870 - root - DEBUG - Reading resource 15...
2023-07-09 18:41:39,870 - root - INFO - The image is bme.
2023-07-09 18:41:39,870 - root - INFO - Reading image header(readHeader16E)...
2023-07-09 18:41:39,870 - root - INFO - Image header was read:
2023-07-09 18:41:39,870 - root - INFO - Width: 19, Height: 23, RowLength: 38
2023-07-09 18:41:39,870 - root - INFO - datalength: 550, _step: 2
2023-07-09 18:41:39,870 - root - INFO - BPP: 16, Transparency: False
2023-07-09 18:41:39,870 - root - INFO - Resource 16 offset: 474621, length: 292...
2023-07-09 18:41:39,870 - root - DEBUG - Reading resource 16...
2023-07-09 18:41:39,870 - root - INFO - The image is bme.
2023-07-09 18:41:39,870 - root - INFO - Reading image header(readHeader16E)...
2023-07-09 18:41:39,870 - root - INFO - Image header was read:
2023-07-09 18:41:39,870 - root - INFO - Width: 18, Height: 23, RowLength: 36
2023-07-09 18:41:39,870 - root - INFO - datalength: 276, _step: 2
2023-07-09 18:41:39,870 - root - INFO - BPP: 16, Transparency: False
2023-07-09 18:41:39,870 - root - INFO - Resource 17 offset: 474913, length: 468...
2023-07-09 18:41:39,870 - root - DEBUG - Reading resource 17...
2023-07-09 18:41:39,870 - root - INFO - The image is bme.
2023-07-09 18:41:39,870 - root - INFO - Reading image header(readHeader16E)...
2023-07-09 18:41:39,870 - root - INFO - Image header was read:
2023-07-09 18:41:39,870 - root - INFO - Width: 18, Height: 23, RowLength: 36
2023-07-09 18:41:39,870 - root - INFO - datalength: 452, _step: 2
2023-07-09 18:41:39,870 - root - INFO - BPP: 16, Transparency: False
2023-07-09 18:41:39,870 - root - INFO - Resource 18 offset: 475381, length: 488...
2023-07-09 18:41:39,870 - root - DEBUG - Reading resource 18...
2023-07-09 18:41:39,870 - root - INFO - The image is bme.
2023-07-09 18:41:39,870 - root - INFO - Reading image header(readHeader16E)...
2023-07-09 18:41:39,870 - root - INFO - Image header was read:
2023-07-09 18:41:39,870 - root - INFO - Width: 18, Height: 23, RowLength: 36
2023-07-09 18:41:39,870 - root - INFO - datalength: 472, _step: 2
2023-07-09 18:41:39,877 - root - INFO - BPP: 16, Transparency: False
2023-07-09 18:41:39,877 - root - INFO - Resource 19 offset: 475869, length: 448...
2023-07-09 18:41:39,877 - root - DEBUG - Reading resource 19...
2023-07-09 18:41:39,877 - root - INFO - The image is bme.
2023-07-09 18:41:39,877 - root - INFO - Reading image header(readHeader16E)...
2023-07-09 18:41:39,877 - root - INFO - Image header was read:
2023-07-09 18:41:39,877 - root - INFO - Width: 18, Height: 23, RowLength: 36
2023-07-09 18:41:39,877 - root - INFO - datalength: 432, _step: 2
2023-07-09 18:41:39,877 - root - INFO - BPP: 16, Transparency: False
2023-07-09 18:41:39,880 - root - INFO - Resource 20 offset: 476317, length: 448...
2023-07-09 18:41:39,880 - root - DEBUG - Reading resource 20...
2023-07-09 18:41:39,880 - root - INFO - The image is bme.
2023-07-09 18:41:39,880 - root - INFO - Reading image header(readHeader16E)...
2023-07-09 18:41:39,880 - root - INFO - Image header was read:
2023-07-09 18:41:39,880 - root - INFO - Width: 18, Height: 23, RowLength: 36
2023-07-09 18:41:39,880 - root - INFO - datalength: 432, _step: 2
2023-07-09 18:41:39,880 - root - INFO - BPP: 16, Transparency: False
2023-07-09 18:41:39,880 - root - INFO - Resource 21 offset: 476765, length: 474...
2023-07-09 18:41:39,880 - root - DEBUG - Reading resource 21...
2023-07-09 18:41:39,880 - root - INFO - The image is bme.
2023-07-09 18:41:39,880 - root - INFO - Reading image header(readHeader16E)...
2023-07-09 18:41:39,880 - root - INFO - Image header was read:
2023-07-09 18:41:39,880 - root - INFO - Width: 18, Height: 23, RowLength: 36
2023-07-09 18:41:39,880 - root - INFO - datalength: 458, _step: 2
2023-07-09 18:41:39,880 - root - INFO - BPP: 16, Transparency: False
2023-07-09 18:41:39,880 - root - INFO - Resource 22 offset: 477239, length: 402...
2023-07-09 18:41:39,880 - root - DEBUG - Reading resource 22...
2023-07-09 18:41:39,880 - root - INFO - The image is bme.
2023-07-09 18:41:39,880 - root - INFO - Reading image header(readHeader16E)...
2023-07-09 18:41:39,880 - root - INFO - Image header was read:
2023-07-09 18:41:39,880 - root - INFO - Width: 18, Height: 23, RowLength: 36
2023-07-09 18:41:39,880 - root - INFO - datalength: 386, _step: 2
2023-07-09 18:41:39,880 - root - INFO - BPP: 16, Transparency: False
2023-07-09 18:41:39,886 - root - INFO - Resource 23 offset: 477641, length: 570...
2023-07-09 18:41:39,886 - root - DEBUG - Reading resource 23...
2023-07-09 18:41:39,886 - root - INFO - The image is bme.
2023-07-09 18:41:39,886 - root - INFO - Reading image header(readHeader16E)...
2023-07-09 18:41:39,886 - root - INFO - Image header was read:
2023-07-09 18:41:39,886 - root - INFO - Width: 19, Height: 23, RowLength: 38
2023-07-09 18:41:39,886 - root - INFO - datalength: 554, _step: 2
2023-07-09 18:41:39,886 - root - INFO - BPP: 16, Transparency: False
2023-07-09 18:41:39,886 - root - INFO - Resource 24 offset: 478211, length: 508...
2023-07-09 18:41:39,886 - root - DEBUG - Reading resource 24...
2023-07-09 18:41:39,886 - root - INFO - The image is bme.
2023-07-09 18:41:39,886 - root - INFO - Reading image header(readHeader16E)...
2023-07-09 18:41:39,886 - root - INFO - Image header was read:
2023-07-09 18:41:39,886 - root - INFO - Width: 19, Height: 23, RowLength: 38
2023-07-09 18:41:39,886 - root - INFO - datalength: 492, _step: 2
2023-07-09 18:41:39,886 - root - INFO - BPP: 16, Transparency: False
2023-07-09 18:41:39,890 - root - INFO - Resource 25 offset: 478719, length: 316...
2023-07-09 18:41:39,890 - root - DEBUG - Reading resource 25...
2023-07-09 18:41:39,890 - root - INFO - The image is bme.
2023-07-09 18:41:39,890 - root - INFO - Reading image header(readHeader16E)...
2023-07-09 18:41:39,890 - root - INFO - Image header was read:
2023-07-09 18:41:39,890 - root - INFO - Width: 15, Height: 23, RowLength: 30
2023-07-09 18:41:39,890 - root - INFO - datalength: 300, _step: 2
2023-07-09 18:41:39,890 - root - INFO - BPP: 16, Transparency: False
2023-07-09 18:41:39,890 - root - INFO - Resource 26 offset: 479035, length: 1790...
2023-07-09 18:41:39,890 - root - DEBUG - Reading resource 26...
2023-07-09 18:41:39,890 - root - INFO - The image is bme.
2023-07-09 18:41:39,890 - root - INFO - Reading image header(readHeader16E)...
2023-07-09 18:41:39,890 - root - INFO - Image header was read:
2023-07-09 18:41:39,890 - root - INFO - Width: 55, Height: 23, RowLength: 110
2023-07-09 18:41:39,890 - root - INFO - datalength: 1774, _step: 2
2023-07-09 18:41:39,890 - root - INFO - BPP: 16, Transparency: False
2023-07-09 18:41:39,890 - root - INFO - Resource 27 offset: 480825, length: 1156...
2023-07-09 18:41:39,890 - root - DEBUG - Reading resource 27...
2023-07-09 18:41:39,890 - root - INFO - The image is bme.
2023-07-09 18:41:39,890 - root - INFO - Reading image header(readHeader16E)...
2023-07-09 18:41:39,890 - root - INFO - Image header was read:
2023-07-09 18:41:39,890 - root - INFO - Width: 55, Height: 23, RowLength: 110
2023-07-09 18:41:39,890 - root - INFO - datalength: 1140, _step: 2
2023-07-09 18:41:39,890 - root - INFO - BPP: 16, Transparency: False
2023-07-09 18:41:39,900 - root - INFO - Resource 28 offset: 481981, length: 1606...
2023-07-09 18:41:39,900 - root - DEBUG - Reading resource 28...
2023-07-09 18:41:39,900 - root - INFO - The image is bme.
2023-07-09 18:41:39,900 - root - INFO - Reading image header(readHeader16E)...
2023-07-09 18:41:39,900 - root - INFO - Image header was read:
2023-07-09 18:41:39,900 - root - INFO - Width: 55, Height: 23, RowLength: 110
2023-07-09 18:41:39,902 - root - INFO - datalength: 1590, _step: 2
2023-07-09 18:41:39,902 - root - INFO - BPP: 16, Transparency: False
2023-07-09 18:41:39,902 - root - INFO - Resource 29 offset: 483587, length: 1282...
2023-07-09 18:41:39,902 - root - DEBUG - Reading resource 29...
2023-07-09 18:41:39,902 - root - INFO - The image is bme.
2023-07-09 18:41:39,902 - root - INFO - Reading image header(readHeader16E)...
2023-07-09 18:41:39,902 - root - INFO - Image header was read:
2023-07-09 18:41:39,902 - root - INFO - Width: 55, Height: 23, RowLength: 110
2023-07-09 18:41:39,902 - root - INFO - datalength: 1266, _step: 2
2023-07-09 18:41:39,902 - root - INFO - BPP: 16, Transparency: False
2023-07-09 18:41:39,910 - root - INFO - Resource 30 offset: 484869, length: 1082...
2023-07-09 18:41:39,910 - root - DEBUG - Reading resource 30...
2023-07-09 18:41:39,910 - root - INFO - The image is bme.
2023-07-09 18:41:39,910 - root - INFO - Reading image header(readHeader16E)...
2023-07-09 18:41:39,910 - root - INFO - Image header was read:
2023-07-09 18:41:39,910 - root - INFO - Width: 55, Height: 23, RowLength: 110
2023-07-09 18:41:39,910 - root - INFO - datalength: 1066, _step: 2
2023-07-09 18:41:39,910 - root - INFO - BPP: 16, Transparency: False
2023-07-09 18:41:39,910 - root - INFO - Resource 31 offset: 485951, length: 1132...
2023-07-09 18:41:39,910 - root - DEBUG - Reading resource 31...
2023-07-09 18:41:39,910 - root - INFO - The image is bme.
2023-07-09 18:41:39,910 - root - INFO - Reading image header(readHeader16E)...
2023-07-09 18:41:39,910 - root - INFO - Image header was read:
2023-07-09 18:41:39,910 - root - INFO - Width: 55, Height: 23, RowLength: 110
2023-07-09 18:41:39,910 - root - INFO - datalength: 1116, _step: 2
2023-07-09 18:41:39,910 - root - INFO - BPP: 16, Transparency: False
2023-07-09 18:41:39,910 - root - INFO - Resource 32 offset: 487083, length: 1456...
2023-07-09 18:41:39,910 - root - DEBUG - Reading resource 32...
2023-07-09 18:41:39,910 - root - INFO - The image is bme.
2023-07-09 18:41:39,910 - root - INFO - Reading image header(readHeader16E)...
2023-07-09 18:41:39,910 - root - INFO - Image header was read:
2023-07-09 18:41:39,910 - root - INFO - Width: 55, Height: 23, RowLength: 110
2023-07-09 18:41:39,918 - root - INFO - datalength: 1440, _step: 2
2023-07-09 18:41:39,918 - root - INFO - BPP: 16, Transparency: False
2023-07-09 18:41:39,920 - root - INFO - Resource 33 offset: 488539, length: 1048...
2023-07-09 18:41:39,920 - root - DEBUG - Reading resource 33...
2023-07-09 18:41:39,920 - root - INFO - The image is bme.
2023-07-09 18:41:39,920 - root - INFO - Reading image header(readHeader16E)...
2023-07-09 18:41:39,920 - root - INFO - Image header was read:
2023-07-09 18:41:39,920 - root - INFO - Width: 55, Height: 23, RowLength: 110
2023-07-09 18:41:39,920 - root - INFO - datalength: 1032, _step: 2
2023-07-09 18:41:39,920 - root - INFO - BPP: 16, Transparency: False
2023-07-09 18:41:39,920 - root - INFO - Resource 34 offset: 489587, length: 1158...
2023-07-09 18:41:39,920 - root - DEBUG - Reading resource 34...
2023-07-09 18:41:39,920 - root - INFO - The image is bme.
2023-07-09 18:41:39,920 - root - INFO - Reading image header(readHeader16E)...
2023-07-09 18:41:39,920 - root - INFO - Image header was read:
2023-07-09 18:41:39,920 - root - INFO - Width: 55, Height: 23, RowLength: 110
2023-07-09 18:41:39,920 - root - INFO - datalength: 1142, _step: 2
2023-07-09 18:41:39,920 - root - INFO - BPP: 16, Transparency: False
2023-07-09 18:41:39,920 - root - INFO - Resource 35 offset: 490745, length: 1208...
2023-07-09 18:41:39,920 - root - DEBUG - Reading resource 35...
2023-07-09 18:41:39,920 - root - INFO - The image is bme.
2023-07-09 18:41:39,920 - root - INFO - Reading image header(readHeader16E)...
2023-07-09 18:41:39,920 - root - INFO - Image header was read:
2023-07-09 18:41:39,920 - root - INFO - Width: 55, Height: 23, RowLength: 110
2023-07-09 18:41:39,920 - root - INFO - datalength: 1192, _step: 2
2023-07-09 18:41:39,920 - root - INFO - BPP: 16, Transparency: False
2023-07-09 18:41:39,930 - root - INFO - Resource 36 offset: 491953, length: 1740...
2023-07-09 18:41:39,930 - root - DEBUG - Reading resource 36...
2023-07-09 18:41:39,930 - root - INFO - The image is bme.
2023-07-09 18:41:39,930 - root - INFO - Reading image header(readHeader16E)...
2023-07-09 18:41:39,930 - root - INFO - Image header was read:
2023-07-09 18:41:39,930 - root - INFO - Width: 55, Height: 23, RowLength: 110
2023-07-09 18:41:39,930 - root - INFO - datalength: 1724, _step: 2
2023-07-09 18:41:39,930 - root - INFO - BPP: 16, Transparency: False
2023-07-09 18:41:39,934 - root - INFO - Resource 37 offset: 493693, length: 1434...
2023-07-09 18:41:39,934 - root - DEBUG - Reading resource 37...
2023-07-09 18:41:39,934 - root - INFO - The image is bme.
2023-07-09 18:41:39,934 - root - INFO - Reading image header(readHeader16E)...
2023-07-09 18:41:39,934 - root - INFO - Image header was read:
2023-07-09 18:41:39,934 - root - INFO - Width: 55, Height: 23, RowLength: 110
2023-07-09 18:41:39,934 - root - INFO - datalength: 1418, _step: 2
2023-07-09 18:41:39,934 - root - INFO - BPP: 16, Transparency: False
2023-07-09 18:41:39,940 - root - INFO - Resource 38 offset: 495127, length: 1448...
2023-07-09 18:41:39,940 - root - DEBUG - Reading resource 38...
2023-07-09 18:41:39,940 - root - INFO - The image is bme.
2023-07-09 18:41:39,940 - root - INFO - Reading image header(readHeader16E)...
2023-07-09 18:41:39,940 - root - INFO - Image header was read:
2023-07-09 18:41:39,940 - root - INFO - Width: 55, Height: 23, RowLength: 110
2023-07-09 18:41:39,940 - root - INFO - datalength: 1432, _step: 2
2023-07-09 18:41:39,940 - root - INFO - BPP: 16, Transparency: False
2023-07-09 18:41:39,940 - root - INFO - Resource 39 offset: 496575, length: 1502...
2023-07-09 18:41:39,940 - root - DEBUG - Reading resource 39...
2023-07-09 18:41:39,940 - root - INFO - The image is bme.
2023-07-09 18:41:39,940 - root - INFO - Reading image header(readHeader16E)...
2023-07-09 18:41:39,940 - root - INFO - Image header was read:
2023-07-09 18:41:39,940 - root - INFO - Width: 55, Height: 23, RowLength: 110
2023-07-09 18:41:39,940 - root - INFO - datalength: 1486, _step: 2
2023-07-09 18:41:39,940 - root - INFO - BPP: 16, Transparency: False
2023-07-09 18:41:39,950 - root - INFO - Resource 40 offset: 498077, length: 1082...
2023-07-09 18:41:39,950 - root - DEBUG - Reading resource 40...
2023-07-09 18:41:39,950 - root - INFO - The image is bme.
2023-07-09 18:41:39,950 - root - INFO - Reading image header(readHeader16E)...
2023-07-09 18:41:39,950 - root - INFO - Image header was read:
2023-07-09 18:41:39,950 - root - INFO - Width: 55, Height: 23, RowLength: 110
2023-07-09 18:41:39,950 - root - INFO - datalength: 1066, _step: 2
2023-07-09 18:41:39,950 - root - INFO - BPP: 16, Transparency: False
2023-07-09 18:41:39,955 - root - INFO - Resource 41 offset: 499159, length: 1266...
2023-07-09 18:41:39,955 - root - DEBUG - Reading resource 41...
2023-07-09 18:41:39,955 - root - INFO - The image is bme.
2023-07-09 18:41:39,955 - root - INFO - Reading image header(readHeader16E)...
2023-07-09 18:41:39,955 - root - INFO - Image header was read:
2023-07-09 18:41:39,955 - root - INFO - Width: 55, Height: 23, RowLength: 110
2023-07-09 18:41:39,955 - root - INFO - datalength: 1250, _step: 2
2023-07-09 18:41:39,955 - root - INFO - BPP: 16, Transparency: False
2023-07-09 18:41:39,955 - root - INFO - Resource 42 offset: 500425, length: 1380...
2023-07-09 18:41:39,955 - root - DEBUG - Reading resource 42...
2023-07-09 18:41:39,955 - root - INFO - The image is bme.
2023-07-09 18:41:39,955 - root - INFO - Reading image header(readHeader16E)...
2023-07-09 18:41:39,955 - root - INFO - Image header was read:
2023-07-09 18:41:39,955 - root - INFO - Width: 55, Height: 23, RowLength: 110
2023-07-09 18:41:39,955 - root - INFO - datalength: 1364, _step: 2
2023-07-09 18:41:39,960 - root - INFO - BPP: 16, Transparency: False
2023-07-09 18:41:39,960 - root - INFO - Resource 43 offset: 501805, length: 1820...
2023-07-09 18:41:39,960 - root - DEBUG - Reading resource 43...
2023-07-09 18:41:39,960 - root - INFO - The image is bme.
2023-07-09 18:41:39,960 - root - INFO - Reading image header(readHeader16E)...
2023-07-09 18:41:39,960 - root - INFO - Image header was read:
2023-07-09 18:41:39,960 - root - INFO - Width: 55, Height: 23, RowLength: 110
2023-07-09 18:41:39,960 - root - INFO - datalength: 1804, _step: 2
2023-07-09 18:41:39,960 - root - INFO - BPP: 16, Transparency: False
2023-07-09 18:41:39,966 - root - INFO - Resource 44 offset: 503625, length: 1542...
2023-07-09 18:41:39,966 - root - DEBUG - Reading resource 44...
2023-07-09 18:41:39,966 - root - INFO - The image is bme.
2023-07-09 18:41:39,966 - root - INFO - Reading image header(readHeader16E)...
2023-07-09 18:41:39,966 - root - INFO - Image header was read:
2023-07-09 18:41:39,966 - root - INFO - Width: 55, Height: 23, RowLength: 110
2023-07-09 18:41:39,966 - root - INFO - datalength: 1526, _step: 2
2023-07-09 18:41:39,966 - root - INFO - BPP: 16, Transparency: False
2023-07-09 18:41:39,970 - root - INFO - Resource 45 offset: 505167, length: 1536...
2023-07-09 18:41:39,970 - root - DEBUG - Reading resource 45...
2023-07-09 18:41:39,970 - root - INFO - The image is bme.
2023-07-09 18:41:39,970 - root - INFO - Reading image header(readHeader16E)...
2023-07-09 18:41:39,970 - root - INFO - Image header was read:
2023-07-09 18:41:39,970 - root - INFO - Width: 55, Height: 23, RowLength: 110
2023-07-09 18:41:39,970 - root - INFO - datalength: 1520, _step: 2
2023-07-09 18:41:39,970 - root - INFO - BPP: 16, Transparency: False
2023-07-09 18:41:39,977 - root - INFO - Resource 46 offset: 506703, length: 1612...
2023-07-09 18:41:39,977 - root - DEBUG - Reading resource 46...
2023-07-09 18:41:39,977 - root - INFO - The image is bme.
2023-07-09 18:41:39,977 - root - INFO - Reading image header(readHeader16E)...
2023-07-09 18:41:39,977 - root - INFO - Image header was read:
2023-07-09 18:41:39,977 - root - INFO - Width: 55, Height: 23, RowLength: 110
2023-07-09 18:41:39,977 - root - INFO - datalength: 1596, _step: 2
2023-07-09 18:41:39,977 - root - INFO - BPP: 16, Transparency: False
2023-07-09 18:41:39,982 - root - INFO - Resource 47 offset: 508315, length: 1102...
2023-07-09 18:41:39,982 - root - DEBUG - Reading resource 47...
2023-07-09 18:41:39,982 - root - INFO - The image is bme.
2023-07-09 18:41:39,982 - root - INFO - Reading image header(readHeader16E)...
2023-07-09 18:41:39,982 - root - INFO - Image header was read:
2023-07-09 18:41:39,982 - root - INFO - Width: 49, Height: 24, RowLength: 98
2023-07-09 18:41:39,982 - root - INFO - datalength: 1086, _step: 2
2023-07-09 18:41:39,982 - root - INFO - BPP: 16, Transparency: False
2023-07-09 18:41:39,982 - root - INFO - Resource 48 offset: 509417, length: 1048...
2023-07-09 18:41:39,982 - root - DEBUG - Reading resource 48...
2023-07-09 18:41:39,982 - root - INFO - The image is bme.
2023-07-09 18:41:39,982 - root - INFO - Reading image header(readHeader16E)...
2023-07-09 18:41:39,982 - root - INFO - Image header was read:
2023-07-09 18:41:39,982 - root - INFO - Width: 49, Height: 24, RowLength: 98
2023-07-09 18:41:39,982 - root - INFO - datalength: 1032, _step: 2
2023-07-09 18:41:39,982 - root - INFO - BPP: 16, Transparency: False
2023-07-09 18:41:39,990 - root - INFO - Resource 49 offset: 510465, length: 870...
2023-07-09 18:41:39,990 - root - DEBUG - Reading resource 49...
2023-07-09 18:41:39,990 - root - INFO - The image is bme.
2023-07-09 18:41:39,990 - root - INFO - Reading image header(readHeader16E)...
2023-07-09 18:41:39,990 - root - INFO - Image header was read:
2023-07-09 18:41:39,990 - root - INFO - Width: 49, Height: 24, RowLength: 98
2023-07-09 18:41:39,990 - root - INFO - datalength: 854, _step: 2
2023-07-09 18:41:39,990 - root - INFO - BPP: 16, Transparency: False
2023-07-09 18:41:39,990 - root - INFO - Resource 50 offset: 511335, length: 918...
2023-07-09 18:41:39,990 - root - DEBUG - Reading resource 50...
2023-07-09 18:41:39,990 - root - INFO - The image is bme.
2023-07-09 18:41:39,990 - root - INFO - Reading image header(readHeader16E)...
2023-07-09 18:41:39,990 - root - INFO - Image header was read:
2023-07-09 18:41:39,990 - root - INFO - Width: 49, Height: 24, RowLength: 98
2023-07-09 18:41:39,990 - root - INFO - datalength: 902, _step: 2
2023-07-09 18:41:39,990 - root - INFO - BPP: 16, Transparency: False
2023-07-09 18:41:39,995 - root - INFO - Resource 51 offset: 512253, length: 72...
2023-07-09 18:41:39,995 - root - DEBUG - Reading resource 51...
2023-07-09 18:41:39,995 - root - INFO - The image is bme.
2023-07-09 18:41:39,995 - root - INFO - Reading image header(readHeader16E)...
2023-07-09 18:41:39,995 - root - INFO - Image header was read:
2023-07-09 18:41:39,995 - root - INFO - Width: 15, Height: 23, RowLength: 30
2023-07-09 18:41:39,995 - root - INFO - datalength: 56, _step: 2
2023-07-09 18:41:39,995 - root - INFO - BPP: 16, Transparency: False
2023-07-09 18:41:39,995 - root - INFO - Resource 52 offset: 512325, length: 246...
2023-07-09 18:41:39,998 - root - DEBUG - Reading resource 52...
2023-07-09 18:41:39,998 - root - INFO - The image is bme.
2023-07-09 18:41:39,998 - root - INFO - Reading image header(readHeader16E)...
2023-07-09 18:41:39,998 - root - INFO - Image header was read:
2023-07-09 18:41:39,998 - root - INFO - Width: 14, Height: 23, RowLength: 28
2023-07-09 18:41:39,998 - root - INFO - datalength: 230, _step: 2
2023-07-09 18:41:39,998 - root - INFO - BPP: 16, Transparency: False
2023-07-09 18:41:39,998 - root - INFO - Resource 53 offset: 512571, length: 480...
2023-07-09 18:41:39,998 - root - DEBUG - Reading resource 53...
2023-07-09 18:41:39,998 - root - INFO - The image is bme.
2023-07-09 18:41:39,998 - root - INFO - Reading image header(readHeader16E)...
2023-07-09 18:41:39,998 - root - INFO - Image header was read:
2023-07-09 18:41:39,998 - root - INFO - Width: 30, Height: 17, RowLength: 60
2023-07-09 18:41:40,000 - root - INFO - datalength: 464, _step: 2
2023-07-09 18:41:40,000 - root - INFO - BPP: 16, Transparency: False
2023-07-09 18:41:40,000 - root - INFO - Resource 54 offset: 513051, length: 502...
2023-07-09 18:41:40,000 - root - DEBUG - Reading resource 54...
2023-07-09 18:41:40,000 - root - INFO - The image is bme.
2023-07-09 18:41:40,000 - root - INFO - Reading image header(readHeader16E)...
2023-07-09 18:41:40,000 - root - INFO - Image header was read:
2023-07-09 18:41:40,000 - root - INFO - Width: 30, Height: 17, RowLength: 60
2023-07-09 18:41:40,000 - root - INFO - datalength: 486, _step: 2
2023-07-09 18:41:40,000 - root - INFO - BPP: 16, Transparency: False
2023-07-09 18:41:40,000 - root - INFO - Resource 55 offset: 513553, length: 546...
2023-07-09 18:41:40,000 - root - DEBUG - Reading resource 55...
2023-07-09 18:41:40,000 - root - INFO - The image is bme.
2023-07-09 18:41:40,000 - root - INFO - Reading image header(readHeader16E)...
2023-07-09 18:41:40,000 - root - INFO - Image header was read:
2023-07-09 18:41:40,000 - root - INFO - Width: 30, Height: 17, RowLength: 60
2023-07-09 18:41:40,000 - root - INFO - datalength: 530, _step: 2
2023-07-09 18:41:40,000 - root - INFO - BPP: 16, Transparency: False
2023-07-09 18:41:40,000 - root - INFO - Resource 56 offset: 514099, length: 590...
2023-07-09 18:41:40,000 - root - DEBUG - Reading resource 56...
2023-07-09 18:41:40,000 - root - INFO - The image is bme.
2023-07-09 18:41:40,000 - root - INFO - Reading image header(readHeader16E)...
2023-07-09 18:41:40,000 - root - INFO - Image header was read:
2023-07-09 18:41:40,000 - root - INFO - Width: 30, Height: 17, RowLength: 60
2023-07-09 18:41:40,000 - root - INFO - datalength: 574, _step: 2
2023-07-09 18:41:40,000 - root - INFO - BPP: 16, Transparency: False
2023-07-09 18:41:40,000 - root - INFO - Resource 57 offset: 514689, length: 634...
2023-07-09 18:41:40,000 - root - DEBUG - Reading resource 57...
2023-07-09 18:41:40,000 - root - INFO - The image is bme.
2023-07-09 18:41:40,000 - root - INFO - Reading image header(readHeader16E)...
2023-07-09 18:41:40,000 - root - INFO - Image header was read:
2023-07-09 18:41:40,000 - root - INFO - Width: 30, Height: 17, RowLength: 60
2023-07-09 18:41:40,000 - root - INFO - datalength: 618, _step: 2
2023-07-09 18:41:40,000 - root - INFO - BPP: 16, Transparency: False
2023-07-09 18:41:40,000 - root - INFO - Resource 58 offset: 515323, length: 678...
2023-07-09 18:41:40,010 - root - DEBUG - Reading resource 58...
2023-07-09 18:41:40,010 - root - INFO - The image is bme.
2023-07-09 18:41:40,010 - root - INFO - Reading image header(readHeader16E)...
2023-07-09 18:41:40,010 - root - INFO - Image header was read:
2023-07-09 18:41:40,010 - root - INFO - Width: 30, Height: 17, RowLength: 60
2023-07-09 18:41:40,010 - root - INFO - datalength: 662, _step: 2
2023-07-09 18:41:40,010 - root - INFO - BPP: 16, Transparency: False
2023-07-09 18:41:40,010 - root - INFO - Resource 59 offset: 516001, length: 722...
2023-07-09 18:41:40,010 - root - DEBUG - Reading resource 59...
2023-07-09 18:41:40,010 - root - INFO - The image is bme.
2023-07-09 18:41:40,010 - root - INFO - Reading image header(readHeader16E)...
2023-07-09 18:41:40,010 - root - INFO - Image header was read:
2023-07-09 18:41:40,010 - root - INFO - Width: 31, Height: 17, RowLength: 62
2023-07-09 18:41:40,013 - root - INFO - datalength: 706, _step: 2
2023-07-09 18:41:40,013 - root - INFO - BPP: 16, Transparency: False
2023-07-09 18:41:40,013 - root - INFO - Resource 60 offset: 516723, length: 766...
2023-07-09 18:41:40,013 - root - DEBUG - Reading resource 60...
2023-07-09 18:41:40,013 - root - INFO - The image is bme.
2023-07-09 18:41:40,013 - root - INFO - Reading image header(readHeader16E)...
2023-07-09 18:41:40,013 - root - INFO - Image header was read:
2023-07-09 18:41:40,013 - root - INFO - Width: 31, Height: 17, RowLength: 62
2023-07-09 18:41:40,013 - root - INFO - datalength: 750, _step: 2
2023-07-09 18:41:40,013 - root - INFO - BPP: 16, Transparency: False
2023-07-09 18:41:40,013 - root - INFO - Resource 61 offset: 517489, length: 810...
2023-07-09 18:41:40,013 - root - DEBUG - Reading resource 61...
2023-07-09 18:41:40,013 - root - INFO - The image is bme.
2023-07-09 18:41:40,013 - root - INFO - Reading image header(readHeader16E)...
2023-07-09 18:41:40,013 - root - INFO - Image header was read:
2023-07-09 18:41:40,013 - root - INFO - Width: 31, Height: 17, RowLength: 62
2023-07-09 18:41:40,013 - root - INFO - datalength: 794, _step: 2
2023-07-09 18:41:40,013 - root - INFO - BPP: 16, Transparency: False
2023-07-09 18:41:40,020 - root - INFO - Resource 62 offset: 518299, length: 854...
2023-07-09 18:41:40,020 - root - DEBUG - Reading resource 62...
2023-07-09 18:41:40,020 - root - INFO - The image is bme.
2023-07-09 18:41:40,020 - root - INFO - Reading image header(readHeader16E)...
2023-07-09 18:41:40,020 - root - INFO - Image header was read:
2023-07-09 18:41:40,020 - root - INFO - Width: 31, Height: 17, RowLength: 62
2023-07-09 18:41:40,020 - root - INFO - datalength: 838, _step: 2
2023-07-09 18:41:40,020 - root - INFO - BPP: 16, Transparency: False
2023-07-09 18:41:40,020 - root - INFO - Resource 63 offset: 519153, length: 898...
2023-07-09 18:41:40,020 - root - DEBUG - Reading resource 63...
2023-07-09 18:41:40,020 - root - INFO - The image is bme.
2023-07-09 18:41:40,020 - root - INFO - Reading image header(readHeader16E)...
2023-07-09 18:41:40,020 - root - INFO - Image header was read:
2023-07-09 18:41:40,020 - root - INFO - Width: 31, Height: 17, RowLength: 62
2023-07-09 18:41:40,020 - root - INFO - datalength: 882, _step: 2
2023-07-09 18:41:40,020 - root - INFO - BPP: 16, Transparency: False
2023-07-09 18:41:40,020 - root - INFO - Resource 64 offset: 520051, length: 942...
2023-07-09 18:41:40,020 - root - DEBUG - Reading resource 64...
2023-07-09 18:41:40,020 - root - INFO - The image is bme.
2023-07-09 18:41:40,020 - root - INFO - Reading image header(readHeader16E)...
2023-07-09 18:41:40,020 - root - INFO - Image header was read:
2023-07-09 18:41:40,020 - root - INFO - Width: 31, Height: 17, RowLength: 62
2023-07-09 18:41:40,020 - root - INFO - datalength: 926, _step: 2
2023-07-09 18:41:40,020 - root - INFO - BPP: 16, Transparency: False
2023-07-09 18:41:40,030 - root - DEBUG - Parsing parameters...
2023-07-09 18:41:40,141 - root - DEBUG - 0 Value: None
2023-07-09 18:41:40,141 - root - DEBUG - 0.1 Value: 71
2023-07-09 18:41:40,141 - root - DEBUG - 2 Value: None
2023-07-09 18:41:40,141 - root - DEBUG - 2.1 Value: None
2023-07-09 18:41:40,141 - root - DEBUG - 2.1.1 Value: 0
2023-07-09 18:41:40,141 - root - DEBUG - 2.1.2 Value: 0
2023-07-09 18:41:40,141 - root - DEBUG - 2.1.3 Value: 0
2023-07-09 18:41:40,141 - root - DEBUG - 2.3 Value: None
2023-07-09 18:41:40,141 - root - DEBUG - 2.3.1 Value: 18
2023-07-09 18:41:40,141 - root - DEBUG - 2.3.2 Value: 17
2023-07-09 18:41:40,141 - root - DEBUG - 2.3.3 Value: 2
2023-07-09 18:41:40,141 - root - DEBUG - 2.4 Value: None
2023-07-09 18:41:40,141 - root - DEBUG - 2.4.1 Value: 18
2023-07-09 18:41:40,141 - root - DEBUG - 2.4.2 Value: 17
2023-07-09 18:41:40,141 - root - DEBUG - 2.4.3 Value: 3
2023-07-09 18:41:40,141 - root - DEBUG - 2.5 Value: None
2023-07-09 18:41:40,141 - root - DEBUG - 2.5.1 Value: 18
2023-07-09 18:41:40,141 - root - DEBUG - 2.5.2 Value: 17
2023-07-09 18:41:40,141 - root - DEBUG - 2.5.3 Value: 1
2023-07-09 18:41:40,141 - root - DEBUG - 3 Value: None
2023-07-09 18:41:40,141 - root - DEBUG - 3.1 Value: None
2023-07-09 18:41:40,141 - root - DEBUG - 3.1.1 Value: None
2023-07-09 18:41:40,141 - root - DEBUG - 3.1.1.1 Value: None
2023-07-09 18:41:40,141 - root - DEBUG - 3.1.1.1.1 Value: 38
2023-07-09 18:41:40,141 - root - DEBUG - 3.1.1.1.2 Value: 44
2023-07-09 18:41:40,141 - root - DEBUG - 3.1.1.1.3 Value: 4
2023-07-09 18:41:40,141 - root - DEBUG - 3.1.1.1.4 Value: 10
2023-07-09 18:41:40,141 - root - DEBUG - 3.1.1.2 Value: None
2023-07-09 18:41:40,141 - root - DEBUG - 3.1.1.2.1 Value: 86
2023-07-09 18:41:40,141 - root - DEBUG - 3.1.1.2.2 Value: 44
2023-07-09 18:41:40,141 - root - DEBUG - 3.1.1.2.3 Value: 4
2023-07-09 18:41:40,141 - root - DEBUG - 3.1.1.2.4 Value: 10
2023-07-09 18:41:40,141 - root - DEBUG - 3.1.2 Value: None
2023-07-09 18:41:40,141 - root - DEBUG - 3.1.2.1 Value: None
2023-07-09 18:41:40,141 - root - DEBUG - 3.1.2.1.1 Value: 169
2023-07-09 18:41:40,141 - root - DEBUG - 3.1.2.1.2 Value: 44
2023-07-09 18:41:40,141 - root - DEBUG - 3.1.2.1.3 Value: 4
2023-07-09 18:41:40,141 - root - DEBUG - 3.1.2.1.4 Value: 10
2023-07-09 18:41:40,141 - root - DEBUG - 3.1.2.2 Value: None
2023-07-09 18:41:40,141 - root - DEBUG - 3.1.2.2.1 Value: 217
2023-07-09 18:41:40,141 - root - DEBUG - 3.1.2.2.2 Value: 44
2023-07-09 18:41:40,141 - root - DEBUG - 3.1.2.2.3 Value: 4
2023-07-09 18:41:40,141 - root - DEBUG - 3.1.2.2.4 Value: 10
2023-07-09 18:41:40,141 - root - DEBUG - 3.1.5 Value: None
2023-07-09 18:41:40,150 - root - DEBUG - 3.1.5.1 Value: 134
2023-07-09 18:41:40,150 - root - DEBUG - 3.1.5.2 Value: 44
2023-07-09 18:41:40,150 - root - DEBUG - 3.1.5.3 Value: 14
2023-07-09 18:41:40,150 - root - DEBUG - 3.1.7 Value: 0
2023-07-09 18:41:40,150 - root - DEBUG - 3.1.8 Value: 1
2023-07-09 18:41:40,150 - root - DEBUG - 5 Value: None
2023-07-09 18:41:40,150 - root - DEBUG - 5.1 Value: None
2023-07-09 18:41:40,150 - root - DEBUG - 5.1.2 Value: None
2023-07-09 18:41:40,150 - root - DEBUG - 5.1.2.1 Value: None
2023-07-09 18:41:40,150 - root - DEBUG - 5.1.2.1.1 Value: 112
2023-07-09 18:41:40,150 - root - DEBUG - 5.1.2.1.2 Value: 109
2023-07-09 18:41:40,150 - root - DEBUG - 5.1.2.1.3 Value: 194
2023-07-09 18:41:40,150 - root - DEBUG - 5.1.2.1.4 Value: 132
2023-07-09 18:41:40,150 - root - DEBUG - 5.1.2.1.5 Value: 18
2023-07-09 18:41:40,150 - root - DEBUG - 5.1.2.1.6 Value: 0
2023-07-09 18:41:40,150 - root - DEBUG - 5.1.2.1.7 Value: 0
2023-07-09 18:41:40,150 - root - DEBUG - 5.1.2.1.8 Value: 15
2023-07-09 18:41:40,150 - root - DEBUG - 5.1.2.1.9 Value: 10
2023-07-09 18:41:40,150 - root - DEBUG - 5.1.2.2 Value: 25
2023-07-09 18:41:40,150 - root - DEBUG - 5.1.4 Value: 1
2023-07-09 18:41:40,150 - root - DEBUG - 5.1.5 Value: 1
2023-07-09 18:41:40,150 - root - DEBUG - 5.1.6 Value: 0
2023-07-09 18:41:40,150 - root - DEBUG - 5.2 Value: None
2023-07-09 18:41:40,150 - root - DEBUG - 5.2.1 Value: 210
2023-07-09 18:41:40,150 - root - DEBUG - 5.2.2 Value: 108
2023-07-09 18:41:40,150 - root - DEBUG - 5.2.3 Value: 49
2023-07-09 18:41:40,150 - root - DEBUG - 5.2.4 Value: 50
2023-07-09 18:41:40,150 - root - DEBUG - 5.2.5 Value: 47
2023-07-09 18:41:40,150 - root - DEBUG - 5.2.6 Value: 48
2023-07-09 18:41:40,150 - root - DEBUG - 5.4 Value: None
2023-07-09 18:41:40,150 - root - DEBUG - 5.4.1 Value: 35
2023-07-09 18:41:40,150 - root - DEBUG - 5.4.2 Value: 109
2023-07-09 18:41:40,150 - root - DEBUG - 5.4.3 Value: 26
2023-07-09 18:41:40,150 - root - DEBUG - 5.4.4 Value: 7
2023-07-09 18:41:40,150 - root - DEBUG - 5.5 Value: None
2023-07-09 18:41:40,150 - root - DEBUG - 5.5.1 Value: 35
2023-07-09 18:41:40,150 - root - DEBUG - 5.5.2 Value: 109
2023-07-09 18:41:40,150 - root - DEBUG - 5.5.3 Value: 40
2023-07-09 18:41:40,150 - root - DEBUG - 5.5.4 Value: 7
2023-07-09 18:41:40,150 - root - DEBUG - 5.6 Value: None
2023-07-09 18:41:40,150 - root - DEBUG - 5.6.1 Value: 35
2023-07-09 18:41:40,155 - root - DEBUG - 5.6.2 Value: 109
2023-07-09 18:41:40,155 - root - DEBUG - 5.6.3 Value: 33
2023-07-09 18:41:40,155 - root - DEBUG - 5.6.4 Value: 7
2023-07-09 18:41:40,155 - root - DEBUG - 6 Value: None
2023-07-09 18:41:40,155 - root - DEBUG - 6.2 Value: None
2023-07-09 18:41:40,155 - root - DEBUG - 6.2.1 Value: None
2023-07-09 18:41:40,155 - root - DEBUG - 6.2.1.1 Value: None
2023-07-09 18:41:40,155 - root - DEBUG - 6.2.1.1.1 Value: 17
2023-07-09 18:41:40,155 - root - DEBUG - 6.2.1.1.2 Value: 10
2023-07-09 18:41:40,155 - root - DEBUG - 6.2.1.1.3 Value: 75
2023-07-09 18:41:40,155 - root - DEBUG - 6.2.1.1.4 Value: 33
2023-07-09 18:41:40,155 - root - DEBUG - 6.2.1.1.5 Value: 18
2023-07-09 18:41:40,155 - root - DEBUG - 6.2.1.1.6 Value: 0
2023-07-09 18:41:40,155 - root - DEBUG - 6.2.1.1.7 Value: 0
2023-07-09 18:41:40,155 - root - DEBUG - 6.2.1.1.8 Value: 15
2023-07-09 18:41:40,155 - root - DEBUG - 6.2.1.1.9 Value: 10
2023-07-09 18:41:40,155 - root - DEBUG - 6.2.1.2 Value: 51
2023-07-09 18:41:40,157 - root - DEBUG - 6.2.1.3 Value: 52
2023-07-09 18:41:40,157 - root - DEBUG - 9 Value: None
2023-07-09 18:41:40,157 - root - DEBUG - 9.2 Value: None
2023-07-09 18:41:40,157 - root - DEBUG - 9.2.1 Value: 256
2023-07-09 18:41:40,157 - root - DEBUG - 9.2.2 Value: 16
2023-07-09 18:41:40,157 - root - DEBUG - 9.2.3 Value: 53
2023-07-09 18:41:40,157 - root - DEBUG - 9.2.4 Value: 12
2023-07-09 18:41:40,157 - root - DEBUG - 0-Info
2023-07-09 18:41:40,157 - root - DEBUG - 0.1-DeviceId
2023-07-09 18:41:40,157 - root - DEBUG - 2-Background
2023-07-09 18:41:40,157 - root - DEBUG - 2.1-Image
2023-07-09 18:41:40,157 - root - DEBUG - 2.1.1-X
2023-07-09 18:41:40,157 - root - DEBUG - 2.1.2-Y
2023-07-09 18:41:40,157 - root - DEBUG - 2.1.3-ImageIndex
2023-07-09 18:41:40,157 - root - DEBUG - 2.3-Preview
2023-07-09 18:41:40,157 - root - DEBUG - 2.3.1-X
2023-07-09 18:41:40,157 - root - DEBUG - 2.3.2-Y
2023-07-09 18:41:40,157 - root - DEBUG - 2.3.3-ImageIndex
2023-07-09 18:41:40,160 - root - DEBUG - 2.4-PreviewTradChinese
2023-07-09 18:41:40,160 - root - DEBUG - 2.4.1-X
2023-07-09 18:41:40,160 - root - DEBUG - 2.4.2-Y
2023-07-09 18:41:40,160 - root - DEBUG - 2.4.3-ImageIndex
2023-07-09 18:41:40,160 - root - DEBUG - 2.5-PreviewChinese
2023-07-09 18:41:40,160 - root - DEBUG - 2.5.1-X
2023-07-09 18:41:40,160 - root - DEBUG - 2.5.2-Y
2023-07-09 18:41:40,160 - root - DEBUG - 2.5.3-ImageIndex
2023-07-09 18:41:40,160 - root - DEBUG - 3-TimeExtended
2023-07-09 18:41:40,160 - root - DEBUG - 3.1-TimeSeparateDigits
2023-07-09 18:41:40,160 - root - DEBUG - 3.1.1-Hours
2023-07-09 18:41:40,160 - root - DEBUG - 3.1.1.1-Tens
2023-07-09 18:41:40,160 - root - DEBUG - 3.1.1.1.1-X
2023-07-09 18:41:40,160 - root - DEBUG - 3.1.1.1.2-Y
2023-07-09 18:41:40,160 - root - DEBUG - 3.1.1.1.3-ImageIndex
2023-07-09 18:41:40,160 - root - DEBUG - 3.1.1.1.4-ImagesCount
2023-07-09 18:41:40,160 - root - DEBUG - 3.1.1.2-Ones
2023-07-09 18:41:40,160 - root - DEBUG - 3.1.1.2.1-X
2023-07-09 18:41:40,160 - root - DEBUG - 3.1.1.2.2-Y
2023-07-09 18:41:40,160 - root - DEBUG - 3.1.1.2.3-ImageIndex
2023-07-09 18:41:40,160 - root - DEBUG - 3.1.1.2.4-ImagesCount
2023-07-09 18:41:40,160 - root - DEBUG - 3.1.2-Minutes
2023-07-09 18:41:40,160 - root - DEBUG - 3.1.2.1-Tens
2023-07-09 18:41:40,160 - root - DEBUG - 3.1.2.1.1-X
2023-07-09 18:41:40,160 - root - DEBUG - 3.1.2.1.2-Y
2023-07-09 18:41:40,160 - root - DEBUG - 3.1.2.1.3-ImageIndex
2023-07-09 18:41:40,160 - root - DEBUG - 3.1.2.1.4-ImagesCount
2023-07-09 18:41:40,160 - root - DEBUG - 3.1.2.2-Ones
2023-07-09 18:41:40,160 - root - DEBUG - 3.1.2.2.1-X
2023-07-09 18:41:40,160 - root - DEBUG - 3.1.2.2.2-Y
2023-07-09 18:41:40,160 - root - DEBUG - 3.1.2.2.3-ImageIndex
2023-07-09 18:41:40,160 - root - DEBUG - 3.1.2.2.4-ImagesCount
2023-07-09 18:41:40,160 - root - DEBUG - 3.1.5-SeparatorHours
2023-07-09 18:41:40,160 - root - DEBUG - 3.1.5.1-X
2023-07-09 18:41:40,160 - root - DEBUG - 3.1.5.2-Y
2023-07-09 18:41:40,160 - root - DEBUG - 3.1.5.3-ImageIndex
2023-07-09 18:41:40,160 - root - DEBUG - 3.1.7-UnknowBoolean7
2023-07-09 18:41:40,160 - root - DEBUG - 3.1.8-PaddingZeroMinutes
2023-07-09 18:41:40,160 - root - DEBUG - 5-DateBlock
2023-07-09 18:41:40,160 - root - DEBUG - 5.1-Date
2023-07-09 18:41:40,160 - root - DEBUG - 5.1.2-OneLineMonthAndDay
2023-07-09 18:41:40,160 - root - DEBUG - 5.1.2.1-Number
2023-07-09 18:41:40,160 - root - DEBUG - 5.1.2.1.1-TopLeftX
2023-07-09 18:41:40,160 - root - DEBUG - 5.1.2.1.2-TopLeftY
2023-07-09 18:41:40,160 - root - DEBUG - 5.1.2.1.3-BottomRightX
2023-07-09 18:41:40,160 - root - DEBUG - 5.1.2.1.4-BottomRightY
2023-07-09 18:41:40,160 - root - DEBUG - 5.1.2.1.5-Alignment
2023-07-09 18:41:40,160 - root - DEBUG - 5.1.2.1.6-Spacing
2023-07-09 18:41:40,160 - root - DEBUG - 5.1.2.1.7-VerticalOffset
2023-07-09 18:41:40,160 - root - DEBUG - 5.1.2.1.8-ImageIndex
2023-07-09 18:41:40,160 - root - DEBUG - 5.1.2.1.9-ImagesCount
2023-07-09 18:41:40,160 - root - DEBUG - 5.1.2.2-DelimiterImageIndex
2023-07-09 18:41:40,160 - root - DEBUG - 5.1.4-PaddingZeroMonth
2023-07-09 18:41:40,160 - root - DEBUG - 5.1.5-PaddingZeroDay
2023-07-09 18:41:40,160 - root - DEBUG - 5.1.6-UnknownBoolean6
2023-07-09 18:41:40,160 - root - DEBUG - 5.2-AmPm
2023-07-09 18:41:40,170 - root - DEBUG - 5.2.1-CommonX
2023-07-09 18:41:40,170 - root - DEBUG - 5.2.2-CommonY
2023-07-09 18:41:40,170 - root - DEBUG - 5.2.3-ImageIndexAMCN
2023-07-09 18:41:40,170 - root - DEBUG - 5.2.4-ImageIndexPMCN
2023-07-09 18:41:40,170 - root - DEBUG - 5.2.5-AmImageIndexEN
2023-07-09 18:41:40,170 - root - DEBUG - 5.2.6-PmImageIndexEN
2023-07-09 18:41:40,170 - root - DEBUG - 5.4-Weekday
2023-07-09 18:41:40,170 - root - DEBUG - 5.4.1-X
2023-07-09 18:41:40,170 - root - DEBUG - 5.4.2-Y
2023-07-09 18:41:40,170 - root - DEBUG - 5.4.3-ImageIndex
2023-07-09 18:41:40,170 - root - DEBUG - 5.4.4-ImagesCount
2023-07-09 18:41:40,170 - root - DEBUG - 5.5-WeekdayChinese
2023-07-09 18:41:40,170 - root - DEBUG - 5.5.1-X
2023-07-09 18:41:40,170 - root - DEBUG - 5.5.2-Y
2023-07-09 18:41:40,173 - root - DEBUG - 5.5.3-ImageIndex
2023-07-09 18:41:40,173 - root - DEBUG - 5.5.4-ImagesCount
2023-07-09 18:41:40,173 - root - DEBUG - 5.6-WeekdayTradChinese
2023-07-09 18:41:40,173 - root - DEBUG - 5.6.1-X
2023-07-09 18:41:40,173 - root - DEBUG - 5.6.2-Y
2023-07-09 18:41:40,173 - root - DEBUG - 5.6.3-ImageIndex
2023-07-09 18:41:40,173 - root - DEBUG - 5.6.4-ImagesCount
2023-07-09 18:41:40,173 - root - DEBUG - 6-Weather
2023-07-09 18:41:40,173 - root - DEBUG - 6.2-Temperature
2023-07-09 18:41:40,173 - root - DEBUG - 6.2.1-Current
2023-07-09 18:41:40,173 - root - DEBUG - 6.2.1.1-ImageNumber
2023-07-09 18:41:40,173 - root - DEBUG - 6.2.1.1.1-TopLeftX
2023-07-09 18:41:40,173 - root - DEBUG - 6.2.1.1.2-TopLeftY
2023-07-09 18:41:40,173 - root - DEBUG - 6.2.1.1.3-BottomRightX
2023-07-09 18:41:40,173 - root - DEBUG - 6.2.1.1.4-BottomRightY
2023-07-09 18:41:40,173 - root - DEBUG - 6.2.1.1.5-Alignment
2023-07-09 18:41:40,173 - root - DEBUG - 6.2.1.1.6-Spacing
2023-07-09 18:41:40,173 - root - DEBUG - 6.2.1.1.7-VerticalOffset
2023-07-09 18:41:40,173 - root - DEBUG - 6.2.1.1.8-ImageIndex
2023-07-09 18:41:40,173 - root - DEBUG - 6.2.1.1.9-ImagesCount
2023-07-09 18:41:40,173 - root - DEBUG - 6.2.1.2-MinusImageIndex
2023-07-09 18:41:40,173 - root - DEBUG - 6.2.1.3-SuffixImageIndexC
2023-07-09 18:41:40,173 - root - DEBUG - 9-Battery
2023-07-09 18:41:40,173 - root - DEBUG - 9.2-ImageProgress
2023-07-09 18:41:40,173 - root - DEBUG - 9.2.1-X
2023-07-09 18:41:40,173 - root - DEBUG - 9.2.2-Y
2023-07-09 18:41:40,173 - root - DEBUG - 9.2.3-ImageIndex
2023-07-09 18:41:40,178 - root - DEBUG - 9.2.4-ImagesCount
2023-07-09 18:41:40,178 - root - DEBUG - generatePreviews
2023-07-09 18:41:40,178 - root - DEBUG - Generating previews...
2023-07-09 18:41:40,180 - root - DEBUG - Generating states done...
2023-07-09 18:41:40,190 - root - DEBUG - >>>>>>>>>>>> 0 <watchFaceParser.models.parameter.Parameter object at 0x0000015C5173E5B0>
2023-07-09 18:41:40,190 - root - DEBUG - >>>>>>>>>>>> 2 <watchFaceParser.models.parameter.Parameter object at 0x0000015C51739340>
2023-07-09 18:41:40,200 - root - DEBUG - >>>>>>>>>>>> 3 <watchFaceParser.models.parameter.Parameter object at 0x0000015C51739520>
2023-07-09 18:41:40,210 - root - DEBUG - >>>>>>>>>>>> 5 <watchFaceParser.models.parameter.Parameter object at 0x0000015C5173BA30>
2023-07-09 18:41:40,220 - root - DEBUG - >>>>>>>>>>>> 6 <watchFaceParser.models.parameter.Parameter object at 0x0000015C5173C2B0>
2023-07-09 18:41:40,230 - root - DEBUG - >>>>>>>>>>>> 9 <watchFaceParser.models.parameter.Parameter object at 0x0000015C5173E310>
2023-07-09 18:41:40,240 - root - DEBUG - Generating static preview gen done...
2023-07-09 18:41:40,340 - root - DEBUG - Generating static preview save done...
2023-07-09 18:41:40,340 - root - DEBUG - Generating anim preview gen done...
2023-07-09 18:41:40,340 - root - DEBUG - >>>>>>>>>>>> 0 <watchFaceParser.models.parameter.Parameter object at 0x0000015C5173E5B0>
2023-07-09 18:41:40,340 - root - DEBUG - >>>>>>>>>>>> 2 <watchFaceParser.models.parameter.Parameter object at 0x0000015C51739340>
2023-07-09 18:41:40,340 - root - DEBUG - >>>>>>>>>>>> 3 <watchFaceParser.models.parameter.Parameter object at 0x0000015C51739520>
2023-07-09 18:41:40,340 - root - DEBUG - >>>>>>>>>>>> 5 <watchFaceParser.models.parameter.Parameter object at 0x0000015C5173BA30>
2023-07-09 18:41:40,340 - root - DEBUG - >>>>>>>>>>>> 6 <watchFaceParser.models.parameter.Parameter object at 0x0000015C5173C2B0>
2023-07-09 18:41:40,340 - root - DEBUG - >>>>>>>>>>>> 9 <watchFaceParser.models.parameter.Parameter object at 0x0000015C5173E310>
2023-07-09 18:41:40,490 - root - DEBUG - generatePreviews done
2023-07-09 18:41:40,490 - root - DEBUG - Exporting resources to 'E:\Codez\zepp-bipupro-wf\7172ce4630f7905b76a089f9d0fcf396'
2023-07-09 18:41:40,497 - root - DEBUG - extracting E:\Codez\zepp-bipupro-wf\7172ce4630f7905b76a089f9d0fcf396\0000.png...
2023-07-09 18:41:40,520 - root - DEBUG - extracting E:\Codez\zepp-bipupro-wf\7172ce4630f7905b76a089f9d0fcf396\0001.png...
2023-07-09 18:41:40,545 - root - DEBUG - extracting E:\Codez\zepp-bipupro-wf\7172ce4630f7905b76a089f9d0fcf396\0002.png...
2023-07-09 18:41:40,560 - root - DEBUG - extracting E:\Codez\zepp-bipupro-wf\7172ce4630f7905b76a089f9d0fcf396\0003.png...
2023-07-09 18:41:40,580 - root - DEBUG - extracting E:\Codez\zepp-bipupro-wf\7172ce4630f7905b76a089f9d0fcf396\0004.png...
2023-07-09 18:41:40,580 - root - DEBUG - extracting E:\Codez\zepp-bipupro-wf\7172ce4630f7905b76a089f9d0fcf396\0005.png...
2023-07-09 18:41:40,580 - root - DEBUG - extracting E:\Codez\zepp-bipupro-wf\7172ce4630f7905b76a089f9d0fcf396\0006.png...
2023-07-09 18:41:40,580 - root - DEBUG - extracting E:\Codez\zepp-bipupro-wf\7172ce4630f7905b76a089f9d0fcf396\0007.png...
2023-07-09 18:41:40,585 - root - DEBUG - extracting E:\Codez\zepp-bipupro-wf\7172ce4630f7905b76a089f9d0fcf396\0008.png...
2023-07-09 18:41:40,585 - root - DEBUG - extracting E:\Codez\zepp-bipupro-wf\7172ce4630f7905b76a089f9d0fcf396\0009.png...
2023-07-09 18:41:40,585 - root - DEBUG - extracting E:\Codez\zepp-bipupro-wf\7172ce4630f7905b76a089f9d0fcf396\0010.png...
2023-07-09 18:41:40,590 - root - DEBUG - extracting E:\Codez\zepp-bipupro-wf\7172ce4630f7905b76a089f9d0fcf396\0011.png...
2023-07-09 18:41:40,592 - root - DEBUG - extracting E:\Codez\zepp-bipupro-wf\7172ce4630f7905b76a089f9d0fcf396\0012.png...
2023-07-09 18:41:40,592 - root - DEBUG - extracting E:\Codez\zepp-bipupro-wf\7172ce4630f7905b76a089f9d0fcf396\0013.png...
2023-07-09 18:41:40,592 - root - DEBUG - extracting E:\Codez\zepp-bipupro-wf\7172ce4630f7905b76a089f9d0fcf396\0014.png...
2023-07-09 18:41:40,592 - root - DEBUG - extracting E:\Codez\zepp-bipupro-wf\7172ce4630f7905b76a089f9d0fcf396\0015.png...
2023-07-09 18:41:40,592 - root - DEBUG - extracting E:\Codez\zepp-bipupro-wf\7172ce4630f7905b76a089f9d0fcf396\0016.png...
2023-07-09 18:41:40,592 - root - DEBUG - extracting E:\Codez\zepp-bipupro-wf\7172ce4630f7905b76a089f9d0fcf396\0017.png...
2023-07-09 18:41:40,600 - root - DEBUG - extracting E:\Codez\zepp-bipupro-wf\7172ce4630f7905b76a089f9d0fcf396\0018.png...
2023-07-09 18:41:40,600 - root - DEBUG - extracting E:\Codez\zepp-bipupro-wf\7172ce4630f7905b76a089f9d0fcf396\0019.png...
2023-07-09 18:41:40,600 - root - DEBUG - extracting E:\Codez\zepp-bipupro-wf\7172ce4630f7905b76a089f9d0fcf396\0020.png...
2023-07-09 18:41:40,600 - root - DEBUG - extracting E:\Codez\zepp-bipupro-wf\7172ce4630f7905b76a089f9d0fcf396\0021.png...
2023-07-09 18:41:40,600 - root - DEBUG - extracting E:\Codez\zepp-bipupro-wf\7172ce4630f7905b76a089f9d0fcf396\0022.png...
2023-07-09 18:41:40,600 - root - DEBUG - extracting E:\Codez\zepp-bipupro-wf\7172ce4630f7905b76a089f9d0fcf396\0023.png...
2023-07-09 18:41:40,608 - root - DEBUG - extracting E:\Codez\zepp-bipupro-wf\7172ce4630f7905b76a089f9d0fcf396\0024.png...
2023-07-09 18:41:40,608 - root - DEBUG - extracting E:\Codez\zepp-bipupro-wf\7172ce4630f7905b76a089f9d0fcf396\0025.png...
2023-07-09 18:41:40,610 - root - DEBUG - extracting E:\Codez\zepp-bipupro-wf\7172ce4630f7905b76a089f9d0fcf396\0026.png...
2023-07-09 18:41:40,610 - root - DEBUG - extracting E:\Codez\zepp-bipupro-wf\7172ce4630f7905b76a089f9d0fcf396\0027.png...
2023-07-09 18:41:40,610 - root - DEBUG - extracting E:\Codez\zepp-bipupro-wf\7172ce4630f7905b76a089f9d0fcf396\0028.png...
2023-07-09 18:41:40,610 - root - DEBUG - extracting E:\Codez\zepp-bipupro-wf\7172ce4630f7905b76a089f9d0fcf396\0029.png...
2023-07-09 18:41:40,610 - root - DEBUG - extracting E:\Codez\zepp-bipupro-wf\7172ce4630f7905b76a089f9d0fcf396\0030.png...
2023-07-09 18:41:40,610 - root - DEBUG - extracting E:\Codez\zepp-bipupro-wf\7172ce4630f7905b76a089f9d0fcf396\0031.png...
2023-07-09 18:41:40,610 - root - DEBUG - extracting E:\Codez\zepp-bipupro-wf\7172ce4630f7905b76a089f9d0fcf396\0032.png...
2023-07-09 18:41:40,620 - root - DEBUG - extracting E:\Codez\zepp-bipupro-wf\7172ce4630f7905b76a089f9d0fcf396\0033.png...
2023-07-09 18:41:40,620 - root - DEBUG - extracting E:\Codez\zepp-bipupro-wf\7172ce4630f7905b76a089f9d0fcf396\0034.png...
2023-07-09 18:41:40,620 - root - DEBUG - extracting E:\Codez\zepp-bipupro-wf\7172ce4630f7905b76a089f9d0fcf396\0035.png...
2023-07-09 18:41:40,623 - root - DEBUG - extracting E:\Codez\zepp-bipupro-wf\7172ce4630f7905b76a089f9d0fcf396\0036.png...
2023-07-09 18:41:40,623 - root - DEBUG - extracting E:\Codez\zepp-bipupro-wf\7172ce4630f7905b76a089f9d0fcf396\0037.png...
2023-07-09 18:41:40,623 - root - DEBUG - extracting E:\Codez\zepp-bipupro-wf\7172ce4630f7905b76a089f9d0fcf396\0038.png...
2023-07-09 18:41:40,623 - root - DEBUG - extracting E:\Codez\zepp-bipupro-wf\7172ce4630f7905b76a089f9d0fcf396\0039.png...
2023-07-09 18:41:40,630 - root - DEBUG - extracting E:\Codez\zepp-bipupro-wf\7172ce4630f7905b76a089f9d0fcf396\0040.png...
2023-07-09 18:41:40,630 - root - DEBUG - extracting E:\Codez\zepp-bipupro-wf\7172ce4630f7905b76a089f9d0fcf396\0041.png...
2023-07-09 18:41:40,630 - root - DEBUG - extracting E:\Codez\zepp-bipupro-wf\7172ce4630f7905b76a089f9d0fcf396\0042.png...
2023-07-09 18:41:40,630 - root - DEBUG - extracting E:\Codez\zepp-bipupro-wf\7172ce4630f7905b76a089f9d0fcf396\0043.png...
2023-07-09 18:41:40,630 - root - DEBUG - extracting E:\Codez\zepp-bipupro-wf\7172ce4630f7905b76a089f9d0fcf396\0044.png...
2023-07-09 18:41:40,630 - root - DEBUG - extracting E:\Codez\zepp-bipupro-wf\7172ce4630f7905b76a089f9d0fcf396\0045.png...
2023-07-09 18:41:40,630 - root - DEBUG - extracting E:\Codez\zepp-bipupro-wf\7172ce4630f7905b76a089f9d0fcf396\0046.png...
2023-07-09 18:41:40,640 - root - DEBUG - extracting E:\Codez\zepp-bipupro-wf\7172ce4630f7905b76a089f9d0fcf396\0047.png...
2023-07-09 18:41:40,640 - root - DEBUG - extracting E:\Codez\zepp-bipupro-wf\7172ce4630f7905b76a089f9d0fcf396\0048.png...
2023-07-09 18:41:40,640 - root - DEBUG - extracting E:\Codez\zepp-bipupro-wf\7172ce4630f7905b76a089f9d0fcf396\0049.png...
2023-07-09 18:41:40,640 - root - DEBUG - extracting E:\Codez\zepp-bipupro-wf\7172ce4630f7905b76a089f9d0fcf396\0050.png...
2023-07-09 18:41:40,645 - root - DEBUG - extracting E:\Codez\zepp-bipupro-wf\7172ce4630f7905b76a089f9d0fcf396\0051.png...
2023-07-09 18:41:40,645 - root - DEBUG - extracting E:\Codez\zepp-bipupro-wf\7172ce4630f7905b76a089f9d0fcf396\0052.png...
2023-07-09 18:41:40,645 - root - DEBUG - extracting E:\Codez\zepp-bipupro-wf\7172ce4630f7905b76a089f9d0fcf396\0053.png...
2023-07-09 18:41:40,645 - root - DEBUG - extracting E:\Codez\zepp-bipupro-wf\7172ce4630f7905b76a089f9d0fcf396\0054.png...
2023-07-09 18:41:40,650 - root - DEBUG - extracting E:\Codez\zepp-bipupro-wf\7172ce4630f7905b76a089f9d0fcf396\0055.png...
2023-07-09 18:41:40,650 - root - DEBUG - extracting E:\Codez\zepp-bipupro-wf\7172ce4630f7905b76a089f9d0fcf396\0056.png...
2023-07-09 18:41:40,650 - root - DEBUG - extracting E:\Codez\zepp-bipupro-wf\7172ce4630f7905b76a089f9d0fcf396\0057.png...
2023-07-09 18:41:40,650 - root - DEBUG - extracting E:\Codez\zepp-bipupro-wf\7172ce4630f7905b76a089f9d0fcf396\0058.png...
2023-07-09 18:41:40,650 - root - DEBUG - extracting E:\Codez\zepp-bipupro-wf\7172ce4630f7905b76a089f9d0fcf396\0059.png...
2023-07-09 18:41:40,655 - root - DEBUG - extracting E:\Codez\zepp-bipupro-wf\7172ce4630f7905b76a089f9d0fcf396\0060.png...
2023-07-09 18:41:40,655 - root - DEBUG - extracting E:\Codez\zepp-bipupro-wf\7172ce4630f7905b76a089f9d0fcf396\0061.png...
2023-07-09 18:41:40,655 - root - DEBUG - extracting E:\Codez\zepp-bipupro-wf\7172ce4630f7905b76a089f9d0fcf396\0062.png...
2023-07-09 18:41:40,655 - root - DEBUG - extracting E:\Codez\zepp-bipupro-wf\7172ce4630f7905b76a089f9d0fcf396\0063.png...
2023-07-09 18:41:40,655 - root - DEBUG - extracting E:\Codez\zepp-bipupro-wf\7172ce4630f7905b76a089f9d0fcf396\0064.png...
2023-07-09 18:41:40,660 - root - DEBUG - Exporting config...
