2023-07-09 18:40:58,766 - root - DEBUG - Opening watch face 'E:\Codez\zepp-bipupro-wf\4d76bbd12ddc8ff4d80179cbb6d09c38.bin'
2023-07-09 18:40:58,777 - root - DEBUG - Reading parameters...
2023-07-09 18:40:58,777 - root - INFO - Reading header...
2023-07-09 18:40:58,779 - root - INFO - Header was read:
2023-07-09 18:40:58,779 - root - INFO - Signature: b'UIHH\x01\x00\xff', Unknown: 78, ParametersSize: 32, isValid: True, deviceId: 71
2023-07-09 18:40:58,779 - root - INFO - Reading parameter offsets...
2023-07-09 18:40:58,779 - root - INFO - Parameter offsets were read from file
2023-07-09 18:40:58,779 - root - INFO - Reading parameters descriptor...
2023-07-09 18:40:58,779 - root - INFO - 1 ( A): 5 bytes
2023-07-09 18:40:58,779 - root - INFO -     1 ( 8): 189 BD
2023-07-09 18:40:58,780 - root - INFO -     2 (10): 42 2A
2023-07-09 18:40:58,780 - root - INFO - getParameters descriptor was read:
2023-07-09 18:40:58,780 - root - INFO - ParametersTableLength: 189, ImagesCount: 42
2023-07-09 18:40:58,780 - root - INFO - Reading parameters locations...
2023-07-09 18:40:58,780 - root - INFO - 2 (12): 4 bytes
2023-07-09 18:40:58,781 - root - INFO -     1 ( 8): 0  0
2023-07-09 18:40:58,781 - root - INFO -     2 (10): 32 20
2023-07-09 18:40:58,781 - root - INFO - 3 (1A): 4 bytes
2023-07-09 18:40:58,781 - root - INFO -     1 ( 8): 32 20
2023-07-09 18:40:58,781 - root - INFO -     2 (10): 51 33
2023-07-09 18:40:58,781 - root - INFO - 4 (22): 5 bytes
2023-07-09 18:40:58,781 - root - INFO -     1 ( 8): 161 A1
2023-07-09 18:40:58,782 - root - INFO -     2 (10): 28 1C
2023-07-09 18:40:58,782 - root - INFO - 5 (2A): 4 bytes
2023-07-09 18:40:58,782 - root - INFO -     1 ( 8): 83 53
2023-07-09 18:40:58,782 - root - INFO -     2 (10): 78 4E
2023-07-09 18:40:58,782 - root - INFO - Watch face parameters locations were read:
2023-07-09 18:40:58,783 - root - INFO - Reading descriptor for parameter 2
2023-07-09 18:40:58,783 - root - INFO - Descriptor offset: 0, Descriptor length: 32
2023-07-09 18:40:58,783 - root - INFO - Parsing descriptor for parameter 2...
2023-07-09 18:40:58,783 - root - INFO - 1 ( A): 6 bytes
2023-07-09 18:40:58,784 - root - INFO -     1 ( 8): 0  0
2023-07-09 18:40:58,784 - root - INFO -     2 (10): 0  0
2023-07-09 18:40:58,784 - root - INFO -     3 (18): 2  2
2023-07-09 18:40:58,784 - root - INFO - 3 (1A): 6 bytes
2023-07-09 18:40:58,785 - root - INFO -     1 ( 8): 0  0
2023-07-09 18:40:58,785 - root - INFO -     2 (10): 0  0
2023-07-09 18:40:58,785 - root - INFO -     3 (18): 1  1
2023-07-09 18:40:58,785 - root - INFO - 4 (22): 6 bytes
2023-07-09 18:40:58,785 - root - INFO -     1 ( 8): 0  0
2023-07-09 18:40:58,785 - root - INFO -     2 (10): 0  0
2023-07-09 18:40:58,786 - root - INFO -     3 (18): 0  0
2023-07-09 18:40:58,786 - root - INFO - 5 (2A): 6 bytes
2023-07-09 18:40:58,786 - root - INFO -     1 ( 8): 0  0
2023-07-09 18:40:58,786 - root - INFO -     2 (10): 0  0
2023-07-09 18:40:58,786 - root - INFO -     3 (18): 0  0
2023-07-09 18:40:58,787 - root - INFO - Reading descriptor for parameter 3
2023-07-09 18:40:58,787 - root - INFO - Descriptor offset: 32, Descriptor length: 51
2023-07-09 18:40:58,787 - root - INFO - Parsing descriptor for parameter 3...
2023-07-09 18:40:58,787 - root - INFO - 1 ( A): 49 bytes
2023-07-09 18:40:58,787 - root - INFO -     1 ( A): 20 bytes
2023-07-09 18:40:58,787 - root - INFO -         1 ( A): 8 bytes
2023-07-09 18:40:58,787 - root - INFO -             1 ( 8): 25 19
2023-07-09 18:40:58,788 - root - INFO -             2 (10): 23 17
2023-07-09 18:40:58,788 - root - INFO -             3 (18): 3  3
2023-07-09 18:40:58,788 - root - INFO -             4 (20): 10  A
2023-07-09 18:40:58,788 - root - INFO -         2 (12): 8 bytes
2023-07-09 18:40:58,788 - root - INFO -             1 ( 8): 58 3A
2023-07-09 18:40:58,788 - root - INFO -             2 (10): 23 17
2023-07-09 18:40:58,788 - root - INFO -             3 (18): 3  3
2023-07-09 18:40:58,789 - root - INFO -             4 (20): 10  A
2023-07-09 18:40:58,789 - root - INFO -     2 (12): 21 bytes
2023-07-09 18:40:58,789 - root - INFO -         1 ( A): 8 bytes
2023-07-09 18:40:58,789 - root - INFO -             1 ( 8): 115 73
2023-07-09 18:40:58,789 - root - INFO -             2 (10): 23 17
2023-07-09 18:40:58,789 - root - INFO -             3 (18): 3  3
2023-07-09 18:40:58,789 - root - INFO -             4 (20): 10  A
2023-07-09 18:40:58,789 - root - INFO -         2 (12): 9 bytes
2023-07-09 18:40:58,789 - root - INFO -             1 ( 8): 148 94
2023-07-09 18:40:58,789 - root - INFO -             2 (10): 23 17
2023-07-09 18:40:58,790 - root - INFO -             3 (18): 3  3
2023-07-09 18:40:58,790 - root - INFO -             4 (20): 10  A
2023-07-09 18:40:58,790 - root - INFO -     7 (38): 0  0
2023-07-09 18:40:58,790 - root - INFO -     8 (40): 1  1
2023-07-09 18:40:58,791 - root - INFO - Reading descriptor for parameter 4
2023-07-09 18:40:58,791 - root - INFO - Descriptor offset: 161, Descriptor length: 28
2023-07-09 18:40:58,791 - root - INFO - Parsing descriptor for parameter 4...
2023-07-09 18:40:58,791 - root - INFO - 1 ( A): 24 bytes
2023-07-09 18:40:58,791 - root - INFO -     1 ( A): 22 bytes
2023-07-09 18:40:58,791 - root - INFO -         1 ( 8): 212 D4
2023-07-09 18:40:58,791 - root - INFO -         2 (10): 278 116
2023-07-09 18:40:58,791 - root - INFO -         3 (18): 300 12C
2023-07-09 18:40:58,792 - root - INFO -         4 (20): 306 132
2023-07-09 18:40:58,792 - root - INFO -         5 (28): 18 12
2023-07-09 18:40:58,792 - root - INFO -         6 (30): 0  0
2023-07-09 18:40:58,792 - root - INFO -         7 (38): 0  0
2023-07-09 18:40:58,792 - root - INFO -         8 (40): 13  D
2023-07-09 18:40:58,792 - root - INFO -         9 (48): 10  A
2023-07-09 18:40:58,792 - root - INFO - 7 (38): 0  0
2023-07-09 18:40:58,793 - root - INFO - Reading descriptor for parameter 5
2023-07-09 18:40:58,793 - root - INFO - Descriptor offset: 83, Descriptor length: 78
2023-07-09 18:40:58,793 - root - INFO - Parsing descriptor for parameter 5...
2023-07-09 18:40:58,793 - root - INFO - 1 ( A): 31 bytes
2023-07-09 18:40:58,793 - root - INFO -     2 (12): 23 bytes
2023-07-09 18:40:58,794 - root - INFO -         1 ( A): 19 bytes
2023-07-09 18:40:58,794 - root - INFO -             1 ( 8): 99 63
2023-07-09 18:40:58,794 - root - INFO -             2 (10): 80 50
2023-07-09 18:40:58,794 - root - INFO -             3 (18): 179 B3
2023-07-09 18:40:58,794 - root - INFO -             4 (20): 108 6C
2023-07-09 18:40:58,794 - root - INFO -             5 (28): 18 12
2023-07-09 18:40:58,794 - root - INFO -             6 (30): 0  0
2023-07-09 18:40:58,795 - root - INFO -             7 (38): 0  0
2023-07-09 18:40:58,795 - root - INFO -             8 (40): 13  D
2023-07-09 18:40:58,795 - root - INFO -             9 (48): 10  A
2023-07-09 18:40:58,795 - root - INFO -         2 (10): 23 17
2023-07-09 18:40:58,795 - root - INFO -     4 (20): 1  1
2023-07-09 18:40:58,795 - root - INFO -     5 (28): 1  1
2023-07-09 18:40:58,795 - root - INFO -     6 (30): 0  0
2023-07-09 18:40:58,796 - root - INFO - 2 (12): 13 bytes
2023-07-09 18:40:58,796 - root - INFO -     1 ( 8): 184 B8
2023-07-09 18:40:58,796 - root - INFO -     2 (10): 23 17
2023-07-09 18:40:58,796 - root - INFO -     3 (18): 38 26
2023-07-09 18:40:58,796 - root - INFO -     4 (20): 39 27
2023-07-09 18:40:58,796 - root - INFO -     5 (28): 40 28
2023-07-09 18:40:58,797 - root - INFO -     6 (30): 41 29
2023-07-09 18:40:58,797 - root - INFO - 4 (22): 8 bytes
2023-07-09 18:40:58,797 - root - INFO -     1 ( 8): 26 1A
2023-07-09 18:40:58,797 - root - INFO -     2 (10): 80 50
2023-07-09 18:40:58,797 - root - INFO -     3 (18): 24 18
2023-07-09 18:40:58,797 - root - INFO -     4 (20): 7  7
2023-07-09 18:40:58,797 - root - INFO - 5 (2A): 8 bytes
2023-07-09 18:40:58,797 - root - INFO -     1 ( 8): 26 1A
2023-07-09 18:40:58,797 - root - INFO -     2 (10): 80 50
2023-07-09 18:40:58,797 - root - INFO -     3 (18): 31 1F
2023-07-09 18:40:58,797 - root - INFO -     4 (20): 7  7
2023-07-09 18:40:58,799 - root - INFO - 6 (32): 8 bytes
2023-07-09 18:40:58,799 - root - INFO -     1 ( 8): 26 1A
2023-07-09 18:40:58,799 - root - INFO -     2 (10): 80 50
2023-07-09 18:40:58,799 - root - INFO -     3 (18): 31 1F
2023-07-09 18:40:58,799 - root - INFO -     4 (20): 7  7
2023-07-09 18:40:58,805 - root - INFO - Reading resources offsets table with 42 elements (168 bytes)
2023-07-09 18:40:58,805 - root - INFO - Resource 0 offset: 476, length: 86572...
2023-07-09 18:40:58,805 - root - DEBUG - Reading resource 0...
2023-07-09 18:40:58,862 - root - INFO - The image is bme.
2023-07-09 18:40:58,863 - root - INFO - Reading image header(readHeader16E)...
2023-07-09 18:40:58,863 - root - INFO - Image header was read:
2023-07-09 18:40:58,863 - root - INFO - Width: 202, Height: 214, RowLength: 404
2023-07-09 18:40:58,863 - root - INFO - datalength: 86556, _step: 2
2023-07-09 18:40:58,863 - root - INFO - BPP: 16, Transparency: False
2023-07-09 18:40:59,163 - root - INFO - Resource 1 offset: 87048, length: 86572...
2023-07-09 18:40:59,163 - root - DEBUG - Reading resource 1...
2023-07-09 18:40:59,163 - root - INFO - The image is bme.
2023-07-09 18:40:59,163 - root - INFO - Reading image header(readHeader16E)...
2023-07-09 18:40:59,163 - root - INFO - Image header was read:
2023-07-09 18:40:59,163 - root - INFO - Width: 202, Height: 214, RowLength: 404
2023-07-09 18:40:59,164 - root - INFO - datalength: 86556, _step: 2
2023-07-09 18:40:59,164 - root - INFO - BPP: 16, Transparency: False
2023-07-09 18:40:59,559 - root - INFO - Resource 2 offset: 173620, length: 192288...
2023-07-09 18:40:59,559 - root - DEBUG - Reading resource 2...
2023-07-09 18:40:59,559 - root - INFO - The image is bme.
2023-07-09 18:40:59,559 - root - INFO - Reading image header(readHeader16E)...
2023-07-09 18:40:59,559 - root - INFO - Image header was read:
2023-07-09 18:40:59,559 - root - INFO - Width: 302, Height: 320, RowLength: 604
2023-07-09 18:40:59,559 - root - INFO - datalength: 192272, _step: 2
2023-07-09 18:40:59,559 - root - INFO - BPP: 16, Transparency: False
2023-07-09 18:41:00,209 - root - INFO - Resource 3 offset: 365908, length: 3622...
2023-07-09 18:41:00,209 - root - DEBUG - Reading resource 3...
2023-07-09 18:41:00,209 - root - INFO - The image is bme.
2023-07-09 18:41:00,209 - root - INFO - Reading image header(readHeader16E)...
2023-07-09 18:41:00,214 - root - INFO - Image header was read:
2023-07-09 18:41:00,214 - root - INFO - Width: 34, Height: 54, RowLength: 68
2023-07-09 18:41:00,214 - root - INFO - datalength: 3606, _step: 2
2023-07-09 18:41:00,214 - root - INFO - BPP: 16, Transparency: False
2023-07-09 18:41:00,224 - root - INFO - Resource 4 offset: 369530, length: 2272...
2023-07-09 18:41:00,224 - root - DEBUG - Reading resource 4...
2023-07-09 18:41:00,224 - root - INFO - The image is bme.
2023-07-09 18:41:00,224 - root - INFO - Reading image header(readHeader16E)...
2023-07-09 18:41:00,224 - root - INFO - Image header was read:
2023-07-09 18:41:00,224 - root - INFO - Width: 34, Height: 54, RowLength: 68
2023-07-09 18:41:00,224 - root - INFO - datalength: 2256, _step: 2
2023-07-09 18:41:00,224 - root - INFO - BPP: 16, Transparency: False
2023-07-09 18:41:00,229 - root - INFO - Resource 5 offset: 371802, length: 2934...
2023-07-09 18:41:00,229 - root - DEBUG - Reading resource 5...
2023-07-09 18:41:00,234 - root - INFO - The image is bme.
2023-07-09 18:41:00,234 - root - INFO - Reading image header(readHeader16E)...
2023-07-09 18:41:00,234 - root - INFO - Image header was read:
2023-07-09 18:41:00,234 - root - INFO - Width: 34, Height: 54, RowLength: 68
2023-07-09 18:41:00,234 - root - INFO - datalength: 2918, _step: 2
2023-07-09 18:41:00,234 - root - INFO - BPP: 16, Transparency: False
2023-07-09 18:41:00,239 - root - INFO - Resource 6 offset: 374736, length: 2976...
2023-07-09 18:41:00,239 - root - DEBUG - Reading resource 6...
2023-07-09 18:41:00,239 - root - INFO - The image is bme.
2023-07-09 18:41:00,239 - root - INFO - Reading image header(readHeader16E)...
2023-07-09 18:41:00,239 - root - INFO - Image header was read:
2023-07-09 18:41:00,239 - root - INFO - Width: 34, Height: 54, RowLength: 68
2023-07-09 18:41:00,239 - root - INFO - datalength: 2960, _step: 2
2023-07-09 18:41:00,239 - root - INFO - BPP: 16, Transparency: False
2023-07-09 18:41:00,254 - root - INFO - Resource 7 offset: 377712, length: 3210...
2023-07-09 18:41:00,254 - root - DEBUG - Reading resource 7...
2023-07-09 18:41:00,254 - root - INFO - The image is bme.
2023-07-09 18:41:00,254 - root - INFO - Reading image header(readHeader16E)...
2023-07-09 18:41:00,254 - root - INFO - Image header was read:
2023-07-09 18:41:00,254 - root - INFO - Width: 34, Height: 54, RowLength: 68
2023-07-09 18:41:00,254 - root - INFO - datalength: 3194, _step: 2
2023-07-09 18:41:00,254 - root - INFO - BPP: 16, Transparency: False
2023-07-09 18:41:00,259 - root - INFO - Resource 8 offset: 380922, length: 2932...
2023-07-09 18:41:00,259 - root - DEBUG - Reading resource 8...
2023-07-09 18:41:00,259 - root - INFO - The image is bme.
2023-07-09 18:41:00,259 - root - INFO - Reading image header(readHeader16E)...
2023-07-09 18:41:00,259 - root - INFO - Image header was read:
2023-07-09 18:41:00,259 - root - INFO - Width: 34, Height: 54, RowLength: 68
2023-07-09 18:41:00,259 - root - INFO - datalength: 2916, _step: 2
2023-07-09 18:41:00,266 - root - INFO - BPP: 16, Transparency: False
2023-07-09 18:41:00,274 - root - INFO - Resource 9 offset: 383854, length: 3574...
2023-07-09 18:41:00,274 - root - DEBUG - Reading resource 9...
2023-07-09 18:41:00,274 - root - INFO - The image is bme.
2023-07-09 18:41:00,274 - root - INFO - Reading image header(readHeader16E)...
2023-07-09 18:41:00,274 - root - INFO - Image header was read:
2023-07-09 18:41:00,274 - root - INFO - Width: 34, Height: 54, RowLength: 68
2023-07-09 18:41:00,274 - root - INFO - datalength: 3558, _step: 2
2023-07-09 18:41:00,274 - root - INFO - BPP: 16, Transparency: False
2023-07-09 18:41:00,281 - root - INFO - Resource 10 offset: 387428, length: 2442...
2023-07-09 18:41:00,281 - root - DEBUG - Reading resource 10...
2023-07-09 18:41:00,281 - root - INFO - The image is bme.
2023-07-09 18:41:00,281 - root - INFO - Reading image header(readHeader16E)...
2023-07-09 18:41:00,281 - root - INFO - Image header was read:
2023-07-09 18:41:00,281 - root - INFO - Width: 34, Height: 54, RowLength: 68
2023-07-09 18:41:00,281 - root - INFO - datalength: 2426, _step: 2
2023-07-09 18:41:00,281 - root - INFO - BPP: 16, Transparency: False
2023-07-09 18:41:00,289 - root - INFO - Resource 11 offset: 389870, length: 3620...
2023-07-09 18:41:00,289 - root - DEBUG - Reading resource 11...
2023-07-09 18:41:00,289 - root - INFO - The image is bme.
2023-07-09 18:41:00,289 - root - INFO - Reading image header(readHeader16E)...
2023-07-09 18:41:00,289 - root - INFO - Image header was read:
2023-07-09 18:41:00,289 - root - INFO - Width: 34, Height: 54, RowLength: 68
2023-07-09 18:41:00,289 - root - INFO - datalength: 3604, _step: 2
2023-07-09 18:41:00,289 - root - INFO - BPP: 16, Transparency: False
2023-07-09 18:41:00,299 - root - INFO - Resource 12 offset: 393490, length: 3620...
2023-07-09 18:41:00,299 - root - DEBUG - Reading resource 12...
2023-07-09 18:41:00,299 - root - INFO - The image is bme.
2023-07-09 18:41:00,299 - root - INFO - Reading image header(readHeader16E)...
2023-07-09 18:41:00,299 - root - INFO - Image header was read:
2023-07-09 18:41:00,299 - root - INFO - Width: 34, Height: 54, RowLength: 68
2023-07-09 18:41:00,299 - root - INFO - datalength: 3604, _step: 2
2023-07-09 18:41:00,299 - root - INFO - BPP: 16, Transparency: False
2023-07-09 18:41:00,319 - root - INFO - Resource 13 offset: 397110, length: 822...
2023-07-09 18:41:00,319 - root - DEBUG - Reading resource 13...
2023-07-09 18:41:00,319 - root - INFO - The image is bme.
2023-07-09 18:41:00,319 - root - INFO - Reading image header(readHeader16E)...
2023-07-09 18:41:00,319 - root - INFO - Image header was read:
2023-07-09 18:41:00,319 - root - INFO - Width: 16, Height: 28, RowLength: 32
2023-07-09 18:41:00,319 - root - INFO - datalength: 806, _step: 2
2023-07-09 18:41:00,319 - root - INFO - BPP: 16, Transparency: False
2023-07-09 18:41:00,319 - root - INFO - Resource 14 offset: 397932, length: 598...
2023-07-09 18:41:00,319 - root - DEBUG - Reading resource 14...
2023-07-09 18:41:00,319 - root - INFO - The image is bme.
2023-07-09 18:41:00,319 - root - INFO - Reading image header(readHeader16E)...
2023-07-09 18:41:00,319 - root - INFO - Image header was read:
2023-07-09 18:41:00,319 - root - INFO - Width: 16, Height: 28, RowLength: 32
2023-07-09 18:41:00,319 - root - INFO - datalength: 582, _step: 2
2023-07-09 18:41:00,319 - root - INFO - BPP: 16, Transparency: False
2023-07-09 18:41:00,319 - root - INFO - Resource 15 offset: 398530, length: 770...
2023-07-09 18:41:00,319 - root - DEBUG - Reading resource 15...
2023-07-09 18:41:00,319 - root - INFO - The image is bme.
2023-07-09 18:41:00,319 - root - INFO - Reading image header(readHeader16E)...
2023-07-09 18:41:00,319 - root - INFO - Image header was read:
2023-07-09 18:41:00,319 - root - INFO - Width: 16, Height: 28, RowLength: 32
2023-07-09 18:41:00,319 - root - INFO - datalength: 754, _step: 2
2023-07-09 18:41:00,319 - root - INFO - BPP: 16, Transparency: False
2023-07-09 18:41:00,329 - root - INFO - Resource 16 offset: 399300, length: 726...
2023-07-09 18:41:00,329 - root - DEBUG - Reading resource 16...
2023-07-09 18:41:00,329 - root - INFO - The image is bme.
2023-07-09 18:41:00,329 - root - INFO - Reading image header(readHeader16E)...
2023-07-09 18:41:00,329 - root - INFO - Image header was read:
2023-07-09 18:41:00,329 - root - INFO - Width: 16, Height: 28, RowLength: 32
2023-07-09 18:41:00,329 - root - INFO - datalength: 710, _step: 2
2023-07-09 18:41:00,329 - root - INFO - BPP: 16, Transparency: False
2023-07-09 18:41:00,329 - root - INFO - Resource 17 offset: 400026, length: 754...
2023-07-09 18:41:00,329 - root - DEBUG - Reading resource 17...
2023-07-09 18:41:00,329 - root - INFO - The image is bme.
2023-07-09 18:41:00,329 - root - INFO - Reading image header(readHeader16E)...
2023-07-09 18:41:00,329 - root - INFO - Image header was read:
2023-07-09 18:41:00,329 - root - INFO - Width: 16, Height: 28, RowLength: 32
2023-07-09 18:41:00,329 - root - INFO - datalength: 738, _step: 2
2023-07-09 18:41:00,329 - root - INFO - BPP: 16, Transparency: False
2023-07-09 18:41:00,329 - root - INFO - Resource 18 offset: 400780, length: 738...
2023-07-09 18:41:00,329 - root - DEBUG - Reading resource 18...
2023-07-09 18:41:00,329 - root - INFO - The image is bme.
2023-07-09 18:41:00,329 - root - INFO - Reading image header(readHeader16E)...
2023-07-09 18:41:00,329 - root - INFO - Image header was read:
2023-07-09 18:41:00,329 - root - INFO - Width: 16, Height: 28, RowLength: 32
2023-07-09 18:41:00,329 - root - INFO - datalength: 722, _step: 2
2023-07-09 18:41:00,329 - root - INFO - BPP: 16, Transparency: False
2023-07-09 18:41:00,339 - root - INFO - Resource 19 offset: 401518, length: 822...
2023-07-09 18:41:00,339 - root - DEBUG - Reading resource 19...
2023-07-09 18:41:00,339 - root - INFO - The image is bme.
2023-07-09 18:41:00,339 - root - INFO - Reading image header(readHeader16E)...
2023-07-09 18:41:00,339 - root - INFO - Image header was read:
2023-07-09 18:41:00,339 - root - INFO - Width: 16, Height: 28, RowLength: 32
2023-07-09 18:41:00,339 - root - INFO - datalength: 806, _step: 2
2023-07-09 18:41:00,339 - root - INFO - BPP: 16, Transparency: False
2023-07-09 18:41:00,339 - root - INFO - Resource 20 offset: 402340, length: 664...
2023-07-09 18:41:00,339 - root - DEBUG - Reading resource 20...
2023-07-09 18:41:00,339 - root - INFO - The image is bme.
2023-07-09 18:41:00,339 - root - INFO - Reading image header(readHeader16E)...
2023-07-09 18:41:00,339 - root - INFO - Image header was read:
2023-07-09 18:41:00,339 - root - INFO - Width: 16, Height: 28, RowLength: 32
2023-07-09 18:41:00,339 - root - INFO - datalength: 648, _step: 2
2023-07-09 18:41:00,339 - root - INFO - BPP: 16, Transparency: False
2023-07-09 18:41:00,345 - root - INFO - Resource 21 offset: 403004, length: 824...
2023-07-09 18:41:00,345 - root - DEBUG - Reading resource 21...
2023-07-09 18:41:00,345 - root - INFO - The image is bme.
2023-07-09 18:41:00,345 - root - INFO - Reading image header(readHeader16E)...
2023-07-09 18:41:00,345 - root - INFO - Image header was read:
2023-07-09 18:41:00,345 - root - INFO - Width: 16, Height: 28, RowLength: 32
2023-07-09 18:41:00,345 - root - INFO - datalength: 808, _step: 2
2023-07-09 18:41:00,345 - root - INFO - BPP: 16, Transparency: False
2023-07-09 18:41:00,349 - root - INFO - Resource 22 offset: 403828, length: 818...
2023-07-09 18:41:00,349 - root - DEBUG - Reading resource 22...
2023-07-09 18:41:00,349 - root - INFO - The image is bme.
2023-07-09 18:41:00,349 - root - INFO - Reading image header(readHeader16E)...
2023-07-09 18:41:00,349 - root - INFO - Image header was read:
2023-07-09 18:41:00,349 - root - INFO - Width: 16, Height: 28, RowLength: 32
2023-07-09 18:41:00,349 - root - INFO - datalength: 802, _step: 2
2023-07-09 18:41:00,349 - root - INFO - BPP: 16, Transparency: False
2023-07-09 18:41:00,349 - root - INFO - Resource 23 offset: 404646, length: 462...
2023-07-09 18:41:00,349 - root - DEBUG - Reading resource 23...
2023-07-09 18:41:00,349 - root - INFO - The image is bme.
2023-07-09 18:41:00,349 - root - INFO - Reading image header(readHeader16E)...
2023-07-09 18:41:00,349 - root - INFO - Image header was read:
2023-07-09 18:41:00,349 - root - INFO - Width: 16, Height: 28, RowLength: 32
2023-07-09 18:41:00,349 - root - INFO - datalength: 446, _step: 2
2023-07-09 18:41:00,349 - root - INFO - BPP: 16, Transparency: False
2023-07-09 18:41:00,354 - root - INFO - Resource 24 offset: 405108, length: 2630...
2023-07-09 18:41:00,354 - root - DEBUG - Reading resource 24...
2023-07-09 18:41:00,354 - root - INFO - The image is bme.
2023-07-09 18:41:00,354 - root - INFO - Reading image header(readHeader16E)...
2023-07-09 18:41:00,354 - root - INFO - Image header was read:
2023-07-09 18:41:00,354 - root - INFO - Width: 70, Height: 28, RowLength: 140
2023-07-09 18:41:00,354 - root - INFO - datalength: 2614, _step: 2
2023-07-09 18:41:00,354 - root - INFO - BPP: 16, Transparency: False
2023-07-09 18:41:00,361 - root - INFO - Resource 25 offset: 407738, length: 2164...
2023-07-09 18:41:00,361 - root - DEBUG - Reading resource 25...
2023-07-09 18:41:00,361 - root - INFO - The image is bme.
2023-07-09 18:41:00,361 - root - INFO - Reading image header(readHeader16E)...
2023-07-09 18:41:00,361 - root - INFO - Image header was read:
2023-07-09 18:41:00,361 - root - INFO - Width: 70, Height: 28, RowLength: 140
2023-07-09 18:41:00,361 - root - INFO - datalength: 2148, _step: 2
2023-07-09 18:41:00,361 - root - INFO - BPP: 16, Transparency: False
2023-07-09 18:41:00,369 - root - INFO - Resource 26 offset: 409902, length: 2454...
2023-07-09 18:41:00,369 - root - DEBUG - Reading resource 26...
2023-07-09 18:41:00,369 - root - INFO - The image is bme.
2023-07-09 18:41:00,369 - root - INFO - Reading image header(readHeader16E)...
2023-07-09 18:41:00,369 - root - INFO - Image header was read:
2023-07-09 18:41:00,369 - root - INFO - Width: 70, Height: 28, RowLength: 140
2023-07-09 18:41:00,369 - root - INFO - datalength: 2438, _step: 2
2023-07-09 18:41:00,369 - root - INFO - BPP: 16, Transparency: False
2023-07-09 18:41:00,379 - root - INFO - Resource 27 offset: 412356, length: 2220...
2023-07-09 18:41:00,379 - root - DEBUG - Reading resource 27...
2023-07-09 18:41:00,379 - root - INFO - The image is bme.
2023-07-09 18:41:00,379 - root - INFO - Reading image header(readHeader16E)...
2023-07-09 18:41:00,379 - root - INFO - Image header was read:
2023-07-09 18:41:00,379 - root - INFO - Width: 70, Height: 28, RowLength: 140
2023-07-09 18:41:00,379 - root - INFO - datalength: 2204, _step: 2
2023-07-09 18:41:00,379 - root - INFO - BPP: 16, Transparency: False
2023-07-09 18:41:00,379 - root - INFO - Resource 28 offset: 414576, length: 1908...
2023-07-09 18:41:00,379 - root - DEBUG - Reading resource 28...
2023-07-09 18:41:00,379 - root - INFO - The image is bme.
2023-07-09 18:41:00,379 - root - INFO - Reading image header(readHeader16E)...
2023-07-09 18:41:00,379 - root - INFO - Image header was read:
2023-07-09 18:41:00,379 - root - INFO - Width: 70, Height: 28, RowLength: 140
2023-07-09 18:41:00,379 - root - INFO - datalength: 1892, _step: 2
2023-07-09 18:41:00,379 - root - INFO - BPP: 16, Transparency: False
2023-07-09 18:41:00,393 - root - INFO - Resource 29 offset: 416484, length: 2228...
2023-07-09 18:41:00,393 - root - DEBUG - Reading resource 29...
2023-07-09 18:41:00,393 - root - INFO - The image is bme.
2023-07-09 18:41:00,393 - root - INFO - Reading image header(readHeader16E)...
2023-07-09 18:41:00,393 - root - INFO - Image header was read:
2023-07-09 18:41:00,393 - root - INFO - Width: 70, Height: 28, RowLength: 140
2023-07-09 18:41:00,393 - root - INFO - datalength: 2212, _step: 2
2023-07-09 18:41:00,393 - root - INFO - BPP: 16, Transparency: False
2023-07-09 18:41:00,399 - root - INFO - Resource 30 offset: 418712, length: 2344...
2023-07-09 18:41:00,399 - root - DEBUG - Reading resource 30...
2023-07-09 18:41:00,399 - root - INFO - The image is bme.
2023-07-09 18:41:00,399 - root - INFO - Reading image header(readHeader16E)...
2023-07-09 18:41:00,399 - root - INFO - Image header was read:
2023-07-09 18:41:00,399 - root - INFO - Width: 70, Height: 28, RowLength: 140
2023-07-09 18:41:00,399 - root - INFO - datalength: 2328, _step: 2
2023-07-09 18:41:00,399 - root - INFO - BPP: 16, Transparency: False
2023-07-09 18:41:00,409 - root - INFO - Resource 31 offset: 421056, length: 2486...
2023-07-09 18:41:00,409 - root - DEBUG - Reading resource 31...
2023-07-09 18:41:00,409 - root - INFO - The image is bme.
2023-07-09 18:41:00,409 - root - INFO - Reading image header(readHeader16E)...
2023-07-09 18:41:00,409 - root - INFO - Image header was read:
2023-07-09 18:41:00,409 - root - INFO - Width: 70, Height: 28, RowLength: 140
2023-07-09 18:41:00,409 - root - INFO - datalength: 2470, _step: 2
2023-07-09 18:41:00,409 - root - INFO - BPP: 16, Transparency: False
2023-07-09 18:41:00,419 - root - INFO - Resource 32 offset: 423542, length: 2754...
2023-07-09 18:41:00,419 - root - DEBUG - Reading resource 32...
2023-07-09 18:41:00,419 - root - INFO - The image is bme.
2023-07-09 18:41:00,419 - root - INFO - Reading image header(readHeader16E)...
2023-07-09 18:41:00,419 - root - INFO - Image header was read:
2023-07-09 18:41:00,419 - root - INFO - Width: 70, Height: 28, RowLength: 140
2023-07-09 18:41:00,419 - root - INFO - datalength: 2738, _step: 2
2023-07-09 18:41:00,419 - root - INFO - BPP: 16, Transparency: False
2023-07-09 18:41:00,429 - root - INFO - Resource 33 offset: 426296, length: 2924...
2023-07-09 18:41:00,429 - root - DEBUG - Reading resource 33...
2023-07-09 18:41:00,429 - root - INFO - The image is bme.
2023-07-09 18:41:00,429 - root - INFO - Reading image header(readHeader16E)...
2023-07-09 18:41:00,429 - root - INFO - Image header was read:
2023-07-09 18:41:00,429 - root - INFO - Width: 70, Height: 28, RowLength: 140
2023-07-09 18:41:00,429 - root - INFO - datalength: 2908, _step: 2
2023-07-09 18:41:00,429 - root - INFO - BPP: 16, Transparency: False
2023-07-09 18:41:00,439 - root - INFO - Resource 34 offset: 429220, length: 3212...
2023-07-09 18:41:00,439 - root - DEBUG - Reading resource 34...
2023-07-09 18:41:00,440 - root - INFO - The image is bme.
2023-07-09 18:41:00,440 - root - INFO - Reading image header(readHeader16E)...
2023-07-09 18:41:00,440 - root - INFO - Image header was read:
2023-07-09 18:41:00,440 - root - INFO - Width: 70, Height: 28, RowLength: 140
2023-07-09 18:41:00,440 - root - INFO - datalength: 3196, _step: 2
2023-07-09 18:41:00,440 - root - INFO - BPP: 16, Transparency: False
2023-07-09 18:41:00,449 - root - INFO - Resource 35 offset: 432432, length: 3104...
2023-07-09 18:41:00,449 - root - DEBUG - Reading resource 35...
2023-07-09 18:41:00,449 - root - INFO - The image is bme.
2023-07-09 18:41:00,449 - root - INFO - Reading image header(readHeader16E)...
2023-07-09 18:41:00,449 - root - INFO - Image header was read:
2023-07-09 18:41:00,449 - root - INFO - Width: 70, Height: 28, RowLength: 140
2023-07-09 18:41:00,449 - root - INFO - datalength: 3088, _step: 2
2023-07-09 18:41:00,449 - root - INFO - BPP: 16, Transparency: False
2023-07-09 18:41:00,459 - root - INFO - Resource 36 offset: 435536, length: 3118...
2023-07-09 18:41:00,459 - root - DEBUG - Reading resource 36...
2023-07-09 18:41:00,459 - root - INFO - The image is bme.
2023-07-09 18:41:00,459 - root - INFO - Reading image header(readHeader16E)...
2023-07-09 18:41:00,459 - root - INFO - Image header was read:
2023-07-09 18:41:00,459 - root - INFO - Width: 70, Height: 28, RowLength: 140
2023-07-09 18:41:00,459 - root - INFO - datalength: 3102, _step: 2
2023-07-09 18:41:00,459 - root - INFO - BPP: 16, Transparency: False
2023-07-09 18:41:00,472 - root - INFO - Resource 37 offset: 438654, length: 3134...
2023-07-09 18:41:00,472 - root - DEBUG - Reading resource 37...
2023-07-09 18:41:00,472 - root - INFO - The image is bme.
2023-07-09 18:41:00,472 - root - INFO - Reading image header(readHeader16E)...
2023-07-09 18:41:00,472 - root - INFO - Image header was read:
2023-07-09 18:41:00,472 - root - INFO - Width: 70, Height: 28, RowLength: 140
2023-07-09 18:41:00,472 - root - INFO - datalength: 3118, _step: 2
2023-07-09 18:41:00,472 - root - INFO - BPP: 16, Transparency: False
2023-07-09 18:41:00,479 - root - INFO - Resource 38 offset: 441788, length: 1416...
2023-07-09 18:41:00,479 - root - DEBUG - Reading resource 38...
2023-07-09 18:41:00,479 - root - INFO - The image is bme.
2023-07-09 18:41:00,479 - root - INFO - Reading image header(readHeader16E)...
2023-07-09 18:41:00,479 - root - INFO - Image header was read:
2023-07-09 18:41:00,479 - root - INFO - Width: 44, Height: 22, RowLength: 88
2023-07-09 18:41:00,479 - root - INFO - datalength: 1400, _step: 2
2023-07-09 18:41:00,479 - root - INFO - BPP: 16, Transparency: False
2023-07-09 18:41:00,489 - root - INFO - Resource 39 offset: 443204, length: 1394...
2023-07-09 18:41:00,489 - root - DEBUG - Reading resource 39...
2023-07-09 18:41:00,489 - root - INFO - The image is bme.
2023-07-09 18:41:00,489 - root - INFO - Reading image header(readHeader16E)...
2023-07-09 18:41:00,489 - root - INFO - Image header was read:
2023-07-09 18:41:00,489 - root - INFO - Width: 44, Height: 22, RowLength: 88
2023-07-09 18:41:00,489 - root - INFO - datalength: 1378, _step: 2
2023-07-09 18:41:00,489 - root - INFO - BPP: 16, Transparency: False
2023-07-09 18:41:00,494 - root - INFO - Resource 40 offset: 444598, length: 1472...
2023-07-09 18:41:00,494 - root - DEBUG - Reading resource 40...
2023-07-09 18:41:00,494 - root - INFO - The image is bme.
2023-07-09 18:41:00,494 - root - INFO - Reading image header(readHeader16E)...
2023-07-09 18:41:00,494 - root - INFO - Image header was read:
2023-07-09 18:41:00,494 - root - INFO - Width: 44, Height: 22, RowLength: 88
2023-07-09 18:41:00,494 - root - INFO - datalength: 1456, _step: 2
2023-07-09 18:41:00,494 - root - INFO - BPP: 16, Transparency: False
2023-07-09 18:41:00,499 - root - INFO - Resource 41 offset: 446070, length: 1402...
2023-07-09 18:41:00,499 - root - DEBUG - Reading resource 41...
2023-07-09 18:41:00,499 - root - INFO - The image is bme.
2023-07-09 18:41:00,499 - root - INFO - Reading image header(readHeader16E)...
2023-07-09 18:41:00,499 - root - INFO - Image header was read:
2023-07-09 18:41:00,499 - root - INFO - Width: 44, Height: 22, RowLength: 88
2023-07-09 18:41:00,499 - root - INFO - datalength: 1386, _step: 2
2023-07-09 18:41:00,499 - root - INFO - BPP: 16, Transparency: False
2023-07-09 18:41:00,503 - root - DEBUG - Parsing parameters...
2023-07-09 18:41:00,619 - root - DEBUG - 0 Value: None
2023-07-09 18:41:00,619 - root - DEBUG - 0.1 Value: 71
2023-07-09 18:41:00,619 - root - DEBUG - 2 Value: None
2023-07-09 18:41:00,621 - root - DEBUG - 2.1 Value: None
2023-07-09 18:41:00,621 - root - DEBUG - 2.1.1 Value: 0
2023-07-09 18:41:00,621 - root - DEBUG - 2.1.2 Value: 0
2023-07-09 18:41:00,621 - root - DEBUG - 2.1.3 Value: 2
2023-07-09 18:41:00,621 - root - DEBUG - 2.3 Value: None
2023-07-09 18:41:00,621 - root - DEBUG - 2.3.1 Value: 0
2023-07-09 18:41:00,621 - root - DEBUG - 2.3.2 Value: 0
2023-07-09 18:41:00,621 - root - DEBUG - 2.3.3 Value: 1
2023-07-09 18:41:00,621 - root - DEBUG - 2.4 Value: None
2023-07-09 18:41:00,621 - root - DEBUG - 2.4.1 Value: 0
2023-07-09 18:41:00,621 - root - DEBUG - 2.4.2 Value: 0
2023-07-09 18:41:00,621 - root - DEBUG - 2.4.3 Value: 0
2023-07-09 18:41:00,621 - root - DEBUG - 2.5 Value: None
2023-07-09 18:41:00,621 - root - DEBUG - 2.5.1 Value: 0
2023-07-09 18:41:00,621 - root - DEBUG - 2.5.2 Value: 0
2023-07-09 18:41:00,621 - root - DEBUG - 2.5.3 Value: 0
2023-07-09 18:41:00,621 - root - DEBUG - 3 Value: None
2023-07-09 18:41:00,621 - root - DEBUG - 3.1 Value: None
2023-07-09 18:41:00,621 - root - DEBUG - 3.1.1 Value: None
2023-07-09 18:41:00,621 - root - DEBUG - 3.1.1.1 Value: None
2023-07-09 18:41:00,621 - root - DEBUG - 3.1.1.1.1 Value: 25
2023-07-09 18:41:00,621 - root - DEBUG - 3.1.1.1.2 Value: 23
2023-07-09 18:41:00,621 - root - DEBUG - 3.1.1.1.3 Value: 3
2023-07-09 18:41:00,621 - root - DEBUG - 3.1.1.1.4 Value: 10
2023-07-09 18:41:00,621 - root - DEBUG - 3.1.1.2 Value: None
2023-07-09 18:41:00,621 - root - DEBUG - 3.1.1.2.1 Value: 58
2023-07-09 18:41:00,621 - root - DEBUG - 3.1.1.2.2 Value: 23
2023-07-09 18:41:00,621 - root - DEBUG - 3.1.1.2.3 Value: 3
2023-07-09 18:41:00,621 - root - DEBUG - 3.1.1.2.4 Value: 10
2023-07-09 18:41:00,621 - root - DEBUG - 3.1.2 Value: None
2023-07-09 18:41:00,621 - root - DEBUG - 3.1.2.1 Value: None
2023-07-09 18:41:00,621 - root - DEBUG - 3.1.2.1.1 Value: 115
2023-07-09 18:41:00,621 - root - DEBUG - 3.1.2.1.2 Value: 23
2023-07-09 18:41:00,621 - root - DEBUG - 3.1.2.1.3 Value: 3
2023-07-09 18:41:00,621 - root - DEBUG - 3.1.2.1.4 Value: 10
2023-07-09 18:41:00,621 - root - DEBUG - 3.1.2.2 Value: None
2023-07-09 18:41:00,621 - root - DEBUG - 3.1.2.2.1 Value: 148
2023-07-09 18:41:00,621 - root - DEBUG - 3.1.2.2.2 Value: 23
2023-07-09 18:41:00,621 - root - DEBUG - 3.1.2.2.3 Value: 3
2023-07-09 18:41:00,621 - root - DEBUG - 3.1.2.2.4 Value: 10
2023-07-09 18:41:00,621 - root - DEBUG - 3.1.7 Value: 0
2023-07-09 18:41:00,621 - root - DEBUG - 3.1.8 Value: 1
2023-07-09 18:41:00,621 - root - DEBUG - 4 Value: None
2023-07-09 18:41:00,621 - root - DEBUG - 4.1 Value: None
2023-07-09 18:41:00,621 - root - DEBUG - 4.1.1 Value: None
2023-07-09 18:41:00,621 - root - DEBUG - 4.1.1.1 Value: 212
2023-07-09 18:41:00,621 - root - DEBUG - 4.1.1.2 Value: 278
2023-07-09 18:41:00,621 - root - DEBUG - 4.1.1.3 Value: 300
2023-07-09 18:41:00,621 - root - DEBUG - 4.1.1.4 Value: 306
2023-07-09 18:41:00,621 - root - DEBUG - 4.1.1.5 Value: 18
2023-07-09 18:41:00,621 - root - DEBUG - 4.1.1.6 Value: 0
2023-07-09 18:41:00,621 - root - DEBUG - 4.1.1.7 Value: 0
2023-07-09 18:41:00,621 - root - DEBUG - 4.1.1.8 Value: 13
2023-07-09 18:41:00,621 - root - DEBUG - 4.1.1.9 Value: 10
2023-07-09 18:41:00,621 - root - DEBUG - 4.7 Value: 0
2023-07-09 18:41:00,621 - root - DEBUG - 5 Value: None
2023-07-09 18:41:00,621 - root - DEBUG - 5.1 Value: None
2023-07-09 18:41:00,621 - root - DEBUG - 5.1.2 Value: None
2023-07-09 18:41:00,621 - root - DEBUG - 5.1.2.1 Value: None
2023-07-09 18:41:00,621 - root - DEBUG - 5.1.2.1.1 Value: 99
2023-07-09 18:41:00,621 - root - DEBUG - 5.1.2.1.2 Value: 80
2023-07-09 18:41:00,621 - root - DEBUG - 5.1.2.1.3 Value: 179
2023-07-09 18:41:00,621 - root - DEBUG - 5.1.2.1.4 Value: 108
2023-07-09 18:41:00,621 - root - DEBUG - 5.1.2.1.5 Value: 18
2023-07-09 18:41:00,629 - root - DEBUG - 5.1.2.1.6 Value: 0
2023-07-09 18:41:00,629 - root - DEBUG - 5.1.2.1.7 Value: 0
2023-07-09 18:41:00,629 - root - DEBUG - 5.1.2.1.8 Value: 13
2023-07-09 18:41:00,629 - root - DEBUG - 5.1.2.1.9 Value: 10
2023-07-09 18:41:00,629 - root - DEBUG - 5.1.2.2 Value: 23
2023-07-09 18:41:00,629 - root - DEBUG - 5.1.4 Value: 1
2023-07-09 18:41:00,629 - root - DEBUG - 5.1.5 Value: 1
2023-07-09 18:41:00,629 - root - DEBUG - 5.1.6 Value: 0
2023-07-09 18:41:00,629 - root - DEBUG - 5.2 Value: None
2023-07-09 18:41:00,629 - root - DEBUG - 5.2.1 Value: 184
2023-07-09 18:41:00,629 - root - DEBUG - 5.2.2 Value: 23
2023-07-09 18:41:00,629 - root - DEBUG - 5.2.3 Value: 38
2023-07-09 18:41:00,629 - root - DEBUG - 5.2.4 Value: 39
2023-07-09 18:41:00,629 - root - DEBUG - 5.2.5 Value: 40
2023-07-09 18:41:00,629 - root - DEBUG - 5.2.6 Value: 41
2023-07-09 18:41:00,629 - root - DEBUG - 5.4 Value: None
2023-07-09 18:41:00,629 - root - DEBUG - 5.4.1 Value: 26
2023-07-09 18:41:00,629 - root - DEBUG - 5.4.2 Value: 80
2023-07-09 18:41:00,629 - root - DEBUG - 5.4.3 Value: 24
2023-07-09 18:41:00,629 - root - DEBUG - 5.4.4 Value: 7
2023-07-09 18:41:00,629 - root - DEBUG - 5.5 Value: None
2023-07-09 18:41:00,629 - root - DEBUG - 5.5.1 Value: 26
2023-07-09 18:41:00,629 - root - DEBUG - 5.5.2 Value: 80
2023-07-09 18:41:00,629 - root - DEBUG - 5.5.3 Value: 31
2023-07-09 18:41:00,629 - root - DEBUG - 5.5.4 Value: 7
2023-07-09 18:41:00,629 - root - DEBUG - 5.6 Value: None
2023-07-09 18:41:00,629 - root - DEBUG - 5.6.1 Value: 26
2023-07-09 18:41:00,629 - root - DEBUG - 5.6.2 Value: 80
2023-07-09 18:41:00,629 - root - DEBUG - 5.6.3 Value: 31
2023-07-09 18:41:00,629 - root - DEBUG - 5.6.4 Value: 7
2023-07-09 18:41:00,629 - root - DEBUG - 0-Info
2023-07-09 18:41:00,629 - root - DEBUG - 0.1-DeviceId
2023-07-09 18:41:00,629 - root - DEBUG - 2-Background
2023-07-09 18:41:00,629 - root - DEBUG - 2.1-Image
2023-07-09 18:41:00,629 - root - DEBUG - 2.1.1-X
2023-07-09 18:41:00,629 - root - DEBUG - 2.1.2-Y
2023-07-09 18:41:00,629 - root - DEBUG - 2.1.3-ImageIndex
2023-07-09 18:41:00,629 - root - DEBUG - 2.3-Preview
2023-07-09 18:41:00,629 - root - DEBUG - 2.3.1-X
2023-07-09 18:41:00,629 - root - DEBUG - 2.3.2-Y
2023-07-09 18:41:00,629 - root - DEBUG - 2.3.3-ImageIndex
2023-07-09 18:41:00,629 - root - DEBUG - 2.4-PreviewTradChinese
2023-07-09 18:41:00,629 - root - DEBUG - 2.4.1-X
2023-07-09 18:41:00,629 - root - DEBUG - 2.4.2-Y
2023-07-09 18:41:00,629 - root - DEBUG - 2.4.3-ImageIndex
2023-07-09 18:41:00,629 - root - DEBUG - 2.5-PreviewChinese
2023-07-09 18:41:00,629 - root - DEBUG - 2.5.1-X
2023-07-09 18:41:00,629 - root - DEBUG - 2.5.2-Y
2023-07-09 18:41:00,629 - root - DEBUG - 2.5.3-ImageIndex
2023-07-09 18:41:00,629 - root - DEBUG - 3-TimeExtended
2023-07-09 18:41:00,629 - root - DEBUG - 3.1-TimeSeparateDigits
2023-07-09 18:41:00,629 - root - DEBUG - 3.1.1-Hours
2023-07-09 18:41:00,629 - root - DEBUG - 3.1.1.1-Tens
2023-07-09 18:41:00,637 - root - DEBUG - 3.1.1.1.1-X
2023-07-09 18:41:00,637 - root - DEBUG - 3.1.1.1.2-Y
2023-07-09 18:41:00,637 - root - DEBUG - 3.1.1.1.3-ImageIndex
2023-07-09 18:41:00,637 - root - DEBUG - 3.1.1.1.4-ImagesCount
2023-07-09 18:41:00,637 - root - DEBUG - 3.1.1.2-Ones
2023-07-09 18:41:00,637 - root - DEBUG - 3.1.1.2.1-X
2023-07-09 18:41:00,637 - root - DEBUG - 3.1.1.2.2-Y
2023-07-09 18:41:00,637 - root - DEBUG - 3.1.1.2.3-ImageIndex
2023-07-09 18:41:00,637 - root - DEBUG - 3.1.1.2.4-ImagesCount
2023-07-09 18:41:00,637 - root - DEBUG - 3.1.2-Minutes
2023-07-09 18:41:00,637 - root - DEBUG - 3.1.2.1-Tens
2023-07-09 18:41:00,637 - root - DEBUG - 3.1.2.1.1-X
2023-07-09 18:41:00,639 - root - DEBUG - 3.1.2.1.2-Y
2023-07-09 18:41:00,639 - root - DEBUG - 3.1.2.1.3-ImageIndex
2023-07-09 18:41:00,639 - root - DEBUG - 3.1.2.1.4-ImagesCount
2023-07-09 18:41:00,639 - root - DEBUG - 3.1.2.2-Ones
2023-07-09 18:41:00,639 - root - DEBUG - 3.1.2.2.1-X
2023-07-09 18:41:00,639 - root - DEBUG - 3.1.2.2.2-Y
2023-07-09 18:41:00,639 - root - DEBUG - 3.1.2.2.3-ImageIndex
2023-07-09 18:41:00,639 - root - DEBUG - 3.1.2.2.4-ImagesCount
2023-07-09 18:41:00,639 - root - DEBUG - 3.1.7-UnknowBoolean7
2023-07-09 18:41:00,639 - root - DEBUG - 3.1.8-PaddingZeroMinutes
2023-07-09 18:41:00,639 - root - DEBUG - 4-Activity
2023-07-09 18:41:00,639 - root - DEBUG - 4.1-Steps
2023-07-09 18:41:00,639 - root - DEBUG - 4.1.1-ImageNumber
2023-07-09 18:41:00,639 - root - DEBUG - 4.1.1.1-TopLeftX
2023-07-09 18:41:00,639 - root - DEBUG - 4.1.1.2-TopLeftY
2023-07-09 18:41:00,639 - root - DEBUG - 4.1.1.3-BottomRightX
2023-07-09 18:41:00,639 - root - DEBUG - 4.1.1.4-BottomRightY
2023-07-09 18:41:00,639 - root - DEBUG - 4.1.1.5-Alignment
2023-07-09 18:41:00,639 - root - DEBUG - 4.1.1.6-Spacing
2023-07-09 18:41:00,639 - root - DEBUG - 4.1.1.7-VerticalOffset
2023-07-09 18:41:00,639 - root - DEBUG - 4.1.1.8-ImageIndex
2023-07-09 18:41:00,639 - root - DEBUG - 4.1.1.9-ImagesCount
2023-07-09 18:41:00,639 - root - DEBUG - 4.7-UnknownLongValue7
2023-07-09 18:41:00,639 - root - DEBUG - 5-DateBlock
2023-07-09 18:41:00,639 - root - DEBUG - 5.1-Date
2023-07-09 18:41:00,639 - root - DEBUG - 5.1.2-OneLineMonthAndDay
2023-07-09 18:41:00,639 - root - DEBUG - 5.1.2.1-Number
2023-07-09 18:41:00,639 - root - DEBUG - 5.1.2.1.1-TopLeftX
2023-07-09 18:41:00,639 - root - DEBUG - 5.1.2.1.2-TopLeftY
2023-07-09 18:41:00,639 - root - DEBUG - 5.1.2.1.3-BottomRightX
2023-07-09 18:41:00,639 - root - DEBUG - 5.1.2.1.4-BottomRightY
2023-07-09 18:41:00,639 - root - DEBUG - 5.1.2.1.5-Alignment
2023-07-09 18:41:00,639 - root - DEBUG - 5.1.2.1.6-Spacing
2023-07-09 18:41:00,639 - root - DEBUG - 5.1.2.1.7-VerticalOffset
2023-07-09 18:41:00,639 - root - DEBUG - 5.1.2.1.8-ImageIndex
2023-07-09 18:41:00,639 - root - DEBUG - 5.1.2.1.9-ImagesCount
2023-07-09 18:41:00,645 - root - DEBUG - 5.1.2.2-DelimiterImageIndex
2023-07-09 18:41:00,646 - root - DEBUG - 5.1.4-PaddingZeroMonth
2023-07-09 18:41:00,646 - root - DEBUG - 5.1.5-PaddingZeroDay
2023-07-09 18:41:00,646 - root - DEBUG - 5.1.6-UnknownBoolean6
2023-07-09 18:41:00,646 - root - DEBUG - 5.2-AmPm
2023-07-09 18:41:00,646 - root - DEBUG - 5.2.1-CommonX
2023-07-09 18:41:00,646 - root - DEBUG - 5.2.2-CommonY
2023-07-09 18:41:00,646 - root - DEBUG - 5.2.3-ImageIndexAMCN
2023-07-09 18:41:00,646 - root - DEBUG - 5.2.4-ImageIndexPMCN
2023-07-09 18:41:00,646 - root - DEBUG - 5.2.5-AmImageIndexEN
2023-07-09 18:41:00,646 - root - DEBUG - 5.2.6-PmImageIndexEN
2023-07-09 18:41:00,646 - root - DEBUG - 5.4-Weekday
2023-07-09 18:41:00,646 - root - DEBUG - 5.4.1-X
2023-07-09 18:41:00,646 - root - DEBUG - 5.4.2-Y
2023-07-09 18:41:00,646 - root - DEBUG - 5.4.3-ImageIndex
2023-07-09 18:41:00,646 - root - DEBUG - 5.4.4-ImagesCount
2023-07-09 18:41:00,646 - root - DEBUG - 5.5-WeekdayChinese
2023-07-09 18:41:00,646 - root - DEBUG - 5.5.1-X
2023-07-09 18:41:00,646 - root - DEBUG - 5.5.2-Y
2023-07-09 18:41:00,646 - root - DEBUG - 5.5.3-ImageIndex
2023-07-09 18:41:00,649 - root - DEBUG - 5.5.4-ImagesCount
2023-07-09 18:41:00,649 - root - DEBUG - 5.6-WeekdayTradChinese
2023-07-09 18:41:00,649 - root - DEBUG - 5.6.1-X
2023-07-09 18:41:00,649 - root - DEBUG - 5.6.2-Y
2023-07-09 18:41:00,649 - root - DEBUG - 5.6.3-ImageIndex
2023-07-09 18:41:00,649 - root - DEBUG - 5.6.4-ImagesCount
2023-07-09 18:41:00,649 - root - DEBUG - generatePreviews
2023-07-09 18:41:00,649 - root - DEBUG - Generating previews...
2023-07-09 18:41:00,653 - root - DEBUG - Generating states done...
2023-07-09 18:41:00,659 - root - DEBUG - >>>>>>>>>>>> 0 <watchFaceParser.models.parameter.Parameter object at 0x0000014C84F7DDC0>
2023-07-09 18:41:00,659 - root - DEBUG - >>>>>>>>>>>> 2 <watchFaceParser.models.parameter.Parameter object at 0x0000014C84F71FA0>
2023-07-09 18:41:00,669 - root - DEBUG - >>>>>>>>>>>> 3 <watchFaceParser.models.parameter.Parameter object at 0x0000014C84F79340>
2023-07-09 18:41:00,679 - root - DEBUG - >>>>>>>>>>>> 4 <watchFaceParser.models.parameter.Parameter object at 0x0000014C84F7C5E0>
2023-07-09 18:41:00,689 - root - DEBUG - >>>>>>>>>>>> 5 <watchFaceParser.models.parameter.Parameter object at 0x0000014C84F7CCA0>
2023-07-09 18:41:00,709 - root - DEBUG - Generating static preview gen done...
2023-07-09 18:41:00,819 - root - DEBUG - Generating static preview save done...
2023-07-09 18:41:00,819 - root - DEBUG - Generating anim preview gen done...
2023-07-09 18:41:00,819 - root - DEBUG - >>>>>>>>>>>> 0 <watchFaceParser.models.parameter.Parameter object at 0x0000014C84F7DDC0>
2023-07-09 18:41:00,819 - root - DEBUG - >>>>>>>>>>>> 2 <watchFaceParser.models.parameter.Parameter object at 0x0000014C84F71FA0>
2023-07-09 18:41:00,819 - root - DEBUG - >>>>>>>>>>>> 3 <watchFaceParser.models.parameter.Parameter object at 0x0000014C84F79340>
2023-07-09 18:41:00,819 - root - DEBUG - >>>>>>>>>>>> 4 <watchFaceParser.models.parameter.Parameter object at 0x0000014C84F7C5E0>
2023-07-09 18:41:00,819 - root - DEBUG - >>>>>>>>>>>> 5 <watchFaceParser.models.parameter.Parameter object at 0x0000014C84F7CCA0>
2023-07-09 18:41:00,971 - root - DEBUG - generatePreviews done
2023-07-09 18:41:00,971 - root - DEBUG - Exporting resources to 'E:\Codez\zepp-bipupro-wf\4d76bbd12ddc8ff4d80179cbb6d09c38'
2023-07-09 18:41:00,979 - root - DEBUG - extracting E:\Codez\zepp-bipupro-wf\4d76bbd12ddc8ff4d80179cbb6d09c38\0000.png...
2023-07-09 18:41:00,999 - root - DEBUG - extracting E:\Codez\zepp-bipupro-wf\4d76bbd12ddc8ff4d80179cbb6d09c38\0001.png...
2023-07-09 18:41:01,019 - root - DEBUG - extracting E:\Codez\zepp-bipupro-wf\4d76bbd12ddc8ff4d80179cbb6d09c38\0002.png...
2023-07-09 18:41:01,058 - root - DEBUG - extracting E:\Codez\zepp-bipupro-wf\4d76bbd12ddc8ff4d80179cbb6d09c38\0003.png...
2023-07-09 18:41:01,059 - root - DEBUG - extracting E:\Codez\zepp-bipupro-wf\4d76bbd12ddc8ff4d80179cbb6d09c38\0004.png...
2023-07-09 18:41:01,060 - root - DEBUG - extracting E:\Codez\zepp-bipupro-wf\4d76bbd12ddc8ff4d80179cbb6d09c38\0005.png...
2023-07-09 18:41:01,062 - root - DEBUG - extracting E:\Codez\zepp-bipupro-wf\4d76bbd12ddc8ff4d80179cbb6d09c38\0006.png...
2023-07-09 18:41:01,063 - root - DEBUG - extracting E:\Codez\zepp-bipupro-wf\4d76bbd12ddc8ff4d80179cbb6d09c38\0007.png...
2023-07-09 18:41:01,065 - root - DEBUG - extracting E:\Codez\zepp-bipupro-wf\4d76bbd12ddc8ff4d80179cbb6d09c38\0008.png...
2023-07-09 18:41:01,066 - root - DEBUG - extracting E:\Codez\zepp-bipupro-wf\4d76bbd12ddc8ff4d80179cbb6d09c38\0009.png...
2023-07-09 18:41:01,067 - root - DEBUG - extracting E:\Codez\zepp-bipupro-wf\4d76bbd12ddc8ff4d80179cbb6d09c38\0010.png...
2023-07-09 18:41:01,070 - root - DEBUG - extracting E:\Codez\zepp-bipupro-wf\4d76bbd12ddc8ff4d80179cbb6d09c38\0011.png...
2023-07-09 18:41:01,071 - root - DEBUG - extracting E:\Codez\zepp-bipupro-wf\4d76bbd12ddc8ff4d80179cbb6d09c38\0012.png...
2023-07-09 18:41:01,072 - root - DEBUG - extracting E:\Codez\zepp-bipupro-wf\4d76bbd12ddc8ff4d80179cbb6d09c38\0013.png...
2023-07-09 18:41:01,074 - root - DEBUG - extracting E:\Codez\zepp-bipupro-wf\4d76bbd12ddc8ff4d80179cbb6d09c38\0014.png...
2023-07-09 18:41:01,075 - root - DEBUG - extracting E:\Codez\zepp-bipupro-wf\4d76bbd12ddc8ff4d80179cbb6d09c38\0015.png...
2023-07-09 18:41:01,076 - root - DEBUG - extracting E:\Codez\zepp-bipupro-wf\4d76bbd12ddc8ff4d80179cbb6d09c38\0016.png...
2023-07-09 18:41:01,077 - root - DEBUG - extracting E:\Codez\zepp-bipupro-wf\4d76bbd12ddc8ff4d80179cbb6d09c38\0017.png...
2023-07-09 18:41:01,078 - root - DEBUG - extracting E:\Codez\zepp-bipupro-wf\4d76bbd12ddc8ff4d80179cbb6d09c38\0018.png...
2023-07-09 18:41:01,079 - root - DEBUG - extracting E:\Codez\zepp-bipupro-wf\4d76bbd12ddc8ff4d80179cbb6d09c38\0019.png...
2023-07-09 18:41:01,080 - root - DEBUG - extracting E:\Codez\zepp-bipupro-wf\4d76bbd12ddc8ff4d80179cbb6d09c38\0020.png...
2023-07-09 18:41:01,082 - root - DEBUG - extracting E:\Codez\zepp-bipupro-wf\4d76bbd12ddc8ff4d80179cbb6d09c38\0021.png...
2023-07-09 18:41:01,082 - root - DEBUG - extracting E:\Codez\zepp-bipupro-wf\4d76bbd12ddc8ff4d80179cbb6d09c38\0022.png...
2023-07-09 18:41:01,084 - root - DEBUG - extracting E:\Codez\zepp-bipupro-wf\4d76bbd12ddc8ff4d80179cbb6d09c38\0023.png...
2023-07-09 18:41:01,084 - root - DEBUG - extracting E:\Codez\zepp-bipupro-wf\4d76bbd12ddc8ff4d80179cbb6d09c38\0024.png...
2023-07-09 18:41:01,087 - root - DEBUG - extracting E:\Codez\zepp-bipupro-wf\4d76bbd12ddc8ff4d80179cbb6d09c38\0025.png...
2023-07-09 18:41:01,088 - root - DEBUG - extracting E:\Codez\zepp-bipupro-wf\4d76bbd12ddc8ff4d80179cbb6d09c38\0026.png...
2023-07-09 18:41:01,089 - root - DEBUG - extracting E:\Codez\zepp-bipupro-wf\4d76bbd12ddc8ff4d80179cbb6d09c38\0027.png...
2023-07-09 18:41:01,091 - root - DEBUG - extracting E:\Codez\zepp-bipupro-wf\4d76bbd12ddc8ff4d80179cbb6d09c38\0028.png...
2023-07-09 18:41:01,092 - root - DEBUG - extracting E:\Codez\zepp-bipupro-wf\4d76bbd12ddc8ff4d80179cbb6d09c38\0029.png...
2023-07-09 18:41:01,094 - root - DEBUG - extracting E:\Codez\zepp-bipupro-wf\4d76bbd12ddc8ff4d80179cbb6d09c38\0030.png...
2023-07-09 18:41:01,095 - root - DEBUG - extracting E:\Codez\zepp-bipupro-wf\4d76bbd12ddc8ff4d80179cbb6d09c38\0031.png...
2023-07-09 18:41:01,097 - root - DEBUG - extracting E:\Codez\zepp-bipupro-wf\4d76bbd12ddc8ff4d80179cbb6d09c38\0032.png...
2023-07-09 18:41:01,099 - root - DEBUG - extracting E:\Codez\zepp-bipupro-wf\4d76bbd12ddc8ff4d80179cbb6d09c38\0033.png...
2023-07-09 18:41:01,101 - root - DEBUG - extracting E:\Codez\zepp-bipupro-wf\4d76bbd12ddc8ff4d80179cbb6d09c38\0034.png...
2023-07-09 18:41:01,102 - root - DEBUG - extracting E:\Codez\zepp-bipupro-wf\4d76bbd12ddc8ff4d80179cbb6d09c38\0035.png...
2023-07-09 18:41:01,104 - root - DEBUG - extracting E:\Codez\zepp-bipupro-wf\4d76bbd12ddc8ff4d80179cbb6d09c38\0036.png...
2023-07-09 18:41:01,105 - root - DEBUG - extracting E:\Codez\zepp-bipupro-wf\4d76bbd12ddc8ff4d80179cbb6d09c38\0037.png...
2023-07-09 18:41:01,105 - root - DEBUG - extracting E:\Codez\zepp-bipupro-wf\4d76bbd12ddc8ff4d80179cbb6d09c38\0038.png...
2023-07-09 18:41:01,105 - root - DEBUG - extracting E:\Codez\zepp-bipupro-wf\4d76bbd12ddc8ff4d80179cbb6d09c38\0039.png...
2023-07-09 18:41:01,109 - root - DEBUG - extracting E:\Codez\zepp-bipupro-wf\4d76bbd12ddc8ff4d80179cbb6d09c38\0040.png...
2023-07-09 18:41:01,109 - root - DEBUG - extracting E:\Codez\zepp-bipupro-wf\4d76bbd12ddc8ff4d80179cbb6d09c38\0041.png...
2023-07-09 18:41:01,109 - root - DEBUG - Exporting config...
