2023-07-09 18:40:27,688 - root - DEBUG - Opening watch face 'E:\Codez\zepp-bipupro-wf\482f5d7da2ac512e11add895038582bc.bin'
2023-07-09 18:40:27,699 - root - DEBUG - Reading parameters...
2023-07-09 18:40:27,699 - root - INFO - Reading header...
2023-07-09 18:40:27,708 - root - INFO - Header was read:
2023-07-09 18:40:27,708 - root - INFO - Signature: b'UIHH\x01\x00\xff', Unknown: 46, ParametersSize: 25, isValid: True, deviceId: 71
2023-07-09 18:40:27,708 - root - INFO - Reading parameter offsets...
2023-07-09 18:40:27,708 - root - INFO - Parameter offsets were read from file
2023-07-09 18:40:27,708 - root - INFO - Reading parameters descriptor...
2023-07-09 18:40:27,708 - root - INFO - 1 ( A): 4 bytes
2023-07-09 18:40:27,708 - root - INFO -     1 ( 8): 114 72
2023-07-09 18:40:27,708 - root - INFO -     2 (10): 23 17
2023-07-09 18:40:27,708 - root - INFO - getParameters descriptor was read:
2023-07-09 18:40:27,708 - root - INFO - ParametersTableLength: 114, ImagesCount: 23
2023-07-09 18:40:27,708 - root - INFO - Reading parameters locations...
2023-07-09 18:40:27,708 - root - INFO - 2 (12): 4 bytes
2023-07-09 18:40:27,708 - root - INFO -     1 ( 8): 0  0
2023-07-09 18:40:27,708 - root - INFO -     2 (10): 32 20
2023-07-09 18:40:27,708 - root - INFO - 5 (2A): 4 bytes
2023-07-09 18:40:27,708 - root - INFO -     1 ( 8): 32 20
2023-07-09 18:40:27,708 - root - INFO -     2 (10): 46 2E
2023-07-09 18:40:27,708 - root - INFO - 20 (A2): 4 bytes
2023-07-09 18:40:27,708 - root - INFO -     1 ( 8): 78 4E
2023-07-09 18:40:27,708 - root - INFO -     2 (10): 36 24
2023-07-09 18:40:27,708 - root - INFO - Watch face parameters locations were read:
2023-07-09 18:40:27,708 - root - INFO - Reading descriptor for parameter 2
2023-07-09 18:40:27,708 - root - INFO - Descriptor offset: 0, Descriptor length: 32
2023-07-09 18:40:27,708 - root - INFO - Parsing descriptor for parameter 2...
2023-07-09 18:40:27,708 - root - INFO - 1 ( A): 6 bytes
2023-07-09 18:40:27,708 - root - INFO -     1 ( 8): 0  0
2023-07-09 18:40:27,708 - root - INFO -     2 (10): 0  0
2023-07-09 18:40:27,708 - root - INFO -     3 (18): 1  1
2023-07-09 18:40:27,708 - root - INFO - 3 (1A): 6 bytes
2023-07-09 18:40:27,708 - root - INFO -     1 ( 8): 0  0
2023-07-09 18:40:27,708 - root - INFO -     2 (10): 0  0
2023-07-09 18:40:27,708 - root - INFO -     3 (18): 0  0
2023-07-09 18:40:27,708 - root - INFO - 4 (22): 6 bytes
2023-07-09 18:40:27,708 - root - INFO -     1 ( 8): 0  0
2023-07-09 18:40:27,715 - root - INFO -     2 (10): 0  0
2023-07-09 18:40:27,715 - root - INFO -     3 (18): 0  0
2023-07-09 18:40:27,715 - root - INFO - 5 (2A): 6 bytes
2023-07-09 18:40:27,715 - root - INFO -     1 ( 8): 0  0
2023-07-09 18:40:27,715 - root - INFO -     2 (10): 0  0
2023-07-09 18:40:27,715 - root - INFO -     3 (18): 0  0
2023-07-09 18:40:27,715 - root - INFO - Reading descriptor for parameter 5
2023-07-09 18:40:27,715 - root - INFO - Descriptor offset: 32, Descriptor length: 46
2023-07-09 18:40:27,715 - root - INFO - Parsing descriptor for parameter 5...
2023-07-09 18:40:27,715 - root - INFO - 1 ( A): 32 bytes
2023-07-09 18:40:27,715 - root - INFO -     1 ( A): 24 bytes
2023-07-09 18:40:27,715 - root - INFO -         4 (22): 22 bytes
2023-07-09 18:40:27,715 - root - INFO -             1 ( 8): 268 10C
2023-07-09 18:40:27,715 - root - INFO -             2 (10): 156 9C
2023-07-09 18:40:27,715 - root - INFO -             3 (18): 289 121
2023-07-09 18:40:27,715 - root - INFO -             4 (20): 170 AA
2023-07-09 18:40:27,715 - root - INFO -             5 (28): 18 12
2023-07-09 18:40:27,715 - root - INFO -             6 (30): 0  0
2023-07-09 18:40:27,718 - root - INFO -             7 (38): 0  0
2023-07-09 18:40:27,718 - root - INFO -             8 (40): 2  2
2023-07-09 18:40:27,718 - root - INFO -             9 (48): 10  A
2023-07-09 18:40:27,718 - root - INFO -     4 (20): 1  1
2023-07-09 18:40:27,718 - root - INFO -     5 (28): 1  1
2023-07-09 18:40:27,718 - root - INFO -     6 (30): 0  0
2023-07-09 18:40:27,718 - root - INFO - 4 (22): 10 bytes
2023-07-09 18:40:27,718 - root - INFO -     1 ( 8): 222 DE
2023-07-09 18:40:27,718 - root - INFO -     2 (10): 156 9C
2023-07-09 18:40:27,718 - root - INFO -     3 (18): 12  C
2023-07-09 18:40:27,718 - root - INFO -     4 (20): 7  7
2023-07-09 18:40:27,718 - root - INFO - Reading descriptor for parameter 20
2023-07-09 18:40:27,718 - root - INFO - Descriptor offset: 78, Descriptor length: 36
2023-07-09 18:40:27,718 - root - INFO - Parsing descriptor for parameter 20...
2023-07-09 18:40:27,718 - root - INFO - 2 (12): 6 bytes
2023-07-09 18:40:27,718 - root - INFO -     1 ( 8): 151 97
2023-07-09 18:40:27,718 - root - INFO -     2 (10): 162 A2
2023-07-09 18:40:27,718 - root - INFO - 3 (1A): 4 bytes
2023-07-09 18:40:27,718 - root - INFO -     1 ( 8): 19 13
2023-07-09 18:40:27,718 - root - INFO -     2 (10): 83 53
2023-07-09 18:40:27,718 - root - INFO - 4 (22): 4 bytes
2023-07-09 18:40:27,718 - root - INFO -     1 ( 8): 20 14
2023-07-09 18:40:27,718 - root - INFO -     2 (10): 113 71
2023-07-09 18:40:27,718 - root - INFO - 5 (2A): 14 bytes
2023-07-09 18:40:27,718 - root - INFO -     1 ( 8): 21 15
2023-07-09 18:40:27,718 - root - INFO -     2 (10): 124 7C
2023-07-09 18:40:27,718 - root - INFO -     4 (22): 8 bytes
2023-07-09 18:40:27,718 - root - INFO -         1 ( 8): 139 8B
2023-07-09 18:40:27,718 - root - INFO -         2 (10): 150 96
2023-07-09 18:40:27,718 - root - INFO -         3 (18): 22 16
2023-07-09 18:40:27,718 - root - INFO - Reading resources offsets table with 23 elements (92 bytes)
2023-07-09 18:40:27,718 - root - INFO - Resource 0 offset: 318, length: 86472...
2023-07-09 18:40:27,718 - root - DEBUG - Reading resource 0...
2023-07-09 18:40:27,778 - root - INFO - The image is bmc.
2023-07-09 18:40:27,778 - root - INFO - Reading image header(readHeader16C)...
2023-07-09 18:40:27,784 - root - INFO - Image header was read:
2023-07-09 18:40:27,784 - root - INFO - Width: 202, Height: 214, RowLength: 404
2023-07-09 18:40:27,784 - root - INFO - _step: 2, unknown2: 0,
2023-07-09 18:40:27,784 - root - INFO - BPP: 16, Transparency: False
2023-07-09 18:40:28,098 - root - INFO - Resource 1 offset: 86790, length: 193296...
2023-07-09 18:40:28,098 - root - DEBUG - Reading resource 1...
2023-07-09 18:40:28,098 - root - INFO - The image is bmc.
2023-07-09 18:40:28,098 - root - INFO - Reading image header(readHeader16C)...
2023-07-09 18:40:28,098 - root - INFO - Image header was read:
2023-07-09 18:40:28,098 - root - INFO - Width: 302, Height: 320, RowLength: 604
2023-07-09 18:40:28,098 - root - INFO - _step: 2, unknown2: 0,
2023-07-09 18:40:28,098 - root - INFO - BPP: 16, Transparency: False
2023-07-09 18:40:28,818 - root - INFO - Resource 2 offset: 280086, length: 436...
2023-07-09 18:40:28,818 - root - DEBUG - Reading resource 2...
2023-07-09 18:40:28,818 - root - INFO - The image is bmc.
2023-07-09 18:40:28,818 - root - INFO - Reading image header(readHeader16C)...
2023-07-09 18:40:28,818 - root - INFO - Image header was read:
2023-07-09 18:40:28,818 - root - INFO - Width: 10, Height: 14, RowLength: 30
2023-07-09 18:40:28,823 - root - INFO - _step: 3, unknown2: 0,
2023-07-09 18:40:28,823 - root - INFO - BPP: 24, Transparency: False
2023-07-09 18:40:28,824 - root - INFO - Resource 3 offset: 280522, length: 436...
2023-07-09 18:40:28,824 - root - DEBUG - Reading resource 3...
2023-07-09 18:40:28,824 - root - INFO - The image is bmc.
2023-07-09 18:40:28,824 - root - INFO - Reading image header(readHeader16C)...
2023-07-09 18:40:28,824 - root - INFO - Image header was read:
2023-07-09 18:40:28,824 - root - INFO - Width: 10, Height: 14, RowLength: 30
2023-07-09 18:40:28,824 - root - INFO - _step: 3, unknown2: 0,
2023-07-09 18:40:28,824 - root - INFO - BPP: 24, Transparency: False
2023-07-09 18:40:28,824 - root - INFO - Resource 4 offset: 280958, length: 436...
2023-07-09 18:40:28,824 - root - DEBUG - Reading resource 4...
2023-07-09 18:40:28,824 - root - INFO - The image is bmc.
2023-07-09 18:40:28,824 - root - INFO - Reading image header(readHeader16C)...
2023-07-09 18:40:28,824 - root - INFO - Image header was read:
2023-07-09 18:40:28,824 - root - INFO - Width: 10, Height: 14, RowLength: 30
2023-07-09 18:40:28,824 - root - INFO - _step: 3, unknown2: 0,
2023-07-09 18:40:28,828 - root - INFO - BPP: 24, Transparency: False
2023-07-09 18:40:28,828 - root - INFO - Resource 5 offset: 281394, length: 436...
2023-07-09 18:40:28,828 - root - DEBUG - Reading resource 5...
2023-07-09 18:40:28,828 - root - INFO - The image is bmc.
2023-07-09 18:40:28,828 - root - INFO - Reading image header(readHeader16C)...
2023-07-09 18:40:28,828 - root - INFO - Image header was read:
2023-07-09 18:40:28,828 - root - INFO - Width: 10, Height: 14, RowLength: 30
2023-07-09 18:40:28,834 - root - INFO - _step: 3, unknown2: 0,
2023-07-09 18:40:28,834 - root - INFO - BPP: 24, Transparency: False
2023-07-09 18:40:28,835 - root - INFO - Resource 6 offset: 281830, length: 436...
2023-07-09 18:40:28,835 - root - DEBUG - Reading resource 6...
2023-07-09 18:40:28,835 - root - INFO - The image is bmc.
2023-07-09 18:40:28,836 - root - INFO - Reading image header(readHeader16C)...
2023-07-09 18:40:28,836 - root - INFO - Image header was read:
2023-07-09 18:40:28,836 - root - INFO - Width: 10, Height: 14, RowLength: 30
2023-07-09 18:40:28,836 - root - INFO - _step: 3, unknown2: 0,
2023-07-09 18:40:28,836 - root - INFO - BPP: 24, Transparency: False
2023-07-09 18:40:28,837 - root - INFO - Resource 7 offset: 282266, length: 436...
2023-07-09 18:40:28,837 - root - DEBUG - Reading resource 7...
2023-07-09 18:40:28,837 - root - INFO - The image is bmc.
2023-07-09 18:40:28,838 - root - INFO - Reading image header(readHeader16C)...
2023-07-09 18:40:28,838 - root - INFO - Image header was read:
2023-07-09 18:40:28,838 - root - INFO - Width: 10, Height: 14, RowLength: 30
2023-07-09 18:40:28,838 - root - INFO - _step: 3, unknown2: 0,
2023-07-09 18:40:28,838 - root - INFO - BPP: 24, Transparency: False
2023-07-09 18:40:28,840 - root - INFO - Resource 8 offset: 282702, length: 436...
2023-07-09 18:40:28,840 - root - DEBUG - Reading resource 8...
2023-07-09 18:40:28,840 - root - INFO - The image is bmc.
2023-07-09 18:40:28,841 - root - INFO - Reading image header(readHeader16C)...
2023-07-09 18:40:28,841 - root - INFO - Image header was read:
2023-07-09 18:40:28,841 - root - INFO - Width: 10, Height: 14, RowLength: 30
2023-07-09 18:40:28,841 - root - INFO - _step: 3, unknown2: 0,
2023-07-09 18:40:28,841 - root - INFO - BPP: 24, Transparency: False
2023-07-09 18:40:28,842 - root - INFO - Resource 9 offset: 283138, length: 436...
2023-07-09 18:40:28,842 - root - DEBUG - Reading resource 9...
2023-07-09 18:40:28,843 - root - INFO - The image is bmc.
2023-07-09 18:40:28,843 - root - INFO - Reading image header(readHeader16C)...
2023-07-09 18:40:28,843 - root - INFO - Image header was read:
2023-07-09 18:40:28,843 - root - INFO - Width: 10, Height: 14, RowLength: 30
2023-07-09 18:40:28,843 - root - INFO - _step: 3, unknown2: 0,
2023-07-09 18:40:28,843 - root - INFO - BPP: 24, Transparency: False
2023-07-09 18:40:28,844 - root - INFO - Resource 10 offset: 283574, length: 436...
2023-07-09 18:40:28,845 - root - DEBUG - Reading resource 10...
2023-07-09 18:40:28,845 - root - INFO - The image is bmc.
2023-07-09 18:40:28,845 - root - INFO - Reading image header(readHeader16C)...
2023-07-09 18:40:28,845 - root - INFO - Image header was read:
2023-07-09 18:40:28,845 - root - INFO - Width: 10, Height: 14, RowLength: 30
2023-07-09 18:40:28,845 - root - INFO - _step: 3, unknown2: 0,
2023-07-09 18:40:28,845 - root - INFO - BPP: 24, Transparency: False
2023-07-09 18:40:28,850 - root - INFO - Resource 11 offset: 284010, length: 436...
2023-07-09 18:40:28,850 - root - DEBUG - Reading resource 11...
2023-07-09 18:40:28,850 - root - INFO - The image is bmc.
2023-07-09 18:40:28,850 - root - INFO - Reading image header(readHeader16C)...
2023-07-09 18:40:28,850 - root - INFO - Image header was read:
2023-07-09 18:40:28,850 - root - INFO - Width: 10, Height: 14, RowLength: 30
2023-07-09 18:40:28,850 - root - INFO - _step: 3, unknown2: 0,
2023-07-09 18:40:28,850 - root - INFO - BPP: 24, Transparency: False
2023-07-09 18:40:28,850 - root - INFO - Resource 12 offset: 284446, length: 1528...
2023-07-09 18:40:28,850 - root - DEBUG - Reading resource 12...
2023-07-09 18:40:28,850 - root - INFO - The image is bmc.
2023-07-09 18:40:28,850 - root - INFO - Reading image header(readHeader16C)...
2023-07-09 18:40:28,850 - root - INFO - Image header was read:
2023-07-09 18:40:28,850 - root - INFO - Width: 36, Height: 14, RowLength: 108
2023-07-09 18:40:28,850 - root - INFO - _step: 3, unknown2: 0,
2023-07-09 18:40:28,850 - root - INFO - BPP: 24, Transparency: False
2023-07-09 18:40:28,868 - root - INFO - Resource 13 offset: 285974, length: 1528...
2023-07-09 18:40:28,868 - root - DEBUG - Reading resource 13...
2023-07-09 18:40:28,868 - root - INFO - The image is bmc.
2023-07-09 18:40:28,868 - root - INFO - Reading image header(readHeader16C)...
2023-07-09 18:40:28,868 - root - INFO - Image header was read:
2023-07-09 18:40:28,868 - root - INFO - Width: 36, Height: 14, RowLength: 108
2023-07-09 18:40:28,868 - root - INFO - _step: 3, unknown2: 0,
2023-07-09 18:40:28,868 - root - INFO - BPP: 24, Transparency: False
2023-07-09 18:40:28,873 - root - INFO - Resource 14 offset: 287502, length: 1528...
2023-07-09 18:40:28,873 - root - DEBUG - Reading resource 14...
2023-07-09 18:40:28,873 - root - INFO - The image is bmc.
2023-07-09 18:40:28,873 - root - INFO - Reading image header(readHeader16C)...
2023-07-09 18:40:28,873 - root - INFO - Image header was read:
2023-07-09 18:40:28,873 - root - INFO - Width: 36, Height: 14, RowLength: 108
2023-07-09 18:40:28,873 - root - INFO - _step: 3, unknown2: 0,
2023-07-09 18:40:28,873 - root - INFO - BPP: 24, Transparency: False
2023-07-09 18:40:28,878 - root - INFO - Resource 15 offset: 289030, length: 1528...
2023-07-09 18:40:28,878 - root - DEBUG - Reading resource 15...
2023-07-09 18:40:28,878 - root - INFO - The image is bmc.
2023-07-09 18:40:28,878 - root - INFO - Reading image header(readHeader16C)...
2023-07-09 18:40:28,878 - root - INFO - Image header was read:
2023-07-09 18:40:28,878 - root - INFO - Width: 36, Height: 14, RowLength: 108
2023-07-09 18:40:28,878 - root - INFO - _step: 3, unknown2: 0,
2023-07-09 18:40:28,878 - root - INFO - BPP: 24, Transparency: False
2023-07-09 18:40:28,885 - root - INFO - Resource 16 offset: 290558, length: 1528...
2023-07-09 18:40:28,885 - root - DEBUG - Reading resource 16...
2023-07-09 18:40:28,885 - root - INFO - The image is bmc.
2023-07-09 18:40:28,885 - root - INFO - Reading image header(readHeader16C)...
2023-07-09 18:40:28,885 - root - INFO - Image header was read:
2023-07-09 18:40:28,885 - root - INFO - Width: 36, Height: 14, RowLength: 108
2023-07-09 18:40:28,888 - root - INFO - _step: 3, unknown2: 0,
2023-07-09 18:40:28,888 - root - INFO - BPP: 24, Transparency: False
2023-07-09 18:40:28,888 - root - INFO - Resource 17 offset: 292086, length: 1528...
2023-07-09 18:40:28,888 - root - DEBUG - Reading resource 17...
2023-07-09 18:40:28,888 - root - INFO - The image is bmc.
2023-07-09 18:40:28,888 - root - INFO - Reading image header(readHeader16C)...
2023-07-09 18:40:28,888 - root - INFO - Image header was read:
2023-07-09 18:40:28,888 - root - INFO - Width: 36, Height: 14, RowLength: 108
2023-07-09 18:40:28,888 - root - INFO - _step: 3, unknown2: 0,
2023-07-09 18:40:28,888 - root - INFO - BPP: 24, Transparency: False
2023-07-09 18:40:28,888 - root - INFO - Resource 18 offset: 293614, length: 1528...
2023-07-09 18:40:28,888 - root - DEBUG - Reading resource 18...
2023-07-09 18:40:28,888 - root - INFO - The image is bmc.
2023-07-09 18:40:28,898 - root - INFO - Reading image header(readHeader16C)...
2023-07-09 18:40:28,898 - root - INFO - Image header was read:
2023-07-09 18:40:28,898 - root - INFO - Width: 36, Height: 14, RowLength: 108
2023-07-09 18:40:28,898 - root - INFO - _step: 3, unknown2: 0,
2023-07-09 18:40:28,898 - root - INFO - BPP: 24, Transparency: False
2023-07-09 18:40:28,898 - root - INFO - Resource 19 offset: 295142, length: 7141...
2023-07-09 18:40:28,898 - root - DEBUG - Reading resource 19...
2023-07-09 18:40:28,898 - root - INFO - The image is bmc.
2023-07-09 18:40:28,898 - root - INFO - Reading image header(readHeader16C)...
2023-07-09 18:40:28,898 - root - INFO - Image header was read:
2023-07-09 18:40:28,898 - root - INFO - Width: 25, Height: 95, RowLength: 75
2023-07-09 18:40:28,898 - root - INFO - _step: 3, unknown2: 0,
2023-07-09 18:40:28,898 - root - INFO - BPP: 24, Transparency: False
2023-07-09 18:40:28,923 - root - INFO - Resource 20 offset: 302283, length: 9391...
2023-07-09 18:40:28,924 - root - DEBUG - Reading resource 20...
2023-07-09 18:40:28,924 - root - INFO - The image is bmc.
2023-07-09 18:40:28,924 - root - INFO - Reading image header(readHeader16C)...
2023-07-09 18:40:28,924 - root - INFO - Image header was read:
2023-07-09 18:40:28,924 - root - INFO - Width: 25, Height: 125, RowLength: 75
2023-07-09 18:40:28,924 - root - INFO - _step: 3, unknown2: 0,
2023-07-09 18:40:28,924 - root - INFO - BPP: 24, Transparency: False
2023-07-09 18:40:29,073 - root - INFO - Resource 21 offset: 311674, length: 12631...
2023-07-09 18:40:29,073 - root - DEBUG - Reading resource 21...
2023-07-09 18:40:29,073 - root - INFO - The image is bmc.
2023-07-09 18:40:29,073 - root - INFO - Reading image header(readHeader16C)...
2023-07-09 18:40:29,073 - root - INFO - Image header was read:
2023-07-09 18:40:29,073 - root - INFO - Width: 29, Height: 145, RowLength: 87
2023-07-09 18:40:29,073 - root - INFO - _step: 3, unknown2: 0,
2023-07-09 18:40:29,083 - root - INFO - BPP: 24, Transparency: False
2023-07-09 18:40:29,121 - root - INFO - Resource 22 offset: 324305, length: 1891...
2023-07-09 18:40:29,121 - root - DEBUG - Reading resource 22...
2023-07-09 18:40:29,121 - root - INFO - The image is bmc.
2023-07-09 18:40:29,121 - root - INFO - Reading image header(readHeader16C)...
2023-07-09 18:40:29,121 - root - INFO - Image header was read:
2023-07-09 18:40:29,121 - root - INFO - Width: 25, Height: 25, RowLength: 75
2023-07-09 18:40:29,121 - root - INFO - _step: 3, unknown2: 0,
2023-07-09 18:40:29,121 - root - INFO - BPP: 24, Transparency: False
2023-07-09 18:40:29,128 - root - DEBUG - Parsing parameters...
2023-07-09 18:40:29,288 - root - DEBUG - 0 Value: None
2023-07-09 18:40:29,288 - root - DEBUG - 0.1 Value: 71
2023-07-09 18:40:29,288 - root - DEBUG - 2 Value: None
2023-07-09 18:40:29,288 - root - DEBUG - 2.1 Value: None
2023-07-09 18:40:29,288 - root - DEBUG - 2.1.1 Value: 0
2023-07-09 18:40:29,288 - root - DEBUG - 2.1.2 Value: 0
2023-07-09 18:40:29,288 - root - DEBUG - 2.1.3 Value: 1
2023-07-09 18:40:29,288 - root - DEBUG - 2.3 Value: None
2023-07-09 18:40:29,288 - root - DEBUG - 2.3.1 Value: 0
2023-07-09 18:40:29,288 - root - DEBUG - 2.3.2 Value: 0
2023-07-09 18:40:29,288 - root - DEBUG - 2.3.3 Value: 0
2023-07-09 18:40:29,288 - root - DEBUG - 2.4 Value: None
2023-07-09 18:40:29,288 - root - DEBUG - 2.4.1 Value: 0
2023-07-09 18:40:29,288 - root - DEBUG - 2.4.2 Value: 0
2023-07-09 18:40:29,288 - root - DEBUG - 2.4.3 Value: 0
2023-07-09 18:40:29,288 - root - DEBUG - 2.5 Value: None
2023-07-09 18:40:29,288 - root - DEBUG - 2.5.1 Value: 0
2023-07-09 18:40:29,288 - root - DEBUG - 2.5.2 Value: 0
2023-07-09 18:40:29,288 - root - DEBUG - 2.5.3 Value: 0
2023-07-09 18:40:29,288 - root - DEBUG - 5 Value: None
2023-07-09 18:40:29,288 - root - DEBUG - 5.1 Value: None
2023-07-09 18:40:29,288 - root - DEBUG - 5.1.1 Value: None
2023-07-09 18:40:29,288 - root - DEBUG - 5.1.1.4 Value: None
2023-07-09 18:40:29,288 - root - DEBUG - 5.1.1.4.1 Value: 268
2023-07-09 18:40:29,288 - root - DEBUG - 5.1.1.4.2 Value: 156
2023-07-09 18:40:29,288 - root - DEBUG - 5.1.1.4.3 Value: 289
2023-07-09 18:40:29,288 - root - DEBUG - 5.1.1.4.4 Value: 170
2023-07-09 18:40:29,288 - root - DEBUG - 5.1.1.4.5 Value: 18
2023-07-09 18:40:29,288 - root - DEBUG - 5.1.1.4.6 Value: 0
2023-07-09 18:40:29,288 - root - DEBUG - 5.1.1.4.7 Value: 0
2023-07-09 18:40:29,288 - root - DEBUG - 5.1.1.4.8 Value: 2
2023-07-09 18:40:29,288 - root - DEBUG - 5.1.1.4.9 Value: 10
2023-07-09 18:40:29,288 - root - DEBUG - 5.1.4 Value: 1
2023-07-09 18:40:29,288 - root - DEBUG - 5.1.5 Value: 1
2023-07-09 18:40:29,296 - root - DEBUG - 5.1.6 Value: 0
2023-07-09 18:40:29,296 - root - DEBUG - 5.4 Value: None
2023-07-09 18:40:29,296 - root - DEBUG - 5.4.1 Value: 222
2023-07-09 18:40:29,296 - root - DEBUG - 5.4.2 Value: 156
2023-07-09 18:40:29,296 - root - DEBUG - 5.4.3 Value: 12
2023-07-09 18:40:29,296 - root - DEBUG - 5.4.4 Value: 7
2023-07-09 18:40:29,298 - root - DEBUG - 20 Value: None
2023-07-09 18:40:29,298 - root - DEBUG - 20.2 Value: None
2023-07-09 18:40:29,298 - root - DEBUG - 20.2.1 Value: 151
2023-07-09 18:40:29,298 - root - DEBUG - 20.2.2 Value: 162
2023-07-09 18:40:29,298 - root - DEBUG - 20.3 Value: None
2023-07-09 18:40:29,298 - root - DEBUG - 20.3.1 Value: 19
2023-07-09 18:40:29,298 - root - DEBUG - 20.3.2 Value: 83
2023-07-09 18:40:29,298 - root - DEBUG - 20.4 Value: None
2023-07-09 18:40:29,298 - root - DEBUG - 20.4.1 Value: 20
2023-07-09 18:40:29,298 - root - DEBUG - 20.4.2 Value: 113
2023-07-09 18:40:29,298 - root - DEBUG - 20.5 Value: None
2023-07-09 18:40:29,298 - root - DEBUG - 20.5.1 Value: 21
2023-07-09 18:40:29,298 - root - DEBUG - 20.5.2 Value: 124
2023-07-09 18:40:29,298 - root - DEBUG - 20.5.4 Value: None
2023-07-09 18:40:29,298 - root - DEBUG - 20.5.4.1 Value: 139
2023-07-09 18:40:29,298 - root - DEBUG - 20.5.4.2 Value: 150
2023-07-09 18:40:29,298 - root - DEBUG - 20.5.4.3 Value: 22
2023-07-09 18:40:29,298 - root - DEBUG - 0-Info
2023-07-09 18:40:29,298 - root - DEBUG - 0.1-DeviceId
2023-07-09 18:40:29,298 - root - DEBUG - 2-Background
2023-07-09 18:40:29,298 - root - DEBUG - 2.1-Image
2023-07-09 18:40:29,298 - root - DEBUG - 2.1.1-X
2023-07-09 18:40:29,298 - root - DEBUG - 2.1.2-Y
2023-07-09 18:40:29,298 - root - DEBUG - 2.1.3-ImageIndex
2023-07-09 18:40:29,298 - root - DEBUG - 2.3-Preview
2023-07-09 18:40:29,298 - root - DEBUG - 2.3.1-X
2023-07-09 18:40:29,298 - root - DEBUG - 2.3.2-Y
2023-07-09 18:40:29,298 - root - DEBUG - 2.3.3-ImageIndex
2023-07-09 18:40:29,298 - root - DEBUG - 2.4-PreviewTradChinese
2023-07-09 18:40:29,298 - root - DEBUG - 2.4.1-X
2023-07-09 18:40:29,298 - root - DEBUG - 2.4.2-Y
2023-07-09 18:40:29,298 - root - DEBUG - 2.4.3-ImageIndex
2023-07-09 18:40:29,298 - root - DEBUG - 2.5-PreviewChinese
2023-07-09 18:40:29,298 - root - DEBUG - 2.5.1-X
2023-07-09 18:40:29,298 - root - DEBUG - 2.5.2-Y
2023-07-09 18:40:29,298 - root - DEBUG - 2.5.3-ImageIndex
2023-07-09 18:40:29,298 - root - DEBUG - 5-DateBlock
2023-07-09 18:40:29,298 - root - DEBUG - 5.1-Date
2023-07-09 18:40:29,298 - root - DEBUG - 5.1.1-MonthAndDayAlt
2023-07-09 18:40:29,298 - root - DEBUG - 5.1.1.4-Day
2023-07-09 18:40:29,298 - root - DEBUG - 5.1.1.4.1-TopLeftX
2023-07-09 18:40:29,298 - root - DEBUG - 5.1.1.4.2-TopLeftY
2023-07-09 18:40:29,298 - root - DEBUG - 5.1.1.4.3-BottomRightX
2023-07-09 18:40:29,298 - root - DEBUG - 5.1.1.4.4-BottomRightY
2023-07-09 18:40:29,298 - root - DEBUG - 5.1.1.4.5-Alignment
2023-07-09 18:40:29,298 - root - DEBUG - 5.1.1.4.6-Spacing
2023-07-09 18:40:29,298 - root - DEBUG - 5.1.1.4.7-VerticalOffset
2023-07-09 18:40:29,298 - root - DEBUG - 5.1.1.4.8-ImageIndex
2023-07-09 18:40:29,298 - root - DEBUG - 5.1.1.4.9-ImagesCount
2023-07-09 18:40:29,298 - root - DEBUG - 5.1.4-PaddingZeroMonth
2023-07-09 18:40:29,298 - root - DEBUG - 5.1.5-PaddingZeroDay
2023-07-09 18:40:29,298 - root - DEBUG - 5.1.6-UnknownBoolean6
2023-07-09 18:40:29,298 - root - DEBUG - 5.4-Weekday
2023-07-09 18:40:29,298 - root - DEBUG - 5.4.1-X
2023-07-09 18:40:29,298 - root - DEBUG - 5.4.2-Y
2023-07-09 18:40:29,298 - root - DEBUG - 5.4.3-ImageIndex
2023-07-09 18:40:29,298 - root - DEBUG - 5.4.4-ImagesCount
2023-07-09 18:40:29,298 - root - DEBUG - 20-TimeAnalog
2023-07-09 18:40:29,308 - root - DEBUG - 20.2-CommonCenterCoordinates
2023-07-09 18:40:29,308 - root - DEBUG - 20.2.1-X
2023-07-09 18:40:29,308 - root - DEBUG - 20.2.2-Y
2023-07-09 18:40:29,308 - root - DEBUG - 20.3-Hours
2023-07-09 18:40:29,308 - root - DEBUG - 20.3.1-ImageIndex
2023-07-09 18:40:29,308 - root - DEBUG - 20.3.2-PointerCenterOfRotationY
2023-07-09 18:40:29,308 - root - DEBUG - 20.4-Minutes
2023-07-09 18:40:29,308 - root - DEBUG - 20.4.1-ImageIndex
2023-07-09 18:40:29,308 - root - DEBUG - 20.4.2-PointerCenterOfRotationY
2023-07-09 18:40:29,308 - root - DEBUG - 20.5-Seconds
2023-07-09 18:40:29,308 - root - DEBUG - 20.5.1-ImageIndex
2023-07-09 18:40:29,308 - root - DEBUG - 20.5.2-PointerCenterOfRotationY
2023-07-09 18:40:29,308 - root - DEBUG - 20.5.4-CoverImage
2023-07-09 18:40:29,308 - root - DEBUG - 20.5.4.1-X
2023-07-09 18:40:29,308 - root - DEBUG - 20.5.4.2-Y
2023-07-09 18:40:29,308 - root - DEBUG - 20.5.4.3-ImageIndex
2023-07-09 18:40:29,308 - root - DEBUG - generatePreviews
2023-07-09 18:40:29,312 - root - DEBUG - Generating previews...
2023-07-09 18:40:29,318 - root - DEBUG - Generating states done...
2023-07-09 18:40:29,338 - root - DEBUG - >>>>>>>>>>>> 0 <watchFaceParser.models.parameter.Parameter object at 0x00000242F2D4B7F0>
2023-07-09 18:40:29,338 - root - DEBUG - >>>>>>>>>>>> 2 <watchFaceParser.models.parameter.Parameter object at 0x00000242F2D49160>
2023-07-09 18:40:29,348 - root - DEBUG - >>>>>>>>>>>> 5 <watchFaceParser.models.parameter.Parameter object at 0x00000242F2D49340>
2023-07-09 18:40:29,378 - root - DEBUG - >>>>>>>>>>>> 20 <watchFaceParser.models.parameter.Parameter object at 0x00000242F2D4B790>
2023-07-09 18:40:29,535 - root - DEBUG - Generating static preview gen done...
2023-07-09 18:40:29,748 - root - DEBUG - Generating static preview save done...
2023-07-09 18:40:29,748 - root - DEBUG - Generating anim preview gen done...
2023-07-09 18:40:29,748 - root - DEBUG - >>>>>>>>>>>> 0 <watchFaceParser.models.parameter.Parameter object at 0x00000242F2D4B7F0>
2023-07-09 18:40:29,748 - root - DEBUG - >>>>>>>>>>>> 2 <watchFaceParser.models.parameter.Parameter object at 0x00000242F2D49160>
2023-07-09 18:40:29,748 - root - DEBUG - >>>>>>>>>>>> 5 <watchFaceParser.models.parameter.Parameter object at 0x00000242F2D49340>
2023-07-09 18:40:29,748 - root - DEBUG - >>>>>>>>>>>> 20 <watchFaceParser.models.parameter.Parameter object at 0x00000242F2D4B790>
2023-07-09 18:40:30,928 - root - DEBUG - generatePreviews done
2023-07-09 18:40:30,928 - root - DEBUG - Exporting resources to 'E:\Codez\zepp-bipupro-wf\482f5d7da2ac512e11add895038582bc'
2023-07-09 18:40:30,933 - root - DEBUG - extracting E:\Codez\zepp-bipupro-wf\482f5d7da2ac512e11add895038582bc\0000.png...
2023-07-09 18:40:30,968 - root - DEBUG - extracting E:\Codez\zepp-bipupro-wf\482f5d7da2ac512e11add895038582bc\0001.png...
2023-07-09 18:40:31,015 - root - DEBUG - extracting E:\Codez\zepp-bipupro-wf\482f5d7da2ac512e11add895038582bc\0002.png...
2023-07-09 18:40:31,015 - root - DEBUG - extracting E:\Codez\zepp-bipupro-wf\482f5d7da2ac512e11add895038582bc\0003.png...
2023-07-09 18:40:31,018 - root - DEBUG - extracting E:\Codez\zepp-bipupro-wf\482f5d7da2ac512e11add895038582bc\0004.png...
2023-07-09 18:40:31,018 - root - DEBUG - extracting E:\Codez\zepp-bipupro-wf\482f5d7da2ac512e11add895038582bc\0005.png...
2023-07-09 18:40:31,018 - root - DEBUG - extracting E:\Codez\zepp-bipupro-wf\482f5d7da2ac512e11add895038582bc\0006.png...
2023-07-09 18:40:31,018 - root - DEBUG - extracting E:\Codez\zepp-bipupro-wf\482f5d7da2ac512e11add895038582bc\0007.png...
2023-07-09 18:40:31,018 - root - DEBUG - extracting E:\Codez\zepp-bipupro-wf\482f5d7da2ac512e11add895038582bc\0008.png...
2023-07-09 18:40:31,018 - root - DEBUG - extracting E:\Codez\zepp-bipupro-wf\482f5d7da2ac512e11add895038582bc\0009.png...
2023-07-09 18:40:31,018 - root - DEBUG - extracting E:\Codez\zepp-bipupro-wf\482f5d7da2ac512e11add895038582bc\0010.png...
2023-07-09 18:40:31,018 - root - DEBUG - extracting E:\Codez\zepp-bipupro-wf\482f5d7da2ac512e11add895038582bc\0011.png...
2023-07-09 18:40:31,028 - root - DEBUG - extracting E:\Codez\zepp-bipupro-wf\482f5d7da2ac512e11add895038582bc\0012.png...
2023-07-09 18:40:31,028 - root - DEBUG - extracting E:\Codez\zepp-bipupro-wf\482f5d7da2ac512e11add895038582bc\0013.png...
2023-07-09 18:40:31,028 - root - DEBUG - extracting E:\Codez\zepp-bipupro-wf\482f5d7da2ac512e11add895038582bc\0014.png...
2023-07-09 18:40:31,031 - root - DEBUG - extracting E:\Codez\zepp-bipupro-wf\482f5d7da2ac512e11add895038582bc\0015.png...
2023-07-09 18:40:31,031 - root - DEBUG - extracting E:\Codez\zepp-bipupro-wf\482f5d7da2ac512e11add895038582bc\0016.png...
2023-07-09 18:40:31,031 - root - DEBUG - extracting E:\Codez\zepp-bipupro-wf\482f5d7da2ac512e11add895038582bc\0017.png...
2023-07-09 18:40:31,031 - root - DEBUG - extracting E:\Codez\zepp-bipupro-wf\482f5d7da2ac512e11add895038582bc\0018.png...
2023-07-09 18:40:31,031 - root - DEBUG - extracting E:\Codez\zepp-bipupro-wf\482f5d7da2ac512e11add895038582bc\0019.png...
2023-07-09 18:40:31,038 - root - DEBUG - extracting E:\Codez\zepp-bipupro-wf\482f5d7da2ac512e11add895038582bc\0020.png...
2023-07-09 18:40:31,038 - root - DEBUG - extracting E:\Codez\zepp-bipupro-wf\482f5d7da2ac512e11add895038582bc\0021.png...
2023-07-09 18:40:31,038 - root - DEBUG - extracting E:\Codez\zepp-bipupro-wf\482f5d7da2ac512e11add895038582bc\0022.png...
2023-07-09 18:40:31,038 - root - DEBUG - Exporting config...
