2023-07-09 18:42:08,781 - root - DEBUG - Opening watch face 'E:\Codez\zepp-bipupro-wf\a476280438111c7ff1f7706a3ad25f20.bin'
2023-07-09 18:42:08,791 - root - DEBUG - Reading parameters...
2023-07-09 18:42:08,791 - root - INFO - Reading header...
2023-07-09 18:42:08,791 - root - INFO - Header was read:
2023-07-09 18:42:08,791 - root - INFO - Signature: b'UIHH\x01\x00\xff', Unknown: 62, ParametersSize: 32, isValid: True, deviceId: 71
2023-07-09 18:42:08,791 - root - INFO - Reading parameter offsets...
2023-07-09 18:42:08,791 - root - INFO - Parameter offsets were read from file
2023-07-09 18:42:08,791 - root - INFO - Reading parameters descriptor...
2023-07-09 18:42:08,791 - root - INFO - 1 ( A): 5 bytes
2023-07-09 18:42:08,791 - root - INFO -     1 ( 8): 182 B6
2023-07-09 18:42:08,791 - root - INFO -     2 (10): 35 23
2023-07-09 18:42:08,791 - root - INFO - getParameters descriptor was read:
2023-07-09 18:42:08,791 - root - INFO - ParametersTableLength: 182, ImagesCount: 35
2023-07-09 18:42:08,791 - root - INFO - Reading parameters locations...
2023-07-09 18:42:08,791 - root - INFO - 2 (12): 4 bytes
2023-07-09 18:42:08,791 - root - INFO -     1 ( 8): 0  0
2023-07-09 18:42:08,791 - root - INFO -     2 (10): 32 20
2023-07-09 18:42:08,791 - root - INFO - 4 (22): 4 bytes
2023-07-09 18:42:08,791 - root - INFO -     1 ( 8): 66 42
2023-07-09 18:42:08,791 - root - INFO -     2 (10): 54 36
2023-07-09 18:42:08,791 - root - INFO - 5 (2A): 4 bytes
2023-07-09 18:42:08,791 - root - INFO -     1 ( 8): 32 20
2023-07-09 18:42:08,791 - root - INFO -     2 (10): 34 22
2023-07-09 18:42:08,791 - root - INFO - 21 (AA): 4 bytes
2023-07-09 18:42:08,791 - root - INFO -     1 ( 8): 120 78
2023-07-09 18:42:08,791 - root - INFO -     2 (10): 62 3E
2023-07-09 18:42:08,791 - root - INFO - Watch face parameters locations were read:
2023-07-09 18:42:08,791 - root - INFO - Reading descriptor for parameter 2
2023-07-09 18:42:08,791 - root - INFO - Descriptor offset: 0, Descriptor length: 32
2023-07-09 18:42:08,791 - root - INFO - Parsing descriptor for parameter 2...
2023-07-09 18:42:08,791 - root - INFO - 1 ( A): 6 bytes
2023-07-09 18:42:08,801 - root - INFO -     1 ( 8): 0  0
2023-07-09 18:42:08,801 - root - INFO -     2 (10): 0  0
2023-07-09 18:42:08,801 - root - INFO -     3 (18): 0  0
2023-07-09 18:42:08,801 - root - INFO - 3 (1A): 6 bytes
2023-07-09 18:42:08,801 - root - INFO -     1 ( 8): 0  0
2023-07-09 18:42:08,801 - root - INFO -     2 (10): 0  0
2023-07-09 18:42:08,801 - root - INFO -     3 (18): 1  1
2023-07-09 18:42:08,801 - root - INFO - 4 (22): 6 bytes
2023-07-09 18:42:08,801 - root - INFO -     1 ( 8): 0  0
2023-07-09 18:42:08,801 - root - INFO -     2 (10): 0  0
2023-07-09 18:42:08,801 - root - INFO -     3 (18): 1  1
2023-07-09 18:42:08,801 - root - INFO - 5 (2A): 6 bytes
2023-07-09 18:42:08,801 - root - INFO -     1 ( 8): 0  0
2023-07-09 18:42:08,801 - root - INFO -     2 (10): 0  0
2023-07-09 18:42:08,801 - root - INFO -     3 (18): 1  1
2023-07-09 18:42:08,801 - root - INFO - Reading descriptor for parameter 4
2023-07-09 18:42:08,801 - root - INFO - Descriptor offset: 66, Descriptor length: 54
2023-07-09 18:42:08,801 - root - INFO - Parsing descriptor for parameter 4...
2023-07-09 18:42:08,801 - root - INFO - 1 ( A): 24 bytes
2023-07-09 18:42:08,801 - root - INFO -     1 ( A): 22 bytes
2023-07-09 18:42:08,801 - root - INFO -         1 ( 8): 185 B9
2023-07-09 18:42:08,801 - root - INFO -         2 (10): 291 123
2023-07-09 18:42:08,801 - root - INFO -         3 (18): 185 B9
2023-07-09 18:42:08,804 - root - INFO -         4 (20): 291 123
2023-07-09 18:42:08,804 - root - INFO -         5 (28): 18 12
2023-07-09 18:42:08,804 - root - INFO -         6 (30): 0  0
2023-07-09 18:42:08,804 - root - INFO -         7 (38): 0  0
2023-07-09 18:42:08,804 - root - INFO -         8 (40): 4  4
2023-07-09 18:42:08,804 - root - INFO -         9 (48): 10  A
2023-07-09 18:42:08,804 - root - INFO - 3 (1A): 24 bytes
2023-07-09 18:42:08,804 - root - INFO -     1 ( A): 20 bytes
2023-07-09 18:42:08,804 - root - INFO -         1 ( 8): 40 28
2023-07-09 18:42:08,804 - root - INFO -         2 (10): 291 123
2023-07-09 18:42:08,804 - root - INFO -         3 (18): 41 29
2023-07-09 18:42:08,804 - root - INFO -         4 (20): 292 124
2023-07-09 18:42:08,804 - root - INFO -         5 (28): 18 12
2023-07-09 18:42:08,804 - root - INFO -         6 (30): 0  0
2023-07-09 18:42:08,804 - root - INFO -         7 (38): 0  0
2023-07-09 18:42:08,804 - root - INFO -         8 (40): 4  4
2023-07-09 18:42:08,804 - root - INFO -         9 (48): 10  A
2023-07-09 18:42:08,804 - root - INFO -     2 (10): 14  E
2023-07-09 18:42:08,807 - root - INFO - 7 (38): 0  0
2023-07-09 18:42:08,807 - root - INFO - Reading descriptor for parameter 5
2023-07-09 18:42:08,807 - root - INFO - Descriptor offset: 32, Descriptor length: 34
2023-07-09 18:42:08,807 - root - INFO - Parsing descriptor for parameter 5...
2023-07-09 18:42:08,807 - root - INFO - 1 ( A): 6 bytes
2023-07-09 18:42:08,807 - root - INFO -     4 (20): 1  1
2023-07-09 18:42:08,807 - root - INFO -     5 (28): 1  1
2023-07-09 18:42:08,807 - root - INFO -     6 (30): 0  0
2023-07-09 18:42:08,807 - root - INFO - 2 (12): 24 bytes
2023-07-09 18:42:08,807 - root - INFO -     1 ( 8): 0  0
2023-07-09 18:42:08,807 - root - INFO -     2 (10): 0  0
2023-07-09 18:42:08,807 - root - INFO -     5 (28): 2  2
2023-07-09 18:42:08,807 - root - INFO -     6 (30): 3  3
2023-07-09 18:42:08,807 - root - INFO -     8 (42): 6 bytes
2023-07-09 18:42:08,807 - root - INFO -         1 ( 8): 271 10F
2023-07-09 18:42:08,807 - root - INFO -         2 (10): 227 E3
2023-07-09 18:42:08,807 - root - INFO -     9 (4A): 6 bytes
2023-07-09 18:42:08,807 - root - INFO -         1 ( 8): 271 10F
2023-07-09 18:42:08,807 - root - INFO -         2 (10): 227 E3
2023-07-09 18:42:08,807 - root - INFO - Reading descriptor for parameter 21
2023-07-09 18:42:08,811 - root - INFO - Descriptor offset: 120, Descriptor length: 62
2023-07-09 18:42:08,811 - root - INFO - Parsing descriptor for parameter 21...
2023-07-09 18:42:08,811 - root - INFO - 1 ( A): 20 bytes
2023-07-09 18:42:08,811 - root - INFO -     1 ( 8): 14  E
2023-07-09 18:42:08,811 - root - INFO -     2 (10): 222 DE
2023-07-09 18:42:08,811 - root - INFO -     3 (18): 15  F
2023-07-09 18:42:08,811 - root - INFO -     4 (20): 223 DF
2023-07-09 18:42:08,811 - root - INFO -     5 (28): 18 12
2023-07-09 18:42:08,811 - root - INFO -     6 (30): 5  5
2023-07-09 18:42:08,811 - root - INFO -     7 (38): 0  0
2023-07-09 18:42:08,811 - root - INFO -     8 (40): 15  F
2023-07-09 18:42:08,811 - root - INFO -     9 (48): 10  A
2023-07-09 18:42:08,811 - root - INFO - 3 (18): 1  1
2023-07-09 18:42:08,811 - root - INFO - 6 (30): 0  0
2023-07-09 18:42:08,811 - root - INFO - 8 (42): 34 bytes
2023-07-09 18:42:08,811 - root - INFO -     1 ( 8): 1  1
2023-07-09 18:42:08,811 - root - INFO -     2 (12): 22 bytes
2023-07-09 18:42:08,811 - root - INFO -         1 ( 8): 155 9B
2023-07-09 18:42:08,811 - root - INFO -         2 (10): 222 DE
2023-07-09 18:42:08,811 - root - INFO -         3 (18): 156 9C
2023-07-09 18:42:08,811 - root - INFO -         4 (20): 223 DF
2023-07-09 18:42:08,811 - root - INFO -         5 (28): 18 12
2023-07-09 18:42:08,811 - root - INFO -         6 (30): 5  5
2023-07-09 18:42:08,811 - root - INFO -         7 (38): 0  0
2023-07-09 18:42:08,811 - root - INFO -         8 (40): 25 19
2023-07-09 18:42:08,811 - root - INFO -         9 (48): 10  A
2023-07-09 18:42:08,811 - root - INFO -     4 (20): 1  1
2023-07-09 18:42:08,811 - root - INFO -     5 (28): 1  1
2023-07-09 18:42:08,811 - root - INFO -     8 (40): 0  0
2023-07-09 18:42:08,811 - root - INFO -     9 (48): 0  0
2023-07-09 18:42:08,811 - root - INFO - Reading resources offsets table with 35 elements (140 bytes)
2023-07-09 18:42:08,811 - root - INFO - Resource 0 offset: 441, length: 192288...
2023-07-09 18:42:08,811 - root - DEBUG - Reading resource 0...
2023-07-09 18:42:08,876 - root - INFO - The image is bme.
2023-07-09 18:42:08,876 - root - INFO - Reading image header(readHeader16E)...
2023-07-09 18:42:08,876 - root - INFO - Image header was read:
2023-07-09 18:42:08,876 - root - INFO - Width: 302, Height: 320, RowLength: 604
2023-07-09 18:42:08,876 - root - INFO - datalength: 192272, _step: 2
2023-07-09 18:42:08,876 - root - INFO - BPP: 16, Transparency: False
2023-07-09 18:42:09,533 - root - INFO - Resource 1 offset: 192729, length: 86358...
2023-07-09 18:42:09,533 - root - DEBUG - Reading resource 1...
2023-07-09 18:42:09,533 - root - INFO - The image is bme.
2023-07-09 18:42:09,533 - root - INFO - Reading image header(readHeader16E)...
2023-07-09 18:42:09,533 - root - INFO - Image header was read:
2023-07-09 18:42:09,533 - root - INFO - Width: 202, Height: 214, RowLength: 404
2023-07-09 18:42:09,533 - root - INFO - datalength: 86342, _step: 2
2023-07-09 18:42:09,533 - root - INFO - BPP: 16, Transparency: False
2023-07-09 18:42:09,826 - root - INFO - Resource 2 offset: 279087, length: 1160...
2023-07-09 18:42:09,826 - root - DEBUG - Reading resource 2...
2023-07-09 18:42:09,826 - root - INFO - The image is bme.
2023-07-09 18:42:09,826 - root - INFO - Reading image header(readHeader16E)...
2023-07-09 18:42:09,826 - root - INFO - Image header was read:
2023-07-09 18:42:09,826 - root - INFO - Width: 25, Height: 39, RowLength: 50
2023-07-09 18:42:09,826 - root - INFO - datalength: 1144, _step: 2
2023-07-09 18:42:09,826 - root - INFO - BPP: 16, Transparency: False
2023-07-09 18:42:09,831 - root - INFO - Resource 3 offset: 280247, length: 1102...
2023-07-09 18:42:09,831 - root - DEBUG - Reading resource 3...
2023-07-09 18:42:09,831 - root - INFO - The image is bme.
2023-07-09 18:42:09,831 - root - INFO - Reading image header(readHeader16E)...
2023-07-09 18:42:09,831 - root - INFO - Image header was read:
2023-07-09 18:42:09,831 - root - INFO - Width: 25, Height: 39, RowLength: 50
2023-07-09 18:42:09,831 - root - INFO - datalength: 1086, _step: 2
2023-07-09 18:42:09,831 - root - INFO - BPP: 16, Transparency: False
2023-07-09 18:42:09,835 - root - INFO - Resource 4 offset: 281349, length: 534...
2023-07-09 18:42:09,835 - root - DEBUG - Reading resource 4...
2023-07-09 18:42:09,835 - root - INFO - The image is bme.
2023-07-09 18:42:09,835 - root - INFO - Reading image header(readHeader16E)...
2023-07-09 18:42:09,835 - root - INFO - Image header was read:
2023-07-09 18:42:09,835 - root - INFO - Width: 18, Height: 18, RowLength: 36
2023-07-09 18:42:09,835 - root - INFO - datalength: 518, _step: 2
2023-07-09 18:42:09,835 - root - INFO - BPP: 16, Transparency: False
2023-07-09 18:42:09,835 - root - INFO - Resource 5 offset: 281883, length: 194...
2023-07-09 18:42:09,835 - root - DEBUG - Reading resource 5...
2023-07-09 18:42:09,835 - root - INFO - The image is bme.
2023-07-09 18:42:09,835 - root - INFO - Reading image header(readHeader16E)...
2023-07-09 18:42:09,835 - root - INFO - Image header was read:
2023-07-09 18:42:09,835 - root - INFO - Width: 18, Height: 18, RowLength: 36
2023-07-09 18:42:09,835 - root - INFO - datalength: 178, _step: 2
2023-07-09 18:42:09,835 - root - INFO - BPP: 16, Transparency: False
2023-07-09 18:42:09,835 - root - INFO - Resource 6 offset: 282077, length: 386...
2023-07-09 18:42:09,835 - root - DEBUG - Reading resource 6...
2023-07-09 18:42:09,841 - root - INFO - The image is bme.
2023-07-09 18:42:09,841 - root - INFO - Reading image header(readHeader16E)...
2023-07-09 18:42:09,841 - root - INFO - Image header was read:
2023-07-09 18:42:09,841 - root - INFO - Width: 18, Height: 18, RowLength: 36
2023-07-09 18:42:09,841 - root - INFO - datalength: 370, _step: 2
2023-07-09 18:42:09,841 - root - INFO - BPP: 16, Transparency: False
2023-07-09 18:42:09,841 - root - INFO - Resource 7 offset: 282463, length: 402...
2023-07-09 18:42:09,841 - root - DEBUG - Reading resource 7...
2023-07-09 18:42:09,841 - root - INFO - The image is bme.
2023-07-09 18:42:09,841 - root - INFO - Reading image header(readHeader16E)...
2023-07-09 18:42:09,841 - root - INFO - Image header was read:
2023-07-09 18:42:09,841 - root - INFO - Width: 18, Height: 18, RowLength: 36
2023-07-09 18:42:09,841 - root - INFO - datalength: 386, _step: 2
2023-07-09 18:42:09,841 - root - INFO - BPP: 16, Transparency: False
2023-07-09 18:42:09,841 - root - INFO - Resource 8 offset: 282865, length: 360...
2023-07-09 18:42:09,841 - root - DEBUG - Reading resource 8...
2023-07-09 18:42:09,841 - root - INFO - The image is bme.
2023-07-09 18:42:09,841 - root - INFO - Reading image header(readHeader16E)...
2023-07-09 18:42:09,841 - root - INFO - Image header was read:
2023-07-09 18:42:09,841 - root - INFO - Width: 18, Height: 18, RowLength: 36
2023-07-09 18:42:09,841 - root - INFO - datalength: 344, _step: 2
2023-07-09 18:42:09,841 - root - INFO - BPP: 16, Transparency: False
2023-07-09 18:42:09,846 - root - INFO - Resource 9 offset: 283225, length: 388...
2023-07-09 18:42:09,846 - root - DEBUG - Reading resource 9...
2023-07-09 18:42:09,846 - root - INFO - The image is bme.
2023-07-09 18:42:09,846 - root - INFO - Reading image header(readHeader16E)...
2023-07-09 18:42:09,846 - root - INFO - Image header was read:
2023-07-09 18:42:09,846 - root - INFO - Width: 18, Height: 18, RowLength: 36
2023-07-09 18:42:09,846 - root - INFO - datalength: 372, _step: 2
2023-07-09 18:42:09,846 - root - INFO - BPP: 16, Transparency: False
2023-07-09 18:42:09,846 - root - INFO - Resource 10 offset: 283613, length: 410...
2023-07-09 18:42:09,846 - root - DEBUG - Reading resource 10...
2023-07-09 18:42:09,846 - root - INFO - The image is bme.
2023-07-09 18:42:09,846 - root - INFO - Reading image header(readHeader16E)...
2023-07-09 18:42:09,846 - root - INFO - Image header was read:
2023-07-09 18:42:09,846 - root - INFO - Width: 18, Height: 18, RowLength: 36
2023-07-09 18:42:09,846 - root - INFO - datalength: 394, _step: 2
2023-07-09 18:42:09,846 - root - INFO - BPP: 16, Transparency: False
2023-07-09 18:42:09,846 - root - INFO - Resource 11 offset: 284023, length: 220...
2023-07-09 18:42:09,846 - root - DEBUG - Reading resource 11...
2023-07-09 18:42:09,846 - root - INFO - The image is bme.
2023-07-09 18:42:09,846 - root - INFO - Reading image header(readHeader16E)...
2023-07-09 18:42:09,846 - root - INFO - Image header was read:
2023-07-09 18:42:09,846 - root - INFO - Width: 18, Height: 18, RowLength: 36
2023-07-09 18:42:09,846 - root - INFO - datalength: 204, _step: 2
2023-07-09 18:42:09,851 - root - INFO - BPP: 16, Transparency: False
2023-07-09 18:42:09,851 - root - INFO - Resource 12 offset: 284243, length: 452...
2023-07-09 18:42:09,851 - root - DEBUG - Reading resource 12...
2023-07-09 18:42:09,851 - root - INFO - The image is bme.
2023-07-09 18:42:09,851 - root - INFO - Reading image header(readHeader16E)...
2023-07-09 18:42:09,851 - root - INFO - Image header was read:
2023-07-09 18:42:09,851 - root - INFO - Width: 18, Height: 18, RowLength: 36
2023-07-09 18:42:09,851 - root - INFO - datalength: 436, _step: 2
2023-07-09 18:42:09,851 - root - INFO - BPP: 16, Transparency: False
2023-07-09 18:42:09,851 - root - INFO - Resource 13 offset: 284695, length: 422...
2023-07-09 18:42:09,851 - root - DEBUG - Reading resource 13...
2023-07-09 18:42:09,851 - root - INFO - The image is bme.
2023-07-09 18:42:09,851 - root - INFO - Reading image header(readHeader16E)...
2023-07-09 18:42:09,851 - root - INFO - Image header was read:
2023-07-09 18:42:09,851 - root - INFO - Width: 18, Height: 18, RowLength: 36
2023-07-09 18:42:09,851 - root - INFO - datalength: 406, _step: 2
2023-07-09 18:42:09,851 - root - INFO - BPP: 16, Transparency: False
2023-07-09 18:42:09,851 - root - INFO - Resource 14 offset: 285117, length: 546...
2023-07-09 18:42:09,851 - root - DEBUG - Reading resource 14...
2023-07-09 18:42:09,851 - root - INFO - The image is bme.
2023-07-09 18:42:09,851 - root - INFO - Reading image header(readHeader16E)...
2023-07-09 18:42:09,851 - root - INFO - Image header was read:
2023-07-09 18:42:09,851 - root - INFO - Width: 31, Height: 18, RowLength: 62
2023-07-09 18:42:09,851 - root - INFO - datalength: 530, _step: 2
2023-07-09 18:42:09,851 - root - INFO - BPP: 16, Transparency: False
2023-07-09 18:42:09,851 - root - INFO - Resource 15 offset: 285663, length: 3442...
2023-07-09 18:42:09,851 - root - DEBUG - Reading resource 15...
2023-07-09 18:42:09,851 - root - INFO - The image is bme.
2023-07-09 18:42:09,851 - root - INFO - Reading image header(readHeader16E)...
2023-07-09 18:42:09,851 - root - INFO - Image header was read:
2023-07-09 18:42:09,851 - root - INFO - Width: 55, Height: 50, RowLength: 110
2023-07-09 18:42:09,851 - root - INFO - datalength: 3426, _step: 2
2023-07-09 18:42:09,851 - root - INFO - BPP: 16, Transparency: False
2023-07-09 18:42:09,867 - root - INFO - Resource 16 offset: 289105, length: 1424...
2023-07-09 18:42:09,867 - root - DEBUG - Reading resource 16...
2023-07-09 18:42:09,867 - root - INFO - The image is bme.
2023-07-09 18:42:09,867 - root - INFO - Reading image header(readHeader16E)...
2023-07-09 18:42:09,867 - root - INFO - Image header was read:
2023-07-09 18:42:09,867 - root - INFO - Width: 55, Height: 50, RowLength: 110
2023-07-09 18:42:09,867 - root - INFO - datalength: 1408, _step: 2
2023-07-09 18:42:09,867 - root - INFO - BPP: 16, Transparency: False
2023-07-09 18:42:09,871 - root - INFO - Resource 17 offset: 290529, length: 3464...
2023-07-09 18:42:09,871 - root - DEBUG - Reading resource 17...
2023-07-09 18:42:09,871 - root - INFO - The image is bme.
2023-07-09 18:42:09,871 - root - INFO - Reading image header(readHeader16E)...
2023-07-09 18:42:09,871 - root - INFO - Image header was read:
2023-07-09 18:42:09,871 - root - INFO - Width: 55, Height: 50, RowLength: 110
2023-07-09 18:42:09,871 - root - INFO - datalength: 3448, _step: 2
2023-07-09 18:42:09,871 - root - INFO - BPP: 16, Transparency: False
2023-07-09 18:42:09,883 - root - INFO - Resource 18 offset: 293993, length: 3344...
2023-07-09 18:42:09,883 - root - DEBUG - Reading resource 18...
2023-07-09 18:42:09,883 - root - INFO - The image is bme.
2023-07-09 18:42:09,883 - root - INFO - Reading image header(readHeader16E)...
2023-07-09 18:42:09,883 - root - INFO - Image header was read:
2023-07-09 18:42:09,883 - root - INFO - Width: 55, Height: 50, RowLength: 110
2023-07-09 18:42:09,883 - root - INFO - datalength: 3328, _step: 2
2023-07-09 18:42:09,883 - root - INFO - BPP: 16, Transparency: False
2023-07-09 18:42:09,896 - root - INFO - Resource 19 offset: 297337, length: 2662...
2023-07-09 18:42:09,896 - root - DEBUG - Reading resource 19...
2023-07-09 18:42:09,896 - root - INFO - The image is bme.
2023-07-09 18:42:09,896 - root - INFO - Reading image header(readHeader16E)...
2023-07-09 18:42:09,896 - root - INFO - Image header was read:
2023-07-09 18:42:09,896 - root - INFO - Width: 55, Height: 50, RowLength: 110
2023-07-09 18:42:09,896 - root - INFO - datalength: 2646, _step: 2
2023-07-09 18:42:09,896 - root - INFO - BPP: 16, Transparency: False
2023-07-09 18:42:09,906 - root - INFO - Resource 20 offset: 299999, length: 3500...
2023-07-09 18:42:09,906 - root - DEBUG - Reading resource 20...
2023-07-09 18:42:09,906 - root - INFO - The image is bme.
2023-07-09 18:42:09,906 - root - INFO - Reading image header(readHeader16E)...
2023-07-09 18:42:09,906 - root - INFO - Image header was read:
2023-07-09 18:42:09,906 - root - INFO - Width: 55, Height: 50, RowLength: 110
2023-07-09 18:42:09,906 - root - INFO - datalength: 3484, _step: 2
2023-07-09 18:42:09,906 - root - INFO - BPP: 16, Transparency: False
2023-07-09 18:42:09,915 - root - INFO - Resource 21 offset: 303499, length: 3574...
2023-07-09 18:42:09,915 - root - DEBUG - Reading resource 21...
2023-07-09 18:42:09,915 - root - INFO - The image is bme.
2023-07-09 18:42:09,915 - root - INFO - Reading image header(readHeader16E)...
2023-07-09 18:42:09,915 - root - INFO - Image header was read:
2023-07-09 18:42:09,915 - root - INFO - Width: 55, Height: 50, RowLength: 110
2023-07-09 18:42:09,915 - root - INFO - datalength: 3558, _step: 2
2023-07-09 18:42:09,915 - root - INFO - BPP: 16, Transparency: False
2023-07-09 18:42:09,921 - root - INFO - Resource 22 offset: 307073, length: 1876...
2023-07-09 18:42:09,921 - root - DEBUG - Reading resource 22...
2023-07-09 18:42:09,921 - root - INFO - The image is bme.
2023-07-09 18:42:09,921 - root - INFO - Reading image header(readHeader16E)...
2023-07-09 18:42:09,921 - root - INFO - Image header was read:
2023-07-09 18:42:09,931 - root - INFO - Width: 55, Height: 50, RowLength: 110
2023-07-09 18:42:09,931 - root - INFO - datalength: 1860, _step: 2
2023-07-09 18:42:09,931 - root - INFO - BPP: 16, Transparency: False
2023-07-09 18:42:09,931 - root - INFO - Resource 23 offset: 308949, length: 3878...
2023-07-09 18:42:09,931 - root - DEBUG - Reading resource 23...
2023-07-09 18:42:09,931 - root - INFO - The image is bme.
2023-07-09 18:42:09,931 - root - INFO - Reading image header(readHeader16E)...
2023-07-09 18:42:09,931 - root - INFO - Image header was read:
2023-07-09 18:42:09,931 - root - INFO - Width: 55, Height: 50, RowLength: 110
2023-07-09 18:42:09,931 - root - INFO - datalength: 3862, _step: 2
2023-07-09 18:42:09,931 - root - INFO - BPP: 16, Transparency: False
2023-07-09 18:42:09,951 - root - INFO - Resource 24 offset: 312827, length: 3606...
2023-07-09 18:42:09,952 - root - DEBUG - Reading resource 24...
2023-07-09 18:42:09,952 - root - INFO - The image is bme.
2023-07-09 18:42:09,952 - root - INFO - Reading image header(readHeader16E)...
2023-07-09 18:42:09,953 - root - INFO - Image header was read:
2023-07-09 18:42:09,953 - root - INFO - Width: 55, Height: 50, RowLength: 110
2023-07-09 18:42:09,953 - root - INFO - datalength: 3590, _step: 2
2023-07-09 18:42:09,953 - root - INFO - BPP: 16, Transparency: False
2023-07-09 18:42:09,966 - root - INFO - Resource 25 offset: 316433, length: 3442...
2023-07-09 18:42:09,966 - root - DEBUG - Reading resource 25...
2023-07-09 18:42:09,966 - root - INFO - The image is bme.
2023-07-09 18:42:09,966 - root - INFO - Reading image header(readHeader16E)...
2023-07-09 18:42:09,966 - root - INFO - Image header was read:
2023-07-09 18:42:09,966 - root - INFO - Width: 55, Height: 50, RowLength: 110
2023-07-09 18:42:09,967 - root - INFO - datalength: 3426, _step: 2
2023-07-09 18:42:09,967 - root - INFO - BPP: 16, Transparency: False
2023-07-09 18:42:09,976 - root - INFO - Resource 26 offset: 319875, length: 1424...
2023-07-09 18:42:09,976 - root - DEBUG - Reading resource 26...
2023-07-09 18:42:09,977 - root - INFO - The image is bme.
2023-07-09 18:42:09,977 - root - INFO - Reading image header(readHeader16E)...
2023-07-09 18:42:09,977 - root - INFO - Image header was read:
2023-07-09 18:42:09,977 - root - INFO - Width: 55, Height: 50, RowLength: 110
2023-07-09 18:42:09,977 - root - INFO - datalength: 1408, _step: 2
2023-07-09 18:42:09,977 - root - INFO - BPP: 16, Transparency: False
2023-07-09 18:42:09,982 - root - INFO - Resource 27 offset: 321299, length: 3464...
2023-07-09 18:42:09,982 - root - DEBUG - Reading resource 27...
2023-07-09 18:42:09,982 - root - INFO - The image is bme.
2023-07-09 18:42:09,982 - root - INFO - Reading image header(readHeader16E)...
2023-07-09 18:42:09,982 - root - INFO - Image header was read:
2023-07-09 18:42:09,983 - root - INFO - Width: 55, Height: 50, RowLength: 110
2023-07-09 18:42:09,983 - root - INFO - datalength: 3448, _step: 2
2023-07-09 18:42:09,983 - root - INFO - BPP: 16, Transparency: False
2023-07-09 18:42:09,994 - root - INFO - Resource 28 offset: 324763, length: 3344...
2023-07-09 18:42:09,994 - root - DEBUG - Reading resource 28...
2023-07-09 18:42:09,994 - root - INFO - The image is bme.
2023-07-09 18:42:09,994 - root - INFO - Reading image header(readHeader16E)...
2023-07-09 18:42:09,994 - root - INFO - Image header was read:
2023-07-09 18:42:09,995 - root - INFO - Width: 55, Height: 50, RowLength: 110
2023-07-09 18:42:09,995 - root - INFO - datalength: 3328, _step: 2
2023-07-09 18:42:09,995 - root - INFO - BPP: 16, Transparency: False
2023-07-09 18:42:10,001 - root - INFO - Resource 29 offset: 328107, length: 2662...
2023-07-09 18:42:10,001 - root - DEBUG - Reading resource 29...
2023-07-09 18:42:10,001 - root - INFO - The image is bme.
2023-07-09 18:42:10,001 - root - INFO - Reading image header(readHeader16E)...
2023-07-09 18:42:10,001 - root - INFO - Image header was read:
2023-07-09 18:42:10,006 - root - INFO - Width: 55, Height: 50, RowLength: 110
2023-07-09 18:42:10,006 - root - INFO - datalength: 2646, _step: 2
2023-07-09 18:42:10,006 - root - INFO - BPP: 16, Transparency: False
2023-07-09 18:42:10,011 - root - INFO - Resource 30 offset: 330769, length: 3500...
2023-07-09 18:42:10,011 - root - DEBUG - Reading resource 30...
2023-07-09 18:42:10,011 - root - INFO - The image is bme.
2023-07-09 18:42:10,011 - root - INFO - Reading image header(readHeader16E)...
2023-07-09 18:42:10,011 - root - INFO - Image header was read:
2023-07-09 18:42:10,011 - root - INFO - Width: 55, Height: 50, RowLength: 110
2023-07-09 18:42:10,011 - root - INFO - datalength: 3484, _step: 2
2023-07-09 18:42:10,011 - root - INFO - BPP: 16, Transparency: False
2023-07-09 18:42:10,021 - root - INFO - Resource 31 offset: 334269, length: 3574...
2023-07-09 18:42:10,021 - root - DEBUG - Reading resource 31...
2023-07-09 18:42:10,021 - root - INFO - The image is bme.
2023-07-09 18:42:10,021 - root - INFO - Reading image header(readHeader16E)...
2023-07-09 18:42:10,021 - root - INFO - Image header was read:
2023-07-09 18:42:10,021 - root - INFO - Width: 55, Height: 50, RowLength: 110
2023-07-09 18:42:10,021 - root - INFO - datalength: 3558, _step: 2
2023-07-09 18:42:10,021 - root - INFO - BPP: 16, Transparency: False
2023-07-09 18:42:10,031 - root - INFO - Resource 32 offset: 337843, length: 1876...
2023-07-09 18:42:10,031 - root - DEBUG - Reading resource 32...
2023-07-09 18:42:10,031 - root - INFO - The image is bme.
2023-07-09 18:42:10,031 - root - INFO - Reading image header(readHeader16E)...
2023-07-09 18:42:10,031 - root - INFO - Image header was read:
2023-07-09 18:42:10,031 - root - INFO - Width: 55, Height: 50, RowLength: 110
2023-07-09 18:42:10,031 - root - INFO - datalength: 1860, _step: 2
2023-07-09 18:42:10,031 - root - INFO - BPP: 16, Transparency: False
2023-07-09 18:42:10,041 - root - INFO - Resource 33 offset: 339719, length: 3878...
2023-07-09 18:42:10,041 - root - DEBUG - Reading resource 33...
2023-07-09 18:42:10,041 - root - INFO - The image is bme.
2023-07-09 18:42:10,041 - root - INFO - Reading image header(readHeader16E)...
2023-07-09 18:42:10,041 - root - INFO - Image header was read:
2023-07-09 18:42:10,041 - root - INFO - Width: 55, Height: 50, RowLength: 110
2023-07-09 18:42:10,041 - root - INFO - datalength: 3862, _step: 2
2023-07-09 18:42:10,041 - root - INFO - BPP: 16, Transparency: False
2023-07-09 18:42:10,051 - root - INFO - Resource 34 offset: 343597, length: 3606...
2023-07-09 18:42:10,051 - root - DEBUG - Reading resource 34...
2023-07-09 18:42:10,051 - root - INFO - The image is bme.
2023-07-09 18:42:10,051 - root - INFO - Reading image header(readHeader16E)...
2023-07-09 18:42:10,051 - root - INFO - Image header was read:
2023-07-09 18:42:10,051 - root - INFO - Width: 55, Height: 50, RowLength: 110
2023-07-09 18:42:10,051 - root - INFO - datalength: 3590, _step: 2
2023-07-09 18:42:10,051 - root - INFO - BPP: 16, Transparency: False
2023-07-09 18:42:10,063 - root - DEBUG - Parsing parameters...
2023-07-09 18:42:10,181 - root - DEBUG - 0 Value: None
2023-07-09 18:42:10,181 - root - DEBUG - 0.1 Value: 71
2023-07-09 18:42:10,181 - root - DEBUG - 2 Value: None
2023-07-09 18:42:10,181 - root - DEBUG - 2.1 Value: None
2023-07-09 18:42:10,181 - root - DEBUG - 2.1.1 Value: 0
2023-07-09 18:42:10,181 - root - DEBUG - 2.1.2 Value: 0
2023-07-09 18:42:10,181 - root - DEBUG - 2.1.3 Value: 0
2023-07-09 18:42:10,181 - root - DEBUG - 2.3 Value: None
2023-07-09 18:42:10,181 - root - DEBUG - 2.3.1 Value: 0
2023-07-09 18:42:10,181 - root - DEBUG - 2.3.2 Value: 0
2023-07-09 18:42:10,181 - root - DEBUG - 2.3.3 Value: 1
2023-07-09 18:42:10,181 - root - DEBUG - 2.4 Value: None
2023-07-09 18:42:10,181 - root - DEBUG - 2.4.1 Value: 0
2023-07-09 18:42:10,181 - root - DEBUG - 2.4.2 Value: 0
2023-07-09 18:42:10,181 - root - DEBUG - 2.4.3 Value: 1
2023-07-09 18:42:10,181 - root - DEBUG - 2.5 Value: None
2023-07-09 18:42:10,181 - root - DEBUG - 2.5.1 Value: 0
2023-07-09 18:42:10,181 - root - DEBUG - 2.5.2 Value: 0
2023-07-09 18:42:10,181 - root - DEBUG - 2.5.3 Value: 1
2023-07-09 18:42:10,181 - root - DEBUG - 4 Value: None
2023-07-09 18:42:10,181 - root - DEBUG - 4.1 Value: None
2023-07-09 18:42:10,181 - root - DEBUG - 4.1.1 Value: None
2023-07-09 18:42:10,181 - root - DEBUG - 4.1.1.1 Value: 185
2023-07-09 18:42:10,181 - root - DEBUG - 4.1.1.2 Value: 291
2023-07-09 18:42:10,181 - root - DEBUG - 4.1.1.3 Value: 185
2023-07-09 18:42:10,181 - root - DEBUG - 4.1.1.4 Value: 291
2023-07-09 18:42:10,181 - root - DEBUG - 4.1.1.5 Value: 18
2023-07-09 18:42:10,181 - root - DEBUG - 4.1.1.6 Value: 0
2023-07-09 18:42:10,181 - root - DEBUG - 4.1.1.7 Value: 0
2023-07-09 18:42:10,181 - root - DEBUG - 4.1.1.8 Value: 4
2023-07-09 18:42:10,181 - root - DEBUG - 4.1.1.9 Value: 10
2023-07-09 18:42:10,181 - root - DEBUG - 4.3 Value: None
2023-07-09 18:42:10,181 - root - DEBUG - 4.3.1 Value: None
2023-07-09 18:42:10,181 - root - DEBUG - 4.3.1.1 Value: 40
2023-07-09 18:42:10,181 - root - DEBUG - 4.3.1.2 Value: 291
2023-07-09 18:42:10,181 - root - DEBUG - 4.3.1.3 Value: 41
2023-07-09 18:42:10,181 - root - DEBUG - 4.3.1.4 Value: 292
2023-07-09 18:42:10,181 - root - DEBUG - 4.3.1.5 Value: 18
2023-07-09 18:42:10,181 - root - DEBUG - 4.3.1.6 Value: 0
2023-07-09 18:42:10,189 - root - DEBUG - 4.3.1.7 Value: 0
2023-07-09 18:42:10,189 - root - DEBUG - 4.3.1.8 Value: 4
2023-07-09 18:42:10,189 - root - DEBUG - 4.3.1.9 Value: 10
2023-07-09 18:42:10,189 - root - DEBUG - 4.3.2 Value: 14
2023-07-09 18:42:10,189 - root - DEBUG - 4.7 Value: 0
2023-07-09 18:42:10,189 - root - DEBUG - 5 Value: None
2023-07-09 18:42:10,189 - root - DEBUG - 5.1 Value: None
2023-07-09 18:42:10,189 - root - DEBUG - 5.1.4 Value: 1
2023-07-09 18:42:10,189 - root - DEBUG - 5.1.5 Value: 1
2023-07-09 18:42:10,189 - root - DEBUG - 5.1.6 Value: 0
2023-07-09 18:42:10,189 - root - DEBUG - 5.2 Value: None
2023-07-09 18:42:10,189 - root - DEBUG - 5.2.1 Value: 0
2023-07-09 18:42:10,189 - root - DEBUG - 5.2.2 Value: 0
2023-07-09 18:42:10,191 - root - DEBUG - 5.2.5 Value: 2
2023-07-09 18:42:10,191 - root - DEBUG - 5.2.6 Value: 3
2023-07-09 18:42:10,191 - root - DEBUG - 5.2.8 Value: None
2023-07-09 18:42:10,191 - root - DEBUG - 5.2.8.1 Value: 271
2023-07-09 18:42:10,191 - root - DEBUG - 5.2.8.2 Value: 227
2023-07-09 18:42:10,191 - root - DEBUG - 5.2.9 Value: None
2023-07-09 18:42:10,191 - root - DEBUG - 5.2.9.1 Value: 271
2023-07-09 18:42:10,191 - root - DEBUG - 5.2.9.2 Value: 227
2023-07-09 18:42:10,191 - root - DEBUG - 21 Value: None
2023-07-09 18:42:10,191 - root - DEBUG - 21.1 Value: None
2023-07-09 18:42:10,191 - root - DEBUG - 21.1.1 Value: 14
2023-07-09 18:42:10,191 - root - DEBUG - 21.1.2 Value: 222
2023-07-09 18:42:10,191 - root - DEBUG - 21.1.3 Value: 15
2023-07-09 18:42:10,191 - root - DEBUG - 21.1.4 Value: 223
2023-07-09 18:42:10,191 - root - DEBUG - 21.1.5 Value: 18
2023-07-09 18:42:10,191 - root - DEBUG - 21.1.6 Value: 5
2023-07-09 18:42:10,191 - root - DEBUG - 21.1.7 Value: 0
2023-07-09 18:42:10,191 - root - DEBUG - 21.1.8 Value: 15
2023-07-09 18:42:10,191 - root - DEBUG - 21.1.9 Value: 10
2023-07-09 18:42:10,191 - root - DEBUG - 21.3 Value: 1
2023-07-09 18:42:10,191 - root - DEBUG - 21.6 Value: 0
2023-07-09 18:42:10,191 - root - DEBUG - 21.8 Value: None
2023-07-09 18:42:10,191 - root - DEBUG - 21.8.1 Value: 1
2023-07-09 18:42:10,191 - root - DEBUG - 21.8.2 Value: None
2023-07-09 18:42:10,191 - root - DEBUG - 21.8.2.1 Value: 155
2023-07-09 18:42:10,191 - root - DEBUG - 21.8.2.2 Value: 222
2023-07-09 18:42:10,191 - root - DEBUG - 21.8.2.3 Value: 156
2023-07-09 18:42:10,191 - root - DEBUG - 21.8.2.4 Value: 223
2023-07-09 18:42:10,191 - root - DEBUG - 21.8.2.5 Value: 18
2023-07-09 18:42:10,191 - root - DEBUG - 21.8.2.6 Value: 5
2023-07-09 18:42:10,191 - root - DEBUG - 21.8.2.7 Value: 0
2023-07-09 18:42:10,191 - root - DEBUG - 21.8.2.8 Value: 25
2023-07-09 18:42:10,191 - root - DEBUG - 21.8.2.9 Value: 10
2023-07-09 18:42:10,191 - root - DEBUG - 21.8.4 Value: 1
2023-07-09 18:42:10,191 - root - DEBUG - 21.8.5 Value: 1
2023-07-09 18:42:10,191 - root - DEBUG - 21.8.8 Value: 0
2023-07-09 18:42:10,191 - root - DEBUG - 21.8.9 Value: 0
2023-07-09 18:42:10,191 - root - DEBUG - 0-Info
2023-07-09 18:42:10,196 - root - DEBUG - 0.1-DeviceId
2023-07-09 18:42:10,196 - root - DEBUG - 2-Background
2023-07-09 18:42:10,196 - root - DEBUG - 2.1-Image
2023-07-09 18:42:10,196 - root - DEBUG - 2.1.1-X
2023-07-09 18:42:10,196 - root - DEBUG - 2.1.2-Y
2023-07-09 18:42:10,196 - root - DEBUG - 2.1.3-ImageIndex
2023-07-09 18:42:10,196 - root - DEBUG - 2.3-Preview
2023-07-09 18:42:10,196 - root - DEBUG - 2.3.1-X
2023-07-09 18:42:10,196 - root - DEBUG - 2.3.2-Y
2023-07-09 18:42:10,196 - root - DEBUG - 2.3.3-ImageIndex
2023-07-09 18:42:10,196 - root - DEBUG - 2.4-PreviewTradChinese
2023-07-09 18:42:10,196 - root - DEBUG - 2.4.1-X
2023-07-09 18:42:10,196 - root - DEBUG - 2.4.2-Y
2023-07-09 18:42:10,196 - root - DEBUG - 2.4.3-ImageIndex
2023-07-09 18:42:10,196 - root - DEBUG - 2.5-PreviewChinese
2023-07-09 18:42:10,196 - root - DEBUG - 2.5.1-X
2023-07-09 18:42:10,196 - root - DEBUG - 2.5.2-Y
2023-07-09 18:42:10,196 - root - DEBUG - 2.5.3-ImageIndex
2023-07-09 18:42:10,196 - root - DEBUG - 4-Activity
2023-07-09 18:42:10,196 - root - DEBUG - 4.1-Steps
2023-07-09 18:42:10,196 - root - DEBUG - 4.1.1-ImageNumber
2023-07-09 18:42:10,196 - root - DEBUG - 4.1.1.1-TopLeftX
2023-07-09 18:42:10,196 - root - DEBUG - 4.1.1.2-TopLeftY
2023-07-09 18:42:10,196 - root - DEBUG - 4.1.1.3-BottomRightX
2023-07-09 18:42:10,196 - root - DEBUG - 4.1.1.4-BottomRightY
2023-07-09 18:42:10,196 - root - DEBUG - 4.1.1.5-Alignment
2023-07-09 18:42:10,196 - root - DEBUG - 4.1.1.6-Spacing
2023-07-09 18:42:10,201 - root - DEBUG - 4.1.1.7-VerticalOffset
2023-07-09 18:42:10,201 - root - DEBUG - 4.1.1.8-ImageIndex
2023-07-09 18:42:10,201 - root - DEBUG - 4.1.1.9-ImagesCount
2023-07-09 18:42:10,201 - root - DEBUG - 4.3-Calories
2023-07-09 18:42:10,201 - root - DEBUG - 4.3.1-ImageNumber
2023-07-09 18:42:10,201 - root - DEBUG - 4.3.1.1-TopLeftX
2023-07-09 18:42:10,201 - root - DEBUG - 4.3.1.2-TopLeftY
2023-07-09 18:42:10,201 - root - DEBUG - 4.3.1.3-BottomRightX
2023-07-09 18:42:10,201 - root - DEBUG - 4.3.1.4-BottomRightY
2023-07-09 18:42:10,201 - root - DEBUG - 4.3.1.5-Alignment
2023-07-09 18:42:10,201 - root - DEBUG - 4.3.1.6-Spacing
2023-07-09 18:42:10,201 - root - DEBUG - 4.3.1.7-VerticalOffset
2023-07-09 18:42:10,201 - root - DEBUG - 4.3.1.8-ImageIndex
2023-07-09 18:42:10,201 - root - DEBUG - 4.3.1.9-ImagesCount
2023-07-09 18:42:10,201 - root - DEBUG - 4.3.2-SuffixImageIndex
2023-07-09 18:42:10,201 - root - DEBUG - 4.7-UnknownLongValue7
2023-07-09 18:42:10,201 - root - DEBUG - 5-DateBlock
2023-07-09 18:42:10,201 - root - DEBUG - 5.1-Date
2023-07-09 18:42:10,201 - root - DEBUG - 5.1.4-PaddingZeroMonth
2023-07-09 18:42:10,201 - root - DEBUG - 5.1.5-PaddingZeroDay
2023-07-09 18:42:10,201 - root - DEBUG - 5.1.6-UnknownBoolean6
2023-07-09 18:42:10,205 - root - DEBUG - 5.2-AmPm
2023-07-09 18:42:10,205 - root - DEBUG - 5.2.1-CommonX
2023-07-09 18:42:10,205 - root - DEBUG - 5.2.2-CommonY
2023-07-09 18:42:10,205 - root - DEBUG - 5.2.5-AmImageIndexEN
2023-07-09 18:42:10,206 - root - DEBUG - 5.2.6-PmImageIndexEN
2023-07-09 18:42:10,206 - root - DEBUG - 5.2.8-CoordinatesAM
2023-07-09 18:42:10,206 - root - DEBUG - 5.2.8.1-X
2023-07-09 18:42:10,206 - root - DEBUG - 5.2.8.2-Y
2023-07-09 18:42:10,206 - root - DEBUG - 5.2.9-CoordinatesPM
2023-07-09 18:42:10,206 - root - DEBUG - 5.2.9.1-X
2023-07-09 18:42:10,206 - root - DEBUG - 5.2.9.2-Y
2023-07-09 18:42:10,206 - root - DEBUG - 21-TimeDigital
2023-07-09 18:42:10,206 - root - DEBUG - 21.1-Hours
2023-07-09 18:42:10,206 - root - DEBUG - 21.1.1-TopLeftX
2023-07-09 18:42:10,206 - root - DEBUG - 21.1.2-TopLeftY
2023-07-09 18:42:10,206 - root - DEBUG - 21.1.3-BottomRightX
2023-07-09 18:42:10,206 - root - DEBUG - 21.1.4-BottomRightY
2023-07-09 18:42:10,206 - root - DEBUG - 21.1.5-Alignment
2023-07-09 18:42:10,206 - root - DEBUG - 21.1.6-Spacing
2023-07-09 18:42:10,206 - root - DEBUG - 21.1.7-VerticalOffset
2023-07-09 18:42:10,206 - root - DEBUG - 21.1.8-ImageIndex
2023-07-09 18:42:10,206 - root - DEBUG - 21.1.9-ImagesCount
2023-07-09 18:42:10,206 - root - DEBUG - 21.3-PaddingZeroHours
2023-07-09 18:42:10,206 - root - DEBUG - 21.6-HoursFollowPosition
2023-07-09 18:42:10,206 - root - DEBUG - 21.8-Time
2023-07-09 18:42:10,206 - root - DEBUG - 21.8.1-Unknown1
2023-07-09 18:42:10,206 - root - DEBUG - 21.8.2-Minutes
2023-07-09 18:42:10,206 - root - DEBUG - 21.8.2.1-TopLeftX
2023-07-09 18:42:10,206 - root - DEBUG - 21.8.2.2-TopLeftY
2023-07-09 18:42:10,206 - root - DEBUG - 21.8.2.3-BottomRightX
2023-07-09 18:42:10,206 - root - DEBUG - 21.8.2.4-BottomRightY
2023-07-09 18:42:10,211 - root - DEBUG - 21.8.2.5-Alignment
2023-07-09 18:42:10,211 - root - DEBUG - 21.8.2.6-Spacing
2023-07-09 18:42:10,211 - root - DEBUG - 21.8.2.7-VerticalOffset
2023-07-09 18:42:10,211 - root - DEBUG - 21.8.2.8-ImageIndex
2023-07-09 18:42:10,211 - root - DEBUG - 21.8.2.9-ImagesCount
2023-07-09 18:42:10,211 - root - DEBUG - 21.8.4-PaddingZeroMinutes
2023-07-09 18:42:10,211 - root - DEBUG - 21.8.5-PaddingZeroSeconds
2023-07-09 18:42:10,211 - root - DEBUG - 21.8.8-MinutesFollowHours
2023-07-09 18:42:10,211 - root - DEBUG - 21.8.9-SecondsFollowMinutes
2023-07-09 18:42:10,211 - root - DEBUG - generatePreviews
2023-07-09 18:42:10,211 - root - DEBUG - Generating previews...
2023-07-09 18:42:10,211 - root - DEBUG - Generating states done...
2023-07-09 18:42:10,221 - root - DEBUG - >>>>>>>>>>>> 0 <watchFaceParser.models.parameter.Parameter object at 0x000002248CD4D8E0>
2023-07-09 18:42:10,221 - root - DEBUG - >>>>>>>>>>>> 2 <watchFaceParser.models.parameter.Parameter object at 0x000002248CD49340>
2023-07-09 18:42:10,231 - root - DEBUG - >>>>>>>>>>>> 4 <watchFaceParser.models.parameter.Parameter object at 0x000002248CD49520>
2023-07-09 18:42:10,241 - root - DEBUG - >>>>>>>>>>>> 5 <watchFaceParser.models.parameter.Parameter object at 0x000002248CD4C610>
2023-07-09 18:42:10,253 - root - DEBUG - >>>>>>>>>>>> 21 <watchFaceParser.models.parameter.Parameter object at 0x000002248CD4C7C0>
2023-07-09 18:42:10,271 - root - DEBUG - Generating static preview gen done...
2023-07-09 18:42:10,431 - root - DEBUG - Generating static preview save done...
2023-07-09 18:42:10,431 - root - DEBUG - Generating anim preview gen done...
2023-07-09 18:42:10,431 - root - DEBUG - >>>>>>>>>>>> 0 <watchFaceParser.models.parameter.Parameter object at 0x000002248CD4D8E0>
2023-07-09 18:42:10,431 - root - DEBUG - >>>>>>>>>>>> 2 <watchFaceParser.models.parameter.Parameter object at 0x000002248CD49340>
2023-07-09 18:42:10,431 - root - DEBUG - >>>>>>>>>>>> 4 <watchFaceParser.models.parameter.Parameter object at 0x000002248CD49520>
2023-07-09 18:42:10,431 - root - DEBUG - >>>>>>>>>>>> 5 <watchFaceParser.models.parameter.Parameter object at 0x000002248CD4C610>
2023-07-09 18:42:10,431 - root - DEBUG - >>>>>>>>>>>> 21 <watchFaceParser.models.parameter.Parameter object at 0x000002248CD4C7C0>
2023-07-09 18:42:10,594 - root - DEBUG - generatePreviews done
2023-07-09 18:42:10,594 - root - DEBUG - Exporting resources to 'E:\Codez\zepp-bipupro-wf\a476280438111c7ff1f7706a3ad25f20'
2023-07-09 18:42:10,594 - root - DEBUG - extracting E:\Codez\zepp-bipupro-wf\a476280438111c7ff1f7706a3ad25f20\0000.png...
2023-07-09 18:42:10,661 - root - DEBUG - extracting E:\Codez\zepp-bipupro-wf\a476280438111c7ff1f7706a3ad25f20\0001.png...
2023-07-09 18:42:10,701 - root - DEBUG - extracting E:\Codez\zepp-bipupro-wf\a476280438111c7ff1f7706a3ad25f20\0002.png...
2023-07-09 18:42:10,701 - root - DEBUG - extracting E:\Codez\zepp-bipupro-wf\a476280438111c7ff1f7706a3ad25f20\0003.png...
2023-07-09 18:42:10,701 - root - DEBUG - extracting E:\Codez\zepp-bipupro-wf\a476280438111c7ff1f7706a3ad25f20\0004.png...
2023-07-09 18:42:10,701 - root - DEBUG - extracting E:\Codez\zepp-bipupro-wf\a476280438111c7ff1f7706a3ad25f20\0005.png...
2023-07-09 18:42:10,701 - root - DEBUG - extracting E:\Codez\zepp-bipupro-wf\a476280438111c7ff1f7706a3ad25f20\0006.png...
2023-07-09 18:42:10,707 - root - DEBUG - extracting E:\Codez\zepp-bipupro-wf\a476280438111c7ff1f7706a3ad25f20\0007.png...
2023-07-09 18:42:10,707 - root - DEBUG - extracting E:\Codez\zepp-bipupro-wf\a476280438111c7ff1f7706a3ad25f20\0008.png...
2023-07-09 18:42:10,707 - root - DEBUG - extracting E:\Codez\zepp-bipupro-wf\a476280438111c7ff1f7706a3ad25f20\0009.png...
2023-07-09 18:42:10,707 - root - DEBUG - extracting E:\Codez\zepp-bipupro-wf\a476280438111c7ff1f7706a3ad25f20\0010.png...
2023-07-09 18:42:10,711 - root - DEBUG - extracting E:\Codez\zepp-bipupro-wf\a476280438111c7ff1f7706a3ad25f20\0011.png...
2023-07-09 18:42:10,711 - root - DEBUG - extracting E:\Codez\zepp-bipupro-wf\a476280438111c7ff1f7706a3ad25f20\0012.png...
2023-07-09 18:42:10,711 - root - DEBUG - extracting E:\Codez\zepp-bipupro-wf\a476280438111c7ff1f7706a3ad25f20\0013.png...
2023-07-09 18:42:10,711 - root - DEBUG - extracting E:\Codez\zepp-bipupro-wf\a476280438111c7ff1f7706a3ad25f20\0014.png...
2023-07-09 18:42:10,711 - root - DEBUG - extracting E:\Codez\zepp-bipupro-wf\a476280438111c7ff1f7706a3ad25f20\0015.png...
2023-07-09 18:42:10,711 - root - DEBUG - extracting E:\Codez\zepp-bipupro-wf\a476280438111c7ff1f7706a3ad25f20\0016.png...
2023-07-09 18:42:10,711 - root - DEBUG - extracting E:\Codez\zepp-bipupro-wf\a476280438111c7ff1f7706a3ad25f20\0017.png...
2023-07-09 18:42:10,711 - root - DEBUG - extracting E:\Codez\zepp-bipupro-wf\a476280438111c7ff1f7706a3ad25f20\0018.png...
2023-07-09 18:42:10,721 - root - DEBUG - extracting E:\Codez\zepp-bipupro-wf\a476280438111c7ff1f7706a3ad25f20\0019.png...
2023-07-09 18:42:10,722 - root - DEBUG - extracting E:\Codez\zepp-bipupro-wf\a476280438111c7ff1f7706a3ad25f20\0020.png...
2023-07-09 18:42:10,722 - root - DEBUG - extracting E:\Codez\zepp-bipupro-wf\a476280438111c7ff1f7706a3ad25f20\0021.png...
2023-07-09 18:42:10,722 - root - DEBUG - extracting E:\Codez\zepp-bipupro-wf\a476280438111c7ff1f7706a3ad25f20\0022.png...
2023-07-09 18:42:10,722 - root - DEBUG - extracting E:\Codez\zepp-bipupro-wf\a476280438111c7ff1f7706a3ad25f20\0023.png...
2023-07-09 18:42:10,722 - root - DEBUG - extracting E:\Codez\zepp-bipupro-wf\a476280438111c7ff1f7706a3ad25f20\0024.png...
2023-07-09 18:42:10,731 - root - DEBUG - extracting E:\Codez\zepp-bipupro-wf\a476280438111c7ff1f7706a3ad25f20\0025.png...
2023-07-09 18:42:10,731 - root - DEBUG - extracting E:\Codez\zepp-bipupro-wf\a476280438111c7ff1f7706a3ad25f20\0026.png...
2023-07-09 18:42:10,731 - root - DEBUG - extracting E:\Codez\zepp-bipupro-wf\a476280438111c7ff1f7706a3ad25f20\0027.png...
2023-07-09 18:42:10,731 - root - DEBUG - extracting E:\Codez\zepp-bipupro-wf\a476280438111c7ff1f7706a3ad25f20\0028.png...
2023-07-09 18:42:10,738 - root - DEBUG - extracting E:\Codez\zepp-bipupro-wf\a476280438111c7ff1f7706a3ad25f20\0029.png...
2023-07-09 18:42:10,738 - root - DEBUG - extracting E:\Codez\zepp-bipupro-wf\a476280438111c7ff1f7706a3ad25f20\0030.png...
2023-07-09 18:42:10,741 - root - DEBUG - extracting E:\Codez\zepp-bipupro-wf\a476280438111c7ff1f7706a3ad25f20\0031.png...
2023-07-09 18:42:10,741 - root - DEBUG - extracting E:\Codez\zepp-bipupro-wf\a476280438111c7ff1f7706a3ad25f20\0032.png...
2023-07-09 18:42:10,741 - root - DEBUG - extracting E:\Codez\zepp-bipupro-wf\a476280438111c7ff1f7706a3ad25f20\0033.png...
2023-07-09 18:42:10,741 - root - DEBUG - extracting E:\Codez\zepp-bipupro-wf\a476280438111c7ff1f7706a3ad25f20\0034.png...
2023-07-09 18:42:10,741 - root - DEBUG - Exporting config...
