2022-01-06 08:41:38,103 - root - DEBUG - Opening watch face 'E:\Codez\zepp-bipupro-wf\4bad968d1c1b296177786bd6ceeecef3.bin'
2022-01-06 08:41:38,103 - root - DEBUG - Reading parameters...
2022-01-06 08:41:38,103 - root - INFO - Reading header...
2022-01-06 08:41:38,103 - root - INFO - Header was read:
2022-01-06 08:41:38,103 - root - INFO - Signature: b'UIHH\x01\x00\xff', Unknown: 102, ParametersSize: 68, isValid: True, deviceId: 71
2022-01-06 08:41:38,103 - root - INFO - Reading parameter offsets...
2022-01-06 08:41:38,103 - root - INFO - Parameter offsets were read from file
2022-01-06 08:41:38,103 - root - INFO - Reading parameters descriptor...
2022-01-06 08:41:38,103 - root - INFO - 1 ( A): 5 bytes
2022-01-06 08:41:38,103 - root - INFO -     1 ( 8): 348 15C
2022-01-06 08:41:38,103 - root - INFO -     2 (10): 89 59
2022-01-06 08:41:38,103 - root - INFO - getParameters descriptor was read:
2022-01-06 08:41:38,103 - root - INFO - ParametersTableLength: 348, ImagesCount: 89
2022-01-06 08:41:38,103 - root - INFO - Reading parameters locations...
2022-01-06 08:41:38,103 - root - INFO - 2 (12): 4 bytes
2022-01-06 08:41:38,103 - root - INFO -     1 ( 8): 0  0
2022-01-06 08:41:38,103 - root - INFO -     2 (10): 32 20
2022-01-06 08:41:38,103 - root - INFO - 4 (22): 4 bytes
2022-01-06 08:41:38,103 - root - INFO -     1 ( 8): 40 28
2022-01-06 08:41:38,103 - root - INFO -     2 (10): 102 66
2022-01-06 08:41:38,103 - root - INFO - 5 (2A): 4 bytes
2022-01-06 08:41:38,103 - root - INFO -     1 ( 8): 32 20
2022-01-06 08:41:38,103 - root - INFO -     2 (10): 8  8
2022-01-06 08:41:38,103 - root - INFO - 6 (32): 5 bytes
2022-01-06 08:41:38,103 - root - INFO -     1 ( 8): 142 8E
2022-01-06 08:41:38,103 - root - INFO -     2 (10): 95 5F
2022-01-06 08:41:38,103 - root - INFO - 7 (3A): 5 bytes
2022-01-06 08:41:38,103 - root - INFO -     1 ( 8): 237 ED
2022-01-06 08:41:38,103 - root - INFO -     2 (10): 11  B
2022-01-06 08:41:38,103 - root - INFO - 8 (42): 5 bytes
2022-01-06 08:41:38,103 - root - INFO -     1 ( 8): 248 F8
2022-01-06 08:41:38,103 - root - INFO -     2 (10): 23 17
2022-01-06 08:41:38,103 - root - INFO - 9 (4A): 5 bytes
2022-01-06 08:41:38,103 - root - INFO -     1 ( 8): 271 10F
2022-01-06 08:41:38,103 - root - INFO -     2 (10): 28 1C
2022-01-06 08:41:38,103 - root - INFO - 15 (7A): 5 bytes
2022-01-06 08:41:38,103 - root - INFO -     1 ( 8): 299 12B
2022-01-06 08:41:38,103 - root - INFO -     2 (10): 10  A
2022-01-06 08:41:38,119 - root - INFO - 20 (A2): 5 bytes
2022-01-06 08:41:38,119 - root - INFO -     1 ( 8): 309 135
2022-01-06 08:41:38,119 - root - INFO -     2 (10): 39 27
2022-01-06 08:41:38,119 - root - INFO - Watch face parameters locations were read:
2022-01-06 08:41:38,119 - root - INFO - Reading descriptor for parameter 2
2022-01-06 08:41:38,119 - root - INFO - Descriptor offset: 0, Descriptor length: 32
2022-01-06 08:41:38,119 - root - INFO - Parsing descriptor for parameter 2...
2022-01-06 08:41:38,119 - root - INFO - 1 ( A): 6 bytes
2022-01-06 08:41:38,119 - root - INFO -     1 ( 8): 0  0
2022-01-06 08:41:38,119 - root - INFO -     2 (10): 0  0
2022-01-06 08:41:38,119 - root - INFO -     3 (18): 0  0
2022-01-06 08:41:38,119 - root - INFO - 3 (1A): 6 bytes
2022-01-06 08:41:38,119 - root - INFO -     1 ( 8): 0  0
2022-01-06 08:41:38,119 - root - INFO -     2 (10): 0  0
2022-01-06 08:41:38,119 - root - INFO -     3 (18): 1  1
2022-01-06 08:41:38,119 - root - INFO - 4 (22): 6 bytes
2022-01-06 08:41:38,119 - root - INFO -     1 ( 8): 0  0
2022-01-06 08:41:38,119 - root - INFO -     2 (10): 0  0
2022-01-06 08:41:38,119 - root - INFO -     3 (18): 1  1
2022-01-06 08:41:38,119 - root - INFO - 5 (2A): 6 bytes
2022-01-06 08:41:38,119 - root - INFO -     1 ( 8): 0  0
2022-01-06 08:41:38,119 - root - INFO -     2 (10): 0  0
2022-01-06 08:41:38,119 - root - INFO -     3 (18): 1  1
2022-01-06 08:41:38,119 - root - INFO - Reading descriptor for parameter 4
2022-01-06 08:41:38,119 - root - INFO - Descriptor offset: 40, Descriptor length: 102
2022-01-06 08:41:38,119 - root - INFO - Parsing descriptor for parameter 4...
2022-01-06 08:41:38,119 - root - INFO - 1 ( A): 24 bytes
2022-01-06 08:41:38,119 - root - INFO -     1 ( A): 22 bytes
2022-01-06 08:41:38,119 - root - INFO -         1 ( 8): 199 C7
2022-01-06 08:41:38,119 - root - INFO -         2 (10): 156 9C
2022-01-06 08:41:38,119 - root - INFO -         3 (18): 264 108
2022-01-06 08:41:38,119 - root - INFO -         4 (20): 177 B1
2022-01-06 08:41:38,119 - root - INFO -         5 (28): 72 48
2022-01-06 08:41:38,119 - root - INFO -         6 (30): 0  0
2022-01-06 08:41:38,119 - root - INFO -         7 (38): 0  0
2022-01-06 08:41:38,119 - root - INFO -         8 (40): 2  2
2022-01-06 08:41:38,119 - root - INFO -         9 (48): 10  A
2022-01-06 08:41:38,119 - root - INFO - 3 (1A): 22 bytes
2022-01-06 08:41:38,119 - root - INFO -     1 ( A): 20 bytes
2022-01-06 08:41:38,119 - root - INFO -         1 ( 8): 45 2D
2022-01-06 08:41:38,119 - root - INFO -         2 (10): 156 9C
2022-01-06 08:41:38,119 - root - INFO -         3 (18): 97 61
2022-01-06 08:41:38,119 - root - INFO -         4 (20): 177 B1
2022-01-06 08:41:38,119 - root - INFO -         5 (28): 72 48
2022-01-06 08:41:38,119 - root - INFO -         6 (30): 0  0
2022-01-06 08:41:38,119 - root - INFO -         7 (38): 0  0
2022-01-06 08:41:38,119 - root - INFO -         8 (40): 2  2
2022-01-06 08:41:38,119 - root - INFO -         9 (48): 10  A
2022-01-06 08:41:38,119 - root - INFO - 4 (22): 24 bytes
2022-01-06 08:41:38,119 - root - INFO -     1 ( A): 20 bytes
2022-01-06 08:41:38,119 - root - INFO -         1 ( 8): 131 83
2022-01-06 08:41:38,119 - root - INFO -         2 (10): 71 47
2022-01-06 08:41:38,119 - root - INFO -         3 (18): 171 AB
2022-01-06 08:41:38,119 - root - INFO -         4 (20): 92 5C
2022-01-06 08:41:38,119 - root - INFO -         5 (28): 72 48
2022-01-06 08:41:38,119 - root - INFO -         6 (30): 0  0
2022-01-06 08:41:38,119 - root - INFO -         7 (38): 0  0
2022-01-06 08:41:38,119 - root - INFO -         8 (40): 2  2
2022-01-06 08:41:38,119 - root - INFO -         9 (48): 10  A
2022-01-06 08:41:38,119 - root - INFO -     3 (18): 12  C
2022-01-06 08:41:38,119 - root - INFO - 6 (32): 22 bytes
2022-01-06 08:41:38,119 - root - INFO -     1 ( A): 20 bytes
2022-01-06 08:41:38,119 - root - INFO -         1 ( 8): 237 ED
2022-01-06 08:41:38,119 - root - INFO -         2 (10): 20 14
2022-01-06 08:41:38,119 - root - INFO -         3 (18): 276 114
2022-01-06 08:41:38,119 - root - INFO -         4 (20): 44 2C
2022-01-06 08:41:38,119 - root - INFO -         5 (28): 68 44
2022-01-06 08:41:38,119 - root - INFO -         6 (30): 0  0
2022-01-06 08:41:38,119 - root - INFO -         7 (38): 0  0
2022-01-06 08:41:38,119 - root - INFO -         8 (40): 2  2
2022-01-06 08:41:38,119 - root - INFO -         9 (48): 10  A
2022-01-06 08:41:38,119 - root - INFO - 7 (38): 0  0
2022-01-06 08:41:38,119 - root - INFO - Reading descriptor for parameter 5
2022-01-06 08:41:38,119 - root - INFO - Descriptor offset: 32, Descriptor length: 8
2022-01-06 08:41:38,119 - root - INFO - Parsing descriptor for parameter 5...
2022-01-06 08:41:38,119 - root - INFO - 1 ( A): 6 bytes
2022-01-06 08:41:38,119 - root - INFO -     4 (20): 1  1
2022-01-06 08:41:38,119 - root - INFO -     5 (28): 1  1
2022-01-06 08:41:38,119 - root - INFO -     6 (30): 0  0
2022-01-06 08:41:38,119 - root - INFO - Reading descriptor for parameter 6
2022-01-06 08:41:38,119 - root - INFO - Descriptor offset: 142, Descriptor length: 95
2022-01-06 08:41:38,119 - root - INFO - Parsing descriptor for parameter 6...
2022-01-06 08:41:38,119 - root - INFO - 1 ( A): 12 bytes
2022-01-06 08:41:38,119 - root - INFO -     2 (12): 10 bytes
2022-01-06 08:41:38,119 - root - INFO -         1 ( 8): 137 89
2022-01-06 08:41:38,119 - root - INFO -         2 (10): 192 C0
2022-01-06 08:41:38,119 - root - INFO -         3 (18): 13  D
2022-01-06 08:41:38,119 - root - INFO -         4 (20): 26 1A
2022-01-06 08:41:38,119 - root - INFO - 2 (12): 31 bytes
2022-01-06 08:41:38,119 - root - INFO -     1 ( A): 29 bytes
2022-01-06 08:41:38,119 - root - INFO -         1 ( A): 21 bytes
2022-01-06 08:41:38,119 - root - INFO -             1 ( 8): 125 7D
2022-01-06 08:41:38,119 - root - INFO -             2 (10): 228 E4
2022-01-06 08:41:38,119 - root - INFO -             3 (18): 187 BB
2022-01-06 08:41:38,119 - root - INFO -             4 (20): 249 F9
2022-01-06 08:41:38,119 - root - INFO -             5 (28): 72 48
2022-01-06 08:41:38,119 - root - INFO -             6 (30): 0  0
2022-01-06 08:41:38,119 - root - INFO -             7 (38): 0  0
2022-01-06 08:41:38,119 - root - INFO -             8 (40): 2  2
2022-01-06 08:41:38,119 - root - INFO -             9 (48): 10  A
2022-01-06 08:41:38,119 - root - INFO -         2 (10): 40 28
2022-01-06 08:41:38,119 - root - INFO -         3 (18): 39 27
2022-01-06 08:41:38,119 - root - INFO -         5 (28): 41 29
2022-01-06 08:41:38,119 - root - INFO - 4 (22): 24 bytes
2022-01-06 08:41:38,119 - root - INFO -     1 ( A): 20 bytes
2022-01-06 08:41:38,119 - root - INFO -         1 ( 8): 26 1A
2022-01-06 08:41:38,119 - root - INFO -         2 (10): 279 117
2022-01-06 08:41:38,119 - root - INFO -         3 (18): 78 4E
2022-01-06 08:41:38,119 - root - INFO -         4 (20): 300 12C
2022-01-06 08:41:38,119 - root - INFO -         5 (28): 66 42
2022-01-06 08:41:38,119 - root - INFO -         6 (30): 0  0
2022-01-06 08:41:38,119 - root - INFO -         7 (38): 0  0
2022-01-06 08:41:38,119 - root - INFO -         8 (40): 2  2
2022-01-06 08:41:38,119 - root - INFO -         9 (48): 10  A
2022-01-06 08:41:38,119 - root - INFO -     2 (10): 42 2A
2022-01-06 08:41:38,119 - root - INFO - 6 (32): 20 bytes
2022-01-06 08:41:38,119 - root - INFO -     1 ( A): 18 bytes
2022-01-06 08:41:38,119 - root - INFO -         1 ( 8): 26 1A
2022-01-06 08:41:38,119 - root - INFO -         2 (10): 20 14
2022-01-06 08:41:38,119 - root - INFO -         3 (18): 78 4E
2022-01-06 08:41:38,119 - root - INFO -         4 (20): 41 29
2022-01-06 08:41:38,119 - root - INFO -         5 (28): 66 42
2022-01-06 08:41:38,119 - root - INFO -         6 (30): 0  0
2022-01-06 08:41:38,119 - root - INFO -         7 (38): 0  0
2022-01-06 08:41:38,119 - root - INFO -         8 (40): 2  2
2022-01-06 08:41:38,119 - root - INFO -         9 (48): 10  A
2022-01-06 08:41:38,119 - root - INFO - Reading descriptor for parameter 7
2022-01-06 08:41:38,119 - root - INFO - Descriptor offset: 237, Descriptor length: 11
2022-01-06 08:41:38,119 - root - INFO - Parsing descriptor for parameter 7...
2022-01-06 08:41:38,119 - root - INFO - 2 (12): 9 bytes
2022-01-06 08:41:38,119 - root - INFO -     1 ( 8): 180 B4
2022-01-06 08:41:38,119 - root - INFO -     2 (10): 109 6D
2022-01-06 08:41:38,119 - root - INFO -     3 (18): 43 2B
2022-01-06 08:41:38,119 - root - INFO -     4 (20): 20 14
2022-01-06 08:41:38,134 - root - INFO - Reading descriptor for parameter 8
2022-01-06 08:41:38,134 - root - INFO - Descriptor offset: 248, Descriptor length: 23
2022-01-06 08:41:38,134 - root - INFO - Parsing descriptor for parameter 8...
2022-01-06 08:41:38,134 - root - INFO - 3 (1A): 10 bytes
2022-01-06 08:41:38,134 - root - INFO -     1 ( A): 6 bytes
2022-01-06 08:41:38,134 - root - INFO -         1 ( 8): 139 8B
2022-01-06 08:41:38,134 - root - INFO -         2 (10): 280 118
2022-01-06 08:41:38,134 - root - INFO -     3 (18): 63 3F
2022-01-06 08:41:38,134 - root - INFO - 4 (22): 9 bytes
2022-01-06 08:41:38,134 - root - INFO -     1 ( A): 5 bytes
2022-01-06 08:41:38,134 - root - INFO -         1 ( 8): 139 8B
2022-01-06 08:41:38,134 - root - INFO -         2 (10): 15  F
2022-01-06 08:41:38,134 - root - INFO -     2 (10): 64 40
2022-01-06 08:41:38,134 - root - INFO - Reading descriptor for parameter 9
2022-01-06 08:41:38,134 - root - INFO - Descriptor offset: 271, Descriptor length: 28
2022-01-06 08:41:38,134 - root - INFO - Parsing descriptor for parameter 9...
2022-01-06 08:41:38,134 - root - INFO - 1 ( A): 26 bytes
2022-01-06 08:41:38,134 - root - INFO -     1 ( A): 22 bytes
2022-01-06 08:41:38,134 - root - INFO -         1 ( 8): 224 E0
2022-01-06 08:41:38,134 - root - INFO -         2 (10): 279 117
2022-01-06 08:41:38,134 - root - INFO -         3 (18): 276 114
2022-01-06 08:41:38,134 - root - INFO -         4 (20): 300 12C
2022-01-06 08:41:38,134 - root - INFO -         5 (28): 68 44
2022-01-06 08:41:38,134 - root - INFO -         6 (30): 0  0
2022-01-06 08:41:38,134 - root - INFO -         7 (38): 0  0
2022-01-06 08:41:38,134 - root - INFO -         8 (40): 2  2
2022-01-06 08:41:38,134 - root - INFO -         9 (48): 10  A
2022-01-06 08:41:38,134 - root - INFO -     4 (20): 65 41
2022-01-06 08:41:38,134 - root - INFO - Reading descriptor for parameter 15
2022-01-06 08:41:38,134 - root - INFO - Descriptor offset: 299, Descriptor length: 10
2022-01-06 08:41:38,134 - root - INFO - Parsing descriptor for parameter 15...
2022-01-06 08:41:38,134 - root - INFO - 2 (12): 8 bytes
2022-01-06 08:41:38,134 - root - INFO -     1 ( 8): 20 14
2022-01-06 08:41:38,134 - root - INFO -     2 (10): 109 6D
2022-01-06 08:41:38,134 - root - INFO -     3 (18): 66 42
2022-01-06 08:41:38,134 - root - INFO -     4 (20): 20 14
2022-01-06 08:41:38,134 - root - INFO - Reading descriptor for parameter 20
2022-01-06 08:41:38,134 - root - INFO - Descriptor offset: 309, Descriptor length: 39
2022-01-06 08:41:38,134 - root - INFO - Parsing descriptor for parameter 20...
2022-01-06 08:41:38,134 - root - INFO - 3 (1A): 12 bytes
2022-01-06 08:41:38,134 - root - INFO -     1 ( 8): 86 56
2022-01-06 08:41:38,134 - root - INFO -     2 (10): 106 6A
2022-01-06 08:41:38,134 - root - INFO -     3 (1A): 6 bytes
2022-01-06 08:41:38,134 - root - INFO -         1 ( 8): 151 97
2022-01-06 08:41:38,134 - root - INFO -         2 (10): 160 A0
2022-01-06 08:41:38,134 - root - INFO - 4 (22): 23 bytes
2022-01-06 08:41:38,134 - root - INFO -     1 ( 8): 87 57
2022-01-06 08:41:38,134 - root - INFO -     2 (10): 148 94
2022-01-06 08:41:38,134 - root - INFO -     3 (1A): 6 bytes
2022-01-06 08:41:38,134 - root - INFO -         1 ( 8): 151 97
2022-01-06 08:41:38,134 - root - INFO -         2 (10): 160 A0
2022-01-06 08:41:38,134 - root - INFO -     4 (22): 8 bytes
2022-01-06 08:41:38,134 - root - INFO -         1 ( 8): 141 8D
2022-01-06 08:41:38,134 - root - INFO -         2 (10): 150 96
2022-01-06 08:41:38,134 - root - INFO -         3 (18): 88 58
2022-01-06 08:41:38,134 - root - INFO - Reading resources offsets table with 89 elements (356 bytes)
2022-01-06 08:41:38,134 - root - INFO - Resource 0 offset: 859, length: 192288...
2022-01-06 08:41:38,134 - root - DEBUG - Reading resource 0...
2022-01-06 08:41:38,181 - root - INFO - The image is bme.
2022-01-06 08:41:38,181 - root - INFO - Reading image header(readHeader16E)...
2022-01-06 08:41:38,181 - root - INFO - Image header was read:
2022-01-06 08:41:38,181 - root - INFO - Width: 302, Height: 320, RowLength: 604
2022-01-06 08:41:38,181 - root - INFO - datalength: 192272, _step: 2
2022-01-06 08:41:38,181 - root - INFO - BPP: 16, Transparency: False
2022-01-06 08:41:38,572 - root - INFO - Resource 1 offset: 193147, length: 86492...
2022-01-06 08:41:38,572 - root - DEBUG - Reading resource 1...
2022-01-06 08:41:38,572 - root - INFO - The image is bme.
2022-01-06 08:41:38,572 - root - INFO - Reading image header(readHeader16E)...
2022-01-06 08:41:38,572 - root - INFO - Image header was read:
2022-01-06 08:41:38,572 - root - INFO - Width: 202, Height: 214, RowLength: 404
2022-01-06 08:41:38,572 - root - INFO - datalength: 86476, _step: 2
2022-01-06 08:41:38,572 - root - INFO - BPP: 16, Transparency: False
2022-01-06 08:41:38,744 - root - INFO - Resource 2 offset: 279639, length: 530...
2022-01-06 08:41:38,744 - root - DEBUG - Reading resource 2...
2022-01-06 08:41:38,744 - root - INFO - The image is bme.
2022-01-06 08:41:38,744 - root - INFO - Reading image header(readHeader16E)...
2022-01-06 08:41:38,744 - root - INFO - Image header was read:
2022-01-06 08:41:38,744 - root - INFO - Width: 13, Height: 21, RowLength: 26
2022-01-06 08:41:38,744 - root - INFO - datalength: 514, _step: 2
2022-01-06 08:41:38,744 - root - INFO - BPP: 16, Transparency: False
2022-01-06 08:41:38,744 - root - INFO - Resource 3 offset: 280169, length: 326...
2022-01-06 08:41:38,759 - root - DEBUG - Reading resource 3...
2022-01-06 08:41:38,759 - root - INFO - The image is bme.
2022-01-06 08:41:38,759 - root - INFO - Reading image header(readHeader16E)...
2022-01-06 08:41:38,759 - root - INFO - Image header was read:
2022-01-06 08:41:38,759 - root - INFO - Width: 13, Height: 21, RowLength: 26
2022-01-06 08:41:38,759 - root - INFO - datalength: 310, _step: 2
2022-01-06 08:41:38,759 - root - INFO - BPP: 16, Transparency: False
2022-01-06 08:41:38,759 - root - INFO - Resource 4 offset: 280495, length: 400...
2022-01-06 08:41:38,759 - root - DEBUG - Reading resource 4...
2022-01-06 08:41:38,759 - root - INFO - The image is bme.
2022-01-06 08:41:38,759 - root - INFO - Reading image header(readHeader16E)...
2022-01-06 08:41:38,759 - root - INFO - Image header was read:
2022-01-06 08:41:38,759 - root - INFO - Width: 13, Height: 21, RowLength: 26
2022-01-06 08:41:38,759 - root - INFO - datalength: 384, _step: 2
2022-01-06 08:41:38,759 - root - INFO - BPP: 16, Transparency: False
2022-01-06 08:41:38,759 - root - INFO - Resource 5 offset: 280895, length: 434...
2022-01-06 08:41:38,759 - root - DEBUG - Reading resource 5...
2022-01-06 08:41:38,759 - root - INFO - The image is bme.
2022-01-06 08:41:38,759 - root - INFO - Reading image header(readHeader16E)...
2022-01-06 08:41:38,759 - root - INFO - Image header was read:
2022-01-06 08:41:38,759 - root - INFO - Width: 13, Height: 21, RowLength: 26
2022-01-06 08:41:38,759 - root - INFO - datalength: 418, _step: 2
2022-01-06 08:41:38,759 - root - INFO - BPP: 16, Transparency: False
2022-01-06 08:41:38,759 - root - INFO - Resource 6 offset: 281329, length: 408...
2022-01-06 08:41:38,759 - root - DEBUG - Reading resource 6...
2022-01-06 08:41:38,759 - root - INFO - The image is bme.
2022-01-06 08:41:38,759 - root - INFO - Reading image header(readHeader16E)...
2022-01-06 08:41:38,759 - root - INFO - Image header was read:
2022-01-06 08:41:38,759 - root - INFO - Width: 13, Height: 21, RowLength: 26
2022-01-06 08:41:38,759 - root - INFO - datalength: 392, _step: 2
2022-01-06 08:41:38,759 - root - INFO - BPP: 16, Transparency: False
2022-01-06 08:41:38,759 - root - INFO - Resource 7 offset: 281737, length: 472...
2022-01-06 08:41:38,759 - root - DEBUG - Reading resource 7...
2022-01-06 08:41:38,759 - root - INFO - The image is bme.
2022-01-06 08:41:38,759 - root - INFO - Reading image header(readHeader16E)...
2022-01-06 08:41:38,759 - root - INFO - Image header was read:
2022-01-06 08:41:38,759 - root - INFO - Width: 13, Height: 21, RowLength: 26
2022-01-06 08:41:38,759 - root - INFO - datalength: 456, _step: 2
2022-01-06 08:41:38,759 - root - INFO - BPP: 16, Transparency: False
2022-01-06 08:41:38,759 - root - INFO - Resource 8 offset: 282209, length: 494...
2022-01-06 08:41:38,759 - root - DEBUG - Reading resource 8...
2022-01-06 08:41:38,759 - root - INFO - The image is bme.
2022-01-06 08:41:38,759 - root - INFO - Reading image header(readHeader16E)...
2022-01-06 08:41:38,759 - root - INFO - Image header was read:
2022-01-06 08:41:38,759 - root - INFO - Width: 13, Height: 21, RowLength: 26
2022-01-06 08:41:38,759 - root - INFO - datalength: 478, _step: 2
2022-01-06 08:41:38,759 - root - INFO - BPP: 16, Transparency: False
2022-01-06 08:41:38,759 - root - INFO - Resource 9 offset: 282703, length: 386...
2022-01-06 08:41:38,759 - root - DEBUG - Reading resource 9...
2022-01-06 08:41:38,759 - root - INFO - The image is bme.
2022-01-06 08:41:38,759 - root - INFO - Reading image header(readHeader16E)...
2022-01-06 08:41:38,759 - root - INFO - Image header was read:
2022-01-06 08:41:38,759 - root - INFO - Width: 13, Height: 21, RowLength: 26
2022-01-06 08:41:38,759 - root - INFO - datalength: 370, _step: 2
2022-01-06 08:41:38,759 - root - INFO - BPP: 16, Transparency: False
2022-01-06 08:41:38,759 - root - INFO - Resource 10 offset: 283089, length: 522...
2022-01-06 08:41:38,759 - root - DEBUG - Reading resource 10...
2022-01-06 08:41:38,759 - root - INFO - The image is bme.
2022-01-06 08:41:38,759 - root - INFO - Reading image header(readHeader16E)...
2022-01-06 08:41:38,759 - root - INFO - Image header was read:
2022-01-06 08:41:38,759 - root - INFO - Width: 13, Height: 21, RowLength: 26
2022-01-06 08:41:38,759 - root - INFO - datalength: 506, _step: 2
2022-01-06 08:41:38,759 - root - INFO - BPP: 16, Transparency: False
2022-01-06 08:41:38,759 - root - INFO - Resource 11 offset: 283611, length: 512...
2022-01-06 08:41:38,759 - root - DEBUG - Reading resource 11...
2022-01-06 08:41:38,759 - root - INFO - The image is bme.
2022-01-06 08:41:38,759 - root - INFO - Reading image header(readHeader16E)...
2022-01-06 08:41:38,759 - root - INFO - Image header was read:
2022-01-06 08:41:38,759 - root - INFO - Width: 13, Height: 21, RowLength: 26
2022-01-06 08:41:38,759 - root - INFO - datalength: 496, _step: 2
2022-01-06 08:41:38,759 - root - INFO - BPP: 16, Transparency: False
2022-01-06 08:41:38,759 - root - INFO - Resource 12 offset: 284123, length: 148...
2022-01-06 08:41:38,759 - root - DEBUG - Reading resource 12...
2022-01-06 08:41:38,759 - root - INFO - The image is bme.
2022-01-06 08:41:38,759 - root - INFO - Reading image header(readHeader16E)...
2022-01-06 08:41:38,759 - root - INFO - Image header was read:
2022-01-06 08:41:38,759 - root - INFO - Width: 22, Height: 21, RowLength: 44
2022-01-06 08:41:38,759 - root - INFO - datalength: 132, _step: 2
2022-01-06 08:41:38,759 - root - INFO - BPP: 16, Transparency: False
2022-01-06 08:41:38,759 - root - INFO - Resource 13 offset: 284271, length: 908...
2022-01-06 08:41:38,759 - root - DEBUG - Reading resource 13...
2022-01-06 08:41:38,759 - root - INFO - The image is bme.
2022-01-06 08:41:38,759 - root - INFO - Reading image header(readHeader16E)...
2022-01-06 08:41:38,759 - root - INFO - Image header was read:
2022-01-06 08:41:38,759 - root - INFO - Width: 28, Height: 28, RowLength: 56
2022-01-06 08:41:38,759 - root - INFO - datalength: 892, _step: 2
2022-01-06 08:41:38,759 - root - INFO - BPP: 16, Transparency: False
2022-01-06 08:41:38,775 - root - INFO - Resource 14 offset: 285179, length: 996...
2022-01-06 08:41:38,775 - root - DEBUG - Reading resource 14...
2022-01-06 08:41:38,775 - root - INFO - The image is bme.
2022-01-06 08:41:38,775 - root - INFO - Reading image header(readHeader16E)...
2022-01-06 08:41:38,775 - root - INFO - Image header was read:
2022-01-06 08:41:38,775 - root - INFO - Width: 28, Height: 28, RowLength: 56
2022-01-06 08:41:38,775 - root - INFO - datalength: 980, _step: 2
2022-01-06 08:41:38,775 - root - INFO - BPP: 16, Transparency: False
2022-01-06 08:41:38,775 - root - INFO - Resource 15 offset: 286175, length: 1150...
2022-01-06 08:41:38,775 - root - DEBUG - Reading resource 15...
2022-01-06 08:41:38,775 - root - INFO - The image is bme.
2022-01-06 08:41:38,775 - root - INFO - Reading image header(readHeader16E)...
2022-01-06 08:41:38,775 - root - INFO - Image header was read:
2022-01-06 08:41:38,775 - root - INFO - Width: 28, Height: 28, RowLength: 56
2022-01-06 08:41:38,775 - root - INFO - datalength: 1134, _step: 2
2022-01-06 08:41:38,775 - root - INFO - BPP: 16, Transparency: False
2022-01-06 08:41:38,775 - root - INFO - Resource 16 offset: 287325, length: 1056...
2022-01-06 08:41:38,775 - root - DEBUG - Reading resource 16...
2022-01-06 08:41:38,775 - root - INFO - The image is bme.
2022-01-06 08:41:38,775 - root - INFO - Reading image header(readHeader16E)...
2022-01-06 08:41:38,775 - root - INFO - Image header was read:
2022-01-06 08:41:38,775 - root - INFO - Width: 28, Height: 28, RowLength: 56
2022-01-06 08:41:38,775 - root - INFO - datalength: 1040, _step: 2
2022-01-06 08:41:38,775 - root - INFO - BPP: 16, Transparency: False
2022-01-06 08:41:38,775 - root - INFO - Resource 17 offset: 288381, length: 878...
2022-01-06 08:41:38,775 - root - DEBUG - Reading resource 17...
2022-01-06 08:41:38,775 - root - INFO - The image is bme.
2022-01-06 08:41:38,775 - root - INFO - Reading image header(readHeader16E)...
2022-01-06 08:41:38,775 - root - INFO - Image header was read:
2022-01-06 08:41:38,775 - root - INFO - Width: 28, Height: 28, RowLength: 56
2022-01-06 08:41:38,775 - root - INFO - datalength: 862, _step: 2
2022-01-06 08:41:38,775 - root - INFO - BPP: 16, Transparency: False
2022-01-06 08:41:38,775 - root - INFO - Resource 18 offset: 289259, length: 976...
2022-01-06 08:41:38,775 - root - DEBUG - Reading resource 18...
2022-01-06 08:41:38,775 - root - INFO - The image is bme.
2022-01-06 08:41:38,775 - root - INFO - Reading image header(readHeader16E)...
2022-01-06 08:41:38,775 - root - INFO - Image header was read:
2022-01-06 08:41:38,775 - root - INFO - Width: 28, Height: 28, RowLength: 56
2022-01-06 08:41:38,775 - root - INFO - datalength: 960, _step: 2
2022-01-06 08:41:38,775 - root - INFO - BPP: 16, Transparency: False
2022-01-06 08:41:38,775 - root - INFO - Resource 19 offset: 290235, length: 972...
2022-01-06 08:41:38,775 - root - DEBUG - Reading resource 19...
2022-01-06 08:41:38,775 - root - INFO - The image is bme.
2022-01-06 08:41:38,775 - root - INFO - Reading image header(readHeader16E)...
2022-01-06 08:41:38,775 - root - INFO - Image header was read:
2022-01-06 08:41:38,775 - root - INFO - Width: 28, Height: 28, RowLength: 56
2022-01-06 08:41:38,775 - root - INFO - datalength: 956, _step: 2
2022-01-06 08:41:38,775 - root - INFO - BPP: 16, Transparency: False
2022-01-06 08:41:38,791 - root - INFO - Resource 20 offset: 291207, length: 1014...
2022-01-06 08:41:38,791 - root - DEBUG - Reading resource 20...
2022-01-06 08:41:38,791 - root - INFO - The image is bme.
2022-01-06 08:41:38,791 - root - INFO - Reading image header(readHeader16E)...
2022-01-06 08:41:38,791 - root - INFO - Image header was read:
2022-01-06 08:41:38,791 - root - INFO - Width: 28, Height: 28, RowLength: 56
2022-01-06 08:41:38,791 - root - INFO - datalength: 998, _step: 2
2022-01-06 08:41:38,791 - root - INFO - BPP: 16, Transparency: False
2022-01-06 08:41:38,791 - root - INFO - Resource 21 offset: 292221, length: 1066...
2022-01-06 08:41:38,791 - root - DEBUG - Reading resource 21...
2022-01-06 08:41:38,791 - root - INFO - The image is bme.
2022-01-06 08:41:38,791 - root - INFO - Reading image header(readHeader16E)...
2022-01-06 08:41:38,791 - root - INFO - Image header was read:
2022-01-06 08:41:38,791 - root - INFO - Width: 28, Height: 28, RowLength: 56
2022-01-06 08:41:38,791 - root - INFO - datalength: 1050, _step: 2
2022-01-06 08:41:38,791 - root - INFO - BPP: 16, Transparency: False
2022-01-06 08:41:38,791 - root - INFO - Resource 22 offset: 293287, length: 1022...
2022-01-06 08:41:38,791 - root - DEBUG - Reading resource 22...
2022-01-06 08:41:38,791 - root - INFO - The image is bme.
2022-01-06 08:41:38,791 - root - INFO - Reading image header(readHeader16E)...
2022-01-06 08:41:38,791 - root - INFO - Image header was read:
2022-01-06 08:41:38,791 - root - INFO - Width: 28, Height: 28, RowLength: 56
2022-01-06 08:41:38,791 - root - INFO - datalength: 1006, _step: 2
2022-01-06 08:41:38,791 - root - INFO - BPP: 16, Transparency: False
2022-01-06 08:41:38,791 - root - INFO - Resource 23 offset: 294309, length: 1076...
2022-01-06 08:41:38,791 - root - DEBUG - Reading resource 23...
2022-01-06 08:41:38,791 - root - INFO - The image is bme.
2022-01-06 08:41:38,791 - root - INFO - Reading image header(readHeader16E)...
2022-01-06 08:41:38,791 - root - INFO - Image header was read:
2022-01-06 08:41:38,791 - root - INFO - Width: 28, Height: 28, RowLength: 56
2022-01-06 08:41:38,791 - root - INFO - datalength: 1060, _step: 2
2022-01-06 08:41:38,791 - root - INFO - BPP: 16, Transparency: False
2022-01-06 08:41:38,791 - root - INFO - Resource 24 offset: 295385, length: 1070...
2022-01-06 08:41:38,791 - root - DEBUG - Reading resource 24...
2022-01-06 08:41:38,791 - root - INFO - The image is bme.
2022-01-06 08:41:38,791 - root - INFO - Reading image header(readHeader16E)...
2022-01-06 08:41:38,791 - root - INFO - Image header was read:
2022-01-06 08:41:38,791 - root - INFO - Width: 28, Height: 28, RowLength: 56
2022-01-06 08:41:38,791 - root - INFO - datalength: 1054, _step: 2
2022-01-06 08:41:38,791 - root - INFO - BPP: 16, Transparency: False
2022-01-06 08:41:38,791 - root - INFO - Resource 25 offset: 296455, length: 536...
2022-01-06 08:41:38,791 - root - DEBUG - Reading resource 25...
2022-01-06 08:41:38,791 - root - INFO - The image is bme.
2022-01-06 08:41:38,806 - root - INFO - Reading image header(readHeader16E)...
2022-01-06 08:41:38,806 - root - INFO - Image header was read:
2022-01-06 08:41:38,806 - root - INFO - Width: 28, Height: 28, RowLength: 56
2022-01-06 08:41:38,806 - root - INFO - datalength: 520, _step: 2
2022-01-06 08:41:38,806 - root - INFO - BPP: 16, Transparency: False
2022-01-06 08:41:38,806 - root - INFO - Resource 26 offset: 296991, length: 1068...
2022-01-06 08:41:38,806 - root - DEBUG - Reading resource 26...
2022-01-06 08:41:38,806 - root - INFO - The image is bme.
2022-01-06 08:41:38,806 - root - INFO - Reading image header(readHeader16E)...
2022-01-06 08:41:38,806 - root - INFO - Image header was read:
2022-01-06 08:41:38,806 - root - INFO - Width: 28, Height: 28, RowLength: 56
2022-01-06 08:41:38,806 - root - INFO - datalength: 1052, _step: 2
2022-01-06 08:41:38,806 - root - INFO - BPP: 16, Transparency: False
2022-01-06 08:41:38,806 - root - INFO - Resource 27 offset: 298059, length: 756...
2022-01-06 08:41:38,806 - root - DEBUG - Reading resource 27...
2022-01-06 08:41:38,806 - root - INFO - The image is bme.
2022-01-06 08:41:38,806 - root - INFO - Reading image header(readHeader16E)...
2022-01-06 08:41:38,806 - root - INFO - Image header was read:
2022-01-06 08:41:38,806 - root - INFO - Width: 28, Height: 28, RowLength: 56
2022-01-06 08:41:38,806 - root - INFO - datalength: 740, _step: 2
2022-01-06 08:41:38,806 - root - INFO - BPP: 16, Transparency: False
2022-01-06 08:41:38,806 - root - INFO - Resource 28 offset: 298815, length: 838...
2022-01-06 08:41:38,806 - root - DEBUG - Reading resource 28...
2022-01-06 08:41:38,806 - root - INFO - The image is bme.
2022-01-06 08:41:38,806 - root - INFO - Reading image header(readHeader16E)...
2022-01-06 08:41:38,806 - root - INFO - Image header was read:
2022-01-06 08:41:38,806 - root - INFO - Width: 28, Height: 28, RowLength: 56
2022-01-06 08:41:38,806 - root - INFO - datalength: 822, _step: 2
2022-01-06 08:41:38,806 - root - INFO - BPP: 16, Transparency: False
2022-01-06 08:41:38,806 - root - INFO - Resource 29 offset: 299653, length: 1054...
2022-01-06 08:41:38,806 - root - DEBUG - Reading resource 29...
2022-01-06 08:41:38,806 - root - INFO - The image is bme.
2022-01-06 08:41:38,806 - root - INFO - Reading image header(readHeader16E)...
2022-01-06 08:41:38,806 - root - INFO - Image header was read:
2022-01-06 08:41:38,806 - root - INFO - Width: 28, Height: 28, RowLength: 56
2022-01-06 08:41:38,806 - root - INFO - datalength: 1038, _step: 2
2022-01-06 08:41:38,806 - root - INFO - BPP: 16, Transparency: False
2022-01-06 08:41:38,806 - root - INFO - Resource 30 offset: 300707, length: 1152...
2022-01-06 08:41:38,806 - root - DEBUG - Reading resource 30...
2022-01-06 08:41:38,806 - root - INFO - The image is bme.
2022-01-06 08:41:38,806 - root - INFO - Reading image header(readHeader16E)...
2022-01-06 08:41:38,806 - root - INFO - Image header was read:
2022-01-06 08:41:38,806 - root - INFO - Width: 28, Height: 28, RowLength: 56
2022-01-06 08:41:38,806 - root - INFO - datalength: 1136, _step: 2
2022-01-06 08:41:38,806 - root - INFO - BPP: 16, Transparency: False
2022-01-06 08:41:38,822 - root - INFO - Resource 31 offset: 301859, length: 698...
2022-01-06 08:41:38,822 - root - DEBUG - Reading resource 31...
2022-01-06 08:41:38,822 - root - INFO - The image is bme.
2022-01-06 08:41:38,822 - root - INFO - Reading image header(readHeader16E)...
2022-01-06 08:41:38,822 - root - INFO - Image header was read:
2022-01-06 08:41:38,822 - root - INFO - Width: 28, Height: 28, RowLength: 56
2022-01-06 08:41:38,822 - root - INFO - datalength: 682, _step: 2
2022-01-06 08:41:38,822 - root - INFO - BPP: 16, Transparency: False
2022-01-06 08:41:38,822 - root - INFO - Resource 32 offset: 302557, length: 1162...
2022-01-06 08:41:38,822 - root - DEBUG - Reading resource 32...
2022-01-06 08:41:38,822 - root - INFO - The image is bme.
2022-01-06 08:41:38,822 - root - INFO - Reading image header(readHeader16E)...
2022-01-06 08:41:38,822 - root - INFO - Image header was read:
2022-01-06 08:41:38,822 - root - INFO - Width: 28, Height: 28, RowLength: 56
2022-01-06 08:41:38,822 - root - INFO - datalength: 1146, _step: 2
2022-01-06 08:41:38,822 - root - INFO - BPP: 16, Transparency: False
2022-01-06 08:41:38,837 - root - INFO - Resource 33 offset: 303719, length: 1044...
2022-01-06 08:41:38,837 - root - DEBUG - Reading resource 33...
2022-01-06 08:41:38,837 - root - INFO - The image is bme.
2022-01-06 08:41:38,837 - root - INFO - Reading image header(readHeader16E)...
2022-01-06 08:41:38,837 - root - INFO - Image header was read:
2022-01-06 08:41:38,837 - root - INFO - Width: 28, Height: 28, RowLength: 56
2022-01-06 08:41:38,837 - root - INFO - datalength: 1028, _step: 2
2022-01-06 08:41:38,837 - root - INFO - BPP: 16, Transparency: False
2022-01-06 08:41:38,837 - root - INFO - Resource 34 offset: 304763, length: 1058...
2022-01-06 08:41:38,837 - root - DEBUG - Reading resource 34...
2022-01-06 08:41:38,837 - root - INFO - The image is bme.
2022-01-06 08:41:38,837 - root - INFO - Reading image header(readHeader16E)...
2022-01-06 08:41:38,837 - root - INFO - Image header was read:
2022-01-06 08:41:38,837 - root - INFO - Width: 28, Height: 28, RowLength: 56
2022-01-06 08:41:38,837 - root - INFO - datalength: 1042, _step: 2
2022-01-06 08:41:38,837 - root - INFO - BPP: 16, Transparency: False
2022-01-06 08:41:38,837 - root - INFO - Resource 35 offset: 305821, length: 1124...
2022-01-06 08:41:38,837 - root - DEBUG - Reading resource 35...
2022-01-06 08:41:38,837 - root - INFO - The image is bme.
2022-01-06 08:41:38,837 - root - INFO - Reading image header(readHeader16E)...
2022-01-06 08:41:38,837 - root - INFO - Image header was read:
2022-01-06 08:41:38,837 - root - INFO - Width: 28, Height: 28, RowLength: 56
2022-01-06 08:41:38,837 - root - INFO - datalength: 1108, _step: 2
2022-01-06 08:41:38,837 - root - INFO - BPP: 16, Transparency: False
2022-01-06 08:41:38,853 - root - INFO - Resource 36 offset: 306945, length: 690...
2022-01-06 08:41:38,853 - root - DEBUG - Reading resource 36...
2022-01-06 08:41:38,853 - root - INFO - The image is bme.
2022-01-06 08:41:38,853 - root - INFO - Reading image header(readHeader16E)...
2022-01-06 08:41:38,853 - root - INFO - Image header was read:
2022-01-06 08:41:38,853 - root - INFO - Width: 28, Height: 28, RowLength: 56
2022-01-06 08:41:38,853 - root - INFO - datalength: 674, _step: 2
2022-01-06 08:41:38,853 - root - INFO - BPP: 16, Transparency: False
2022-01-06 08:41:38,853 - root - INFO - Resource 37 offset: 307635, length: 576...
2022-01-06 08:41:38,853 - root - DEBUG - Reading resource 37...
2022-01-06 08:41:38,853 - root - INFO - The image is bme.
2022-01-06 08:41:38,853 - root - INFO - Reading image header(readHeader16E)...
2022-01-06 08:41:38,853 - root - INFO - Image header was read:
2022-01-06 08:41:38,853 - root - INFO - Width: 28, Height: 28, RowLength: 56
2022-01-06 08:41:38,853 - root - INFO - datalength: 560, _step: 2
2022-01-06 08:41:38,853 - root - INFO - BPP: 16, Transparency: False
2022-01-06 08:41:38,853 - root - INFO - Resource 38 offset: 308211, length: 1064...
2022-01-06 08:41:38,853 - root - DEBUG - Reading resource 38...
2022-01-06 08:41:38,853 - root - INFO - The image is bme.
2022-01-06 08:41:38,853 - root - INFO - Reading image header(readHeader16E)...
2022-01-06 08:41:38,853 - root - INFO - Image header was read:
2022-01-06 08:41:38,853 - root - INFO - Width: 28, Height: 28, RowLength: 56
2022-01-06 08:41:38,853 - root - INFO - datalength: 1048, _step: 2
2022-01-06 08:41:38,853 - root - INFO - BPP: 16, Transparency: False
2022-01-06 08:41:38,853 - root - INFO - Resource 39 offset: 309275, length: 152...
2022-01-06 08:41:38,853 - root - DEBUG - Reading resource 39...
2022-01-06 08:41:38,853 - root - INFO - The image is bme.
2022-01-06 08:41:38,853 - root - INFO - Reading image header(readHeader16E)...
2022-01-06 08:41:38,853 - root - INFO - Image header was read:
2022-01-06 08:41:38,853 - root - INFO - Width: 10, Height: 21, RowLength: 20
2022-01-06 08:41:38,853 - root - INFO - datalength: 136, _step: 2
2022-01-06 08:41:38,853 - root - INFO - BPP: 16, Transparency: False
2022-01-06 08:41:38,853 - root - INFO - Resource 40 offset: 309427, length: 82...
2022-01-06 08:41:38,853 - root - DEBUG - Reading resource 40...
2022-01-06 08:41:38,853 - root - INFO - The image is bme.
2022-01-06 08:41:38,853 - root - INFO - Reading image header(readHeader16E)...
2022-01-06 08:41:38,853 - root - INFO - Image header was read:
2022-01-06 08:41:38,853 - root - INFO - Width: 13, Height: 21, RowLength: 26
2022-01-06 08:41:38,853 - root - INFO - datalength: 66, _step: 2
2022-01-06 08:41:38,853 - root - INFO - BPP: 16, Transparency: False
2022-01-06 08:41:38,853 - root - INFO - Resource 41 offset: 309509, length: 148...
2022-01-06 08:41:38,853 - root - DEBUG - Reading resource 41...
2022-01-06 08:41:38,853 - root - INFO - The image is bme.
2022-01-06 08:41:38,853 - root - INFO - Reading image header(readHeader16E)...
2022-01-06 08:41:38,853 - root - INFO - Image header was read:
2022-01-06 08:41:38,853 - root - INFO - Width: 29, Height: 21, RowLength: 58
2022-01-06 08:41:38,853 - root - INFO - datalength: 132, _step: 2
2022-01-06 08:41:38,853 - root - INFO - BPP: 16, Transparency: False
2022-01-06 08:41:38,853 - root - INFO - Resource 42 offset: 309657, length: 506...
2022-01-06 08:41:38,853 - root - DEBUG - Reading resource 42...
2022-01-06 08:41:38,853 - root - INFO - The image is bme.
2022-01-06 08:41:38,853 - root - INFO - Reading image header(readHeader16E)...
2022-01-06 08:41:38,853 - root - INFO - Image header was read:
2022-01-06 08:41:38,853 - root - INFO - Width: 13, Height: 21, RowLength: 26
2022-01-06 08:41:38,853 - root - INFO - datalength: 490, _step: 2
2022-01-06 08:41:38,853 - root - INFO - BPP: 16, Transparency: False
2022-01-06 08:41:38,853 - root - INFO - Resource 43 offset: 310163, length: 582...
2022-01-06 08:41:38,853 - root - DEBUG - Reading resource 43...
2022-01-06 08:41:38,853 - root - INFO - The image is bme.
2022-01-06 08:41:38,853 - root - INFO - Reading image header(readHeader16E)...
2022-01-06 08:41:38,853 - root - INFO - Image header was read:
2022-01-06 08:41:38,869 - root - INFO - Width: 102, Height: 102, RowLength: 204
2022-01-06 08:41:38,869 - root - INFO - datalength: 566, _step: 2
2022-01-06 08:41:38,869 - root - INFO - BPP: 16, Transparency: False
2022-01-06 08:41:38,869 - root - INFO - Resource 44 offset: 310745, length: 938...
2022-01-06 08:41:38,869 - root - DEBUG - Reading resource 44...
2022-01-06 08:41:38,869 - root - INFO - The image is bme.
2022-01-06 08:41:38,869 - root - INFO - Reading image header(readHeader16E)...
2022-01-06 08:41:38,869 - root - INFO - Image header was read:
2022-01-06 08:41:38,869 - root - INFO - Width: 102, Height: 102, RowLength: 204
2022-01-06 08:41:38,869 - root - INFO - datalength: 922, _step: 2
2022-01-06 08:41:38,869 - root - INFO - BPP: 16, Transparency: False
2022-01-06 08:41:38,869 - root - INFO - Resource 45 offset: 311683, length: 1306...
2022-01-06 08:41:38,869 - root - DEBUG - Reading resource 45...
2022-01-06 08:41:38,869 - root - INFO - The image is bme.
2022-01-06 08:41:38,869 - root - INFO - Reading image header(readHeader16E)...
2022-01-06 08:41:38,869 - root - INFO - Image header was read:
2022-01-06 08:41:38,869 - root - INFO - Width: 102, Height: 102, RowLength: 204
2022-01-06 08:41:38,869 - root - INFO - datalength: 1290, _step: 2
2022-01-06 08:41:38,869 - root - INFO - BPP: 16, Transparency: False
2022-01-06 08:41:38,869 - root - INFO - Resource 46 offset: 312989, length: 1692...
2022-01-06 08:41:38,869 - root - DEBUG - Reading resource 46...
2022-01-06 08:41:38,869 - root - INFO - The image is bme.
2022-01-06 08:41:38,869 - root - INFO - Reading image header(readHeader16E)...
2022-01-06 08:41:38,869 - root - INFO - Image header was read:
2022-01-06 08:41:38,869 - root - INFO - Width: 102, Height: 102, RowLength: 204
2022-01-06 08:41:38,869 - root - INFO - datalength: 1676, _step: 2
2022-01-06 08:41:38,869 - root - INFO - BPP: 16, Transparency: False
2022-01-06 08:41:38,869 - root - INFO - Resource 47 offset: 314681, length: 2082...
2022-01-06 08:41:38,869 - root - DEBUG - Reading resource 47...
2022-01-06 08:41:38,869 - root - INFO - The image is bme.
2022-01-06 08:41:38,869 - root - INFO - Reading image header(readHeader16E)...
2022-01-06 08:41:38,869 - root - INFO - Image header was read:
2022-01-06 08:41:38,869 - root - INFO - Width: 102, Height: 102, RowLength: 204
2022-01-06 08:41:38,869 - root - INFO - datalength: 2066, _step: 2
2022-01-06 08:41:38,869 - root - INFO - BPP: 16, Transparency: False
2022-01-06 08:41:38,884 - root - INFO - Resource 48 offset: 316763, length: 2480...
2022-01-06 08:41:38,884 - root - DEBUG - Reading resource 48...
2022-01-06 08:41:38,884 - root - INFO - The image is bme.
2022-01-06 08:41:38,884 - root - INFO - Reading image header(readHeader16E)...
2022-01-06 08:41:38,884 - root - INFO - Image header was read:
2022-01-06 08:41:38,884 - root - INFO - Width: 102, Height: 102, RowLength: 204
2022-01-06 08:41:38,884 - root - INFO - datalength: 2464, _step: 2
2022-01-06 08:41:38,884 - root - INFO - BPP: 16, Transparency: False
2022-01-06 08:41:38,884 - root - INFO - Resource 49 offset: 319243, length: 2876...
2022-01-06 08:41:38,884 - root - DEBUG - Reading resource 49...
2022-01-06 08:41:38,884 - root - INFO - The image is bme.
2022-01-06 08:41:38,884 - root - INFO - Reading image header(readHeader16E)...
2022-01-06 08:41:38,884 - root - INFO - Image header was read:
2022-01-06 08:41:38,884 - root - INFO - Width: 102, Height: 102, RowLength: 204
2022-01-06 08:41:38,884 - root - INFO - datalength: 2860, _step: 2
2022-01-06 08:41:38,884 - root - INFO - BPP: 16, Transparency: False
2022-01-06 08:41:38,900 - root - INFO - Resource 50 offset: 322119, length: 3250...
2022-01-06 08:41:38,900 - root - DEBUG - Reading resource 50...
2022-01-06 08:41:38,900 - root - INFO - The image is bme.
2022-01-06 08:41:38,900 - root - INFO - Reading image header(readHeader16E)...
2022-01-06 08:41:38,900 - root - INFO - Image header was read:
2022-01-06 08:41:38,900 - root - INFO - Width: 102, Height: 102, RowLength: 204
2022-01-06 08:41:38,900 - root - INFO - datalength: 3234, _step: 2
2022-01-06 08:41:38,900 - root - INFO - BPP: 16, Transparency: False
2022-01-06 08:41:38,900 - root - INFO - Resource 51 offset: 325369, length: 3594...
2022-01-06 08:41:38,900 - root - DEBUG - Reading resource 51...
2022-01-06 08:41:38,900 - root - INFO - The image is bme.
2022-01-06 08:41:38,900 - root - INFO - Reading image header(readHeader16E)...
2022-01-06 08:41:38,900 - root - INFO - Image header was read:
2022-01-06 08:41:38,900 - root - INFO - Width: 102, Height: 102, RowLength: 204
2022-01-06 08:41:38,900 - root - INFO - datalength: 3578, _step: 2
2022-01-06 08:41:38,900 - root - INFO - BPP: 16, Transparency: False
2022-01-06 08:41:38,916 - root - INFO - Resource 52 offset: 328963, length: 3914...
2022-01-06 08:41:38,916 - root - DEBUG - Reading resource 52...
2022-01-06 08:41:38,916 - root - INFO - The image is bme.
2022-01-06 08:41:38,916 - root - INFO - Reading image header(readHeader16E)...
2022-01-06 08:41:38,916 - root - INFO - Image header was read:
2022-01-06 08:41:38,916 - root - INFO - Width: 102, Height: 102, RowLength: 204
2022-01-06 08:41:38,916 - root - INFO - datalength: 3898, _step: 2
2022-01-06 08:41:38,916 - root - INFO - BPP: 16, Transparency: False
2022-01-06 08:41:38,931 - root - INFO - Resource 53 offset: 332877, length: 4246...
2022-01-06 08:41:38,931 - root - DEBUG - Reading resource 53...
2022-01-06 08:41:38,931 - root - INFO - The image is bme.
2022-01-06 08:41:38,931 - root - INFO - Reading image header(readHeader16E)...
2022-01-06 08:41:38,931 - root - INFO - Image header was read:
2022-01-06 08:41:38,931 - root - INFO - Width: 102, Height: 102, RowLength: 204
2022-01-06 08:41:38,931 - root - INFO - datalength: 4230, _step: 2
2022-01-06 08:41:38,931 - root - INFO - BPP: 16, Transparency: False
2022-01-06 08:41:38,947 - root - INFO - Resource 54 offset: 337123, length: 4600...
2022-01-06 08:41:38,947 - root - DEBUG - Reading resource 54...
2022-01-06 08:41:38,947 - root - INFO - The image is bme.
2022-01-06 08:41:38,947 - root - INFO - Reading image header(readHeader16E)...
2022-01-06 08:41:38,947 - root - INFO - Image header was read:
2022-01-06 08:41:38,947 - root - INFO - Width: 102, Height: 102, RowLength: 204
2022-01-06 08:41:38,947 - root - INFO - datalength: 4584, _step: 2
2022-01-06 08:41:38,947 - root - INFO - BPP: 16, Transparency: False
2022-01-06 08:41:38,947 - root - INFO - Resource 55 offset: 341723, length: 4972...
2022-01-06 08:41:38,947 - root - DEBUG - Reading resource 55...
2022-01-06 08:41:38,947 - root - INFO - The image is bme.
2022-01-06 08:41:38,947 - root - INFO - Reading image header(readHeader16E)...
2022-01-06 08:41:38,947 - root - INFO - Image header was read:
2022-01-06 08:41:38,947 - root - INFO - Width: 102, Height: 102, RowLength: 204
2022-01-06 08:41:38,947 - root - INFO - datalength: 4956, _step: 2
2022-01-06 08:41:38,947 - root - INFO - BPP: 16, Transparency: False
2022-01-06 08:41:38,962 - root - INFO - Resource 56 offset: 346695, length: 5368...
2022-01-06 08:41:38,962 - root - DEBUG - Reading resource 56...
2022-01-06 08:41:38,962 - root - INFO - The image is bme.
2022-01-06 08:41:38,962 - root - INFO - Reading image header(readHeader16E)...
2022-01-06 08:41:38,962 - root - INFO - Image header was read:
2022-01-06 08:41:38,962 - root - INFO - Width: 102, Height: 102, RowLength: 204
2022-01-06 08:41:38,962 - root - INFO - datalength: 5352, _step: 2
2022-01-06 08:41:38,962 - root - INFO - BPP: 16, Transparency: False
2022-01-06 08:41:38,978 - root - INFO - Resource 57 offset: 352063, length: 5748...
2022-01-06 08:41:38,978 - root - DEBUG - Reading resource 57...
2022-01-06 08:41:38,978 - root - INFO - The image is bme.
2022-01-06 08:41:38,978 - root - INFO - Reading image header(readHeader16E)...
2022-01-06 08:41:38,978 - root - INFO - Image header was read:
2022-01-06 08:41:38,978 - root - INFO - Width: 102, Height: 102, RowLength: 204
2022-01-06 08:41:38,978 - root - INFO - datalength: 5732, _step: 2
2022-01-06 08:41:38,978 - root - INFO - BPP: 16, Transparency: False
2022-01-06 08:41:38,994 - root - INFO - Resource 58 offset: 357811, length: 6146...
2022-01-06 08:41:38,994 - root - DEBUG - Reading resource 58...
2022-01-06 08:41:38,994 - root - INFO - The image is bme.
2022-01-06 08:41:38,994 - root - INFO - Reading image header(readHeader16E)...
2022-01-06 08:41:38,994 - root - INFO - Image header was read:
2022-01-06 08:41:38,994 - root - INFO - Width: 102, Height: 102, RowLength: 204
2022-01-06 08:41:38,994 - root - INFO - datalength: 6130, _step: 2
2022-01-06 08:41:38,994 - root - INFO - BPP: 16, Transparency: False
2022-01-06 08:41:38,994 - root - INFO - Resource 59 offset: 363957, length: 6540...
2022-01-06 08:41:38,994 - root - DEBUG - Reading resource 59...
2022-01-06 08:41:38,994 - root - INFO - The image is bme.
2022-01-06 08:41:38,994 - root - INFO - Reading image header(readHeader16E)...
2022-01-06 08:41:38,994 - root - INFO - Image header was read:
2022-01-06 08:41:38,994 - root - INFO - Width: 102, Height: 102, RowLength: 204
2022-01-06 08:41:38,994 - root - INFO - datalength: 6524, _step: 2
2022-01-06 08:41:38,994 - root - INFO - BPP: 16, Transparency: False
2022-01-06 08:41:39,009 - root - INFO - Resource 60 offset: 370497, length: 6912...
2022-01-06 08:41:39,009 - root - DEBUG - Reading resource 60...
2022-01-06 08:41:39,009 - root - INFO - The image is bme.
2022-01-06 08:41:39,009 - root - INFO - Reading image header(readHeader16E)...
2022-01-06 08:41:39,009 - root - INFO - Image header was read:
2022-01-06 08:41:39,009 - root - INFO - Width: 102, Height: 102, RowLength: 204
2022-01-06 08:41:39,009 - root - INFO - datalength: 6896, _step: 2
2022-01-06 08:41:39,009 - root - INFO - BPP: 16, Transparency: False
2022-01-06 08:41:39,025 - root - INFO - Resource 61 offset: 377409, length: 7264...
2022-01-06 08:41:39,025 - root - DEBUG - Reading resource 61...
2022-01-06 08:41:39,025 - root - INFO - The image is bme.
2022-01-06 08:41:39,025 - root - INFO - Reading image header(readHeader16E)...
2022-01-06 08:41:39,025 - root - INFO - Image header was read:
2022-01-06 08:41:39,025 - root - INFO - Width: 102, Height: 102, RowLength: 204
2022-01-06 08:41:39,025 - root - INFO - datalength: 7248, _step: 2
2022-01-06 08:41:39,025 - root - INFO - BPP: 16, Transparency: False
2022-01-06 08:41:39,041 - root - INFO - Resource 62 offset: 384673, length: 7346...
2022-01-06 08:41:39,041 - root - DEBUG - Reading resource 62...
2022-01-06 08:41:39,041 - root - INFO - The image is bme.
2022-01-06 08:41:39,041 - root - INFO - Reading image header(readHeader16E)...
2022-01-06 08:41:39,041 - root - INFO - Image header was read:
2022-01-06 08:41:39,041 - root - INFO - Width: 102, Height: 102, RowLength: 204
2022-01-06 08:41:39,041 - root - INFO - datalength: 7330, _step: 2
2022-01-06 08:41:39,041 - root - INFO - BPP: 16, Transparency: False
2022-01-06 08:41:39,056 - root - INFO - Resource 63 offset: 392019, length: 928...
2022-01-06 08:41:39,056 - root - DEBUG - Reading resource 63...
2022-01-06 08:41:39,056 - root - INFO - The image is bme.
2022-01-06 08:41:39,056 - root - INFO - Reading image header(readHeader16E)...
2022-01-06 08:41:39,056 - root - INFO - Image header was read:
2022-01-06 08:41:39,056 - root - INFO - Width: 25, Height: 25, RowLength: 50
2022-01-06 08:41:39,056 - root - INFO - datalength: 912, _step: 2
2022-01-06 08:41:39,056 - root - INFO - BPP: 16, Transparency: False
2022-01-06 08:41:39,056 - root - INFO - Resource 64 offset: 392947, length: 966...
2022-01-06 08:41:39,056 - root - DEBUG - Reading resource 64...
2022-01-06 08:41:39,056 - root - INFO - The image is bme.
2022-01-06 08:41:39,056 - root - INFO - Reading image header(readHeader16E)...
2022-01-06 08:41:39,056 - root - INFO - Image header was read:
2022-01-06 08:41:39,056 - root - INFO - Width: 25, Height: 25, RowLength: 50
2022-01-06 08:41:39,056 - root - INFO - datalength: 950, _step: 2
2022-01-06 08:41:39,056 - root - INFO - BPP: 16, Transparency: False
2022-01-06 08:41:39,056 - root - INFO - Resource 65 offset: 393913, length: 506...
2022-01-06 08:41:39,056 - root - DEBUG - Reading resource 65...
2022-01-06 08:41:39,056 - root - INFO - The image is bme.
2022-01-06 08:41:39,056 - root - INFO - Reading image header(readHeader16E)...
2022-01-06 08:41:39,056 - root - INFO - Image header was read:
2022-01-06 08:41:39,056 - root - INFO - Width: 13, Height: 21, RowLength: 26
2022-01-06 08:41:39,056 - root - INFO - datalength: 490, _step: 2
2022-01-06 08:41:39,056 - root - INFO - BPP: 16, Transparency: False
2022-01-06 08:41:39,056 - root - INFO - Resource 66 offset: 394419, length: 582...
2022-01-06 08:41:39,056 - root - DEBUG - Reading resource 66...
2022-01-06 08:41:39,056 - root - INFO - The image is bme.
2022-01-06 08:41:39,056 - root - INFO - Reading image header(readHeader16E)...
2022-01-06 08:41:39,056 - root - INFO - Image header was read:
2022-01-06 08:41:39,056 - root - INFO - Width: 102, Height: 102, RowLength: 204
2022-01-06 08:41:39,056 - root - INFO - datalength: 566, _step: 2
2022-01-06 08:41:39,056 - root - INFO - BPP: 16, Transparency: False
2022-01-06 08:41:39,056 - root - INFO - Resource 67 offset: 395001, length: 938...
2022-01-06 08:41:39,056 - root - DEBUG - Reading resource 67...
2022-01-06 08:41:39,056 - root - INFO - The image is bme.
2022-01-06 08:41:39,056 - root - INFO - Reading image header(readHeader16E)...
2022-01-06 08:41:39,056 - root - INFO - Image header was read:
2022-01-06 08:41:39,056 - root - INFO - Width: 102, Height: 102, RowLength: 204
2022-01-06 08:41:39,056 - root - INFO - datalength: 922, _step: 2
2022-01-06 08:41:39,056 - root - INFO - BPP: 16, Transparency: False
2022-01-06 08:41:39,072 - root - INFO - Resource 68 offset: 395939, length: 1306...
2022-01-06 08:41:39,072 - root - DEBUG - Reading resource 68...
2022-01-06 08:41:39,072 - root - INFO - The image is bme.
2022-01-06 08:41:39,072 - root - INFO - Reading image header(readHeader16E)...
2022-01-06 08:41:39,072 - root - INFO - Image header was read:
2022-01-06 08:41:39,072 - root - INFO - Width: 102, Height: 102, RowLength: 204
2022-01-06 08:41:39,072 - root - INFO - datalength: 1290, _step: 2
2022-01-06 08:41:39,072 - root - INFO - BPP: 16, Transparency: False
2022-01-06 08:41:39,072 - root - INFO - Resource 69 offset: 397245, length: 1692...
2022-01-06 08:41:39,072 - root - DEBUG - Reading resource 69...
2022-01-06 08:41:39,072 - root - INFO - The image is bme.
2022-01-06 08:41:39,072 - root - INFO - Reading image header(readHeader16E)...
2022-01-06 08:41:39,072 - root - INFO - Image header was read:
2022-01-06 08:41:39,072 - root - INFO - Width: 102, Height: 102, RowLength: 204
2022-01-06 08:41:39,072 - root - INFO - datalength: 1676, _step: 2
2022-01-06 08:41:39,072 - root - INFO - BPP: 16, Transparency: False
2022-01-06 08:41:39,072 - root - INFO - Resource 70 offset: 398937, length: 2082...
2022-01-06 08:41:39,072 - root - DEBUG - Reading resource 70...
2022-01-06 08:41:39,072 - root - INFO - The image is bme.
2022-01-06 08:41:39,072 - root - INFO - Reading image header(readHeader16E)...
2022-01-06 08:41:39,072 - root - INFO - Image header was read:
2022-01-06 08:41:39,072 - root - INFO - Width: 102, Height: 102, RowLength: 204
2022-01-06 08:41:39,072 - root - INFO - datalength: 2066, _step: 2
2022-01-06 08:41:39,072 - root - INFO - BPP: 16, Transparency: False
2022-01-06 08:41:39,072 - root - INFO - Resource 71 offset: 401019, length: 2480...
2022-01-06 08:41:39,072 - root - DEBUG - Reading resource 71...
2022-01-06 08:41:39,072 - root - INFO - The image is bme.
2022-01-06 08:41:39,072 - root - INFO - Reading image header(readHeader16E)...
2022-01-06 08:41:39,072 - root - INFO - Image header was read:
2022-01-06 08:41:39,072 - root - INFO - Width: 102, Height: 102, RowLength: 204
2022-01-06 08:41:39,072 - root - INFO - datalength: 2464, _step: 2
2022-01-06 08:41:39,072 - root - INFO - BPP: 16, Transparency: False
2022-01-06 08:41:39,087 - root - INFO - Resource 72 offset: 403499, length: 2876...
2022-01-06 08:41:39,087 - root - DEBUG - Reading resource 72...
2022-01-06 08:41:39,087 - root - INFO - The image is bme.
2022-01-06 08:41:39,087 - root - INFO - Reading image header(readHeader16E)...
2022-01-06 08:41:39,087 - root - INFO - Image header was read:
2022-01-06 08:41:39,087 - root - INFO - Width: 102, Height: 102, RowLength: 204
2022-01-06 08:41:39,087 - root - INFO - datalength: 2860, _step: 2
2022-01-06 08:41:39,087 - root - INFO - BPP: 16, Transparency: False
2022-01-06 08:41:39,087 - root - INFO - Resource 73 offset: 406375, length: 3250...
2022-01-06 08:41:39,087 - root - DEBUG - Reading resource 73...
2022-01-06 08:41:39,087 - root - INFO - The image is bme.
2022-01-06 08:41:39,087 - root - INFO - Reading image header(readHeader16E)...
2022-01-06 08:41:39,087 - root - INFO - Image header was read:
2022-01-06 08:41:39,087 - root - INFO - Width: 102, Height: 102, RowLength: 204
2022-01-06 08:41:39,087 - root - INFO - datalength: 3234, _step: 2
2022-01-06 08:41:39,087 - root - INFO - BPP: 16, Transparency: False
2022-01-06 08:41:39,103 - root - INFO - Resource 74 offset: 409625, length: 3594...
2022-01-06 08:41:39,103 - root - DEBUG - Reading resource 74...
2022-01-06 08:41:39,103 - root - INFO - The image is bme.
2022-01-06 08:41:39,103 - root - INFO - Reading image header(readHeader16E)...
2022-01-06 08:41:39,103 - root - INFO - Image header was read:
2022-01-06 08:41:39,103 - root - INFO - Width: 102, Height: 102, RowLength: 204
2022-01-06 08:41:39,103 - root - INFO - datalength: 3578, _step: 2
2022-01-06 08:41:39,103 - root - INFO - BPP: 16, Transparency: False
2022-01-06 08:41:39,103 - root - INFO - Resource 75 offset: 413219, length: 3914...
2022-01-06 08:41:39,103 - root - DEBUG - Reading resource 75...
2022-01-06 08:41:39,103 - root - INFO - The image is bme.
2022-01-06 08:41:39,103 - root - INFO - Reading image header(readHeader16E)...
2022-01-06 08:41:39,103 - root - INFO - Image header was read:
2022-01-06 08:41:39,103 - root - INFO - Width: 102, Height: 102, RowLength: 204
2022-01-06 08:41:39,103 - root - INFO - datalength: 3898, _step: 2
2022-01-06 08:41:39,103 - root - INFO - BPP: 16, Transparency: False
2022-01-06 08:41:39,119 - root - INFO - Resource 76 offset: 417133, length: 4246...
2022-01-06 08:41:39,119 - root - DEBUG - Reading resource 76...
2022-01-06 08:41:39,119 - root - INFO - The image is bme.
2022-01-06 08:41:39,119 - root - INFO - Reading image header(readHeader16E)...
2022-01-06 08:41:39,119 - root - INFO - Image header was read:
2022-01-06 08:41:39,119 - root - INFO - Width: 102, Height: 102, RowLength: 204
2022-01-06 08:41:39,119 - root - INFO - datalength: 4230, _step: 2
2022-01-06 08:41:39,119 - root - INFO - BPP: 16, Transparency: False
2022-01-06 08:41:39,119 - root - INFO - Resource 77 offset: 421379, length: 4600...
2022-01-06 08:41:39,119 - root - DEBUG - Reading resource 77...
2022-01-06 08:41:39,119 - root - INFO - The image is bme.
2022-01-06 08:41:39,119 - root - INFO - Reading image header(readHeader16E)...
2022-01-06 08:41:39,119 - root - INFO - Image header was read:
2022-01-06 08:41:39,119 - root - INFO - Width: 102, Height: 102, RowLength: 204
2022-01-06 08:41:39,119 - root - INFO - datalength: 4584, _step: 2
2022-01-06 08:41:39,119 - root - INFO - BPP: 16, Transparency: False
2022-01-06 08:41:39,134 - root - INFO - Resource 78 offset: 425979, length: 4972...
2022-01-06 08:41:39,134 - root - DEBUG - Reading resource 78...
2022-01-06 08:41:39,134 - root - INFO - The image is bme.
2022-01-06 08:41:39,134 - root - INFO - Reading image header(readHeader16E)...
2022-01-06 08:41:39,134 - root - INFO - Image header was read:
2022-01-06 08:41:39,134 - root - INFO - Width: 102, Height: 102, RowLength: 204
2022-01-06 08:41:39,134 - root - INFO - datalength: 4956, _step: 2
2022-01-06 08:41:39,134 - root - INFO - BPP: 16, Transparency: False
2022-01-06 08:41:39,134 - root - INFO - Resource 79 offset: 430951, length: 5368...
2022-01-06 08:41:39,134 - root - DEBUG - Reading resource 79...
2022-01-06 08:41:39,134 - root - INFO - The image is bme.
2022-01-06 08:41:39,134 - root - INFO - Reading image header(readHeader16E)...
2022-01-06 08:41:39,150 - root - INFO - Image header was read:
2022-01-06 08:41:39,150 - root - INFO - Width: 102, Height: 102, RowLength: 204
2022-01-06 08:41:39,150 - root - INFO - datalength: 5352, _step: 2
2022-01-06 08:41:39,150 - root - INFO - BPP: 16, Transparency: False
2022-01-06 08:41:39,150 - root - INFO - Resource 80 offset: 436319, length: 5748...
2022-01-06 08:41:39,150 - root - DEBUG - Reading resource 80...
2022-01-06 08:41:39,150 - root - INFO - The image is bme.
2022-01-06 08:41:39,150 - root - INFO - Reading image header(readHeader16E)...
2022-01-06 08:41:39,150 - root - INFO - Image header was read:
2022-01-06 08:41:39,150 - root - INFO - Width: 102, Height: 102, RowLength: 204
2022-01-06 08:41:39,150 - root - INFO - datalength: 5732, _step: 2
2022-01-06 08:41:39,150 - root - INFO - BPP: 16, Transparency: False
2022-01-06 08:41:39,166 - root - INFO - Resource 81 offset: 442067, length: 6146...
2022-01-06 08:41:39,166 - root - DEBUG - Reading resource 81...
2022-01-06 08:41:39,166 - root - INFO - The image is bme.
2022-01-06 08:41:39,166 - root - INFO - Reading image header(readHeader16E)...
2022-01-06 08:41:39,166 - root - INFO - Image header was read:
2022-01-06 08:41:39,166 - root - INFO - Width: 102, Height: 102, RowLength: 204
2022-01-06 08:41:39,166 - root - INFO - datalength: 6130, _step: 2
2022-01-06 08:41:39,166 - root - INFO - BPP: 16, Transparency: False
2022-01-06 08:41:39,181 - root - INFO - Resource 82 offset: 448213, length: 6540...
2022-01-06 08:41:39,181 - root - DEBUG - Reading resource 82...
2022-01-06 08:41:39,181 - root - INFO - The image is bme.
2022-01-06 08:41:39,181 - root - INFO - Reading image header(readHeader16E)...
2022-01-06 08:41:39,181 - root - INFO - Image header was read:
2022-01-06 08:41:39,181 - root - INFO - Width: 102, Height: 102, RowLength: 204
2022-01-06 08:41:39,181 - root - INFO - datalength: 6524, _step: 2
2022-01-06 08:41:39,181 - root - INFO - BPP: 16, Transparency: False
2022-01-06 08:41:39,197 - root - INFO - Resource 83 offset: 454753, length: 6912...
2022-01-06 08:41:39,197 - root - DEBUG - Reading resource 83...
2022-01-06 08:41:39,197 - root - INFO - The image is bme.
2022-01-06 08:41:39,197 - root - INFO - Reading image header(readHeader16E)...
2022-01-06 08:41:39,197 - root - INFO - Image header was read:
2022-01-06 08:41:39,197 - root - INFO - Width: 102, Height: 102, RowLength: 204
2022-01-06 08:41:39,197 - root - INFO - datalength: 6896, _step: 2
2022-01-06 08:41:39,197 - root - INFO - BPP: 16, Transparency: False
2022-01-06 08:41:39,197 - root - INFO - Resource 84 offset: 461665, length: 7264...
2022-01-06 08:41:39,197 - root - DEBUG - Reading resource 84...
2022-01-06 08:41:39,197 - root - INFO - The image is bme.
2022-01-06 08:41:39,197 - root - INFO - Reading image header(readHeader16E)...
2022-01-06 08:41:39,197 - root - INFO - Image header was read:
2022-01-06 08:41:39,197 - root - INFO - Width: 102, Height: 102, RowLength: 204
2022-01-06 08:41:39,197 - root - INFO - datalength: 7248, _step: 2
2022-01-06 08:41:39,197 - root - INFO - BPP: 16, Transparency: False
2022-01-06 08:41:39,212 - root - INFO - Resource 85 offset: 468929, length: 7346...
2022-01-06 08:41:39,212 - root - DEBUG - Reading resource 85...
2022-01-06 08:41:39,212 - root - INFO - The image is bme.
2022-01-06 08:41:39,212 - root - INFO - Reading image header(readHeader16E)...
2022-01-06 08:41:39,212 - root - INFO - Image header was read:
2022-01-06 08:41:39,212 - root - INFO - Width: 102, Height: 102, RowLength: 204
2022-01-06 08:41:39,212 - root - INFO - datalength: 7330, _step: 2
2022-01-06 08:41:39,212 - root - INFO - BPP: 16, Transparency: False
2022-01-06 08:41:39,244 - root - INFO - Resource 86 offset: 476275, length: 4306...
2022-01-06 08:41:39,244 - root - DEBUG - Reading resource 86...
2022-01-06 08:41:39,244 - root - INFO - The image is bmc.
2022-01-06 08:41:39,244 - root - INFO - Reading image header(readHeader16C)...
2022-01-06 08:41:39,244 - root - INFO - Image header was read:
2022-01-06 08:41:39,244 - root - INFO - Width: 13, Height: 110, RowLength: 39
2022-01-06 08:41:39,244 - root - INFO - _step: 3, unknown2: 0,
2022-01-06 08:41:39,244 - root - INFO - BPP: 24, Transparency: False
2022-01-06 08:41:39,244 - root - INFO - Resource 87 offset: 480581, length: 5032...
2022-01-06 08:41:39,244 - root - DEBUG - Reading resource 87...
2022-01-06 08:41:39,244 - root - INFO - The image is bmc.
2022-01-06 08:41:39,244 - root - INFO - Reading image header(readHeader16C)...
2022-01-06 08:41:39,244 - root - INFO - Image header was read:
2022-01-06 08:41:39,244 - root - INFO - Width: 11, Height: 152, RowLength: 33
2022-01-06 08:41:39,244 - root - INFO - _step: 3, unknown2: 0,
2022-01-06 08:41:39,244 - root - INFO - BPP: 24, Transparency: False
2022-01-06 08:41:39,244 - root - INFO - Resource 88 offset: 485613, length: 636...
2022-01-06 08:41:39,244 - root - DEBUG - Reading resource 88...
2022-01-06 08:41:39,259 - root - INFO - The image is bme.
2022-01-06 08:41:39,259 - root - INFO - Reading image header(readHeader16E)...
2022-01-06 08:41:39,259 - root - INFO - Image header was read:
2022-01-06 08:41:39,259 - root - INFO - Width: 20, Height: 20, RowLength: 40
2022-01-06 08:41:39,259 - root - INFO - datalength: 620, _step: 2
2022-01-06 08:41:39,259 - root - INFO - BPP: 16, Transparency: False
2022-01-06 08:41:39,259 - root - DEBUG - Parsing parameters...
2022-01-06 08:41:39,354 - root - DEBUG - 0 Value: None
2022-01-06 08:41:39,354 - root - DEBUG - 0.1 Value: 71
2022-01-06 08:41:39,354 - root - DEBUG - 2 Value: None
2022-01-06 08:41:39,355 - root - DEBUG - 2.1 Value: None
2022-01-06 08:41:39,355 - root - DEBUG - 2.1.1 Value: 0
2022-01-06 08:41:39,355 - root - DEBUG - 2.1.2 Value: 0
2022-01-06 08:41:39,355 - root - DEBUG - 2.1.3 Value: 0
2022-01-06 08:41:39,355 - root - DEBUG - 2.3 Value: None
2022-01-06 08:41:39,355 - root - DEBUG - 2.3.1 Value: 0
2022-01-06 08:41:39,356 - root - DEBUG - 2.3.2 Value: 0
2022-01-06 08:41:39,356 - root - DEBUG - 2.3.3 Value: 1
2022-01-06 08:41:39,356 - root - DEBUG - 2.4 Value: None
2022-01-06 08:41:39,356 - root - DEBUG - 2.4.1 Value: 0
2022-01-06 08:41:39,356 - root - DEBUG - 2.4.2 Value: 0
2022-01-06 08:41:39,356 - root - DEBUG - 2.4.3 Value: 1
2022-01-06 08:41:39,356 - root - DEBUG - 2.5 Value: None
2022-01-06 08:41:39,356 - root - DEBUG - 2.5.1 Value: 0
2022-01-06 08:41:39,357 - root - DEBUG - 2.5.2 Value: 0
2022-01-06 08:41:39,357 - root - DEBUG - 2.5.3 Value: 1
2022-01-06 08:41:39,357 - root - DEBUG - 4 Value: None
2022-01-06 08:41:39,357 - root - DEBUG - 4.1 Value: None
2022-01-06 08:41:39,357 - root - DEBUG - 4.1.1 Value: None
2022-01-06 08:41:39,357 - root - DEBUG - 4.1.1.1 Value: 199
2022-01-06 08:41:39,357 - root - DEBUG - 4.1.1.2 Value: 156
2022-01-06 08:41:39,357 - root - DEBUG - 4.1.1.3 Value: 264
2022-01-06 08:41:39,357 - root - DEBUG - 4.1.1.4 Value: 177
2022-01-06 08:41:39,357 - root - DEBUG - 4.1.1.5 Value: 72
2022-01-06 08:41:39,357 - root - DEBUG - 4.1.1.6 Value: 0
2022-01-06 08:41:39,357 - root - DEBUG - 4.1.1.7 Value: 0
2022-01-06 08:41:39,358 - root - DEBUG - 4.1.1.8 Value: 2
2022-01-06 08:41:39,358 - root - DEBUG - 4.1.1.9 Value: 10
2022-01-06 08:41:39,358 - root - DEBUG - 4.3 Value: None
2022-01-06 08:41:39,358 - root - DEBUG - 4.3.1 Value: None
2022-01-06 08:41:39,358 - root - DEBUG - 4.3.1.1 Value: 45
2022-01-06 08:41:39,358 - root - DEBUG - 4.3.1.2 Value: 156
2022-01-06 08:41:39,358 - root - DEBUG - 4.3.1.3 Value: 97
2022-01-06 08:41:39,358 - root - DEBUG - 4.3.1.4 Value: 177
2022-01-06 08:41:39,358 - root - DEBUG - 4.3.1.5 Value: 72
2022-01-06 08:41:39,358 - root - DEBUG - 4.3.1.6 Value: 0
2022-01-06 08:41:39,358 - root - DEBUG - 4.3.1.7 Value: 0
2022-01-06 08:41:39,358 - root - DEBUG - 4.3.1.8 Value: 2
2022-01-06 08:41:39,359 - root - DEBUG - 4.3.1.9 Value: 10
2022-01-06 08:41:39,359 - root - DEBUG - 4.4 Value: None
2022-01-06 08:41:39,359 - root - DEBUG - 4.4.1 Value: None
2022-01-06 08:41:39,359 - root - DEBUG - 4.4.1.1 Value: 131
2022-01-06 08:41:39,359 - root - DEBUG - 4.4.1.2 Value: 71
2022-01-06 08:41:39,359 - root - DEBUG - 4.4.1.3 Value: 171
2022-01-06 08:41:39,359 - root - DEBUG - 4.4.1.4 Value: 92
2022-01-06 08:41:39,359 - root - DEBUG - 4.4.1.5 Value: 72
2022-01-06 08:41:39,359 - root - DEBUG - 4.4.1.6 Value: 0
2022-01-06 08:41:39,360 - root - DEBUG - 4.4.1.7 Value: 0
2022-01-06 08:41:39,360 - root - DEBUG - 4.4.1.8 Value: 2
2022-01-06 08:41:39,360 - root - DEBUG - 4.4.1.9 Value: 10
2022-01-06 08:41:39,360 - root - DEBUG - 4.4.3 Value: 12
2022-01-06 08:41:39,360 - root - DEBUG - 4.6 Value: None
2022-01-06 08:41:39,360 - root - DEBUG - 4.6.1 Value: None
2022-01-06 08:41:39,360 - root - DEBUG - 4.6.1.1 Value: 237
2022-01-06 08:41:39,360 - root - DEBUG - 4.6.1.2 Value: 20
2022-01-06 08:41:39,360 - root - DEBUG - 4.6.1.3 Value: 276
2022-01-06 08:41:39,361 - root - DEBUG - 4.6.1.4 Value: 44
2022-01-06 08:41:39,361 - root - DEBUG - 4.6.1.5 Value: 68
2022-01-06 08:41:39,361 - root - DEBUG - 4.6.1.6 Value: 0
2022-01-06 08:41:39,361 - root - DEBUG - 4.6.1.7 Value: 0
2022-01-06 08:41:39,361 - root - DEBUG - 4.6.1.8 Value: 2
2022-01-06 08:41:39,361 - root - DEBUG - 4.6.1.9 Value: 10
2022-01-06 08:41:39,361 - root - DEBUG - 4.7 Value: 0
2022-01-06 08:41:39,361 - root - DEBUG - 5 Value: None
2022-01-06 08:41:39,362 - root - DEBUG - 5.1 Value: None
2022-01-06 08:41:39,362 - root - DEBUG - 5.1.4 Value: 1
2022-01-06 08:41:39,362 - root - DEBUG - 5.1.5 Value: 1
2022-01-06 08:41:39,362 - root - DEBUG - 5.1.6 Value: 0
2022-01-06 08:41:39,362 - root - DEBUG - 6 Value: None
2022-01-06 08:41:39,362 - root - DEBUG - 6.1 Value: None
2022-01-06 08:41:39,362 - root - DEBUG - 6.1.2 Value: None
2022-01-06 08:41:39,362 - root - DEBUG - 6.1.2.1 Value: 137
2022-01-06 08:41:39,362 - root - DEBUG - 6.1.2.2 Value: 192
2022-01-06 08:41:39,362 - root - DEBUG - 6.1.2.3 Value: 13
2022-01-06 08:41:39,362 - root - DEBUG - 6.1.2.4 Value: 26
2022-01-06 08:41:39,362 - root - DEBUG - 6.2 Value: None
2022-01-06 08:41:39,362 - root - DEBUG - 6.2.1 Value: None
2022-01-06 08:41:39,362 - root - DEBUG - 6.2.1.1 Value: None
2022-01-06 08:41:39,362 - root - DEBUG - 6.2.1.1.1 Value: 125
2022-01-06 08:41:39,362 - root - DEBUG - 6.2.1.1.2 Value: 228
2022-01-06 08:41:39,362 - root - DEBUG - 6.2.1.1.3 Value: 187
2022-01-06 08:41:39,362 - root - DEBUG - 6.2.1.1.4 Value: 249
2022-01-06 08:41:39,362 - root - DEBUG - 6.2.1.1.5 Value: 72
2022-01-06 08:41:39,362 - root - DEBUG - 6.2.1.1.6 Value: 0
2022-01-06 08:41:39,362 - root - DEBUG - 6.2.1.1.7 Value: 0
2022-01-06 08:41:39,362 - root - DEBUG - 6.2.1.1.8 Value: 2
2022-01-06 08:41:39,362 - root - DEBUG - 6.2.1.1.9 Value: 10
2022-01-06 08:41:39,362 - root - DEBUG - 6.2.1.2 Value: 40
2022-01-06 08:41:39,362 - root - DEBUG - 6.2.1.3 Value: 39
2022-01-06 08:41:39,362 - root - DEBUG - 6.2.1.5 Value: 41
2022-01-06 08:41:39,362 - root - DEBUG - 6.4 Value: None
2022-01-06 08:41:39,362 - root - DEBUG - 6.4.1 Value: None
2022-01-06 08:41:39,362 - root - DEBUG - 6.4.1.1 Value: 26
2022-01-06 08:41:39,362 - root - DEBUG - 6.4.1.2 Value: 279
2022-01-06 08:41:39,362 - root - DEBUG - 6.4.1.3 Value: 78
2022-01-06 08:41:39,362 - root - DEBUG - 6.4.1.4 Value: 300
2022-01-06 08:41:39,362 - root - DEBUG - 6.4.1.5 Value: 66
2022-01-06 08:41:39,362 - root - DEBUG - 6.4.1.6 Value: 0
2022-01-06 08:41:39,362 - root - DEBUG - 6.4.1.7 Value: 0
2022-01-06 08:41:39,362 - root - DEBUG - 6.4.1.8 Value: 2
2022-01-06 08:41:39,362 - root - DEBUG - 6.4.1.9 Value: 10
2022-01-06 08:41:39,362 - root - DEBUG - 6.4.2 Value: 42
2022-01-06 08:41:39,362 - root - DEBUG - 6.6 Value: None
2022-01-06 08:41:39,362 - root - DEBUG - 6.6.1 Value: None
2022-01-06 08:41:39,362 - root - DEBUG - 6.6.1.1 Value: 26
2022-01-06 08:41:39,362 - root - DEBUG - 6.6.1.2 Value: 20
2022-01-06 08:41:39,362 - root - DEBUG - 6.6.1.3 Value: 78
2022-01-06 08:41:39,362 - root - DEBUG - 6.6.1.4 Value: 41
2022-01-06 08:41:39,362 - root - DEBUG - 6.6.1.5 Value: 66
2022-01-06 08:41:39,362 - root - DEBUG - 6.6.1.6 Value: 0
2022-01-06 08:41:39,362 - root - DEBUG - 6.6.1.7 Value: 0
2022-01-06 08:41:39,362 - root - DEBUG - 6.6.1.8 Value: 2
2022-01-06 08:41:39,362 - root - DEBUG - 6.6.1.9 Value: 10
2022-01-06 08:41:39,362 - root - DEBUG - 7 Value: None
2022-01-06 08:41:39,362 - root - DEBUG - 7.2 Value: None
2022-01-06 08:41:39,362 - root - DEBUG - 7.2.1 Value: 180
2022-01-06 08:41:39,362 - root - DEBUG - 7.2.2 Value: 109
2022-01-06 08:41:39,362 - root - DEBUG - 7.2.3 Value: 43
2022-01-06 08:41:39,362 - root - DEBUG - 7.2.4 Value: 20
2022-01-06 08:41:39,362 - root - DEBUG - 8 Value: None
2022-01-06 08:41:39,362 - root - DEBUG - 8.3 Value: None
2022-01-06 08:41:39,362 - root - DEBUG - 8.3.1 Value: None
2022-01-06 08:41:39,362 - root - DEBUG - 8.3.1.1 Value: 139
2022-01-06 08:41:39,362 - root - DEBUG - 8.3.1.2 Value: 280
2022-01-06 08:41:39,362 - root - DEBUG - 8.3.3 Value: 63
2022-01-06 08:41:39,362 - root - DEBUG - 8.4 Value: None
2022-01-06 08:41:39,362 - root - DEBUG - 8.4.1 Value: None
2022-01-06 08:41:39,362 - root - DEBUG - 8.4.1.1 Value: 139
2022-01-06 08:41:39,362 - root - DEBUG - 8.4.1.2 Value: 15
2022-01-06 08:41:39,362 - root - DEBUG - 8.4.2 Value: 64
2022-01-06 08:41:39,362 - root - DEBUG - 9 Value: None
2022-01-06 08:41:39,362 - root - DEBUG - 9.1 Value: None
2022-01-06 08:41:39,362 - root - DEBUG - 9.1.1 Value: None
2022-01-06 08:41:39,362 - root - DEBUG - 9.1.1.1 Value: 224
2022-01-06 08:41:39,362 - root - DEBUG - 9.1.1.2 Value: 279
2022-01-06 08:41:39,362 - root - DEBUG - 9.1.1.3 Value: 276
2022-01-06 08:41:39,362 - root - DEBUG - 9.1.1.4 Value: 300
2022-01-06 08:41:39,362 - root - DEBUG - 9.1.1.5 Value: 68
2022-01-06 08:41:39,362 - root - DEBUG - 9.1.1.6 Value: 0
2022-01-06 08:41:39,362 - root - DEBUG - 9.1.1.7 Value: 0
2022-01-06 08:41:39,362 - root - DEBUG - 9.1.1.8 Value: 2
2022-01-06 08:41:39,362 - root - DEBUG - 9.1.1.9 Value: 10
2022-01-06 08:41:39,362 - root - DEBUG - 9.1.4 Value: 65
2022-01-06 08:41:39,362 - root - DEBUG - 15 Value: None
2022-01-06 08:41:39,362 - root - DEBUG - 15.2 Value: None
2022-01-06 08:41:39,362 - root - DEBUG - 15.2.1 Value: 20
2022-01-06 08:41:39,362 - root - DEBUG - 15.2.2 Value: 109
2022-01-06 08:41:39,362 - root - DEBUG - 15.2.3 Value: 66
2022-01-06 08:41:39,362 - root - DEBUG - 15.2.4 Value: 20
2022-01-06 08:41:39,362 - root - DEBUG - 20 Value: None
2022-01-06 08:41:39,362 - root - DEBUG - 20.3 Value: None
2022-01-06 08:41:39,362 - root - DEBUG - 20.3.1 Value: 86
2022-01-06 08:41:39,362 - root - DEBUG - 20.3.2 Value: 106
2022-01-06 08:41:39,362 - root - DEBUG - 20.3.3 Value: None
2022-01-06 08:41:39,362 - root - DEBUG - 20.3.3.1 Value: 151
2022-01-06 08:41:39,362 - root - DEBUG - 20.3.3.2 Value: 160
2022-01-06 08:41:39,362 - root - DEBUG - 20.4 Value: None
2022-01-06 08:41:39,362 - root - DEBUG - 20.4.1 Value: 87
2022-01-06 08:41:39,362 - root - DEBUG - 20.4.2 Value: 148
2022-01-06 08:41:39,362 - root - DEBUG - 20.4.3 Value: None
2022-01-06 08:41:39,362 - root - DEBUG - 20.4.3.1 Value: 151
2022-01-06 08:41:39,362 - root - DEBUG - 20.4.3.2 Value: 160
2022-01-06 08:41:39,362 - root - DEBUG - 20.4.4 Value: None
2022-01-06 08:41:39,362 - root - DEBUG - 20.4.4.1 Value: 141
2022-01-06 08:41:39,362 - root - DEBUG - 20.4.4.2 Value: 150
2022-01-06 08:41:39,362 - root - DEBUG - 20.4.4.3 Value: 88
2022-01-06 08:41:39,362 - root - DEBUG - 0-Info
2022-01-06 08:41:39,362 - root - DEBUG - 0.1-DeviceId
2022-01-06 08:41:39,362 - root - DEBUG - 2-Background
2022-01-06 08:41:39,362 - root - DEBUG - 2.1-Image
2022-01-06 08:41:39,362 - root - DEBUG - 2.1.1-X
2022-01-06 08:41:39,362 - root - DEBUG - 2.1.2-Y
2022-01-06 08:41:39,362 - root - DEBUG - 2.1.3-ImageIndex
2022-01-06 08:41:39,362 - root - DEBUG - 2.3-Preview
2022-01-06 08:41:39,362 - root - DEBUG - 2.3.1-X
2022-01-06 08:41:39,362 - root - DEBUG - 2.3.2-Y
2022-01-06 08:41:39,362 - root - DEBUG - 2.3.3-ImageIndex
2022-01-06 08:41:39,362 - root - DEBUG - 2.4-PreviewTradChinese
2022-01-06 08:41:39,362 - root - DEBUG - 2.4.1-X
2022-01-06 08:41:39,362 - root - DEBUG - 2.4.2-Y
2022-01-06 08:41:39,362 - root - DEBUG - 2.4.3-ImageIndex
2022-01-06 08:41:39,362 - root - DEBUG - 2.5-PreviewChinese
2022-01-06 08:41:39,362 - root - DEBUG - 2.5.1-X
2022-01-06 08:41:39,362 - root - DEBUG - 2.5.2-Y
2022-01-06 08:41:39,362 - root - DEBUG - 2.5.3-ImageIndex
2022-01-06 08:41:39,362 - root - DEBUG - 4-Activity
2022-01-06 08:41:39,362 - root - DEBUG - 4.1-Steps
2022-01-06 08:41:39,362 - root - DEBUG - 4.1.1-ImageNumber
2022-01-06 08:41:39,362 - root - DEBUG - 4.1.1.1-TopLeftX
2022-01-06 08:41:39,362 - root - DEBUG - 4.1.1.2-TopLeftY
2022-01-06 08:41:39,362 - root - DEBUG - 4.1.1.3-BottomRightX
2022-01-06 08:41:39,362 - root - DEBUG - 4.1.1.4-BottomRightY
2022-01-06 08:41:39,362 - root - DEBUG - 4.1.1.5-Alignment
2022-01-06 08:41:39,362 - root - DEBUG - 4.1.1.6-Spacing
2022-01-06 08:41:39,362 - root - DEBUG - 4.1.1.7-VerticalOffset
2022-01-06 08:41:39,362 - root - DEBUG - 4.1.1.8-ImageIndex
2022-01-06 08:41:39,362 - root - DEBUG - 4.1.1.9-ImagesCount
2022-01-06 08:41:39,362 - root - DEBUG - 4.3-Calories
2022-01-06 08:41:39,362 - root - DEBUG - 4.3.1-ImageNumber
2022-01-06 08:41:39,362 - root - DEBUG - 4.3.1.1-TopLeftX
2022-01-06 08:41:39,362 - root - DEBUG - 4.3.1.2-TopLeftY
2022-01-06 08:41:39,362 - root - DEBUG - 4.3.1.3-BottomRightX
2022-01-06 08:41:39,362 - root - DEBUG - 4.3.1.4-BottomRightY
2022-01-06 08:41:39,378 - root - DEBUG - 4.3.1.5-Alignment
2022-01-06 08:41:39,378 - root - DEBUG - 4.3.1.6-Spacing
2022-01-06 08:41:39,378 - root - DEBUG - 4.3.1.7-VerticalOffset
2022-01-06 08:41:39,378 - root - DEBUG - 4.3.1.8-ImageIndex
2022-01-06 08:41:39,378 - root - DEBUG - 4.3.1.9-ImagesCount
2022-01-06 08:41:39,378 - root - DEBUG - 4.4-HeartRate
2022-01-06 08:41:39,378 - root - DEBUG - 4.4.1-ImageNumber
2022-01-06 08:41:39,378 - root - DEBUG - 4.4.1.1-TopLeftX
2022-01-06 08:41:39,378 - root - DEBUG - 4.4.1.2-TopLeftY
2022-01-06 08:41:39,378 - root - DEBUG - 4.4.1.3-BottomRightX
2022-01-06 08:41:39,378 - root - DEBUG - 4.4.1.4-BottomRightY
2022-01-06 08:41:39,378 - root - DEBUG - 4.4.1.5-Alignment
2022-01-06 08:41:39,378 - root - DEBUG - 4.4.1.6-Spacing
2022-01-06 08:41:39,378 - root - DEBUG - 4.4.1.7-VerticalOffset
2022-01-06 08:41:39,378 - root - DEBUG - 4.4.1.8-ImageIndex
2022-01-06 08:41:39,378 - root - DEBUG - 4.4.1.9-ImagesCount
2022-01-06 08:41:39,378 - root - DEBUG - 4.4.3-NoDataImageIndex
2022-01-06 08:41:39,378 - root - DEBUG - 4.6-PAI
2022-01-06 08:41:39,378 - root - DEBUG - 4.6.1-ImageNumber
2022-01-06 08:41:39,378 - root - DEBUG - 4.6.1.1-TopLeftX
2022-01-06 08:41:39,378 - root - DEBUG - 4.6.1.2-TopLeftY
2022-01-06 08:41:39,378 - root - DEBUG - 4.6.1.3-BottomRightX
2022-01-06 08:41:39,378 - root - DEBUG - 4.6.1.4-BottomRightY
2022-01-06 08:41:39,378 - root - DEBUG - 4.6.1.5-Alignment
2022-01-06 08:41:39,378 - root - DEBUG - 4.6.1.6-Spacing
2022-01-06 08:41:39,378 - root - DEBUG - 4.6.1.7-VerticalOffset
2022-01-06 08:41:39,378 - root - DEBUG - 4.6.1.8-ImageIndex
2022-01-06 08:41:39,378 - root - DEBUG - 4.6.1.9-ImagesCount
2022-01-06 08:41:39,378 - root - DEBUG - 4.7-UnknownLongValue7
2022-01-06 08:41:39,378 - root - DEBUG - 5-DateBlock
2022-01-06 08:41:39,378 - root - DEBUG - 5.1-Date
2022-01-06 08:41:39,378 - root - DEBUG - 5.1.4-PaddingZeroMonth
2022-01-06 08:41:39,378 - root - DEBUG - 5.1.5-PaddingZeroDay
2022-01-06 08:41:39,378 - root - DEBUG - 5.1.6-UnknownBoolean6
2022-01-06 08:41:39,378 - root - DEBUG - 6-Weather
2022-01-06 08:41:39,378 - root - DEBUG - 6.1-Icon
2022-01-06 08:41:39,378 - root - DEBUG - 6.1.2-Images
2022-01-06 08:41:39,378 - root - DEBUG - 6.1.2.1-X
2022-01-06 08:41:39,378 - root - DEBUG - 6.1.2.2-Y
2022-01-06 08:41:39,378 - root - DEBUG - 6.1.2.3-ImageIndex
2022-01-06 08:41:39,378 - root - DEBUG - 6.1.2.4-ImagesCount
2022-01-06 08:41:39,378 - root - DEBUG - 6.2-Temperature
2022-01-06 08:41:39,378 - root - DEBUG - 6.2.1-Current
2022-01-06 08:41:39,378 - root - DEBUG - 6.2.1.1-ImageNumber
2022-01-06 08:41:39,378 - root - DEBUG - 6.2.1.1.1-TopLeftX
2022-01-06 08:41:39,378 - root - DEBUG - 6.2.1.1.2-TopLeftY
2022-01-06 08:41:39,378 - root - DEBUG - 6.2.1.1.3-BottomRightX
2022-01-06 08:41:39,378 - root - DEBUG - 6.2.1.1.4-BottomRightY
2022-01-06 08:41:39,378 - root - DEBUG - 6.2.1.1.5-Alignment
2022-01-06 08:41:39,378 - root - DEBUG - 6.2.1.1.6-Spacing
2022-01-06 08:41:39,378 - root - DEBUG - 6.2.1.1.7-VerticalOffset
2022-01-06 08:41:39,378 - root - DEBUG - 6.2.1.1.8-ImageIndex
2022-01-06 08:41:39,378 - root - DEBUG - 6.2.1.1.9-ImagesCount
2022-01-06 08:41:39,378 - root - DEBUG - 6.2.1.2-MinusImageIndex
2022-01-06 08:41:39,378 - root - DEBUG - 6.2.1.3-SuffixImageIndexC
2022-01-06 08:41:39,378 - root - DEBUG - 6.2.1.5-NoDataImageIndex
2022-01-06 08:41:39,378 - root - DEBUG - 6.4-Humidity
2022-01-06 08:41:39,378 - root - DEBUG - 6.4.1-HumidityNumber
2022-01-06 08:41:39,378 - root - DEBUG - 6.4.1.1-TopLeftX
2022-01-06 08:41:39,378 - root - DEBUG - 6.4.1.2-TopLeftY
2022-01-06 08:41:39,378 - root - DEBUG - 6.4.1.3-BottomRightX
2022-01-06 08:41:39,378 - root - DEBUG - 6.4.1.4-BottomRightY
2022-01-06 08:41:39,378 - root - DEBUG - 6.4.1.5-Alignment
2022-01-06 08:41:39,378 - root - DEBUG - 6.4.1.6-Spacing
2022-01-06 08:41:39,378 - root - DEBUG - 6.4.1.7-VerticalOffset
2022-01-06 08:41:39,378 - root - DEBUG - 6.4.1.8-ImageIndex
2022-01-06 08:41:39,378 - root - DEBUG - 6.4.1.9-ImagesCount
2022-01-06 08:41:39,378 - root - DEBUG - 6.4.2-SuffixImageIndex
2022-01-06 08:41:39,378 - root - DEBUG - 6.6-UVindex
2022-01-06 08:41:39,378 - root - DEBUG - 6.6.1-UVindexNumber
2022-01-06 08:41:39,378 - root - DEBUG - 6.6.1.1-TopLeftX
2022-01-06 08:41:39,378 - root - DEBUG - 6.6.1.2-TopLeftY
2022-01-06 08:41:39,378 - root - DEBUG - 6.6.1.3-BottomRightX
2022-01-06 08:41:39,378 - root - DEBUG - 6.6.1.4-BottomRightY
2022-01-06 08:41:39,378 - root - DEBUG - 6.6.1.5-Alignment
2022-01-06 08:41:39,378 - root - DEBUG - 6.6.1.6-Spacing
2022-01-06 08:41:39,378 - root - DEBUG - 6.6.1.7-VerticalOffset
2022-01-06 08:41:39,378 - root - DEBUG - 6.6.1.8-ImageIndex
2022-01-06 08:41:39,378 - root - DEBUG - 6.6.1.9-ImagesCount
2022-01-06 08:41:39,378 - root - DEBUG - 7-StepProgress
2022-01-06 08:41:39,378 - root - DEBUG - 7.2-ImageProgress
2022-01-06 08:41:39,378 - root - DEBUG - 7.2.1-X
2022-01-06 08:41:39,378 - root - DEBUG - 7.2.2-Y
2022-01-06 08:41:39,378 - root - DEBUG - 7.2.3-ImageIndex
2022-01-06 08:41:39,378 - root - DEBUG - 7.2.4-ImagesCount
2022-01-06 08:41:39,378 - root - DEBUG - 8-Status
2022-01-06 08:41:39,378 - root - DEBUG - 8.3-Bluetooth
2022-01-06 08:41:39,378 - root - DEBUG - 8.3.1-Coordinates
2022-01-06 08:41:39,378 - root - DEBUG - 8.3.1.1-X
2022-01-06 08:41:39,378 - root - DEBUG - 8.3.1.2-Y
2022-01-06 08:41:39,378 - root - DEBUG - 8.3.3-ImageIndexOff
2022-01-06 08:41:39,393 - root - DEBUG - 8.4-Alarm
2022-01-06 08:41:39,393 - root - DEBUG - 8.4.1-Coordinates
2022-01-06 08:41:39,393 - root - DEBUG - 8.4.1.1-X
2022-01-06 08:41:39,393 - root - DEBUG - 8.4.1.2-Y
2022-01-06 08:41:39,393 - root - DEBUG - 8.4.2-ImageIndexOn
2022-01-06 08:41:39,393 - root - DEBUG - 9-Battery
2022-01-06 08:41:39,393 - root - DEBUG - 9.1-BatteryText
2022-01-06 08:41:39,393 - root - DEBUG - 9.1.1-ImageNumber
2022-01-06 08:41:39,393 - root - DEBUG - 9.1.1.1-TopLeftX
2022-01-06 08:41:39,393 - root - DEBUG - 9.1.1.2-TopLeftY
2022-01-06 08:41:39,393 - root - DEBUG - 9.1.1.3-BottomRightX
2022-01-06 08:41:39,393 - root - DEBUG - 9.1.1.4-BottomRightY
2022-01-06 08:41:39,393 - root - DEBUG - 9.1.1.5-Alignment
2022-01-06 08:41:39,393 - root - DEBUG - 9.1.1.6-Spacing
2022-01-06 08:41:39,393 - root - DEBUG - 9.1.1.7-VerticalOffset
2022-01-06 08:41:39,393 - root - DEBUG - 9.1.1.8-ImageIndex
2022-01-06 08:41:39,393 - root - DEBUG - 9.1.1.9-ImagesCount
2022-01-06 08:41:39,393 - root - DEBUG - 9.1.4-SuffixImageIndex
2022-01-06 08:41:39,393 - root - DEBUG - 15-CaloriesProgress
2022-01-06 08:41:39,393 - root - DEBUG - 15.2-ImageProgress
2022-01-06 08:41:39,393 - root - DEBUG - 15.2.1-X
2022-01-06 08:41:39,393 - root - DEBUG - 15.2.2-Y
2022-01-06 08:41:39,393 - root - DEBUG - 15.2.3-ImageIndex
2022-01-06 08:41:39,393 - root - DEBUG - 15.2.4-ImagesCount
2022-01-06 08:41:39,393 - root - DEBUG - 20-TimeAnalog
2022-01-06 08:41:39,393 - root - DEBUG - 20.3-Hours
2022-01-06 08:41:39,393 - root - DEBUG - 20.3.1-ImageIndex
2022-01-06 08:41:39,393 - root - DEBUG - 20.3.2-PointerCenterOfRotationY
2022-01-06 08:41:39,393 - root - DEBUG - 20.3.3-CenterCoordinates
2022-01-06 08:41:39,393 - root - DEBUG - 20.3.3.1-X
2022-01-06 08:41:39,393 - root - DEBUG - 20.3.3.2-Y
2022-01-06 08:41:39,393 - root - DEBUG - 20.4-Minutes
2022-01-06 08:41:39,393 - root - DEBUG - 20.4.1-ImageIndex
2022-01-06 08:41:39,393 - root - DEBUG - 20.4.2-PointerCenterOfRotationY
2022-01-06 08:41:39,393 - root - DEBUG - 20.4.3-CenterCoordinates
2022-01-06 08:41:39,393 - root - DEBUG - 20.4.3.1-X
2022-01-06 08:41:39,393 - root - DEBUG - 20.4.3.2-Y
2022-01-06 08:41:39,393 - root - DEBUG - 20.4.4-CoverImage
2022-01-06 08:41:39,393 - root - DEBUG - 20.4.4.1-X
2022-01-06 08:41:39,393 - root - DEBUG - 20.4.4.2-Y
2022-01-06 08:41:39,393 - root - DEBUG - 20.4.4.3-ImageIndex
2022-01-06 08:41:39,393 - root - DEBUG - generatePreviews
2022-01-06 08:41:39,393 - root - DEBUG - Generating previews...
2022-01-06 08:41:39,393 - root - DEBUG - Generating states done...
2022-01-06 08:41:39,409 - root - DEBUG - >>>>>>>>>>>> 0 <watchFaceParser.models.parameter.Parameter object at 0x000002B8AEC24088>
2022-01-06 08:41:39,409 - root - DEBUG - >>>>>>>>>>>> 2 <watchFaceParser.models.parameter.Parameter object at 0x000002B8AEC12AC8>
2022-01-06 08:41:39,409 - root - DEBUG - >>>>>>>>>>>> 4 <watchFaceParser.models.parameter.Parameter object at 0x000002B8AEC1EB88>
2022-01-06 08:41:39,425 - root - DEBUG - >>>>>>>>>>>> 5 <watchFaceParser.models.parameter.Parameter object at 0x000002B8AEC21088>
2022-01-06 08:41:39,425 - root - DEBUG - >>>>>>>>>>>> 6 <watchFaceParser.models.parameter.Parameter object at 0x000002B8AEC21BC8>
2022-01-06 08:41:39,440 - root - DEBUG - >>>>>>>>>>>> 7 <watchFaceParser.models.parameter.Parameter object at 0x000002B8AEC21248>
2022-01-06 08:41:39,440 - root - DEBUG - >>>>>>>>>>>> 8 <watchFaceParser.models.parameter.Parameter object at 0x000002B8AEC24688>
2022-01-06 08:41:39,440 - root - DEBUG - >>>>>>>>>>>> 9 <watchFaceParser.models.parameter.Parameter object at 0x000002B8AEC24948>
2022-01-06 08:41:39,440 - root - DEBUG - >>>>>>>>>>>> 15 <watchFaceParser.models.parameter.Parameter object at 0x000002B8AEC24908>
2022-01-06 08:41:39,440 - root - DEBUG - >>>>>>>>>>>> 20 <watchFaceParser.models.parameter.Parameter object at 0x000002B8AEC24A48>
2022-01-06 08:41:39,487 - root - DEBUG - Generating static preview gen done...
2022-01-06 08:41:39,550 - root - DEBUG - Generating static preview save done...
2022-01-06 08:41:39,550 - root - DEBUG - Generating anim preview gen done...
2022-01-06 08:41:39,550 - root - DEBUG - >>>>>>>>>>>> 0 <watchFaceParser.models.parameter.Parameter object at 0x000002B8AEC24088>
2022-01-06 08:41:39,550 - root - DEBUG - >>>>>>>>>>>> 2 <watchFaceParser.models.parameter.Parameter object at 0x000002B8AEC12AC8>
2022-01-06 08:41:39,550 - root - DEBUG - >>>>>>>>>>>> 4 <watchFaceParser.models.parameter.Parameter object at 0x000002B8AEC1EB88>
2022-01-06 08:41:39,550 - root - DEBUG - >>>>>>>>>>>> 5 <watchFaceParser.models.parameter.Parameter object at 0x000002B8AEC21088>
2022-01-06 08:41:39,550 - root - DEBUG - >>>>>>>>>>>> 6 <watchFaceParser.models.parameter.Parameter object at 0x000002B8AEC21BC8>
2022-01-06 08:41:39,550 - root - DEBUG - >>>>>>>>>>>> 7 <watchFaceParser.models.parameter.Parameter object at 0x000002B8AEC21248>
2022-01-06 08:41:39,550 - root - DEBUG - >>>>>>>>>>>> 8 <watchFaceParser.models.parameter.Parameter object at 0x000002B8AEC24688>
2022-01-06 08:41:39,550 - root - DEBUG - >>>>>>>>>>>> 9 <watchFaceParser.models.parameter.Parameter object at 0x000002B8AEC24948>
2022-01-06 08:41:39,550 - root - DEBUG - >>>>>>>>>>>> 15 <watchFaceParser.models.parameter.Parameter object at 0x000002B8AEC24908>
2022-01-06 08:41:39,550 - root - DEBUG - >>>>>>>>>>>> 20 <watchFaceParser.models.parameter.Parameter object at 0x000002B8AEC24A48>
2022-01-06 08:41:40,050 - root - DEBUG - generatePreviews done
2022-01-06 08:41:40,050 - root - DEBUG - Exporting resources to 'E:\Codez\zepp-bipupro-wf\4bad968d1c1b296177786bd6ceeecef3'
2022-01-06 08:41:40,081 - root - DEBUG - extracting E:\Codez\zepp-bipupro-wf\4bad968d1c1b296177786bd6ceeecef3\0000.png...
2022-01-06 08:41:40,096 - root - DEBUG - extracting E:\Codez\zepp-bipupro-wf\4bad968d1c1b296177786bd6ceeecef3\0001.png...
2022-01-06 08:41:40,096 - root - DEBUG - extracting E:\Codez\zepp-bipupro-wf\4bad968d1c1b296177786bd6ceeecef3\0002.png...
2022-01-06 08:41:40,096 - root - DEBUG - extracting E:\Codez\zepp-bipupro-wf\4bad968d1c1b296177786bd6ceeecef3\0003.png...
2022-01-06 08:41:40,096 - root - DEBUG - extracting E:\Codez\zepp-bipupro-wf\4bad968d1c1b296177786bd6ceeecef3\0004.png...
2022-01-06 08:41:40,112 - root - DEBUG - extracting E:\Codez\zepp-bipupro-wf\4bad968d1c1b296177786bd6ceeecef3\0005.png...
2022-01-06 08:41:40,112 - root - DEBUG - extracting E:\Codez\zepp-bipupro-wf\4bad968d1c1b296177786bd6ceeecef3\0006.png...
2022-01-06 08:41:40,112 - root - DEBUG - extracting E:\Codez\zepp-bipupro-wf\4bad968d1c1b296177786bd6ceeecef3\0007.png...
2022-01-06 08:41:40,112 - root - DEBUG - extracting E:\Codez\zepp-bipupro-wf\4bad968d1c1b296177786bd6ceeecef3\0008.png...
2022-01-06 08:41:40,112 - root - DEBUG - extracting E:\Codez\zepp-bipupro-wf\4bad968d1c1b296177786bd6ceeecef3\0009.png...
2022-01-06 08:41:40,112 - root - DEBUG - extracting E:\Codez\zepp-bipupro-wf\4bad968d1c1b296177786bd6ceeecef3\0010.png...
2022-01-06 08:41:40,112 - root - DEBUG - extracting E:\Codez\zepp-bipupro-wf\4bad968d1c1b296177786bd6ceeecef3\0011.png...
2022-01-06 08:41:40,112 - root - DEBUG - extracting E:\Codez\zepp-bipupro-wf\4bad968d1c1b296177786bd6ceeecef3\0012.png...
2022-01-06 08:41:40,112 - root - DEBUG - extracting E:\Codez\zepp-bipupro-wf\4bad968d1c1b296177786bd6ceeecef3\0013.png...
2022-01-06 08:41:40,112 - root - DEBUG - extracting E:\Codez\zepp-bipupro-wf\4bad968d1c1b296177786bd6ceeecef3\0014.png...
2022-01-06 08:41:40,112 - root - DEBUG - extracting E:\Codez\zepp-bipupro-wf\4bad968d1c1b296177786bd6ceeecef3\0015.png...
2022-01-06 08:41:40,112 - root - DEBUG - extracting E:\Codez\zepp-bipupro-wf\4bad968d1c1b296177786bd6ceeecef3\0016.png...
2022-01-06 08:41:40,112 - root - DEBUG - extracting E:\Codez\zepp-bipupro-wf\4bad968d1c1b296177786bd6ceeecef3\0017.png...
2022-01-06 08:41:40,112 - root - DEBUG - extracting E:\Codez\zepp-bipupro-wf\4bad968d1c1b296177786bd6ceeecef3\0018.png...
2022-01-06 08:41:40,112 - root - DEBUG - extracting E:\Codez\zepp-bipupro-wf\4bad968d1c1b296177786bd6ceeecef3\0019.png...
2022-01-06 08:41:40,112 - root - DEBUG - extracting E:\Codez\zepp-bipupro-wf\4bad968d1c1b296177786bd6ceeecef3\0020.png...
2022-01-06 08:41:40,112 - root - DEBUG - extracting E:\Codez\zepp-bipupro-wf\4bad968d1c1b296177786bd6ceeecef3\0021.png...
2022-01-06 08:41:40,112 - root - DEBUG - extracting E:\Codez\zepp-bipupro-wf\4bad968d1c1b296177786bd6ceeecef3\0022.png...
2022-01-06 08:41:40,112 - root - DEBUG - extracting E:\Codez\zepp-bipupro-wf\4bad968d1c1b296177786bd6ceeecef3\0023.png...
2022-01-06 08:41:40,112 - root - DEBUG - extracting E:\Codez\zepp-bipupro-wf\4bad968d1c1b296177786bd6ceeecef3\0024.png...
2022-01-06 08:41:40,112 - root - DEBUG - extracting E:\Codez\zepp-bipupro-wf\4bad968d1c1b296177786bd6ceeecef3\0025.png...
2022-01-06 08:41:40,112 - root - DEBUG - extracting E:\Codez\zepp-bipupro-wf\4bad968d1c1b296177786bd6ceeecef3\0026.png...
2022-01-06 08:41:40,112 - root - DEBUG - extracting E:\Codez\zepp-bipupro-wf\4bad968d1c1b296177786bd6ceeecef3\0027.png...
2022-01-06 08:41:40,112 - root - DEBUG - extracting E:\Codez\zepp-bipupro-wf\4bad968d1c1b296177786bd6ceeecef3\0028.png...
2022-01-06 08:41:40,112 - root - DEBUG - extracting E:\Codez\zepp-bipupro-wf\4bad968d1c1b296177786bd6ceeecef3\0029.png...
2022-01-06 08:41:40,112 - root - DEBUG - extracting E:\Codez\zepp-bipupro-wf\4bad968d1c1b296177786bd6ceeecef3\0030.png...
2022-01-06 08:41:40,128 - root - DEBUG - extracting E:\Codez\zepp-bipupro-wf\4bad968d1c1b296177786bd6ceeecef3\0031.png...
2022-01-06 08:41:40,128 - root - DEBUG - extracting E:\Codez\zepp-bipupro-wf\4bad968d1c1b296177786bd6ceeecef3\0032.png...
2022-01-06 08:41:40,128 - root - DEBUG - extracting E:\Codez\zepp-bipupro-wf\4bad968d1c1b296177786bd6ceeecef3\0033.png...
2022-01-06 08:41:40,128 - root - DEBUG - extracting E:\Codez\zepp-bipupro-wf\4bad968d1c1b296177786bd6ceeecef3\0034.png...
2022-01-06 08:41:40,128 - root - DEBUG - extracting E:\Codez\zepp-bipupro-wf\4bad968d1c1b296177786bd6ceeecef3\0035.png...
2022-01-06 08:41:40,128 - root - DEBUG - extracting E:\Codez\zepp-bipupro-wf\4bad968d1c1b296177786bd6ceeecef3\0036.png...
2022-01-06 08:41:40,128 - root - DEBUG - extracting E:\Codez\zepp-bipupro-wf\4bad968d1c1b296177786bd6ceeecef3\0037.png...
2022-01-06 08:41:40,128 - root - DEBUG - extracting E:\Codez\zepp-bipupro-wf\4bad968d1c1b296177786bd6ceeecef3\0038.png...
2022-01-06 08:41:40,128 - root - DEBUG - extracting E:\Codez\zepp-bipupro-wf\4bad968d1c1b296177786bd6ceeecef3\0039.png...
2022-01-06 08:41:40,128 - root - DEBUG - extracting E:\Codez\zepp-bipupro-wf\4bad968d1c1b296177786bd6ceeecef3\0040.png...
2022-01-06 08:41:40,128 - root - DEBUG - extracting E:\Codez\zepp-bipupro-wf\4bad968d1c1b296177786bd6ceeecef3\0041.png...
2022-01-06 08:41:40,128 - root - DEBUG - extracting E:\Codez\zepp-bipupro-wf\4bad968d1c1b296177786bd6ceeecef3\0042.png...
2022-01-06 08:41:40,128 - root - DEBUG - extracting E:\Codez\zepp-bipupro-wf\4bad968d1c1b296177786bd6ceeecef3\0043.png...
2022-01-06 08:41:40,128 - root - DEBUG - extracting E:\Codez\zepp-bipupro-wf\4bad968d1c1b296177786bd6ceeecef3\0044.png...
2022-01-06 08:41:40,128 - root - DEBUG - extracting E:\Codez\zepp-bipupro-wf\4bad968d1c1b296177786bd6ceeecef3\0045.png...
2022-01-06 08:41:40,128 - root - DEBUG - extracting E:\Codez\zepp-bipupro-wf\4bad968d1c1b296177786bd6ceeecef3\0046.png...
2022-01-06 08:41:40,128 - root - DEBUG - extracting E:\Codez\zepp-bipupro-wf\4bad968d1c1b296177786bd6ceeecef3\0047.png...
2022-01-06 08:41:40,128 - root - DEBUG - extracting E:\Codez\zepp-bipupro-wf\4bad968d1c1b296177786bd6ceeecef3\0048.png...
2022-01-06 08:41:40,128 - root - DEBUG - extracting E:\Codez\zepp-bipupro-wf\4bad968d1c1b296177786bd6ceeecef3\0049.png...
2022-01-06 08:41:40,143 - root - DEBUG - extracting E:\Codez\zepp-bipupro-wf\4bad968d1c1b296177786bd6ceeecef3\0050.png...
2022-01-06 08:41:40,143 - root - DEBUG - extracting E:\Codez\zepp-bipupro-wf\4bad968d1c1b296177786bd6ceeecef3\0051.png...
2022-01-06 08:41:40,143 - root - DEBUG - extracting E:\Codez\zepp-bipupro-wf\4bad968d1c1b296177786bd6ceeecef3\0052.png...
2022-01-06 08:41:40,143 - root - DEBUG - extracting E:\Codez\zepp-bipupro-wf\4bad968d1c1b296177786bd6ceeecef3\0053.png...
2022-01-06 08:41:40,143 - root - DEBUG - extracting E:\Codez\zepp-bipupro-wf\4bad968d1c1b296177786bd6ceeecef3\0054.png...
2022-01-06 08:41:40,143 - root - DEBUG - extracting E:\Codez\zepp-bipupro-wf\4bad968d1c1b296177786bd6ceeecef3\0055.png...
2022-01-06 08:41:40,143 - root - DEBUG - extracting E:\Codez\zepp-bipupro-wf\4bad968d1c1b296177786bd6ceeecef3\0056.png...
2022-01-06 08:41:40,143 - root - DEBUG - extracting E:\Codez\zepp-bipupro-wf\4bad968d1c1b296177786bd6ceeecef3\0057.png...
2022-01-06 08:41:40,143 - root - DEBUG - extracting E:\Codez\zepp-bipupro-wf\4bad968d1c1b296177786bd6ceeecef3\0058.png...
2022-01-06 08:41:40,159 - root - DEBUG - extracting E:\Codez\zepp-bipupro-wf\4bad968d1c1b296177786bd6ceeecef3\0059.png...
2022-01-06 08:41:40,159 - root - DEBUG - extracting E:\Codez\zepp-bipupro-wf\4bad968d1c1b296177786bd6ceeecef3\0060.png...
2022-01-06 08:41:40,159 - root - DEBUG - extracting E:\Codez\zepp-bipupro-wf\4bad968d1c1b296177786bd6ceeecef3\0061.png...
2022-01-06 08:41:40,159 - root - DEBUG - extracting E:\Codez\zepp-bipupro-wf\4bad968d1c1b296177786bd6ceeecef3\0062.png...
2022-01-06 08:41:40,159 - root - DEBUG - extracting E:\Codez\zepp-bipupro-wf\4bad968d1c1b296177786bd6ceeecef3\0063.png...
2022-01-06 08:41:40,159 - root - DEBUG - extracting E:\Codez\zepp-bipupro-wf\4bad968d1c1b296177786bd6ceeecef3\0064.png...
2022-01-06 08:41:40,159 - root - DEBUG - extracting E:\Codez\zepp-bipupro-wf\4bad968d1c1b296177786bd6ceeecef3\0065.png...
2022-01-06 08:41:40,159 - root - DEBUG - extracting E:\Codez\zepp-bipupro-wf\4bad968d1c1b296177786bd6ceeecef3\0066.png...
2022-01-06 08:41:40,159 - root - DEBUG - extracting E:\Codez\zepp-bipupro-wf\4bad968d1c1b296177786bd6ceeecef3\0067.png...
2022-01-06 08:41:40,159 - root - DEBUG - extracting E:\Codez\zepp-bipupro-wf\4bad968d1c1b296177786bd6ceeecef3\0068.png...
2022-01-06 08:41:40,159 - root - DEBUG - extracting E:\Codez\zepp-bipupro-wf\4bad968d1c1b296177786bd6ceeecef3\0069.png...
2022-01-06 08:41:40,159 - root - DEBUG - extracting E:\Codez\zepp-bipupro-wf\4bad968d1c1b296177786bd6ceeecef3\0070.png...
2022-01-06 08:41:40,159 - root - DEBUG - extracting E:\Codez\zepp-bipupro-wf\4bad968d1c1b296177786bd6ceeecef3\0071.png...
2022-01-06 08:41:40,175 - root - DEBUG - extracting E:\Codez\zepp-bipupro-wf\4bad968d1c1b296177786bd6ceeecef3\0072.png...
2022-01-06 08:41:40,175 - root - DEBUG - extracting E:\Codez\zepp-bipupro-wf\4bad968d1c1b296177786bd6ceeecef3\0073.png...
2022-01-06 08:41:40,175 - root - DEBUG - extracting E:\Codez\zepp-bipupro-wf\4bad968d1c1b296177786bd6ceeecef3\0074.png...
2022-01-06 08:41:40,175 - root - DEBUG - extracting E:\Codez\zepp-bipupro-wf\4bad968d1c1b296177786bd6ceeecef3\0075.png...
2022-01-06 08:41:40,175 - root - DEBUG - extracting E:\Codez\zepp-bipupro-wf\4bad968d1c1b296177786bd6ceeecef3\0076.png...
2022-01-06 08:41:40,175 - root - DEBUG - extracting E:\Codez\zepp-bipupro-wf\4bad968d1c1b296177786bd6ceeecef3\0077.png...
2022-01-06 08:41:40,175 - root - DEBUG - extracting E:\Codez\zepp-bipupro-wf\4bad968d1c1b296177786bd6ceeecef3\0078.png...
2022-01-06 08:41:40,175 - root - DEBUG - extracting E:\Codez\zepp-bipupro-wf\4bad968d1c1b296177786bd6ceeecef3\0079.png...
2022-01-06 08:41:40,175 - root - DEBUG - extracting E:\Codez\zepp-bipupro-wf\4bad968d1c1b296177786bd6ceeecef3\0080.png...
2022-01-06 08:41:40,190 - root - DEBUG - extracting E:\Codez\zepp-bipupro-wf\4bad968d1c1b296177786bd6ceeecef3\0081.png...
2022-01-06 08:41:40,190 - root - DEBUG - extracting E:\Codez\zepp-bipupro-wf\4bad968d1c1b296177786bd6ceeecef3\0082.png...
2022-01-06 08:41:40,190 - root - DEBUG - extracting E:\Codez\zepp-bipupro-wf\4bad968d1c1b296177786bd6ceeecef3\0083.png...
2022-01-06 08:41:40,190 - root - DEBUG - extracting E:\Codez\zepp-bipupro-wf\4bad968d1c1b296177786bd6ceeecef3\0084.png...
2022-01-06 08:41:40,190 - root - DEBUG - extracting E:\Codez\zepp-bipupro-wf\4bad968d1c1b296177786bd6ceeecef3\0085.png...
2022-01-06 08:41:40,190 - root - DEBUG - extracting E:\Codez\zepp-bipupro-wf\4bad968d1c1b296177786bd6ceeecef3\0086.png...
2022-01-06 08:41:40,190 - root - DEBUG - extracting E:\Codez\zepp-bipupro-wf\4bad968d1c1b296177786bd6ceeecef3\0087.png...
2022-01-06 08:41:40,190 - root - DEBUG - extracting E:\Codez\zepp-bipupro-wf\4bad968d1c1b296177786bd6ceeecef3\0088.png...
2022-01-06 08:41:40,190 - root - DEBUG - Exporting config...
