2022-01-06 08:41:11,628 - root - DEBUG - Opening watch face 'E:\Codez\zepp-bipupro-wf\228fb23aedc3cb965d6f3892890d5b40.bin'
2022-01-06 08:41:11,643 - root - DEBUG - Reading parameters...
2022-01-06 08:41:11,643 - root - INFO - Reading header...
2022-01-06 08:41:11,643 - root - INFO - Header was read:
2022-01-06 08:41:11,643 - root - INFO - Signature: b'UIHH\x01\x00\xff', Unknown: 82, ParametersSize: 54, isValid: True, deviceId: 71
2022-01-06 08:41:11,643 - root - INFO - Reading parameter offsets...
2022-01-06 08:41:11,643 - root - INFO - Parameter offsets were read from file
2022-01-06 08:41:11,643 - root - INFO - Reading parameters descriptor...
2022-01-06 08:41:11,643 - root - INFO - 1 ( A): 5 bytes
2022-01-06 08:41:11,643 - root - INFO -     1 ( 8): 317 13D
2022-01-06 08:41:11,643 - root - INFO -     2 (10): 70 46
2022-01-06 08:41:11,643 - root - INFO - getParameters descriptor was read:
2022-01-06 08:41:11,643 - root - INFO - ParametersTableLength: 317, ImagesCount: 70
2022-01-06 08:41:11,643 - root - INFO - Reading parameters locations...
2022-01-06 08:41:11,643 - root - INFO - 2 (12): 4 bytes
2022-01-06 08:41:11,643 - root - INFO -     1 ( 8): 0  0
2022-01-06 08:41:11,643 - root - INFO -     2 (10): 32 20
2022-01-06 08:41:11,643 - root - INFO - 3 (1A): 4 bytes
2022-01-06 08:41:11,643 - root - INFO -     1 ( 8): 32 20
2022-01-06 08:41:11,643 - root - INFO -     2 (10): 82 52
2022-01-06 08:41:11,643 - root - INFO - 4 (22): 5 bytes
2022-01-06 08:41:11,643 - root - INFO -     1 ( 8): 185 B9
2022-01-06 08:41:11,643 - root - INFO -     2 (10): 77 4D
2022-01-06 08:41:11,643 - root - INFO - 5 (2A): 4 bytes
2022-01-06 08:41:11,643 - root - INFO -     1 ( 8): 114 72
2022-01-06 08:41:11,643 - root - INFO -     2 (10): 71 47
2022-01-06 08:41:11,643 - root - INFO - 12 (62): 5 bytes
2022-01-06 08:41:11,643 - root - INFO -     1 ( 8): 262 106
2022-01-06 08:41:11,643 - root - INFO -     2 (10): 11  B
2022-01-06 08:41:11,643 - root - INFO - 15 (7A): 5 bytes
2022-01-06 08:41:11,643 - root - INFO -     1 ( 8): 273 111
2022-01-06 08:41:11,643 - root - INFO -     2 (10): 10  A
2022-01-06 08:41:11,643 - root - INFO - 20 (A2): 5 bytes
2022-01-06 08:41:11,643 - root - INFO -     1 ( 8): 283 11B
2022-01-06 08:41:11,643 - root - INFO -     2 (10): 34 22
2022-01-06 08:41:11,643 - root - INFO - Watch face parameters locations were read:
2022-01-06 08:41:11,643 - root - INFO - Reading descriptor for parameter 2
2022-01-06 08:41:11,643 - root - INFO - Descriptor offset: 0, Descriptor length: 32
2022-01-06 08:41:11,659 - root - INFO - Parsing descriptor for parameter 2...
2022-01-06 08:41:11,659 - root - INFO - 1 ( A): 6 bytes
2022-01-06 08:41:11,659 - root - INFO -     1 ( 8): 0  0
2022-01-06 08:41:11,659 - root - INFO -     2 (10): 0  0
2022-01-06 08:41:11,659 - root - INFO -     3 (18): 1  1
2022-01-06 08:41:11,659 - root - INFO - 3 (1A): 6 bytes
2022-01-06 08:41:11,659 - root - INFO -     1 ( 8): 0  0
2022-01-06 08:41:11,659 - root - INFO -     2 (10): 0  0
2022-01-06 08:41:11,659 - root - INFO -     3 (18): 0  0
2022-01-06 08:41:11,659 - root - INFO - 4 (22): 6 bytes
2022-01-06 08:41:11,659 - root - INFO -     1 ( 8): 0  0
2022-01-06 08:41:11,659 - root - INFO -     2 (10): 0  0
2022-01-06 08:41:11,659 - root - INFO -     3 (18): 0  0
2022-01-06 08:41:11,659 - root - INFO - 5 (2A): 6 bytes
2022-01-06 08:41:11,659 - root - INFO -     1 ( 8): 0  0
2022-01-06 08:41:11,659 - root - INFO -     2 (10): 0  0
2022-01-06 08:41:11,659 - root - INFO -     3 (18): 0  0
2022-01-06 08:41:11,659 - root - INFO - Reading descriptor for parameter 3
2022-01-06 08:41:11,659 - root - INFO - Descriptor offset: 32, Descriptor length: 82
2022-01-06 08:41:11,659 - root - INFO - Parsing descriptor for parameter 3...
2022-01-06 08:41:11,659 - root - INFO - 1 ( A): 80 bytes
2022-01-06 08:41:11,659 - root - INFO -     1 ( A): 22 bytes
2022-01-06 08:41:11,659 - root - INFO -         1 ( A): 9 bytes
2022-01-06 08:41:11,659 - root - INFO -             1 ( 8): 54 36
2022-01-06 08:41:11,659 - root - INFO -             2 (10): 157 9D
2022-01-06 08:41:11,659 - root - INFO -             3 (18): 2  2
2022-01-06 08:41:11,659 - root - INFO -             4 (20): 10  A
2022-01-06 08:41:11,659 - root - INFO -         2 (12): 9 bytes
2022-01-06 08:41:11,659 - root - INFO -             1 ( 8): 97 61
2022-01-06 08:41:11,659 - root - INFO -             2 (10): 157 9D
2022-01-06 08:41:11,659 - root - INFO -             3 (18): 2  2
2022-01-06 08:41:11,659 - root - INFO -             4 (20): 10  A
2022-01-06 08:41:11,659 - root - INFO -     2 (12): 24 bytes
2022-01-06 08:41:11,659 - root - INFO -         1 ( A): 10 bytes
2022-01-06 08:41:11,659 - root - INFO -             1 ( 8): 159 9F
2022-01-06 08:41:11,659 - root - INFO -             2 (10): 157 9D
2022-01-06 08:41:11,659 - root - INFO -             3 (18): 2  2
2022-01-06 08:41:11,659 - root - INFO -             4 (20): 10  A
2022-01-06 08:41:11,659 - root - INFO -         2 (12): 10 bytes
2022-01-06 08:41:11,659 - root - INFO -             1 ( 8): 202 CA
2022-01-06 08:41:11,659 - root - INFO -             2 (10): 157 9D
2022-01-06 08:41:11,659 - root - INFO -             3 (18): 2  2
2022-01-06 08:41:11,659 - root - INFO -             4 (20): 10  A
2022-01-06 08:41:11,659 - root - INFO -     3 (1A): 24 bytes
2022-01-06 08:41:11,659 - root - INFO -         1 ( A): 10 bytes
2022-01-06 08:41:11,659 - root - INFO -             1 ( 8): 254 FE
2022-01-06 08:41:11,659 - root - INFO -             2 (10): 190 BE
2022-01-06 08:41:11,659 - root - INFO -             3 (18): 12  C
2022-01-06 08:41:11,659 - root - INFO -             4 (20): 10  A
2022-01-06 08:41:11,659 - root - INFO -         2 (12): 10 bytes
2022-01-06 08:41:11,659 - root - INFO -             1 ( 8): 273 111
2022-01-06 08:41:11,659 - root - INFO -             2 (10): 190 BE
2022-01-06 08:41:11,659 - root - INFO -             3 (18): 12  C
2022-01-06 08:41:11,659 - root - INFO -             4 (20): 10  A
2022-01-06 08:41:11,659 - root - INFO -     7 (38): 0  0
2022-01-06 08:41:11,659 - root - INFO -     8 (40): 1  1
2022-01-06 08:41:11,659 - root - INFO - Reading descriptor for parameter 4
2022-01-06 08:41:11,659 - root - INFO - Descriptor offset: 185, Descriptor length: 77
2022-01-06 08:41:11,659 - root - INFO - Parsing descriptor for parameter 4...
2022-01-06 08:41:11,659 - root - INFO - 1 ( A): 25 bytes
2022-01-06 08:41:11,659 - root - INFO -     1 ( A): 21 bytes
2022-01-06 08:41:11,659 - root - INFO -         1 ( 8): 103 67
2022-01-06 08:41:11,659 - root - INFO -         2 (10): 277 115
2022-01-06 08:41:11,659 - root - INFO -         3 (18): 198 C6
2022-01-06 08:41:11,659 - root - INFO -         4 (20): 297 129
2022-01-06 08:41:11,659 - root - INFO -         5 (28): 24 18
2022-01-06 08:41:11,659 - root - INFO -         6 (30): 0  0
2022-01-06 08:41:11,659 - root - INFO -         7 (38): 0  0
2022-01-06 08:41:11,659 - root - INFO -         8 (40): 42 2A
2022-01-06 08:41:11,659 - root - INFO -         9 (48): 10  A
2022-01-06 08:41:11,659 - root - INFO -     2 (10): 52 34
2022-01-06 08:41:11,659 - root - INFO - 3 (1A): 20 bytes
2022-01-06 08:41:11,659 - root - INFO -     1 ( A): 18 bytes
2022-01-06 08:41:11,659 - root - INFO -         1 ( 8): 8  8
2022-01-06 08:41:11,659 - root - INFO -         2 (10): 85 55
2022-01-06 08:41:11,659 - root - INFO -         3 (18): 55 37
2022-01-06 08:41:11,659 - root - INFO -         4 (20): 102 66
2022-01-06 08:41:11,659 - root - INFO -         5 (28): 24 18
2022-01-06 08:41:11,659 - root - INFO -         6 (30): 0  0
2022-01-06 08:41:11,659 - root - INFO -         7 (38): 0  0
2022-01-06 08:41:11,659 - root - INFO -         8 (40): 22 16
2022-01-06 08:41:11,659 - root - INFO -         9 (48): 10  A
2022-01-06 08:41:11,659 - root - INFO - 4 (22): 24 bytes
2022-01-06 08:41:11,659 - root - INFO -     1 ( A): 20 bytes
2022-01-06 08:41:11,659 - root - INFO -         1 ( 8): 252 FC
2022-01-06 08:41:11,659 - root - INFO -         2 (10): 85 55
2022-01-06 08:41:11,659 - root - INFO -         3 (18): 287 11F
2022-01-06 08:41:11,659 - root - INFO -         4 (20): 102 66
2022-01-06 08:41:11,659 - root - INFO -         5 (28): 24 18
2022-01-06 08:41:11,659 - root - INFO -         6 (30): 0  0
2022-01-06 08:41:11,659 - root - INFO -         7 (38): 0  0
2022-01-06 08:41:11,659 - root - INFO -         8 (40): 22 16
2022-01-06 08:41:11,659 - root - INFO -         9 (48): 10  A
2022-01-06 08:41:11,659 - root - INFO -     3 (18): 53 35
2022-01-06 08:41:11,659 - root - INFO - 7 (38): 0  0
2022-01-06 08:41:11,659 - root - INFO - Reading descriptor for parameter 5
2022-01-06 08:41:11,659 - root - INFO - Descriptor offset: 114, Descriptor length: 71
2022-01-06 08:41:11,659 - root - INFO - Parsing descriptor for parameter 5...
2022-01-06 08:41:11,659 - root - INFO - 1 ( A): 33 bytes
2022-01-06 08:41:11,659 - root - INFO -     2 (12): 25 bytes
2022-01-06 08:41:11,659 - root - INFO -         1 ( A): 21 bytes
2022-01-06 08:41:11,659 - root - INFO -             1 ( 8): 98 62
2022-01-06 08:41:11,659 - root - INFO -             2 (10): 237 ED
2022-01-06 08:41:11,659 - root - INFO -             3 (18): 157 9D
2022-01-06 08:41:11,659 - root - INFO -             4 (20): 254 FE
2022-01-06 08:41:11,659 - root - INFO -             5 (28): 18 12
2022-01-06 08:41:11,659 - root - INFO -             6 (30): 0  0
2022-01-06 08:41:11,659 - root - INFO -             7 (38): 0  0
2022-01-06 08:41:11,659 - root - INFO -             8 (40): 22 16
2022-01-06 08:41:11,659 - root - INFO -             9 (48): 10  A
2022-01-06 08:41:11,659 - root - INFO -         2 (10): 32 20
2022-01-06 08:41:11,659 - root - INFO -     4 (20): 1  1
2022-01-06 08:41:11,659 - root - INFO -     5 (28): 1  1
2022-01-06 08:41:11,659 - root - INFO -     6 (30): 0  0
2022-01-06 08:41:11,659 - root - INFO - 2 (12): 22 bytes
2022-01-06 08:41:11,659 - root - INFO -     1 ( 8): 0  0
2022-01-06 08:41:11,659 - root - INFO -     2 (10): 0  0
2022-01-06 08:41:11,659 - root - INFO -     5 (28): 40 28
2022-01-06 08:41:11,659 - root - INFO -     6 (30): 41 29
2022-01-06 08:41:11,659 - root - INFO -     8 (42): 5 bytes
2022-01-06 08:41:11,659 - root - INFO -         1 ( 8): 11  B
2022-01-06 08:41:11,659 - root - INFO -         2 (10): 158 9E
2022-01-06 08:41:11,659 - root - INFO -     9 (4A): 5 bytes
2022-01-06 08:41:11,659 - root - INFO -         1 ( 8): 11  B
2022-01-06 08:41:11,659 - root - INFO -         2 (10): 195 C3
2022-01-06 08:41:11,659 - root - INFO - 4 (22): 10 bytes
2022-01-06 08:41:11,659 - root - INFO -     1 ( 8): 168 A8
2022-01-06 08:41:11,659 - root - INFO -     2 (10): 237 ED
2022-01-06 08:41:11,659 - root - INFO -     3 (18): 33 21
2022-01-06 08:41:11,659 - root - INFO -     4 (20): 7  7
2022-01-06 08:41:11,674 - root - INFO - Reading descriptor for parameter 12
2022-01-06 08:41:11,674 - root - INFO - Descriptor offset: 262, Descriptor length: 11
2022-01-06 08:41:11,674 - root - INFO - Parsing descriptor for parameter 12...
2022-01-06 08:41:11,674 - root - INFO - 2 (12): 9 bytes
2022-01-06 08:41:11,674 - root - INFO -     1 ( 8): 215 D7
2022-01-06 08:41:11,674 - root - INFO -     2 (10): 56 38
2022-01-06 08:41:11,674 - root - INFO -     3 (18): 54 36
2022-01-06 08:41:11,674 - root - INFO -     4 (20): 6  6
2022-01-06 08:41:11,674 - root - INFO - Reading descriptor for parameter 15
2022-01-06 08:41:11,674 - root - INFO - Descriptor offset: 273, Descriptor length: 10
2022-01-06 08:41:11,674 - root - INFO - Parsing descriptor for parameter 15...
2022-01-06 08:41:11,674 - root - INFO - 2 (12): 8 bytes
2022-01-06 08:41:11,674 - root - INFO -     1 ( 8): 55 37
2022-01-06 08:41:11,674 - root - INFO -     2 (10): 56 38
2022-01-06 08:41:11,674 - root - INFO -     3 (18): 60 3C
2022-01-06 08:41:11,674 - root - INFO -     4 (20): 6  6
2022-01-06 08:41:11,674 - root - INFO - Reading descriptor for parameter 20
2022-01-06 08:41:11,674 - root - INFO - Descriptor offset: 283, Descriptor length: 34
2022-01-06 08:41:11,674 - root - INFO - Parsing descriptor for parameter 20...
2022-01-06 08:41:11,674 - root - INFO - 2 (12): 5 bytes
2022-01-06 08:41:11,674 - root - INFO -     1 ( 8): 151 97
2022-01-06 08:41:11,674 - root - INFO -     2 (10): 68 44
2022-01-06 08:41:11,674 - root - INFO - 3 (1A): 4 bytes
2022-01-06 08:41:11,674 - root - INFO -     1 ( 8): 66 42
2022-01-06 08:41:11,674 - root - INFO -     2 (10): 36 24
2022-01-06 08:41:11,674 - root - INFO - 4 (22): 4 bytes
2022-01-06 08:41:11,674 - root - INFO -     1 ( 8): 67 43
2022-01-06 08:41:11,674 - root - INFO -     2 (10): 45 2D
2022-01-06 08:41:11,674 - root - INFO - 5 (2A): 13 bytes
2022-01-06 08:41:11,674 - root - INFO -     1 ( 8): 68 44
2022-01-06 08:41:11,674 - root - INFO -     2 (10): 54 36
2022-01-06 08:41:11,674 - root - INFO -     4 (22): 7 bytes
2022-01-06 08:41:11,674 - root - INFO -         1 ( 8): 144 90
2022-01-06 08:41:11,674 - root - INFO -         2 (10): 61 3D
2022-01-06 08:41:11,674 - root - INFO -         3 (18): 69 45
2022-01-06 08:41:11,674 - root - INFO - Reading resources offsets table with 70 elements (280 bytes)
2022-01-06 08:41:11,674 - root - INFO - Resource 0 offset: 738, length: 86472...
2022-01-06 08:41:11,674 - root - DEBUG - Reading resource 0...
2022-01-06 08:41:11,721 - root - INFO - The image is bmc.
2022-01-06 08:41:11,721 - root - INFO - Reading image header(readHeader16C)...
2022-01-06 08:41:11,721 - root - INFO - Image header was read:
2022-01-06 08:41:11,721 - root - INFO - Width: 202, Height: 214, RowLength: 404
2022-01-06 08:41:11,721 - root - INFO - _step: 2, unknown2: 0,
2022-01-06 08:41:11,721 - root - INFO - BPP: 16, Transparency: False
2022-01-06 08:41:11,893 - root - INFO - Resource 1 offset: 87210, length: 193296...
2022-01-06 08:41:11,893 - root - DEBUG - Reading resource 1...
2022-01-06 08:41:11,893 - root - INFO - The image is bmc.
2022-01-06 08:41:11,893 - root - INFO - Reading image header(readHeader16C)...
2022-01-06 08:41:11,893 - root - INFO - Image header was read:
2022-01-06 08:41:11,893 - root - INFO - Width: 302, Height: 320, RowLength: 604
2022-01-06 08:41:11,893 - root - INFO - _step: 2, unknown2: 0,
2022-01-06 08:41:11,893 - root - INFO - BPP: 16, Transparency: False
2022-01-06 08:41:12,484 - root - INFO - Resource 2 offset: 280506, length: 4340...
2022-01-06 08:41:12,484 - root - DEBUG - Reading resource 2...
2022-01-06 08:41:12,484 - root - INFO - The image is bme.
2022-01-06 08:41:12,484 - root - INFO - Reading image header(readHeader16E)...
2022-01-06 08:41:12,484 - root - INFO - Image header was read:
2022-01-06 08:41:12,484 - root - INFO - Width: 40, Height: 62, RowLength: 80
2022-01-06 08:41:12,499 - root - INFO - datalength: 4324, _step: 2
2022-01-06 08:41:12,499 - root - INFO - BPP: 16, Transparency: False
2022-01-06 08:41:12,499 - root - INFO - Resource 3 offset: 284846, length: 2384...
2022-01-06 08:41:12,499 - root - DEBUG - Reading resource 3...
2022-01-06 08:41:12,499 - root - INFO - The image is bme.
2022-01-06 08:41:12,499 - root - INFO - Reading image header(readHeader16E)...
2022-01-06 08:41:12,499 - root - INFO - Image header was read:
2022-01-06 08:41:12,499 - root - INFO - Width: 40, Height: 62, RowLength: 80
2022-01-06 08:41:12,499 - root - INFO - datalength: 2368, _step: 2
2022-01-06 08:41:12,499 - root - INFO - BPP: 16, Transparency: False
2022-01-06 08:41:12,515 - root - INFO - Resource 4 offset: 287230, length: 3914...
2022-01-06 08:41:12,515 - root - DEBUG - Reading resource 4...
2022-01-06 08:41:12,515 - root - INFO - The image is bme.
2022-01-06 08:41:12,515 - root - INFO - Reading image header(readHeader16E)...
2022-01-06 08:41:12,515 - root - INFO - Image header was read:
2022-01-06 08:41:12,515 - root - INFO - Width: 40, Height: 62, RowLength: 80
2022-01-06 08:41:12,515 - root - INFO - datalength: 3898, _step: 2
2022-01-06 08:41:12,515 - root - INFO - BPP: 16, Transparency: False
2022-01-06 08:41:12,515 - root - INFO - Resource 5 offset: 291144, length: 3898...
2022-01-06 08:41:12,515 - root - DEBUG - Reading resource 5...
2022-01-06 08:41:12,515 - root - INFO - The image is bme.
2022-01-06 08:41:12,515 - root - INFO - Reading image header(readHeader16E)...
2022-01-06 08:41:12,515 - root - INFO - Image header was read:
2022-01-06 08:41:12,515 - root - INFO - Width: 40, Height: 62, RowLength: 80
2022-01-06 08:41:12,515 - root - INFO - datalength: 3882, _step: 2
2022-01-06 08:41:12,515 - root - INFO - BPP: 16, Transparency: False
2022-01-06 08:41:12,530 - root - INFO - Resource 6 offset: 295042, length: 3584...
2022-01-06 08:41:12,530 - root - DEBUG - Reading resource 6...
2022-01-06 08:41:12,530 - root - INFO - The image is bme.
2022-01-06 08:41:12,530 - root - INFO - Reading image header(readHeader16E)...
2022-01-06 08:41:12,530 - root - INFO - Image header was read:
2022-01-06 08:41:12,530 - root - INFO - Width: 40, Height: 62, RowLength: 80
2022-01-06 08:41:12,530 - root - INFO - datalength: 3568, _step: 2
2022-01-06 08:41:12,530 - root - INFO - BPP: 16, Transparency: False
2022-01-06 08:41:12,530 - root - INFO - Resource 7 offset: 298626, length: 3922...
2022-01-06 08:41:12,530 - root - DEBUG - Reading resource 7...
2022-01-06 08:41:12,530 - root - INFO - The image is bme.
2022-01-06 08:41:12,530 - root - INFO - Reading image header(readHeader16E)...
2022-01-06 08:41:12,530 - root - INFO - Image header was read:
2022-01-06 08:41:12,530 - root - INFO - Width: 40, Height: 62, RowLength: 80
2022-01-06 08:41:12,530 - root - INFO - datalength: 3906, _step: 2
2022-01-06 08:41:12,530 - root - INFO - BPP: 16, Transparency: False
2022-01-06 08:41:12,546 - root - INFO - Resource 8 offset: 302548, length: 4122...
2022-01-06 08:41:12,546 - root - DEBUG - Reading resource 8...
2022-01-06 08:41:12,546 - root - INFO - The image is bme.
2022-01-06 08:41:12,546 - root - INFO - Reading image header(readHeader16E)...
2022-01-06 08:41:12,546 - root - INFO - Image header was read:
2022-01-06 08:41:12,546 - root - INFO - Width: 40, Height: 62, RowLength: 80
2022-01-06 08:41:12,546 - root - INFO - datalength: 4106, _step: 2
2022-01-06 08:41:12,546 - root - INFO - BPP: 16, Transparency: False
2022-01-06 08:41:12,546 - root - INFO - Resource 9 offset: 306670, length: 2972...
2022-01-06 08:41:12,546 - root - DEBUG - Reading resource 9...
2022-01-06 08:41:12,546 - root - INFO - The image is bme.
2022-01-06 08:41:12,546 - root - INFO - Reading image header(readHeader16E)...
2022-01-06 08:41:12,546 - root - INFO - Image header was read:
2022-01-06 08:41:12,546 - root - INFO - Width: 40, Height: 62, RowLength: 80
2022-01-06 08:41:12,546 - root - INFO - datalength: 2956, _step: 2
2022-01-06 08:41:12,546 - root - INFO - BPP: 16, Transparency: False
2022-01-06 08:41:12,562 - root - INFO - Resource 10 offset: 309642, length: 4450...
2022-01-06 08:41:12,562 - root - DEBUG - Reading resource 10...
2022-01-06 08:41:12,562 - root - INFO - The image is bme.
2022-01-06 08:41:12,562 - root - INFO - Reading image header(readHeader16E)...
2022-01-06 08:41:12,562 - root - INFO - Image header was read:
2022-01-06 08:41:12,562 - root - INFO - Width: 40, Height: 62, RowLength: 80
2022-01-06 08:41:12,562 - root - INFO - datalength: 4434, _step: 2
2022-01-06 08:41:12,562 - root - INFO - BPP: 16, Transparency: False
2022-01-06 08:41:12,562 - root - INFO - Resource 11 offset: 314092, length: 4122...
2022-01-06 08:41:12,562 - root - DEBUG - Reading resource 11...
2022-01-06 08:41:12,562 - root - INFO - The image is bme.
2022-01-06 08:41:12,562 - root - INFO - Reading image header(readHeader16E)...
2022-01-06 08:41:12,562 - root - INFO - Image header was read:
2022-01-06 08:41:12,562 - root - INFO - Width: 40, Height: 62, RowLength: 80
2022-01-06 08:41:12,562 - root - INFO - datalength: 4106, _step: 2
2022-01-06 08:41:12,562 - root - INFO - BPP: 16, Transparency: False
2022-01-06 08:41:12,577 - root - INFO - Resource 12 offset: 318214, length: 1152...
2022-01-06 08:41:12,577 - root - DEBUG - Reading resource 12...
2022-01-06 08:41:12,577 - root - INFO - The image is bme.
2022-01-06 08:41:12,577 - root - INFO - Reading image header(readHeader16E)...
2022-01-06 08:41:12,577 - root - INFO - Image header was read:
2022-01-06 08:41:12,577 - root - INFO - Width: 19, Height: 28, RowLength: 38
2022-01-06 08:41:12,577 - root - INFO - datalength: 1136, _step: 2
2022-01-06 08:41:12,577 - root - INFO - BPP: 16, Transparency: False
2022-01-06 08:41:12,577 - root - INFO - Resource 13 offset: 319366, length: 752...
2022-01-06 08:41:12,577 - root - DEBUG - Reading resource 13...
2022-01-06 08:41:12,577 - root - INFO - The image is bme.
2022-01-06 08:41:12,577 - root - INFO - Reading image header(readHeader16E)...
2022-01-06 08:41:12,577 - root - INFO - Image header was read:
2022-01-06 08:41:12,577 - root - INFO - Width: 19, Height: 28, RowLength: 38
2022-01-06 08:41:12,593 - root - INFO - datalength: 736, _step: 2
2022-01-06 08:41:12,593 - root - INFO - BPP: 16, Transparency: False
2022-01-06 08:41:12,593 - root - INFO - Resource 14 offset: 320118, length: 1126...
2022-01-06 08:41:12,593 - root - DEBUG - Reading resource 14...
2022-01-06 08:41:12,593 - root - INFO - The image is bme.
2022-01-06 08:41:12,593 - root - INFO - Reading image header(readHeader16E)...
2022-01-06 08:41:12,593 - root - INFO - Image header was read:
2022-01-06 08:41:12,593 - root - INFO - Width: 19, Height: 28, RowLength: 38
2022-01-06 08:41:12,593 - root - INFO - datalength: 1110, _step: 2
2022-01-06 08:41:12,593 - root - INFO - BPP: 16, Transparency: False
2022-01-06 08:41:12,593 - root - INFO - Resource 15 offset: 321244, length: 1120...
2022-01-06 08:41:12,593 - root - DEBUG - Reading resource 15...
2022-01-06 08:41:12,593 - root - INFO - The image is bme.
2022-01-06 08:41:12,593 - root - INFO - Reading image header(readHeader16E)...
2022-01-06 08:41:12,593 - root - INFO - Image header was read:
2022-01-06 08:41:12,593 - root - INFO - Width: 19, Height: 28, RowLength: 38
2022-01-06 08:41:12,593 - root - INFO - datalength: 1104, _step: 2
2022-01-06 08:41:12,593 - root - INFO - BPP: 16, Transparency: False
2022-01-06 08:41:12,593 - root - INFO - Resource 16 offset: 322364, length: 1024...
2022-01-06 08:41:12,593 - root - DEBUG - Reading resource 16...
2022-01-06 08:41:12,593 - root - INFO - The image is bme.
2022-01-06 08:41:12,593 - root - INFO - Reading image header(readHeader16E)...
2022-01-06 08:41:12,593 - root - INFO - Image header was read:
2022-01-06 08:41:12,593 - root - INFO - Width: 19, Height: 28, RowLength: 38
2022-01-06 08:41:12,593 - root - INFO - datalength: 1008, _step: 2
2022-01-06 08:41:12,593 - root - INFO - BPP: 16, Transparency: False
2022-01-06 08:41:12,593 - root - INFO - Resource 17 offset: 323388, length: 1134...
2022-01-06 08:41:12,593 - root - DEBUG - Reading resource 17...
2022-01-06 08:41:12,593 - root - INFO - The image is bme.
2022-01-06 08:41:12,593 - root - INFO - Reading image header(readHeader16E)...
2022-01-06 08:41:12,593 - root - INFO - Image header was read:
2022-01-06 08:41:12,593 - root - INFO - Width: 19, Height: 28, RowLength: 38
2022-01-06 08:41:12,593 - root - INFO - datalength: 1118, _step: 2
2022-01-06 08:41:12,593 - root - INFO - BPP: 16, Transparency: False
2022-01-06 08:41:12,593 - root - INFO - Resource 18 offset: 324522, length: 1126...
2022-01-06 08:41:12,593 - root - DEBUG - Reading resource 18...
2022-01-06 08:41:12,593 - root - INFO - The image is bme.
2022-01-06 08:41:12,593 - root - INFO - Reading image header(readHeader16E)...
2022-01-06 08:41:12,593 - root - INFO - Image header was read:
2022-01-06 08:41:12,593 - root - INFO - Width: 19, Height: 28, RowLength: 38
2022-01-06 08:41:12,593 - root - INFO - datalength: 1110, _step: 2
2022-01-06 08:41:12,593 - root - INFO - BPP: 16, Transparency: False
2022-01-06 08:41:12,609 - root - INFO - Resource 19 offset: 325648, length: 898...
2022-01-06 08:41:12,609 - root - DEBUG - Reading resource 19...
2022-01-06 08:41:12,609 - root - INFO - The image is bme.
2022-01-06 08:41:12,609 - root - INFO - Reading image header(readHeader16E)...
2022-01-06 08:41:12,609 - root - INFO - Image header was read:
2022-01-06 08:41:12,609 - root - INFO - Width: 19, Height: 28, RowLength: 38
2022-01-06 08:41:12,609 - root - INFO - datalength: 882, _step: 2
2022-01-06 08:41:12,609 - root - INFO - BPP: 16, Transparency: False
2022-01-06 08:41:12,609 - root - INFO - Resource 20 offset: 326546, length: 1152...
2022-01-06 08:41:12,609 - root - DEBUG - Reading resource 20...
2022-01-06 08:41:12,609 - root - INFO - The image is bme.
2022-01-06 08:41:12,609 - root - INFO - Reading image header(readHeader16E)...
2022-01-06 08:41:12,609 - root - INFO - Image header was read:
2022-01-06 08:41:12,609 - root - INFO - Width: 19, Height: 28, RowLength: 38
2022-01-06 08:41:12,609 - root - INFO - datalength: 1136, _step: 2
2022-01-06 08:41:12,609 - root - INFO - BPP: 16, Transparency: False
2022-01-06 08:41:12,609 - root - INFO - Resource 21 offset: 327698, length: 1122...
2022-01-06 08:41:12,609 - root - DEBUG - Reading resource 21...
2022-01-06 08:41:12,609 - root - INFO - The image is bme.
2022-01-06 08:41:12,609 - root - INFO - Reading image header(readHeader16E)...
2022-01-06 08:41:12,609 - root - INFO - Image header was read:
2022-01-06 08:41:12,609 - root - INFO - Width: 19, Height: 28, RowLength: 38
2022-01-06 08:41:12,609 - root - INFO - datalength: 1106, _step: 2
2022-01-06 08:41:12,609 - root - INFO - BPP: 16, Transparency: False
2022-01-06 08:41:12,609 - root - INFO - Resource 22 offset: 328820, length: 376...
2022-01-06 08:41:12,609 - root - DEBUG - Reading resource 22...
2022-01-06 08:41:12,609 - root - INFO - The image is bme.
2022-01-06 08:41:12,609 - root - INFO - Reading image header(readHeader16E)...
2022-01-06 08:41:12,609 - root - INFO - Image header was read:
2022-01-06 08:41:12,609 - root - INFO - Width: 11, Height: 17, RowLength: 22
2022-01-06 08:41:12,609 - root - INFO - datalength: 360, _step: 2
2022-01-06 08:41:12,609 - root - INFO - BPP: 16, Transparency: False
2022-01-06 08:41:12,609 - root - INFO - Resource 23 offset: 329196, length: 208...
2022-01-06 08:41:12,609 - root - DEBUG - Reading resource 23...
2022-01-06 08:41:12,609 - root - INFO - The image is bme.
2022-01-06 08:41:12,609 - root - INFO - Reading image header(readHeader16E)...
2022-01-06 08:41:12,609 - root - INFO - Image header was read:
2022-01-06 08:41:12,609 - root - INFO - Width: 11, Height: 17, RowLength: 22
2022-01-06 08:41:12,609 - root - INFO - datalength: 192, _step: 2
2022-01-06 08:41:12,609 - root - INFO - BPP: 16, Transparency: False
2022-01-06 08:41:12,609 - root - INFO - Resource 24 offset: 329404, length: 300...
2022-01-06 08:41:12,609 - root - DEBUG - Reading resource 24...
2022-01-06 08:41:12,609 - root - INFO - The image is bme.
2022-01-06 08:41:12,609 - root - INFO - Reading image header(readHeader16E)...
2022-01-06 08:41:12,609 - root - INFO - Image header was read:
2022-01-06 08:41:12,609 - root - INFO - Width: 11, Height: 17, RowLength: 22
2022-01-06 08:41:12,609 - root - INFO - datalength: 284, _step: 2
2022-01-06 08:41:12,609 - root - INFO - BPP: 16, Transparency: False
2022-01-06 08:41:12,609 - root - INFO - Resource 25 offset: 329704, length: 298...
2022-01-06 08:41:12,609 - root - DEBUG - Reading resource 25...
2022-01-06 08:41:12,609 - root - INFO - The image is bme.
2022-01-06 08:41:12,609 - root - INFO - Reading image header(readHeader16E)...
2022-01-06 08:41:12,609 - root - INFO - Image header was read:
2022-01-06 08:41:12,609 - root - INFO - Width: 11, Height: 17, RowLength: 22
2022-01-06 08:41:12,609 - root - INFO - datalength: 282, _step: 2
2022-01-06 08:41:12,609 - root - INFO - BPP: 16, Transparency: False
2022-01-06 08:41:12,609 - root - INFO - Resource 26 offset: 330002, length: 310...
2022-01-06 08:41:12,609 - root - DEBUG - Reading resource 26...
2022-01-06 08:41:12,609 - root - INFO - The image is bme.
2022-01-06 08:41:12,609 - root - INFO - Reading image header(readHeader16E)...
2022-01-06 08:41:12,609 - root - INFO - Image header was read:
2022-01-06 08:41:12,609 - root - INFO - Width: 11, Height: 17, RowLength: 22
2022-01-06 08:41:12,609 - root - INFO - datalength: 294, _step: 2
2022-01-06 08:41:12,609 - root - INFO - BPP: 16, Transparency: False
2022-01-06 08:41:12,624 - root - INFO - Resource 27 offset: 330312, length: 302...
2022-01-06 08:41:12,624 - root - DEBUG - Reading resource 27...
2022-01-06 08:41:12,624 - root - INFO - The image is bme.
2022-01-06 08:41:12,624 - root - INFO - Reading image header(readHeader16E)...
2022-01-06 08:41:12,624 - root - INFO - Image header was read:
2022-01-06 08:41:12,624 - root - INFO - Width: 11, Height: 17, RowLength: 22
2022-01-06 08:41:12,624 - root - INFO - datalength: 286, _step: 2
2022-01-06 08:41:12,624 - root - INFO - BPP: 16, Transparency: False
2022-01-06 08:41:12,624 - root - INFO - Resource 28 offset: 330614, length: 334...
2022-01-06 08:41:12,624 - root - DEBUG - Reading resource 28...
2022-01-06 08:41:12,624 - root - INFO - The image is bme.
2022-01-06 08:41:12,624 - root - INFO - Reading image header(readHeader16E)...
2022-01-06 08:41:12,624 - root - INFO - Image header was read:
2022-01-06 08:41:12,624 - root - INFO - Width: 11, Height: 17, RowLength: 22
2022-01-06 08:41:12,624 - root - INFO - datalength: 318, _step: 2
2022-01-06 08:41:12,624 - root - INFO - BPP: 16, Transparency: False
2022-01-06 08:41:12,624 - root - INFO - Resource 29 offset: 330948, length: 256...
2022-01-06 08:41:12,624 - root - DEBUG - Reading resource 29...
2022-01-06 08:41:12,624 - root - INFO - The image is bme.
2022-01-06 08:41:12,624 - root - INFO - Reading image header(readHeader16E)...
2022-01-06 08:41:12,624 - root - INFO - Image header was read:
2022-01-06 08:41:12,624 - root - INFO - Width: 11, Height: 17, RowLength: 22
2022-01-06 08:41:12,624 - root - INFO - datalength: 240, _step: 2
2022-01-06 08:41:12,624 - root - INFO - BPP: 16, Transparency: False
2022-01-06 08:41:12,624 - root - INFO - Resource 30 offset: 331204, length: 376...
2022-01-06 08:41:12,624 - root - DEBUG - Reading resource 30...
2022-01-06 08:41:12,624 - root - INFO - The image is bme.
2022-01-06 08:41:12,624 - root - INFO - Reading image header(readHeader16E)...
2022-01-06 08:41:12,624 - root - INFO - Image header was read:
2022-01-06 08:41:12,624 - root - INFO - Width: 11, Height: 17, RowLength: 22
2022-01-06 08:41:12,624 - root - INFO - datalength: 360, _step: 2
2022-01-06 08:41:12,624 - root - INFO - BPP: 16, Transparency: False
2022-01-06 08:41:12,624 - root - INFO - Resource 31 offset: 331580, length: 334...
2022-01-06 08:41:12,624 - root - DEBUG - Reading resource 31...
2022-01-06 08:41:12,624 - root - INFO - The image is bme.
2022-01-06 08:41:12,624 - root - INFO - Reading image header(readHeader16E)...
2022-01-06 08:41:12,624 - root - INFO - Image header was read:
2022-01-06 08:41:12,624 - root - INFO - Width: 11, Height: 17, RowLength: 22
2022-01-06 08:41:12,624 - root - INFO - datalength: 318, _step: 2
2022-01-06 08:41:12,624 - root - INFO - BPP: 16, Transparency: False
2022-01-06 08:41:12,624 - root - INFO - Resource 32 offset: 331914, length: 232...
2022-01-06 08:41:12,624 - root - DEBUG - Reading resource 32...
2022-01-06 08:41:12,624 - root - INFO - The image is bme.
2022-01-06 08:41:12,624 - root - INFO - Reading image header(readHeader16E)...
2022-01-06 08:41:12,624 - root - INFO - Image header was read:
2022-01-06 08:41:12,624 - root - INFO - Width: 11, Height: 17, RowLength: 22
2022-01-06 08:41:12,624 - root - INFO - datalength: 216, _step: 2
2022-01-06 08:41:12,624 - root - INFO - BPP: 16, Transparency: False
2022-01-06 08:41:12,624 - root - INFO - Resource 33 offset: 332146, length: 1218...
2022-01-06 08:41:12,624 - root - DEBUG - Reading resource 33...
2022-01-06 08:41:12,624 - root - INFO - The image is bme.
2022-01-06 08:41:12,624 - root - INFO - Reading image header(readHeader16E)...
2022-01-06 08:41:12,624 - root - INFO - Image header was read:
2022-01-06 08:41:12,624 - root - INFO - Width: 36, Height: 17, RowLength: 72
2022-01-06 08:41:12,624 - root - INFO - datalength: 1202, _step: 2
2022-01-06 08:41:12,624 - root - INFO - BPP: 16, Transparency: False
2022-01-06 08:41:12,624 - root - INFO - Resource 34 offset: 333364, length: 858...
2022-01-06 08:41:12,624 - root - DEBUG - Reading resource 34...
2022-01-06 08:41:12,624 - root - INFO - The image is bme.
2022-01-06 08:41:12,640 - root - INFO - Reading image header(readHeader16E)...
2022-01-06 08:41:12,640 - root - INFO - Image header was read:
2022-01-06 08:41:12,640 - root - INFO - Width: 36, Height: 17, RowLength: 72
2022-01-06 08:41:12,640 - root - INFO - datalength: 842, _step: 2
2022-01-06 08:41:12,640 - root - INFO - BPP: 16, Transparency: False
2022-01-06 08:41:12,640 - root - INFO - Resource 35 offset: 334222, length: 1150...
2022-01-06 08:41:12,640 - root - DEBUG - Reading resource 35...
2022-01-06 08:41:12,640 - root - INFO - The image is bme.
2022-01-06 08:41:12,640 - root - INFO - Reading image header(readHeader16E)...
2022-01-06 08:41:12,640 - root - INFO - Image header was read:
2022-01-06 08:41:12,640 - root - INFO - Width: 36, Height: 17, RowLength: 72
2022-01-06 08:41:12,640 - root - INFO - datalength: 1134, _step: 2
2022-01-06 08:41:12,640 - root - INFO - BPP: 16, Transparency: False
2022-01-06 08:41:12,640 - root - INFO - Resource 36 offset: 335372, length: 948...
2022-01-06 08:41:12,640 - root - DEBUG - Reading resource 36...
2022-01-06 08:41:12,640 - root - INFO - The image is bme.
2022-01-06 08:41:12,640 - root - INFO - Reading image header(readHeader16E)...
2022-01-06 08:41:12,640 - root - INFO - Image header was read:
2022-01-06 08:41:12,640 - root - INFO - Width: 36, Height: 17, RowLength: 72
2022-01-06 08:41:12,640 - root - INFO - datalength: 932, _step: 2
2022-01-06 08:41:12,640 - root - INFO - BPP: 16, Transparency: False
2022-01-06 08:41:12,640 - root - INFO - Resource 37 offset: 336320, length: 810...
2022-01-06 08:41:12,640 - root - DEBUG - Reading resource 37...
2022-01-06 08:41:12,640 - root - INFO - The image is bme.
2022-01-06 08:41:12,640 - root - INFO - Reading image header(readHeader16E)...
2022-01-06 08:41:12,640 - root - INFO - Image header was read:
2022-01-06 08:41:12,640 - root - INFO - Width: 36, Height: 17, RowLength: 72
2022-01-06 08:41:12,640 - root - INFO - datalength: 794, _step: 2
2022-01-06 08:41:12,640 - root - INFO - BPP: 16, Transparency: False
2022-01-06 08:41:12,640 - root - INFO - Resource 38 offset: 337130, length: 882...
2022-01-06 08:41:12,640 - root - DEBUG - Reading resource 38...
2022-01-06 08:41:12,640 - root - INFO - The image is bme.
2022-01-06 08:41:12,640 - root - INFO - Reading image header(readHeader16E)...
2022-01-06 08:41:12,640 - root - INFO - Image header was read:
2022-01-06 08:41:12,640 - root - INFO - Width: 36, Height: 17, RowLength: 72
2022-01-06 08:41:12,640 - root - INFO - datalength: 866, _step: 2
2022-01-06 08:41:12,640 - root - INFO - BPP: 16, Transparency: False
2022-01-06 08:41:12,655 - root - INFO - Resource 39 offset: 338012, length: 1088...
2022-01-06 08:41:12,655 - root - DEBUG - Reading resource 39...
2022-01-06 08:41:12,655 - root - INFO - The image is bme.
2022-01-06 08:41:12,655 - root - INFO - Reading image header(readHeader16E)...
2022-01-06 08:41:12,655 - root - INFO - Image header was read:
2022-01-06 08:41:12,655 - root - INFO - Width: 36, Height: 17, RowLength: 72
2022-01-06 08:41:12,655 - root - INFO - datalength: 1072, _step: 2
2022-01-06 08:41:12,655 - root - INFO - BPP: 16, Transparency: False
2022-01-06 08:41:12,655 - root - INFO - Resource 40 offset: 339100, length: 1448...
2022-01-06 08:41:12,655 - root - DEBUG - Reading resource 40...
2022-01-06 08:41:12,655 - root - INFO - The image is bme.
2022-01-06 08:41:12,655 - root - INFO - Reading image header(readHeader16E)...
2022-01-06 08:41:12,655 - root - INFO - Image header was read:
2022-01-06 08:41:12,655 - root - INFO - Width: 31, Height: 23, RowLength: 62
2022-01-06 08:41:12,655 - root - INFO - datalength: 1432, _step: 2
2022-01-06 08:41:12,655 - root - INFO - BPP: 16, Transparency: False
2022-01-06 08:41:12,655 - root - INFO - Resource 41 offset: 340548, length: 1466...
2022-01-06 08:41:12,655 - root - DEBUG - Reading resource 41...
2022-01-06 08:41:12,655 - root - INFO - The image is bme.
2022-01-06 08:41:12,655 - root - INFO - Reading image header(readHeader16E)...
2022-01-06 08:41:12,655 - root - INFO - Image header was read:
2022-01-06 08:41:12,655 - root - INFO - Width: 31, Height: 23, RowLength: 62
2022-01-06 08:41:12,655 - root - INFO - datalength: 1450, _step: 2
2022-01-06 08:41:12,655 - root - INFO - BPP: 16, Transparency: False
2022-01-06 08:41:12,655 - root - INFO - Resource 42 offset: 342014, length: 512...
2022-01-06 08:41:12,655 - root - DEBUG - Reading resource 42...
2022-01-06 08:41:12,655 - root - INFO - The image is bme.
2022-01-06 08:41:12,655 - root - INFO - Reading image header(readHeader16E)...
2022-01-06 08:41:12,655 - root - INFO - Image header was read:
2022-01-06 08:41:12,655 - root - INFO - Width: 13, Height: 20, RowLength: 26
2022-01-06 08:41:12,655 - root - INFO - datalength: 496, _step: 2
2022-01-06 08:41:12,655 - root - INFO - BPP: 16, Transparency: False
2022-01-06 08:41:12,655 - root - INFO - Resource 43 offset: 342526, length: 284...
2022-01-06 08:41:12,655 - root - DEBUG - Reading resource 43...
2022-01-06 08:41:12,655 - root - INFO - The image is bme.
2022-01-06 08:41:12,655 - root - INFO - Reading image header(readHeader16E)...
2022-01-06 08:41:12,655 - root - INFO - Image header was read:
2022-01-06 08:41:12,655 - root - INFO - Width: 13, Height: 20, RowLength: 26
2022-01-06 08:41:12,655 - root - INFO - datalength: 268, _step: 2
2022-01-06 08:41:12,655 - root - INFO - BPP: 16, Transparency: False
2022-01-06 08:41:12,655 - root - INFO - Resource 44 offset: 342810, length: 394...
2022-01-06 08:41:12,655 - root - DEBUG - Reading resource 44...
2022-01-06 08:41:12,655 - root - INFO - The image is bme.
2022-01-06 08:41:12,655 - root - INFO - Reading image header(readHeader16E)...
2022-01-06 08:41:12,655 - root - INFO - Image header was read:
2022-01-06 08:41:12,655 - root - INFO - Width: 13, Height: 20, RowLength: 26
2022-01-06 08:41:12,655 - root - INFO - datalength: 378, _step: 2
2022-01-06 08:41:12,655 - root - INFO - BPP: 16, Transparency: False
2022-01-06 08:41:12,655 - root - INFO - Resource 45 offset: 343204, length: 396...
2022-01-06 08:41:12,655 - root - DEBUG - Reading resource 45...
2022-01-06 08:41:12,655 - root - INFO - The image is bme.
2022-01-06 08:41:12,655 - root - INFO - Reading image header(readHeader16E)...
2022-01-06 08:41:12,655 - root - INFO - Image header was read:
2022-01-06 08:41:12,655 - root - INFO - Width: 13, Height: 20, RowLength: 26
2022-01-06 08:41:12,655 - root - INFO - datalength: 380, _step: 2
2022-01-06 08:41:12,655 - root - INFO - BPP: 16, Transparency: False
2022-01-06 08:41:12,671 - root - INFO - Resource 46 offset: 343600, length: 420...
2022-01-06 08:41:12,671 - root - DEBUG - Reading resource 46...
2022-01-06 08:41:12,671 - root - INFO - The image is bme.
2022-01-06 08:41:12,671 - root - INFO - Reading image header(readHeader16E)...
2022-01-06 08:41:12,671 - root - INFO - Image header was read:
2022-01-06 08:41:12,671 - root - INFO - Width: 13, Height: 20, RowLength: 26
2022-01-06 08:41:12,671 - root - INFO - datalength: 404, _step: 2
2022-01-06 08:41:12,671 - root - INFO - BPP: 16, Transparency: False
2022-01-06 08:41:12,671 - root - INFO - Resource 47 offset: 344020, length: 404...
2022-01-06 08:41:12,671 - root - DEBUG - Reading resource 47...
2022-01-06 08:41:12,671 - root - INFO - The image is bme.
2022-01-06 08:41:12,671 - root - INFO - Reading image header(readHeader16E)...
2022-01-06 08:41:12,671 - root - INFO - Image header was read:
2022-01-06 08:41:12,671 - root - INFO - Width: 13, Height: 20, RowLength: 26
2022-01-06 08:41:12,671 - root - INFO - datalength: 388, _step: 2
2022-01-06 08:41:12,671 - root - INFO - BPP: 16, Transparency: False
2022-01-06 08:41:12,671 - root - INFO - Resource 48 offset: 344424, length: 458...
2022-01-06 08:41:12,671 - root - DEBUG - Reading resource 48...
2022-01-06 08:41:12,671 - root - INFO - The image is bme.
2022-01-06 08:41:12,671 - root - INFO - Reading image header(readHeader16E)...
2022-01-06 08:41:12,671 - root - INFO - Image header was read:
2022-01-06 08:41:12,671 - root - INFO - Width: 13, Height: 20, RowLength: 26
2022-01-06 08:41:12,671 - root - INFO - datalength: 442, _step: 2
2022-01-06 08:41:12,671 - root - INFO - BPP: 16, Transparency: False
2022-01-06 08:41:12,671 - root - INFO - Resource 49 offset: 344882, length: 324...
2022-01-06 08:41:12,671 - root - DEBUG - Reading resource 49...
2022-01-06 08:41:12,671 - root - INFO - The image is bme.
2022-01-06 08:41:12,671 - root - INFO - Reading image header(readHeader16E)...
2022-01-06 08:41:12,671 - root - INFO - Image header was read:
2022-01-06 08:41:12,671 - root - INFO - Width: 13, Height: 20, RowLength: 26
2022-01-06 08:41:12,671 - root - INFO - datalength: 308, _step: 2
2022-01-06 08:41:12,671 - root - INFO - BPP: 16, Transparency: False
2022-01-06 08:41:12,671 - root - INFO - Resource 50 offset: 345206, length: 512...
2022-01-06 08:41:12,671 - root - DEBUG - Reading resource 50...
2022-01-06 08:41:12,671 - root - INFO - The image is bme.
2022-01-06 08:41:12,671 - root - INFO - Reading image header(readHeader16E)...
2022-01-06 08:41:12,671 - root - INFO - Image header was read:
2022-01-06 08:41:12,671 - root - INFO - Width: 13, Height: 20, RowLength: 26
2022-01-06 08:41:12,671 - root - INFO - datalength: 496, _step: 2
2022-01-06 08:41:12,671 - root - INFO - BPP: 16, Transparency: False
2022-01-06 08:41:12,671 - root - INFO - Resource 51 offset: 345718, length: 458...
2022-01-06 08:41:12,671 - root - DEBUG - Reading resource 51...
2022-01-06 08:41:12,671 - root - INFO - The image is bme.
2022-01-06 08:41:12,671 - root - INFO - Reading image header(readHeader16E)...
2022-01-06 08:41:12,671 - root - INFO - Image header was read:
2022-01-06 08:41:12,671 - root - INFO - Width: 13, Height: 20, RowLength: 26
2022-01-06 08:41:12,671 - root - INFO - datalength: 442, _step: 2
2022-01-06 08:41:12,671 - root - INFO - BPP: 16, Transparency: False
2022-01-06 08:41:12,671 - root - INFO - Resource 52 offset: 346176, length: 554...
2022-01-06 08:41:12,671 - root - DEBUG - Reading resource 52...
2022-01-06 08:41:12,671 - root - INFO - The image is bme.
2022-01-06 08:41:12,671 - root - INFO - Reading image header(readHeader16E)...
2022-01-06 08:41:12,671 - root - INFO - Image header was read:
2022-01-06 08:41:12,671 - root - INFO - Width: 20, Height: 20, RowLength: 40
2022-01-06 08:41:12,671 - root - INFO - datalength: 538, _step: 2
2022-01-06 08:41:12,671 - root - INFO - BPP: 16, Transparency: False
2022-01-06 08:41:12,671 - root - INFO - Resource 53 offset: 346730, length: 160...
2022-01-06 08:41:12,671 - root - DEBUG - Reading resource 53...
2022-01-06 08:41:12,671 - root - INFO - The image is bme.
2022-01-06 08:41:12,671 - root - INFO - Reading image header(readHeader16E)...
2022-01-06 08:41:12,671 - root - INFO - Image header was read:
2022-01-06 08:41:12,671 - root - INFO - Width: 23, Height: 17, RowLength: 46
2022-01-06 08:41:12,671 - root - INFO - datalength: 144, _step: 2
2022-01-06 08:41:12,671 - root - INFO - BPP: 16, Transparency: False
2022-01-06 08:41:12,671 - root - INFO - Resource 54 offset: 346890, length: 366...
2022-01-06 08:41:12,671 - root - DEBUG - Reading resource 54...
2022-01-06 08:41:12,671 - root - INFO - The image is bme.
2022-01-06 08:41:12,671 - root - INFO - Reading image header(readHeader16E)...
2022-01-06 08:41:12,671 - root - INFO - Image header was read:
2022-01-06 08:41:12,671 - root - INFO - Width: 32, Height: 77, RowLength: 64
2022-01-06 08:41:12,671 - root - INFO - datalength: 350, _step: 2
2022-01-06 08:41:12,671 - root - INFO - BPP: 16, Transparency: False
2022-01-06 08:41:12,671 - root - INFO - Resource 55 offset: 347256, length: 718...
2022-01-06 08:41:12,671 - root - DEBUG - Reading resource 55...
2022-01-06 08:41:12,671 - root - INFO - The image is bme.
2022-01-06 08:41:12,671 - root - INFO - Reading image header(readHeader16E)...
2022-01-06 08:41:12,671 - root - INFO - Image header was read:
2022-01-06 08:41:12,671 - root - INFO - Width: 32, Height: 77, RowLength: 64
2022-01-06 08:41:12,671 - root - INFO - datalength: 702, _step: 2
2022-01-06 08:41:12,671 - root - INFO - BPP: 16, Transparency: False
2022-01-06 08:41:12,671 - root - INFO - Resource 56 offset: 347974, length: 1068...
2022-01-06 08:41:12,671 - root - DEBUG - Reading resource 56...
2022-01-06 08:41:12,671 - root - INFO - The image is bme.
2022-01-06 08:41:12,671 - root - INFO - Reading image header(readHeader16E)...
2022-01-06 08:41:12,671 - root - INFO - Image header was read:
2022-01-06 08:41:12,671 - root - INFO - Width: 32, Height: 77, RowLength: 64
2022-01-06 08:41:12,671 - root - INFO - datalength: 1052, _step: 2
2022-01-06 08:41:12,671 - root - INFO - BPP: 16, Transparency: False
2022-01-06 08:41:12,687 - root - INFO - Resource 57 offset: 349042, length: 1418...
2022-01-06 08:41:12,687 - root - DEBUG - Reading resource 57...
2022-01-06 08:41:12,687 - root - INFO - The image is bme.
2022-01-06 08:41:12,687 - root - INFO - Reading image header(readHeader16E)...
2022-01-06 08:41:12,687 - root - INFO - Image header was read:
2022-01-06 08:41:12,687 - root - INFO - Width: 32, Height: 77, RowLength: 64
2022-01-06 08:41:12,687 - root - INFO - datalength: 1402, _step: 2
2022-01-06 08:41:12,687 - root - INFO - BPP: 16, Transparency: False
2022-01-06 08:41:12,687 - root - INFO - Resource 58 offset: 350460, length: 1770...
2022-01-06 08:41:12,687 - root - DEBUG - Reading resource 58...
2022-01-06 08:41:12,687 - root - INFO - The image is bme.
2022-01-06 08:41:12,687 - root - INFO - Reading image header(readHeader16E)...
2022-01-06 08:41:12,687 - root - INFO - Image header was read:
2022-01-06 08:41:12,687 - root - INFO - Width: 32, Height: 77, RowLength: 64
2022-01-06 08:41:12,687 - root - INFO - datalength: 1754, _step: 2
2022-01-06 08:41:12,687 - root - INFO - BPP: 16, Transparency: False
2022-01-06 08:41:12,687 - root - INFO - Resource 59 offset: 352230, length: 2120...
2022-01-06 08:41:12,687 - root - DEBUG - Reading resource 59...
2022-01-06 08:41:12,687 - root - INFO - The image is bme.
2022-01-06 08:41:12,687 - root - INFO - Reading image header(readHeader16E)...
2022-01-06 08:41:12,687 - root - INFO - Image header was read:
2022-01-06 08:41:12,687 - root - INFO - Width: 32, Height: 77, RowLength: 64
2022-01-06 08:41:12,687 - root - INFO - datalength: 2104, _step: 2
2022-01-06 08:41:12,687 - root - INFO - BPP: 16, Transparency: False
2022-01-06 08:41:12,687 - root - INFO - Resource 60 offset: 354350, length: 366...
2022-01-06 08:41:12,687 - root - DEBUG - Reading resource 60...
2022-01-06 08:41:12,687 - root - INFO - The image is bme.
2022-01-06 08:41:12,687 - root - INFO - Reading image header(readHeader16E)...
2022-01-06 08:41:12,687 - root - INFO - Image header was read:
2022-01-06 08:41:12,687 - root - INFO - Width: 32, Height: 77, RowLength: 64
2022-01-06 08:41:12,687 - root - INFO - datalength: 350, _step: 2
2022-01-06 08:41:12,687 - root - INFO - BPP: 16, Transparency: False
2022-01-06 08:41:12,687 - root - INFO - Resource 61 offset: 354716, length: 718...
2022-01-06 08:41:12,687 - root - DEBUG - Reading resource 61...
2022-01-06 08:41:12,687 - root - INFO - The image is bme.
2022-01-06 08:41:12,687 - root - INFO - Reading image header(readHeader16E)...
2022-01-06 08:41:12,687 - root - INFO - Image header was read:
2022-01-06 08:41:12,687 - root - INFO - Width: 32, Height: 77, RowLength: 64
2022-01-06 08:41:12,687 - root - INFO - datalength: 702, _step: 2
2022-01-06 08:41:12,687 - root - INFO - BPP: 16, Transparency: False
2022-01-06 08:41:12,702 - root - INFO - Resource 62 offset: 355434, length: 1068...
2022-01-06 08:41:12,702 - root - DEBUG - Reading resource 62...
2022-01-06 08:41:12,702 - root - INFO - The image is bme.
2022-01-06 08:41:12,702 - root - INFO - Reading image header(readHeader16E)...
2022-01-06 08:41:12,702 - root - INFO - Image header was read:
2022-01-06 08:41:12,702 - root - INFO - Width: 32, Height: 77, RowLength: 64
2022-01-06 08:41:12,702 - root - INFO - datalength: 1052, _step: 2
2022-01-06 08:41:12,702 - root - INFO - BPP: 16, Transparency: False
2022-01-06 08:41:12,702 - root - INFO - Resource 63 offset: 356502, length: 1418...
2022-01-06 08:41:12,702 - root - DEBUG - Reading resource 63...
2022-01-06 08:41:12,702 - root - INFO - The image is bme.
2022-01-06 08:41:12,702 - root - INFO - Reading image header(readHeader16E)...
2022-01-06 08:41:12,702 - root - INFO - Image header was read:
2022-01-06 08:41:12,702 - root - INFO - Width: 32, Height: 77, RowLength: 64
2022-01-06 08:41:12,702 - root - INFO - datalength: 1402, _step: 2
2022-01-06 08:41:12,702 - root - INFO - BPP: 16, Transparency: False
2022-01-06 08:41:12,702 - root - INFO - Resource 64 offset: 357920, length: 1770...
2022-01-06 08:41:12,702 - root - DEBUG - Reading resource 64...
2022-01-06 08:41:12,702 - root - INFO - The image is bme.
2022-01-06 08:41:12,702 - root - INFO - Reading image header(readHeader16E)...
2022-01-06 08:41:12,702 - root - INFO - Image header was read:
2022-01-06 08:41:12,702 - root - INFO - Width: 32, Height: 77, RowLength: 64
2022-01-06 08:41:12,702 - root - INFO - datalength: 1754, _step: 2
2022-01-06 08:41:12,702 - root - INFO - BPP: 16, Transparency: False
2022-01-06 08:41:12,702 - root - INFO - Resource 65 offset: 359690, length: 2120...
2022-01-06 08:41:12,702 - root - DEBUG - Reading resource 65...
2022-01-06 08:41:12,702 - root - INFO - The image is bme.
2022-01-06 08:41:12,702 - root - INFO - Reading image header(readHeader16E)...
2022-01-06 08:41:12,702 - root - INFO - Image header was read:
2022-01-06 08:41:12,702 - root - INFO - Width: 32, Height: 77, RowLength: 64
2022-01-06 08:41:12,702 - root - INFO - datalength: 2104, _step: 2
2022-01-06 08:41:12,702 - root - INFO - BPP: 16, Transparency: False
2022-01-06 08:41:12,702 - root - INFO - Resource 66 offset: 361810, length: 1420...
2022-01-06 08:41:12,702 - root - DEBUG - Reading resource 66...
2022-01-06 08:41:12,702 - root - INFO - The image is bmc.
2022-01-06 08:41:12,702 - root - INFO - Reading image header(readHeader16C)...
2022-01-06 08:41:12,702 - root - INFO - Image header was read:
2022-01-06 08:41:12,702 - root - INFO - Width: 13, Height: 36, RowLength: 39
2022-01-06 08:41:12,702 - root - INFO - _step: 3, unknown2: 0,
2022-01-06 08:41:12,702 - root - INFO - BPP: 24, Transparency: False
2022-01-06 08:41:12,718 - root - INFO - Resource 67 offset: 363230, length: 1771...
2022-01-06 08:41:12,718 - root - DEBUG - Reading resource 67...
2022-01-06 08:41:12,718 - root - INFO - The image is bmc.
2022-01-06 08:41:12,718 - root - INFO - Reading image header(readHeader16C)...
2022-01-06 08:41:12,718 - root - INFO - Image header was read:
2022-01-06 08:41:12,718 - root - INFO - Width: 13, Height: 45, RowLength: 39
2022-01-06 08:41:12,718 - root - INFO - _step: 3, unknown2: 0,
2022-01-06 08:41:12,718 - root - INFO - BPP: 24, Transparency: False
2022-01-06 08:41:12,718 - root - INFO - Resource 68 offset: 365001, length: 1474...
2022-01-06 08:41:12,718 - root - DEBUG - Reading resource 68...
2022-01-06 08:41:12,718 - root - INFO - The image is bmc.
2022-01-06 08:41:12,718 - root - INFO - Reading image header(readHeader16C)...
2022-01-06 08:41:12,718 - root - INFO - Image header was read:
2022-01-06 08:41:12,718 - root - INFO - Width: 9, Height: 54, RowLength: 27
2022-01-06 08:41:12,718 - root - INFO - _step: 3, unknown2: 0,
2022-01-06 08:41:12,718 - root - INFO - BPP: 24, Transparency: False
2022-01-06 08:41:12,718 - root - INFO - Resource 69 offset: 366475, length: 604...
2022-01-06 08:41:12,718 - root - DEBUG - Reading resource 69...
2022-01-06 08:41:12,718 - root - INFO - The image is bmc.
2022-01-06 08:41:12,718 - root - INFO - Reading image header(readHeader16C)...
2022-01-06 08:41:12,718 - root - INFO - Image header was read:
2022-01-06 08:41:12,718 - root - INFO - Width: 14, Height: 14, RowLength: 42
2022-01-06 08:41:12,718 - root - INFO - _step: 3, unknown2: 0,
2022-01-06 08:41:12,718 - root - INFO - BPP: 24, Transparency: False
2022-01-06 08:41:12,718 - root - DEBUG - Parsing parameters...
2022-01-06 08:41:12,780 - root - DEBUG - 0 Value: None
2022-01-06 08:41:12,780 - root - DEBUG - 0.1 Value: 71
2022-01-06 08:41:12,780 - root - DEBUG - 2 Value: None
2022-01-06 08:41:12,780 - root - DEBUG - 2.1 Value: None
2022-01-06 08:41:12,780 - root - DEBUG - 2.1.1 Value: 0
2022-01-06 08:41:12,780 - root - DEBUG - 2.1.2 Value: 0
2022-01-06 08:41:12,780 - root - DEBUG - 2.1.3 Value: 1
2022-01-06 08:41:12,780 - root - DEBUG - 2.3 Value: None
2022-01-06 08:41:12,780 - root - DEBUG - 2.3.1 Value: 0
2022-01-06 08:41:12,780 - root - DEBUG - 2.3.2 Value: 0
2022-01-06 08:41:12,780 - root - DEBUG - 2.3.3 Value: 0
2022-01-06 08:41:12,780 - root - DEBUG - 2.4 Value: None
2022-01-06 08:41:12,780 - root - DEBUG - 2.4.1 Value: 0
2022-01-06 08:41:12,780 - root - DEBUG - 2.4.2 Value: 0
2022-01-06 08:41:12,780 - root - DEBUG - 2.4.3 Value: 0
2022-01-06 08:41:12,780 - root - DEBUG - 2.5 Value: None
2022-01-06 08:41:12,780 - root - DEBUG - 2.5.1 Value: 0
2022-01-06 08:41:12,780 - root - DEBUG - 2.5.2 Value: 0
2022-01-06 08:41:12,780 - root - DEBUG - 2.5.3 Value: 0
2022-01-06 08:41:12,780 - root - DEBUG - 3 Value: None
2022-01-06 08:41:12,780 - root - DEBUG - 3.1 Value: None
2022-01-06 08:41:12,780 - root - DEBUG - 3.1.1 Value: None
2022-01-06 08:41:12,780 - root - DEBUG - 3.1.1.1 Value: None
2022-01-06 08:41:12,780 - root - DEBUG - 3.1.1.1.1 Value: 54
2022-01-06 08:41:12,780 - root - DEBUG - 3.1.1.1.2 Value: 157
2022-01-06 08:41:12,780 - root - DEBUG - 3.1.1.1.3 Value: 2
2022-01-06 08:41:12,780 - root - DEBUG - 3.1.1.1.4 Value: 10
2022-01-06 08:41:12,780 - root - DEBUG - 3.1.1.2 Value: None
2022-01-06 08:41:12,780 - root - DEBUG - 3.1.1.2.1 Value: 97
2022-01-06 08:41:12,780 - root - DEBUG - 3.1.1.2.2 Value: 157
2022-01-06 08:41:12,780 - root - DEBUG - 3.1.1.2.3 Value: 2
2022-01-06 08:41:12,780 - root - DEBUG - 3.1.1.2.4 Value: 10
2022-01-06 08:41:12,780 - root - DEBUG - 3.1.2 Value: None
2022-01-06 08:41:12,780 - root - DEBUG - 3.1.2.1 Value: None
2022-01-06 08:41:12,780 - root - DEBUG - 3.1.2.1.1 Value: 159
2022-01-06 08:41:12,780 - root - DEBUG - 3.1.2.1.2 Value: 157
2022-01-06 08:41:12,780 - root - DEBUG - 3.1.2.1.3 Value: 2
2022-01-06 08:41:12,780 - root - DEBUG - 3.1.2.1.4 Value: 10
2022-01-06 08:41:12,780 - root - DEBUG - 3.1.2.2 Value: None
2022-01-06 08:41:12,780 - root - DEBUG - 3.1.2.2.1 Value: 202
2022-01-06 08:41:12,780 - root - DEBUG - 3.1.2.2.2 Value: 157
2022-01-06 08:41:12,780 - root - DEBUG - 3.1.2.2.3 Value: 2
2022-01-06 08:41:12,780 - root - DEBUG - 3.1.2.2.4 Value: 10
2022-01-06 08:41:12,780 - root - DEBUG - 3.1.3 Value: None
2022-01-06 08:41:12,780 - root - DEBUG - 3.1.3.1 Value: None
2022-01-06 08:41:12,780 - root - DEBUG - 3.1.3.1.1 Value: 254
2022-01-06 08:41:12,780 - root - DEBUG - 3.1.3.1.2 Value: 190
2022-01-06 08:41:12,780 - root - DEBUG - 3.1.3.1.3 Value: 12
2022-01-06 08:41:12,780 - root - DEBUG - 3.1.3.1.4 Value: 10
2022-01-06 08:41:12,780 - root - DEBUG - 3.1.3.2 Value: None
2022-01-06 08:41:12,780 - root - DEBUG - 3.1.3.2.1 Value: 273
2022-01-06 08:41:12,780 - root - DEBUG - 3.1.3.2.2 Value: 190
2022-01-06 08:41:12,780 - root - DEBUG - 3.1.3.2.3 Value: 12
2022-01-06 08:41:12,780 - root - DEBUG - 3.1.3.2.4 Value: 10
2022-01-06 08:41:12,780 - root - DEBUG - 3.1.7 Value: 0
2022-01-06 08:41:12,780 - root - DEBUG - 3.1.8 Value: 1
2022-01-06 08:41:12,780 - root - DEBUG - 4 Value: None
2022-01-06 08:41:12,780 - root - DEBUG - 4.1 Value: None
2022-01-06 08:41:12,796 - root - DEBUG - 4.1.1 Value: None
2022-01-06 08:41:12,796 - root - DEBUG - 4.1.1.1 Value: 103
2022-01-06 08:41:12,796 - root - DEBUG - 4.1.1.2 Value: 277
2022-01-06 08:41:12,796 - root - DEBUG - 4.1.1.3 Value: 198
2022-01-06 08:41:12,796 - root - DEBUG - 4.1.1.4 Value: 297
2022-01-06 08:41:12,796 - root - DEBUG - 4.1.1.5 Value: 24
2022-01-06 08:41:12,796 - root - DEBUG - 4.1.1.6 Value: 0
2022-01-06 08:41:12,796 - root - DEBUG - 4.1.1.7 Value: 0
2022-01-06 08:41:12,796 - root - DEBUG - 4.1.1.8 Value: 42
2022-01-06 08:41:12,796 - root - DEBUG - 4.1.1.9 Value: 10
2022-01-06 08:41:12,796 - root - DEBUG - 4.1.2 Value: 52
2022-01-06 08:41:12,796 - root - DEBUG - 4.3 Value: None
2022-01-06 08:41:12,796 - root - DEBUG - 4.3.1 Value: None
2022-01-06 08:41:12,796 - root - DEBUG - 4.3.1.1 Value: 8
2022-01-06 08:41:12,796 - root - DEBUG - 4.3.1.2 Value: 85
2022-01-06 08:41:12,796 - root - DEBUG - 4.3.1.3 Value: 55
2022-01-06 08:41:12,796 - root - DEBUG - 4.3.1.4 Value: 102
2022-01-06 08:41:12,796 - root - DEBUG - 4.3.1.5 Value: 24
2022-01-06 08:41:12,796 - root - DEBUG - 4.3.1.6 Value: 0
2022-01-06 08:41:12,796 - root - DEBUG - 4.3.1.7 Value: 0
2022-01-06 08:41:12,796 - root - DEBUG - 4.3.1.8 Value: 22
2022-01-06 08:41:12,796 - root - DEBUG - 4.3.1.9 Value: 10
2022-01-06 08:41:12,796 - root - DEBUG - 4.4 Value: None
2022-01-06 08:41:12,796 - root - DEBUG - 4.4.1 Value: None
2022-01-06 08:41:12,796 - root - DEBUG - 4.4.1.1 Value: 252
2022-01-06 08:41:12,796 - root - DEBUG - 4.4.1.2 Value: 85
2022-01-06 08:41:12,796 - root - DEBUG - 4.4.1.3 Value: 287
2022-01-06 08:41:12,796 - root - DEBUG - 4.4.1.4 Value: 102
2022-01-06 08:41:12,796 - root - DEBUG - 4.4.1.5 Value: 24
2022-01-06 08:41:12,796 - root - DEBUG - 4.4.1.6 Value: 0
2022-01-06 08:41:12,796 - root - DEBUG - 4.4.1.7 Value: 0
2022-01-06 08:41:12,796 - root - DEBUG - 4.4.1.8 Value: 22
2022-01-06 08:41:12,796 - root - DEBUG - 4.4.1.9 Value: 10
2022-01-06 08:41:12,796 - root - DEBUG - 4.4.3 Value: 53
2022-01-06 08:41:12,796 - root - DEBUG - 4.7 Value: 0
2022-01-06 08:41:12,796 - root - DEBUG - 5 Value: None
2022-01-06 08:41:12,796 - root - DEBUG - 5.1 Value: None
2022-01-06 08:41:12,796 - root - DEBUG - 5.1.2 Value: None
2022-01-06 08:41:12,796 - root - DEBUG - 5.1.2.1 Value: None
2022-01-06 08:41:12,796 - root - DEBUG - 5.1.2.1.1 Value: 98
2022-01-06 08:41:12,796 - root - DEBUG - 5.1.2.1.2 Value: 237
2022-01-06 08:41:12,796 - root - DEBUG - 5.1.2.1.3 Value: 157
2022-01-06 08:41:12,796 - root - DEBUG - 5.1.2.1.4 Value: 254
2022-01-06 08:41:12,796 - root - DEBUG - 5.1.2.1.5 Value: 18
2022-01-06 08:41:12,796 - root - DEBUG - 5.1.2.1.6 Value: 0
2022-01-06 08:41:12,796 - root - DEBUG - 5.1.2.1.7 Value: 0
2022-01-06 08:41:12,796 - root - DEBUG - 5.1.2.1.8 Value: 22
2022-01-06 08:41:12,796 - root - DEBUG - 5.1.2.1.9 Value: 10
2022-01-06 08:41:12,796 - root - DEBUG - 5.1.2.2 Value: 32
2022-01-06 08:41:12,796 - root - DEBUG - 5.1.4 Value: 1
2022-01-06 08:41:12,796 - root - DEBUG - 5.1.5 Value: 1
2022-01-06 08:41:12,796 - root - DEBUG - 5.1.6 Value: 0
2022-01-06 08:41:12,796 - root - DEBUG - 5.2 Value: None
2022-01-06 08:41:12,796 - root - DEBUG - 5.2.1 Value: 0
2022-01-06 08:41:12,796 - root - DEBUG - 5.2.2 Value: 0
2022-01-06 08:41:12,796 - root - DEBUG - 5.2.5 Value: 40
2022-01-06 08:41:12,796 - root - DEBUG - 5.2.6 Value: 41
2022-01-06 08:41:12,796 - root - DEBUG - 5.2.8 Value: None
2022-01-06 08:41:12,796 - root - DEBUG - 5.2.8.1 Value: 11
2022-01-06 08:41:12,796 - root - DEBUG - 5.2.8.2 Value: 158
2022-01-06 08:41:12,796 - root - DEBUG - 5.2.9 Value: None
2022-01-06 08:41:12,796 - root - DEBUG - 5.2.9.1 Value: 11
2022-01-06 08:41:12,796 - root - DEBUG - 5.2.9.2 Value: 195
2022-01-06 08:41:12,796 - root - DEBUG - 5.4 Value: None
2022-01-06 08:41:12,796 - root - DEBUG - 5.4.1 Value: 168
2022-01-06 08:41:12,796 - root - DEBUG - 5.4.2 Value: 237
2022-01-06 08:41:12,796 - root - DEBUG - 5.4.3 Value: 33
2022-01-06 08:41:12,796 - root - DEBUG - 5.4.4 Value: 7
2022-01-06 08:41:12,796 - root - DEBUG - 12 Value: None
2022-01-06 08:41:12,796 - root - DEBUG - 12.2 Value: None
2022-01-06 08:41:12,796 - root - DEBUG - 12.2.1 Value: 215
2022-01-06 08:41:12,796 - root - DEBUG - 12.2.2 Value: 56
2022-01-06 08:41:12,796 - root - DEBUG - 12.2.3 Value: 54
2022-01-06 08:41:12,796 - root - DEBUG - 12.2.4 Value: 6
2022-01-06 08:41:12,796 - root - DEBUG - 15 Value: None
2022-01-06 08:41:12,796 - root - DEBUG - 15.2 Value: None
2022-01-06 08:41:12,796 - root - DEBUG - 15.2.1 Value: 55
2022-01-06 08:41:12,796 - root - DEBUG - 15.2.2 Value: 56
2022-01-06 08:41:12,796 - root - DEBUG - 15.2.3 Value: 60
2022-01-06 08:41:12,796 - root - DEBUG - 15.2.4 Value: 6
2022-01-06 08:41:12,796 - root - DEBUG - 20 Value: None
2022-01-06 08:41:12,796 - root - DEBUG - 20.2 Value: None
2022-01-06 08:41:12,796 - root - DEBUG - 20.2.1 Value: 151
2022-01-06 08:41:12,796 - root - DEBUG - 20.2.2 Value: 68
2022-01-06 08:41:12,796 - root - DEBUG - 20.3 Value: None
2022-01-06 08:41:12,796 - root - DEBUG - 20.3.1 Value: 66
2022-01-06 08:41:12,796 - root - DEBUG - 20.3.2 Value: 36
2022-01-06 08:41:12,796 - root - DEBUG - 20.4 Value: None
2022-01-06 08:41:12,796 - root - DEBUG - 20.4.1 Value: 67
2022-01-06 08:41:12,796 - root - DEBUG - 20.4.2 Value: 45
2022-01-06 08:41:12,796 - root - DEBUG - 20.5 Value: None
2022-01-06 08:41:12,796 - root - DEBUG - 20.5.1 Value: 68
2022-01-06 08:41:12,796 - root - DEBUG - 20.5.2 Value: 54
2022-01-06 08:41:12,796 - root - DEBUG - 20.5.4 Value: None
2022-01-06 08:41:12,796 - root - DEBUG - 20.5.4.1 Value: 144
2022-01-06 08:41:12,796 - root - DEBUG - 20.5.4.2 Value: 61
2022-01-06 08:41:12,796 - root - DEBUG - 20.5.4.3 Value: 69
2022-01-06 08:41:12,796 - root - DEBUG - 0-Info
2022-01-06 08:41:12,796 - root - DEBUG - 0.1-DeviceId
2022-01-06 08:41:12,796 - root - DEBUG - 2-Background
2022-01-06 08:41:12,796 - root - DEBUG - 2.1-Image
2022-01-06 08:41:12,796 - root - DEBUG - 2.1.1-X
2022-01-06 08:41:12,796 - root - DEBUG - 2.1.2-Y
2022-01-06 08:41:12,796 - root - DEBUG - 2.1.3-ImageIndex
2022-01-06 08:41:12,796 - root - DEBUG - 2.3-Preview
2022-01-06 08:41:12,796 - root - DEBUG - 2.3.1-X
2022-01-06 08:41:12,796 - root - DEBUG - 2.3.2-Y
2022-01-06 08:41:12,796 - root - DEBUG - 2.3.3-ImageIndex
2022-01-06 08:41:12,796 - root - DEBUG - 2.4-PreviewTradChinese
2022-01-06 08:41:12,796 - root - DEBUG - 2.4.1-X
2022-01-06 08:41:12,796 - root - DEBUG - 2.4.2-Y
2022-01-06 08:41:12,796 - root - DEBUG - 2.4.3-ImageIndex
2022-01-06 08:41:12,796 - root - DEBUG - 2.5-PreviewChinese
2022-01-06 08:41:12,796 - root - DEBUG - 2.5.1-X
2022-01-06 08:41:12,796 - root - DEBUG - 2.5.2-Y
2022-01-06 08:41:12,796 - root - DEBUG - 2.5.3-ImageIndex
2022-01-06 08:41:12,796 - root - DEBUG - 3-TimeExtended
2022-01-06 08:41:12,796 - root - DEBUG - 3.1-TimeSeparateDigits
2022-01-06 08:41:12,796 - root - DEBUG - 3.1.1-Hours
2022-01-06 08:41:12,796 - root - DEBUG - 3.1.1.1-Tens
2022-01-06 08:41:12,796 - root - DEBUG - 3.1.1.1.1-X
2022-01-06 08:41:12,796 - root - DEBUG - 3.1.1.1.2-Y
2022-01-06 08:41:12,796 - root - DEBUG - 3.1.1.1.3-ImageIndex
2022-01-06 08:41:12,796 - root - DEBUG - 3.1.1.1.4-ImagesCount
2022-01-06 08:41:12,796 - root - DEBUG - 3.1.1.2-Ones
2022-01-06 08:41:12,796 - root - DEBUG - 3.1.1.2.1-X
2022-01-06 08:41:12,796 - root - DEBUG - 3.1.1.2.2-Y
2022-01-06 08:41:12,796 - root - DEBUG - 3.1.1.2.3-ImageIndex
2022-01-06 08:41:12,796 - root - DEBUG - 3.1.1.2.4-ImagesCount
2022-01-06 08:41:12,796 - root - DEBUG - 3.1.2-Minutes
2022-01-06 08:41:12,796 - root - DEBUG - 3.1.2.1-Tens
2022-01-06 08:41:12,796 - root - DEBUG - 3.1.2.1.1-X
2022-01-06 08:41:12,796 - root - DEBUG - 3.1.2.1.2-Y
2022-01-06 08:41:12,796 - root - DEBUG - 3.1.2.1.3-ImageIndex
2022-01-06 08:41:12,796 - root - DEBUG - 3.1.2.1.4-ImagesCount
2022-01-06 08:41:12,796 - root - DEBUG - 3.1.2.2-Ones
2022-01-06 08:41:12,796 - root - DEBUG - 3.1.2.2.1-X
2022-01-06 08:41:12,796 - root - DEBUG - 3.1.2.2.2-Y
2022-01-06 08:41:12,796 - root - DEBUG - 3.1.2.2.3-ImageIndex
2022-01-06 08:41:12,796 - root - DEBUG - 3.1.2.2.4-ImagesCount
2022-01-06 08:41:12,796 - root - DEBUG - 3.1.3-Seconds
2022-01-06 08:41:12,796 - root - DEBUG - 3.1.3.1-Tens
2022-01-06 08:41:12,796 - root - DEBUG - 3.1.3.1.1-X
2022-01-06 08:41:12,796 - root - DEBUG - 3.1.3.1.2-Y
2022-01-06 08:41:12,796 - root - DEBUG - 3.1.3.1.3-ImageIndex
2022-01-06 08:41:12,796 - root - DEBUG - 3.1.3.1.4-ImagesCount
2022-01-06 08:41:12,796 - root - DEBUG - 3.1.3.2-Ones
2022-01-06 08:41:12,796 - root - DEBUG - 3.1.3.2.1-X
2022-01-06 08:41:12,796 - root - DEBUG - 3.1.3.2.2-Y
2022-01-06 08:41:12,796 - root - DEBUG - 3.1.3.2.3-ImageIndex
2022-01-06 08:41:12,796 - root - DEBUG - 3.1.3.2.4-ImagesCount
2022-01-06 08:41:12,796 - root - DEBUG - 3.1.7-PaddingZeroHours
2022-01-06 08:41:12,796 - root - DEBUG - 3.1.8-PaddingZeroMinutes
2022-01-06 08:41:12,796 - root - DEBUG - 4-Activity
2022-01-06 08:41:12,796 - root - DEBUG - 4.1-Steps
2022-01-06 08:41:12,796 - root - DEBUG - 4.1.1-ImageNumber
2022-01-06 08:41:12,796 - root - DEBUG - 4.1.1.1-TopLeftX
2022-01-06 08:41:12,796 - root - DEBUG - 4.1.1.2-TopLeftY
2022-01-06 08:41:12,796 - root - DEBUG - 4.1.1.3-BottomRightX
2022-01-06 08:41:12,796 - root - DEBUG - 4.1.1.4-BottomRightY
2022-01-06 08:41:12,796 - root - DEBUG - 4.1.1.5-Alignment
2022-01-06 08:41:12,796 - root - DEBUG - 4.1.1.6-Spacing
2022-01-06 08:41:12,796 - root - DEBUG - 4.1.1.7-VerticalOffset
2022-01-06 08:41:12,796 - root - DEBUG - 4.1.1.8-ImageIndex
2022-01-06 08:41:12,796 - root - DEBUG - 4.1.1.9-ImagesCount
2022-01-06 08:41:12,796 - root - DEBUG - 4.1.2-PrefixImageIndex
2022-01-06 08:41:12,796 - root - DEBUG - 4.3-Calories
2022-01-06 08:41:12,796 - root - DEBUG - 4.3.1-ImageNumber
2022-01-06 08:41:12,796 - root - DEBUG - 4.3.1.1-TopLeftX
2022-01-06 08:41:12,796 - root - DEBUG - 4.3.1.2-TopLeftY
2022-01-06 08:41:12,796 - root - DEBUG - 4.3.1.3-BottomRightX
2022-01-06 08:41:12,796 - root - DEBUG - 4.3.1.4-BottomRightY
2022-01-06 08:41:12,796 - root - DEBUG - 4.3.1.5-Alignment
2022-01-06 08:41:12,796 - root - DEBUG - 4.3.1.6-Spacing
2022-01-06 08:41:12,812 - root - DEBUG - 4.3.1.7-VerticalOffset
2022-01-06 08:41:12,812 - root - DEBUG - 4.3.1.8-ImageIndex
2022-01-06 08:41:12,812 - root - DEBUG - 4.3.1.9-ImagesCount
2022-01-06 08:41:12,812 - root - DEBUG - 4.4-HeartRate
2022-01-06 08:41:12,812 - root - DEBUG - 4.4.1-ImageNumber
2022-01-06 08:41:12,812 - root - DEBUG - 4.4.1.1-TopLeftX
2022-01-06 08:41:12,812 - root - DEBUG - 4.4.1.2-TopLeftY
2022-01-06 08:41:12,812 - root - DEBUG - 4.4.1.3-BottomRightX
2022-01-06 08:41:12,812 - root - DEBUG - 4.4.1.4-BottomRightY
2022-01-06 08:41:12,812 - root - DEBUG - 4.4.1.5-Alignment
2022-01-06 08:41:12,812 - root - DEBUG - 4.4.1.6-Spacing
2022-01-06 08:41:12,812 - root - DEBUG - 4.4.1.7-VerticalOffset
2022-01-06 08:41:12,812 - root - DEBUG - 4.4.1.8-ImageIndex
2022-01-06 08:41:12,812 - root - DEBUG - 4.4.1.9-ImagesCount
2022-01-06 08:41:12,812 - root - DEBUG - 4.4.3-NoDataImageIndex
2022-01-06 08:41:12,812 - root - DEBUG - 4.7-UnknownLongValue7
2022-01-06 08:41:12,812 - root - DEBUG - 5-DateBlock
2022-01-06 08:41:12,812 - root - DEBUG - 5.1-Date
2022-01-06 08:41:12,812 - root - DEBUG - 5.1.2-OneLineMonthAndDay
2022-01-06 08:41:12,812 - root - DEBUG - 5.1.2.1-Number
2022-01-06 08:41:12,812 - root - DEBUG - 5.1.2.1.1-TopLeftX
2022-01-06 08:41:12,812 - root - DEBUG - 5.1.2.1.2-TopLeftY
2022-01-06 08:41:12,812 - root - DEBUG - 5.1.2.1.3-BottomRightX
2022-01-06 08:41:12,812 - root - DEBUG - 5.1.2.1.4-BottomRightY
2022-01-06 08:41:12,812 - root - DEBUG - 5.1.2.1.5-Alignment
2022-01-06 08:41:12,812 - root - DEBUG - 5.1.2.1.6-Spacing
2022-01-06 08:41:12,812 - root - DEBUG - 5.1.2.1.7-VerticalOffset
2022-01-06 08:41:12,812 - root - DEBUG - 5.1.2.1.8-ImageIndex
2022-01-06 08:41:12,812 - root - DEBUG - 5.1.2.1.9-ImagesCount
2022-01-06 08:41:12,812 - root - DEBUG - 5.1.2.2-DelimiterImageIndex
2022-01-06 08:41:12,812 - root - DEBUG - 5.1.4-PaddingZeroMonth
2022-01-06 08:41:12,812 - root - DEBUG - 5.1.5-PaddingZeroDay
2022-01-06 08:41:12,812 - root - DEBUG - 5.1.6-UnknownBoolean6
2022-01-06 08:41:12,812 - root - DEBUG - 5.2-AmPm
2022-01-06 08:41:12,812 - root - DEBUG - 5.2.1-CommonX
2022-01-06 08:41:12,812 - root - DEBUG - 5.2.2-CommonY
2022-01-06 08:41:12,812 - root - DEBUG - 5.2.5-AmImageIndexEN
2022-01-06 08:41:12,812 - root - DEBUG - 5.2.6-PmImageIndexEN
2022-01-06 08:41:12,812 - root - DEBUG - 5.2.8-CoordinatesAM
2022-01-06 08:41:12,812 - root - DEBUG - 5.2.8.1-X
2022-01-06 08:41:12,812 - root - DEBUG - 5.2.8.2-Y
2022-01-06 08:41:12,812 - root - DEBUG - 5.2.9-CoordinatesPM
2022-01-06 08:41:12,812 - root - DEBUG - 5.2.9.1-X
2022-01-06 08:41:12,812 - root - DEBUG - 5.2.9.2-Y
2022-01-06 08:41:12,812 - root - DEBUG - 5.4-Weekday
2022-01-06 08:41:12,812 - root - DEBUG - 5.4.1-X
2022-01-06 08:41:12,812 - root - DEBUG - 5.4.2-Y
2022-01-06 08:41:12,812 - root - DEBUG - 5.4.3-ImageIndex
2022-01-06 08:41:12,812 - root - DEBUG - 5.4.4-ImagesCount
2022-01-06 08:41:12,812 - root - DEBUG - 12-HeartProgress
2022-01-06 08:41:12,812 - root - DEBUG - 12.2-ImageProgress
2022-01-06 08:41:12,812 - root - DEBUG - 12.2.1-X
2022-01-06 08:41:12,812 - root - DEBUG - 12.2.2-Y
2022-01-06 08:41:12,812 - root - DEBUG - 12.2.3-ImageIndex
2022-01-06 08:41:12,812 - root - DEBUG - 12.2.4-ImagesCount
2022-01-06 08:41:12,812 - root - DEBUG - 15-CaloriesProgress
2022-01-06 08:41:12,812 - root - DEBUG - 15.2-ImageProgress
2022-01-06 08:41:12,812 - root - DEBUG - 15.2.1-X
2022-01-06 08:41:12,812 - root - DEBUG - 15.2.2-Y
2022-01-06 08:41:12,812 - root - DEBUG - 15.2.3-ImageIndex
2022-01-06 08:41:12,812 - root - DEBUG - 15.2.4-ImagesCount
2022-01-06 08:41:12,812 - root - DEBUG - 20-TimeAnalog
2022-01-06 08:41:12,812 - root - DEBUG - 20.2-CommonCenterCoordinates
2022-01-06 08:41:12,812 - root - DEBUG - 20.2.1-X
2022-01-06 08:41:12,812 - root - DEBUG - 20.2.2-Y
2022-01-06 08:41:12,812 - root - DEBUG - 20.3-Hours
2022-01-06 08:41:12,812 - root - DEBUG - 20.3.1-ImageIndex
2022-01-06 08:41:12,812 - root - DEBUG - 20.3.2-PointerCenterOfRotationY
2022-01-06 08:41:12,812 - root - DEBUG - 20.4-Minutes
2022-01-06 08:41:12,812 - root - DEBUG - 20.4.1-ImageIndex
2022-01-06 08:41:12,812 - root - DEBUG - 20.4.2-PointerCenterOfRotationY
2022-01-06 08:41:12,812 - root - DEBUG - 20.5-Seconds
2022-01-06 08:41:12,812 - root - DEBUG - 20.5.1-ImageIndex
2022-01-06 08:41:12,812 - root - DEBUG - 20.5.2-PointerCenterOfRotationY
2022-01-06 08:41:12,812 - root - DEBUG - 20.5.4-CoverImage
2022-01-06 08:41:12,812 - root - DEBUG - 20.5.4.1-X
2022-01-06 08:41:12,812 - root - DEBUG - 20.5.4.2-Y
2022-01-06 08:41:12,812 - root - DEBUG - 20.5.4.3-ImageIndex
2022-01-06 08:41:12,812 - root - DEBUG - generatePreviews
2022-01-06 08:41:12,812 - root - DEBUG - Generating previews...
2022-01-06 08:41:12,812 - root - DEBUG - Generating states done...
2022-01-06 08:41:12,827 - root - DEBUG - >>>>>>>>>>>> 0 <watchFaceParser.models.parameter.Parameter object at 0x000001D634374A08>
2022-01-06 08:41:12,827 - root - DEBUG - >>>>>>>>>>>> 2 <watchFaceParser.models.parameter.Parameter object at 0x000001D634361C48>
2022-01-06 08:41:12,827 - root - DEBUG - >>>>>>>>>>>> 3 <watchFaceParser.models.parameter.Parameter object at 0x000001D63436EC88>
2022-01-06 08:41:12,827 - root - DEBUG - >>>>>>>>>>>> 4 <watchFaceParser.models.parameter.Parameter object at 0x000001D63436EF48>
2022-01-06 08:41:12,843 - root - DEBUG - >>>>>>>>>>>> 5 <watchFaceParser.models.parameter.Parameter object at 0x000001D634371488>
2022-01-06 08:41:12,843 - root - DEBUG - >>>>>>>>>>>> 12 <watchFaceParser.models.parameter.Parameter object at 0x000001D634374588>
2022-01-06 08:41:12,843 - root - DEBUG - >>>>>>>>>>>> 15 <watchFaceParser.models.parameter.Parameter object at 0x000001D6343747C8>
2022-01-06 08:41:12,843 - root - DEBUG - >>>>>>>>>>>> 20 <watchFaceParser.models.parameter.Parameter object at 0x000001D634374CC8>
2022-01-06 08:41:12,890 - root - DEBUG - Generating static preview gen done...
2022-01-06 08:41:12,937 - root - DEBUG - Generating static preview save done...
2022-01-06 08:41:12,937 - root - DEBUG - Generating anim preview gen done...
2022-01-06 08:41:12,937 - root - DEBUG - >>>>>>>>>>>> 0 <watchFaceParser.models.parameter.Parameter object at 0x000001D634374A08>
2022-01-06 08:41:12,937 - root - DEBUG - >>>>>>>>>>>> 2 <watchFaceParser.models.parameter.Parameter object at 0x000001D634361C48>
2022-01-06 08:41:12,937 - root - DEBUG - >>>>>>>>>>>> 3 <watchFaceParser.models.parameter.Parameter object at 0x000001D63436EC88>
2022-01-06 08:41:12,937 - root - DEBUG - >>>>>>>>>>>> 4 <watchFaceParser.models.parameter.Parameter object at 0x000001D63436EF48>
2022-01-06 08:41:12,937 - root - DEBUG - >>>>>>>>>>>> 5 <watchFaceParser.models.parameter.Parameter object at 0x000001D634371488>
2022-01-06 08:41:12,937 - root - DEBUG - >>>>>>>>>>>> 12 <watchFaceParser.models.parameter.Parameter object at 0x000001D634374588>
2022-01-06 08:41:12,937 - root - DEBUG - >>>>>>>>>>>> 15 <watchFaceParser.models.parameter.Parameter object at 0x000001D6343747C8>
2022-01-06 08:41:12,937 - root - DEBUG - >>>>>>>>>>>> 20 <watchFaceParser.models.parameter.Parameter object at 0x000001D634374CC8>
2022-01-06 08:41:13,468 - root - DEBUG - generatePreviews done
2022-01-06 08:41:13,468 - root - DEBUG - Exporting resources to 'E:\Codez\zepp-bipupro-wf\228fb23aedc3cb965d6f3892890d5b40'
2022-01-06 08:41:13,468 - root - DEBUG - extracting E:\Codez\zepp-bipupro-wf\228fb23aedc3cb965d6f3892890d5b40\0000.png...
2022-01-06 08:41:13,484 - root - DEBUG - extracting E:\Codez\zepp-bipupro-wf\228fb23aedc3cb965d6f3892890d5b40\0001.png...
2022-01-06 08:41:13,499 - root - DEBUG - extracting E:\Codez\zepp-bipupro-wf\228fb23aedc3cb965d6f3892890d5b40\0002.png...
2022-01-06 08:41:13,499 - root - DEBUG - extracting E:\Codez\zepp-bipupro-wf\228fb23aedc3cb965d6f3892890d5b40\0003.png...
2022-01-06 08:41:13,499 - root - DEBUG - extracting E:\Codez\zepp-bipupro-wf\228fb23aedc3cb965d6f3892890d5b40\0004.png...
2022-01-06 08:41:13,499 - root - DEBUG - extracting E:\Codez\zepp-bipupro-wf\228fb23aedc3cb965d6f3892890d5b40\0005.png...
2022-01-06 08:41:13,499 - root - DEBUG - extracting E:\Codez\zepp-bipupro-wf\228fb23aedc3cb965d6f3892890d5b40\0006.png...
2022-01-06 08:41:13,499 - root - DEBUG - extracting E:\Codez\zepp-bipupro-wf\228fb23aedc3cb965d6f3892890d5b40\0007.png...
2022-01-06 08:41:13,499 - root - DEBUG - extracting E:\Codez\zepp-bipupro-wf\228fb23aedc3cb965d6f3892890d5b40\0008.png...
2022-01-06 08:41:13,499 - root - DEBUG - extracting E:\Codez\zepp-bipupro-wf\228fb23aedc3cb965d6f3892890d5b40\0009.png...
2022-01-06 08:41:13,499 - root - DEBUG - extracting E:\Codez\zepp-bipupro-wf\228fb23aedc3cb965d6f3892890d5b40\0010.png...
2022-01-06 08:41:13,499 - root - DEBUG - extracting E:\Codez\zepp-bipupro-wf\228fb23aedc3cb965d6f3892890d5b40\0011.png...
2022-01-06 08:41:13,515 - root - DEBUG - extracting E:\Codez\zepp-bipupro-wf\228fb23aedc3cb965d6f3892890d5b40\0012.png...
2022-01-06 08:41:13,515 - root - DEBUG - extracting E:\Codez\zepp-bipupro-wf\228fb23aedc3cb965d6f3892890d5b40\0013.png...
2022-01-06 08:41:13,515 - root - DEBUG - extracting E:\Codez\zepp-bipupro-wf\228fb23aedc3cb965d6f3892890d5b40\0014.png...
2022-01-06 08:41:13,515 - root - DEBUG - extracting E:\Codez\zepp-bipupro-wf\228fb23aedc3cb965d6f3892890d5b40\0015.png...
2022-01-06 08:41:13,515 - root - DEBUG - extracting E:\Codez\zepp-bipupro-wf\228fb23aedc3cb965d6f3892890d5b40\0016.png...
2022-01-06 08:41:13,515 - root - DEBUG - extracting E:\Codez\zepp-bipupro-wf\228fb23aedc3cb965d6f3892890d5b40\0017.png...
2022-01-06 08:41:13,515 - root - DEBUG - extracting E:\Codez\zepp-bipupro-wf\228fb23aedc3cb965d6f3892890d5b40\0018.png...
2022-01-06 08:41:13,515 - root - DEBUG - extracting E:\Codez\zepp-bipupro-wf\228fb23aedc3cb965d6f3892890d5b40\0019.png...
2022-01-06 08:41:13,515 - root - DEBUG - extracting E:\Codez\zepp-bipupro-wf\228fb23aedc3cb965d6f3892890d5b40\0020.png...
2022-01-06 08:41:13,515 - root - DEBUG - extracting E:\Codez\zepp-bipupro-wf\228fb23aedc3cb965d6f3892890d5b40\0021.png...
2022-01-06 08:41:13,515 - root - DEBUG - extracting E:\Codez\zepp-bipupro-wf\228fb23aedc3cb965d6f3892890d5b40\0022.png...
2022-01-06 08:41:13,515 - root - DEBUG - extracting E:\Codez\zepp-bipupro-wf\228fb23aedc3cb965d6f3892890d5b40\0023.png...
2022-01-06 08:41:13,515 - root - DEBUG - extracting E:\Codez\zepp-bipupro-wf\228fb23aedc3cb965d6f3892890d5b40\0024.png...
2022-01-06 08:41:13,515 - root - DEBUG - extracting E:\Codez\zepp-bipupro-wf\228fb23aedc3cb965d6f3892890d5b40\0025.png...
2022-01-06 08:41:13,515 - root - DEBUG - extracting E:\Codez\zepp-bipupro-wf\228fb23aedc3cb965d6f3892890d5b40\0026.png...
2022-01-06 08:41:13,515 - root - DEBUG - extracting E:\Codez\zepp-bipupro-wf\228fb23aedc3cb965d6f3892890d5b40\0027.png...
2022-01-06 08:41:13,515 - root - DEBUG - extracting E:\Codez\zepp-bipupro-wf\228fb23aedc3cb965d6f3892890d5b40\0028.png...
2022-01-06 08:41:13,515 - root - DEBUG - extracting E:\Codez\zepp-bipupro-wf\228fb23aedc3cb965d6f3892890d5b40\0029.png...
2022-01-06 08:41:13,515 - root - DEBUG - extracting E:\Codez\zepp-bipupro-wf\228fb23aedc3cb965d6f3892890d5b40\0030.png...
2022-01-06 08:41:13,515 - root - DEBUG - extracting E:\Codez\zepp-bipupro-wf\228fb23aedc3cb965d6f3892890d5b40\0031.png...
2022-01-06 08:41:13,515 - root - DEBUG - extracting E:\Codez\zepp-bipupro-wf\228fb23aedc3cb965d6f3892890d5b40\0032.png...
2022-01-06 08:41:13,515 - root - DEBUG - extracting E:\Codez\zepp-bipupro-wf\228fb23aedc3cb965d6f3892890d5b40\0033.png...
2022-01-06 08:41:13,515 - root - DEBUG - extracting E:\Codez\zepp-bipupro-wf\228fb23aedc3cb965d6f3892890d5b40\0034.png...
2022-01-06 08:41:13,515 - root - DEBUG - extracting E:\Codez\zepp-bipupro-wf\228fb23aedc3cb965d6f3892890d5b40\0035.png...
2022-01-06 08:41:13,530 - root - DEBUG - extracting E:\Codez\zepp-bipupro-wf\228fb23aedc3cb965d6f3892890d5b40\0036.png...
2022-01-06 08:41:13,530 - root - DEBUG - extracting E:\Codez\zepp-bipupro-wf\228fb23aedc3cb965d6f3892890d5b40\0037.png...
2022-01-06 08:41:13,530 - root - DEBUG - extracting E:\Codez\zepp-bipupro-wf\228fb23aedc3cb965d6f3892890d5b40\0038.png...
2022-01-06 08:41:13,530 - root - DEBUG - extracting E:\Codez\zepp-bipupro-wf\228fb23aedc3cb965d6f3892890d5b40\0039.png...
2022-01-06 08:41:13,530 - root - DEBUG - extracting E:\Codez\zepp-bipupro-wf\228fb23aedc3cb965d6f3892890d5b40\0040.png...
2022-01-06 08:41:13,530 - root - DEBUG - extracting E:\Codez\zepp-bipupro-wf\228fb23aedc3cb965d6f3892890d5b40\0041.png...
2022-01-06 08:41:13,530 - root - DEBUG - extracting E:\Codez\zepp-bipupro-wf\228fb23aedc3cb965d6f3892890d5b40\0042.png...
2022-01-06 08:41:13,530 - root - DEBUG - extracting E:\Codez\zepp-bipupro-wf\228fb23aedc3cb965d6f3892890d5b40\0043.png...
2022-01-06 08:41:13,530 - root - DEBUG - extracting E:\Codez\zepp-bipupro-wf\228fb23aedc3cb965d6f3892890d5b40\0044.png...
2022-01-06 08:41:13,530 - root - DEBUG - extracting E:\Codez\zepp-bipupro-wf\228fb23aedc3cb965d6f3892890d5b40\0045.png...
2022-01-06 08:41:13,530 - root - DEBUG - extracting E:\Codez\zepp-bipupro-wf\228fb23aedc3cb965d6f3892890d5b40\0046.png...
2022-01-06 08:41:13,530 - root - DEBUG - extracting E:\Codez\zepp-bipupro-wf\228fb23aedc3cb965d6f3892890d5b40\0047.png...
2022-01-06 08:41:13,530 - root - DEBUG - extracting E:\Codez\zepp-bipupro-wf\228fb23aedc3cb965d6f3892890d5b40\0048.png...
2022-01-06 08:41:13,530 - root - DEBUG - extracting E:\Codez\zepp-bipupro-wf\228fb23aedc3cb965d6f3892890d5b40\0049.png...
2022-01-06 08:41:13,530 - root - DEBUG - extracting E:\Codez\zepp-bipupro-wf\228fb23aedc3cb965d6f3892890d5b40\0050.png...
2022-01-06 08:41:13,530 - root - DEBUG - extracting E:\Codez\zepp-bipupro-wf\228fb23aedc3cb965d6f3892890d5b40\0051.png...
2022-01-06 08:41:13,530 - root - DEBUG - extracting E:\Codez\zepp-bipupro-wf\228fb23aedc3cb965d6f3892890d5b40\0052.png...
2022-01-06 08:41:13,530 - root - DEBUG - extracting E:\Codez\zepp-bipupro-wf\228fb23aedc3cb965d6f3892890d5b40\0053.png...
2022-01-06 08:41:13,530 - root - DEBUG - extracting E:\Codez\zepp-bipupro-wf\228fb23aedc3cb965d6f3892890d5b40\0054.png...
2022-01-06 08:41:13,530 - root - DEBUG - extracting E:\Codez\zepp-bipupro-wf\228fb23aedc3cb965d6f3892890d5b40\0055.png...
2022-01-06 08:41:13,530 - root - DEBUG - extracting E:\Codez\zepp-bipupro-wf\228fb23aedc3cb965d6f3892890d5b40\0056.png...
2022-01-06 08:41:13,530 - root - DEBUG - extracting E:\Codez\zepp-bipupro-wf\228fb23aedc3cb965d6f3892890d5b40\0057.png...
2022-01-06 08:41:13,545 - root - DEBUG - extracting E:\Codez\zepp-bipupro-wf\228fb23aedc3cb965d6f3892890d5b40\0058.png...
2022-01-06 08:41:13,546 - root - DEBUG - extracting E:\Codez\zepp-bipupro-wf\228fb23aedc3cb965d6f3892890d5b40\0059.png...
2022-01-06 08:41:13,547 - root - DEBUG - extracting E:\Codez\zepp-bipupro-wf\228fb23aedc3cb965d6f3892890d5b40\0060.png...
2022-01-06 08:41:13,548 - root - DEBUG - extracting E:\Codez\zepp-bipupro-wf\228fb23aedc3cb965d6f3892890d5b40\0061.png...
2022-01-06 08:41:13,549 - root - DEBUG - extracting E:\Codez\zepp-bipupro-wf\228fb23aedc3cb965d6f3892890d5b40\0062.png...
2022-01-06 08:41:13,550 - root - DEBUG - extracting E:\Codez\zepp-bipupro-wf\228fb23aedc3cb965d6f3892890d5b40\0063.png...
2022-01-06 08:41:13,551 - root - DEBUG - extracting E:\Codez\zepp-bipupro-wf\228fb23aedc3cb965d6f3892890d5b40\0064.png...
2022-01-06 08:41:13,551 - root - DEBUG - extracting E:\Codez\zepp-bipupro-wf\228fb23aedc3cb965d6f3892890d5b40\0065.png...
2022-01-06 08:41:13,552 - root - DEBUG - extracting E:\Codez\zepp-bipupro-wf\228fb23aedc3cb965d6f3892890d5b40\0066.png...
2022-01-06 08:41:13,553 - root - DEBUG - extracting E:\Codez\zepp-bipupro-wf\228fb23aedc3cb965d6f3892890d5b40\0067.png...
2022-01-06 08:41:13,554 - root - DEBUG - extracting E:\Codez\zepp-bipupro-wf\228fb23aedc3cb965d6f3892890d5b40\0068.png...
2022-01-06 08:41:13,554 - root - DEBUG - extracting E:\Codez\zepp-bipupro-wf\228fb23aedc3cb965d6f3892890d5b40\0069.png...
2022-01-06 08:41:13,555 - root - DEBUG - Exporting config...
