2023-01-20 22:56:49,683 - root - DEBUG - Opening watch face 'E:\Codez\zepp-bipupro-wf\b7fe3de2ab6205270ae739f448780805.bin'
2023-01-20 22:56:49,691 - root - DEBUG - Reading parameters...
2023-01-20 22:56:49,691 - root - INFO - Reading header...
2023-01-20 22:56:49,692 - root - INFO - Header was read:
2023-01-20 22:56:49,693 - root - INFO - Signature: b'UIHH\x01\x00\xff', Unknown: 91, ParametersSize: 33, isValid: True, deviceId: 71
2023-01-20 22:56:49,693 - root - INFO - Reading parameter offsets...
2023-01-20 22:56:49,693 - root - INFO - Parameter offsets were read from file
2023-01-20 22:56:49,693 - root - INFO - Reading parameters descriptor...
2023-01-20 22:56:49,693 - root - INFO - 1 ( A): 5 bytes
2023-01-20 22:56:49,693 - root - INFO -     1 ( 8): 219 DB
2023-01-20 22:56:49,693 - root - INFO -     2 (10): 66 42
2023-01-20 22:56:49,693 - root - INFO - getParameters descriptor was read:
2023-01-20 22:56:49,693 - root - INFO - ParametersTableLength: 219, ImagesCount: 66
2023-01-20 22:56:49,693 - root - INFO - Reading parameters locations...
2023-01-20 22:56:49,693 - root - INFO - 2 (12): 4 bytes
2023-01-20 22:56:49,694 - root - INFO -     1 ( 8): 0  0
2023-01-20 22:56:49,694 - root - INFO -     2 (10): 32 20
2023-01-20 22:56:49,694 - root - INFO - 4 (22): 4 bytes
2023-01-20 22:56:49,694 - root - INFO -     1 ( 8): 123 7B
2023-01-20 22:56:49,694 - root - INFO -     2 (10): 48 30
2023-01-20 22:56:49,694 - root - INFO - 5 (2A): 4 bytes
2023-01-20 22:56:49,694 - root - INFO -     1 ( 8): 32 20
2023-01-20 22:56:49,694 - root - INFO -     2 (10): 91 5B
2023-01-20 22:56:49,694 - root - INFO - 20 (A2): 5 bytes
2023-01-20 22:56:49,694 - root - INFO -     1 ( 8): 171 AB
2023-01-20 22:56:49,694 - root - INFO -     2 (10): 48 30
2023-01-20 22:56:49,694 - root - INFO - Watch face parameters locations were read:
2023-01-20 22:56:49,694 - root - INFO - Reading descriptor for parameter 2
2023-01-20 22:56:49,694 - root - INFO - Descriptor offset: 0, Descriptor length: 32
2023-01-20 22:56:49,694 - root - INFO - Parsing descriptor for parameter 2...
2023-01-20 22:56:49,694 - root - INFO - 1 ( A): 6 bytes
2023-01-20 22:56:49,695 - root - INFO -     1 ( 8): 0  0
2023-01-20 22:56:49,695 - root - INFO -     2 (10): 0  0
2023-01-20 22:56:49,695 - root - INFO -     3 (18): 2  2
2023-01-20 22:56:49,695 - root - INFO - 3 (1A): 6 bytes
2023-01-20 22:56:49,695 - root - INFO -     1 ( 8): 0  0
2023-01-20 22:56:49,695 - root - INFO -     2 (10): 0  0
2023-01-20 22:56:49,695 - root - INFO -     3 (18): 0  0
2023-01-20 22:56:49,695 - root - INFO - 4 (22): 6 bytes
2023-01-20 22:56:49,695 - root - INFO -     1 ( 8): 0  0
2023-01-20 22:56:49,695 - root - INFO -     2 (10): 0  0
2023-01-20 22:56:49,695 - root - INFO -     3 (18): 1  1
2023-01-20 22:56:49,696 - root - INFO - 5 (2A): 6 bytes
2023-01-20 22:56:49,696 - root - INFO -     1 ( 8): 0  0
2023-01-20 22:56:49,696 - root - INFO -     2 (10): 0  0
2023-01-20 22:56:49,696 - root - INFO -     3 (18): 1  1
2023-01-20 22:56:49,696 - root - INFO - Reading descriptor for parameter 4
2023-01-20 22:56:49,696 - root - INFO - Descriptor offset: 123, Descriptor length: 48
2023-01-20 22:56:49,696 - root - INFO - Parsing descriptor for parameter 4...
2023-01-20 22:56:49,696 - root - INFO - 1 ( A): 20 bytes
2023-01-20 22:56:49,696 - root - INFO -     1 ( A): 18 bytes
2023-01-20 22:56:49,697 - root - INFO -         1 ( 8): 10  A
2023-01-20 22:56:49,697 - root - INFO -         2 (10): 37 25
2023-01-20 22:56:49,697 - root - INFO -         3 (18): 70 46
2023-01-20 22:56:49,697 - root - INFO -         4 (20): 57 39
2023-01-20 22:56:49,697 - root - INFO -         5 (28): 24 18
2023-01-20 22:56:49,697 - root - INFO -         6 (30): 0  0
2023-01-20 22:56:49,697 - root - INFO -         7 (38): 0  0
2023-01-20 22:56:49,697 - root - INFO -         8 (40): 51 33
2023-01-20 22:56:49,697 - root - INFO -         9 (48): 10  A
2023-01-20 22:56:49,697 - root - INFO - 3 (1A): 22 bytes
2023-01-20 22:56:49,697 - root - INFO -     1 ( A): 20 bytes
2023-01-20 22:56:49,698 - root - INFO -         1 ( 8): 232 E8
2023-01-20 22:56:49,698 - root - INFO -         2 (10): 37 25
2023-01-20 22:56:49,698 - root - INFO -         3 (18): 292 124
2023-01-20 22:56:49,698 - root - INFO -         4 (20): 57 39
2023-01-20 22:56:49,698 - root - INFO -         5 (28): 24 18
2023-01-20 22:56:49,698 - root - INFO -         6 (30): 0  0
2023-01-20 22:56:49,698 - root - INFO -         7 (38): 0  0
2023-01-20 22:56:49,698 - root - INFO -         8 (40): 51 33
2023-01-20 22:56:49,698 - root - INFO -         9 (48): 10  A
2023-01-20 22:56:49,698 - root - INFO - 7 (38): 0  0
2023-01-20 22:56:49,699 - root - INFO - Reading descriptor for parameter 5
2023-01-20 22:56:49,699 - root - INFO - Descriptor offset: 32, Descriptor length: 91
2023-01-20 22:56:49,699 - root - INFO - Parsing descriptor for parameter 5...
2023-01-20 22:56:49,699 - root - INFO - 1 ( A): 53 bytes
2023-01-20 22:56:49,699 - root - INFO -     1 ( A): 45 bytes
2023-01-20 22:56:49,699 - root - INFO -         2 (12): 9 bytes
2023-01-20 22:56:49,699 - root - INFO -             1 ( 8): 80 50
2023-01-20 22:56:49,699 - root - INFO -             2 (10): 285 11D
2023-01-20 22:56:49,699 - root - INFO -             3 (18): 3  3
2023-01-20 22:56:49,700 - root - INFO -             4 (20): 12  C
2023-01-20 22:56:49,700 - root - INFO -         3 (1A): 9 bytes
2023-01-20 22:56:49,700 - root - INFO -             1 ( 8): 80 50
2023-01-20 22:56:49,700 - root - INFO -             2 (10): 285 11D
2023-01-20 22:56:49,700 - root - INFO -             3 (18): 15  F
2023-01-20 22:56:49,700 - root - INFO -             4 (20): 12  C
2023-01-20 22:56:49,700 - root - INFO -         4 (22): 21 bytes
2023-01-20 22:56:49,700 - root - INFO -             1 ( 8): 118 76
2023-01-20 22:56:49,700 - root - INFO -             2 (10): 285 11D
2023-01-20 22:56:49,700 - root - INFO -             3 (18): 136 88
2023-01-20 22:56:49,700 - root - INFO -             4 (20): 309 135
2023-01-20 22:56:49,701 - root - INFO -             5 (28): 18 12
2023-01-20 22:56:49,701 - root - INFO -             6 (30): 0  0
2023-01-20 22:56:49,701 - root - INFO -             7 (38): 0  0
2023-01-20 22:56:49,701 - root - INFO -             8 (40): 27 1B
2023-01-20 22:56:49,701 - root - INFO -             9 (48): 10  A
2023-01-20 22:56:49,701 - root - INFO -     4 (20): 1  1
2023-01-20 22:56:49,701 - root - INFO -     5 (28): 1  1
2023-01-20 22:56:49,701 - root - INFO -     6 (30): 0  0
2023-01-20 22:56:49,701 - root - INFO - 4 (22): 10 bytes
2023-01-20 22:56:49,701 - root - INFO -     1 ( 8): 168 A8
2023-01-20 22:56:49,701 - root - INFO -     2 (10): 285 11D
2023-01-20 22:56:49,702 - root - INFO -     3 (18): 37 25
2023-01-20 22:56:49,702 - root - INFO -     4 (20): 7  7
2023-01-20 22:56:49,702 - root - INFO - 5 (2A): 10 bytes
2023-01-20 22:56:49,702 - root - INFO -     1 ( 8): 168 A8
2023-01-20 22:56:49,702 - root - INFO -     2 (10): 285 11D
2023-01-20 22:56:49,702 - root - INFO -     3 (18): 44 2C
2023-01-20 22:56:49,702 - root - INFO -     4 (20): 7  7
2023-01-20 22:56:49,702 - root - INFO - 6 (32): 10 bytes
2023-01-20 22:56:49,702 - root - INFO -     1 ( 8): 168 A8
2023-01-20 22:56:49,702 - root - INFO -     2 (10): 285 11D
2023-01-20 22:56:49,702 - root - INFO -     3 (18): 44 2C
2023-01-20 22:56:49,702 - root - INFO -     4 (20): 7  7
2023-01-20 22:56:49,704 - root - INFO - Reading descriptor for parameter 20
2023-01-20 22:56:49,704 - root - INFO - Descriptor offset: 171, Descriptor length: 48
2023-01-20 22:56:49,704 - root - INFO - Parsing descriptor for parameter 20...
2023-01-20 22:56:49,704 - root - INFO - 2 (12): 6 bytes
2023-01-20 22:56:49,704 - root - INFO -     1 ( 8): 151 97
2023-01-20 22:56:49,704 - root - INFO -     2 (10): 160 A0
2023-01-20 22:56:49,704 - root - INFO - 3 (1A): 4 bytes
2023-01-20 22:56:49,704 - root - INFO -     1 ( 8): 61 3D
2023-01-20 22:56:49,704 - root - INFO -     2 (10): 93 5D
2023-01-20 22:56:49,705 - root - INFO - 4 (22): 15 bytes
2023-01-20 22:56:49,705 - root - INFO -     1 ( 8): 62 3E
2023-01-20 22:56:49,705 - root - INFO -     2 (10): 134 86
2023-01-20 22:56:49,705 - root - INFO -     4 (22): 8 bytes
2023-01-20 22:56:49,705 - root - INFO -         1 ( 8): 142 8E
2023-01-20 22:56:49,705 - root - INFO -         2 (10): 151 97
2023-01-20 22:56:49,705 - root - INFO -         3 (18): 65 41
2023-01-20 22:56:49,705 - root - INFO - 5 (2A): 15 bytes
2023-01-20 22:56:49,705 - root - INFO -     1 ( 8): 63 3F
2023-01-20 22:56:49,705 - root - INFO -     2 (10): 135 87
2023-01-20 22:56:49,705 - root - INFO -     4 (22): 8 bytes
2023-01-20 22:56:49,706 - root - INFO -         1 ( 8): 146 92
2023-01-20 22:56:49,706 - root - INFO -         2 (10): 155 9B
2023-01-20 22:56:49,706 - root - INFO -         3 (18): 64 40
2023-01-20 22:56:49,709 - root - INFO - Reading resources offsets table with 66 elements (264 bytes)
2023-01-20 22:56:49,709 - root - INFO - Resource 0 offset: 603, length: 86472...
2023-01-20 22:56:49,709 - root - DEBUG - Reading resource 0...
2023-01-20 22:56:49,740 - root - INFO - The image is bmc.
2023-01-20 22:56:49,740 - root - INFO - Reading image header(readHeader16C)...
2023-01-20 22:56:49,740 - root - INFO - Image header was read:
2023-01-20 22:56:49,740 - root - INFO - Width: 202, Height: 214, RowLength: 404
2023-01-20 22:56:49,740 - root - INFO - _step: 2, unknown2: 0,
2023-01-20 22:56:49,741 - root - INFO - BPP: 16, Transparency: False
2023-01-20 22:56:49,907 - root - INFO - Resource 1 offset: 87075, length: 86472...
2023-01-20 22:56:49,907 - root - DEBUG - Reading resource 1...
2023-01-20 22:56:49,907 - root - INFO - The image is bmc.
2023-01-20 22:56:49,907 - root - INFO - Reading image header(readHeader16C)...
2023-01-20 22:56:49,907 - root - INFO - Image header was read:
2023-01-20 22:56:49,907 - root - INFO - Width: 202, Height: 214, RowLength: 404
2023-01-20 22:56:49,907 - root - INFO - _step: 2, unknown2: 0,
2023-01-20 22:56:49,907 - root - INFO - BPP: 16, Transparency: False
2023-01-20 22:56:50,079 - root - INFO - Resource 2 offset: 173547, length: 193296...
2023-01-20 22:56:50,079 - root - DEBUG - Reading resource 2...
2023-01-20 22:56:50,079 - root - INFO - The image is bmc.
2023-01-20 22:56:50,079 - root - INFO - Reading image header(readHeader16C)...
2023-01-20 22:56:50,079 - root - INFO - Image header was read:
2023-01-20 22:56:50,079 - root - INFO - Width: 302, Height: 320, RowLength: 604
2023-01-20 22:56:50,079 - root - INFO - _step: 2, unknown2: 0,
2023-01-20 22:56:50,079 - root - INFO - BPP: 16, Transparency: False
2023-01-20 22:56:50,456 - root - INFO - Resource 3 offset: 366843, length: 920...
2023-01-20 22:56:50,456 - root - DEBUG - Reading resource 3...
2023-01-20 22:56:50,456 - root - INFO - The image is bme.
2023-01-20 22:56:50,456 - root - INFO - Reading image header(readHeader16E)...
2023-01-20 22:56:50,457 - root - INFO - Image header was read:
2023-01-20 22:56:50,457 - root - INFO - Width: 38, Height: 24, RowLength: 76
2023-01-20 22:56:50,457 - root - INFO - datalength: 904, _step: 2
2023-01-20 22:56:50,457 - root - INFO - BPP: 16, Transparency: False
2023-01-20 22:56:50,458 - root - INFO - Resource 4 offset: 367763, length: 854...
2023-01-20 22:56:50,458 - root - DEBUG - Reading resource 4...
2023-01-20 22:56:50,458 - root - INFO - The image is bme.
2023-01-20 22:56:50,459 - root - INFO - Reading image header(readHeader16E)...
2023-01-20 22:56:50,459 - root - INFO - Image header was read:
2023-01-20 22:56:50,459 - root - INFO - Width: 38, Height: 24, RowLength: 76
2023-01-20 22:56:50,459 - root - INFO - datalength: 838, _step: 2
2023-01-20 22:56:50,459 - root - INFO - BPP: 16, Transparency: False
2023-01-20 22:56:50,460 - root - INFO - Resource 5 offset: 368617, length: 1086...
2023-01-20 22:56:50,460 - root - DEBUG - Reading resource 5...
2023-01-20 22:56:50,460 - root - INFO - The image is bme.
2023-01-20 22:56:50,460 - root - INFO - Reading image header(readHeader16E)...
2023-01-20 22:56:50,461 - root - INFO - Image header was read:
2023-01-20 22:56:50,461 - root - INFO - Width: 38, Height: 24, RowLength: 76
2023-01-20 22:56:50,461 - root - INFO - datalength: 1070, _step: 2
2023-01-20 22:56:50,461 - root - INFO - BPP: 16, Transparency: False
2023-01-20 22:56:50,462 - root - INFO - Resource 6 offset: 369703, length: 954...
2023-01-20 22:56:50,463 - root - DEBUG - Reading resource 6...
2023-01-20 22:56:50,463 - root - INFO - The image is bme.
2023-01-20 22:56:50,463 - root - INFO - Reading image header(readHeader16E)...
2023-01-20 22:56:50,463 - root - INFO - Image header was read:
2023-01-20 22:56:50,463 - root - INFO - Width: 38, Height: 24, RowLength: 76
2023-01-20 22:56:50,463 - root - INFO - datalength: 938, _step: 2
2023-01-20 22:56:50,463 - root - INFO - BPP: 16, Transparency: False
2023-01-20 22:56:50,464 - root - INFO - Resource 7 offset: 370657, length: 1000...
2023-01-20 22:56:50,464 - root - DEBUG - Reading resource 7...
2023-01-20 22:56:50,465 - root - INFO - The image is bme.
2023-01-20 22:56:50,465 - root - INFO - Reading image header(readHeader16E)...
2023-01-20 22:56:50,465 - root - INFO - Image header was read:
2023-01-20 22:56:50,465 - root - INFO - Width: 38, Height: 24, RowLength: 76
2023-01-20 22:56:50,465 - root - INFO - datalength: 984, _step: 2
2023-01-20 22:56:50,465 - root - INFO - BPP: 16, Transparency: False
2023-01-20 22:56:50,467 - root - INFO - Resource 8 offset: 371657, length: 994...
2023-01-20 22:56:50,467 - root - DEBUG - Reading resource 8...
2023-01-20 22:56:50,467 - root - INFO - The image is bme.
2023-01-20 22:56:50,467 - root - INFO - Reading image header(readHeader16E)...
2023-01-20 22:56:50,467 - root - INFO - Image header was read:
2023-01-20 22:56:50,467 - root - INFO - Width: 38, Height: 24, RowLength: 76
2023-01-20 22:56:50,467 - root - INFO - datalength: 978, _step: 2
2023-01-20 22:56:50,467 - root - INFO - BPP: 16, Transparency: False
2023-01-20 22:56:50,469 - root - INFO - Resource 9 offset: 372651, length: 812...
2023-01-20 22:56:50,469 - root - DEBUG - Reading resource 9...
2023-01-20 22:56:50,469 - root - INFO - The image is bme.
2023-01-20 22:56:50,469 - root - INFO - Reading image header(readHeader16E)...
2023-01-20 22:56:50,469 - root - INFO - Image header was read:
2023-01-20 22:56:50,469 - root - INFO - Width: 38, Height: 24, RowLength: 76
2023-01-20 22:56:50,469 - root - INFO - datalength: 796, _step: 2
2023-01-20 22:56:50,469 - root - INFO - BPP: 16, Transparency: False
2023-01-20 22:56:50,470 - root - INFO - Resource 10 offset: 373463, length: 1054...
2023-01-20 22:56:50,470 - root - DEBUG - Reading resource 10...
2023-01-20 22:56:50,470 - root - INFO - The image is bme.
2023-01-20 22:56:50,471 - root - INFO - Reading image header(readHeader16E)...
2023-01-20 22:56:50,471 - root - INFO - Image header was read:
2023-01-20 22:56:50,471 - root - INFO - Width: 38, Height: 24, RowLength: 76
2023-01-20 22:56:50,471 - root - INFO - datalength: 1038, _step: 2
2023-01-20 22:56:50,471 - root - INFO - BPP: 16, Transparency: False
2023-01-20 22:56:50,473 - root - INFO - Resource 11 offset: 374517, length: 1050...
2023-01-20 22:56:50,473 - root - DEBUG - Reading resource 11...
2023-01-20 22:56:50,473 - root - INFO - The image is bme.
2023-01-20 22:56:50,473 - root - INFO - Reading image header(readHeader16E)...
2023-01-20 22:56:50,473 - root - INFO - Image header was read:
2023-01-20 22:56:50,473 - root - INFO - Width: 38, Height: 24, RowLength: 76
2023-01-20 22:56:50,473 - root - INFO - datalength: 1034, _step: 2
2023-01-20 22:56:50,473 - root - INFO - BPP: 16, Transparency: False
2023-01-20 22:56:50,474 - root - INFO - Resource 12 offset: 375567, length: 904...
2023-01-20 22:56:50,475 - root - DEBUG - Reading resource 12...
2023-01-20 22:56:50,475 - root - INFO - The image is bme.
2023-01-20 22:56:50,475 - root - INFO - Reading image header(readHeader16E)...
2023-01-20 22:56:50,475 - root - INFO - Image header was read:
2023-01-20 22:56:50,475 - root - INFO - Width: 38, Height: 24, RowLength: 76
2023-01-20 22:56:50,475 - root - INFO - datalength: 888, _step: 2
2023-01-20 22:56:50,475 - root - INFO - BPP: 16, Transparency: False
2023-01-20 22:56:50,476 - root - INFO - Resource 13 offset: 376471, length: 1046...
2023-01-20 22:56:50,477 - root - DEBUG - Reading resource 13...
2023-01-20 22:56:50,477 - root - INFO - The image is bme.
2023-01-20 22:56:50,477 - root - INFO - Reading image header(readHeader16E)...
2023-01-20 22:56:50,477 - root - INFO - Image header was read:
2023-01-20 22:56:50,477 - root - INFO - Width: 38, Height: 24, RowLength: 76
2023-01-20 22:56:50,477 - root - INFO - datalength: 1030, _step: 2
2023-01-20 22:56:50,477 - root - INFO - BPP: 16, Transparency: False
2023-01-20 22:56:50,479 - root - INFO - Resource 14 offset: 377517, length: 902...
2023-01-20 22:56:50,479 - root - DEBUG - Reading resource 14...
2023-01-20 22:56:50,479 - root - INFO - The image is bme.
2023-01-20 22:56:50,479 - root - INFO - Reading image header(readHeader16E)...
2023-01-20 22:56:50,479 - root - INFO - Image header was read:
2023-01-20 22:56:50,479 - root - INFO - Width: 38, Height: 24, RowLength: 76
2023-01-20 22:56:50,479 - root - INFO - datalength: 886, _step: 2
2023-01-20 22:56:50,479 - root - INFO - BPP: 16, Transparency: False
2023-01-20 22:56:50,481 - root - INFO - Resource 15 offset: 378419, length: 732...
2023-01-20 22:56:50,481 - root - DEBUG - Reading resource 15...
2023-01-20 22:56:50,481 - root - INFO - The image is bme.
2023-01-20 22:56:50,481 - root - INFO - Reading image header(readHeader16E)...
2023-01-20 22:56:50,481 - root - INFO - Image header was read:
2023-01-20 22:56:50,481 - root - INFO - Width: 38, Height: 24, RowLength: 76
2023-01-20 22:56:50,481 - root - INFO - datalength: 716, _step: 2
2023-01-20 22:56:50,481 - root - INFO - BPP: 16, Transparency: False
2023-01-20 22:56:50,482 - root - INFO - Resource 16 offset: 379151, length: 788...
2023-01-20 22:56:50,482 - root - DEBUG - Reading resource 16...
2023-01-20 22:56:50,482 - root - INFO - The image is bme.
2023-01-20 22:56:50,482 - root - INFO - Reading image header(readHeader16E)...
2023-01-20 22:56:50,484 - root - INFO - Image header was read:
2023-01-20 22:56:50,484 - root - INFO - Width: 38, Height: 24, RowLength: 76
2023-01-20 22:56:50,484 - root - INFO - datalength: 772, _step: 2
2023-01-20 22:56:50,484 - root - INFO - BPP: 16, Transparency: False
2023-01-20 22:56:50,485 - root - INFO - Resource 17 offset: 379939, length: 834...
2023-01-20 22:56:50,485 - root - DEBUG - Reading resource 17...
2023-01-20 22:56:50,485 - root - INFO - The image is bme.
2023-01-20 22:56:50,485 - root - INFO - Reading image header(readHeader16E)...
2023-01-20 22:56:50,485 - root - INFO - Image header was read:
2023-01-20 22:56:50,486 - root - INFO - Width: 38, Height: 24, RowLength: 76
2023-01-20 22:56:50,486 - root - INFO - datalength: 818, _step: 2
2023-01-20 22:56:50,486 - root - INFO - BPP: 16, Transparency: False
2023-01-20 22:56:50,488 - root - INFO - Resource 18 offset: 380773, length: 758...
2023-01-20 22:56:50,488 - root - DEBUG - Reading resource 18...
2023-01-20 22:56:50,488 - root - INFO - The image is bme.
2023-01-20 22:56:50,488 - root - INFO - Reading image header(readHeader16E)...
2023-01-20 22:56:50,488 - root - INFO - Image header was read:
2023-01-20 22:56:50,488 - root - INFO - Width: 38, Height: 24, RowLength: 76
2023-01-20 22:56:50,488 - root - INFO - datalength: 742, _step: 2
2023-01-20 22:56:50,488 - root - INFO - BPP: 16, Transparency: False
2023-01-20 22:56:50,489 - root - INFO - Resource 19 offset: 381531, length: 812...
2023-01-20 22:56:50,490 - root - DEBUG - Reading resource 19...
2023-01-20 22:56:50,490 - root - INFO - The image is bme.
2023-01-20 22:56:50,490 - root - INFO - Reading image header(readHeader16E)...
2023-01-20 22:56:50,490 - root - INFO - Image header was read:
2023-01-20 22:56:50,490 - root - INFO - Width: 38, Height: 24, RowLength: 76
2023-01-20 22:56:50,490 - root - INFO - datalength: 796, _step: 2
2023-01-20 22:56:50,490 - root - INFO - BPP: 16, Transparency: False
2023-01-20 22:56:50,491 - root - INFO - Resource 20 offset: 382343, length: 818...
2023-01-20 22:56:50,492 - root - DEBUG - Reading resource 20...
2023-01-20 22:56:50,492 - root - INFO - The image is bme.
2023-01-20 22:56:50,492 - root - INFO - Reading image header(readHeader16E)...
2023-01-20 22:56:50,492 - root - INFO - Image header was read:
2023-01-20 22:56:50,492 - root - INFO - Width: 38, Height: 24, RowLength: 76
2023-01-20 22:56:50,492 - root - INFO - datalength: 802, _step: 2
2023-01-20 22:56:50,492 - root - INFO - BPP: 16, Transparency: False
2023-01-20 22:56:50,493 - root - INFO - Resource 21 offset: 383161, length: 770...
2023-01-20 22:56:50,493 - root - DEBUG - Reading resource 21...
2023-01-20 22:56:50,494 - root - INFO - The image is bme.
2023-01-20 22:56:50,494 - root - INFO - Reading image header(readHeader16E)...
2023-01-20 22:56:50,494 - root - INFO - Image header was read:
2023-01-20 22:56:50,494 - root - INFO - Width: 38, Height: 24, RowLength: 76
2023-01-20 22:56:50,494 - root - INFO - datalength: 754, _step: 2
2023-01-20 22:56:50,494 - root - INFO - BPP: 16, Transparency: False
2023-01-20 22:56:50,495 - root - INFO - Resource 22 offset: 383931, length: 874...
2023-01-20 22:56:50,495 - root - DEBUG - Reading resource 22...
2023-01-20 22:56:50,495 - root - INFO - The image is bme.
2023-01-20 22:56:50,495 - root - INFO - Reading image header(readHeader16E)...
2023-01-20 22:56:50,495 - root - INFO - Image header was read:
2023-01-20 22:56:50,495 - root - INFO - Width: 38, Height: 24, RowLength: 76
2023-01-20 22:56:50,495 - root - INFO - datalength: 858, _step: 2
2023-01-20 22:56:50,495 - root - INFO - BPP: 16, Transparency: False
2023-01-20 22:56:50,496 - root - INFO - Resource 23 offset: 384805, length: 814...
2023-01-20 22:56:50,496 - root - DEBUG - Reading resource 23...
2023-01-20 22:56:50,498 - root - INFO - The image is bme.
2023-01-20 22:56:50,498 - root - INFO - Reading image header(readHeader16E)...
2023-01-20 22:56:50,498 - root - INFO - Image header was read:
2023-01-20 22:56:50,498 - root - INFO - Width: 38, Height: 24, RowLength: 76
2023-01-20 22:56:50,498 - root - INFO - datalength: 798, _step: 2
2023-01-20 22:56:50,498 - root - INFO - BPP: 16, Transparency: False
2023-01-20 22:56:50,499 - root - INFO - Resource 24 offset: 385619, length: 1104...
2023-01-20 22:56:50,499 - root - DEBUG - Reading resource 24...
2023-01-20 22:56:50,499 - root - INFO - The image is bme.
2023-01-20 22:56:50,499 - root - INFO - Reading image header(readHeader16E)...
2023-01-20 22:56:50,500 - root - INFO - Image header was read:
2023-01-20 22:56:50,500 - root - INFO - Width: 38, Height: 24, RowLength: 76
2023-01-20 22:56:50,500 - root - INFO - datalength: 1088, _step: 2
2023-01-20 22:56:50,500 - root - INFO - BPP: 16, Transparency: False
2023-01-20 22:56:50,502 - root - INFO - Resource 25 offset: 386723, length: 934...
2023-01-20 22:56:50,502 - root - DEBUG - Reading resource 25...
2023-01-20 22:56:50,502 - root - INFO - The image is bme.
2023-01-20 22:56:50,502 - root - INFO - Reading image header(readHeader16E)...
2023-01-20 22:56:50,502 - root - INFO - Image header was read:
2023-01-20 22:56:50,502 - root - INFO - Width: 38, Height: 24, RowLength: 76
2023-01-20 22:56:50,502 - root - INFO - datalength: 918, _step: 2
2023-01-20 22:56:50,502 - root - INFO - BPP: 16, Transparency: False
2023-01-20 22:56:50,504 - root - INFO - Resource 26 offset: 387657, length: 990...
2023-01-20 22:56:50,504 - root - DEBUG - Reading resource 26...
2023-01-20 22:56:50,504 - root - INFO - The image is bme.
2023-01-20 22:56:50,504 - root - INFO - Reading image header(readHeader16E)...
2023-01-20 22:56:50,504 - root - INFO - Image header was read:
2023-01-20 22:56:50,504 - root - INFO - Width: 38, Height: 24, RowLength: 76
2023-01-20 22:56:50,504 - root - INFO - datalength: 974, _step: 2
2023-01-20 22:56:50,504 - root - INFO - BPP: 16, Transparency: False
2023-01-20 22:56:50,505 - root - INFO - Resource 27 offset: 388647, length: 388...
2023-01-20 22:56:50,505 - root - DEBUG - Reading resource 27...
2023-01-20 22:56:50,505 - root - INFO - The image is bme.
2023-01-20 22:56:50,505 - root - INFO - Reading image header(readHeader16E)...
2023-01-20 22:56:50,506 - root - INFO - Image header was read:
2023-01-20 22:56:50,506 - root - INFO - Width: 9, Height: 24, RowLength: 18
2023-01-20 22:56:50,506 - root - INFO - datalength: 372, _step: 2
2023-01-20 22:56:50,506 - root - INFO - BPP: 16, Transparency: False
2023-01-20 22:56:50,506 - root - INFO - Resource 28 offset: 389035, length: 218...
2023-01-20 22:56:50,506 - root - DEBUG - Reading resource 28...
2023-01-20 22:56:50,507 - root - INFO - The image is bme.
2023-01-20 22:56:50,507 - root - INFO - Reading image header(readHeader16E)...
2023-01-20 22:56:50,507 - root - INFO - Image header was read:
2023-01-20 22:56:50,507 - root - INFO - Width: 9, Height: 24, RowLength: 18
2023-01-20 22:56:50,507 - root - INFO - datalength: 202, _step: 2
2023-01-20 22:56:50,507 - root - INFO - BPP: 16, Transparency: False
2023-01-20 22:56:50,507 - root - INFO - Resource 29 offset: 389253, length: 274...
2023-01-20 22:56:50,507 - root - DEBUG - Reading resource 29...
2023-01-20 22:56:50,507 - root - INFO - The image is bme.
2023-01-20 22:56:50,508 - root - INFO - Reading image header(readHeader16E)...
2023-01-20 22:56:50,508 - root - INFO - Image header was read:
2023-01-20 22:56:50,508 - root - INFO - Width: 9, Height: 24, RowLength: 18
2023-01-20 22:56:50,508 - root - INFO - datalength: 258, _step: 2
2023-01-20 22:56:50,508 - root - INFO - BPP: 16, Transparency: False
2023-01-20 22:56:50,508 - root - INFO - Resource 30 offset: 389527, length: 320...
2023-01-20 22:56:50,508 - root - DEBUG - Reading resource 30...
2023-01-20 22:56:50,509 - root - INFO - The image is bme.
2023-01-20 22:56:50,509 - root - INFO - Reading image header(readHeader16E)...
2023-01-20 22:56:50,509 - root - INFO - Image header was read:
2023-01-20 22:56:50,509 - root - INFO - Width: 9, Height: 24, RowLength: 18
2023-01-20 22:56:50,509 - root - INFO - datalength: 304, _step: 2
2023-01-20 22:56:50,509 - root - INFO - BPP: 16, Transparency: False
2023-01-20 22:56:50,509 - root - INFO - Resource 31 offset: 389847, length: 244...
2023-01-20 22:56:50,509 - root - DEBUG - Reading resource 31...
2023-01-20 22:56:50,510 - root - INFO - The image is bme.
2023-01-20 22:56:50,510 - root - INFO - Reading image header(readHeader16E)...
2023-01-20 22:56:50,510 - root - INFO - Image header was read:
2023-01-20 22:56:50,510 - root - INFO - Width: 9, Height: 24, RowLength: 18
2023-01-20 22:56:50,510 - root - INFO - datalength: 228, _step: 2
2023-01-20 22:56:50,510 - root - INFO - BPP: 16, Transparency: False
2023-01-20 22:56:50,510 - root - INFO - Resource 32 offset: 390091, length: 298...
2023-01-20 22:56:50,510 - root - DEBUG - Reading resource 32...
2023-01-20 22:56:50,511 - root - INFO - The image is bme.
2023-01-20 22:56:50,511 - root - INFO - Reading image header(readHeader16E)...
2023-01-20 22:56:50,511 - root - INFO - Image header was read:
2023-01-20 22:56:50,511 - root - INFO - Width: 9, Height: 24, RowLength: 18
2023-01-20 22:56:50,511 - root - INFO - datalength: 282, _step: 2
2023-01-20 22:56:50,511 - root - INFO - BPP: 16, Transparency: False
2023-01-20 22:56:50,511 - root - INFO - Resource 33 offset: 390389, length: 304...
2023-01-20 22:56:50,512 - root - DEBUG - Reading resource 33...
2023-01-20 22:56:50,512 - root - INFO - The image is bme.
2023-01-20 22:56:50,512 - root - INFO - Reading image header(readHeader16E)...
2023-01-20 22:56:50,512 - root - INFO - Image header was read:
2023-01-20 22:56:50,512 - root - INFO - Width: 9, Height: 24, RowLength: 18
2023-01-20 22:56:50,512 - root - INFO - datalength: 288, _step: 2
2023-01-20 22:56:50,512 - root - INFO - BPP: 16, Transparency: False
2023-01-20 22:56:50,512 - root - INFO - Resource 34 offset: 390693, length: 256...
2023-01-20 22:56:50,512 - root - DEBUG - Reading resource 34...
2023-01-20 22:56:50,512 - root - INFO - The image is bme.
2023-01-20 22:56:50,512 - root - INFO - Reading image header(readHeader16E)...
2023-01-20 22:56:50,512 - root - INFO - Image header was read:
2023-01-20 22:56:50,512 - root - INFO - Width: 9, Height: 24, RowLength: 18
2023-01-20 22:56:50,512 - root - INFO - datalength: 240, _step: 2
2023-01-20 22:56:50,514 - root - INFO - BPP: 16, Transparency: False
2023-01-20 22:56:50,514 - root - INFO - Resource 35 offset: 390949, length: 360...
2023-01-20 22:56:50,514 - root - DEBUG - Reading resource 35...
2023-01-20 22:56:50,514 - root - INFO - The image is bme.
2023-01-20 22:56:50,514 - root - INFO - Reading image header(readHeader16E)...
2023-01-20 22:56:50,514 - root - INFO - Image header was read:
2023-01-20 22:56:50,514 - root - INFO - Width: 9, Height: 24, RowLength: 18
2023-01-20 22:56:50,514 - root - INFO - datalength: 344, _step: 2
2023-01-20 22:56:50,514 - root - INFO - BPP: 16, Transparency: False
2023-01-20 22:56:50,515 - root - INFO - Resource 36 offset: 391309, length: 300...
2023-01-20 22:56:50,515 - root - DEBUG - Reading resource 36...
2023-01-20 22:56:50,515 - root - INFO - The image is bme.
2023-01-20 22:56:50,515 - root - INFO - Reading image header(readHeader16E)...
2023-01-20 22:56:50,515 - root - INFO - Image header was read:
2023-01-20 22:56:50,515 - root - INFO - Width: 9, Height: 24, RowLength: 18
2023-01-20 22:56:50,516 - root - INFO - datalength: 284, _step: 2
2023-01-20 22:56:50,516 - root - INFO - BPP: 16, Transparency: False
2023-01-20 22:56:50,516 - root - INFO - Resource 37 offset: 391609, length: 1206...
2023-01-20 22:56:50,516 - root - DEBUG - Reading resource 37...
2023-01-20 22:56:50,516 - root - INFO - The image is bme.
2023-01-20 22:56:50,516 - root - INFO - Reading image header(readHeader16E)...
2023-01-20 22:56:50,516 - root - INFO - Image header was read:
2023-01-20 22:56:50,517 - root - INFO - Width: 54, Height: 24, RowLength: 108
2023-01-20 22:56:50,517 - root - INFO - datalength: 1190, _step: 2
2023-01-20 22:56:50,517 - root - INFO - BPP: 16, Transparency: False
2023-01-20 22:56:50,519 - root - INFO - Resource 38 offset: 392815, length: 872...
2023-01-20 22:56:50,519 - root - DEBUG - Reading resource 38...
2023-01-20 22:56:50,519 - root - INFO - The image is bme.
2023-01-20 22:56:50,519 - root - INFO - Reading image header(readHeader16E)...
2023-01-20 22:56:50,519 - root - INFO - Image header was read:
2023-01-20 22:56:50,519 - root - INFO - Width: 54, Height: 24, RowLength: 108
2023-01-20 22:56:50,519 - root - INFO - datalength: 856, _step: 2
2023-01-20 22:56:50,519 - root - INFO - BPP: 16, Transparency: False
2023-01-20 22:56:50,521 - root - INFO - Resource 39 offset: 393687, length: 1154...
2023-01-20 22:56:50,521 - root - DEBUG - Reading resource 39...
2023-01-20 22:56:50,521 - root - INFO - The image is bme.
2023-01-20 22:56:50,521 - root - INFO - Reading image header(readHeader16E)...
2023-01-20 22:56:50,521 - root - INFO - Image header was read:
2023-01-20 22:56:50,521 - root - INFO - Width: 54, Height: 24, RowLength: 108
2023-01-20 22:56:50,521 - root - INFO - datalength: 1138, _step: 2
2023-01-20 22:56:50,521 - root - INFO - BPP: 16, Transparency: False
2023-01-20 22:56:50,523 - root - INFO - Resource 40 offset: 394841, length: 956...
2023-01-20 22:56:50,523 - root - DEBUG - Reading resource 40...
2023-01-20 22:56:50,523 - root - INFO - The image is bme.
2023-01-20 22:56:50,523 - root - INFO - Reading image header(readHeader16E)...
2023-01-20 22:56:50,523 - root - INFO - Image header was read:
2023-01-20 22:56:50,523 - root - INFO - Width: 54, Height: 24, RowLength: 108
2023-01-20 22:56:50,523 - root - INFO - datalength: 940, _step: 2
2023-01-20 22:56:50,524 - root - INFO - BPP: 16, Transparency: False
2023-01-20 22:56:50,524 - root - INFO - Resource 41 offset: 395797, length: 794...
2023-01-20 22:56:50,524 - root - DEBUG - Reading resource 41...
2023-01-20 22:56:50,525 - root - INFO - The image is bme.
2023-01-20 22:56:50,525 - root - INFO - Reading image header(readHeader16E)...
2023-01-20 22:56:50,525 - root - INFO - Image header was read:
2023-01-20 22:56:50,525 - root - INFO - Width: 54, Height: 24, RowLength: 108
2023-01-20 22:56:50,525 - root - INFO - datalength: 778, _step: 2
2023-01-20 22:56:50,525 - root - INFO - BPP: 16, Transparency: False
2023-01-20 22:56:50,526 - root - INFO - Resource 42 offset: 396591, length: 846...
2023-01-20 22:56:50,526 - root - DEBUG - Reading resource 42...
2023-01-20 22:56:50,526 - root - INFO - The image is bme.
2023-01-20 22:56:50,526 - root - INFO - Reading image header(readHeader16E)...
2023-01-20 22:56:50,526 - root - INFO - Image header was read:
2023-01-20 22:56:50,527 - root - INFO - Width: 54, Height: 24, RowLength: 108
2023-01-20 22:56:50,527 - root - INFO - datalength: 830, _step: 2
2023-01-20 22:56:50,527 - root - INFO - BPP: 16, Transparency: False
2023-01-20 22:56:50,528 - root - INFO - Resource 43 offset: 397437, length: 1118...
2023-01-20 22:56:50,528 - root - DEBUG - Reading resource 43...
2023-01-20 22:56:50,528 - root - INFO - The image is bme.
2023-01-20 22:56:50,528 - root - INFO - Reading image header(readHeader16E)...
2023-01-20 22:56:50,528 - root - INFO - Image header was read:
2023-01-20 22:56:50,528 - root - INFO - Width: 54, Height: 24, RowLength: 108
2023-01-20 22:56:50,528 - root - INFO - datalength: 1102, _step: 2
2023-01-20 22:56:50,529 - root - INFO - BPP: 16, Transparency: False
2023-01-20 22:56:50,530 - root - INFO - Resource 44 offset: 398555, length: 1474...
2023-01-20 22:56:50,530 - root - DEBUG - Reading resource 44...
2023-01-20 22:56:50,530 - root - INFO - The image is bme.
2023-01-20 22:56:50,530 - root - INFO - Reading image header(readHeader16E)...
2023-01-20 22:56:50,531 - root - INFO - Image header was read:
2023-01-20 22:56:50,531 - root - INFO - Width: 54, Height: 24, RowLength: 108
2023-01-20 22:56:50,531 - root - INFO - datalength: 1458, _step: 2
2023-01-20 22:56:50,531 - root - INFO - BPP: 16, Transparency: False
2023-01-20 22:56:50,534 - root - INFO - Resource 45 offset: 400029, length: 1560...
2023-01-20 22:56:50,534 - root - DEBUG - Reading resource 45...
2023-01-20 22:56:50,534 - root - INFO - The image is bme.
2023-01-20 22:56:50,534 - root - INFO - Reading image header(readHeader16E)...
2023-01-20 22:56:50,534 - root - INFO - Image header was read:
2023-01-20 22:56:50,534 - root - INFO - Width: 54, Height: 24, RowLength: 108
2023-01-20 22:56:50,534 - root - INFO - datalength: 1544, _step: 2
2023-01-20 22:56:50,535 - root - INFO - BPP: 16, Transparency: False
2023-01-20 22:56:50,537 - root - INFO - Resource 46 offset: 401589, length: 1612...
2023-01-20 22:56:50,537 - root - DEBUG - Reading resource 46...
2023-01-20 22:56:50,537 - root - INFO - The image is bme.
2023-01-20 22:56:50,538 - root - INFO - Reading image header(readHeader16E)...
2023-01-20 22:56:50,538 - root - INFO - Image header was read:
2023-01-20 22:56:50,538 - root - INFO - Width: 54, Height: 24, RowLength: 108
2023-01-20 22:56:50,538 - root - INFO - datalength: 1596, _step: 2
2023-01-20 22:56:50,538 - root - INFO - BPP: 16, Transparency: False
2023-01-20 22:56:50,541 - root - INFO - Resource 47 offset: 403201, length: 1906...
2023-01-20 22:56:50,541 - root - DEBUG - Reading resource 47...
2023-01-20 22:56:50,541 - root - INFO - The image is bme.
2023-01-20 22:56:50,541 - root - INFO - Reading image header(readHeader16E)...
2023-01-20 22:56:50,541 - root - INFO - Image header was read:
2023-01-20 22:56:50,541 - root - INFO - Width: 54, Height: 24, RowLength: 108
2023-01-20 22:56:50,541 - root - INFO - datalength: 1890, _step: 2
2023-01-20 22:56:50,541 - root - INFO - BPP: 16, Transparency: False
2023-01-20 22:56:50,544 - root - INFO - Resource 48 offset: 405107, length: 1744...
2023-01-20 22:56:50,544 - root - DEBUG - Reading resource 48...
2023-01-20 22:56:50,544 - root - INFO - The image is bme.
2023-01-20 22:56:50,544 - root - INFO - Reading image header(readHeader16E)...
2023-01-20 22:56:50,544 - root - INFO - Image header was read:
2023-01-20 22:56:50,544 - root - INFO - Width: 54, Height: 24, RowLength: 108
2023-01-20 22:56:50,544 - root - INFO - datalength: 1728, _step: 2
2023-01-20 22:56:50,544 - root - INFO - BPP: 16, Transparency: False
2023-01-20 22:56:50,548 - root - INFO - Resource 49 offset: 406851, length: 1732...
2023-01-20 22:56:50,549 - root - DEBUG - Reading resource 49...
2023-01-20 22:56:50,549 - root - INFO - The image is bme.
2023-01-20 22:56:50,549 - root - INFO - Reading image header(readHeader16E)...
2023-01-20 22:56:50,549 - root - INFO - Image header was read:
2023-01-20 22:56:50,549 - root - INFO - Width: 54, Height: 24, RowLength: 108
2023-01-20 22:56:50,549 - root - INFO - datalength: 1716, _step: 2
2023-01-20 22:56:50,549 - root - INFO - BPP: 16, Transparency: False
2023-01-20 22:56:50,552 - root - INFO - Resource 50 offset: 408583, length: 1822...
2023-01-20 22:56:50,552 - root - DEBUG - Reading resource 50...
2023-01-20 22:56:50,552 - root - INFO - The image is bme.
2023-01-20 22:56:50,553 - root - INFO - Reading image header(readHeader16E)...
2023-01-20 22:56:50,553 - root - INFO - Image header was read:
2023-01-20 22:56:50,553 - root - INFO - Width: 54, Height: 24, RowLength: 108
2023-01-20 22:56:50,553 - root - INFO - datalength: 1806, _step: 2
2023-01-20 22:56:50,553 - root - INFO - BPP: 16, Transparency: False
2023-01-20 22:56:50,556 - root - INFO - Resource 51 offset: 410405, length: 310...
2023-01-20 22:56:50,556 - root - DEBUG - Reading resource 51...
2023-01-20 22:56:50,556 - root - INFO - The image is bme.
2023-01-20 22:56:50,556 - root - INFO - Reading image header(readHeader16E)...
2023-01-20 22:56:50,556 - root - INFO - Image header was read:
2023-01-20 22:56:50,556 - root - INFO - Width: 8, Height: 20, RowLength: 16
2023-01-20 22:56:50,556 - root - INFO - datalength: 294, _step: 2
2023-01-20 22:56:50,556 - root - INFO - BPP: 16, Transparency: False
2023-01-20 22:56:50,557 - root - INFO - Resource 52 offset: 410715, length: 186...
2023-01-20 22:56:50,557 - root - DEBUG - Reading resource 52...
2023-01-20 22:56:50,557 - root - INFO - The image is bme.
2023-01-20 22:56:50,557 - root - INFO - Reading image header(readHeader16E)...
2023-01-20 22:56:50,557 - root - INFO - Image header was read:
2023-01-20 22:56:50,557 - root - INFO - Width: 8, Height: 20, RowLength: 16
2023-01-20 22:56:50,557 - root - INFO - datalength: 170, _step: 2
2023-01-20 22:56:50,557 - root - INFO - BPP: 16, Transparency: False
2023-01-20 22:56:50,558 - root - INFO - Resource 53 offset: 410901, length: 222...
2023-01-20 22:56:50,558 - root - DEBUG - Reading resource 53...
2023-01-20 22:56:50,558 - root - INFO - The image is bme.
2023-01-20 22:56:50,558 - root - INFO - Reading image header(readHeader16E)...
2023-01-20 22:56:50,558 - root - INFO - Image header was read:
2023-01-20 22:56:50,558 - root - INFO - Width: 8, Height: 20, RowLength: 16
2023-01-20 22:56:50,558 - root - INFO - datalength: 206, _step: 2
2023-01-20 22:56:50,558 - root - INFO - BPP: 16, Transparency: False
2023-01-20 22:56:50,559 - root - INFO - Resource 54 offset: 411123, length: 256...
2023-01-20 22:56:50,559 - root - DEBUG - Reading resource 54...
2023-01-20 22:56:50,559 - root - INFO - The image is bme.
2023-01-20 22:56:50,559 - root - INFO - Reading image header(readHeader16E)...
2023-01-20 22:56:50,559 - root - INFO - Image header was read:
2023-01-20 22:56:50,559 - root - INFO - Width: 8, Height: 20, RowLength: 16
2023-01-20 22:56:50,559 - root - INFO - datalength: 240, _step: 2
2023-01-20 22:56:50,559 - root - INFO - BPP: 16, Transparency: False
2023-01-20 22:56:50,560 - root - INFO - Resource 55 offset: 411379, length: 198...
2023-01-20 22:56:50,560 - root - DEBUG - Reading resource 55...
2023-01-20 22:56:50,560 - root - INFO - The image is bme.
2023-01-20 22:56:50,560 - root - INFO - Reading image header(readHeader16E)...
2023-01-20 22:56:50,560 - root - INFO - Image header was read:
2023-01-20 22:56:50,560 - root - INFO - Width: 8, Height: 20, RowLength: 16
2023-01-20 22:56:50,560 - root - INFO - datalength: 182, _step: 2
2023-01-20 22:56:50,560 - root - INFO - BPP: 16, Transparency: False
2023-01-20 22:56:50,561 - root - INFO - Resource 56 offset: 411577, length: 266...
2023-01-20 22:56:50,561 - root - DEBUG - Reading resource 56...
2023-01-20 22:56:50,561 - root - INFO - The image is bme.
2023-01-20 22:56:50,561 - root - INFO - Reading image header(readHeader16E)...
2023-01-20 22:56:50,561 - root - INFO - Image header was read:
2023-01-20 22:56:50,561 - root - INFO - Width: 8, Height: 20, RowLength: 16
2023-01-20 22:56:50,561 - root - INFO - datalength: 250, _step: 2
2023-01-20 22:56:50,561 - root - INFO - BPP: 16, Transparency: False
2023-01-20 22:56:50,562 - root - INFO - Resource 57 offset: 411843, length: 248...
2023-01-20 22:56:50,562 - root - DEBUG - Reading resource 57...
2023-01-20 22:56:50,562 - root - INFO - The image is bme.
2023-01-20 22:56:50,562 - root - INFO - Reading image header(readHeader16E)...
2023-01-20 22:56:50,562 - root - INFO - Image header was read:
2023-01-20 22:56:50,562 - root - INFO - Width: 8, Height: 20, RowLength: 16
2023-01-20 22:56:50,562 - root - INFO - datalength: 232, _step: 2
2023-01-20 22:56:50,562 - root - INFO - BPP: 16, Transparency: False
2023-01-20 22:56:50,563 - root - INFO - Resource 58 offset: 412091, length: 210...
2023-01-20 22:56:50,563 - root - DEBUG - Reading resource 58...
2023-01-20 22:56:50,563 - root - INFO - The image is bme.
2023-01-20 22:56:50,563 - root - INFO - Reading image header(readHeader16E)...
2023-01-20 22:56:50,563 - root - INFO - Image header was read:
2023-01-20 22:56:50,563 - root - INFO - Width: 8, Height: 20, RowLength: 16
2023-01-20 22:56:50,563 - root - INFO - datalength: 194, _step: 2
2023-01-20 22:56:50,563 - root - INFO - BPP: 16, Transparency: False
2023-01-20 22:56:50,564 - root - INFO - Resource 59 offset: 412301, length: 292...
2023-01-20 22:56:50,564 - root - DEBUG - Reading resource 59...
2023-01-20 22:56:50,564 - root - INFO - The image is bme.
2023-01-20 22:56:50,564 - root - INFO - Reading image header(readHeader16E)...
2023-01-20 22:56:50,564 - root - INFO - Image header was read:
2023-01-20 22:56:50,565 - root - INFO - Width: 8, Height: 20, RowLength: 16
2023-01-20 22:56:50,565 - root - INFO - datalength: 276, _step: 2
2023-01-20 22:56:50,565 - root - INFO - BPP: 16, Transparency: False
2023-01-20 22:56:50,565 - root - INFO - Resource 60 offset: 412593, length: 242...
2023-01-20 22:56:50,565 - root - DEBUG - Reading resource 60...
2023-01-20 22:56:50,565 - root - INFO - The image is bme.
2023-01-20 22:56:50,566 - root - INFO - Reading image header(readHeader16E)...
2023-01-20 22:56:50,566 - root - INFO - Image header was read:
2023-01-20 22:56:50,566 - root - INFO - Width: 8, Height: 20, RowLength: 16
2023-01-20 22:56:50,566 - root - INFO - datalength: 226, _step: 2
2023-01-20 22:56:50,566 - root - INFO - BPP: 16, Transparency: False
2023-01-20 22:56:50,566 - root - INFO - Resource 61 offset: 412835, length: 2527...
2023-01-20 22:56:50,566 - root - DEBUG - Reading resource 61...
2023-01-20 22:56:50,566 - root - INFO - The image is bmc.
2023-01-20 22:56:50,567 - root - INFO - Reading image header(readHeader16C)...
2023-01-20 22:56:50,567 - root - INFO - Image header was read:
2023-01-20 22:56:50,567 - root - INFO - Width: 9, Height: 93, RowLength: 27
2023-01-20 22:56:50,567 - root - INFO - _step: 3, unknown2: 0,
2023-01-20 22:56:50,567 - root - INFO - BPP: 24, Transparency: False
2023-01-20 22:56:50,570 - root - INFO - Resource 62 offset: 415362, length: 2830...
2023-01-20 22:56:50,571 - root - DEBUG - Reading resource 62...
2023-01-20 22:56:50,571 - root - INFO - The image is bmc.
2023-01-20 22:56:50,571 - root - INFO - Reading image header(readHeader16C)...
2023-01-20 22:56:50,571 - root - INFO - Image header was read:
2023-01-20 22:56:50,571 - root - INFO - Width: 7, Height: 134, RowLength: 21
2023-01-20 22:56:50,571 - root - INFO - _step: 3, unknown2: 0,
2023-01-20 22:56:50,571 - root - INFO - BPP: 24, Transparency: False
2023-01-20 22:56:50,575 - root - INFO - Resource 63 offset: 418192, length: 9136...
2023-01-20 22:56:50,575 - root - DEBUG - Reading resource 63...
2023-01-20 22:56:50,575 - root - INFO - The image is bmc.
2023-01-20 22:56:50,575 - root - INFO - Reading image header(readHeader16C)...
2023-01-20 22:56:50,575 - root - INFO - Image header was read:
2023-01-20 22:56:50,575 - root - INFO - Width: 19, Height: 160, RowLength: 57
2023-01-20 22:56:50,575 - root - INFO - _step: 3, unknown2: 0,
2023-01-20 22:56:50,575 - root - INFO - BPP: 24, Transparency: False
2023-01-20 22:56:50,588 - root - INFO - Resource 64 offset: 427328, length: 316...
2023-01-20 22:56:50,588 - root - DEBUG - Reading resource 64...
2023-01-20 22:56:50,588 - root - INFO - The image is bmc.
2023-01-20 22:56:50,588 - root - INFO - Reading image header(readHeader16C)...
2023-01-20 22:56:50,588 - root - INFO - Image header was read:
2023-01-20 22:56:50,588 - root - INFO - Width: 10, Height: 10, RowLength: 30
2023-01-20 22:56:50,588 - root - INFO - _step: 3, unknown2: 0,
2023-01-20 22:56:50,588 - root - INFO - BPP: 24, Transparency: False
2023-01-20 22:56:50,589 - root - INFO - Resource 65 offset: 427644, length: 988...
2023-01-20 22:56:50,589 - root - DEBUG - Reading resource 65...
2023-01-20 22:56:50,589 - root - INFO - The image is bmc.
2023-01-20 22:56:50,589 - root - INFO - Reading image header(readHeader16C)...
2023-01-20 22:56:50,589 - root - INFO - Image header was read:
2023-01-20 22:56:50,589 - root - INFO - Width: 18, Height: 18, RowLength: 54
2023-01-20 22:56:50,589 - root - INFO - _step: 3, unknown2: 0,
2023-01-20 22:56:50,589 - root - INFO - BPP: 24, Transparency: False
2023-01-20 22:56:50,591 - root - DEBUG - Parsing parameters...
2023-01-20 22:56:50,665 - root - DEBUG - 0 Value: None
2023-01-20 22:56:50,665 - root - DEBUG - 0.1 Value: 71
2023-01-20 22:56:50,665 - root - DEBUG - 2 Value: None
2023-01-20 22:56:50,665 - root - DEBUG - 2.1 Value: None
2023-01-20 22:56:50,665 - root - DEBUG - 2.1.1 Value: 0
2023-01-20 22:56:50,665 - root - DEBUG - 2.1.2 Value: 0
2023-01-20 22:56:50,665 - root - DEBUG - 2.1.3 Value: 2
2023-01-20 22:56:50,665 - root - DEBUG - 2.3 Value: None
2023-01-20 22:56:50,665 - root - DEBUG - 2.3.1 Value: 0
2023-01-20 22:56:50,665 - root - DEBUG - 2.3.2 Value: 0
2023-01-20 22:56:50,666 - root - DEBUG - 2.3.3 Value: 0
2023-01-20 22:56:50,666 - root - DEBUG - 2.4 Value: None
2023-01-20 22:56:50,666 - root - DEBUG - 2.4.1 Value: 0
2023-01-20 22:56:50,666 - root - DEBUG - 2.4.2 Value: 0
2023-01-20 22:56:50,666 - root - DEBUG - 2.4.3 Value: 1
2023-01-20 22:56:50,666 - root - DEBUG - 2.5 Value: None
2023-01-20 22:56:50,666 - root - DEBUG - 2.5.1 Value: 0
2023-01-20 22:56:50,666 - root - DEBUG - 2.5.2 Value: 0
2023-01-20 22:56:50,666 - root - DEBUG - 2.5.3 Value: 1
2023-01-20 22:56:50,666 - root - DEBUG - 4 Value: None
2023-01-20 22:56:50,666 - root - DEBUG - 4.1 Value: None
2023-01-20 22:56:50,666 - root - DEBUG - 4.1.1 Value: None
2023-01-20 22:56:50,667 - root - DEBUG - 4.1.1.1 Value: 10
2023-01-20 22:56:50,667 - root - DEBUG - 4.1.1.2 Value: 37
2023-01-20 22:56:50,667 - root - DEBUG - 4.1.1.3 Value: 70
2023-01-20 22:56:50,667 - root - DEBUG - 4.1.1.4 Value: 57
2023-01-20 22:56:50,667 - root - DEBUG - 4.1.1.5 Value: 24
2023-01-20 22:56:50,667 - root - DEBUG - 4.1.1.6 Value: 0
2023-01-20 22:56:50,667 - root - DEBUG - 4.1.1.7 Value: 0
2023-01-20 22:56:50,667 - root - DEBUG - 4.1.1.8 Value: 51
2023-01-20 22:56:50,667 - root - DEBUG - 4.1.1.9 Value: 10
2023-01-20 22:56:50,667 - root - DEBUG - 4.3 Value: None
2023-01-20 22:56:50,667 - root - DEBUG - 4.3.1 Value: None
2023-01-20 22:56:50,667 - root - DEBUG - 4.3.1.1 Value: 232
2023-01-20 22:56:50,668 - root - DEBUG - 4.3.1.2 Value: 37
2023-01-20 22:56:50,668 - root - DEBUG - 4.3.1.3 Value: 292
2023-01-20 22:56:50,668 - root - DEBUG - 4.3.1.4 Value: 57
2023-01-20 22:56:50,668 - root - DEBUG - 4.3.1.5 Value: 24
2023-01-20 22:56:50,668 - root - DEBUG - 4.3.1.6 Value: 0
2023-01-20 22:56:50,668 - root - DEBUG - 4.3.1.7 Value: 0
2023-01-20 22:56:50,668 - root - DEBUG - 4.3.1.8 Value: 51
2023-01-20 22:56:50,668 - root - DEBUG - 4.3.1.9 Value: 10
2023-01-20 22:56:50,668 - root - DEBUG - 4.7 Value: 0
2023-01-20 22:56:50,668 - root - DEBUG - 5 Value: None
2023-01-20 22:56:50,668 - root - DEBUG - 5.1 Value: None
2023-01-20 22:56:50,668 - root - DEBUG - 5.1.1 Value: None
2023-01-20 22:56:50,669 - root - DEBUG - 5.1.1.2 Value: None
2023-01-20 22:56:50,669 - root - DEBUG - 5.1.1.2.1 Value: 80
2023-01-20 22:56:50,669 - root - DEBUG - 5.1.1.2.2 Value: 285
2023-01-20 22:56:50,669 - root - DEBUG - 5.1.1.2.3 Value: 3
2023-01-20 22:56:50,669 - root - DEBUG - 5.1.1.2.4 Value: 12
2023-01-20 22:56:50,669 - root - DEBUG - 5.1.1.3 Value: None
2023-01-20 22:56:50,669 - root - DEBUG - 5.1.1.3.1 Value: 80
2023-01-20 22:56:50,669 - root - DEBUG - 5.1.1.3.2 Value: 285
2023-01-20 22:56:50,669 - root - DEBUG - 5.1.1.3.3 Value: 15
2023-01-20 22:56:50,669 - root - DEBUG - 5.1.1.3.4 Value: 12
2023-01-20 22:56:50,669 - root - DEBUG - 5.1.1.4 Value: None
2023-01-20 22:56:50,669 - root - DEBUG - 5.1.1.4.1 Value: 118
2023-01-20 22:56:50,670 - root - DEBUG - 5.1.1.4.2 Value: 285
2023-01-20 22:56:50,670 - root - DEBUG - 5.1.1.4.3 Value: 136
2023-01-20 22:56:50,670 - root - DEBUG - 5.1.1.4.4 Value: 309
2023-01-20 22:56:50,670 - root - DEBUG - 5.1.1.4.5 Value: 18
2023-01-20 22:56:50,670 - root - DEBUG - 5.1.1.4.6 Value: 0
2023-01-20 22:56:50,670 - root - DEBUG - 5.1.1.4.7 Value: 0
2023-01-20 22:56:50,670 - root - DEBUG - 5.1.1.4.8 Value: 27
2023-01-20 22:56:50,670 - root - DEBUG - 5.1.1.4.9 Value: 10
2023-01-20 22:56:50,670 - root - DEBUG - 5.1.4 Value: 1
2023-01-20 22:56:50,670 - root - DEBUG - 5.1.5 Value: 1
2023-01-20 22:56:50,670 - root - DEBUG - 5.1.6 Value: 0
2023-01-20 22:56:50,670 - root - DEBUG - 5.4 Value: None
2023-01-20 22:56:50,671 - root - DEBUG - 5.4.1 Value: 168
2023-01-20 22:56:50,671 - root - DEBUG - 5.4.2 Value: 285
2023-01-20 22:56:50,671 - root - DEBUG - 5.4.3 Value: 37
2023-01-20 22:56:50,671 - root - DEBUG - 5.4.4 Value: 7
2023-01-20 22:56:50,671 - root - DEBUG - 5.5 Value: None
2023-01-20 22:56:50,671 - root - DEBUG - 5.5.1 Value: 168
2023-01-20 22:56:50,671 - root - DEBUG - 5.5.2 Value: 285
2023-01-20 22:56:50,671 - root - DEBUG - 5.5.3 Value: 44
2023-01-20 22:56:50,671 - root - DEBUG - 5.5.4 Value: 7
2023-01-20 22:56:50,671 - root - DEBUG - 5.6 Value: None
2023-01-20 22:56:50,671 - root - DEBUG - 5.6.1 Value: 168
2023-01-20 22:56:50,671 - root - DEBUG - 5.6.2 Value: 285
2023-01-20 22:56:50,671 - root - DEBUG - 5.6.3 Value: 44
2023-01-20 22:56:50,672 - root - DEBUG - 5.6.4 Value: 7
2023-01-20 22:56:50,672 - root - DEBUG - 20 Value: None
2023-01-20 22:56:50,672 - root - DEBUG - 20.2 Value: None
2023-01-20 22:56:50,672 - root - DEBUG - 20.2.1 Value: 151
2023-01-20 22:56:50,672 - root - DEBUG - 20.2.2 Value: 160
2023-01-20 22:56:50,672 - root - DEBUG - 20.3 Value: None
2023-01-20 22:56:50,672 - root - DEBUG - 20.3.1 Value: 61
2023-01-20 22:56:50,672 - root - DEBUG - 20.3.2 Value: 93
2023-01-20 22:56:50,672 - root - DEBUG - 20.4 Value: None
2023-01-20 22:56:50,672 - root - DEBUG - 20.4.1 Value: 62
2023-01-20 22:56:50,672 - root - DEBUG - 20.4.2 Value: 134
2023-01-20 22:56:50,672 - root - DEBUG - 20.4.4 Value: None
2023-01-20 22:56:50,673 - root - DEBUG - 20.4.4.1 Value: 142
2023-01-20 22:56:50,673 - root - DEBUG - 20.4.4.2 Value: 151
2023-01-20 22:56:50,673 - root - DEBUG - 20.4.4.3 Value: 65
2023-01-20 22:56:50,673 - root - DEBUG - 20.5 Value: None
2023-01-20 22:56:50,673 - root - DEBUG - 20.5.1 Value: 63
2023-01-20 22:56:50,673 - root - DEBUG - 20.5.2 Value: 135
2023-01-20 22:56:50,673 - root - DEBUG - 20.5.4 Value: None
2023-01-20 22:56:50,673 - root - DEBUG - 20.5.4.1 Value: 146
2023-01-20 22:56:50,673 - root - DEBUG - 20.5.4.2 Value: 155
2023-01-20 22:56:50,673 - root - DEBUG - 20.5.4.3 Value: 64
2023-01-20 22:56:50,673 - root - DEBUG - 0-Info
2023-01-20 22:56:50,674 - root - DEBUG - 0.1-DeviceId
2023-01-20 22:56:50,674 - root - DEBUG - 2-Background
2023-01-20 22:56:50,674 - root - DEBUG - 2.1-Image
2023-01-20 22:56:50,674 - root - DEBUG - 2.1.1-X
2023-01-20 22:56:50,674 - root - DEBUG - 2.1.2-Y
2023-01-20 22:56:50,674 - root - DEBUG - 2.1.3-ImageIndex
2023-01-20 22:56:50,674 - root - DEBUG - 2.3-Preview
2023-01-20 22:56:50,674 - root - DEBUG - 2.3.1-X
2023-01-20 22:56:50,674 - root - DEBUG - 2.3.2-Y
2023-01-20 22:56:50,674 - root - DEBUG - 2.3.3-ImageIndex
2023-01-20 22:56:50,675 - root - DEBUG - 2.4-PreviewTradChinese
2023-01-20 22:56:50,675 - root - DEBUG - 2.4.1-X
2023-01-20 22:56:50,675 - root - DEBUG - 2.4.2-Y
2023-01-20 22:56:50,675 - root - DEBUG - 2.4.3-ImageIndex
2023-01-20 22:56:50,675 - root - DEBUG - 2.5-PreviewChinese
2023-01-20 22:56:50,675 - root - DEBUG - 2.5.1-X
2023-01-20 22:56:50,675 - root - DEBUG - 2.5.2-Y
2023-01-20 22:56:50,675 - root - DEBUG - 2.5.3-ImageIndex
2023-01-20 22:56:50,675 - root - DEBUG - 4-Activity
2023-01-20 22:56:50,676 - root - DEBUG - 4.1-Steps
2023-01-20 22:56:50,676 - root - DEBUG - 4.1.1-ImageNumber
2023-01-20 22:56:50,676 - root - DEBUG - 4.1.1.1-TopLeftX
2023-01-20 22:56:50,676 - root - DEBUG - 4.1.1.2-TopLeftY
2023-01-20 22:56:50,676 - root - DEBUG - 4.1.1.3-BottomRightX
2023-01-20 22:56:50,676 - root - DEBUG - 4.1.1.4-BottomRightY
2023-01-20 22:56:50,676 - root - DEBUG - 4.1.1.5-Alignment
2023-01-20 22:56:50,676 - root - DEBUG - 4.1.1.6-Spacing
2023-01-20 22:56:50,677 - root - DEBUG - 4.1.1.7-VerticalOffset
2023-01-20 22:56:50,677 - root - DEBUG - 4.1.1.8-ImageIndex
2023-01-20 22:56:50,677 - root - DEBUG - 4.1.1.9-ImagesCount
2023-01-20 22:56:50,677 - root - DEBUG - 4.3-Calories
2023-01-20 22:56:50,677 - root - DEBUG - 4.3.1-ImageNumber
2023-01-20 22:56:50,677 - root - DEBUG - 4.3.1.1-TopLeftX
2023-01-20 22:56:50,677 - root - DEBUG - 4.3.1.2-TopLeftY
2023-01-20 22:56:50,677 - root - DEBUG - 4.3.1.3-BottomRightX
2023-01-20 22:56:50,677 - root - DEBUG - 4.3.1.4-BottomRightY
2023-01-20 22:56:50,678 - root - DEBUG - 4.3.1.5-Alignment
2023-01-20 22:56:50,678 - root - DEBUG - 4.3.1.6-Spacing
2023-01-20 22:56:50,678 - root - DEBUG - 4.3.1.7-VerticalOffset
2023-01-20 22:56:50,678 - root - DEBUG - 4.3.1.8-ImageIndex
2023-01-20 22:56:50,678 - root - DEBUG - 4.3.1.9-ImagesCount
2023-01-20 22:56:50,678 - root - DEBUG - 4.7-UnknownLongValue7
2023-01-20 22:56:50,678 - root - DEBUG - 5-DateBlock
2023-01-20 22:56:50,678 - root - DEBUG - 5.1-Date
2023-01-20 22:56:50,679 - root - DEBUG - 5.1.1-MonthAndDayAlt
2023-01-20 22:56:50,679 - root - DEBUG - 5.1.1.2-MonthAsWord
2023-01-20 22:56:50,679 - root - DEBUG - 5.1.1.2.1-X
2023-01-20 22:56:50,679 - root - DEBUG - 5.1.1.2.2-Y
2023-01-20 22:56:50,679 - root - DEBUG - 5.1.1.2.3-ImageIndex
2023-01-20 22:56:50,679 - root - DEBUG - 5.1.1.2.4-ImagesCount
2023-01-20 22:56:50,679 - root - DEBUG - 5.1.1.3-MonthAsWordChinese
2023-01-20 22:56:50,679 - root - DEBUG - 5.1.1.3.1-X
2023-01-20 22:56:50,679 - root - DEBUG - 5.1.1.3.2-Y
2023-01-20 22:56:50,680 - root - DEBUG - 5.1.1.3.3-ImageIndex
2023-01-20 22:56:50,680 - root - DEBUG - 5.1.1.3.4-ImagesCount
2023-01-20 22:56:50,680 - root - DEBUG - 5.1.1.4-Day
2023-01-20 22:56:50,680 - root - DEBUG - 5.1.1.4.1-TopLeftX
2023-01-20 22:56:50,680 - root - DEBUG - 5.1.1.4.2-TopLeftY
2023-01-20 22:56:50,680 - root - DEBUG - 5.1.1.4.3-BottomRightX
2023-01-20 22:56:50,680 - root - DEBUG - 5.1.1.4.4-BottomRightY
2023-01-20 22:56:50,680 - root - DEBUG - 5.1.1.4.5-Alignment
2023-01-20 22:56:50,681 - root - DEBUG - 5.1.1.4.6-Spacing
2023-01-20 22:56:50,681 - root - DEBUG - 5.1.1.4.7-VerticalOffset
2023-01-20 22:56:50,681 - root - DEBUG - 5.1.1.4.8-ImageIndex
2023-01-20 22:56:50,681 - root - DEBUG - 5.1.1.4.9-ImagesCount
2023-01-20 22:56:50,681 - root - DEBUG - 5.1.4-PaddingZeroMonth
2023-01-20 22:56:50,681 - root - DEBUG - 5.1.5-PaddingZeroDay
2023-01-20 22:56:50,681 - root - DEBUG - 5.1.6-UnknownBoolean6
2023-01-20 22:56:50,681 - root - DEBUG - 5.4-Weekday
2023-01-20 22:56:50,681 - root - DEBUG - 5.4.1-X
2023-01-20 22:56:50,682 - root - DEBUG - 5.4.2-Y
2023-01-20 22:56:50,682 - root - DEBUG - 5.4.3-ImageIndex
2023-01-20 22:56:50,682 - root - DEBUG - 5.4.4-ImagesCount
2023-01-20 22:56:50,682 - root - DEBUG - 5.5-WeekdayChinese
2023-01-20 22:56:50,682 - root - DEBUG - 5.5.1-X
2023-01-20 22:56:50,682 - root - DEBUG - 5.5.2-Y
2023-01-20 22:56:50,682 - root - DEBUG - 5.5.3-ImageIndex
2023-01-20 22:56:50,682 - root - DEBUG - 5.5.4-ImagesCount
2023-01-20 22:56:50,682 - root - DEBUG - 5.6-WeekdayTradChinese
2023-01-20 22:56:50,682 - root - DEBUG - 5.6.1-X
2023-01-20 22:56:50,682 - root - DEBUG - 5.6.2-Y
2023-01-20 22:56:50,682 - root - DEBUG - 5.6.3-ImageIndex
2023-01-20 22:56:50,682 - root - DEBUG - 5.6.4-ImagesCount
2023-01-20 22:56:50,682 - root - DEBUG - 20-TimeAnalog
2023-01-20 22:56:50,684 - root - DEBUG - 20.2-CommonCenterCoordinates
2023-01-20 22:56:50,684 - root - DEBUG - 20.2.1-X
2023-01-20 22:56:50,684 - root - DEBUG - 20.2.2-Y
2023-01-20 22:56:50,684 - root - DEBUG - 20.3-Hours
2023-01-20 22:56:50,684 - root - DEBUG - 20.3.1-ImageIndex
2023-01-20 22:56:50,684 - root - DEBUG - 20.3.2-PointerCenterOfRotationY
2023-01-20 22:56:50,684 - root - DEBUG - 20.4-Minutes
2023-01-20 22:56:50,684 - root - DEBUG - 20.4.1-ImageIndex
2023-01-20 22:56:50,684 - root - DEBUG - 20.4.2-PointerCenterOfRotationY
2023-01-20 22:56:50,685 - root - DEBUG - 20.4.4-CoverImage
2023-01-20 22:56:50,685 - root - DEBUG - 20.4.4.1-X
2023-01-20 22:56:50,685 - root - DEBUG - 20.4.4.2-Y
2023-01-20 22:56:50,685 - root - DEBUG - 20.4.4.3-ImageIndex
2023-01-20 22:56:50,685 - root - DEBUG - 20.5-Seconds
2023-01-20 22:56:50,685 - root - DEBUG - 20.5.1-ImageIndex
2023-01-20 22:56:50,685 - root - DEBUG - 20.5.2-PointerCenterOfRotationY
2023-01-20 22:56:50,685 - root - DEBUG - 20.5.4-CoverImage
2023-01-20 22:56:50,685 - root - DEBUG - 20.5.4.1-X
2023-01-20 22:56:50,686 - root - DEBUG - 20.5.4.2-Y
2023-01-20 22:56:50,686 - root - DEBUG - 20.5.4.3-ImageIndex
2023-01-20 22:56:50,686 - root - DEBUG - generatePreviews
2023-01-20 22:56:50,686 - root - DEBUG - Generating previews...
2023-01-20 22:56:50,688 - root - DEBUG - Generating states done...
2023-01-20 22:56:50,694 - root - DEBUG - >>>>>>>>>>>> 0 <watchFaceParser.models.parameter.Parameter object at 0x000001FC09DDEA90>
2023-01-20 22:56:50,694 - root - DEBUG - >>>>>>>>>>>> 2 <watchFaceParser.models.parameter.Parameter object at 0x000001FC09DB5460>
2023-01-20 22:56:50,700 - root - DEBUG - >>>>>>>>>>>> 4 <watchFaceParser.models.parameter.Parameter object at 0x000001FC09DDB0D0>
2023-01-20 22:56:50,708 - root - DEBUG - >>>>>>>>>>>> 5 <watchFaceParser.models.parameter.Parameter object at 0x000001FC09DDCCD0>
2023-01-20 22:56:50,715 - root - DEBUG - >>>>>>>>>>>> 20 <watchFaceParser.models.parameter.Parameter object at 0x000001FC09DDE3D0>
2023-01-20 22:56:50,753 - root - DEBUG - Generating static preview gen done...
2023-01-20 22:56:50,821 - root - DEBUG - Generating static preview save done...
2023-01-20 22:56:50,821 - root - DEBUG - Generating anim preview gen done...
2023-01-20 22:56:50,821 - root - DEBUG - >>>>>>>>>>>> 0 <watchFaceParser.models.parameter.Parameter object at 0x000001FC09DDEA90>
2023-01-20 22:56:50,821 - root - DEBUG - >>>>>>>>>>>> 2 <watchFaceParser.models.parameter.Parameter object at 0x000001FC09DB5460>
2023-01-20 22:56:50,821 - root - DEBUG - >>>>>>>>>>>> 4 <watchFaceParser.models.parameter.Parameter object at 0x000001FC09DDB0D0>
2023-01-20 22:56:50,822 - root - DEBUG - >>>>>>>>>>>> 5 <watchFaceParser.models.parameter.Parameter object at 0x000001FC09DDCCD0>
2023-01-20 22:56:50,822 - root - DEBUG - >>>>>>>>>>>> 20 <watchFaceParser.models.parameter.Parameter object at 0x000001FC09DDE3D0>
2023-01-20 22:56:51,350 - root - DEBUG - generatePreviews done
2023-01-20 22:56:51,350 - root - DEBUG - Exporting resources to 'E:\Codez\zepp-bipupro-wf\b7fe3de2ab6205270ae739f448780805'
2023-01-20 22:56:51,352 - root - DEBUG - extracting E:\Codez\zepp-bipupro-wf\b7fe3de2ab6205270ae739f448780805\0000.png...
2023-01-20 22:56:51,364 - root - DEBUG - extracting E:\Codez\zepp-bipupro-wf\b7fe3de2ab6205270ae739f448780805\0001.png...
2023-01-20 22:56:51,376 - root - DEBUG - extracting E:\Codez\zepp-bipupro-wf\b7fe3de2ab6205270ae739f448780805\0002.png...
2023-01-20 22:56:51,398 - root - DEBUG - extracting E:\Codez\zepp-bipupro-wf\b7fe3de2ab6205270ae739f448780805\0003.png...
2023-01-20 22:56:51,399 - root - DEBUG - extracting E:\Codez\zepp-bipupro-wf\b7fe3de2ab6205270ae739f448780805\0004.png...
2023-01-20 22:56:51,400 - root - DEBUG - extracting E:\Codez\zepp-bipupro-wf\b7fe3de2ab6205270ae739f448780805\0005.png...
2023-01-20 22:56:51,401 - root - DEBUG - extracting E:\Codez\zepp-bipupro-wf\b7fe3de2ab6205270ae739f448780805\0006.png...
2023-01-20 22:56:51,402 - root - DEBUG - extracting E:\Codez\zepp-bipupro-wf\b7fe3de2ab6205270ae739f448780805\0007.png...
2023-01-20 22:56:51,402 - root - DEBUG - extracting E:\Codez\zepp-bipupro-wf\b7fe3de2ab6205270ae739f448780805\0008.png...
2023-01-20 22:56:51,404 - root - DEBUG - extracting E:\Codez\zepp-bipupro-wf\b7fe3de2ab6205270ae739f448780805\0009.png...
2023-01-20 22:56:51,405 - root - DEBUG - extracting E:\Codez\zepp-bipupro-wf\b7fe3de2ab6205270ae739f448780805\0010.png...
2023-01-20 22:56:51,407 - root - DEBUG - extracting E:\Codez\zepp-bipupro-wf\b7fe3de2ab6205270ae739f448780805\0011.png...
2023-01-20 22:56:51,407 - root - DEBUG - extracting E:\Codez\zepp-bipupro-wf\b7fe3de2ab6205270ae739f448780805\0012.png...
2023-01-20 22:56:51,408 - root - DEBUG - extracting E:\Codez\zepp-bipupro-wf\b7fe3de2ab6205270ae739f448780805\0013.png...
2023-01-20 22:56:51,409 - root - DEBUG - extracting E:\Codez\zepp-bipupro-wf\b7fe3de2ab6205270ae739f448780805\0014.png...
2023-01-20 22:56:51,410 - root - DEBUG - extracting E:\Codez\zepp-bipupro-wf\b7fe3de2ab6205270ae739f448780805\0015.png...
2023-01-20 22:56:51,412 - root - DEBUG - extracting E:\Codez\zepp-bipupro-wf\b7fe3de2ab6205270ae739f448780805\0016.png...
2023-01-20 22:56:51,412 - root - DEBUG - extracting E:\Codez\zepp-bipupro-wf\b7fe3de2ab6205270ae739f448780805\0017.png...
2023-01-20 22:56:51,413 - root - DEBUG - extracting E:\Codez\zepp-bipupro-wf\b7fe3de2ab6205270ae739f448780805\0018.png...
2023-01-20 22:56:51,414 - root - DEBUG - extracting E:\Codez\zepp-bipupro-wf\b7fe3de2ab6205270ae739f448780805\0019.png...
2023-01-20 22:56:51,415 - root - DEBUG - extracting E:\Codez\zepp-bipupro-wf\b7fe3de2ab6205270ae739f448780805\0020.png...
2023-01-20 22:56:51,416 - root - DEBUG - extracting E:\Codez\zepp-bipupro-wf\b7fe3de2ab6205270ae739f448780805\0021.png...
2023-01-20 22:56:51,417 - root - DEBUG - extracting E:\Codez\zepp-bipupro-wf\b7fe3de2ab6205270ae739f448780805\0022.png...
2023-01-20 22:56:51,418 - root - DEBUG - extracting E:\Codez\zepp-bipupro-wf\b7fe3de2ab6205270ae739f448780805\0023.png...
2023-01-20 22:56:51,419 - root - DEBUG - extracting E:\Codez\zepp-bipupro-wf\b7fe3de2ab6205270ae739f448780805\0024.png...
2023-01-20 22:56:51,420 - root - DEBUG - extracting E:\Codez\zepp-bipupro-wf\b7fe3de2ab6205270ae739f448780805\0025.png...
2023-01-20 22:56:51,421 - root - DEBUG - extracting E:\Codez\zepp-bipupro-wf\b7fe3de2ab6205270ae739f448780805\0026.png...
2023-01-20 22:56:51,422 - root - DEBUG - extracting E:\Codez\zepp-bipupro-wf\b7fe3de2ab6205270ae739f448780805\0027.png...
2023-01-20 22:56:51,423 - root - DEBUG - extracting E:\Codez\zepp-bipupro-wf\b7fe3de2ab6205270ae739f448780805\0028.png...
2023-01-20 22:56:51,423 - root - DEBUG - extracting E:\Codez\zepp-bipupro-wf\b7fe3de2ab6205270ae739f448780805\0029.png...
2023-01-20 22:56:51,424 - root - DEBUG - extracting E:\Codez\zepp-bipupro-wf\b7fe3de2ab6205270ae739f448780805\0030.png...
2023-01-20 22:56:51,425 - root - DEBUG - extracting E:\Codez\zepp-bipupro-wf\b7fe3de2ab6205270ae739f448780805\0031.png...
2023-01-20 22:56:51,426 - root - DEBUG - extracting E:\Codez\zepp-bipupro-wf\b7fe3de2ab6205270ae739f448780805\0032.png...
2023-01-20 22:56:51,427 - root - DEBUG - extracting E:\Codez\zepp-bipupro-wf\b7fe3de2ab6205270ae739f448780805\0033.png...
2023-01-20 22:56:51,428 - root - DEBUG - extracting E:\Codez\zepp-bipupro-wf\b7fe3de2ab6205270ae739f448780805\0034.png...
2023-01-20 22:56:51,428 - root - DEBUG - extracting E:\Codez\zepp-bipupro-wf\b7fe3de2ab6205270ae739f448780805\0035.png...
2023-01-20 22:56:51,429 - root - DEBUG - extracting E:\Codez\zepp-bipupro-wf\b7fe3de2ab6205270ae739f448780805\0036.png...
2023-01-20 22:56:51,430 - root - DEBUG - extracting E:\Codez\zepp-bipupro-wf\b7fe3de2ab6205270ae739f448780805\0037.png...
2023-01-20 22:56:51,431 - root - DEBUG - extracting E:\Codez\zepp-bipupro-wf\b7fe3de2ab6205270ae739f448780805\0038.png...
2023-01-20 22:56:51,432 - root - DEBUG - extracting E:\Codez\zepp-bipupro-wf\b7fe3de2ab6205270ae739f448780805\0039.png...
2023-01-20 22:56:51,434 - root - DEBUG - extracting E:\Codez\zepp-bipupro-wf\b7fe3de2ab6205270ae739f448780805\0040.png...
2023-01-20 22:56:51,435 - root - DEBUG - extracting E:\Codez\zepp-bipupro-wf\b7fe3de2ab6205270ae739f448780805\0041.png...
2023-01-20 22:56:51,435 - root - DEBUG - extracting E:\Codez\zepp-bipupro-wf\b7fe3de2ab6205270ae739f448780805\0042.png...
2023-01-20 22:56:51,437 - root - DEBUG - extracting E:\Codez\zepp-bipupro-wf\b7fe3de2ab6205270ae739f448780805\0043.png...
2023-01-20 22:56:51,437 - root - DEBUG - extracting E:\Codez\zepp-bipupro-wf\b7fe3de2ab6205270ae739f448780805\0044.png...
2023-01-20 22:56:51,438 - root - DEBUG - extracting E:\Codez\zepp-bipupro-wf\b7fe3de2ab6205270ae739f448780805\0045.png...
2023-01-20 22:56:51,439 - root - DEBUG - extracting E:\Codez\zepp-bipupro-wf\b7fe3de2ab6205270ae739f448780805\0046.png...
2023-01-20 22:56:51,440 - root - DEBUG - extracting E:\Codez\zepp-bipupro-wf\b7fe3de2ab6205270ae739f448780805\0047.png...
2023-01-20 22:56:51,441 - root - DEBUG - extracting E:\Codez\zepp-bipupro-wf\b7fe3de2ab6205270ae739f448780805\0048.png...
2023-01-20 22:56:51,442 - root - DEBUG - extracting E:\Codez\zepp-bipupro-wf\b7fe3de2ab6205270ae739f448780805\0049.png...
2023-01-20 22:56:51,443 - root - DEBUG - extracting E:\Codez\zepp-bipupro-wf\b7fe3de2ab6205270ae739f448780805\0050.png...
2023-01-20 22:56:51,444 - root - DEBUG - extracting E:\Codez\zepp-bipupro-wf\b7fe3de2ab6205270ae739f448780805\0051.png...
2023-01-20 22:56:51,444 - root - DEBUG - extracting E:\Codez\zepp-bipupro-wf\b7fe3de2ab6205270ae739f448780805\0052.png...
2023-01-20 22:56:51,445 - root - DEBUG - extracting E:\Codez\zepp-bipupro-wf\b7fe3de2ab6205270ae739f448780805\0053.png...
2023-01-20 22:56:51,445 - root - DEBUG - extracting E:\Codez\zepp-bipupro-wf\b7fe3de2ab6205270ae739f448780805\0054.png...
2023-01-20 22:56:51,446 - root - DEBUG - extracting E:\Codez\zepp-bipupro-wf\b7fe3de2ab6205270ae739f448780805\0055.png...
2023-01-20 22:56:51,447 - root - DEBUG - extracting E:\Codez\zepp-bipupro-wf\b7fe3de2ab6205270ae739f448780805\0056.png...
2023-01-20 22:56:51,448 - root - DEBUG - extracting E:\Codez\zepp-bipupro-wf\b7fe3de2ab6205270ae739f448780805\0057.png...
2023-01-20 22:56:51,448 - root - DEBUG - extracting E:\Codez\zepp-bipupro-wf\b7fe3de2ab6205270ae739f448780805\0058.png...
2023-01-20 22:56:51,449 - root - DEBUG - extracting E:\Codez\zepp-bipupro-wf\b7fe3de2ab6205270ae739f448780805\0059.png...
2023-01-20 22:56:51,450 - root - DEBUG - extracting E:\Codez\zepp-bipupro-wf\b7fe3de2ab6205270ae739f448780805\0060.png...
2023-01-20 22:56:51,450 - root - DEBUG - extracting E:\Codez\zepp-bipupro-wf\b7fe3de2ab6205270ae739f448780805\0061.png...
2023-01-20 22:56:51,451 - root - DEBUG - extracting E:\Codez\zepp-bipupro-wf\b7fe3de2ab6205270ae739f448780805\0062.png...
2023-01-20 22:56:51,452 - root - DEBUG - extracting E:\Codez\zepp-bipupro-wf\b7fe3de2ab6205270ae739f448780805\0063.png...
2023-01-20 22:56:51,452 - root - DEBUG - extracting E:\Codez\zepp-bipupro-wf\b7fe3de2ab6205270ae739f448780805\0064.png...
2023-01-20 22:56:51,454 - root - DEBUG - extracting E:\Codez\zepp-bipupro-wf\b7fe3de2ab6205270ae739f448780805\0065.png...
2023-01-20 22:56:51,454 - root - DEBUG - Exporting config...
