2023-07-09 18:41:15,035 - root - DEBUG - Opening watch face 'E:\Codez\zepp-bipupro-wf\57a951d50db9c48060a6576f1de88a37.bin'
2023-07-09 18:41:15,049 - root - DEBUG - Reading parameters...
2023-07-09 18:41:15,049 - root - INFO - Reading header...
2023-07-09 18:41:15,051 - root - INFO - Header was read:
2023-07-09 18:41:15,051 - root - INFO - Signature: b'UIHH\x01\x00\xff', Unknown: 52, ParametersSize: 37, isValid: True, deviceId: 71
2023-07-09 18:41:15,051 - root - INFO - Reading parameter offsets...
2023-07-09 18:41:15,052 - root - INFO - Parameter offsets were read from file
2023-07-09 18:41:15,052 - root - INFO - Reading parameters descriptor...
2023-07-09 18:41:15,052 - root - INFO - 1 ( A): 5 bytes
2023-07-09 18:41:15,052 - root - INFO -     1 ( 8): 148 94
2023-07-09 18:41:15,052 - root - INFO -     2 (10): 45 2D
2023-07-09 18:41:15,052 - root - INFO - getParameters descriptor was read:
2023-07-09 18:41:15,052 - root - INFO - ParametersTableLength: 148, ImagesCount: 45
2023-07-09 18:41:15,052 - root - INFO - Reading parameters locations...
2023-07-09 18:41:15,053 - root - INFO - 2 (12): 4 bytes
2023-07-09 18:41:15,053 - root - INFO -     1 ( 8): 0  0
2023-07-09 18:41:15,053 - root - INFO -     2 (10): 32 20
2023-07-09 18:41:15,053 - root - INFO - 3 (1A): 4 bytes
2023-07-09 18:41:15,053 - root - INFO -     1 ( 8): 32 20
2023-07-09 18:41:15,053 - root - INFO -     2 (10): 52 34
2023-07-09 18:41:15,053 - root - INFO - 5 (2A): 4 bytes
2023-07-09 18:41:15,054 - root - INFO -     1 ( 8): 84 54
2023-07-09 18:41:15,054 - root - INFO -     2 (10): 8  8
2023-07-09 18:41:15,054 - root - INFO - 9 (4A): 4 bytes
2023-07-09 18:41:15,054 - root - INFO -     1 ( 8): 112 70
2023-07-09 18:41:15,054 - root - INFO -     2 (10): 36 24
2023-07-09 18:41:15,054 - root - INFO - 11 (5A): 4 bytes
2023-07-09 18:41:15,054 - root - INFO -     1 ( 8): 92 5C
2023-07-09 18:41:15,055 - root - INFO -     2 (10): 20 14
2023-07-09 18:41:15,055 - root - INFO - Watch face parameters locations were read:
2023-07-09 18:41:15,055 - root - INFO - Reading descriptor for parameter 2
2023-07-09 18:41:15,055 - root - INFO - Descriptor offset: 0, Descriptor length: 32
2023-07-09 18:41:15,055 - root - INFO - Parsing descriptor for parameter 2...
2023-07-09 18:41:15,055 - root - INFO - 1 ( A): 6 bytes
2023-07-09 18:41:15,055 - root - INFO -     1 ( 8): 0  0
2023-07-09 18:41:15,057 - root - INFO -     2 (10): 0  0
2023-07-09 18:41:15,057 - root - INFO -     3 (18): 1  1
2023-07-09 18:41:15,057 - root - INFO - 3 (1A): 6 bytes
2023-07-09 18:41:15,057 - root - INFO -     1 ( 8): 0  0
2023-07-09 18:41:15,057 - root - INFO -     2 (10): 0  0
2023-07-09 18:41:15,057 - root - INFO -     3 (18): 0  0
2023-07-09 18:41:15,057 - root - INFO - 4 (22): 6 bytes
2023-07-09 18:41:15,058 - root - INFO -     1 ( 8): 0  0
2023-07-09 18:41:15,058 - root - INFO -     2 (10): 0  0
2023-07-09 18:41:15,058 - root - INFO -     3 (18): 0  0
2023-07-09 18:41:15,058 - root - INFO - 5 (2A): 6 bytes
2023-07-09 18:41:15,058 - root - INFO -     1 ( 8): 0  0
2023-07-09 18:41:15,058 - root - INFO -     2 (10): 0  0
2023-07-09 18:41:15,058 - root - INFO -     3 (18): 0  0
2023-07-09 18:41:15,058 - root - INFO - Reading descriptor for parameter 3
2023-07-09 18:41:15,058 - root - INFO - Descriptor offset: 32, Descriptor length: 52
2023-07-09 18:41:15,059 - root - INFO - Parsing descriptor for parameter 3...
2023-07-09 18:41:15,059 - root - INFO - 1 ( A): 50 bytes
2023-07-09 18:41:15,059 - root - INFO -     1 ( A): 20 bytes
2023-07-09 18:41:15,059 - root - INFO -         1 ( A): 8 bytes
2023-07-09 18:41:15,059 - root - INFO -             1 ( 8): 73 49
2023-07-09 18:41:15,059 - root - INFO -             2 (10): 40 28
2023-07-09 18:41:15,059 - root - INFO -             3 (18): 2  2
2023-07-09 18:41:15,060 - root - INFO -             4 (20): 10  A
2023-07-09 18:41:15,060 - root - INFO -         2 (12): 8 bytes
2023-07-09 18:41:15,060 - root - INFO -             1 ( 8): 106 6A
2023-07-09 18:41:15,060 - root - INFO -             2 (10): 40 28
2023-07-09 18:41:15,060 - root - INFO -             3 (18): 2  2
2023-07-09 18:41:15,060 - root - INFO -             4 (20): 10  A
2023-07-09 18:41:15,060 - root - INFO -     2 (12): 22 bytes
2023-07-09 18:41:15,061 - root - INFO -         1 ( A): 9 bytes
2023-07-09 18:41:15,061 - root - INFO -             1 ( 8): 162 A2
2023-07-09 18:41:15,061 - root - INFO -             2 (10): 40 28
2023-07-09 18:41:15,061 - root - INFO -             3 (18): 2  2
2023-07-09 18:41:15,061 - root - INFO -             4 (20): 10  A
2023-07-09 18:41:15,061 - root - INFO -         2 (12): 9 bytes
2023-07-09 18:41:15,062 - root - INFO -             1 ( 8): 195 C3
2023-07-09 18:41:15,062 - root - INFO -             2 (10): 40 28
2023-07-09 18:41:15,063 - root - INFO -             3 (18): 2  2
2023-07-09 18:41:15,063 - root - INFO -             4 (20): 10  A
2023-07-09 18:41:15,063 - root - INFO -     7 (38): 0  0
2023-07-09 18:41:15,063 - root - INFO -     8 (40): 1  1
2023-07-09 18:41:15,064 - root - INFO - Reading descriptor for parameter 5
2023-07-09 18:41:15,064 - root - INFO - Descriptor offset: 84, Descriptor length: 8
2023-07-09 18:41:15,064 - root - INFO - Parsing descriptor for parameter 5...
2023-07-09 18:41:15,064 - root - INFO - 1 ( A): 6 bytes
2023-07-09 18:41:15,064 - root - INFO -     4 (20): 1  1
2023-07-09 18:41:15,064 - root - INFO -     5 (28): 1  1
2023-07-09 18:41:15,064 - root - INFO -     6 (30): 0  0
2023-07-09 18:41:15,065 - root - INFO - Reading descriptor for parameter 9
2023-07-09 18:41:15,065 - root - INFO - Descriptor offset: 112, Descriptor length: 36
2023-07-09 18:41:15,065 - root - INFO - Parsing descriptor for parameter 9...
2023-07-09 18:41:15,065 - root - INFO - 1 ( A): 24 bytes
2023-07-09 18:41:15,065 - root - INFO -     1 ( A): 20 bytes
2023-07-09 18:41:15,066 - root - INFO -         1 ( 8): 168 A8
2023-07-09 18:41:15,066 - root - INFO -         2 (10): 86 56
2023-07-09 18:41:15,066 - root - INFO -         3 (18): 202 CA
2023-07-09 18:41:15,066 - root - INFO -         4 (20): 98 62
2023-07-09 18:41:15,066 - root - INFO -         5 (28): 18 12
2023-07-09 18:41:15,066 - root - INFO -         6 (30): 0  0
2023-07-09 18:41:15,066 - root - INFO -         7 (38): 0  0
2023-07-09 18:41:15,067 - root - INFO -         8 (40): 24 18
2023-07-09 18:41:15,067 - root - INFO -         9 (48): 10  A
2023-07-09 18:41:15,067 - root - INFO -     4 (20): 34 22
2023-07-09 18:41:15,067 - root - INFO - 2 (12): 8 bytes
2023-07-09 18:41:15,067 - root - INFO -     1 ( 8): 111 6F
2023-07-09 18:41:15,067 - root - INFO -     2 (10): 88 58
2023-07-09 18:41:15,067 - root - INFO -     3 (18): 35 23
2023-07-09 18:41:15,068 - root - INFO -     4 (20): 10  A
2023-07-09 18:41:15,068 - root - INFO - Reading descriptor for parameter 11
2023-07-09 18:41:15,068 - root - INFO - Descriptor offset: 92, Descriptor length: 20
2023-07-09 18:41:15,068 - root - INFO - Parsing descriptor for parameter 11...
2023-07-09 18:41:15,068 - root - INFO - 1 ( A): 18 bytes
2023-07-09 18:41:15,068 - root - INFO -     1 ( A): 8 bytes
2023-07-09 18:41:15,068 - root - INFO -         1 ( 8): 47 2F
2023-07-09 18:41:15,068 - root - INFO -         2 (10): 102 66
2023-07-09 18:41:15,069 - root - INFO -         3 (18): 12  C
2023-07-09 18:41:15,069 - root - INFO -         4 (20): 12  C
2023-07-09 18:41:15,069 - root - INFO -     2 (10): 250 FA
2023-07-09 18:41:15,069 - root - INFO -     3 (18): 255 FF
2023-07-09 18:41:15,069 - root - INFO -     4 (20): 1  1
2023-07-09 18:41:15,074 - root - INFO - Reading resources offsets table with 45 elements (180 bytes)
2023-07-09 18:41:15,074 - root - INFO - Resource 0 offset: 452, length: 86560...
2023-07-09 18:41:15,074 - root - DEBUG - Reading resource 0...
2023-07-09 18:41:15,136 - root - INFO - The image is bme.
2023-07-09 18:41:15,136 - root - INFO - Reading image header(readHeader16E)...
2023-07-09 18:41:15,136 - root - INFO - Image header was read:
2023-07-09 18:41:15,136 - root - INFO - Width: 202, Height: 214, RowLength: 404
2023-07-09 18:41:15,136 - root - INFO - datalength: 86544, _step: 2
2023-07-09 18:41:15,136 - root - INFO - BPP: 16, Transparency: False
2023-07-09 18:41:15,433 - root - INFO - Resource 1 offset: 87012, length: 192220...
2023-07-09 18:41:15,433 - root - DEBUG - Reading resource 1...
2023-07-09 18:41:15,433 - root - INFO - The image is bme.
2023-07-09 18:41:15,433 - root - INFO - Reading image header(readHeader16E)...
2023-07-09 18:41:15,433 - root - INFO - Image header was read:
2023-07-09 18:41:15,434 - root - INFO - Width: 302, Height: 320, RowLength: 604
2023-07-09 18:41:15,434 - root - INFO - datalength: 192204, _step: 2
2023-07-09 18:41:15,434 - root - INFO - BPP: 16, Transparency: False
2023-07-09 18:41:16,109 - root - INFO - Resource 2 offset: 279232, length: 4570...
2023-07-09 18:41:16,109 - root - DEBUG - Reading resource 2...
2023-07-09 18:41:16,109 - root - INFO - The image is bmc.
2023-07-09 18:41:16,109 - root - INFO - Reading image header(readHeader16C)...
2023-07-09 18:41:16,109 - root - INFO - Image header was read:
2023-07-09 18:41:16,109 - root - INFO - Width: 33, Height: 46, RowLength: 99
2023-07-09 18:41:16,109 - root - INFO - _step: 3, unknown2: 0,
2023-07-09 18:41:16,109 - root - INFO - BPP: 24, Transparency: False
2023-07-09 18:41:16,120 - root - INFO - Resource 3 offset: 283802, length: 4570...
2023-07-09 18:41:16,121 - root - DEBUG - Reading resource 3...
2023-07-09 18:41:16,121 - root - INFO - The image is bmc.
2023-07-09 18:41:16,121 - root - INFO - Reading image header(readHeader16C)...
2023-07-09 18:41:16,121 - root - INFO - Image header was read:
2023-07-09 18:41:16,121 - root - INFO - Width: 33, Height: 46, RowLength: 99
2023-07-09 18:41:16,121 - root - INFO - _step: 3, unknown2: 0,
2023-07-09 18:41:16,121 - root - INFO - BPP: 24, Transparency: False
2023-07-09 18:41:16,129 - root - INFO - Resource 4 offset: 288372, length: 4570...
2023-07-09 18:41:16,129 - root - DEBUG - Reading resource 4...
2023-07-09 18:41:16,129 - root - INFO - The image is bmc.
2023-07-09 18:41:16,129 - root - INFO - Reading image header(readHeader16C)...
2023-07-09 18:41:16,129 - root - INFO - Image header was read:
2023-07-09 18:41:16,129 - root - INFO - Width: 33, Height: 46, RowLength: 99
2023-07-09 18:41:16,129 - root - INFO - _step: 3, unknown2: 0,
2023-07-09 18:41:16,129 - root - INFO - BPP: 24, Transparency: False
2023-07-09 18:41:16,139 - root - INFO - Resource 5 offset: 292942, length: 4570...
2023-07-09 18:41:16,139 - root - DEBUG - Reading resource 5...
2023-07-09 18:41:16,139 - root - INFO - The image is bmc.
2023-07-09 18:41:16,139 - root - INFO - Reading image header(readHeader16C)...
2023-07-09 18:41:16,139 - root - INFO - Image header was read:
2023-07-09 18:41:16,139 - root - INFO - Width: 33, Height: 46, RowLength: 99
2023-07-09 18:41:16,139 - root - INFO - _step: 3, unknown2: 0,
2023-07-09 18:41:16,139 - root - INFO - BPP: 24, Transparency: False
2023-07-09 18:41:16,149 - root - INFO - Resource 6 offset: 297512, length: 4570...
2023-07-09 18:41:16,149 - root - DEBUG - Reading resource 6...
2023-07-09 18:41:16,153 - root - INFO - The image is bmc.
2023-07-09 18:41:16,153 - root - INFO - Reading image header(readHeader16C)...
2023-07-09 18:41:16,153 - root - INFO - Image header was read:
2023-07-09 18:41:16,153 - root - INFO - Width: 33, Height: 46, RowLength: 99
2023-07-09 18:41:16,153 - root - INFO - _step: 3, unknown2: 0,
2023-07-09 18:41:16,153 - root - INFO - BPP: 24, Transparency: False
2023-07-09 18:41:16,160 - root - INFO - Resource 7 offset: 302082, length: 4570...
2023-07-09 18:41:16,160 - root - DEBUG - Reading resource 7...
2023-07-09 18:41:16,160 - root - INFO - The image is bmc.
2023-07-09 18:41:16,160 - root - INFO - Reading image header(readHeader16C)...
2023-07-09 18:41:16,160 - root - INFO - Image header was read:
2023-07-09 18:41:16,160 - root - INFO - Width: 33, Height: 46, RowLength: 99
2023-07-09 18:41:16,160 - root - INFO - _step: 3, unknown2: 0,
2023-07-09 18:41:16,160 - root - INFO - BPP: 24, Transparency: False
2023-07-09 18:41:16,170 - root - INFO - Resource 8 offset: 306652, length: 4570...
2023-07-09 18:41:16,170 - root - DEBUG - Reading resource 8...
2023-07-09 18:41:16,170 - root - INFO - The image is bmc.
2023-07-09 18:41:16,170 - root - INFO - Reading image header(readHeader16C)...
2023-07-09 18:41:16,170 - root - INFO - Image header was read:
2023-07-09 18:41:16,170 - root - INFO - Width: 33, Height: 46, RowLength: 99
2023-07-09 18:41:16,170 - root - INFO - _step: 3, unknown2: 0,
2023-07-09 18:41:16,170 - root - INFO - BPP: 24, Transparency: False
2023-07-09 18:41:16,180 - root - INFO - Resource 9 offset: 311222, length: 4570...
2023-07-09 18:41:16,180 - root - DEBUG - Reading resource 9...
2023-07-09 18:41:16,180 - root - INFO - The image is bmc.
2023-07-09 18:41:16,180 - root - INFO - Reading image header(readHeader16C)...
2023-07-09 18:41:16,180 - root - INFO - Image header was read:
2023-07-09 18:41:16,180 - root - INFO - Width: 33, Height: 46, RowLength: 99
2023-07-09 18:41:16,186 - root - INFO - _step: 3, unknown2: 0,
2023-07-09 18:41:16,186 - root - INFO - BPP: 24, Transparency: False
2023-07-09 18:41:16,194 - root - INFO - Resource 10 offset: 315792, length: 4570...
2023-07-09 18:41:16,194 - root - DEBUG - Reading resource 10...
2023-07-09 18:41:16,194 - root - INFO - The image is bmc.
2023-07-09 18:41:16,194 - root - INFO - Reading image header(readHeader16C)...
2023-07-09 18:41:16,194 - root - INFO - Image header was read:
2023-07-09 18:41:16,194 - root - INFO - Width: 33, Height: 46, RowLength: 99
2023-07-09 18:41:16,194 - root - INFO - _step: 3, unknown2: 0,
2023-07-09 18:41:16,194 - root - INFO - BPP: 24, Transparency: False
2023-07-09 18:41:16,201 - root - INFO - Resource 11 offset: 320362, length: 4570...
2023-07-09 18:41:16,201 - root - DEBUG - Reading resource 11...
2023-07-09 18:41:16,201 - root - INFO - The image is bmc.
2023-07-09 18:41:16,201 - root - INFO - Reading image header(readHeader16C)...
2023-07-09 18:41:16,201 - root - INFO - Image header was read:
2023-07-09 18:41:16,201 - root - INFO - Width: 33, Height: 46, RowLength: 99
2023-07-09 18:41:16,201 - root - INFO - _step: 3, unknown2: 0,
2023-07-09 18:41:16,201 - root - INFO - BPP: 24, Transparency: False
2023-07-09 18:41:16,210 - root - INFO - Resource 12 offset: 324932, length: 76144...
2023-07-09 18:41:16,210 - root - DEBUG - Reading resource 12...
2023-07-09 18:41:16,210 - root - INFO - The image is bmc.
2023-07-09 18:41:16,217 - root - INFO - Reading image header(readHeader16C)...
2023-07-09 18:41:16,217 - root - INFO - Image header was read:
2023-07-09 18:41:16,217 - root - INFO - Width: 208, Height: 183, RowLength: 416
2023-07-09 18:41:16,217 - root - INFO - _step: 2, unknown2: 0,
2023-07-09 18:41:16,217 - root - INFO - BPP: 16, Transparency: False
2023-07-09 18:41:16,455 - root - INFO - Resource 13 offset: 401076, length: 76144...
2023-07-09 18:41:16,455 - root - DEBUG - Reading resource 13...
2023-07-09 18:41:16,455 - root - INFO - The image is bmc.
2023-07-09 18:41:16,455 - root - INFO - Reading image header(readHeader16C)...
2023-07-09 18:41:16,455 - root - INFO - Image header was read:
2023-07-09 18:41:16,455 - root - INFO - Width: 208, Height: 183, RowLength: 416
2023-07-09 18:41:16,455 - root - INFO - _step: 2, unknown2: 0,
2023-07-09 18:41:16,455 - root - INFO - BPP: 16, Transparency: False
2023-07-09 18:41:16,689 - root - INFO - Resource 14 offset: 477220, length: 76144...
2023-07-09 18:41:16,689 - root - DEBUG - Reading resource 14...
2023-07-09 18:41:16,689 - root - INFO - The image is bmc.
2023-07-09 18:41:16,689 - root - INFO - Reading image header(readHeader16C)...
2023-07-09 18:41:16,689 - root - INFO - Image header was read:
2023-07-09 18:41:16,689 - root - INFO - Width: 208, Height: 183, RowLength: 416
2023-07-09 18:41:16,689 - root - INFO - _step: 2, unknown2: 0,
2023-07-09 18:41:16,689 - root - INFO - BPP: 16, Transparency: False
2023-07-09 18:41:16,923 - root - INFO - Resource 15 offset: 553364, length: 76144...
2023-07-09 18:41:16,923 - root - DEBUG - Reading resource 15...
2023-07-09 18:41:16,923 - root - INFO - The image is bmc.
2023-07-09 18:41:16,923 - root - INFO - Reading image header(readHeader16C)...
2023-07-09 18:41:16,923 - root - INFO - Image header was read:
2023-07-09 18:41:16,923 - root - INFO - Width: 208, Height: 183, RowLength: 416
2023-07-09 18:41:16,923 - root - INFO - _step: 2, unknown2: 0,
2023-07-09 18:41:16,923 - root - INFO - BPP: 16, Transparency: False
2023-07-09 18:41:17,159 - root - INFO - Resource 16 offset: 629508, length: 76144...
2023-07-09 18:41:17,159 - root - DEBUG - Reading resource 16...
2023-07-09 18:41:17,159 - root - INFO - The image is bmc.
2023-07-09 18:41:17,159 - root - INFO - Reading image header(readHeader16C)...
2023-07-09 18:41:17,159 - root - INFO - Image header was read:
2023-07-09 18:41:17,159 - root - INFO - Width: 208, Height: 183, RowLength: 416
2023-07-09 18:41:17,159 - root - INFO - _step: 2, unknown2: 0,
2023-07-09 18:41:17,159 - root - INFO - BPP: 16, Transparency: False
2023-07-09 18:41:17,394 - root - INFO - Resource 17 offset: 705652, length: 76144...
2023-07-09 18:41:17,394 - root - DEBUG - Reading resource 17...
2023-07-09 18:41:17,394 - root - INFO - The image is bmc.
2023-07-09 18:41:17,394 - root - INFO - Reading image header(readHeader16C)...
2023-07-09 18:41:17,394 - root - INFO - Image header was read:
2023-07-09 18:41:17,394 - root - INFO - Width: 208, Height: 183, RowLength: 416
2023-07-09 18:41:17,394 - root - INFO - _step: 2, unknown2: 0,
2023-07-09 18:41:17,394 - root - INFO - BPP: 16, Transparency: False
2023-07-09 18:41:17,630 - root - INFO - Resource 18 offset: 781796, length: 76144...
2023-07-09 18:41:17,630 - root - DEBUG - Reading resource 18...
2023-07-09 18:41:17,630 - root - INFO - The image is bmc.
2023-07-09 18:41:17,630 - root - INFO - Reading image header(readHeader16C)...
2023-07-09 18:41:17,630 - root - INFO - Image header was read:
2023-07-09 18:41:17,630 - root - INFO - Width: 208, Height: 183, RowLength: 416
2023-07-09 18:41:17,630 - root - INFO - _step: 2, unknown2: 0,
2023-07-09 18:41:17,630 - root - INFO - BPP: 16, Transparency: False
2023-07-09 18:41:17,870 - root - INFO - Resource 19 offset: 857940, length: 76144...
2023-07-09 18:41:17,870 - root - DEBUG - Reading resource 19...
2023-07-09 18:41:17,870 - root - INFO - The image is bmc.
2023-07-09 18:41:17,870 - root - INFO - Reading image header(readHeader16C)...
2023-07-09 18:41:17,870 - root - INFO - Image header was read:
2023-07-09 18:41:17,870 - root - INFO - Width: 208, Height: 183, RowLength: 416
2023-07-09 18:41:17,870 - root - INFO - _step: 2, unknown2: 0,
2023-07-09 18:41:17,870 - root - INFO - BPP: 16, Transparency: False
2023-07-09 18:41:18,104 - root - INFO - Resource 20 offset: 934084, length: 76144...
2023-07-09 18:41:18,104 - root - DEBUG - Reading resource 20...
2023-07-09 18:41:18,104 - root - INFO - The image is bmc.
2023-07-09 18:41:18,104 - root - INFO - Reading image header(readHeader16C)...
2023-07-09 18:41:18,104 - root - INFO - Image header was read:
2023-07-09 18:41:18,104 - root - INFO - Width: 208, Height: 183, RowLength: 416
2023-07-09 18:41:18,104 - root - INFO - _step: 2, unknown2: 0,
2023-07-09 18:41:18,104 - root - INFO - BPP: 16, Transparency: False
2023-07-09 18:41:18,339 - root - INFO - Resource 21 offset: 1010228, length: 76144...
2023-07-09 18:41:18,339 - root - DEBUG - Reading resource 21...
2023-07-09 18:41:18,339 - root - INFO - The image is bmc.
2023-07-09 18:41:18,339 - root - INFO - Reading image header(readHeader16C)...
2023-07-09 18:41:18,339 - root - INFO - Image header was read:
2023-07-09 18:41:18,339 - root - INFO - Width: 208, Height: 183, RowLength: 416
2023-07-09 18:41:18,339 - root - INFO - _step: 2, unknown2: 0,
2023-07-09 18:41:18,339 - root - INFO - BPP: 16, Transparency: False
2023-07-09 18:41:18,575 - root - INFO - Resource 22 offset: 1086372, length: 76144...
2023-07-09 18:41:18,575 - root - DEBUG - Reading resource 22...
2023-07-09 18:41:18,575 - root - INFO - The image is bmc.
2023-07-09 18:41:18,575 - root - INFO - Reading image header(readHeader16C)...
2023-07-09 18:41:18,576 - root - INFO - Image header was read:
2023-07-09 18:41:18,576 - root - INFO - Width: 208, Height: 183, RowLength: 416
2023-07-09 18:41:18,576 - root - INFO - _step: 2, unknown2: 0,
2023-07-09 18:41:18,576 - root - INFO - BPP: 16, Transparency: False
2023-07-09 18:41:18,809 - root - INFO - Resource 23 offset: 1162516, length: 76144...
2023-07-09 18:41:18,809 - root - DEBUG - Reading resource 23...
2023-07-09 18:41:18,809 - root - INFO - The image is bmc.
2023-07-09 18:41:18,809 - root - INFO - Reading image header(readHeader16C)...
2023-07-09 18:41:18,809 - root - INFO - Image header was read:
2023-07-09 18:41:18,809 - root - INFO - Width: 208, Height: 183, RowLength: 416
2023-07-09 18:41:18,809 - root - INFO - _step: 2, unknown2: 0,
2023-07-09 18:41:18,809 - root - INFO - BPP: 16, Transparency: False
2023-07-09 18:41:19,039 - root - INFO - Resource 24 offset: 1238660, length: 304...
2023-07-09 18:41:19,039 - root - DEBUG - Reading resource 24...
2023-07-09 18:41:19,044 - root - INFO - The image is bmc.
2023-07-09 18:41:19,044 - root - INFO - Reading image header(readHeader16C)...
2023-07-09 18:41:19,044 - root - INFO - Image header was read:
2023-07-09 18:41:19,044 - root - INFO - Width: 8, Height: 12, RowLength: 24
2023-07-09 18:41:19,044 - root - INFO - _step: 3, unknown2: 0,
2023-07-09 18:41:19,044 - root - INFO - BPP: 24, Transparency: False
2023-07-09 18:41:19,044 - root - INFO - Resource 25 offset: 1238964, length: 304...
2023-07-09 18:41:19,044 - root - DEBUG - Reading resource 25...
2023-07-09 18:41:19,044 - root - INFO - The image is bmc.
2023-07-09 18:41:19,044 - root - INFO - Reading image header(readHeader16C)...
2023-07-09 18:41:19,044 - root - INFO - Image header was read:
2023-07-09 18:41:19,044 - root - INFO - Width: 8, Height: 12, RowLength: 24
2023-07-09 18:41:19,044 - root - INFO - _step: 3, unknown2: 0,
2023-07-09 18:41:19,044 - root - INFO - BPP: 24, Transparency: False
2023-07-09 18:41:19,044 - root - INFO - Resource 26 offset: 1239268, length: 304...
2023-07-09 18:41:19,044 - root - DEBUG - Reading resource 26...
2023-07-09 18:41:19,044 - root - INFO - The image is bmc.
2023-07-09 18:41:19,044 - root - INFO - Reading image header(readHeader16C)...
2023-07-09 18:41:19,044 - root - INFO - Image header was read:
2023-07-09 18:41:19,044 - root - INFO - Width: 8, Height: 12, RowLength: 24
2023-07-09 18:41:19,044 - root - INFO - _step: 3, unknown2: 0,
2023-07-09 18:41:19,044 - root - INFO - BPP: 24, Transparency: False
2023-07-09 18:41:19,044 - root - INFO - Resource 27 offset: 1239572, length: 304...
2023-07-09 18:41:19,044 - root - DEBUG - Reading resource 27...
2023-07-09 18:41:19,044 - root - INFO - The image is bmc.
2023-07-09 18:41:19,049 - root - INFO - Reading image header(readHeader16C)...
2023-07-09 18:41:19,049 - root - INFO - Image header was read:
2023-07-09 18:41:19,049 - root - INFO - Width: 8, Height: 12, RowLength: 24
2023-07-09 18:41:19,049 - root - INFO - _step: 3, unknown2: 0,
2023-07-09 18:41:19,049 - root - INFO - BPP: 24, Transparency: False
2023-07-09 18:41:19,049 - root - INFO - Resource 28 offset: 1239876, length: 304...
2023-07-09 18:41:19,049 - root - DEBUG - Reading resource 28...
2023-07-09 18:41:19,049 - root - INFO - The image is bmc.
2023-07-09 18:41:19,049 - root - INFO - Reading image header(readHeader16C)...
2023-07-09 18:41:19,049 - root - INFO - Image header was read:
2023-07-09 18:41:19,049 - root - INFO - Width: 8, Height: 12, RowLength: 24
2023-07-09 18:41:19,049 - root - INFO - _step: 3, unknown2: 0,
2023-07-09 18:41:19,049 - root - INFO - BPP: 24, Transparency: False
2023-07-09 18:41:19,049 - root - INFO - Resource 29 offset: 1240180, length: 304...
2023-07-09 18:41:19,049 - root - DEBUG - Reading resource 29...
2023-07-09 18:41:19,049 - root - INFO - The image is bmc.
2023-07-09 18:41:19,049 - root - INFO - Reading image header(readHeader16C)...
2023-07-09 18:41:19,049 - root - INFO - Image header was read:
2023-07-09 18:41:19,049 - root - INFO - Width: 8, Height: 12, RowLength: 24
2023-07-09 18:41:19,049 - root - INFO - _step: 3, unknown2: 0,
2023-07-09 18:41:19,049 - root - INFO - BPP: 24, Transparency: False
2023-07-09 18:41:19,049 - root - INFO - Resource 30 offset: 1240484, length: 304...
2023-07-09 18:41:19,049 - root - DEBUG - Reading resource 30...
2023-07-09 18:41:19,054 - root - INFO - The image is bmc.
2023-07-09 18:41:19,054 - root - INFO - Reading image header(readHeader16C)...
2023-07-09 18:41:19,054 - root - INFO - Image header was read:
2023-07-09 18:41:19,054 - root - INFO - Width: 8, Height: 12, RowLength: 24
2023-07-09 18:41:19,054 - root - INFO - _step: 3, unknown2: 0,
2023-07-09 18:41:19,054 - root - INFO - BPP: 24, Transparency: False
2023-07-09 18:41:19,054 - root - INFO - Resource 31 offset: 1240788, length: 304...
2023-07-09 18:41:19,054 - root - DEBUG - Reading resource 31...
2023-07-09 18:41:19,054 - root - INFO - The image is bmc.
2023-07-09 18:41:19,054 - root - INFO - Reading image header(readHeader16C)...
2023-07-09 18:41:19,054 - root - INFO - Image header was read:
2023-07-09 18:41:19,054 - root - INFO - Width: 8, Height: 12, RowLength: 24
2023-07-09 18:41:19,054 - root - INFO - _step: 3, unknown2: 0,
2023-07-09 18:41:19,054 - root - INFO - BPP: 24, Transparency: False
2023-07-09 18:41:19,054 - root - INFO - Resource 32 offset: 1241092, length: 304...
2023-07-09 18:41:19,054 - root - DEBUG - Reading resource 32...
2023-07-09 18:41:19,054 - root - INFO - The image is bmc.
2023-07-09 18:41:19,054 - root - INFO - Reading image header(readHeader16C)...
2023-07-09 18:41:19,054 - root - INFO - Image header was read:
2023-07-09 18:41:19,054 - root - INFO - Width: 8, Height: 12, RowLength: 24
2023-07-09 18:41:19,054 - root - INFO - _step: 3, unknown2: 0,
2023-07-09 18:41:19,054 - root - INFO - BPP: 24, Transparency: False
2023-07-09 18:41:19,059 - root - INFO - Resource 33 offset: 1241396, length: 304...
2023-07-09 18:41:19,059 - root - DEBUG - Reading resource 33...
2023-07-09 18:41:19,059 - root - INFO - The image is bmc.
2023-07-09 18:41:19,059 - root - INFO - Reading image header(readHeader16C)...
2023-07-09 18:41:19,059 - root - INFO - Image header was read:
2023-07-09 18:41:19,059 - root - INFO - Width: 8, Height: 12, RowLength: 24
2023-07-09 18:41:19,059 - root - INFO - _step: 3, unknown2: 0,
2023-07-09 18:41:19,059 - root - INFO - BPP: 24, Transparency: False
2023-07-09 18:41:19,059 - root - INFO - Resource 34 offset: 1241700, length: 376...
2023-07-09 18:41:19,059 - root - DEBUG - Reading resource 34...
2023-07-09 18:41:19,059 - root - INFO - The image is bmc.
2023-07-09 18:41:19,059 - root - INFO - Reading image header(readHeader16C)...
2023-07-09 18:41:19,059 - root - INFO - Image header was read:
2023-07-09 18:41:19,059 - root - INFO - Width: 10, Height: 12, RowLength: 30
2023-07-09 18:41:19,059 - root - INFO - _step: 3, unknown2: 0,
2023-07-09 18:41:19,059 - root - INFO - BPP: 24, Transparency: False
2023-07-09 18:41:19,059 - root - INFO - Resource 35 offset: 1242076, length: 394...
2023-07-09 18:41:19,059 - root - DEBUG - Reading resource 35...
2023-07-09 18:41:19,059 - root - INFO - The image is bme.
2023-07-09 18:41:19,059 - root - INFO - Reading image header(readHeader16E)...
2023-07-09 18:41:19,059 - root - INFO - Image header was read:
2023-07-09 18:41:19,059 - root - INFO - Width: 56, Height: 7, RowLength: 112
2023-07-09 18:41:19,059 - root - INFO - datalength: 378, _step: 2
2023-07-09 18:41:19,059 - root - INFO - BPP: 16, Transparency: False
2023-07-09 18:41:19,059 - root - INFO - Resource 36 offset: 1242470, length: 418...
2023-07-09 18:41:19,059 - root - DEBUG - Reading resource 36...
2023-07-09 18:41:19,059 - root - INFO - The image is bme.
2023-07-09 18:41:19,059 - root - INFO - Reading image header(readHeader16E)...
2023-07-09 18:41:19,059 - root - INFO - Image header was read:
2023-07-09 18:41:19,059 - root - INFO - Width: 56, Height: 7, RowLength: 112
2023-07-09 18:41:19,059 - root - INFO - datalength: 402, _step: 2
2023-07-09 18:41:19,059 - root - INFO - BPP: 16, Transparency: False
2023-07-09 18:41:19,059 - root - INFO - Resource 37 offset: 1242888, length: 442...
2023-07-09 18:41:19,059 - root - DEBUG - Reading resource 37...
2023-07-09 18:41:19,059 - root - INFO - The image is bme.
2023-07-09 18:41:19,059 - root - INFO - Reading image header(readHeader16E)...
2023-07-09 18:41:19,059 - root - INFO - Image header was read:
2023-07-09 18:41:19,059 - root - INFO - Width: 56, Height: 7, RowLength: 112
2023-07-09 18:41:19,059 - root - INFO - datalength: 426, _step: 2
2023-07-09 18:41:19,059 - root - INFO - BPP: 16, Transparency: False
2023-07-09 18:41:19,059 - root - INFO - Resource 38 offset: 1243330, length: 466...
2023-07-09 18:41:19,059 - root - DEBUG - Reading resource 38...
2023-07-09 18:41:19,059 - root - INFO - The image is bme.
2023-07-09 18:41:19,059 - root - INFO - Reading image header(readHeader16E)...
2023-07-09 18:41:19,059 - root - INFO - Image header was read:
2023-07-09 18:41:19,070 - root - INFO - Width: 56, Height: 7, RowLength: 112
2023-07-09 18:41:19,070 - root - INFO - datalength: 450, _step: 2
2023-07-09 18:41:19,070 - root - INFO - BPP: 16, Transparency: False
2023-07-09 18:41:19,071 - root - INFO - Resource 39 offset: 1243796, length: 486...
2023-07-09 18:41:19,072 - root - DEBUG - Reading resource 39...
2023-07-09 18:41:19,072 - root - INFO - The image is bme.
2023-07-09 18:41:19,072 - root - INFO - Reading image header(readHeader16E)...
2023-07-09 18:41:19,072 - root - INFO - Image header was read:
2023-07-09 18:41:19,072 - root - INFO - Width: 56, Height: 7, RowLength: 112
2023-07-09 18:41:19,073 - root - INFO - datalength: 470, _step: 2
2023-07-09 18:41:19,073 - root - INFO - BPP: 16, Transparency: False
2023-07-09 18:41:19,074 - root - INFO - Resource 40 offset: 1244282, length: 506...
2023-07-09 18:41:19,074 - root - DEBUG - Reading resource 40...
2023-07-09 18:41:19,074 - root - INFO - The image is bme.
2023-07-09 18:41:19,075 - root - INFO - Reading image header(readHeader16E)...
2023-07-09 18:41:19,075 - root - INFO - Image header was read:
2023-07-09 18:41:19,075 - root - INFO - Width: 56, Height: 7, RowLength: 112
2023-07-09 18:41:19,075 - root - INFO - datalength: 490, _step: 2
2023-07-09 18:41:19,075 - root - INFO - BPP: 16, Transparency: False
2023-07-09 18:41:19,077 - root - INFO - Resource 41 offset: 1244788, length: 526...
2023-07-09 18:41:19,077 - root - DEBUG - Reading resource 41...
2023-07-09 18:41:19,077 - root - INFO - The image is bme.
2023-07-09 18:41:19,077 - root - INFO - Reading image header(readHeader16E)...
2023-07-09 18:41:19,077 - root - INFO - Image header was read:
2023-07-09 18:41:19,077 - root - INFO - Width: 56, Height: 7, RowLength: 112
2023-07-09 18:41:19,078 - root - INFO - datalength: 510, _step: 2
2023-07-09 18:41:19,078 - root - INFO - BPP: 16, Transparency: False
2023-07-09 18:41:19,080 - root - INFO - Resource 42 offset: 1245314, length: 546...
2023-07-09 18:41:19,080 - root - DEBUG - Reading resource 42...
2023-07-09 18:41:19,080 - root - INFO - The image is bme.
2023-07-09 18:41:19,080 - root - INFO - Reading image header(readHeader16E)...
2023-07-09 18:41:19,080 - root - INFO - Image header was read:
2023-07-09 18:41:19,080 - root - INFO - Width: 56, Height: 7, RowLength: 112
2023-07-09 18:41:19,081 - root - INFO - datalength: 530, _step: 2
2023-07-09 18:41:19,081 - root - INFO - BPP: 16, Transparency: False
2023-07-09 18:41:19,083 - root - INFO - Resource 43 offset: 1245860, length: 566...
2023-07-09 18:41:19,083 - root - DEBUG - Reading resource 43...
2023-07-09 18:41:19,083 - root - INFO - The image is bme.
2023-07-09 18:41:19,083 - root - INFO - Reading image header(readHeader16E)...
2023-07-09 18:41:19,083 - root - INFO - Image header was read:
2023-07-09 18:41:19,083 - root - INFO - Width: 56, Height: 7, RowLength: 112
2023-07-09 18:41:19,083 - root - INFO - datalength: 550, _step: 2
2023-07-09 18:41:19,084 - root - INFO - BPP: 16, Transparency: False
2023-07-09 18:41:19,086 - root - INFO - Resource 44 offset: 1246426, length: 586...
2023-07-09 18:41:19,086 - root - DEBUG - Reading resource 44...
2023-07-09 18:41:19,086 - root - INFO - The image is bme.
2023-07-09 18:41:19,086 - root - INFO - Reading image header(readHeader16E)...
2023-07-09 18:41:19,086 - root - INFO - Image header was read:
2023-07-09 18:41:19,086 - root - INFO - Width: 56, Height: 7, RowLength: 112
2023-07-09 18:41:19,086 - root - INFO - datalength: 570, _step: 2
2023-07-09 18:41:19,087 - root - INFO - BPP: 16, Transparency: False
2023-07-09 18:41:19,088 - root - DEBUG - Parsing parameters...
2023-07-09 18:41:19,200 - root - DEBUG - 0 Value: None
2023-07-09 18:41:19,200 - root - DEBUG - 0.1 Value: 71
2023-07-09 18:41:19,200 - root - DEBUG - 2 Value: None
2023-07-09 18:41:19,200 - root - DEBUG - 2.1 Value: None
2023-07-09 18:41:19,200 - root - DEBUG - 2.1.1 Value: 0
2023-07-09 18:41:19,200 - root - DEBUG - 2.1.2 Value: 0
2023-07-09 18:41:19,200 - root - DEBUG - 2.1.3 Value: 1
2023-07-09 18:41:19,200 - root - DEBUG - 2.3 Value: None
2023-07-09 18:41:19,200 - root - DEBUG - 2.3.1 Value: 0
2023-07-09 18:41:19,200 - root - DEBUG - 2.3.2 Value: 0
2023-07-09 18:41:19,200 - root - DEBUG - 2.3.3 Value: 0
2023-07-09 18:41:19,200 - root - DEBUG - 2.4 Value: None
2023-07-09 18:41:19,200 - root - DEBUG - 2.4.1 Value: 0
2023-07-09 18:41:19,200 - root - DEBUG - 2.4.2 Value: 0
2023-07-09 18:41:19,200 - root - DEBUG - 2.4.3 Value: 0
2023-07-09 18:41:19,200 - root - DEBUG - 2.5 Value: None
2023-07-09 18:41:19,200 - root - DEBUG - 2.5.1 Value: 0
2023-07-09 18:41:19,200 - root - DEBUG - 2.5.2 Value: 0
2023-07-09 18:41:19,200 - root - DEBUG - 2.5.3 Value: 0
2023-07-09 18:41:19,200 - root - DEBUG - 3 Value: None
2023-07-09 18:41:19,200 - root - DEBUG - 3.1 Value: None
2023-07-09 18:41:19,203 - root - DEBUG - 3.1.1 Value: None
2023-07-09 18:41:19,203 - root - DEBUG - 3.1.1.1 Value: None
2023-07-09 18:41:19,203 - root - DEBUG - 3.1.1.1.1 Value: 73
2023-07-09 18:41:19,203 - root - DEBUG - 3.1.1.1.2 Value: 40
2023-07-09 18:41:19,203 - root - DEBUG - 3.1.1.1.3 Value: 2
2023-07-09 18:41:19,203 - root - DEBUG - 3.1.1.1.4 Value: 10
2023-07-09 18:41:19,203 - root - DEBUG - 3.1.1.2 Value: None
2023-07-09 18:41:19,203 - root - DEBUG - 3.1.1.2.1 Value: 106
2023-07-09 18:41:19,203 - root - DEBUG - 3.1.1.2.2 Value: 40
2023-07-09 18:41:19,203 - root - DEBUG - 3.1.1.2.3 Value: 2
2023-07-09 18:41:19,203 - root - DEBUG - 3.1.1.2.4 Value: 10
2023-07-09 18:41:19,203 - root - DEBUG - 3.1.2 Value: None
2023-07-09 18:41:19,203 - root - DEBUG - 3.1.2.1 Value: None
2023-07-09 18:41:19,203 - root - DEBUG - 3.1.2.1.1 Value: 162
2023-07-09 18:41:19,203 - root - DEBUG - 3.1.2.1.2 Value: 40
2023-07-09 18:41:19,203 - root - DEBUG - 3.1.2.1.3 Value: 2
2023-07-09 18:41:19,203 - root - DEBUG - 3.1.2.1.4 Value: 10
2023-07-09 18:41:19,203 - root - DEBUG - 3.1.2.2 Value: None
2023-07-09 18:41:19,203 - root - DEBUG - 3.1.2.2.1 Value: 195
2023-07-09 18:41:19,203 - root - DEBUG - 3.1.2.2.2 Value: 40
2023-07-09 18:41:19,203 - root - DEBUG - 3.1.2.2.3 Value: 2
2023-07-09 18:41:19,203 - root - DEBUG - 3.1.2.2.4 Value: 10
2023-07-09 18:41:19,203 - root - DEBUG - 3.1.7 Value: 0
2023-07-09 18:41:19,203 - root - DEBUG - 3.1.8 Value: 1
2023-07-09 18:41:19,203 - root - DEBUG - 5 Value: None
2023-07-09 18:41:19,203 - root - DEBUG - 5.1 Value: None
2023-07-09 18:41:19,203 - root - DEBUG - 5.1.4 Value: 1
2023-07-09 18:41:19,203 - root - DEBUG - 5.1.5 Value: 1
2023-07-09 18:41:19,203 - root - DEBUG - 5.1.6 Value: 0
2023-07-09 18:41:19,203 - root - DEBUG - 9 Value: None
2023-07-09 18:41:19,203 - root - DEBUG - 9.1 Value: None
2023-07-09 18:41:19,203 - root - DEBUG - 9.1.1 Value: None
2023-07-09 18:41:19,203 - root - DEBUG - 9.1.1.1 Value: 168
2023-07-09 18:41:19,203 - root - DEBUG - 9.1.1.2 Value: 86
2023-07-09 18:41:19,203 - root - DEBUG - 9.1.1.3 Value: 202
2023-07-09 18:41:19,203 - root - DEBUG - 9.1.1.4 Value: 98
2023-07-09 18:41:19,203 - root - DEBUG - 9.1.1.5 Value: 18
2023-07-09 18:41:19,203 - root - DEBUG - 9.1.1.6 Value: 0
2023-07-09 18:41:19,203 - root - DEBUG - 9.1.1.7 Value: 0
2023-07-09 18:41:19,203 - root - DEBUG - 9.1.1.8 Value: 24
2023-07-09 18:41:19,203 - root - DEBUG - 9.1.1.9 Value: 10
2023-07-09 18:41:19,203 - root - DEBUG - 9.1.4 Value: 34
2023-07-09 18:41:19,203 - root - DEBUG - 9.2 Value: None
2023-07-09 18:41:19,203 - root - DEBUG - 9.2.1 Value: 111
2023-07-09 18:41:19,203 - root - DEBUG - 9.2.2 Value: 88
2023-07-09 18:41:19,203 - root - DEBUG - 9.2.3 Value: 35
2023-07-09 18:41:19,209 - root - DEBUG - 9.2.4 Value: 10
2023-07-09 18:41:19,209 - root - DEBUG - 11 Value: None
2023-07-09 18:41:19,209 - root - DEBUG - 11.1 Value: None
2023-07-09 18:41:19,209 - root - DEBUG - 11.1.1 Value: None
2023-07-09 18:41:19,209 - root - DEBUG - 11.1.1.1 Value: 47
2023-07-09 18:41:19,209 - root - DEBUG - 11.1.1.2 Value: 102
2023-07-09 18:41:19,209 - root - DEBUG - 11.1.1.3 Value: 12
2023-07-09 18:41:19,209 - root - DEBUG - 11.1.1.4 Value: 12
2023-07-09 18:41:19,209 - root - DEBUG - 11.1.2 Value: 250
2023-07-09 18:41:19,209 - root - DEBUG - 11.1.3 Value: 255
2023-07-09 18:41:19,209 - root - DEBUG - 11.1.4 Value: 1
2023-07-09 18:41:19,209 - root - DEBUG - 0-Info
2023-07-09 18:41:19,209 - root - DEBUG - 0.1-DeviceId
2023-07-09 18:41:19,209 - root - DEBUG - 2-Background
2023-07-09 18:41:19,209 - root - DEBUG - 2.1-Image
2023-07-09 18:41:19,209 - root - DEBUG - 2.1.1-X
2023-07-09 18:41:19,209 - root - DEBUG - 2.1.2-Y
2023-07-09 18:41:19,209 - root - DEBUG - 2.1.3-ImageIndex
2023-07-09 18:41:19,209 - root - DEBUG - 2.3-Preview
2023-07-09 18:41:19,209 - root - DEBUG - 2.3.1-X
2023-07-09 18:41:19,209 - root - DEBUG - 2.3.2-Y
2023-07-09 18:41:19,209 - root - DEBUG - 2.3.3-ImageIndex
2023-07-09 18:41:19,209 - root - DEBUG - 2.4-PreviewTradChinese
2023-07-09 18:41:19,209 - root - DEBUG - 2.4.1-X
2023-07-09 18:41:19,209 - root - DEBUG - 2.4.2-Y
2023-07-09 18:41:19,209 - root - DEBUG - 2.4.3-ImageIndex
2023-07-09 18:41:19,209 - root - DEBUG - 2.5-PreviewChinese
2023-07-09 18:41:19,209 - root - DEBUG - 2.5.1-X
2023-07-09 18:41:19,209 - root - DEBUG - 2.5.2-Y
2023-07-09 18:41:19,209 - root - DEBUG - 2.5.3-ImageIndex
2023-07-09 18:41:19,209 - root - DEBUG - 3-TimeExtended
2023-07-09 18:41:19,209 - root - DEBUG - 3.1-TimeSeparateDigits
2023-07-09 18:41:19,209 - root - DEBUG - 3.1.1-Hours
2023-07-09 18:41:19,209 - root - DEBUG - 3.1.1.1-Tens
2023-07-09 18:41:19,209 - root - DEBUG - 3.1.1.1.1-X
2023-07-09 18:41:19,209 - root - DEBUG - 3.1.1.1.2-Y
2023-07-09 18:41:19,209 - root - DEBUG - 3.1.1.1.3-ImageIndex
2023-07-09 18:41:19,209 - root - DEBUG - 3.1.1.1.4-ImagesCount
2023-07-09 18:41:19,209 - root - DEBUG - 3.1.1.2-Ones
2023-07-09 18:41:19,209 - root - DEBUG - 3.1.1.2.1-X
2023-07-09 18:41:19,209 - root - DEBUG - 3.1.1.2.2-Y
2023-07-09 18:41:19,209 - root - DEBUG - 3.1.1.2.3-ImageIndex
2023-07-09 18:41:19,209 - root - DEBUG - 3.1.1.2.4-ImagesCount
2023-07-09 18:41:19,209 - root - DEBUG - 3.1.2-Minutes
2023-07-09 18:41:19,209 - root - DEBUG - 3.1.2.1-Tens
2023-07-09 18:41:19,209 - root - DEBUG - 3.1.2.1.1-X
2023-07-09 18:41:19,209 - root - DEBUG - 3.1.2.1.2-Y
2023-07-09 18:41:19,209 - root - DEBUG - 3.1.2.1.3-ImageIndex
2023-07-09 18:41:19,209 - root - DEBUG - 3.1.2.1.4-ImagesCount
2023-07-09 18:41:19,209 - root - DEBUG - 3.1.2.2-Ones
2023-07-09 18:41:19,209 - root - DEBUG - 3.1.2.2.1-X
2023-07-09 18:41:19,209 - root - DEBUG - 3.1.2.2.2-Y
2023-07-09 18:41:19,209 - root - DEBUG - 3.1.2.2.3-ImageIndex
2023-07-09 18:41:19,209 - root - DEBUG - 3.1.2.2.4-ImagesCount
2023-07-09 18:41:19,209 - root - DEBUG - 3.1.7-UnknowBoolean7
2023-07-09 18:41:19,209 - root - DEBUG - 3.1.8-PaddingZeroMinutes
2023-07-09 18:41:19,209 - root - DEBUG - 5-DateBlock
2023-07-09 18:41:19,209 - root - DEBUG - 5.1-Date
2023-07-09 18:41:19,209 - root - DEBUG - 5.1.4-PaddingZeroMonth
2023-07-09 18:41:19,209 - root - DEBUG - 5.1.5-PaddingZeroDay
2023-07-09 18:41:19,209 - root - DEBUG - 5.1.6-UnknownBoolean6
2023-07-09 18:41:19,219 - root - DEBUG - 9-Battery
2023-07-09 18:41:19,220 - root - DEBUG - 9.1-BatteryText
2023-07-09 18:41:19,220 - root - DEBUG - 9.1.1-ImageNumber
2023-07-09 18:41:19,220 - root - DEBUG - 9.1.1.1-TopLeftX
2023-07-09 18:41:19,220 - root - DEBUG - 9.1.1.2-TopLeftY
2023-07-09 18:41:19,220 - root - DEBUG - 9.1.1.3-BottomRightX
2023-07-09 18:41:19,220 - root - DEBUG - 9.1.1.4-BottomRightY
2023-07-09 18:41:19,220 - root - DEBUG - 9.1.1.5-Alignment
2023-07-09 18:41:19,220 - root - DEBUG - 9.1.1.6-Spacing
2023-07-09 18:41:19,220 - root - DEBUG - 9.1.1.7-VerticalOffset
2023-07-09 18:41:19,220 - root - DEBUG - 9.1.1.8-ImageIndex
2023-07-09 18:41:19,220 - root - DEBUG - 9.1.1.9-ImagesCount
2023-07-09 18:41:19,220 - root - DEBUG - 9.1.4-SuffixImageIndex
2023-07-09 18:41:19,220 - root - DEBUG - 9.2-ImageProgress
2023-07-09 18:41:19,220 - root - DEBUG - 9.2.1-X
2023-07-09 18:41:19,220 - root - DEBUG - 9.2.2-Y
2023-07-09 18:41:19,220 - root - DEBUG - 9.2.3-ImageIndex
2023-07-09 18:41:19,220 - root - DEBUG - 9.2.4-ImagesCount
2023-07-09 18:41:19,220 - root - DEBUG - 11-Animation
2023-07-09 18:41:19,220 - root - DEBUG - 11.1-ImageSetAnimation
2023-07-09 18:41:19,220 - root - DEBUG - 11.1.1-ImageProgress
2023-07-09 18:41:19,220 - root - DEBUG - 11.1.1.1-X
2023-07-09 18:41:19,220 - root - DEBUG - 11.1.1.2-Y
2023-07-09 18:41:19,220 - root - DEBUG - 11.1.1.3-ImageIndex
2023-07-09 18:41:19,220 - root - DEBUG - 11.1.1.4-ImagesCount
2023-07-09 18:41:19,220 - root - DEBUG - 11.1.2-FrameInterval
2023-07-09 18:41:19,220 - root - DEBUG - 11.1.3-PlayTimes
2023-07-09 18:41:19,220 - root - DEBUG - 11.1.4-Repeat
2023-07-09 18:41:19,225 - root - DEBUG - generatePreviews
2023-07-09 18:41:19,225 - root - DEBUG - Generating previews...
2023-07-09 18:41:19,225 - root - DEBUG - Generating states done...
2023-07-09 18:41:19,239 - root - DEBUG - >>>>>>>>>>>> 0 <watchFaceParser.models.parameter.Parameter object at 0x0000017D46DEC670>
2023-07-09 18:41:19,239 - root - DEBUG - >>>>>>>>>>>> 2 <watchFaceParser.models.parameter.Parameter object at 0x0000017D46DE92E0>
2023-07-09 18:41:19,239 - root - DEBUG - >>>>>>>>>>>> 3 <watchFaceParser.models.parameter.Parameter object at 0x0000017D46DE94C0>
2023-07-09 18:41:19,251 - root - DEBUG - >>>>>>>>>>>> 5 <watchFaceParser.models.parameter.Parameter object at 0x0000017D46DEB790>
2023-07-09 18:41:19,259 - root - DEBUG - >>>>>>>>>>>> 9 <watchFaceParser.models.parameter.Parameter object at 0x0000017D46DEBEE0>
2023-07-09 18:41:19,270 - root - DEBUG - >>>>>>>>>>>> 11 <watchFaceParser.models.parameter.Parameter object at 0x0000017D46DEB760>
2023-07-09 18:41:19,283 - root - DEBUG - Generating static preview gen done...
2023-07-09 18:41:19,441 - root - DEBUG - Generating static preview save done...
2023-07-09 18:41:19,441 - root - DEBUG - Generating anim preview gen done...
2023-07-09 18:41:19,449 - root - DEBUG - >>>>>>>>>>>> 0 <watchFaceParser.models.parameter.Parameter object at 0x0000017D46DEC670>
2023-07-09 18:41:19,449 - root - DEBUG - >>>>>>>>>>>> 2 <watchFaceParser.models.parameter.Parameter object at 0x0000017D46DE92E0>
2023-07-09 18:41:19,449 - root - DEBUG - >>>>>>>>>>>> 3 <watchFaceParser.models.parameter.Parameter object at 0x0000017D46DE94C0>
2023-07-09 18:41:19,449 - root - DEBUG - >>>>>>>>>>>> 5 <watchFaceParser.models.parameter.Parameter object at 0x0000017D46DEB790>
2023-07-09 18:41:19,449 - root - DEBUG - >>>>>>>>>>>> 9 <watchFaceParser.models.parameter.Parameter object at 0x0000017D46DEBEE0>
2023-07-09 18:41:19,449 - root - DEBUG - >>>>>>>>>>>> 11 <watchFaceParser.models.parameter.Parameter object at 0x0000017D46DEB760>
2023-07-09 18:41:19,608 - root - DEBUG - generatePreviews done
2023-07-09 18:41:19,608 - root - DEBUG - Exporting resources to 'E:\Codez\zepp-bipupro-wf\57a951d50db9c48060a6576f1de88a37'
2023-07-09 18:41:19,611 - root - DEBUG - extracting E:\Codez\zepp-bipupro-wf\57a951d50db9c48060a6576f1de88a37\0000.png...
2023-07-09 18:41:19,648 - root - DEBUG - extracting E:\Codez\zepp-bipupro-wf\57a951d50db9c48060a6576f1de88a37\0001.png...
2023-07-09 18:41:19,709 - root - DEBUG - extracting E:\Codez\zepp-bipupro-wf\57a951d50db9c48060a6576f1de88a37\0002.png...
2023-07-09 18:41:19,717 - root - DEBUG - extracting E:\Codez\zepp-bipupro-wf\57a951d50db9c48060a6576f1de88a37\0003.png...
2023-07-09 18:41:19,720 - root - DEBUG - extracting E:\Codez\zepp-bipupro-wf\57a951d50db9c48060a6576f1de88a37\0004.png...
2023-07-09 18:41:19,720 - root - DEBUG - extracting E:\Codez\zepp-bipupro-wf\57a951d50db9c48060a6576f1de88a37\0005.png...
2023-07-09 18:41:19,720 - root - DEBUG - extracting E:\Codez\zepp-bipupro-wf\57a951d50db9c48060a6576f1de88a37\0006.png...
2023-07-09 18:41:19,720 - root - DEBUG - extracting E:\Codez\zepp-bipupro-wf\57a951d50db9c48060a6576f1de88a37\0007.png...
2023-07-09 18:41:19,720 - root - DEBUG - extracting E:\Codez\zepp-bipupro-wf\57a951d50db9c48060a6576f1de88a37\0008.png...
2023-07-09 18:41:19,720 - root - DEBUG - extracting E:\Codez\zepp-bipupro-wf\57a951d50db9c48060a6576f1de88a37\0009.png...
2023-07-09 18:41:19,720 - root - DEBUG - extracting E:\Codez\zepp-bipupro-wf\57a951d50db9c48060a6576f1de88a37\0010.png...
2023-07-09 18:41:19,729 - root - DEBUG - extracting E:\Codez\zepp-bipupro-wf\57a951d50db9c48060a6576f1de88a37\0011.png...
2023-07-09 18:41:19,729 - root - DEBUG - extracting E:\Codez\zepp-bipupro-wf\57a951d50db9c48060a6576f1de88a37\0012.png...
2023-07-09 18:41:19,764 - root - DEBUG - extracting E:\Codez\zepp-bipupro-wf\57a951d50db9c48060a6576f1de88a37\0013.png...
2023-07-09 18:41:19,799 - root - DEBUG - extracting E:\Codez\zepp-bipupro-wf\57a951d50db9c48060a6576f1de88a37\0014.png...
2023-07-09 18:41:19,829 - root - DEBUG - extracting E:\Codez\zepp-bipupro-wf\57a951d50db9c48060a6576f1de88a37\0015.png...
2023-07-09 18:41:19,861 - root - DEBUG - extracting E:\Codez\zepp-bipupro-wf\57a951d50db9c48060a6576f1de88a37\0016.png...
2023-07-09 18:41:19,892 - root - DEBUG - extracting E:\Codez\zepp-bipupro-wf\57a951d50db9c48060a6576f1de88a37\0017.png...
2023-07-09 18:41:19,929 - root - DEBUG - extracting E:\Codez\zepp-bipupro-wf\57a951d50db9c48060a6576f1de88a37\0018.png...
2023-07-09 18:41:19,960 - root - DEBUG - extracting E:\Codez\zepp-bipupro-wf\57a951d50db9c48060a6576f1de88a37\0019.png...
2023-07-09 18:41:19,989 - root - DEBUG - extracting E:\Codez\zepp-bipupro-wf\57a951d50db9c48060a6576f1de88a37\0020.png...
2023-07-09 18:41:20,029 - root - DEBUG - extracting E:\Codez\zepp-bipupro-wf\57a951d50db9c48060a6576f1de88a37\0021.png...
2023-07-09 18:41:20,059 - root - DEBUG - extracting E:\Codez\zepp-bipupro-wf\57a951d50db9c48060a6576f1de88a37\0022.png...
2023-07-09 18:41:20,089 - root - DEBUG - extracting E:\Codez\zepp-bipupro-wf\57a951d50db9c48060a6576f1de88a37\0023.png...
2023-07-09 18:41:20,119 - root - DEBUG - extracting E:\Codez\zepp-bipupro-wf\57a951d50db9c48060a6576f1de88a37\0024.png...
2023-07-09 18:41:20,119 - root - DEBUG - extracting E:\Codez\zepp-bipupro-wf\57a951d50db9c48060a6576f1de88a37\0025.png...
2023-07-09 18:41:20,119 - root - DEBUG - extracting E:\Codez\zepp-bipupro-wf\57a951d50db9c48060a6576f1de88a37\0026.png...
2023-07-09 18:41:20,119 - root - DEBUG - extracting E:\Codez\zepp-bipupro-wf\57a951d50db9c48060a6576f1de88a37\0027.png...
2023-07-09 18:41:20,130 - root - DEBUG - extracting E:\Codez\zepp-bipupro-wf\57a951d50db9c48060a6576f1de88a37\0028.png...
2023-07-09 18:41:20,130 - root - DEBUG - extracting E:\Codez\zepp-bipupro-wf\57a951d50db9c48060a6576f1de88a37\0029.png...
2023-07-09 18:41:20,133 - root - DEBUG - extracting E:\Codez\zepp-bipupro-wf\57a951d50db9c48060a6576f1de88a37\0030.png...
2023-07-09 18:41:20,134 - root - DEBUG - extracting E:\Codez\zepp-bipupro-wf\57a951d50db9c48060a6576f1de88a37\0031.png...
2023-07-09 18:41:20,135 - root - DEBUG - extracting E:\Codez\zepp-bipupro-wf\57a951d50db9c48060a6576f1de88a37\0032.png...
2023-07-09 18:41:20,136 - root - DEBUG - extracting E:\Codez\zepp-bipupro-wf\57a951d50db9c48060a6576f1de88a37\0033.png...
2023-07-09 18:41:20,137 - root - DEBUG - extracting E:\Codez\zepp-bipupro-wf\57a951d50db9c48060a6576f1de88a37\0034.png...
2023-07-09 18:41:20,138 - root - DEBUG - extracting E:\Codez\zepp-bipupro-wf\57a951d50db9c48060a6576f1de88a37\0035.png...
2023-07-09 18:41:20,139 - root - DEBUG - extracting E:\Codez\zepp-bipupro-wf\57a951d50db9c48060a6576f1de88a37\0036.png...
2023-07-09 18:41:20,140 - root - DEBUG - extracting E:\Codez\zepp-bipupro-wf\57a951d50db9c48060a6576f1de88a37\0037.png...
2023-07-09 18:41:20,140 - root - DEBUG - extracting E:\Codez\zepp-bipupro-wf\57a951d50db9c48060a6576f1de88a37\0038.png...
2023-07-09 18:41:20,141 - root - DEBUG - extracting E:\Codez\zepp-bipupro-wf\57a951d50db9c48060a6576f1de88a37\0039.png...
2023-07-09 18:41:20,142 - root - DEBUG - extracting E:\Codez\zepp-bipupro-wf\57a951d50db9c48060a6576f1de88a37\0040.png...
2023-07-09 18:41:20,143 - root - DEBUG - extracting E:\Codez\zepp-bipupro-wf\57a951d50db9c48060a6576f1de88a37\0041.png...
2023-07-09 18:41:20,144 - root - DEBUG - extracting E:\Codez\zepp-bipupro-wf\57a951d50db9c48060a6576f1de88a37\0042.png...
2023-07-09 18:41:20,145 - root - DEBUG - extracting E:\Codez\zepp-bipupro-wf\57a951d50db9c48060a6576f1de88a37\0043.png...
2023-07-09 18:41:20,146 - root - DEBUG - extracting E:\Codez\zepp-bipupro-wf\57a951d50db9c48060a6576f1de88a37\0044.png...
2023-07-09 18:41:20,147 - root - DEBUG - Exporting config...
